INFO:root:{'addition': 'nothing',
 'backbone': 'resnet50',
 'batch_size': 16,
 'batch_size_consistency': 16,
 'conf_thres': 0.95,
 'config': 'configs/dataset2.yaml',
 'consistency_training': False,
 'crop_size': 320,
 'data_root': './',
 'dataset': 'dataset2',
 'epochs': 100,
 'labeled_id_path': 'dataset/splits/dataset2/1_4/split_random/labeled.txt',
 'lr': 0.0009,
 'model': 'deeplabv3plus',
 'ngpus': 1,
 'plus': False,
 'pseudo_consistency_mask_path': None,
 'pseudo_mask_path': 'outdir/pseudo_masks/dataset2/1_4/split_random/deeplabv3plus/resnet50/self_training/non_consistency_training/first_time',
 'rand_thres': 0.8,
 'reliable_id_path': None,
 'save_path': 'outdir/models/dataset2/1_4/split_random/deeplabv3plus/resnet50/self_training/non_consistency_training/first_time',
 'time': 1,
 'unlabeled_id_path': 'dataset/splits/dataset2/1_4/split_random/unlabeled.txt',
 'warm_up': 30}

INFO:root:Training supervised with consistency on unlabeled images
INFO:root:Epoch: 0, Iteration: 1, Loss: 1.0455230474472046
INFO:root:Epoch: 0, Iteration: 2, Loss: 0.9956785440444946
INFO:root:Validation set mIOU: 25.451709714310272
INFO:root:Epoch: 1, Iteration: 3, Loss: 0.935457706451416
INFO:root:Epoch: 1, Iteration: 4, Loss: 0.8185582756996155
INFO:root:Validation set mIOU: 25.451709714310272
INFO:root:Epoch: 2, Iteration: 5, Loss: 0.6683461666107178
INFO:root:Epoch: 2, Iteration: 6, Loss: 0.6495760679244995
INFO:root:Validation set mIOU: 25.451709714310272
INFO:root:Epoch: 3, Iteration: 7, Loss: 0.5357072949409485
INFO:root:Epoch: 3, Iteration: 8, Loss: 0.4584244191646576
INFO:root:Validation set mIOU: 45.246465385792696
INFO:root:Epoch: 4, Iteration: 9, Loss: 0.5307945609092712
INFO:root:Epoch: 4, Iteration: 10, Loss: 0.43250909447669983
INFO:root:Validation set mIOU: 51.11744319811328
INFO:root:Epoch: 5, Iteration: 11, Loss: 0.35311973094940186
INFO:root:Epoch: 5, Iteration: 12, Loss: 0.3642549514770508
INFO:root:Validation set mIOU: 54.45030211685308
INFO:root:Epoch: 6, Iteration: 13, Loss: 0.3468531370162964
INFO:root:Epoch: 6, Iteration: 14, Loss: 0.2754289209842682
INFO:root:Validation set mIOU: 65.0827888935288
INFO:root:Epoch: 7, Iteration: 15, Loss: 0.24439576268196106
INFO:root:Epoch: 7, Iteration: 16, Loss: 0.2747522294521332
INFO:root:Validation set mIOU: 64.7721946697688
INFO:root:Epoch: 8, Iteration: 17, Loss: 0.2542855143547058
INFO:root:Epoch: 8, Iteration: 18, Loss: 0.19085806608200073
INFO:root:Validation set mIOU: 68.97740972483462
INFO:root:Epoch: 9, Iteration: 19, Loss: 0.23722754418849945
INFO:root:Epoch: 9, Iteration: 20, Loss: 0.19487909972667694
INFO:root:Validation set mIOU: 74.52371744371447
INFO:root:Epoch: 10, Iteration: 21, Loss: 0.16647283732891083
INFO:root:Epoch: 10, Iteration: 22, Loss: 0.1553826779127121
INFO:root:Validation set mIOU: 75.49815421467379
INFO:root:Epoch: 11, Iteration: 23, Loss: 0.1523311734199524
INFO:root:Epoch: 11, Iteration: 24, Loss: 0.1600869596004486
INFO:root:Validation set mIOU: 76.30433126473832
INFO:root:Epoch: 12, Iteration: 25, Loss: 0.1492641717195511
INFO:root:Epoch: 12, Iteration: 26, Loss: 0.11346113681793213
INFO:root:Validation set mIOU: 76.40427605816483
INFO:root:Epoch: 13, Iteration: 27, Loss: 0.1291947066783905
INFO:root:Epoch: 13, Iteration: 28, Loss: 0.1254323422908783
INFO:root:Validation set mIOU: 75.41260810550007
INFO:root:Epoch: 14, Iteration: 29, Loss: 0.12645122408866882
INFO:root:Epoch: 14, Iteration: 30, Loss: 0.11158189177513123
INFO:root:Validation set mIOU: 74.451423999969
INFO:root:Epoch: 15, Iteration: 31, Loss: 0.11928210407495499
INFO:root:Epoch: 15, Iteration: 32, Loss: 0.09930858016014099
INFO:root:Validation set mIOU: 73.96703086981223
INFO:root:Epoch: 16, Iteration: 33, Loss: 0.09410103410482407
INFO:root:Epoch: 16, Iteration: 34, Loss: 0.1712750792503357
INFO:root:Validation set mIOU: 73.09740692614466
INFO:root:Epoch: 17, Iteration: 35, Loss: 0.10750044137239456
INFO:root:Epoch: 17, Iteration: 36, Loss: 0.10119123011827469
INFO:root:Validation set mIOU: 71.48921821432222
INFO:root:Epoch: 18, Iteration: 37, Loss: 0.12873974442481995
INFO:root:Epoch: 18, Iteration: 38, Loss: 0.09260240942239761
INFO:root:Validation set mIOU: 73.04243313073974
INFO:root:Epoch: 19, Iteration: 39, Loss: 0.16794778406620026
INFO:root:Epoch: 19, Iteration: 40, Loss: 0.07396786659955978
INFO:root:Validation set mIOU: 77.47719652816654
INFO:root:Epoch: 20, Iteration: 41, Loss: 0.11162364482879639
INFO:root:Epoch: 20, Iteration: 42, Loss: 0.09806373715400696
INFO:root:Validation set mIOU: 81.03895262566722
INFO:root:Epoch: 21, Iteration: 43, Loss: 0.12031831592321396
INFO:root:Epoch: 21, Iteration: 44, Loss: 0.11234492063522339
INFO:root:Validation set mIOU: 83.16553856553139
INFO:root:Epoch: 22, Iteration: 45, Loss: 0.09346885234117508
INFO:root:Epoch: 22, Iteration: 46, Loss: 0.15682704746723175
INFO:root:Validation set mIOU: 84.0478725895322
INFO:root:Epoch: 23, Iteration: 47, Loss: 0.10647059977054596
INFO:root:Epoch: 23, Iteration: 48, Loss: 0.10552819818258286
INFO:root:Validation set mIOU: 84.29779889469211
INFO:root:Epoch: 24, Iteration: 49, Loss: 0.07544147968292236
INFO:root:Epoch: 24, Iteration: 50, Loss: 0.10671385377645493
INFO:root:Validation set mIOU: 84.65429217903785
INFO:root:Epoch: 25, Iteration: 51, Loss: 0.12664015591144562
INFO:root:Epoch: 25, Iteration: 52, Loss: 0.13226614892482758
INFO:root:Validation set mIOU: 84.65643625654877
INFO:root:Epoch: 26, Iteration: 53, Loss: 0.08924819529056549
INFO:root:Epoch: 26, Iteration: 54, Loss: 0.10156633704900742
INFO:root:Validation set mIOU: 83.852563913679
INFO:root:Epoch: 27, Iteration: 55, Loss: 0.08764170110225677
INFO:root:Epoch: 27, Iteration: 56, Loss: 0.10820011049509048
INFO:root:Validation set mIOU: 82.65898785952848
INFO:root:Epoch: 28, Iteration: 57, Loss: 0.0931176096200943
INFO:root:Epoch: 28, Iteration: 58, Loss: 0.062007587403059006
INFO:root:Validation set mIOU: 82.3526233590819
INFO:root:Epoch: 29, Iteration: 59, Loss: 0.07968585938215256
INFO:root:Epoch: 29, Iteration: 60, Loss: 0.0713389590382576
INFO:root:Validation set mIOU: 82.77521194640559
INFO:root:Epoch: 30, Iteration: 61, Loss: 0.07379721850156784
INFO:root:Epoch: 30, Iteration: 62, Loss: 0.08951378613710403
INFO:root:Validation set mIOU: 83.17972181748773
INFO:root:Epoch: 31, Iteration: 63, Loss: 0.1367461085319519
INFO:root:Epoch: 31, Iteration: 64, Loss: 0.060699764639139175
INFO:root:Validation set mIOU: 83.90216841205132
INFO:root:Epoch: 32, Iteration: 65, Loss: 0.08197065442800522
INFO:root:Epoch: 32, Iteration: 66, Loss: 0.07453734427690506
INFO:root:Validation set mIOU: 84.06716691295625
INFO:root:Epoch: 33, Iteration: 67, Loss: 0.12864290177822113
INFO:root:Epoch: 33, Iteration: 68, Loss: 0.10324279963970184
INFO:root:Validation set mIOU: 84.09120025387597
INFO:root:Epoch: 34, Iteration: 69, Loss: 0.06376203149557114
INFO:root:Epoch: 34, Iteration: 70, Loss: 0.07099241763353348
INFO:root:Validation set mIOU: 84.23920965795463
INFO:root:Epoch: 35, Iteration: 71, Loss: 0.06256414949893951
INFO:root:Epoch: 35, Iteration: 72, Loss: 0.09294775128364563
INFO:root:Validation set mIOU: 84.3917737319892
INFO:root:Epoch: 36, Iteration: 73, Loss: 0.08910544216632843
INFO:root:Epoch: 36, Iteration: 74, Loss: 0.06805723160505295
INFO:root:Validation set mIOU: 84.6461901910242
INFO:root:Epoch: 37, Iteration: 75, Loss: 0.11746162176132202
INFO:root:Epoch: 37, Iteration: 76, Loss: 0.081181101500988
INFO:root:Validation set mIOU: 84.94503523477897
INFO:root:Epoch: 38, Iteration: 77, Loss: 0.08333473652601242
INFO:root:Epoch: 38, Iteration: 78, Loss: 0.09054406732320786
INFO:root:Validation set mIOU: 85.09333142650887
INFO:root:Epoch: 39, Iteration: 79, Loss: 0.07379589229822159
INFO:root:Epoch: 39, Iteration: 80, Loss: 0.08296144008636475
INFO:root:Validation set mIOU: 84.84088141050438
INFO:root:Epoch: 40, Iteration: 81, Loss: 0.06692732125520706
INFO:root:Epoch: 40, Iteration: 82, Loss: 0.07175546884536743
INFO:root:Validation set mIOU: 84.65304203024678
INFO:root:Epoch: 41, Iteration: 83, Loss: 0.09748093783855438
INFO:root:Epoch: 41, Iteration: 84, Loss: 0.0535709410905838
INFO:root:Validation set mIOU: 84.26505135504564
INFO:root:Epoch: 42, Iteration: 85, Loss: 0.08151302486658096
INFO:root:Epoch: 42, Iteration: 86, Loss: 0.04752328619360924
INFO:root:Validation set mIOU: 83.76523309807537
INFO:root:Epoch: 43, Iteration: 87, Loss: 0.06135638803243637
INFO:root:Epoch: 43, Iteration: 88, Loss: 0.06330184638500214
INFO:root:Validation set mIOU: 83.34217373982827
INFO:root:Epoch: 44, Iteration: 89, Loss: 0.05496032536029816
INFO:root:Epoch: 44, Iteration: 90, Loss: 0.0844445750117302
INFO:root:Validation set mIOU: 83.23433554822091
INFO:root:Epoch: 45, Iteration: 91, Loss: 0.05530412122607231
INFO:root:Epoch: 45, Iteration: 92, Loss: 0.0795915350317955
INFO:root:Validation set mIOU: 83.4341975413646
INFO:root:Epoch: 46, Iteration: 93, Loss: 0.06845775246620178
INFO:root:Epoch: 46, Iteration: 94, Loss: 0.09962645918130875
INFO:root:Validation set mIOU: 83.91540209970988
INFO:root:Epoch: 47, Iteration: 95, Loss: 0.07474374771118164
INFO:root:Epoch: 47, Iteration: 96, Loss: 0.062018152326345444
INFO:root:Validation set mIOU: 84.71998682697114
INFO:root:Epoch: 48, Iteration: 97, Loss: 0.0768238976597786
INFO:root:Epoch: 48, Iteration: 98, Loss: 0.07071806490421295
INFO:root:Validation set mIOU: 85.03540378543958
INFO:root:Epoch: 49, Iteration: 99, Loss: 0.062165260314941406
INFO:root:Epoch: 49, Iteration: 100, Loss: 0.0735151469707489
INFO:root:Validation set mIOU: 85.12428038619639
INFO:root:Epoch: 50, Iteration: 101, Loss: 0.06495027989149094
INFO:root:Epoch: 50, Iteration: 102, Loss: 0.07044976949691772
INFO:root:Validation set mIOU: 85.33671650340996
INFO:root:Epoch: 51, Iteration: 103, Loss: 0.06021314114332199
INFO:root:Epoch: 51, Iteration: 104, Loss: 0.05372871458530426
INFO:root:Validation set mIOU: 85.4088939392458
INFO:root:Epoch: 52, Iteration: 105, Loss: 0.07049190253019333
INFO:root:Epoch: 52, Iteration: 106, Loss: 0.07909296452999115
INFO:root:Validation set mIOU: 85.4508338565529
INFO:root:Epoch: 53, Iteration: 107, Loss: 0.0648663341999054
INFO:root:Epoch: 53, Iteration: 108, Loss: 0.06891980022192001
INFO:root:Validation set mIOU: 85.58533588244393
INFO:root:Epoch: 54, Iteration: 109, Loss: 0.059822265058755875
INFO:root:Epoch: 54, Iteration: 110, Loss: 0.06223637983202934
INFO:root:Validation set mIOU: 85.70161879419467
INFO:root:Epoch: 55, Iteration: 111, Loss: 0.07112940400838852
INFO:root:Epoch: 55, Iteration: 112, Loss: 0.053919900208711624
INFO:root:Validation set mIOU: 85.7557929608855
INFO:root:Epoch: 56, Iteration: 113, Loss: 0.050297923386096954
INFO:root:Epoch: 56, Iteration: 114, Loss: 0.07874694466590881
INFO:root:Validation set mIOU: 85.6796912232718
INFO:root:Epoch: 57, Iteration: 115, Loss: 0.06452319771051407
INFO:root:Epoch: 57, Iteration: 116, Loss: 0.05620567873120308
INFO:root:Validation set mIOU: 85.63409919131688
INFO:root:Epoch: 58, Iteration: 117, Loss: 0.06161007657647133
INFO:root:Epoch: 58, Iteration: 118, Loss: 0.058654818683862686
INFO:root:Validation set mIOU: 85.50051706196405
INFO:root:Epoch: 59, Iteration: 119, Loss: 0.050517190247774124
INFO:root:Epoch: 59, Iteration: 120, Loss: 0.06708922237157822
INFO:root:Validation set mIOU: 85.52078876027615
INFO:root:Epoch: 60, Iteration: 121, Loss: 0.06288304179906845
INFO:root:Epoch: 60, Iteration: 122, Loss: 0.05573488399386406
INFO:root:Validation set mIOU: 85.44359367946038
INFO:root:Epoch: 61, Iteration: 123, Loss: 0.06032007187604904
INFO:root:Epoch: 61, Iteration: 124, Loss: 0.0633731484413147
INFO:root:Validation set mIOU: 85.74138733676313
INFO:root:Epoch: 62, Iteration: 125, Loss: 0.06685657799243927
INFO:root:Epoch: 62, Iteration: 126, Loss: 0.05533815175294876
INFO:root:Validation set mIOU: 85.71779178194453
INFO:root:Epoch: 63, Iteration: 127, Loss: 0.06040255352854729
INFO:root:Epoch: 63, Iteration: 128, Loss: 0.058288224041461945
INFO:root:Validation set mIOU: 85.7124798376734
INFO:root:Epoch: 64, Iteration: 129, Loss: 0.05708713456988335
INFO:root:Epoch: 64, Iteration: 130, Loss: 0.06425651162862778
INFO:root:Validation set mIOU: 85.79094091813919
INFO:root:Epoch: 65, Iteration: 131, Loss: 0.051496777683496475
INFO:root:Epoch: 65, Iteration: 132, Loss: 0.06969719380140305
INFO:root:Validation set mIOU: 85.78345589850417
INFO:root:Epoch: 66, Iteration: 133, Loss: 0.058558788150548935
INFO:root:Epoch: 66, Iteration: 134, Loss: 0.05506012588739395
INFO:root:Validation set mIOU: 85.7781741265996
INFO:root:Epoch: 67, Iteration: 135, Loss: 0.06335323303937912
INFO:root:Epoch: 67, Iteration: 136, Loss: 0.061843134462833405
INFO:root:Validation set mIOU: 85.60926747317522
INFO:root:Epoch: 68, Iteration: 137, Loss: 0.11943168938159943
INFO:root:Epoch: 68, Iteration: 138, Loss: 0.0583256371319294
INFO:root:Validation set mIOU: 85.62899575278952
INFO:root:Epoch: 69, Iteration: 139, Loss: 0.10955510288476944
INFO:root:Epoch: 69, Iteration: 140, Loss: 0.051407042890787125
INFO:root:Validation set mIOU: 85.5950665759225
INFO:root:Epoch: 70, Iteration: 141, Loss: 0.05265165865421295
INFO:root:Epoch: 70, Iteration: 142, Loss: 0.0610576756298542
INFO:root:Validation set mIOU: 85.70822449052464
INFO:root:Epoch: 71, Iteration: 143, Loss: 0.06909932941198349
INFO:root:Epoch: 71, Iteration: 144, Loss: 0.05658883973956108
INFO:root:Validation set mIOU: 85.80980531726871
INFO:root:Epoch: 72, Iteration: 145, Loss: 0.06991022825241089
INFO:root:Epoch: 72, Iteration: 146, Loss: 0.053473006933927536
INFO:root:Validation set mIOU: 85.83878307303152
INFO:root:Epoch: 73, Iteration: 147, Loss: 0.06194894388318062
INFO:root:Epoch: 73, Iteration: 148, Loss: 0.057095833122730255
INFO:root:Validation set mIOU: 86.1407181435133
INFO:root:Epoch: 74, Iteration: 149, Loss: 0.055892448872327805
INFO:root:Epoch: 74, Iteration: 150, Loss: 0.06077837198972702
INFO:root:Validation set mIOU: 86.12153944446345
INFO:root:Epoch: 75, Iteration: 151, Loss: 0.05378486588597298
INFO:root:Epoch: 75, Iteration: 152, Loss: 0.053887855261564255
INFO:root:Validation set mIOU: 86.23139091860111
INFO:root:Epoch: 76, Iteration: 153, Loss: 0.06164181977510452
INFO:root:Epoch: 76, Iteration: 154, Loss: 0.05560349300503731
INFO:root:Validation set mIOU: 86.06327484889792
INFO:root:Epoch: 77, Iteration: 155, Loss: 0.06314991414546967
INFO:root:Epoch: 77, Iteration: 156, Loss: 0.04332048073410988
INFO:root:Validation set mIOU: 85.94679041348977
INFO:root:Epoch: 78, Iteration: 157, Loss: 0.05377713590860367
INFO:root:Epoch: 78, Iteration: 158, Loss: 0.06170613318681717
INFO:root:Validation set mIOU: 85.99941218046484
INFO:root:Epoch: 79, Iteration: 159, Loss: 0.0623711459338665
INFO:root:Epoch: 79, Iteration: 160, Loss: 0.0476328507065773
INFO:root:Validation set mIOU: 86.04891898671495
INFO:root:Epoch: 80, Iteration: 161, Loss: 0.059232424944639206
INFO:root:Epoch: 80, Iteration: 162, Loss: 0.05972946807742119
INFO:root:Validation set mIOU: 86.06565961867126
INFO:root:Epoch: 81, Iteration: 163, Loss: 0.05021682754158974
INFO:root:Epoch: 81, Iteration: 164, Loss: 0.07028035819530487
INFO:root:Validation set mIOU: 85.89891718081397
INFO:root:Epoch: 82, Iteration: 165, Loss: 0.04507756605744362
INFO:root:Epoch: 82, Iteration: 166, Loss: 0.06425759196281433
INFO:root:Validation set mIOU: 86.11497633974032
INFO:root:Epoch: 83, Iteration: 167, Loss: 0.05711989849805832
INFO:root:Epoch: 83, Iteration: 168, Loss: 0.05218184366822243
INFO:root:Validation set mIOU: 86.10692686412622
INFO:root:Epoch: 84, Iteration: 169, Loss: 0.06035223975777626
INFO:root:Epoch: 84, Iteration: 170, Loss: 0.056415360420942307
INFO:root:Validation set mIOU: 85.90516665930647
INFO:root:Epoch: 85, Iteration: 171, Loss: 0.05508458614349365
INFO:root:Epoch: 85, Iteration: 172, Loss: 0.06242075935006142
INFO:root:Validation set mIOU: 86.08818935250355
INFO:root:Epoch: 86, Iteration: 173, Loss: 0.09048665314912796
INFO:root:Epoch: 86, Iteration: 174, Loss: 0.06483732908964157
INFO:root:Validation set mIOU: 85.83202422439427
INFO:root:Epoch: 87, Iteration: 175, Loss: 0.06651906669139862
INFO:root:Epoch: 87, Iteration: 176, Loss: 0.11501404643058777
INFO:root:Validation set mIOU: 85.5063356365107
INFO:root:Epoch: 88, Iteration: 177, Loss: 0.06639102101325989
INFO:root:Epoch: 88, Iteration: 178, Loss: 0.05417203903198242
INFO:root:Validation set mIOU: 85.4441862011306
INFO:root:Epoch: 89, Iteration: 179, Loss: 0.0581490583717823
INFO:root:Epoch: 89, Iteration: 180, Loss: 0.05630779638886452
INFO:root:Validation set mIOU: 85.36801731797898
INFO:root:Epoch: 90, Iteration: 181, Loss: 0.06527575105428696
INFO:root:Epoch: 90, Iteration: 182, Loss: 0.06923692673444748
INFO:root:Validation set mIOU: 85.53382450997582
INFO:root:Epoch: 91, Iteration: 183, Loss: 0.04866480827331543
INFO:root:Epoch: 91, Iteration: 184, Loss: 0.057022757828235626
INFO:root:Validation set mIOU: 85.62213160869732
INFO:root:Epoch: 92, Iteration: 185, Loss: 0.06940893828868866
INFO:root:Epoch: 92, Iteration: 186, Loss: 0.0524933896958828
INFO:root:Validation set mIOU: 85.56411215481727
INFO:root:Epoch: 93, Iteration: 187, Loss: 0.06040819734334946
INFO:root:Epoch: 93, Iteration: 188, Loss: 0.04408296197652817
INFO:root:Validation set mIOU: 85.76161882402168
INFO:root:Epoch: 94, Iteration: 189, Loss: 0.052332691848278046
INFO:root:Epoch: 94, Iteration: 190, Loss: 0.05299527198076248
INFO:root:Validation set mIOU: 85.82784821817202
INFO:root:Epoch: 95, Iteration: 191, Loss: 0.0783606693148613
INFO:root:Epoch: 95, Iteration: 192, Loss: 0.05797605961561203
INFO:root:Validation set mIOU: 85.83823604576267
INFO:root:Epoch: 96, Iteration: 193, Loss: 0.06227196007966995
INFO:root:Epoch: 96, Iteration: 194, Loss: 0.05200888216495514
INFO:root:Validation set mIOU: 85.80312747596578
INFO:root:Epoch: 97, Iteration: 195, Loss: 0.061797600239515305
INFO:root:Epoch: 97, Iteration: 196, Loss: 0.05351266637444496
INFO:root:Validation set mIOU: 85.79029846182401
INFO:root:Epoch: 98, Iteration: 197, Loss: 0.06418760865926743
INFO:root:Epoch: 98, Iteration: 198, Loss: 0.05450522154569626
INFO:root:Validation set mIOU: 85.73645949319291
INFO:root:Epoch: 99, Iteration: 199, Loss: 0.06751420348882675
INFO:root:Epoch: 99, Iteration: 200, Loss: 0.05427136272192001
INFO:root:Validation set mIOU: 85.74918995493596
INFO:root:Semi-training
INFO:root:Epoch: 0, Iteration: 1, Loss: 1.2488059997558594
INFO:root:Epoch: 0, Iteration: 2, Loss: 1.1689573526382446
INFO:root:Epoch: 0, Iteration: 3, Loss: 0.9784073829650879
INFO:root:Epoch: 0, Iteration: 4, Loss: 0.8223627805709839
INFO:root:Epoch: 0, Iteration: 5, Loss: 0.7704700827598572
INFO:root:Epoch: 0, Iteration: 6, Loss: 0.757514476776123
INFO:root:Epoch: 0, Iteration: 7, Loss: 0.6960558891296387
INFO:root:Validation set mIOU: 25.451709714310272
INFO:root:Epoch: 1, Iteration: 8, Loss: 0.617328941822052
INFO:root:Epoch: 1, Iteration: 9, Loss: 0.570517361164093
INFO:root:Epoch: 1, Iteration: 10, Loss: 0.6081230044364929
INFO:root:Epoch: 1, Iteration: 11, Loss: 0.4933975636959076
INFO:root:Epoch: 1, Iteration: 12, Loss: 0.49089083075523376
INFO:root:Epoch: 1, Iteration: 13, Loss: 0.4110678732395172
INFO:root:Epoch: 1, Iteration: 14, Loss: 0.37895718216896057
INFO:root:Validation set mIOU: 62.8352352959834
INFO:root:Epoch: 2, Iteration: 15, Loss: 0.2908773422241211
INFO:root:Epoch: 2, Iteration: 16, Loss: 0.3134904205799103
INFO:root:Epoch: 2, Iteration: 17, Loss: 0.33396437764167786
INFO:root:Epoch: 2, Iteration: 18, Loss: 0.3659587502479553
INFO:root:Epoch: 2, Iteration: 19, Loss: 0.3452720642089844
INFO:root:Epoch: 2, Iteration: 20, Loss: 0.32320716977119446
INFO:root:Epoch: 2, Iteration: 21, Loss: 0.3632802963256836
INFO:root:Validation set mIOU: 56.658583862489095
INFO:root:Epoch: 3, Iteration: 22, Loss: 0.25812897086143494
INFO:root:Epoch: 3, Iteration: 23, Loss: 0.29587194323539734
INFO:root:Epoch: 3, Iteration: 24, Loss: 0.4033166468143463
INFO:root:Epoch: 3, Iteration: 25, Loss: 0.23137333989143372
INFO:root:Epoch: 3, Iteration: 26, Loss: 0.22735144197940826
INFO:root:Epoch: 3, Iteration: 27, Loss: 0.2470378875732422
INFO:root:Epoch: 3, Iteration: 28, Loss: 0.2444949746131897
INFO:root:Validation set mIOU: 68.20315211936607
INFO:root:Epoch: 4, Iteration: 29, Loss: 0.18144187331199646
INFO:root:Epoch: 4, Iteration: 30, Loss: 0.2643064558506012
INFO:root:Epoch: 4, Iteration: 31, Loss: 0.2813204526901245
INFO:root:Epoch: 4, Iteration: 32, Loss: 0.24809540808200836
INFO:root:Epoch: 4, Iteration: 33, Loss: 0.19927753508090973
INFO:root:Epoch: 4, Iteration: 34, Loss: 0.2208709716796875
INFO:root:Epoch: 4, Iteration: 35, Loss: 0.20350784063339233
INFO:root:Validation set mIOU: 62.182883149363555
INFO:root:Epoch: 5, Iteration: 36, Loss: 0.18378280103206635
INFO:root:Epoch: 5, Iteration: 37, Loss: 0.20046330988407135
INFO:root:Epoch: 5, Iteration: 38, Loss: 0.22297395765781403
INFO:root:Epoch: 5, Iteration: 39, Loss: 0.19466297328472137
INFO:root:Epoch: 5, Iteration: 40, Loss: 0.2088550329208374
INFO:root:Epoch: 5, Iteration: 41, Loss: 0.19644908607006073
INFO:root:Epoch: 5, Iteration: 42, Loss: 0.17222753167152405
INFO:root:Validation set mIOU: 75.53145317965108
INFO:root:Epoch: 6, Iteration: 43, Loss: 0.27619192004203796
INFO:root:Epoch: 6, Iteration: 44, Loss: 0.20310550928115845
INFO:root:Epoch: 6, Iteration: 45, Loss: 0.16482749581336975
INFO:root:Epoch: 6, Iteration: 46, Loss: 0.1851242333650589
INFO:root:Epoch: 6, Iteration: 47, Loss: 0.16527950763702393
INFO:root:Epoch: 6, Iteration: 48, Loss: 0.20102359354496002
INFO:root:Epoch: 6, Iteration: 49, Loss: 0.15827177464962006
INFO:root:Validation set mIOU: 79.46598694097182
INFO:root:Epoch: 7, Iteration: 50, Loss: 0.14928053319454193
INFO:root:Epoch: 7, Iteration: 51, Loss: 0.1521785855293274
INFO:root:Epoch: 7, Iteration: 52, Loss: 0.14339375495910645
INFO:root:Epoch: 7, Iteration: 53, Loss: 0.13501191139221191
INFO:root:Epoch: 7, Iteration: 54, Loss: 0.1411677598953247
INFO:root:Epoch: 7, Iteration: 55, Loss: 0.12817354500293732
INFO:root:Epoch: 7, Iteration: 56, Loss: 0.1750086098909378
INFO:root:Validation set mIOU: 79.27538999739126
INFO:root:Epoch: 8, Iteration: 57, Loss: 0.11521569639444351
INFO:root:Epoch: 8, Iteration: 58, Loss: 0.17302000522613525
INFO:root:Epoch: 8, Iteration: 59, Loss: 0.16307863593101501
INFO:root:Epoch: 8, Iteration: 60, Loss: 0.14477533102035522
INFO:root:Epoch: 8, Iteration: 61, Loss: 0.15747255086898804
INFO:root:Epoch: 8, Iteration: 62, Loss: 0.14270858466625214
INFO:root:Epoch: 8, Iteration: 63, Loss: 0.23434078693389893
INFO:root:Validation set mIOU: 79.59140754469553
INFO:root:Epoch: 9, Iteration: 64, Loss: 0.1493133157491684
INFO:root:Epoch: 9, Iteration: 65, Loss: 0.13545601069927216
INFO:root:Epoch: 9, Iteration: 66, Loss: 0.14345112442970276
INFO:root:Epoch: 9, Iteration: 67, Loss: 0.14580115675926208
INFO:root:Epoch: 9, Iteration: 68, Loss: 0.20220744609832764
INFO:root:Epoch: 9, Iteration: 69, Loss: 0.1991809904575348
INFO:root:Epoch: 9, Iteration: 70, Loss: 0.12119221687316895
INFO:root:Validation set mIOU: 81.82413310902469
INFO:root:Epoch: 10, Iteration: 71, Loss: 0.11891721189022064
INFO:root:Epoch: 10, Iteration: 72, Loss: 0.2242690473794937
INFO:root:Epoch: 10, Iteration: 73, Loss: 0.2505715787410736
INFO:root:Epoch: 10, Iteration: 74, Loss: 0.14383317530155182
INFO:root:Epoch: 10, Iteration: 75, Loss: 0.12723836302757263
INFO:root:Epoch: 10, Iteration: 76, Loss: 0.14370734989643097
INFO:root:Epoch: 10, Iteration: 77, Loss: 0.14625005424022675
INFO:root:Validation set mIOU: 83.0245526649349
INFO:root:Epoch: 11, Iteration: 78, Loss: 0.13156352937221527
INFO:root:Epoch: 11, Iteration: 79, Loss: 0.13472287356853485
INFO:root:Epoch: 11, Iteration: 80, Loss: 0.1364852488040924
INFO:root:Epoch: 11, Iteration: 81, Loss: 0.2230059951543808
INFO:root:Epoch: 11, Iteration: 82, Loss: 0.1296718418598175
INFO:root:Epoch: 11, Iteration: 83, Loss: 0.12033317983150482
INFO:root:Epoch: 11, Iteration: 84, Loss: 0.13027457892894745
INFO:root:Validation set mIOU: 81.91726938576478
INFO:root:Epoch: 12, Iteration: 85, Loss: 0.14779286086559296
INFO:root:Epoch: 12, Iteration: 86, Loss: 0.14843110740184784
INFO:root:Epoch: 12, Iteration: 87, Loss: 0.1283053755760193
INFO:root:Epoch: 12, Iteration: 88, Loss: 0.12689214944839478
INFO:root:Epoch: 12, Iteration: 89, Loss: 0.13250304758548737
INFO:root:Epoch: 12, Iteration: 90, Loss: 0.1541544497013092
INFO:root:Epoch: 12, Iteration: 91, Loss: 0.17251208424568176
INFO:root:Validation set mIOU: 81.59889643508832
INFO:root:Epoch: 13, Iteration: 92, Loss: 0.14513657987117767
INFO:root:Epoch: 13, Iteration: 93, Loss: 0.10912064462900162
INFO:root:Epoch: 13, Iteration: 94, Loss: 0.15993383526802063
INFO:root:Epoch: 13, Iteration: 95, Loss: 0.12893854081630707
INFO:root:Epoch: 13, Iteration: 96, Loss: 0.1429123729467392
INFO:root:Epoch: 13, Iteration: 97, Loss: 0.14165620505809784
INFO:root:Epoch: 13, Iteration: 98, Loss: 0.1094200387597084
INFO:root:Validation set mIOU: 82.99246137448385
INFO:root:Epoch: 14, Iteration: 99, Loss: 0.15591156482696533
INFO:root:Epoch: 14, Iteration: 100, Loss: 0.13320545852184296
INFO:root:Epoch: 14, Iteration: 101, Loss: 0.12503550946712494
INFO:root:Epoch: 14, Iteration: 102, Loss: 0.07450170814990997
INFO:root:Epoch: 14, Iteration: 103, Loss: 0.1595221310853958
INFO:root:Epoch: 14, Iteration: 104, Loss: 0.07980642467737198
INFO:root:Epoch: 14, Iteration: 105, Loss: 0.20758524537086487
INFO:root:Validation set mIOU: 82.3567197576429
INFO:root:Epoch: 15, Iteration: 106, Loss: 0.13471657037734985
INFO:root:Epoch: 15, Iteration: 107, Loss: 0.10392172634601593
INFO:root:Epoch: 15, Iteration: 108, Loss: 0.12452781945466995
INFO:root:Epoch: 15, Iteration: 109, Loss: 0.13037335872650146
INFO:root:Epoch: 15, Iteration: 110, Loss: 0.09345758706331253
INFO:root:Epoch: 15, Iteration: 111, Loss: 0.13830605149269104
INFO:root:Epoch: 15, Iteration: 112, Loss: 0.11864401400089264
INFO:root:Validation set mIOU: 82.98159924176508
INFO:root:Epoch: 16, Iteration: 113, Loss: 0.12742003798484802
INFO:root:Epoch: 16, Iteration: 114, Loss: 0.09297563880681992
INFO:root:Epoch: 16, Iteration: 115, Loss: 0.1091577485203743
INFO:root:Epoch: 16, Iteration: 116, Loss: 0.1094205230474472
INFO:root:Epoch: 16, Iteration: 117, Loss: 0.13591356575489044
INFO:root:Epoch: 16, Iteration: 118, Loss: 0.1285618543624878
INFO:root:Epoch: 16, Iteration: 119, Loss: 0.1254868358373642
INFO:root:Validation set mIOU: 83.75470046925462
INFO:root:Epoch: 17, Iteration: 120, Loss: 0.1486000418663025
INFO:root:Epoch: 17, Iteration: 121, Loss: 0.13405470550060272
INFO:root:Epoch: 17, Iteration: 122, Loss: 0.15718644857406616
INFO:root:Epoch: 17, Iteration: 123, Loss: 0.18117526173591614
INFO:root:Epoch: 17, Iteration: 124, Loss: 0.1146513894200325
INFO:root:Epoch: 17, Iteration: 125, Loss: 0.10089566558599472
INFO:root:Epoch: 17, Iteration: 126, Loss: 0.12006328999996185
INFO:root:Validation set mIOU: 83.98012981620876
INFO:root:Epoch: 18, Iteration: 127, Loss: 0.11458354443311691
INFO:root:Epoch: 18, Iteration: 128, Loss: 0.16074736416339874
INFO:root:Epoch: 18, Iteration: 129, Loss: 0.10248231887817383
INFO:root:Epoch: 18, Iteration: 130, Loss: 0.10737171024084091
INFO:root:Epoch: 18, Iteration: 131, Loss: 0.12073202431201935
INFO:root:Epoch: 18, Iteration: 132, Loss: 0.12330111861228943
INFO:root:Epoch: 18, Iteration: 133, Loss: 0.1162150576710701
INFO:root:Validation set mIOU: 85.0157244824622
INFO:root:Epoch: 19, Iteration: 134, Loss: 0.1297001838684082
INFO:root:Epoch: 19, Iteration: 135, Loss: 0.14395736157894135
INFO:root:Epoch: 19, Iteration: 136, Loss: 0.08529786020517349
INFO:root:Epoch: 19, Iteration: 137, Loss: 0.1478557288646698
INFO:root:Epoch: 19, Iteration: 138, Loss: 0.12521491944789886
INFO:root:Epoch: 19, Iteration: 139, Loss: 0.08325330168008804
INFO:root:Epoch: 19, Iteration: 140, Loss: 0.10520276427268982
INFO:root:Validation set mIOU: 84.53121132565543
INFO:root:Epoch: 20, Iteration: 141, Loss: 0.12714043259620667
INFO:root:Epoch: 20, Iteration: 142, Loss: 0.2066388726234436
INFO:root:Epoch: 20, Iteration: 143, Loss: 0.13690821826457977
INFO:root:Epoch: 20, Iteration: 144, Loss: 0.10009642690420151
INFO:root:Epoch: 20, Iteration: 145, Loss: 0.07740703970193863
INFO:root:Epoch: 20, Iteration: 146, Loss: 0.18056368827819824
INFO:root:Epoch: 20, Iteration: 147, Loss: 0.19610026478767395
INFO:root:Validation set mIOU: 84.16264760302367
INFO:root:Epoch: 21, Iteration: 148, Loss: 0.14782778918743134
INFO:root:Epoch: 21, Iteration: 149, Loss: 0.13574379682540894
INFO:root:Epoch: 21, Iteration: 150, Loss: 0.1166861280798912
INFO:root:Epoch: 21, Iteration: 151, Loss: 0.10918363183736801
INFO:root:Epoch: 21, Iteration: 152, Loss: 0.11139675229787827
INFO:root:Epoch: 21, Iteration: 153, Loss: 0.10765895247459412
INFO:root:Epoch: 21, Iteration: 154, Loss: 0.12237531691789627
INFO:root:Validation set mIOU: 84.63624892392846
INFO:root:Epoch: 22, Iteration: 155, Loss: 0.11773572862148285
INFO:root:Epoch: 22, Iteration: 156, Loss: 0.09066405892372131
INFO:root:Epoch: 22, Iteration: 157, Loss: 0.11543658375740051
INFO:root:Epoch: 22, Iteration: 158, Loss: 0.11436599493026733
INFO:root:Epoch: 22, Iteration: 159, Loss: 0.0850289911031723
INFO:root:Epoch: 22, Iteration: 160, Loss: 0.11155010759830475
INFO:root:Epoch: 22, Iteration: 161, Loss: 0.13029439747333527
INFO:root:Validation set mIOU: 83.80768410236003
INFO:root:Epoch: 23, Iteration: 162, Loss: 0.09724296629428864
INFO:root:Epoch: 23, Iteration: 163, Loss: 0.18079321086406708
INFO:root:Epoch: 23, Iteration: 164, Loss: 0.11923031508922577
INFO:root:Epoch: 23, Iteration: 165, Loss: 0.09618592262268066
INFO:root:Epoch: 23, Iteration: 166, Loss: 0.13407829403877258
INFO:root:Epoch: 23, Iteration: 167, Loss: 0.14377015829086304
INFO:root:Epoch: 23, Iteration: 168, Loss: 0.1130223348736763
INFO:root:Validation set mIOU: 85.01173595177175
INFO:root:Epoch: 24, Iteration: 169, Loss: 0.10802233219146729
INFO:root:Epoch: 24, Iteration: 170, Loss: 0.1728304624557495
INFO:root:Epoch: 24, Iteration: 171, Loss: 0.12803298234939575
INFO:root:Epoch: 24, Iteration: 172, Loss: 0.098647341132164
INFO:root:Epoch: 24, Iteration: 173, Loss: 0.13018673658370972
INFO:root:Epoch: 24, Iteration: 174, Loss: 0.14245715737342834
INFO:root:Epoch: 24, Iteration: 175, Loss: 0.09442123770713806
INFO:root:Validation set mIOU: 84.91049548752544
INFO:root:Epoch: 25, Iteration: 176, Loss: 0.08653640747070312
INFO:root:Epoch: 25, Iteration: 177, Loss: 0.11665965616703033
INFO:root:Epoch: 25, Iteration: 178, Loss: 0.10302341729402542
INFO:root:Epoch: 25, Iteration: 179, Loss: 0.15017423033714294
INFO:root:Epoch: 25, Iteration: 180, Loss: 0.1022532656788826
INFO:root:Epoch: 25, Iteration: 181, Loss: 0.08287668228149414
INFO:root:Epoch: 25, Iteration: 182, Loss: 0.16752010583877563
INFO:root:Validation set mIOU: 85.21908131806521
INFO:root:Epoch: 26, Iteration: 183, Loss: 0.07481823116540909
INFO:root:Epoch: 26, Iteration: 184, Loss: 0.09199362993240356
INFO:root:Epoch: 26, Iteration: 185, Loss: 0.08036240935325623
INFO:root:Epoch: 26, Iteration: 186, Loss: 0.09558090567588806
INFO:root:Epoch: 26, Iteration: 187, Loss: 0.10820402204990387
INFO:root:Epoch: 26, Iteration: 188, Loss: 0.11934221535921097
INFO:root:Epoch: 26, Iteration: 189, Loss: 0.1325719654560089
INFO:root:Validation set mIOU: 85.07394162393219
INFO:root:Epoch: 27, Iteration: 190, Loss: 0.0915149375796318
INFO:root:Epoch: 27, Iteration: 191, Loss: 0.08050797134637833
INFO:root:Epoch: 27, Iteration: 192, Loss: 0.13880974054336548
INFO:root:Epoch: 27, Iteration: 193, Loss: 0.09735018759965897
INFO:root:Epoch: 27, Iteration: 194, Loss: 0.09465408325195312
INFO:root:Epoch: 27, Iteration: 195, Loss: 0.1264706552028656
INFO:root:Epoch: 27, Iteration: 196, Loss: 0.1074526309967041
INFO:root:Validation set mIOU: 85.11374683485488
INFO:root:Epoch: 28, Iteration: 197, Loss: 0.10643927752971649
INFO:root:Epoch: 28, Iteration: 198, Loss: 0.11592505872249603
INFO:root:Epoch: 28, Iteration: 199, Loss: 0.10834615677595139
INFO:root:Epoch: 28, Iteration: 200, Loss: 0.11501199752092361
INFO:root:Epoch: 28, Iteration: 201, Loss: 0.08883164077997208
INFO:root:Epoch: 28, Iteration: 202, Loss: 0.13456730544567108
INFO:root:Epoch: 28, Iteration: 203, Loss: 0.13247276842594147
INFO:root:Validation set mIOU: 85.20247860808404
INFO:root:Epoch: 29, Iteration: 204, Loss: 0.09656119346618652
INFO:root:Epoch: 29, Iteration: 205, Loss: 0.10416262596845627
INFO:root:Epoch: 29, Iteration: 206, Loss: 0.1045629009604454
INFO:root:Epoch: 29, Iteration: 207, Loss: 0.10626992583274841
INFO:root:Epoch: 29, Iteration: 208, Loss: 0.18428324162960052
INFO:root:Epoch: 29, Iteration: 209, Loss: 0.09715099632740021
INFO:root:Epoch: 29, Iteration: 210, Loss: 0.0971427783370018
INFO:root:Validation set mIOU: 84.66904770718585
INFO:root:Epoch: 30, Iteration: 211, Loss: 0.11760175973176956
INFO:root:Epoch: 30, Iteration: 212, Loss: 0.09746688604354858
INFO:root:Epoch: 30, Iteration: 213, Loss: 0.0840262845158577
INFO:root:Epoch: 30, Iteration: 214, Loss: 0.08432412892580032
INFO:root:Epoch: 30, Iteration: 215, Loss: 0.1274207979440689
INFO:root:Epoch: 30, Iteration: 216, Loss: 0.07877564430236816
INFO:root:Epoch: 30, Iteration: 217, Loss: 0.1344546526670456
INFO:root:Validation set mIOU: 84.73748096164937
INFO:root:Epoch: 31, Iteration: 218, Loss: 0.10058651864528656
INFO:root:Epoch: 31, Iteration: 219, Loss: 0.12280656397342682
INFO:root:Epoch: 31, Iteration: 220, Loss: 0.09445837140083313
INFO:root:Epoch: 31, Iteration: 221, Loss: 0.1216200739145279
INFO:root:Epoch: 31, Iteration: 222, Loss: 0.10186067223548889
INFO:root:Epoch: 31, Iteration: 223, Loss: 0.07613179087638855
INFO:root:Epoch: 31, Iteration: 224, Loss: 0.1037227213382721
INFO:root:Validation set mIOU: 85.16418850142927
INFO:root:Epoch: 32, Iteration: 225, Loss: 0.12295704334974289
INFO:root:Epoch: 32, Iteration: 226, Loss: 0.11469549685716629
INFO:root:Epoch: 32, Iteration: 227, Loss: 0.09917239844799042
INFO:root:Epoch: 32, Iteration: 228, Loss: 0.08485036343336105
INFO:root:Epoch: 32, Iteration: 229, Loss: 0.09624133259057999
INFO:root:Epoch: 32, Iteration: 230, Loss: 0.12231320142745972
INFO:root:Epoch: 32, Iteration: 231, Loss: 0.07800755649805069
INFO:root:Validation set mIOU: 85.13807651624047
INFO:root:Epoch: 33, Iteration: 232, Loss: 0.13626351952552795
INFO:root:Epoch: 33, Iteration: 233, Loss: 0.10156809538602829
INFO:root:Epoch: 33, Iteration: 234, Loss: 0.12070916593074799
INFO:root:Epoch: 33, Iteration: 235, Loss: 0.119746133685112
INFO:root:Epoch: 33, Iteration: 236, Loss: 0.12843146920204163
INFO:root:Epoch: 33, Iteration: 237, Loss: 0.10631988197565079
INFO:root:Epoch: 33, Iteration: 238, Loss: 0.0866139754652977
INFO:root:Validation set mIOU: 84.32293073980583
INFO:root:Epoch: 34, Iteration: 239, Loss: 0.09241122007369995
INFO:root:Epoch: 34, Iteration: 240, Loss: 0.09743461012840271
INFO:root:Epoch: 34, Iteration: 241, Loss: 0.095178984105587
INFO:root:Epoch: 34, Iteration: 242, Loss: 0.09473244100809097
INFO:root:Epoch: 34, Iteration: 243, Loss: 0.11299174278974533
INFO:root:Epoch: 34, Iteration: 244, Loss: 0.0899173766374588
INFO:root:Epoch: 34, Iteration: 245, Loss: 0.10104461759328842
INFO:root:Validation set mIOU: 84.60021977725245
INFO:root:Epoch: 35, Iteration: 246, Loss: 0.10672995448112488
INFO:root:Epoch: 35, Iteration: 247, Loss: 0.08208420872688293
INFO:root:Epoch: 35, Iteration: 248, Loss: 0.10561197996139526
INFO:root:Epoch: 35, Iteration: 249, Loss: 0.12369142472743988
INFO:root:Epoch: 35, Iteration: 250, Loss: 0.11711382865905762
INFO:root:Epoch: 35, Iteration: 251, Loss: 0.08353277295827866
INFO:root:Epoch: 35, Iteration: 252, Loss: 0.11528059840202332
INFO:root:Validation set mIOU: 84.72400468460792
INFO:root:Epoch: 36, Iteration: 253, Loss: 0.08402922749519348
INFO:root:Epoch: 36, Iteration: 254, Loss: 0.08529920876026154
INFO:root:Epoch: 36, Iteration: 255, Loss: 0.08457741886377335
INFO:root:Epoch: 36, Iteration: 256, Loss: 0.07294747233390808
INFO:root:Epoch: 36, Iteration: 257, Loss: 0.1143719032406807
INFO:root:Epoch: 36, Iteration: 258, Loss: 0.1065640076994896
INFO:root:Epoch: 36, Iteration: 259, Loss: 0.09886250644922256
INFO:root:Validation set mIOU: 84.95480207145349
INFO:root:Epoch: 37, Iteration: 260, Loss: 0.09284965693950653
INFO:root:Epoch: 37, Iteration: 261, Loss: 0.08649247139692307
INFO:root:Epoch: 37, Iteration: 262, Loss: 0.1025209054350853
INFO:root:Epoch: 37, Iteration: 263, Loss: 0.08903869241476059
INFO:root:Epoch: 37, Iteration: 264, Loss: 0.09508954733610153
INFO:root:Epoch: 37, Iteration: 265, Loss: 0.0758650153875351
INFO:root:Epoch: 37, Iteration: 266, Loss: 0.09870894253253937
INFO:root:Validation set mIOU: 84.5381132485513
INFO:root:Epoch: 38, Iteration: 267, Loss: 0.1563570648431778
INFO:root:Epoch: 38, Iteration: 268, Loss: 0.0890221819281578
INFO:root:Epoch: 38, Iteration: 269, Loss: 0.07922190427780151
INFO:root:Epoch: 38, Iteration: 270, Loss: 0.12511491775512695
INFO:root:Epoch: 38, Iteration: 271, Loss: 0.0706571713089943
INFO:root:Epoch: 38, Iteration: 272, Loss: 0.09936626255512238
INFO:root:Epoch: 38, Iteration: 273, Loss: 0.0985662192106247
INFO:root:Validation set mIOU: 84.8042797392619
INFO:root:Epoch: 39, Iteration: 274, Loss: 0.08710265904664993
INFO:root:Epoch: 39, Iteration: 275, Loss: 0.1310759335756302
INFO:root:Epoch: 39, Iteration: 276, Loss: 0.14187262952327728
INFO:root:Epoch: 39, Iteration: 277, Loss: 0.1717076450586319
INFO:root:Epoch: 39, Iteration: 278, Loss: 0.10419227927923203
INFO:root:Epoch: 39, Iteration: 279, Loss: 0.11535219103097916
INFO:root:Epoch: 39, Iteration: 280, Loss: 0.11259287595748901
INFO:root:Validation set mIOU: 84.31745077110226
INFO:root:Epoch: 40, Iteration: 281, Loss: 0.08526746928691864
INFO:root:Epoch: 40, Iteration: 282, Loss: 0.08733013272285461
INFO:root:Epoch: 40, Iteration: 283, Loss: 0.07748319208621979
INFO:root:Epoch: 40, Iteration: 284, Loss: 0.07844820618629456
INFO:root:Epoch: 40, Iteration: 285, Loss: 0.10705306380987167
INFO:root:Epoch: 40, Iteration: 286, Loss: 0.19723349809646606
INFO:root:Epoch: 40, Iteration: 287, Loss: 0.16670270264148712
INFO:root:Validation set mIOU: 84.38099874364148
INFO:root:Epoch: 41, Iteration: 288, Loss: 0.08263111859560013
INFO:root:Epoch: 41, Iteration: 289, Loss: 0.0881044864654541
INFO:root:Epoch: 41, Iteration: 290, Loss: 0.08960342407226562
INFO:root:Epoch: 41, Iteration: 291, Loss: 0.09214756637811661
INFO:root:Epoch: 41, Iteration: 292, Loss: 0.16282932460308075
INFO:root:Epoch: 41, Iteration: 293, Loss: 0.12894706428050995
INFO:root:Epoch: 41, Iteration: 294, Loss: 0.12175378948450089
INFO:root:Validation set mIOU: 84.068545461888
INFO:root:Epoch: 42, Iteration: 295, Loss: 0.07704842835664749
INFO:root:Epoch: 42, Iteration: 296, Loss: 0.11812518537044525
INFO:root:Epoch: 42, Iteration: 297, Loss: 0.11996988207101822
INFO:root:Epoch: 42, Iteration: 298, Loss: 0.10859525948762894
INFO:root:Epoch: 42, Iteration: 299, Loss: 0.07995112240314484
INFO:root:Epoch: 42, Iteration: 300, Loss: 0.09153024107217789
INFO:root:Epoch: 42, Iteration: 301, Loss: 0.11037906259298325
INFO:root:Validation set mIOU: 84.70950653448651
INFO:root:Epoch: 43, Iteration: 302, Loss: 0.07908348739147186
INFO:root:Epoch: 43, Iteration: 303, Loss: 0.10663372278213501
INFO:root:Epoch: 43, Iteration: 304, Loss: 0.10524306446313858
INFO:root:Epoch: 43, Iteration: 305, Loss: 0.11825409531593323
INFO:root:Epoch: 43, Iteration: 306, Loss: 0.0652666762471199
INFO:root:Epoch: 43, Iteration: 307, Loss: 0.08950300514698029
INFO:root:Epoch: 43, Iteration: 308, Loss: 0.08588197827339172
INFO:root:Validation set mIOU: 84.49242927586887
INFO:root:Epoch: 44, Iteration: 309, Loss: 0.08680161088705063
INFO:root:Epoch: 44, Iteration: 310, Loss: 0.139731764793396
INFO:root:Epoch: 44, Iteration: 311, Loss: 0.11203955858945847
INFO:root:Epoch: 44, Iteration: 312, Loss: 0.0832575261592865
INFO:root:Epoch: 44, Iteration: 313, Loss: 0.0867767259478569
INFO:root:Epoch: 44, Iteration: 314, Loss: 0.08631116896867752
INFO:root:Epoch: 44, Iteration: 315, Loss: 0.09810531139373779
INFO:root:Validation set mIOU: 84.62993194019995
INFO:root:Epoch: 45, Iteration: 316, Loss: 0.08282647281885147
INFO:root:Epoch: 45, Iteration: 317, Loss: 0.10572252422571182
INFO:root:Epoch: 45, Iteration: 318, Loss: 0.08987390249967575
INFO:root:Epoch: 45, Iteration: 319, Loss: 0.13378041982650757
INFO:root:Epoch: 45, Iteration: 320, Loss: 0.0827377513051033
INFO:root:Epoch: 45, Iteration: 321, Loss: 0.09462247788906097
INFO:root:Epoch: 45, Iteration: 322, Loss: 0.06270378828048706
INFO:root:Validation set mIOU: 85.04890044506556
INFO:root:Epoch: 46, Iteration: 323, Loss: 0.09443558007478714
INFO:root:Epoch: 46, Iteration: 324, Loss: 0.1501503884792328
INFO:root:Epoch: 46, Iteration: 325, Loss: 0.15862087905406952
INFO:root:Epoch: 46, Iteration: 326, Loss: 0.10351026058197021
INFO:root:Epoch: 46, Iteration: 327, Loss: 0.07769742608070374
INFO:root:Epoch: 46, Iteration: 328, Loss: 0.09404995292425156
INFO:root:Epoch: 46, Iteration: 329, Loss: 0.08325371891260147
INFO:root:Validation set mIOU: 85.33284733912255
INFO:root:Epoch: 47, Iteration: 330, Loss: 0.08835158497095108
INFO:root:Epoch: 47, Iteration: 331, Loss: 0.12674972414970398
INFO:root:Epoch: 47, Iteration: 332, Loss: 0.08568261563777924
INFO:root:Epoch: 47, Iteration: 333, Loss: 0.0693650096654892
INFO:root:Epoch: 47, Iteration: 334, Loss: 0.10264161974191666
INFO:root:Epoch: 47, Iteration: 335, Loss: 0.10673842579126358
INFO:root:Epoch: 47, Iteration: 336, Loss: 0.07767375558614731
INFO:root:Validation set mIOU: 84.89442510624512
INFO:root:Epoch: 48, Iteration: 337, Loss: 0.13015004992485046
INFO:root:Epoch: 48, Iteration: 338, Loss: 0.09290803968906403
INFO:root:Epoch: 48, Iteration: 339, Loss: 0.10617376118898392
INFO:root:Epoch: 48, Iteration: 340, Loss: 0.11090406030416489
INFO:root:Epoch: 48, Iteration: 341, Loss: 0.09021509438753128
INFO:root:Epoch: 48, Iteration: 342, Loss: 0.09604909271001816
INFO:root:Epoch: 48, Iteration: 343, Loss: 0.10295047610998154
INFO:root:Validation set mIOU: 84.73373640734553
INFO:root:Epoch: 49, Iteration: 344, Loss: 0.08789140731096268
INFO:root:Epoch: 49, Iteration: 345, Loss: 0.09862731397151947
INFO:root:Epoch: 49, Iteration: 346, Loss: 0.12259549647569656
INFO:root:Epoch: 49, Iteration: 347, Loss: 0.1218147948384285
INFO:root:Epoch: 49, Iteration: 348, Loss: 0.10244886577129364
INFO:root:Epoch: 49, Iteration: 349, Loss: 0.09851842373609543
INFO:root:Epoch: 49, Iteration: 350, Loss: 0.11067047715187073
INFO:root:Validation set mIOU: 84.71814797903306
INFO:root:Epoch: 50, Iteration: 351, Loss: 0.07952161133289337
INFO:root:Epoch: 50, Iteration: 352, Loss: 0.06972318142652512
INFO:root:Epoch: 50, Iteration: 353, Loss: 0.07555970549583435
INFO:root:Epoch: 50, Iteration: 354, Loss: 0.10114078223705292
INFO:root:Epoch: 50, Iteration: 355, Loss: 0.09092862904071808
INFO:root:Epoch: 50, Iteration: 356, Loss: 0.12563832104206085
INFO:root:Epoch: 50, Iteration: 357, Loss: 0.12462711334228516
INFO:root:Validation set mIOU: 85.38679784823202
INFO:root:Epoch: 51, Iteration: 358, Loss: 0.0833539366722107
INFO:root:Epoch: 51, Iteration: 359, Loss: 0.07067231088876724
INFO:root:Epoch: 51, Iteration: 360, Loss: 0.08863486349582672
INFO:root:Epoch: 51, Iteration: 361, Loss: 0.10174061357975006
INFO:root:Epoch: 51, Iteration: 362, Loss: 0.09033722430467606
INFO:root:Epoch: 51, Iteration: 363, Loss: 0.09140735119581223
INFO:root:Epoch: 51, Iteration: 364, Loss: 0.07812698185443878
INFO:root:Validation set mIOU: 85.02015505007505
INFO:root:Epoch: 52, Iteration: 365, Loss: 0.10583911091089249
INFO:root:Epoch: 52, Iteration: 366, Loss: 0.09154408425092697
INFO:root:Epoch: 52, Iteration: 367, Loss: 0.09167702496051788
INFO:root:Epoch: 52, Iteration: 368, Loss: 0.08223183453083038
INFO:root:Epoch: 52, Iteration: 369, Loss: 0.08456064015626907
INFO:root:Epoch: 52, Iteration: 370, Loss: 0.1516379565000534
INFO:root:Epoch: 52, Iteration: 371, Loss: 0.08245734125375748
INFO:root:Validation set mIOU: 84.74170628754672
INFO:root:Epoch: 53, Iteration: 372, Loss: 0.11874213069677353
INFO:root:Epoch: 53, Iteration: 373, Loss: 0.10695725679397583
INFO:root:Epoch: 53, Iteration: 374, Loss: 0.09325585514307022
INFO:root:Epoch: 53, Iteration: 375, Loss: 0.07256697863340378
INFO:root:Epoch: 53, Iteration: 376, Loss: 0.06949133425951004
INFO:root:Epoch: 53, Iteration: 377, Loss: 0.1296319216489792
INFO:root:Epoch: 53, Iteration: 378, Loss: 0.06598438322544098
INFO:root:Validation set mIOU: 85.10475435598431
INFO:root:Epoch: 54, Iteration: 379, Loss: 0.0898781269788742
INFO:root:Epoch: 54, Iteration: 380, Loss: 0.06342551857233047
INFO:root:Epoch: 54, Iteration: 381, Loss: 0.09287024289369583
INFO:root:Epoch: 54, Iteration: 382, Loss: 0.11949703097343445
INFO:root:Epoch: 54, Iteration: 383, Loss: 0.11066876351833344
INFO:root:Epoch: 54, Iteration: 384, Loss: 0.07854820787906647
INFO:root:Epoch: 54, Iteration: 385, Loss: 0.07144155353307724
INFO:root:Validation set mIOU: 85.15958272157893
INFO:root:Epoch: 55, Iteration: 386, Loss: 0.09068496525287628
INFO:root:Epoch: 55, Iteration: 387, Loss: 0.07726400345563889
INFO:root:Epoch: 55, Iteration: 388, Loss: 0.08479079604148865
INFO:root:Epoch: 55, Iteration: 389, Loss: 0.07101656496524811
INFO:root:Epoch: 55, Iteration: 390, Loss: 0.09011342376470566
INFO:root:Epoch: 55, Iteration: 391, Loss: 0.08299766480922699
INFO:root:Epoch: 55, Iteration: 392, Loss: 0.062290042638778687
INFO:root:Validation set mIOU: 85.29702784091106
INFO:root:Epoch: 56, Iteration: 393, Loss: 0.1085619106888771
INFO:root:Epoch: 56, Iteration: 394, Loss: 0.08157432079315186
INFO:root:Epoch: 56, Iteration: 395, Loss: 0.08746610581874847
INFO:root:Epoch: 56, Iteration: 396, Loss: 0.08199238032102585
INFO:root:Epoch: 56, Iteration: 397, Loss: 0.12783075869083405
INFO:root:Epoch: 56, Iteration: 398, Loss: 0.12087758630514145
INFO:root:Epoch: 56, Iteration: 399, Loss: 0.07480286061763763
INFO:root:Validation set mIOU: 85.4729814479248
INFO:root:Epoch: 57, Iteration: 400, Loss: 0.08055481314659119
INFO:root:Epoch: 57, Iteration: 401, Loss: 0.10119100660085678
INFO:root:Epoch: 57, Iteration: 402, Loss: 0.08158565312623978
INFO:root:Epoch: 57, Iteration: 403, Loss: 0.07395521551370621
INFO:root:Epoch: 57, Iteration: 404, Loss: 0.13533127307891846
INFO:root:Epoch: 57, Iteration: 405, Loss: 0.09019067138433456
INFO:root:Epoch: 57, Iteration: 406, Loss: 0.09778081625699997
INFO:root:Validation set mIOU: 85.6631935175901
INFO:root:Epoch: 58, Iteration: 407, Loss: 0.11553668230772018
INFO:root:Epoch: 58, Iteration: 408, Loss: 0.11825121194124222
INFO:root:Epoch: 58, Iteration: 409, Loss: 0.08883067220449448
INFO:root:Epoch: 58, Iteration: 410, Loss: 0.10751748830080032
INFO:root:Epoch: 58, Iteration: 411, Loss: 0.12079998105764389
INFO:root:Epoch: 58, Iteration: 412, Loss: 0.07745109498500824
INFO:root:Epoch: 58, Iteration: 413, Loss: 0.07683359086513519
INFO:root:Validation set mIOU: 85.41942311261575
INFO:root:Epoch: 59, Iteration: 414, Loss: 0.08593776077032089
INFO:root:Epoch: 59, Iteration: 415, Loss: 0.09094327688217163
INFO:root:Epoch: 59, Iteration: 416, Loss: 0.06638459116220474
INFO:root:Epoch: 59, Iteration: 417, Loss: 0.09366828203201294
INFO:root:Epoch: 59, Iteration: 418, Loss: 0.11751154065132141
INFO:root:Epoch: 59, Iteration: 419, Loss: 0.09285847097635269
INFO:root:Epoch: 59, Iteration: 420, Loss: 0.11492346227169037
INFO:root:Validation set mIOU: 85.39303049642145
INFO:root:Epoch: 60, Iteration: 421, Loss: 0.07642749696969986
INFO:root:Epoch: 60, Iteration: 422, Loss: 0.06553397327661514
INFO:root:Epoch: 60, Iteration: 423, Loss: 0.07000070810317993
INFO:root:Epoch: 60, Iteration: 424, Loss: 0.11768855899572372
INFO:root:Epoch: 60, Iteration: 425, Loss: 0.09515006840229034
INFO:root:Epoch: 60, Iteration: 426, Loss: 0.09689255803823471
INFO:root:Epoch: 60, Iteration: 427, Loss: 0.07443954050540924
INFO:root:Validation set mIOU: 85.22959455484838
INFO:root:Epoch: 61, Iteration: 428, Loss: 0.07774703949689865
INFO:root:Epoch: 61, Iteration: 429, Loss: 0.07925518602132797
INFO:root:Epoch: 61, Iteration: 430, Loss: 0.07950249314308167
INFO:root:Epoch: 61, Iteration: 431, Loss: 0.06267192959785461
INFO:root:Epoch: 61, Iteration: 432, Loss: 0.11010096967220306
INFO:root:Epoch: 61, Iteration: 433, Loss: 0.07822049409151077
INFO:root:Epoch: 61, Iteration: 434, Loss: 0.09793144464492798
INFO:root:Validation set mIOU: 85.31713288137261
INFO:root:Epoch: 62, Iteration: 435, Loss: 0.0806986466050148
INFO:root:Epoch: 62, Iteration: 436, Loss: 0.10089346766471863
INFO:root:Epoch: 62, Iteration: 437, Loss: 0.09891700744628906
INFO:root:Epoch: 62, Iteration: 438, Loss: 0.08983847498893738
INFO:root:Epoch: 62, Iteration: 439, Loss: 0.065761037170887
INFO:root:Epoch: 62, Iteration: 440, Loss: 0.11594697088003159
INFO:root:Epoch: 62, Iteration: 441, Loss: 0.08124366402626038
INFO:root:Validation set mIOU: 85.07939095632523
INFO:root:Epoch: 63, Iteration: 442, Loss: 0.10003221035003662
INFO:root:Epoch: 63, Iteration: 443, Loss: 0.12168174237012863
INFO:root:Epoch: 63, Iteration: 444, Loss: 0.06474737823009491
INFO:root:Epoch: 63, Iteration: 445, Loss: 0.08813800662755966
INFO:root:Epoch: 63, Iteration: 446, Loss: 0.09375198930501938
INFO:root:Epoch: 63, Iteration: 447, Loss: 0.1017332449555397
INFO:root:Epoch: 63, Iteration: 448, Loss: 0.06551249325275421
INFO:root:Validation set mIOU: 85.2241870036489
INFO:root:Epoch: 64, Iteration: 449, Loss: 0.1102595180273056
INFO:root:Epoch: 64, Iteration: 450, Loss: 0.10472452640533447
INFO:root:Epoch: 64, Iteration: 451, Loss: 0.08914995938539505
INFO:root:Epoch: 64, Iteration: 452, Loss: 0.08896762132644653
INFO:root:Epoch: 64, Iteration: 453, Loss: 0.07250380516052246
INFO:root:Epoch: 64, Iteration: 454, Loss: 0.08155965805053711
INFO:root:Epoch: 64, Iteration: 455, Loss: 0.10321437567472458
INFO:root:Validation set mIOU: 85.3693858911154
INFO:root:Epoch: 65, Iteration: 456, Loss: 0.08377108722925186
INFO:root:Epoch: 65, Iteration: 457, Loss: 0.1104619950056076
INFO:root:Epoch: 65, Iteration: 458, Loss: 0.08160369098186493
INFO:root:Epoch: 65, Iteration: 459, Loss: 0.09766659140586853
INFO:root:Epoch: 65, Iteration: 460, Loss: 0.11911115050315857
INFO:root:Epoch: 65, Iteration: 461, Loss: 0.0683317705988884
INFO:root:Epoch: 65, Iteration: 462, Loss: 0.09120220690965652
INFO:root:Validation set mIOU: 85.15623052485189
INFO:root:Epoch: 66, Iteration: 463, Loss: 0.10341137647628784
INFO:root:Epoch: 66, Iteration: 464, Loss: 0.07163131237030029
INFO:root:Epoch: 66, Iteration: 465, Loss: 0.07454830408096313
INFO:root:Epoch: 66, Iteration: 466, Loss: 0.08323859423398972
INFO:root:Epoch: 66, Iteration: 467, Loss: 0.06708867847919464
INFO:root:Epoch: 66, Iteration: 468, Loss: 0.07290087640285492
INFO:root:Epoch: 66, Iteration: 469, Loss: 0.1046750470995903
INFO:root:Validation set mIOU: 85.40383311825704
INFO:root:Epoch: 67, Iteration: 470, Loss: 0.06854330748319626
INFO:root:Epoch: 67, Iteration: 471, Loss: 0.09252839535474777
INFO:root:Epoch: 67, Iteration: 472, Loss: 0.08965277671813965
INFO:root:Epoch: 67, Iteration: 473, Loss: 0.08547600358724594
INFO:root:Epoch: 67, Iteration: 474, Loss: 0.09449892491102219
INFO:root:Epoch: 67, Iteration: 475, Loss: 0.09469620138406754
INFO:root:Epoch: 67, Iteration: 476, Loss: 0.07478540390729904
INFO:root:Validation set mIOU: 85.33065079006407
INFO:root:Epoch: 68, Iteration: 477, Loss: 0.1030038371682167
INFO:root:Epoch: 68, Iteration: 478, Loss: 0.07772340625524521
INFO:root:Epoch: 68, Iteration: 479, Loss: 0.08859218657016754
INFO:root:Epoch: 68, Iteration: 480, Loss: 0.06464911252260208
INFO:root:Epoch: 68, Iteration: 481, Loss: 0.0776892676949501
INFO:root:Epoch: 68, Iteration: 482, Loss: 0.057162538170814514
INFO:root:Epoch: 68, Iteration: 483, Loss: 0.08907052874565125
INFO:root:Validation set mIOU: 85.40666047018104
INFO:root:Epoch: 69, Iteration: 484, Loss: 0.11219623684883118
INFO:root:Epoch: 69, Iteration: 485, Loss: 0.08056855946779251
INFO:root:Epoch: 69, Iteration: 486, Loss: 0.13214050233364105
INFO:root:Epoch: 69, Iteration: 487, Loss: 0.055408354848623276
INFO:root:Epoch: 69, Iteration: 488, Loss: 0.10975249111652374
INFO:root:Epoch: 69, Iteration: 489, Loss: 0.07848294824361801
INFO:root:Epoch: 69, Iteration: 490, Loss: 0.08173871785402298
INFO:root:Validation set mIOU: 85.21445987391624
INFO:root:Epoch: 70, Iteration: 491, Loss: 0.12790100276470184
INFO:root:Epoch: 70, Iteration: 492, Loss: 0.11805715411901474
INFO:root:Epoch: 70, Iteration: 493, Loss: 0.1001332625746727
INFO:root:Epoch: 70, Iteration: 494, Loss: 0.08786112815141678
INFO:root:Epoch: 70, Iteration: 495, Loss: 0.10267168283462524
INFO:root:Epoch: 70, Iteration: 496, Loss: 0.10045728087425232
INFO:root:Epoch: 70, Iteration: 497, Loss: 0.08288327604532242
INFO:root:Validation set mIOU: 85.43846718229759
INFO:root:Epoch: 71, Iteration: 498, Loss: 0.08041465282440186
INFO:root:Epoch: 71, Iteration: 499, Loss: 0.0807361900806427
INFO:root:Epoch: 71, Iteration: 500, Loss: 0.13175083696842194
INFO:root:Epoch: 71, Iteration: 501, Loss: 0.07547468692064285
INFO:root:Epoch: 71, Iteration: 502, Loss: 0.09506435692310333
INFO:root:Epoch: 71, Iteration: 503, Loss: 0.07198880612850189
INFO:root:Epoch: 71, Iteration: 504, Loss: 0.12573862075805664
INFO:root:Validation set mIOU: 85.20766551420267
INFO:root:Epoch: 72, Iteration: 505, Loss: 0.08024140447378159
INFO:root:Epoch: 72, Iteration: 506, Loss: 0.08414909988641739
INFO:root:Epoch: 72, Iteration: 507, Loss: 0.06997106969356537
INFO:root:Epoch: 72, Iteration: 508, Loss: 0.10255169123411179
INFO:root:Epoch: 72, Iteration: 509, Loss: 0.07498936355113983
INFO:root:Epoch: 72, Iteration: 510, Loss: 0.06488433480262756
INFO:root:Epoch: 72, Iteration: 511, Loss: 0.08104279637336731
INFO:root:Validation set mIOU: 85.19937101057306
INFO:root:Epoch: 73, Iteration: 512, Loss: 0.05996997654438019
INFO:root:Epoch: 73, Iteration: 513, Loss: 0.10425884276628494
INFO:root:Epoch: 73, Iteration: 514, Loss: 0.1502566635608673
INFO:root:Epoch: 73, Iteration: 515, Loss: 0.057714350521564484
INFO:root:Epoch: 73, Iteration: 516, Loss: 0.09409403800964355
INFO:root:Epoch: 73, Iteration: 517, Loss: 0.08702844381332397
INFO:root:Epoch: 73, Iteration: 518, Loss: 0.08654887974262238
INFO:root:Validation set mIOU: 85.20686780169598
INFO:root:Epoch: 74, Iteration: 519, Loss: 0.06562939286231995
INFO:root:Epoch: 74, Iteration: 520, Loss: 0.06861689686775208
INFO:root:Epoch: 74, Iteration: 521, Loss: 0.0964667797088623
INFO:root:Epoch: 74, Iteration: 522, Loss: 0.07666541635990143
INFO:root:Epoch: 74, Iteration: 523, Loss: 0.07824956625699997
INFO:root:Epoch: 74, Iteration: 524, Loss: 0.12622900307178497
INFO:root:Epoch: 74, Iteration: 525, Loss: 0.10448670387268066
INFO:root:Validation set mIOU: 85.23254417328646
INFO:root:Epoch: 75, Iteration: 526, Loss: 0.10347431153059006
INFO:root:Epoch: 75, Iteration: 527, Loss: 0.08292905241250992
INFO:root:Epoch: 75, Iteration: 528, Loss: 0.08146204054355621
INFO:root:Epoch: 75, Iteration: 529, Loss: 0.07424342632293701
INFO:root:Epoch: 75, Iteration: 530, Loss: 0.07639330625534058
INFO:root:Epoch: 75, Iteration: 531, Loss: 0.07088860869407654
INFO:root:Epoch: 75, Iteration: 532, Loss: 0.12604539096355438
INFO:root:Validation set mIOU: 85.39648239909819
INFO:root:Epoch: 76, Iteration: 533, Loss: 0.09341991692781448
INFO:root:Epoch: 76, Iteration: 534, Loss: 0.08415338397026062
INFO:root:Epoch: 76, Iteration: 535, Loss: 0.08561732620000839
INFO:root:Epoch: 76, Iteration: 536, Loss: 0.08751010149717331
INFO:root:Epoch: 76, Iteration: 537, Loss: 0.10873058438301086
INFO:root:Epoch: 76, Iteration: 538, Loss: 0.08626768738031387
INFO:root:Epoch: 76, Iteration: 539, Loss: 0.06597894430160522
INFO:root:Validation set mIOU: 85.71605247263405
INFO:root:Epoch: 77, Iteration: 540, Loss: 0.07067513465881348
INFO:root:Epoch: 77, Iteration: 541, Loss: 0.07016028463840485
INFO:root:Epoch: 77, Iteration: 542, Loss: 0.11362993717193604
INFO:root:Epoch: 77, Iteration: 543, Loss: 0.08051246404647827
INFO:root:Epoch: 77, Iteration: 544, Loss: 0.07766786962747574
INFO:root:Epoch: 77, Iteration: 545, Loss: 0.10341887176036835
INFO:root:Epoch: 77, Iteration: 546, Loss: 0.07160428166389465
INFO:root:Validation set mIOU: 85.85592124271199
INFO:root:Epoch: 78, Iteration: 547, Loss: 0.07366541773080826
INFO:root:Epoch: 78, Iteration: 548, Loss: 0.08978480100631714
INFO:root:Epoch: 78, Iteration: 549, Loss: 0.09931748360395432
INFO:root:Epoch: 78, Iteration: 550, Loss: 0.08410248905420303
INFO:root:Epoch: 78, Iteration: 551, Loss: 0.08542770147323608
INFO:root:Epoch: 78, Iteration: 552, Loss: 0.0957823246717453
INFO:root:Epoch: 78, Iteration: 553, Loss: 0.08038820326328278
INFO:root:Validation set mIOU: 85.59785825154866
INFO:root:Epoch: 79, Iteration: 554, Loss: 0.07648098468780518
INFO:root:Epoch: 79, Iteration: 555, Loss: 0.07086700201034546
INFO:root:Epoch: 79, Iteration: 556, Loss: 0.08001821488142014
INFO:root:Epoch: 79, Iteration: 557, Loss: 0.07737308740615845
INFO:root:Epoch: 79, Iteration: 558, Loss: 0.07626551389694214
INFO:root:Epoch: 79, Iteration: 559, Loss: 0.12210947275161743
INFO:root:Epoch: 79, Iteration: 560, Loss: 0.09534620493650436
INFO:root:Validation set mIOU: 85.36173462633472
INFO:root:Epoch: 80, Iteration: 561, Loss: 0.22273696959018707
INFO:root:Epoch: 80, Iteration: 562, Loss: 0.07565119117498398
INFO:root:Epoch: 80, Iteration: 563, Loss: 0.09602124989032745
INFO:root:Epoch: 80, Iteration: 564, Loss: 0.0743170753121376
INFO:root:Epoch: 80, Iteration: 565, Loss: 0.0699896514415741
INFO:root:Epoch: 80, Iteration: 566, Loss: 0.07643996924161911
INFO:root:Epoch: 80, Iteration: 567, Loss: 0.08023206889629364
INFO:root:Validation set mIOU: 85.43136726553338
INFO:root:Epoch: 81, Iteration: 568, Loss: 0.06393636763095856
INFO:root:Epoch: 81, Iteration: 569, Loss: 0.08769281208515167
INFO:root:Epoch: 81, Iteration: 570, Loss: 0.07673221826553345
INFO:root:Epoch: 81, Iteration: 571, Loss: 0.08266506344079971
INFO:root:Epoch: 81, Iteration: 572, Loss: 0.06807210296392441
INFO:root:Epoch: 81, Iteration: 573, Loss: 0.06544376164674759
INFO:root:Epoch: 81, Iteration: 574, Loss: 0.11618894338607788
INFO:root:Validation set mIOU: 85.58083365045094
INFO:root:Epoch: 82, Iteration: 575, Loss: 0.09514737874269485
INFO:root:Epoch: 82, Iteration: 576, Loss: 0.07315901666879654
INFO:root:Epoch: 82, Iteration: 577, Loss: 0.08457090705633163
INFO:root:Epoch: 82, Iteration: 578, Loss: 0.07517730444669724
INFO:root:Epoch: 82, Iteration: 579, Loss: 0.08329914510250092
INFO:root:Epoch: 82, Iteration: 580, Loss: 0.08629406243562698
INFO:root:Epoch: 82, Iteration: 581, Loss: 0.11874927580356598
INFO:root:Validation set mIOU: 85.17134378480323
INFO:root:Epoch: 83, Iteration: 582, Loss: 0.07071079313755035
INFO:root:Epoch: 83, Iteration: 583, Loss: 0.0666748583316803
INFO:root:Epoch: 83, Iteration: 584, Loss: 0.1310267597436905
INFO:root:Epoch: 83, Iteration: 585, Loss: 0.07725613564252853
INFO:root:Epoch: 83, Iteration: 586, Loss: 0.06831476092338562
INFO:root:Epoch: 83, Iteration: 587, Loss: 0.08937772363424301
INFO:root:Epoch: 83, Iteration: 588, Loss: 0.07189615070819855
INFO:root:Validation set mIOU: 85.4023002468296
INFO:root:Epoch: 84, Iteration: 589, Loss: 0.0928662121295929
INFO:root:Epoch: 84, Iteration: 590, Loss: 0.06700927764177322
INFO:root:Epoch: 84, Iteration: 591, Loss: 0.07492005825042725
INFO:root:Epoch: 84, Iteration: 592, Loss: 0.08856591582298279
INFO:root:Epoch: 84, Iteration: 593, Loss: 0.06015833094716072
INFO:root:Epoch: 84, Iteration: 594, Loss: 0.08347106724977493
INFO:root:Epoch: 84, Iteration: 595, Loss: 0.08211975544691086
INFO:root:Validation set mIOU: 85.54854632340047
INFO:root:Epoch: 85, Iteration: 596, Loss: 0.06384462118148804
INFO:root:Epoch: 85, Iteration: 597, Loss: 0.1062537208199501
INFO:root:Epoch: 85, Iteration: 598, Loss: 0.14717578887939453
INFO:root:Epoch: 85, Iteration: 599, Loss: 0.1290125697851181
INFO:root:Epoch: 85, Iteration: 600, Loss: 0.08934156596660614
INFO:root:Epoch: 85, Iteration: 601, Loss: 0.09538915753364563
INFO:root:Epoch: 85, Iteration: 602, Loss: 0.062223803251981735
INFO:root:Validation set mIOU: 85.37534079952061
INFO:root:Epoch: 86, Iteration: 603, Loss: 0.09423528611660004
INFO:root:Epoch: 86, Iteration: 604, Loss: 0.12632142007350922
INFO:root:Epoch: 86, Iteration: 605, Loss: 0.07249713689088821
INFO:root:Epoch: 86, Iteration: 606, Loss: 0.0719684511423111
INFO:root:Epoch: 86, Iteration: 607, Loss: 0.09572459012269974
INFO:root:Epoch: 86, Iteration: 608, Loss: 0.06341329216957092
INFO:root:Epoch: 86, Iteration: 609, Loss: 0.12168370932340622
INFO:root:Validation set mIOU: 85.5213720263755
INFO:root:Epoch: 87, Iteration: 610, Loss: 0.11209746450185776
INFO:root:Epoch: 87, Iteration: 611, Loss: 0.0694367066025734
INFO:root:Epoch: 87, Iteration: 612, Loss: 0.11315415054559708
INFO:root:Epoch: 87, Iteration: 613, Loss: 0.08466371893882751
INFO:root:Epoch: 87, Iteration: 614, Loss: 0.08303120732307434
INFO:root:Epoch: 87, Iteration: 615, Loss: 0.07106789201498032
INFO:root:Epoch: 87, Iteration: 616, Loss: 0.09659498929977417
INFO:root:Validation set mIOU: 85.47091336915314
INFO:root:Epoch: 88, Iteration: 617, Loss: 0.0647650957107544
INFO:root:Epoch: 88, Iteration: 618, Loss: 0.09484396874904633
INFO:root:Epoch: 88, Iteration: 619, Loss: 0.06712770462036133
INFO:root:Epoch: 88, Iteration: 620, Loss: 0.07763020694255829
INFO:root:Epoch: 88, Iteration: 621, Loss: 0.08009021729230881
INFO:root:Epoch: 88, Iteration: 622, Loss: 0.06379462033510208
INFO:root:Epoch: 88, Iteration: 623, Loss: 0.06733355671167374
INFO:root:Validation set mIOU: 85.58377180099663
INFO:root:Epoch: 89, Iteration: 624, Loss: 0.09206511825323105
INFO:root:Epoch: 89, Iteration: 625, Loss: 0.0818546712398529
INFO:root:Epoch: 89, Iteration: 626, Loss: 0.07019621133804321
INFO:root:Epoch: 89, Iteration: 627, Loss: 0.09096227586269379
INFO:root:Epoch: 89, Iteration: 628, Loss: 0.07947847247123718
INFO:root:Epoch: 89, Iteration: 629, Loss: 0.07264221459627151
INFO:root:Epoch: 89, Iteration: 630, Loss: 0.06691581010818481
INFO:root:Validation set mIOU: 85.45328521394367
INFO:root:Epoch: 90, Iteration: 631, Loss: 0.08489663153886795
INFO:root:Epoch: 90, Iteration: 632, Loss: 0.06992297619581223
INFO:root:Epoch: 90, Iteration: 633, Loss: 0.0782066360116005
INFO:root:Epoch: 90, Iteration: 634, Loss: 0.0648449957370758
INFO:root:Epoch: 90, Iteration: 635, Loss: 0.09402318298816681
INFO:root:Epoch: 90, Iteration: 636, Loss: 0.07383587211370468
INFO:root:Epoch: 90, Iteration: 637, Loss: 0.08900565654039383
INFO:root:Validation set mIOU: 85.4845121105877
INFO:root:Epoch: 91, Iteration: 638, Loss: 0.08242708444595337
INFO:root:Epoch: 91, Iteration: 639, Loss: 0.0744326263666153
INFO:root:Epoch: 91, Iteration: 640, Loss: 0.11319078505039215
INFO:root:Epoch: 91, Iteration: 641, Loss: 0.07712554931640625
INFO:root:Epoch: 91, Iteration: 642, Loss: 0.09072692692279816
INFO:root:Epoch: 91, Iteration: 643, Loss: 0.08107747882604599
INFO:root:Epoch: 91, Iteration: 644, Loss: 0.07194679975509644
INFO:root:Validation set mIOU: 85.47858420304173
INFO:root:Epoch: 92, Iteration: 645, Loss: 0.06807740777730942
INFO:root:Epoch: 92, Iteration: 646, Loss: 0.09089247137308121
INFO:root:Epoch: 92, Iteration: 647, Loss: 0.08302892744541168
INFO:root:Epoch: 92, Iteration: 648, Loss: 0.09105248004198074
INFO:root:Epoch: 92, Iteration: 649, Loss: 0.07183878868818283
INFO:root:Epoch: 92, Iteration: 650, Loss: 0.0856461301445961
INFO:root:Epoch: 92, Iteration: 651, Loss: 0.07553928345441818
INFO:root:Validation set mIOU: 85.57498165650293
INFO:root:Epoch: 93, Iteration: 652, Loss: 0.06562192738056183
INFO:root:Epoch: 93, Iteration: 653, Loss: 0.06714251637458801
INFO:root:Epoch: 93, Iteration: 654, Loss: 0.06766309589147568
INFO:root:Epoch: 93, Iteration: 655, Loss: 0.08645474165678024
INFO:root:Epoch: 93, Iteration: 656, Loss: 0.08462047576904297
INFO:root:Epoch: 93, Iteration: 657, Loss: 0.09963694959878922
INFO:root:Epoch: 93, Iteration: 658, Loss: 0.09952491521835327
INFO:root:Validation set mIOU: 85.47592147285621
INFO:root:Epoch: 94, Iteration: 659, Loss: 0.07588782906532288
INFO:root:Epoch: 94, Iteration: 660, Loss: 0.12611249089241028
INFO:root:Epoch: 94, Iteration: 661, Loss: 0.07479014247655869
INFO:root:Epoch: 94, Iteration: 662, Loss: 0.09610697627067566
INFO:root:Epoch: 94, Iteration: 663, Loss: 0.07504485547542572
INFO:root:Epoch: 94, Iteration: 664, Loss: 0.1157524511218071
INFO:root:Epoch: 94, Iteration: 665, Loss: 0.06900088489055634
INFO:root:Validation set mIOU: 85.62302117275881
INFO:root:Epoch: 95, Iteration: 666, Loss: 0.09035570919513702
INFO:root:Epoch: 95, Iteration: 667, Loss: 0.08594568073749542
INFO:root:Epoch: 95, Iteration: 668, Loss: 0.06649015098810196
INFO:root:Epoch: 95, Iteration: 669, Loss: 0.11662087589502335
INFO:root:Epoch: 95, Iteration: 670, Loss: 0.07363681495189667
INFO:root:Epoch: 95, Iteration: 671, Loss: 0.05668368190526962
INFO:root:Epoch: 95, Iteration: 672, Loss: 0.07299234718084335
INFO:root:Validation set mIOU: 85.76418343952112
INFO:root:Epoch: 96, Iteration: 673, Loss: 0.10359650105237961
INFO:root:Epoch: 96, Iteration: 674, Loss: 0.061081718653440475
INFO:root:Epoch: 96, Iteration: 675, Loss: 0.11629455536603928
INFO:root:Epoch: 96, Iteration: 676, Loss: 0.07115999609231949
INFO:root:Epoch: 96, Iteration: 677, Loss: 0.10461199283599854
INFO:root:Epoch: 96, Iteration: 678, Loss: 0.08052463084459305
INFO:root:Epoch: 96, Iteration: 679, Loss: 0.06610709428787231
INFO:root:Validation set mIOU: 85.8793019065652
INFO:root:Epoch: 97, Iteration: 680, Loss: 0.06241368502378464
INFO:root:Epoch: 97, Iteration: 681, Loss: 0.1292709857225418
INFO:root:Epoch: 97, Iteration: 682, Loss: 0.10105926543474197
INFO:root:Epoch: 97, Iteration: 683, Loss: 0.07349813729524612
INFO:root:Epoch: 97, Iteration: 684, Loss: 0.10019714385271072
INFO:root:Epoch: 97, Iteration: 685, Loss: 0.07573282718658447
INFO:root:Epoch: 97, Iteration: 686, Loss: 0.07973465323448181
INFO:root:Validation set mIOU: 85.92415032770805
INFO:root:Epoch: 98, Iteration: 687, Loss: 0.08872976899147034
INFO:root:Epoch: 98, Iteration: 688, Loss: 0.08745381981134415
INFO:root:Epoch: 98, Iteration: 689, Loss: 0.1048121526837349
INFO:root:Epoch: 98, Iteration: 690, Loss: 0.07170293480157852
INFO:root:Epoch: 98, Iteration: 691, Loss: 0.05817210301756859
INFO:root:Epoch: 98, Iteration: 692, Loss: 0.05577424168586731
INFO:root:Epoch: 98, Iteration: 693, Loss: 0.08770273625850677
INFO:root:Validation set mIOU: 85.92356867191309
INFO:root:Epoch: 99, Iteration: 694, Loss: 0.08733901381492615
INFO:root:Epoch: 99, Iteration: 695, Loss: 0.09524345397949219
INFO:root:Epoch: 99, Iteration: 696, Loss: 0.07010369002819061
INFO:root:Epoch: 99, Iteration: 697, Loss: 0.06678371876478195
INFO:root:Epoch: 99, Iteration: 698, Loss: 0.07168108969926834
INFO:root:Epoch: 99, Iteration: 699, Loss: 0.06763746589422226
INFO:root:Epoch: 99, Iteration: 700, Loss: 0.060486502945423126
INFO:root:Validation set mIOU: 85.88796602576835
