INFO:root:{'addition': 'no_noisy',
 'backbone': 'resnet50',
 'batch_size': 16,
 'batch_size_consistency': 16,
 'conf_thres': 0.95,
 'config': 'configs/dataset2.yaml',
 'consistency_training': False,
 'crop_size': 320,
 'data_root': './',
 'dataset': 'dataset2',
 'epochs': 100,
 'labeled_id_path': 'dataset/splits/dataset2/1_4/split_no_noisy/labeled.txt',
 'lr': 0.0009,
 'model': 'deeplabv3plus',
 'ngpus': 1,
 'plus': False,
 'pseudo_consistency_mask_path': None,
 'pseudo_mask_path': 'outdir/pseudo_masks/dataset2/1_4/split_no_noisy/deeplabv3plus/resnet50/no_noisy/self_training/non_consistency_training/first_time',
 'rand_thres': 0.8,
 'reliable_id_path': None,
 'save_path': 'outdir/models/dataset2/1_4/split_no_noisy/deeplabv3plus/resnet50/no_noisy/self_training/non_consistency_training/first_time',
 'time': 1,
 'unlabeled_id_path': 'dataset/splits/dataset2/1_4/split_no_noisy/unlabeled.txt',
 'warm_up': 30}

INFO:root:Training supervised with consistency on unlabeled images
INFO:root:Epoch: 0, Iteration: 1, Loss: 1.217142939567566
INFO:root:Epoch: 0, Iteration: 2, Loss: 1.128644347190857
INFO:root:Validation set mIOU: 3.4458205364703334
INFO:root:Epoch: 1, Iteration: 3, Loss: 0.9632836580276489
INFO:root:Epoch: 1, Iteration: 4, Loss: 0.8475025296211243
INFO:root:Validation set mIOU: 25.7698427444139
INFO:root:Epoch: 2, Iteration: 5, Loss: 0.6944093704223633
INFO:root:Epoch: 2, Iteration: 6, Loss: 0.6818357706069946
INFO:root:Validation set mIOU: 27.554783706903358
INFO:root:Epoch: 3, Iteration: 7, Loss: 0.633996844291687
INFO:root:Epoch: 3, Iteration: 8, Loss: 0.4534818232059479
INFO:root:Validation set mIOU: 46.86176117056555
INFO:root:Epoch: 4, Iteration: 9, Loss: 0.4084617793560028
INFO:root:Epoch: 4, Iteration: 10, Loss: 0.39263713359832764
INFO:root:Validation set mIOU: 46.50112259371355
INFO:root:Epoch: 5, Iteration: 11, Loss: 0.38728392124176025
INFO:root:Epoch: 5, Iteration: 12, Loss: 0.33694785833358765
INFO:root:Validation set mIOU: 50.72033542551886
INFO:root:Epoch: 6, Iteration: 13, Loss: 0.3016648590564728
INFO:root:Epoch: 6, Iteration: 14, Loss: 0.31602662801742554
INFO:root:Validation set mIOU: 65.12638736205425
INFO:root:Epoch: 7, Iteration: 15, Loss: 0.2576809525489807
INFO:root:Epoch: 7, Iteration: 16, Loss: 0.22249165177345276
INFO:root:Validation set mIOU: 69.09600462933058
INFO:root:Epoch: 8, Iteration: 17, Loss: 0.2729489505290985
INFO:root:Epoch: 8, Iteration: 18, Loss: 0.18369892239570618
INFO:root:Validation set mIOU: 70.60714404566353
INFO:root:Epoch: 9, Iteration: 19, Loss: 0.2010740488767624
INFO:root:Epoch: 9, Iteration: 20, Loss: 0.19577690958976746
INFO:root:Validation set mIOU: 70.93405975032535
INFO:root:Epoch: 10, Iteration: 21, Loss: 0.18876294791698456
INFO:root:Epoch: 10, Iteration: 22, Loss: 0.17411814630031586
INFO:root:Validation set mIOU: 72.05723748978939
INFO:root:Epoch: 11, Iteration: 23, Loss: 0.15278130769729614
INFO:root:Epoch: 11, Iteration: 24, Loss: 0.17506547272205353
INFO:root:Validation set mIOU: 73.37254904804875
INFO:root:Epoch: 12, Iteration: 25, Loss: 0.1752801537513733
INFO:root:Epoch: 12, Iteration: 26, Loss: 0.16255874931812286
INFO:root:Validation set mIOU: 76.62293308191363
INFO:root:Epoch: 13, Iteration: 27, Loss: 0.1694459170103073
INFO:root:Epoch: 13, Iteration: 28, Loss: 0.14080077409744263
INFO:root:Validation set mIOU: 78.62115170032965
INFO:root:Epoch: 14, Iteration: 29, Loss: 0.11973155289888382
INFO:root:Epoch: 14, Iteration: 30, Loss: 0.16245315968990326
INFO:root:Validation set mIOU: 79.3921875662122
INFO:root:Epoch: 15, Iteration: 31, Loss: 0.13135771453380585
INFO:root:Epoch: 15, Iteration: 32, Loss: 0.13502272963523865
INFO:root:Validation set mIOU: 79.55690379149506
INFO:root:Epoch: 16, Iteration: 33, Loss: 0.11449532210826874
INFO:root:Epoch: 16, Iteration: 34, Loss: 0.11714813113212585
INFO:root:Validation set mIOU: 79.54191300689581
INFO:root:Epoch: 17, Iteration: 35, Loss: 0.12227620929479599
INFO:root:Epoch: 17, Iteration: 36, Loss: 0.11241696029901505
INFO:root:Validation set mIOU: 79.57292514068571
INFO:root:Epoch: 18, Iteration: 37, Loss: 0.15525946021080017
INFO:root:Epoch: 18, Iteration: 38, Loss: 0.11149951070547104
INFO:root:Validation set mIOU: 80.71685888638358
INFO:root:Epoch: 19, Iteration: 39, Loss: 0.09893256425857544
INFO:root:Epoch: 19, Iteration: 40, Loss: 0.11001689732074738
INFO:root:Validation set mIOU: 81.49466896257807
INFO:root:Epoch: 20, Iteration: 41, Loss: 0.10707303881645203
INFO:root:Epoch: 20, Iteration: 42, Loss: 0.09470315277576447
INFO:root:Validation set mIOU: 81.7019605049343
INFO:root:Epoch: 21, Iteration: 43, Loss: 0.08341344445943832
INFO:root:Epoch: 21, Iteration: 44, Loss: 0.11432117223739624
INFO:root:Validation set mIOU: 81.76338866347001
INFO:root:Epoch: 22, Iteration: 45, Loss: 0.08091235905885696
INFO:root:Epoch: 22, Iteration: 46, Loss: 0.12953801453113556
INFO:root:Validation set mIOU: 81.68931673213254
INFO:root:Epoch: 23, Iteration: 47, Loss: 0.08879267424345016
INFO:root:Epoch: 23, Iteration: 48, Loss: 0.08482086658477783
INFO:root:Validation set mIOU: 81.84698957482959
INFO:root:Epoch: 24, Iteration: 49, Loss: 0.10179030895233154
INFO:root:Epoch: 24, Iteration: 50, Loss: 0.1159568727016449
INFO:root:Validation set mIOU: 81.94913754296974
INFO:root:Epoch: 25, Iteration: 51, Loss: 0.11423816531896591
INFO:root:Epoch: 25, Iteration: 52, Loss: 0.07996473461389542
INFO:root:Validation set mIOU: 82.19951836504039
INFO:root:Epoch: 26, Iteration: 53, Loss: 0.12100870162248611
INFO:root:Epoch: 26, Iteration: 54, Loss: 0.09107465296983719
INFO:root:Validation set mIOU: 82.37350390971223
INFO:root:Epoch: 27, Iteration: 55, Loss: 0.08250720053911209
INFO:root:Epoch: 27, Iteration: 56, Loss: 0.08853699266910553
INFO:root:Validation set mIOU: 82.4861958703294
INFO:root:Epoch: 28, Iteration: 57, Loss: 0.09450581669807434
INFO:root:Epoch: 28, Iteration: 58, Loss: 0.13230784237384796
INFO:root:Validation set mIOU: 82.72977880693271
INFO:root:Epoch: 29, Iteration: 59, Loss: 0.09312540292739868
INFO:root:Epoch: 29, Iteration: 60, Loss: 0.1148003414273262
INFO:root:Validation set mIOU: 82.95258272890406
INFO:root:Epoch: 30, Iteration: 61, Loss: 0.08277159184217453
INFO:root:Epoch: 30, Iteration: 62, Loss: 0.08764141798019409
INFO:root:Validation set mIOU: 82.9646314642409
INFO:root:Epoch: 31, Iteration: 63, Loss: 0.08401444554328918
INFO:root:Epoch: 31, Iteration: 64, Loss: 0.09334961324930191
INFO:root:Validation set mIOU: 83.10001972108054
INFO:root:Epoch: 32, Iteration: 65, Loss: 0.08969403803348541
INFO:root:Epoch: 32, Iteration: 66, Loss: 0.07886829972267151
INFO:root:Validation set mIOU: 83.17238931043983
INFO:root:Epoch: 33, Iteration: 67, Loss: 0.07917378097772598
INFO:root:Epoch: 33, Iteration: 68, Loss: 0.08095496892929077
INFO:root:Validation set mIOU: 83.2961334789429
INFO:root:Epoch: 34, Iteration: 69, Loss: 0.09462849795818329
INFO:root:Epoch: 34, Iteration: 70, Loss: 0.0684710294008255
INFO:root:Validation set mIOU: 83.51046422609164
INFO:root:Epoch: 35, Iteration: 71, Loss: 0.08127070963382721
INFO:root:Epoch: 35, Iteration: 72, Loss: 0.08554066717624664
INFO:root:Validation set mIOU: 83.62844804756465
INFO:root:Epoch: 36, Iteration: 73, Loss: 0.07560130953788757
INFO:root:Epoch: 36, Iteration: 74, Loss: 0.07214943319559097
INFO:root:Validation set mIOU: 83.54259243399925
INFO:root:Epoch: 37, Iteration: 75, Loss: 0.09081374853849411
INFO:root:Epoch: 37, Iteration: 76, Loss: 0.07298259437084198
INFO:root:Validation set mIOU: 83.56517718150855
INFO:root:Epoch: 38, Iteration: 77, Loss: 0.06516532599925995
INFO:root:Epoch: 38, Iteration: 78, Loss: 0.07119438052177429
INFO:root:Validation set mIOU: 83.56687433878841
INFO:root:Epoch: 39, Iteration: 79, Loss: 0.06956971436738968
INFO:root:Epoch: 39, Iteration: 80, Loss: 0.07430291175842285
INFO:root:Validation set mIOU: 83.62211901332684
INFO:root:Epoch: 40, Iteration: 81, Loss: 0.06996522843837738
INFO:root:Epoch: 40, Iteration: 82, Loss: 0.08131109923124313
INFO:root:Validation set mIOU: 83.64797421551896
INFO:root:Epoch: 41, Iteration: 83, Loss: 0.062029823660850525
INFO:root:Epoch: 41, Iteration: 84, Loss: 0.06856798380613327
INFO:root:Validation set mIOU: 83.57928778449572
INFO:root:Epoch: 42, Iteration: 85, Loss: 0.05770053714513779
INFO:root:Epoch: 42, Iteration: 86, Loss: 0.06802277266979218
INFO:root:Validation set mIOU: 83.57164598170031
INFO:root:Epoch: 43, Iteration: 87, Loss: 0.07758568227291107
INFO:root:Epoch: 43, Iteration: 88, Loss: 0.0708255022764206
INFO:root:Validation set mIOU: 83.55464025209754
INFO:root:Epoch: 44, Iteration: 89, Loss: 0.055571626871824265
INFO:root:Epoch: 44, Iteration: 90, Loss: 0.06892088800668716
INFO:root:Validation set mIOU: 83.60589470678002
INFO:root:Epoch: 45, Iteration: 91, Loss: 0.06391583383083344
INFO:root:Epoch: 45, Iteration: 92, Loss: 0.07062055915594101
INFO:root:Validation set mIOU: 83.63623173952499
INFO:root:Epoch: 46, Iteration: 93, Loss: 0.07210291922092438
INFO:root:Epoch: 46, Iteration: 94, Loss: 0.0704817995429039
INFO:root:Validation set mIOU: 83.7977099315784
INFO:root:Epoch: 47, Iteration: 95, Loss: 0.05448012426495552
INFO:root:Epoch: 47, Iteration: 96, Loss: 0.12151484936475754
INFO:root:Validation set mIOU: 84.07086681938729
INFO:root:Epoch: 48, Iteration: 97, Loss: 0.0590534508228302
INFO:root:Epoch: 48, Iteration: 98, Loss: 0.07763819396495819
INFO:root:Validation set mIOU: 84.19061863057416
INFO:root:Epoch: 49, Iteration: 99, Loss: 0.09721308946609497
INFO:root:Epoch: 49, Iteration: 100, Loss: 0.056887175887823105
INFO:root:Validation set mIOU: 84.04323442991517
INFO:root:Epoch: 50, Iteration: 101, Loss: 0.05459458753466606
INFO:root:Epoch: 50, Iteration: 102, Loss: 0.06471065431833267
INFO:root:Validation set mIOU: 83.96868987710211
INFO:root:Epoch: 51, Iteration: 103, Loss: 0.0822804719209671
INFO:root:Epoch: 51, Iteration: 104, Loss: 0.06258441507816315
INFO:root:Validation set mIOU: 83.88683150693808
INFO:root:Epoch: 52, Iteration: 105, Loss: 0.06028982624411583
INFO:root:Epoch: 52, Iteration: 106, Loss: 0.09445719420909882
INFO:root:Validation set mIOU: 83.73322156928823
INFO:root:Epoch: 53, Iteration: 107, Loss: 0.0629277378320694
INFO:root:Epoch: 53, Iteration: 108, Loss: 0.06460218131542206
INFO:root:Validation set mIOU: 83.93264760045147
INFO:root:Epoch: 54, Iteration: 109, Loss: 0.08077213913202286
INFO:root:Epoch: 54, Iteration: 110, Loss: 0.0746740773320198
INFO:root:Validation set mIOU: 84.08830608742514
INFO:root:Epoch: 55, Iteration: 111, Loss: 0.0660463348031044
INFO:root:Epoch: 55, Iteration: 112, Loss: 0.07212723791599274
INFO:root:Validation set mIOU: 84.23409576053486
INFO:root:Epoch: 56, Iteration: 113, Loss: 0.06521163135766983
INFO:root:Epoch: 56, Iteration: 114, Loss: 0.0720917209982872
INFO:root:Validation set mIOU: 84.35279446586655
INFO:root:Epoch: 57, Iteration: 115, Loss: 0.07261289656162262
INFO:root:Epoch: 57, Iteration: 116, Loss: 0.05970576032996178
INFO:root:Validation set mIOU: 84.32895479304673
INFO:root:Epoch: 58, Iteration: 117, Loss: 0.15409371256828308
INFO:root:Epoch: 58, Iteration: 118, Loss: 0.053860943764448166
INFO:root:Validation set mIOU: 84.45773018452203
INFO:root:Epoch: 59, Iteration: 119, Loss: 0.06427745521068573
INFO:root:Epoch: 59, Iteration: 120, Loss: 0.061743780970573425
INFO:root:Validation set mIOU: 84.4466960328082
INFO:root:Epoch: 60, Iteration: 121, Loss: 0.05803462862968445
INFO:root:Epoch: 60, Iteration: 122, Loss: 0.06948622316122055
INFO:root:Validation set mIOU: 84.50815775244067
INFO:root:Epoch: 61, Iteration: 123, Loss: 0.054627832025289536
INFO:root:Epoch: 61, Iteration: 124, Loss: 0.06199328228831291
INFO:root:Validation set mIOU: 84.47787258341292
INFO:root:Epoch: 62, Iteration: 125, Loss: 0.05944614112377167
INFO:root:Epoch: 62, Iteration: 126, Loss: 0.050856370478868484
INFO:root:Validation set mIOU: 84.50210245011812
INFO:root:Epoch: 63, Iteration: 127, Loss: 0.05654078722000122
INFO:root:Epoch: 63, Iteration: 128, Loss: 0.05644560605287552
INFO:root:Validation set mIOU: 84.51297497164857
INFO:root:Epoch: 64, Iteration: 129, Loss: 0.06782730668783188
INFO:root:Epoch: 64, Iteration: 130, Loss: 0.057599108666181564
INFO:root:Validation set mIOU: 84.60572012859724
INFO:root:Epoch: 65, Iteration: 131, Loss: 0.06544282287359238
INFO:root:Epoch: 65, Iteration: 132, Loss: 0.07365436851978302
INFO:root:Validation set mIOU: 84.7671931381005
INFO:root:Epoch: 66, Iteration: 133, Loss: 0.06393127888441086
INFO:root:Epoch: 66, Iteration: 134, Loss: 0.05895032361149788
INFO:root:Validation set mIOU: 84.81902221407354
INFO:root:Epoch: 67, Iteration: 135, Loss: 0.060553740710020065
INFO:root:Epoch: 67, Iteration: 136, Loss: 0.06526810675859451
INFO:root:Validation set mIOU: 84.7561170455061
INFO:root:Epoch: 68, Iteration: 137, Loss: 0.05515792965888977
INFO:root:Epoch: 68, Iteration: 138, Loss: 0.06918436288833618
INFO:root:Validation set mIOU: 84.78921792123838
INFO:root:Epoch: 69, Iteration: 139, Loss: 0.07331328094005585
INFO:root:Epoch: 69, Iteration: 140, Loss: 0.044737353920936584
INFO:root:Validation set mIOU: 84.77135368251268
INFO:root:Epoch: 70, Iteration: 141, Loss: 0.058406054973602295
INFO:root:Epoch: 70, Iteration: 142, Loss: 0.06735467910766602
INFO:root:Validation set mIOU: 84.8279259114797
INFO:root:Epoch: 71, Iteration: 143, Loss: 0.05676078423857689
INFO:root:Epoch: 71, Iteration: 144, Loss: 0.06326358020305634
INFO:root:Validation set mIOU: 84.8718697701587
INFO:root:Epoch: 72, Iteration: 145, Loss: 0.06623569130897522
INFO:root:Epoch: 72, Iteration: 146, Loss: 0.07706566900014877
INFO:root:Validation set mIOU: 84.87383302090751
INFO:root:Epoch: 73, Iteration: 147, Loss: 0.055223654955625534
INFO:root:Epoch: 73, Iteration: 148, Loss: 0.057353146374225616
INFO:root:Validation set mIOU: 84.86940289560705
INFO:root:Epoch: 74, Iteration: 149, Loss: 0.06221618875861168
INFO:root:Epoch: 74, Iteration: 150, Loss: 0.05579325929284096
INFO:root:Validation set mIOU: 84.85462064485839
INFO:root:Epoch: 75, Iteration: 151, Loss: 0.07949550449848175
INFO:root:Epoch: 75, Iteration: 152, Loss: 0.0597236268222332
INFO:root:Validation set mIOU: 84.86749705423581
INFO:root:Epoch: 76, Iteration: 153, Loss: 0.0697057917714119
INFO:root:Epoch: 76, Iteration: 154, Loss: 0.06534987688064575
INFO:root:Validation set mIOU: 84.89756158832863
INFO:root:Epoch: 77, Iteration: 155, Loss: 0.06179146096110344
INFO:root:Epoch: 77, Iteration: 156, Loss: 0.06709880381822586
INFO:root:Validation set mIOU: 84.95821779848343
INFO:root:Epoch: 78, Iteration: 157, Loss: 0.06304548680782318
INFO:root:Epoch: 78, Iteration: 158, Loss: 0.05589047074317932
INFO:root:Validation set mIOU: 84.89389057290624
INFO:root:Epoch: 79, Iteration: 159, Loss: 0.057691507041454315
INFO:root:Epoch: 79, Iteration: 160, Loss: 0.05747946351766586
INFO:root:Validation set mIOU: 84.89734770409444
INFO:root:Epoch: 80, Iteration: 161, Loss: 0.0506003238260746
INFO:root:Epoch: 80, Iteration: 162, Loss: 0.04910871013998985
INFO:root:Validation set mIOU: 84.95333142891256
INFO:root:Epoch: 81, Iteration: 163, Loss: 0.049807384610176086
INFO:root:Epoch: 81, Iteration: 164, Loss: 0.050327103585004807
INFO:root:Validation set mIOU: 84.93753105466298
INFO:root:Epoch: 82, Iteration: 165, Loss: 0.06230273097753525
INFO:root:Epoch: 82, Iteration: 166, Loss: 0.07346317172050476
INFO:root:Validation set mIOU: 84.88884263580428
INFO:root:Epoch: 83, Iteration: 167, Loss: 0.05631782114505768
INFO:root:Epoch: 83, Iteration: 168, Loss: 0.06954246759414673
INFO:root:Validation set mIOU: 84.84389618742952
INFO:root:Epoch: 84, Iteration: 169, Loss: 0.059395913034677505
INFO:root:Epoch: 84, Iteration: 170, Loss: 0.06561652570962906
INFO:root:Validation set mIOU: 84.77988822370331
INFO:root:Epoch: 85, Iteration: 171, Loss: 0.05578738451004028
INFO:root:Epoch: 85, Iteration: 172, Loss: 0.059193093329668045
INFO:root:Validation set mIOU: 84.80824908584337
INFO:root:Epoch: 86, Iteration: 173, Loss: 0.10253271460533142
INFO:root:Epoch: 86, Iteration: 174, Loss: 0.06468858569860458
INFO:root:Validation set mIOU: 84.82199034473648
INFO:root:Epoch: 87, Iteration: 175, Loss: 0.05934198945760727
INFO:root:Epoch: 87, Iteration: 176, Loss: 0.06209224462509155
INFO:root:Validation set mIOU: 84.83869882388692
INFO:root:Epoch: 88, Iteration: 177, Loss: 0.05595376715064049
INFO:root:Epoch: 88, Iteration: 178, Loss: 0.05102007836103439
INFO:root:Validation set mIOU: 84.77336176734137
INFO:root:Epoch: 89, Iteration: 179, Loss: 0.053039681166410446
INFO:root:Epoch: 89, Iteration: 180, Loss: 0.06047535687685013
INFO:root:Validation set mIOU: 84.8024031505347
INFO:root:Epoch: 90, Iteration: 181, Loss: 0.05266404151916504
INFO:root:Epoch: 90, Iteration: 182, Loss: 0.06966235488653183
INFO:root:Validation set mIOU: 84.80040035740984
INFO:root:Epoch: 91, Iteration: 183, Loss: 0.06055805832147598
INFO:root:Epoch: 91, Iteration: 184, Loss: 0.05363697558641434
INFO:root:Validation set mIOU: 84.78160020805703
INFO:root:Epoch: 92, Iteration: 185, Loss: 0.04717192053794861
INFO:root:Epoch: 92, Iteration: 186, Loss: 0.05478084832429886
INFO:root:Validation set mIOU: 84.82637040142707
INFO:root:Epoch: 93, Iteration: 187, Loss: 0.058703165501356125
INFO:root:Epoch: 93, Iteration: 188, Loss: 0.06106620654463768
INFO:root:Validation set mIOU: 84.83773270493353
INFO:root:Epoch: 94, Iteration: 189, Loss: 0.0540279746055603
INFO:root:Epoch: 94, Iteration: 190, Loss: 0.05766958370804787
INFO:root:Validation set mIOU: 84.87878156164092
INFO:root:Epoch: 95, Iteration: 191, Loss: 0.05962689593434334
INFO:root:Epoch: 95, Iteration: 192, Loss: 0.05702746659517288
INFO:root:Validation set mIOU: 84.88043696642687
INFO:root:Epoch: 96, Iteration: 193, Loss: 0.05872468650341034
INFO:root:Epoch: 96, Iteration: 194, Loss: 0.06549995392560959
INFO:root:Validation set mIOU: 84.90528317373598
INFO:root:Epoch: 97, Iteration: 195, Loss: 0.05824309214949608
INFO:root:Epoch: 97, Iteration: 196, Loss: 0.05760762840509415
INFO:root:Validation set mIOU: 84.8830005902325
INFO:root:Epoch: 98, Iteration: 197, Loss: 0.051287971436977386
INFO:root:Epoch: 98, Iteration: 198, Loss: 0.05632300674915314
INFO:root:Validation set mIOU: 84.87414125204535
INFO:root:Epoch: 99, Iteration: 199, Loss: 0.05946928635239601
INFO:root:Epoch: 99, Iteration: 200, Loss: 0.06068112701177597
INFO:root:Validation set mIOU: 84.83061672084732
INFO:root:Semi-training
INFO:root:Epoch: 0, Iteration: 1, Loss: 1.276593565940857
INFO:root:Epoch: 0, Iteration: 2, Loss: 1.1230804920196533
INFO:root:Epoch: 0, Iteration: 3, Loss: 1.0399501323699951
INFO:root:Epoch: 0, Iteration: 4, Loss: 0.8534650802612305
INFO:root:Epoch: 0, Iteration: 5, Loss: 0.7067362070083618
INFO:root:Epoch: 0, Iteration: 6, Loss: 0.5966017246246338
INFO:root:Epoch: 0, Iteration: 7, Loss: 0.6825864911079407
INFO:root:Validation set mIOU: 25.451709714310272
INFO:root:Epoch: 1, Iteration: 8, Loss: 0.6009524464607239
INFO:root:Epoch: 1, Iteration: 9, Loss: 0.6107841730117798
INFO:root:Epoch: 1, Iteration: 10, Loss: 0.5350130200386047
INFO:root:Epoch: 1, Iteration: 11, Loss: 0.37617063522338867
INFO:root:Epoch: 1, Iteration: 12, Loss: 0.4079672694206238
INFO:root:Epoch: 1, Iteration: 13, Loss: 0.3464491069316864
INFO:root:Epoch: 1, Iteration: 14, Loss: 0.4193579852581024
INFO:root:Validation set mIOU: 56.53433022234342
INFO:root:Epoch: 2, Iteration: 15, Loss: 0.38301971554756165
INFO:root:Epoch: 2, Iteration: 16, Loss: 0.32724669575691223
INFO:root:Epoch: 2, Iteration: 17, Loss: 0.32473018765449524
INFO:root:Epoch: 2, Iteration: 18, Loss: 0.31430140137672424
INFO:root:Epoch: 2, Iteration: 19, Loss: 0.26480793952941895
INFO:root:Epoch: 2, Iteration: 20, Loss: 0.25462231040000916
INFO:root:Epoch: 2, Iteration: 21, Loss: 0.22618228197097778
INFO:root:Validation set mIOU: 67.53389721917982
INFO:root:Epoch: 3, Iteration: 22, Loss: 0.3147185742855072
INFO:root:Epoch: 3, Iteration: 23, Loss: 0.2644788920879364
INFO:root:Epoch: 3, Iteration: 24, Loss: 0.2590050995349884
INFO:root:Epoch: 3, Iteration: 25, Loss: 0.2637694180011749
INFO:root:Epoch: 3, Iteration: 26, Loss: 0.24677841365337372
INFO:root:Epoch: 3, Iteration: 27, Loss: 0.27647078037261963
INFO:root:Epoch: 3, Iteration: 28, Loss: 0.22452005743980408
INFO:root:Validation set mIOU: 58.98988435130571
INFO:root:Epoch: 4, Iteration: 29, Loss: 0.2148243486881256
INFO:root:Epoch: 4, Iteration: 30, Loss: 0.18069276213645935
INFO:root:Epoch: 4, Iteration: 31, Loss: 0.27431386709213257
INFO:root:Epoch: 4, Iteration: 32, Loss: 0.2755333185195923
INFO:root:Epoch: 4, Iteration: 33, Loss: 0.16627594828605652
INFO:root:Epoch: 4, Iteration: 34, Loss: 0.1753206104040146
INFO:root:Epoch: 4, Iteration: 35, Loss: 0.2345418781042099
INFO:root:Validation set mIOU: 72.88814215104408
INFO:root:Epoch: 5, Iteration: 36, Loss: 0.1755615770816803
INFO:root:Epoch: 5, Iteration: 37, Loss: 0.173272043466568
INFO:root:Epoch: 5, Iteration: 38, Loss: 0.22349657118320465
INFO:root:Epoch: 5, Iteration: 39, Loss: 0.17697831988334656
INFO:root:Epoch: 5, Iteration: 40, Loss: 0.2118249386548996
INFO:root:Epoch: 5, Iteration: 41, Loss: 0.1643558144569397
INFO:root:Epoch: 5, Iteration: 42, Loss: 0.1665320098400116
INFO:root:Validation set mIOU: 77.80063088029698
INFO:root:Epoch: 6, Iteration: 43, Loss: 0.14441810548305511
INFO:root:Epoch: 6, Iteration: 44, Loss: 0.12796609103679657
INFO:root:Epoch: 6, Iteration: 45, Loss: 0.1691078394651413
INFO:root:Epoch: 6, Iteration: 46, Loss: 0.18084165453910828
INFO:root:Epoch: 6, Iteration: 47, Loss: 0.1767924726009369
INFO:root:Epoch: 6, Iteration: 48, Loss: 0.19810213148593903
INFO:root:Epoch: 6, Iteration: 49, Loss: 0.24852430820465088
INFO:root:Validation set mIOU: 76.24882781616668
INFO:root:Epoch: 7, Iteration: 50, Loss: 0.1513919234275818
INFO:root:Epoch: 7, Iteration: 51, Loss: 0.1941169649362564
INFO:root:Epoch: 7, Iteration: 52, Loss: 0.13533392548561096
INFO:root:Epoch: 7, Iteration: 53, Loss: 0.13812902569770813
INFO:root:Epoch: 7, Iteration: 54, Loss: 0.1808970719575882
INFO:root:Epoch: 7, Iteration: 55, Loss: 0.16794131696224213
INFO:root:Epoch: 7, Iteration: 56, Loss: 0.1505916267633438
INFO:root:Validation set mIOU: 81.55808800922028
INFO:root:Epoch: 8, Iteration: 57, Loss: 0.181554913520813
INFO:root:Epoch: 8, Iteration: 58, Loss: 0.12597942352294922
INFO:root:Epoch: 8, Iteration: 59, Loss: 0.17429542541503906
INFO:root:Epoch: 8, Iteration: 60, Loss: 0.1618662327528
INFO:root:Epoch: 8, Iteration: 61, Loss: 0.1329963654279709
INFO:root:Epoch: 8, Iteration: 62, Loss: 0.11570054292678833
INFO:root:Epoch: 8, Iteration: 63, Loss: 0.11953161656856537
INFO:root:Validation set mIOU: 83.01649324287172
INFO:root:Epoch: 9, Iteration: 64, Loss: 0.11912313103675842
INFO:root:Epoch: 9, Iteration: 65, Loss: 0.13371910154819489
INFO:root:Epoch: 9, Iteration: 66, Loss: 0.16469134390354156
INFO:root:Epoch: 9, Iteration: 67, Loss: 0.14775621891021729
INFO:root:Epoch: 9, Iteration: 68, Loss: 0.1114988625049591
INFO:root:Epoch: 9, Iteration: 69, Loss: 0.20449988543987274
INFO:root:Epoch: 9, Iteration: 70, Loss: 0.16361820697784424
INFO:root:Validation set mIOU: 83.71029542184215
INFO:root:Epoch: 10, Iteration: 71, Loss: 0.11523663997650146
INFO:root:Epoch: 10, Iteration: 72, Loss: 0.16379761695861816
INFO:root:Epoch: 10, Iteration: 73, Loss: 0.10471921414136887
INFO:root:Epoch: 10, Iteration: 74, Loss: 0.17045970261096954
INFO:root:Epoch: 10, Iteration: 75, Loss: 0.1560392826795578
INFO:root:Epoch: 10, Iteration: 76, Loss: 0.13528048992156982
INFO:root:Epoch: 10, Iteration: 77, Loss: 0.17454242706298828
INFO:root:Validation set mIOU: 82.73513858977645
INFO:root:Epoch: 11, Iteration: 78, Loss: 0.11916045844554901
INFO:root:Epoch: 11, Iteration: 79, Loss: 0.17957262694835663
INFO:root:Epoch: 11, Iteration: 80, Loss: 0.14635199308395386
INFO:root:Epoch: 11, Iteration: 81, Loss: 0.17032206058502197
INFO:root:Epoch: 11, Iteration: 82, Loss: 0.1239599883556366
INFO:root:Epoch: 11, Iteration: 83, Loss: 0.1438647210597992
INFO:root:Epoch: 11, Iteration: 84, Loss: 0.11706798523664474
INFO:root:Validation set mIOU: 83.13433002699679
INFO:root:Epoch: 12, Iteration: 85, Loss: 0.11730127036571503
INFO:root:Epoch: 12, Iteration: 86, Loss: 0.09139735251665115
INFO:root:Epoch: 12, Iteration: 87, Loss: 0.12845978140830994
INFO:root:Epoch: 12, Iteration: 88, Loss: 0.14834895730018616
INFO:root:Epoch: 12, Iteration: 89, Loss: 0.14798910915851593
INFO:root:Epoch: 12, Iteration: 90, Loss: 0.08911725133657455
INFO:root:Epoch: 12, Iteration: 91, Loss: 0.15571416914463043
INFO:root:Validation set mIOU: 82.76192952317913
INFO:root:Epoch: 13, Iteration: 92, Loss: 0.14522434771060944
INFO:root:Epoch: 13, Iteration: 93, Loss: 0.18492603302001953
INFO:root:Epoch: 13, Iteration: 94, Loss: 0.11827433109283447
INFO:root:Epoch: 13, Iteration: 95, Loss: 0.20186245441436768
INFO:root:Epoch: 13, Iteration: 96, Loss: 0.12729358673095703
INFO:root:Epoch: 13, Iteration: 97, Loss: 0.09092015773057938
INFO:root:Epoch: 13, Iteration: 98, Loss: 0.11218830943107605
INFO:root:Validation set mIOU: 84.1196435219492
INFO:root:Epoch: 14, Iteration: 99, Loss: 0.10737772285938263
INFO:root:Epoch: 14, Iteration: 100, Loss: 0.11734506487846375
INFO:root:Epoch: 14, Iteration: 101, Loss: 0.11984403431415558
INFO:root:Epoch: 14, Iteration: 102, Loss: 0.10636025667190552
INFO:root:Epoch: 14, Iteration: 103, Loss: 0.11127360165119171
INFO:root:Epoch: 14, Iteration: 104, Loss: 0.12124824523925781
INFO:root:Epoch: 14, Iteration: 105, Loss: 0.12298566102981567
INFO:root:Validation set mIOU: 83.96653848839094
INFO:root:Epoch: 15, Iteration: 106, Loss: 0.12323736399412155
INFO:root:Epoch: 15, Iteration: 107, Loss: 0.13885299861431122
INFO:root:Epoch: 15, Iteration: 108, Loss: 0.14730212092399597
INFO:root:Epoch: 15, Iteration: 109, Loss: 0.12568874657154083
INFO:root:Epoch: 15, Iteration: 110, Loss: 0.07619776576757431
INFO:root:Epoch: 15, Iteration: 111, Loss: 0.15503700077533722
INFO:root:Epoch: 15, Iteration: 112, Loss: 0.10916085541248322
INFO:root:Validation set mIOU: 84.60189408419541
INFO:root:Epoch: 16, Iteration: 113, Loss: 0.11384674161672592
INFO:root:Epoch: 16, Iteration: 114, Loss: 0.09929171949625015
INFO:root:Epoch: 16, Iteration: 115, Loss: 0.19389444589614868
INFO:root:Epoch: 16, Iteration: 116, Loss: 0.1297530084848404
INFO:root:Epoch: 16, Iteration: 117, Loss: 0.11112581938505173
INFO:root:Epoch: 16, Iteration: 118, Loss: 0.13391238451004028
INFO:root:Epoch: 16, Iteration: 119, Loss: 0.0895180031657219
INFO:root:Validation set mIOU: 84.82321993380279
INFO:root:Epoch: 17, Iteration: 120, Loss: 0.11480844765901566
INFO:root:Epoch: 17, Iteration: 121, Loss: 0.14353938400745392
INFO:root:Epoch: 17, Iteration: 122, Loss: 0.11356768012046814
INFO:root:Epoch: 17, Iteration: 123, Loss: 0.14154839515686035
INFO:root:Epoch: 17, Iteration: 124, Loss: 0.10126807540655136
INFO:root:Epoch: 17, Iteration: 125, Loss: 0.07415597885847092
INFO:root:Epoch: 17, Iteration: 126, Loss: 0.11525748670101166
INFO:root:Validation set mIOU: 84.42844623398109
INFO:root:Epoch: 18, Iteration: 127, Loss: 0.10090217739343643
INFO:root:Epoch: 18, Iteration: 128, Loss: 0.14018337428569794
INFO:root:Epoch: 18, Iteration: 129, Loss: 0.0940752923488617
INFO:root:Epoch: 18, Iteration: 130, Loss: 0.08612708747386932
INFO:root:Epoch: 18, Iteration: 131, Loss: 0.10476536303758621
INFO:root:Epoch: 18, Iteration: 132, Loss: 0.12169627100229263
INFO:root:Epoch: 18, Iteration: 133, Loss: 0.08627549558877945
INFO:root:Validation set mIOU: 84.68942809661725
INFO:root:Epoch: 19, Iteration: 134, Loss: 0.11928196251392365
INFO:root:Epoch: 19, Iteration: 135, Loss: 0.11556515097618103
INFO:root:Epoch: 19, Iteration: 136, Loss: 0.23583140969276428
INFO:root:Epoch: 19, Iteration: 137, Loss: 0.11714659631252289
INFO:root:Epoch: 19, Iteration: 138, Loss: 0.08461962640285492
INFO:root:Epoch: 19, Iteration: 139, Loss: 0.08165042847394943
INFO:root:Epoch: 19, Iteration: 140, Loss: 0.16654762625694275
INFO:root:Validation set mIOU: 84.39739442228846
INFO:root:Epoch: 20, Iteration: 141, Loss: 0.101665198802948
INFO:root:Epoch: 20, Iteration: 142, Loss: 0.12460605055093765
INFO:root:Epoch: 20, Iteration: 143, Loss: 0.101474329829216
INFO:root:Epoch: 20, Iteration: 144, Loss: 0.12041103094816208
INFO:root:Epoch: 20, Iteration: 145, Loss: 0.10760460048913956
INFO:root:Epoch: 20, Iteration: 146, Loss: 0.10865221172571182
INFO:root:Epoch: 20, Iteration: 147, Loss: 0.14478464424610138
INFO:root:Validation set mIOU: 84.44686538145496
INFO:root:Epoch: 21, Iteration: 148, Loss: 0.10830337554216385
INFO:root:Epoch: 21, Iteration: 149, Loss: 0.09909798204898834
INFO:root:Epoch: 21, Iteration: 150, Loss: 0.12366049736738205
INFO:root:Epoch: 21, Iteration: 151, Loss: 0.12476971000432968
INFO:root:Epoch: 21, Iteration: 152, Loss: 0.12293266505002975
INFO:root:Epoch: 21, Iteration: 153, Loss: 0.09621431678533554
INFO:root:Epoch: 21, Iteration: 154, Loss: 0.11815515905618668
INFO:root:Validation set mIOU: 84.57651083375941
INFO:root:Epoch: 22, Iteration: 155, Loss: 0.1367204189300537
INFO:root:Epoch: 22, Iteration: 156, Loss: 0.1497822403907776
INFO:root:Epoch: 22, Iteration: 157, Loss: 0.09003414213657379
INFO:root:Epoch: 22, Iteration: 158, Loss: 0.18170559406280518
INFO:root:Epoch: 22, Iteration: 159, Loss: 0.11736402660608292
INFO:root:Epoch: 22, Iteration: 160, Loss: 0.09764639288187027
INFO:root:Epoch: 22, Iteration: 161, Loss: 0.1013820692896843
INFO:root:Validation set mIOU: 84.65336051468947
INFO:root:Epoch: 23, Iteration: 162, Loss: 0.17598631978034973
INFO:root:Epoch: 23, Iteration: 163, Loss: 0.11984769999980927
INFO:root:Epoch: 23, Iteration: 164, Loss: 0.09374189376831055
INFO:root:Epoch: 23, Iteration: 165, Loss: 0.10070721805095673
INFO:root:Epoch: 23, Iteration: 166, Loss: 0.16875675320625305
INFO:root:Epoch: 23, Iteration: 167, Loss: 0.131885826587677
INFO:root:Epoch: 23, Iteration: 168, Loss: 0.10521990060806274
INFO:root:Validation set mIOU: 85.28297456851982
INFO:root:Epoch: 24, Iteration: 169, Loss: 0.08974245935678482
INFO:root:Epoch: 24, Iteration: 170, Loss: 0.08970017731189728
INFO:root:Epoch: 24, Iteration: 171, Loss: 0.09909380972385406
INFO:root:Epoch: 24, Iteration: 172, Loss: 0.11076010018587112
INFO:root:Epoch: 24, Iteration: 173, Loss: 0.1139751598238945
INFO:root:Epoch: 24, Iteration: 174, Loss: 0.08907894790172577
INFO:root:Epoch: 24, Iteration: 175, Loss: 0.08349815011024475
INFO:root:Validation set mIOU: 85.41592874453033
INFO:root:Epoch: 25, Iteration: 176, Loss: 0.10614881664514542
INFO:root:Epoch: 25, Iteration: 177, Loss: 0.11934919655323029
INFO:root:Epoch: 25, Iteration: 178, Loss: 0.14265675842761993
INFO:root:Epoch: 25, Iteration: 179, Loss: 0.07536907494068146
INFO:root:Epoch: 25, Iteration: 180, Loss: 0.18137000501155853
INFO:root:Epoch: 25, Iteration: 181, Loss: 0.10688502341508865
INFO:root:Epoch: 25, Iteration: 182, Loss: 0.09935968369245529
INFO:root:Validation set mIOU: 85.53472796958067
INFO:root:Epoch: 26, Iteration: 183, Loss: 0.09735724329948425
INFO:root:Epoch: 26, Iteration: 184, Loss: 0.1324090212583542
INFO:root:Epoch: 26, Iteration: 185, Loss: 0.093955859541893
INFO:root:Epoch: 26, Iteration: 186, Loss: 0.10064880549907684
INFO:root:Epoch: 26, Iteration: 187, Loss: 0.08773473650217056
INFO:root:Epoch: 26, Iteration: 188, Loss: 0.14659415185451508
INFO:root:Epoch: 26, Iteration: 189, Loss: 0.09173965454101562
INFO:root:Validation set mIOU: 85.48986710724726
INFO:root:Epoch: 27, Iteration: 190, Loss: 0.09468682110309601
INFO:root:Epoch: 27, Iteration: 191, Loss: 0.10220224410295486
INFO:root:Epoch: 27, Iteration: 192, Loss: 0.07142845541238785
INFO:root:Epoch: 27, Iteration: 193, Loss: 0.11245793849229813
INFO:root:Epoch: 27, Iteration: 194, Loss: 0.11590248346328735
INFO:root:Epoch: 27, Iteration: 195, Loss: 0.12694285809993744
INFO:root:Epoch: 27, Iteration: 196, Loss: 0.1111169159412384
INFO:root:Validation set mIOU: 85.71826779416234
INFO:root:Epoch: 28, Iteration: 197, Loss: 0.08211259543895721
INFO:root:Epoch: 28, Iteration: 198, Loss: 0.06853598356246948
INFO:root:Epoch: 28, Iteration: 199, Loss: 0.08866536617279053
INFO:root:Epoch: 28, Iteration: 200, Loss: 0.08612179756164551
INFO:root:Epoch: 28, Iteration: 201, Loss: 0.09476359188556671
INFO:root:Epoch: 28, Iteration: 202, Loss: 0.12223242223262787
INFO:root:Epoch: 28, Iteration: 203, Loss: 0.10734853148460388
INFO:root:Validation set mIOU: 85.53692212284871
INFO:root:Epoch: 29, Iteration: 204, Loss: 0.09505562484264374
INFO:root:Epoch: 29, Iteration: 205, Loss: 0.06566561758518219
INFO:root:Epoch: 29, Iteration: 206, Loss: 0.22092293202877045
INFO:root:Epoch: 29, Iteration: 207, Loss: 0.18079529702663422
INFO:root:Epoch: 29, Iteration: 208, Loss: 0.12968796491622925
INFO:root:Epoch: 29, Iteration: 209, Loss: 0.0696977972984314
INFO:root:Epoch: 29, Iteration: 210, Loss: 0.14083050191402435
INFO:root:Validation set mIOU: 85.25814225975718
INFO:root:Epoch: 30, Iteration: 211, Loss: 0.08444016426801682
INFO:root:Epoch: 30, Iteration: 212, Loss: 0.13757140934467316
INFO:root:Epoch: 30, Iteration: 213, Loss: 0.08047322183847427
INFO:root:Epoch: 30, Iteration: 214, Loss: 0.07540751993656158
INFO:root:Epoch: 30, Iteration: 215, Loss: 0.11324242502450943
INFO:root:Epoch: 30, Iteration: 216, Loss: 0.11731813102960587
INFO:root:Epoch: 30, Iteration: 217, Loss: 0.10199207812547684
INFO:root:Validation set mIOU: 84.44566247109536
INFO:root:Epoch: 31, Iteration: 218, Loss: 0.07812146097421646
INFO:root:Epoch: 31, Iteration: 219, Loss: 0.12714023888111115
INFO:root:Epoch: 31, Iteration: 220, Loss: 0.09817320853471756
INFO:root:Epoch: 31, Iteration: 221, Loss: 0.1232675164937973
INFO:root:Epoch: 31, Iteration: 222, Loss: 0.1059897169470787
INFO:root:Epoch: 31, Iteration: 223, Loss: 0.08509555459022522
INFO:root:Epoch: 31, Iteration: 224, Loss: 0.08822405338287354
INFO:root:Validation set mIOU: 84.71746641800344
INFO:root:Epoch: 32, Iteration: 225, Loss: 0.08810272812843323
INFO:root:Epoch: 32, Iteration: 226, Loss: 0.10214509069919586
INFO:root:Epoch: 32, Iteration: 227, Loss: 0.1475377082824707
INFO:root:Epoch: 32, Iteration: 228, Loss: 0.08754698187112808
INFO:root:Epoch: 32, Iteration: 229, Loss: 0.08580545336008072
INFO:root:Epoch: 32, Iteration: 230, Loss: 0.09237665683031082
INFO:root:Epoch: 32, Iteration: 231, Loss: 0.07759377360343933
INFO:root:Validation set mIOU: 85.63816523452749
INFO:root:Epoch: 33, Iteration: 232, Loss: 0.07414563745260239
INFO:root:Epoch: 33, Iteration: 233, Loss: 0.09709525108337402
INFO:root:Epoch: 33, Iteration: 234, Loss: 0.11095812916755676
INFO:root:Epoch: 33, Iteration: 235, Loss: 0.13937170803546906
INFO:root:Epoch: 33, Iteration: 236, Loss: 0.06887219846248627
INFO:root:Epoch: 33, Iteration: 237, Loss: 0.10921858996152878
INFO:root:Epoch: 33, Iteration: 238, Loss: 0.09356170892715454
INFO:root:Validation set mIOU: 85.93485173145685
INFO:root:Epoch: 34, Iteration: 239, Loss: 0.09112492948770523
INFO:root:Epoch: 34, Iteration: 240, Loss: 0.09617174416780472
INFO:root:Epoch: 34, Iteration: 241, Loss: 0.08882292360067368
INFO:root:Epoch: 34, Iteration: 242, Loss: 0.10882867127656937
INFO:root:Epoch: 34, Iteration: 243, Loss: 0.11987032741308212
INFO:root:Epoch: 34, Iteration: 244, Loss: 0.07346100360155106
INFO:root:Epoch: 34, Iteration: 245, Loss: 0.08355702459812164
INFO:root:Validation set mIOU: 86.2384415097614
INFO:root:Epoch: 35, Iteration: 246, Loss: 0.11800064146518707
INFO:root:Epoch: 35, Iteration: 247, Loss: 0.11363576352596283
INFO:root:Epoch: 35, Iteration: 248, Loss: 0.09851988404989243
INFO:root:Epoch: 35, Iteration: 249, Loss: 0.09734037518501282
INFO:root:Epoch: 35, Iteration: 250, Loss: 0.06843598932027817
INFO:root:Epoch: 35, Iteration: 251, Loss: 0.0902833342552185
INFO:root:Epoch: 35, Iteration: 252, Loss: 0.08693277090787888
INFO:root:Validation set mIOU: 86.38672417661678
INFO:root:Epoch: 36, Iteration: 253, Loss: 0.09647108614444733
INFO:root:Epoch: 36, Iteration: 254, Loss: 0.11119122803211212
INFO:root:Epoch: 36, Iteration: 255, Loss: 0.11910410225391388
INFO:root:Epoch: 36, Iteration: 256, Loss: 0.08939298987388611
INFO:root:Epoch: 36, Iteration: 257, Loss: 0.07799342274665833
INFO:root:Epoch: 36, Iteration: 258, Loss: 0.10704939812421799
INFO:root:Epoch: 36, Iteration: 259, Loss: 0.10654456913471222
INFO:root:Validation set mIOU: 86.10286829567805
INFO:root:Epoch: 37, Iteration: 260, Loss: 0.11062110215425491
INFO:root:Epoch: 37, Iteration: 261, Loss: 0.13288310170173645
INFO:root:Epoch: 37, Iteration: 262, Loss: 0.08037865161895752
INFO:root:Epoch: 37, Iteration: 263, Loss: 0.17739087343215942
INFO:root:Epoch: 37, Iteration: 264, Loss: 0.07988274842500687
INFO:root:Epoch: 37, Iteration: 265, Loss: 0.07826954871416092
INFO:root:Epoch: 37, Iteration: 266, Loss: 0.06995995342731476
INFO:root:Validation set mIOU: 85.67608100768594
INFO:root:Epoch: 38, Iteration: 267, Loss: 0.10720273107290268
INFO:root:Epoch: 38, Iteration: 268, Loss: 0.09637080132961273
INFO:root:Epoch: 38, Iteration: 269, Loss: 0.10224958509206772
INFO:root:Epoch: 38, Iteration: 270, Loss: 0.06048781797289848
INFO:root:Epoch: 38, Iteration: 271, Loss: 0.13611158728599548
INFO:root:Epoch: 38, Iteration: 272, Loss: 0.12553107738494873
INFO:root:Epoch: 38, Iteration: 273, Loss: 0.10717599093914032
INFO:root:Validation set mIOU: 85.82403297788751
INFO:root:Epoch: 39, Iteration: 274, Loss: 0.08120112121105194
INFO:root:Epoch: 39, Iteration: 275, Loss: 0.08423688262701035
INFO:root:Epoch: 39, Iteration: 276, Loss: 0.08640742301940918
INFO:root:Epoch: 39, Iteration: 277, Loss: 0.08399995416402817
INFO:root:Epoch: 39, Iteration: 278, Loss: 0.1196165606379509
INFO:root:Epoch: 39, Iteration: 279, Loss: 0.06808775663375854
INFO:root:Epoch: 39, Iteration: 280, Loss: 0.07929187268018723
INFO:root:Validation set mIOU: 85.94609957525
INFO:root:Epoch: 40, Iteration: 281, Loss: 0.10475073754787445
INFO:root:Epoch: 40, Iteration: 282, Loss: 0.09289702028036118
INFO:root:Epoch: 40, Iteration: 283, Loss: 0.1317908763885498
INFO:root:Epoch: 40, Iteration: 284, Loss: 0.07955983281135559
INFO:root:Epoch: 40, Iteration: 285, Loss: 0.10133173316717148
INFO:root:Epoch: 40, Iteration: 286, Loss: 0.17342627048492432
INFO:root:Epoch: 40, Iteration: 287, Loss: 0.09477787464857101
INFO:root:Validation set mIOU: 85.94307658102566
INFO:root:Epoch: 41, Iteration: 288, Loss: 0.08073654025793076
INFO:root:Epoch: 41, Iteration: 289, Loss: 0.08109671622514725
INFO:root:Epoch: 41, Iteration: 290, Loss: 0.06428568810224533
INFO:root:Epoch: 41, Iteration: 291, Loss: 0.0903080552816391
INFO:root:Epoch: 41, Iteration: 292, Loss: 0.10577847063541412
INFO:root:Epoch: 41, Iteration: 293, Loss: 0.13888703286647797
INFO:root:Epoch: 41, Iteration: 294, Loss: 0.10038911551237106
INFO:root:Validation set mIOU: 86.17375068230942
INFO:root:Epoch: 42, Iteration: 295, Loss: 0.08873064070940018
INFO:root:Epoch: 42, Iteration: 296, Loss: 0.10187961906194687
INFO:root:Epoch: 42, Iteration: 297, Loss: 0.09171707183122635
INFO:root:Epoch: 42, Iteration: 298, Loss: 0.0740966945886612
INFO:root:Epoch: 42, Iteration: 299, Loss: 0.07428354024887085
INFO:root:Epoch: 42, Iteration: 300, Loss: 0.10361438244581223
INFO:root:Epoch: 42, Iteration: 301, Loss: 0.09230368584394455
INFO:root:Validation set mIOU: 86.3945357866588
INFO:root:Epoch: 43, Iteration: 302, Loss: 0.0811154693365097
INFO:root:Epoch: 43, Iteration: 303, Loss: 0.09201725572347641
INFO:root:Epoch: 43, Iteration: 304, Loss: 0.15848812460899353
INFO:root:Epoch: 43, Iteration: 305, Loss: 0.06417083740234375
INFO:root:Epoch: 43, Iteration: 306, Loss: 0.07539904117584229
INFO:root:Epoch: 43, Iteration: 307, Loss: 0.07121750712394714
INFO:root:Epoch: 43, Iteration: 308, Loss: 0.10461441427469254
INFO:root:Validation set mIOU: 86.38099019232848
INFO:root:Epoch: 44, Iteration: 309, Loss: 0.12262824922800064
INFO:root:Epoch: 44, Iteration: 310, Loss: 0.08110426366329193
INFO:root:Epoch: 44, Iteration: 311, Loss: 0.08578616380691528
INFO:root:Epoch: 44, Iteration: 312, Loss: 0.08676188439130783
INFO:root:Epoch: 44, Iteration: 313, Loss: 0.07240645587444305
INFO:root:Epoch: 44, Iteration: 314, Loss: 0.09467113018035889
INFO:root:Epoch: 44, Iteration: 315, Loss: 0.08538326621055603
INFO:root:Validation set mIOU: 86.3224000518574
INFO:root:Epoch: 45, Iteration: 316, Loss: 0.10029774159193039
INFO:root:Epoch: 45, Iteration: 317, Loss: 0.10471048951148987
INFO:root:Epoch: 45, Iteration: 318, Loss: 0.08021016418933868
INFO:root:Epoch: 45, Iteration: 319, Loss: 0.08541148155927658
INFO:root:Epoch: 45, Iteration: 320, Loss: 0.06552114337682724
INFO:root:Epoch: 45, Iteration: 321, Loss: 0.08344171941280365
INFO:root:Epoch: 45, Iteration: 322, Loss: 0.10335416346788406
INFO:root:Validation set mIOU: 86.46079714570661
INFO:root:Epoch: 46, Iteration: 323, Loss: 0.07672367244958878
INFO:root:Epoch: 46, Iteration: 324, Loss: 0.09321451187133789
INFO:root:Epoch: 46, Iteration: 325, Loss: 0.09828086197376251
INFO:root:Epoch: 46, Iteration: 326, Loss: 0.10516967624425888
INFO:root:Epoch: 46, Iteration: 327, Loss: 0.08234003931283951
INFO:root:Epoch: 46, Iteration: 328, Loss: 0.08842623233795166
INFO:root:Epoch: 46, Iteration: 329, Loss: 0.08372898399829865
INFO:root:Validation set mIOU: 86.3607583503999
INFO:root:Epoch: 47, Iteration: 330, Loss: 0.06921139359474182
INFO:root:Epoch: 47, Iteration: 331, Loss: 0.10348493605852127
INFO:root:Epoch: 47, Iteration: 332, Loss: 0.09095490723848343
INFO:root:Epoch: 47, Iteration: 333, Loss: 0.09050441533327103
INFO:root:Epoch: 47, Iteration: 334, Loss: 0.07817214727401733
INFO:root:Epoch: 47, Iteration: 335, Loss: 0.07764042913913727
INFO:root:Epoch: 47, Iteration: 336, Loss: 0.13194751739501953
INFO:root:Validation set mIOU: 86.26701242219906
INFO:root:Epoch: 48, Iteration: 337, Loss: 0.06606895476579666
INFO:root:Epoch: 48, Iteration: 338, Loss: 0.07745218276977539
INFO:root:Epoch: 48, Iteration: 339, Loss: 0.08701623231172562
INFO:root:Epoch: 48, Iteration: 340, Loss: 0.1011071428656578
INFO:root:Epoch: 48, Iteration: 341, Loss: 0.08365954458713531
INFO:root:Epoch: 48, Iteration: 342, Loss: 0.09152701497077942
INFO:root:Epoch: 48, Iteration: 343, Loss: 0.10283417254686356
INFO:root:Validation set mIOU: 86.18428039340759
INFO:root:Epoch: 49, Iteration: 344, Loss: 0.08517307043075562
INFO:root:Epoch: 49, Iteration: 345, Loss: 0.08054133504629135
INFO:root:Epoch: 49, Iteration: 346, Loss: 0.08681295067071915
INFO:root:Epoch: 49, Iteration: 347, Loss: 0.07884012162685394
INFO:root:Epoch: 49, Iteration: 348, Loss: 0.09954757988452911
INFO:root:Epoch: 49, Iteration: 349, Loss: 0.08883175998926163
INFO:root:Epoch: 49, Iteration: 350, Loss: 0.07303117215633392
INFO:root:Validation set mIOU: 86.06799406982498
INFO:root:Epoch: 50, Iteration: 351, Loss: 0.11417005211114883
INFO:root:Epoch: 50, Iteration: 352, Loss: 0.11948568373918533
INFO:root:Epoch: 50, Iteration: 353, Loss: 0.10148806124925613
INFO:root:Epoch: 50, Iteration: 354, Loss: 0.1023191437125206
INFO:root:Epoch: 50, Iteration: 355, Loss: 0.06294156610965729
INFO:root:Epoch: 50, Iteration: 356, Loss: 0.10508941859006882
INFO:root:Epoch: 50, Iteration: 357, Loss: 0.16850033402442932
INFO:root:Validation set mIOU: 85.67477149310983
INFO:root:Epoch: 51, Iteration: 358, Loss: 0.07150115817785263
INFO:root:Epoch: 51, Iteration: 359, Loss: 0.08934561163187027
INFO:root:Epoch: 51, Iteration: 360, Loss: 0.10120005160570145
INFO:root:Epoch: 51, Iteration: 361, Loss: 0.0886460617184639
INFO:root:Epoch: 51, Iteration: 362, Loss: 0.11473032832145691
INFO:root:Epoch: 51, Iteration: 363, Loss: 0.10347691923379898
INFO:root:Epoch: 51, Iteration: 364, Loss: 0.11737383902072906
INFO:root:Validation set mIOU: 86.07624122345618
INFO:root:Epoch: 52, Iteration: 365, Loss: 0.08766719698905945
INFO:root:Epoch: 52, Iteration: 366, Loss: 0.09359857439994812
INFO:root:Epoch: 52, Iteration: 367, Loss: 0.1112009808421135
INFO:root:Epoch: 52, Iteration: 368, Loss: 0.13086923956871033
INFO:root:Epoch: 52, Iteration: 369, Loss: 0.07009812444448471
INFO:root:Epoch: 52, Iteration: 370, Loss: 0.10832664370536804
INFO:root:Epoch: 52, Iteration: 371, Loss: 0.09241276234388351
INFO:root:Validation set mIOU: 86.46367662545137
INFO:root:Epoch: 53, Iteration: 372, Loss: 0.07268019020557404
INFO:root:Epoch: 53, Iteration: 373, Loss: 0.08142315596342087
INFO:root:Epoch: 53, Iteration: 374, Loss: 0.08331377059221268
INFO:root:Epoch: 53, Iteration: 375, Loss: 0.09946776926517487
INFO:root:Epoch: 53, Iteration: 376, Loss: 0.08413472026586533
INFO:root:Epoch: 53, Iteration: 377, Loss: 0.07728607207536697
INFO:root:Epoch: 53, Iteration: 378, Loss: 0.07239207625389099
INFO:root:Validation set mIOU: 86.4829886511136
INFO:root:Epoch: 54, Iteration: 379, Loss: 0.08829157799482346
INFO:root:Epoch: 54, Iteration: 380, Loss: 0.07274091988801956
INFO:root:Epoch: 54, Iteration: 381, Loss: 0.12642315030097961
INFO:root:Epoch: 54, Iteration: 382, Loss: 0.11555863916873932
INFO:root:Epoch: 54, Iteration: 383, Loss: 0.08198520541191101
INFO:root:Epoch: 54, Iteration: 384, Loss: 0.08451861143112183
INFO:root:Epoch: 54, Iteration: 385, Loss: 0.10704197734594345
INFO:root:Validation set mIOU: 86.4140556637573
INFO:root:Epoch: 55, Iteration: 386, Loss: 0.07965318113565445
INFO:root:Epoch: 55, Iteration: 387, Loss: 0.09513958543539047
INFO:root:Epoch: 55, Iteration: 388, Loss: 0.10611893981695175
INFO:root:Epoch: 55, Iteration: 389, Loss: 0.08612249791622162
INFO:root:Epoch: 55, Iteration: 390, Loss: 0.07275741547346115
INFO:root:Epoch: 55, Iteration: 391, Loss: 0.15026356279850006
INFO:root:Epoch: 55, Iteration: 392, Loss: 0.09201269596815109
INFO:root:Validation set mIOU: 86.06027315784056
INFO:root:Epoch: 56, Iteration: 393, Loss: 0.07564397156238556
INFO:root:Epoch: 56, Iteration: 394, Loss: 0.06789533793926239
INFO:root:Epoch: 56, Iteration: 395, Loss: 0.0728989988565445
INFO:root:Epoch: 56, Iteration: 396, Loss: 0.11122717708349228
INFO:root:Epoch: 56, Iteration: 397, Loss: 0.07340753823518753
INFO:root:Epoch: 56, Iteration: 398, Loss: 0.10065943747758865
INFO:root:Epoch: 56, Iteration: 399, Loss: 0.07816921919584274
INFO:root:Validation set mIOU: 86.15049436873838
INFO:root:Epoch: 57, Iteration: 400, Loss: 0.0904814675450325
INFO:root:Epoch: 57, Iteration: 401, Loss: 0.0825437605381012
INFO:root:Epoch: 57, Iteration: 402, Loss: 0.09379928559064865
INFO:root:Epoch: 57, Iteration: 403, Loss: 0.1129339262843132
INFO:root:Epoch: 57, Iteration: 404, Loss: 0.09025390446186066
INFO:root:Epoch: 57, Iteration: 405, Loss: 0.0839143916964531
INFO:root:Epoch: 57, Iteration: 406, Loss: 0.07551836967468262
INFO:root:Validation set mIOU: 86.14090226235595
INFO:root:Epoch: 58, Iteration: 407, Loss: 0.09295970946550369
INFO:root:Epoch: 58, Iteration: 408, Loss: 0.08957242220640182
INFO:root:Epoch: 58, Iteration: 409, Loss: 0.100546695291996
INFO:root:Epoch: 58, Iteration: 410, Loss: 0.09381216764450073
INFO:root:Epoch: 58, Iteration: 411, Loss: 0.09854768216609955
INFO:root:Epoch: 58, Iteration: 412, Loss: 0.11933445185422897
INFO:root:Epoch: 58, Iteration: 413, Loss: 0.07571936398744583
INFO:root:Validation set mIOU: 86.19884840011035
INFO:root:Epoch: 59, Iteration: 414, Loss: 0.08333643525838852
INFO:root:Epoch: 59, Iteration: 415, Loss: 0.07199995964765549
INFO:root:Epoch: 59, Iteration: 416, Loss: 0.07877042889595032
INFO:root:Epoch: 59, Iteration: 417, Loss: 0.07393643260002136
INFO:root:Epoch: 59, Iteration: 418, Loss: 0.07912202179431915
INFO:root:Epoch: 59, Iteration: 419, Loss: 0.14571493864059448
INFO:root:Epoch: 59, Iteration: 420, Loss: 0.07553733885288239
INFO:root:Validation set mIOU: 86.16273081697696
INFO:root:Epoch: 60, Iteration: 421, Loss: 0.08327129483222961
INFO:root:Epoch: 60, Iteration: 422, Loss: 0.08267117291688919
INFO:root:Epoch: 60, Iteration: 423, Loss: 0.07158495485782623
INFO:root:Epoch: 60, Iteration: 424, Loss: 0.07988239079713821
INFO:root:Epoch: 60, Iteration: 425, Loss: 0.07094839215278625
INFO:root:Epoch: 60, Iteration: 426, Loss: 0.07029631733894348
INFO:root:Epoch: 60, Iteration: 427, Loss: 0.123533234000206
INFO:root:Validation set mIOU: 86.28802925622918
INFO:root:Epoch: 61, Iteration: 428, Loss: 0.06524225324392319
INFO:root:Epoch: 61, Iteration: 429, Loss: 0.060638561844825745
INFO:root:Epoch: 61, Iteration: 430, Loss: 0.13705119490623474
INFO:root:Epoch: 61, Iteration: 431, Loss: 0.13840816915035248
INFO:root:Epoch: 61, Iteration: 432, Loss: 0.09394250065088272
INFO:root:Epoch: 61, Iteration: 433, Loss: 0.07362544536590576
INFO:root:Epoch: 61, Iteration: 434, Loss: 0.0791701152920723
INFO:root:Validation set mIOU: 86.2951213299674
INFO:root:Epoch: 62, Iteration: 435, Loss: 0.0983331948518753
INFO:root:Epoch: 62, Iteration: 436, Loss: 0.0941297709941864
INFO:root:Epoch: 62, Iteration: 437, Loss: 0.13033556938171387
INFO:root:Epoch: 62, Iteration: 438, Loss: 0.07075643539428711
INFO:root:Epoch: 62, Iteration: 439, Loss: 0.06194731965661049
INFO:root:Epoch: 62, Iteration: 440, Loss: 0.06487097591161728
INFO:root:Epoch: 62, Iteration: 441, Loss: 0.1274309605360031
INFO:root:Validation set mIOU: 86.24473717714727
INFO:root:Epoch: 63, Iteration: 442, Loss: 0.08286919444799423
INFO:root:Epoch: 63, Iteration: 443, Loss: 0.0960199311375618
INFO:root:Epoch: 63, Iteration: 444, Loss: 0.06863375008106232
INFO:root:Epoch: 63, Iteration: 445, Loss: 0.07587751001119614
INFO:root:Epoch: 63, Iteration: 446, Loss: 0.08041037619113922
INFO:root:Epoch: 63, Iteration: 447, Loss: 0.11750639975070953
INFO:root:Epoch: 63, Iteration: 448, Loss: 0.11117780953645706
INFO:root:Validation set mIOU: 85.73209345324454
INFO:root:Epoch: 64, Iteration: 449, Loss: 0.0864647850394249
INFO:root:Epoch: 64, Iteration: 450, Loss: 0.11832667887210846
INFO:root:Epoch: 64, Iteration: 451, Loss: 0.07809564471244812
INFO:root:Epoch: 64, Iteration: 452, Loss: 0.08244319260120392
INFO:root:Epoch: 64, Iteration: 453, Loss: 0.07939019054174423
INFO:root:Epoch: 64, Iteration: 454, Loss: 0.06342955678701401
INFO:root:Epoch: 64, Iteration: 455, Loss: 0.08110755681991577
INFO:root:Validation set mIOU: 86.09892886799507
INFO:root:Epoch: 65, Iteration: 456, Loss: 0.07425718009471893
INFO:root:Epoch: 65, Iteration: 457, Loss: 0.09364312887191772
INFO:root:Epoch: 65, Iteration: 458, Loss: 0.08835310488939285
INFO:root:Epoch: 65, Iteration: 459, Loss: 0.05945101007819176
INFO:root:Epoch: 65, Iteration: 460, Loss: 0.0988939180970192
INFO:root:Epoch: 65, Iteration: 461, Loss: 0.1022351086139679
INFO:root:Epoch: 65, Iteration: 462, Loss: 0.07810050994157791
INFO:root:Validation set mIOU: 86.12615274872016
INFO:root:Epoch: 66, Iteration: 463, Loss: 0.11466608941555023
INFO:root:Epoch: 66, Iteration: 464, Loss: 0.09596956521272659
INFO:root:Epoch: 66, Iteration: 465, Loss: 0.07863785326480865
INFO:root:Epoch: 66, Iteration: 466, Loss: 0.06597097963094711
INFO:root:Epoch: 66, Iteration: 467, Loss: 0.08793444186449051
INFO:root:Epoch: 66, Iteration: 468, Loss: 0.06384654343128204
INFO:root:Epoch: 66, Iteration: 469, Loss: 0.09465475380420685
INFO:root:Validation set mIOU: 86.3915209065398
INFO:root:Epoch: 67, Iteration: 470, Loss: 0.09050271660089493
INFO:root:Epoch: 67, Iteration: 471, Loss: 0.0839056521654129
INFO:root:Epoch: 67, Iteration: 472, Loss: 0.07396717369556427
INFO:root:Epoch: 67, Iteration: 473, Loss: 0.08712049573659897
INFO:root:Epoch: 67, Iteration: 474, Loss: 0.07114256173372269
INFO:root:Epoch: 67, Iteration: 475, Loss: 0.07669895887374878
INFO:root:Epoch: 67, Iteration: 476, Loss: 0.08667565137147903
INFO:root:Validation set mIOU: 86.56100837594626
INFO:root:Epoch: 68, Iteration: 477, Loss: 0.058536529541015625
INFO:root:Epoch: 68, Iteration: 478, Loss: 0.10330088436603546
INFO:root:Epoch: 68, Iteration: 479, Loss: 0.07331613451242447
INFO:root:Epoch: 68, Iteration: 480, Loss: 0.09664617478847504
INFO:root:Epoch: 68, Iteration: 481, Loss: 0.10519910603761673
INFO:root:Epoch: 68, Iteration: 482, Loss: 0.09645774960517883
INFO:root:Epoch: 68, Iteration: 483, Loss: 0.062246616929769516
INFO:root:Validation set mIOU: 86.34888397506332
INFO:root:Epoch: 69, Iteration: 484, Loss: 0.08801718056201935
INFO:root:Epoch: 69, Iteration: 485, Loss: 0.06640951335430145
INFO:root:Epoch: 69, Iteration: 486, Loss: 0.08852135390043259
INFO:root:Epoch: 69, Iteration: 487, Loss: 0.0977855920791626
INFO:root:Epoch: 69, Iteration: 488, Loss: 0.08260777592658997
INFO:root:Epoch: 69, Iteration: 489, Loss: 0.1010533943772316
INFO:root:Epoch: 69, Iteration: 490, Loss: 0.07444814592599869
INFO:root:Validation set mIOU: 86.34513185788725
INFO:root:Epoch: 70, Iteration: 491, Loss: 0.06816387176513672
INFO:root:Epoch: 70, Iteration: 492, Loss: 0.0867869034409523
INFO:root:Epoch: 70, Iteration: 493, Loss: 0.063946433365345
INFO:root:Epoch: 70, Iteration: 494, Loss: 0.09631018340587616
INFO:root:Epoch: 70, Iteration: 495, Loss: 0.06613536179065704
INFO:root:Epoch: 70, Iteration: 496, Loss: 0.08575771003961563
INFO:root:Epoch: 70, Iteration: 497, Loss: 0.08700263500213623
INFO:root:Validation set mIOU: 86.51954810103946
INFO:root:Epoch: 71, Iteration: 498, Loss: 0.09731906652450562
INFO:root:Epoch: 71, Iteration: 499, Loss: 0.06289481371641159
INFO:root:Epoch: 71, Iteration: 500, Loss: 0.10686024278402328
INFO:root:Epoch: 71, Iteration: 501, Loss: 0.09554985910654068
INFO:root:Epoch: 71, Iteration: 502, Loss: 0.10807143896818161
INFO:root:Epoch: 71, Iteration: 503, Loss: 0.06478934735059738
INFO:root:Epoch: 71, Iteration: 504, Loss: 0.0839243233203888
INFO:root:Validation set mIOU: 86.2859761908105
INFO:root:Epoch: 72, Iteration: 505, Loss: 0.07400300353765488
INFO:root:Epoch: 72, Iteration: 506, Loss: 0.07791057974100113
INFO:root:Epoch: 72, Iteration: 507, Loss: 0.11480820178985596
INFO:root:Epoch: 72, Iteration: 508, Loss: 0.06295088678598404
INFO:root:Epoch: 72, Iteration: 509, Loss: 0.0762210488319397
INFO:root:Epoch: 72, Iteration: 510, Loss: 0.07959083467721939
INFO:root:Epoch: 72, Iteration: 511, Loss: 0.07865315675735474
INFO:root:Validation set mIOU: 86.24642652191761
INFO:root:Epoch: 73, Iteration: 512, Loss: 0.09226683527231216
INFO:root:Epoch: 73, Iteration: 513, Loss: 0.11598445475101471
INFO:root:Epoch: 73, Iteration: 514, Loss: 0.09510712325572968
INFO:root:Epoch: 73, Iteration: 515, Loss: 0.15045972168445587
INFO:root:Epoch: 73, Iteration: 516, Loss: 0.059899162501096725
INFO:root:Epoch: 73, Iteration: 517, Loss: 0.08099193125963211
INFO:root:Epoch: 73, Iteration: 518, Loss: 0.07499222457408905
INFO:root:Validation set mIOU: 86.32774481952406
INFO:root:Epoch: 74, Iteration: 519, Loss: 0.0999329537153244
INFO:root:Epoch: 74, Iteration: 520, Loss: 0.08732745796442032
INFO:root:Epoch: 74, Iteration: 521, Loss: 0.06775470823049545
INFO:root:Epoch: 74, Iteration: 522, Loss: 0.06878979504108429
INFO:root:Epoch: 74, Iteration: 523, Loss: 0.09225975722074509
INFO:root:Epoch: 74, Iteration: 524, Loss: 0.07147166132926941
INFO:root:Epoch: 74, Iteration: 525, Loss: 0.05742623656988144
INFO:root:Validation set mIOU: 86.58109087852898
INFO:root:Epoch: 75, Iteration: 526, Loss: 0.08026920258998871
INFO:root:Epoch: 75, Iteration: 527, Loss: 0.07376057654619217
INFO:root:Epoch: 75, Iteration: 528, Loss: 0.060106974095106125
INFO:root:Epoch: 75, Iteration: 529, Loss: 0.05684991925954819
INFO:root:Epoch: 75, Iteration: 530, Loss: 0.07886068522930145
INFO:root:Epoch: 75, Iteration: 531, Loss: 0.1263953149318695
INFO:root:Epoch: 75, Iteration: 532, Loss: 0.08544518053531647
INFO:root:Validation set mIOU: 86.59961198660393
INFO:root:Epoch: 76, Iteration: 533, Loss: 0.09143171459436417
INFO:root:Epoch: 76, Iteration: 534, Loss: 0.0737612321972847
INFO:root:Epoch: 76, Iteration: 535, Loss: 0.09493295848369598
INFO:root:Epoch: 76, Iteration: 536, Loss: 0.09361886233091354
INFO:root:Epoch: 76, Iteration: 537, Loss: 0.07253555953502655
INFO:root:Epoch: 76, Iteration: 538, Loss: 0.12649154663085938
INFO:root:Epoch: 76, Iteration: 539, Loss: 0.0744827538728714
INFO:root:Validation set mIOU: 86.54680018077917
INFO:root:Epoch: 77, Iteration: 540, Loss: 0.07843932509422302
INFO:root:Epoch: 77, Iteration: 541, Loss: 0.07293587177991867
INFO:root:Epoch: 77, Iteration: 542, Loss: 0.10153664648532867
INFO:root:Epoch: 77, Iteration: 543, Loss: 0.07832957804203033
INFO:root:Epoch: 77, Iteration: 544, Loss: 0.06590721756219864
INFO:root:Epoch: 77, Iteration: 545, Loss: 0.06798869371414185
INFO:root:Epoch: 77, Iteration: 546, Loss: 0.15012113749980927
INFO:root:Validation set mIOU: 86.5166524130779
INFO:root:Epoch: 78, Iteration: 547, Loss: 0.06619154661893845
INFO:root:Epoch: 78, Iteration: 548, Loss: 0.12532350420951843
INFO:root:Epoch: 78, Iteration: 549, Loss: 0.08907080441713333
INFO:root:Epoch: 78, Iteration: 550, Loss: 0.09241784363985062
INFO:root:Epoch: 78, Iteration: 551, Loss: 0.06103505566716194
INFO:root:Epoch: 78, Iteration: 552, Loss: 0.07826512306928635
INFO:root:Epoch: 78, Iteration: 553, Loss: 0.07230918854475021
INFO:root:Validation set mIOU: 86.67264058007915
INFO:root:Epoch: 79, Iteration: 554, Loss: 0.08034806698560715
INFO:root:Epoch: 79, Iteration: 555, Loss: 0.07429052889347076
INFO:root:Epoch: 79, Iteration: 556, Loss: 0.10796241462230682
INFO:root:Epoch: 79, Iteration: 557, Loss: 0.10943684726953506
INFO:root:Epoch: 79, Iteration: 558, Loss: 0.06890799850225449
INFO:root:Epoch: 79, Iteration: 559, Loss: 0.06476321071386337
INFO:root:Epoch: 79, Iteration: 560, Loss: 0.07433175295591354
INFO:root:Validation set mIOU: 86.80673978127321
INFO:root:Epoch: 80, Iteration: 561, Loss: 0.06427281349897385
INFO:root:Epoch: 80, Iteration: 562, Loss: 0.08982407301664352
INFO:root:Epoch: 80, Iteration: 563, Loss: 0.0621449276804924
INFO:root:Epoch: 80, Iteration: 564, Loss: 0.08147843927145004
INFO:root:Epoch: 80, Iteration: 565, Loss: 0.06627818197011948
INFO:root:Epoch: 80, Iteration: 566, Loss: 0.12836888432502747
INFO:root:Epoch: 80, Iteration: 567, Loss: 0.0743846669793129
INFO:root:Validation set mIOU: 86.71408915548746
INFO:root:Epoch: 81, Iteration: 568, Loss: 0.08504943549633026
INFO:root:Epoch: 81, Iteration: 569, Loss: 0.08708485960960388
INFO:root:Epoch: 81, Iteration: 570, Loss: 0.0685388594865799
INFO:root:Epoch: 81, Iteration: 571, Loss: 0.056059107184410095
INFO:root:Epoch: 81, Iteration: 572, Loss: 0.088750459253788
INFO:root:Epoch: 81, Iteration: 573, Loss: 0.09098277986049652
INFO:root:Epoch: 81, Iteration: 574, Loss: 0.14665177464485168
INFO:root:Validation set mIOU: 86.79657139910942
INFO:root:Epoch: 82, Iteration: 575, Loss: 0.06023511290550232
INFO:root:Epoch: 82, Iteration: 576, Loss: 0.0658147931098938
INFO:root:Epoch: 82, Iteration: 577, Loss: 0.06520243734121323
INFO:root:Epoch: 82, Iteration: 578, Loss: 0.07044867426156998
INFO:root:Epoch: 82, Iteration: 579, Loss: 0.09747844934463501
INFO:root:Epoch: 82, Iteration: 580, Loss: 0.09445574134588242
INFO:root:Epoch: 82, Iteration: 581, Loss: 0.08465384691953659
INFO:root:Validation set mIOU: 86.73774855905747
INFO:root:Epoch: 83, Iteration: 582, Loss: 0.0686815157532692
INFO:root:Epoch: 83, Iteration: 583, Loss: 0.09018952399492264
INFO:root:Epoch: 83, Iteration: 584, Loss: 0.05867717042565346
INFO:root:Epoch: 83, Iteration: 585, Loss: 0.06535226106643677
INFO:root:Epoch: 83, Iteration: 586, Loss: 0.06560160964727402
INFO:root:Epoch: 83, Iteration: 587, Loss: 0.05518370494246483
INFO:root:Epoch: 83, Iteration: 588, Loss: 0.1537555605173111
INFO:root:Validation set mIOU: 86.64267407888495
INFO:root:Epoch: 84, Iteration: 589, Loss: 0.0780893862247467
INFO:root:Epoch: 84, Iteration: 590, Loss: 0.13535913825035095
INFO:root:Epoch: 84, Iteration: 591, Loss: 0.09122728556394577
INFO:root:Epoch: 84, Iteration: 592, Loss: 0.06675112992525101
INFO:root:Epoch: 84, Iteration: 593, Loss: 0.07122968882322311
INFO:root:Epoch: 84, Iteration: 594, Loss: 0.079856738448143
INFO:root:Epoch: 84, Iteration: 595, Loss: 0.08195200562477112
INFO:root:Validation set mIOU: 86.58134215827286
INFO:root:Epoch: 85, Iteration: 596, Loss: 0.07187682390213013
INFO:root:Epoch: 85, Iteration: 597, Loss: 0.07863356173038483
INFO:root:Epoch: 85, Iteration: 598, Loss: 0.06939481943845749
INFO:root:Epoch: 85, Iteration: 599, Loss: 0.13828080892562866
INFO:root:Epoch: 85, Iteration: 600, Loss: 0.06688980758190155
INFO:root:Epoch: 85, Iteration: 601, Loss: 0.09021811187267303
INFO:root:Epoch: 85, Iteration: 602, Loss: 0.0629969984292984
INFO:root:Validation set mIOU: 86.49864703487809
INFO:root:Epoch: 86, Iteration: 603, Loss: 0.08658883720636368
INFO:root:Epoch: 86, Iteration: 604, Loss: 0.06533288955688477
INFO:root:Epoch: 86, Iteration: 605, Loss: 0.07073670625686646
INFO:root:Epoch: 86, Iteration: 606, Loss: 0.07894910126924515
INFO:root:Epoch: 86, Iteration: 607, Loss: 0.09557478874921799
INFO:root:Epoch: 86, Iteration: 608, Loss: 0.0782569870352745
INFO:root:Epoch: 86, Iteration: 609, Loss: 0.06981141865253448
INFO:root:Validation set mIOU: 86.61565985553352
INFO:root:Epoch: 87, Iteration: 610, Loss: 0.09010050445795059
INFO:root:Epoch: 87, Iteration: 611, Loss: 0.07601151615381241
INFO:root:Epoch: 87, Iteration: 612, Loss: 0.07831358909606934
INFO:root:Epoch: 87, Iteration: 613, Loss: 0.0665915310382843
INFO:root:Epoch: 87, Iteration: 614, Loss: 0.09038230031728745
INFO:root:Epoch: 87, Iteration: 615, Loss: 0.06630902737379074
INFO:root:Epoch: 87, Iteration: 616, Loss: 0.09362975507974625
INFO:root:Validation set mIOU: 86.70390322893532
INFO:root:Epoch: 88, Iteration: 617, Loss: 0.05727582424879074
INFO:root:Epoch: 88, Iteration: 618, Loss: 0.06678370386362076
INFO:root:Epoch: 88, Iteration: 619, Loss: 0.07737115025520325
INFO:root:Epoch: 88, Iteration: 620, Loss: 0.06726525723934174
INFO:root:Epoch: 88, Iteration: 621, Loss: 0.08379803597927094
INFO:root:Epoch: 88, Iteration: 622, Loss: 0.06470917165279388
INFO:root:Epoch: 88, Iteration: 623, Loss: 0.09374916553497314
INFO:root:Validation set mIOU: 86.6533117089752
INFO:root:Epoch: 89, Iteration: 624, Loss: 0.07421811670064926
INFO:root:Epoch: 89, Iteration: 625, Loss: 0.05192173644900322
INFO:root:Epoch: 89, Iteration: 626, Loss: 0.06569364666938782
INFO:root:Epoch: 89, Iteration: 627, Loss: 0.07857286185026169
INFO:root:Epoch: 89, Iteration: 628, Loss: 0.05959126353263855
INFO:root:Epoch: 89, Iteration: 629, Loss: 0.07872650772333145
INFO:root:Epoch: 89, Iteration: 630, Loss: 0.06640744209289551
INFO:root:Validation set mIOU: 86.72251762451103
INFO:root:Epoch: 90, Iteration: 631, Loss: 0.06828241795301437
INFO:root:Epoch: 90, Iteration: 632, Loss: 0.07959800213575363
INFO:root:Epoch: 90, Iteration: 633, Loss: 0.07830029726028442
INFO:root:Epoch: 90, Iteration: 634, Loss: 0.07835162431001663
INFO:root:Epoch: 90, Iteration: 635, Loss: 0.1008826345205307
INFO:root:Epoch: 90, Iteration: 636, Loss: 0.10645569860935211
INFO:root:Epoch: 90, Iteration: 637, Loss: 0.07148954272270203
INFO:root:Validation set mIOU: 86.70552538364625
INFO:root:Epoch: 91, Iteration: 638, Loss: 0.08661143481731415
INFO:root:Epoch: 91, Iteration: 639, Loss: 0.07380691170692444
INFO:root:Epoch: 91, Iteration: 640, Loss: 0.06701937317848206
INFO:root:Epoch: 91, Iteration: 641, Loss: 0.07713015377521515
INFO:root:Epoch: 91, Iteration: 642, Loss: 0.09919856488704681
INFO:root:Epoch: 91, Iteration: 643, Loss: 0.1040121465921402
INFO:root:Epoch: 91, Iteration: 644, Loss: 0.08740318566560745
INFO:root:Validation set mIOU: 86.65408759021877
INFO:root:Epoch: 92, Iteration: 645, Loss: 0.11110888421535492
INFO:root:Epoch: 92, Iteration: 646, Loss: 0.14869000017642975
INFO:root:Epoch: 92, Iteration: 647, Loss: 0.06249583885073662
INFO:root:Epoch: 92, Iteration: 648, Loss: 0.11579602211713791
INFO:root:Epoch: 92, Iteration: 649, Loss: 0.08511744439601898
INFO:root:Epoch: 92, Iteration: 650, Loss: 0.10035890340805054
INFO:root:Epoch: 92, Iteration: 651, Loss: 0.056155722588300705
INFO:root:Validation set mIOU: 86.77210042608489
INFO:root:Epoch: 93, Iteration: 652, Loss: 0.08054865896701813
INFO:root:Epoch: 93, Iteration: 653, Loss: 0.08178310096263885
INFO:root:Epoch: 93, Iteration: 654, Loss: 0.07261114567518234
INFO:root:Epoch: 93, Iteration: 655, Loss: 0.08774522691965103
INFO:root:Epoch: 93, Iteration: 656, Loss: 0.07329729199409485
INFO:root:Epoch: 93, Iteration: 657, Loss: 0.06296687573194504
INFO:root:Epoch: 93, Iteration: 658, Loss: 0.07773824036121368
INFO:root:Validation set mIOU: 86.73139503503728
INFO:root:Epoch: 94, Iteration: 659, Loss: 0.10006815940141678
INFO:root:Epoch: 94, Iteration: 660, Loss: 0.06000654771924019
INFO:root:Epoch: 94, Iteration: 661, Loss: 0.09593076258897781
INFO:root:Epoch: 94, Iteration: 662, Loss: 0.09639216959476471
INFO:root:Epoch: 94, Iteration: 663, Loss: 0.08223140239715576
INFO:root:Epoch: 94, Iteration: 664, Loss: 0.07227495312690735
INFO:root:Epoch: 94, Iteration: 665, Loss: 0.06369253993034363
INFO:root:Validation set mIOU: 86.6536777436116
INFO:root:Epoch: 95, Iteration: 666, Loss: 0.08667276054620743
INFO:root:Epoch: 95, Iteration: 667, Loss: 0.08982452005147934
INFO:root:Epoch: 95, Iteration: 668, Loss: 0.07916329801082611
INFO:root:Epoch: 95, Iteration: 669, Loss: 0.051509685814380646
INFO:root:Epoch: 95, Iteration: 670, Loss: 0.09198470413684845
INFO:root:Epoch: 95, Iteration: 671, Loss: 0.08394184708595276
INFO:root:Epoch: 95, Iteration: 672, Loss: 0.07821206748485565
INFO:root:Validation set mIOU: 86.6628099856804
INFO:root:Epoch: 96, Iteration: 673, Loss: 0.07557777315378189
INFO:root:Epoch: 96, Iteration: 674, Loss: 0.06643003225326538
INFO:root:Epoch: 96, Iteration: 675, Loss: 0.07081125676631927
INFO:root:Epoch: 96, Iteration: 676, Loss: 0.09666406363248825
INFO:root:Epoch: 96, Iteration: 677, Loss: 0.08638349175453186
INFO:root:Epoch: 96, Iteration: 678, Loss: 0.06308707594871521
INFO:root:Epoch: 96, Iteration: 679, Loss: 0.06866167485713959
INFO:root:Validation set mIOU: 86.61266715642256
INFO:root:Epoch: 97, Iteration: 680, Loss: 0.07442345470190048
INFO:root:Epoch: 97, Iteration: 681, Loss: 0.06672848761081696
INFO:root:Epoch: 97, Iteration: 682, Loss: 0.09282423555850983
INFO:root:Epoch: 97, Iteration: 683, Loss: 0.09676257520914078
INFO:root:Epoch: 97, Iteration: 684, Loss: 0.08495772629976273
INFO:root:Epoch: 97, Iteration: 685, Loss: 0.05658257380127907
INFO:root:Epoch: 97, Iteration: 686, Loss: 0.07873557507991791
INFO:root:Validation set mIOU: 86.72103583200627
INFO:root:Epoch: 98, Iteration: 687, Loss: 0.06646540015935898
INFO:root:Epoch: 98, Iteration: 688, Loss: 0.059158775955438614
INFO:root:Epoch: 98, Iteration: 689, Loss: 0.08065811544656754
INFO:root:Epoch: 98, Iteration: 690, Loss: 0.0738205537199974
INFO:root:Epoch: 98, Iteration: 691, Loss: 0.06106226518750191
INFO:root:Epoch: 98, Iteration: 692, Loss: 0.1270342618227005
INFO:root:Epoch: 98, Iteration: 693, Loss: 0.07793711125850677
INFO:root:Validation set mIOU: 86.72203143167388
INFO:root:Epoch: 99, Iteration: 694, Loss: 0.08213242143392563
INFO:root:Epoch: 99, Iteration: 695, Loss: 0.07524795830249786
INFO:root:Epoch: 99, Iteration: 696, Loss: 0.09123749285936356
INFO:root:Epoch: 99, Iteration: 697, Loss: 0.07692455500364304
INFO:root:Epoch: 99, Iteration: 698, Loss: 0.06105871871113777
INFO:root:Epoch: 99, Iteration: 699, Loss: 0.06784453988075256
INFO:root:Epoch: 99, Iteration: 700, Loss: 0.06788356602191925
INFO:root:Validation set mIOU: 86.78671822564804
