INFO:root:{'addition': 'nothing_old_mean_std',
 'backbone': 'resnet50',
 'batch_size': 16,
 'batch_size_consistency': 16,
 'conf_thres': 0.95,
 'config': 'configs/dataset2.yaml',
 'consistency_training': False,
 'crop_size': 320,
 'data_root': './',
 'dataset': 'dataset2',
 'epochs': 100,
 'labeled_id_path': 'dataset/splits/dataset2/1_4/split_random/labeled.txt',
 'lr': 0.0009,
 'model': 'deeplabv3plus',
 'ngpus': 1,
 'plus': False,
 'pseudo_consistency_mask_path': None,
 'pseudo_mask_path': 'outdir/pseudo_masks/dataset2/1_4/split_random/deeplabv3plus/resnet50/nothing_old_mean_std/self_training/non_consistency_training/first_time',
 'rand_thres': 0.8,
 'reliable_id_path': None,
 'save_path': 'outdir/models/dataset2/1_4/split_random/deeplabv3plus/resnet50/nothing_old_mean_std/self_training/non_consistency_training/first_time',
 'time': 1,
 'unlabeled_id_path': 'dataset/splits/dataset2/1_4/split_random/unlabeled.txt',
 'warm_up': 30}

INFO:root:Training supervised with consistency on unlabeled images
INFO:root:{'addition': 'nothing_old_mean_std',
 'backbone': 'resnet50',
 'batch_size': 16,
 'batch_size_consistency': 16,
 'conf_thres': 0.95,
 'config': 'configs/dataset2.yaml',
 'consistency_training': False,
 'crop_size': 320,
 'data_root': './',
 'dataset': 'dataset2',
 'epochs': 100,
 'labeled_id_path': 'dataset/splits/dataset2/1_4/split_random/labeled.txt',
 'lr': 0.0009,
 'model': 'deeplabv3plus',
 'ngpus': 1,
 'plus': False,
 'pseudo_consistency_mask_path': None,
 'pseudo_mask_path': 'outdir/pseudo_masks/dataset2/1_4/split_random/deeplabv3plus/resnet50/nothing_old_mean_std/self_training/non_consistency_training/first_time',
 'rand_thres': 0.8,
 'reliable_id_path': None,
 'save_path': 'outdir/models/dataset2/1_4/split_random/deeplabv3plus/resnet50/nothing_old_mean_std/self_training/non_consistency_training/first_time',
 'time': 1,
 'unlabeled_id_path': 'dataset/splits/dataset2/1_4/split_random/unlabeled.txt',
 'warm_up': 30}

INFO:root:Training supervised with consistency on unlabeled images
INFO:root:{'addition': 'nothing_old_mean_std',
 'backbone': 'resnet50',
 'batch_size': 16,
 'batch_size_consistency': 16,
 'conf_thres': 0.95,
 'config': 'configs/dataset2.yaml',
 'consistency_training': False,
 'crop_size': 320,
 'data_root': './',
 'dataset': 'dataset2',
 'epochs': 100,
 'labeled_id_path': 'dataset/splits/dataset2/1_4/split_random/labeled.txt',
 'lr': 0.0009,
 'model': 'deeplabv3plus',
 'ngpus': 1,
 'plus': False,
 'pseudo_consistency_mask_path': None,
 'pseudo_mask_path': 'outdir/pseudo_masks/dataset2/1_4/split_random/deeplabv3plus/resnet50/nothing_old_mean_std/self_training/non_consistency_training/first_time',
 'rand_thres': 0.8,
 'reliable_id_path': None,
 'save_path': 'outdir/models/dataset2/1_4/split_random/deeplabv3plus/resnet50/nothing_old_mean_std/self_training/non_consistency_training/first_time',
 'time': 1,
 'unlabeled_id_path': 'dataset/splits/dataset2/1_4/split_random/unlabeled.txt',
 'warm_up': 30}

INFO:root:Training supervised with consistency on unlabeled images
INFO:root:Epoch: 0, Iteration: 1, Loss: 1.1473468542099
INFO:root:Epoch: 0, Iteration: 2, Loss: 1.0460140705108643
INFO:root:Validation set mIOU: 26.62957455562581
INFO:root:Epoch: 1, Iteration: 3, Loss: 0.9220264554023743
INFO:root:Epoch: 1, Iteration: 4, Loss: 0.7707034945487976
INFO:root:Validation set mIOU: 25.451709714310272
INFO:root:Epoch: 2, Iteration: 5, Loss: 0.6649439930915833
INFO:root:Epoch: 2, Iteration: 6, Loss: 0.654229462146759
INFO:root:Validation set mIOU: 25.451709714310272
INFO:root:Epoch: 3, Iteration: 7, Loss: 0.592126727104187
INFO:root:Epoch: 3, Iteration: 8, Loss: 0.4613231420516968
INFO:root:Validation set mIOU: 38.903261562022024
INFO:root:Epoch: 4, Iteration: 9, Loss: 0.37646132707595825
INFO:root:Epoch: 4, Iteration: 10, Loss: 0.4401935040950775
INFO:root:Validation set mIOU: 51.351277397659025
INFO:root:Epoch: 5, Iteration: 11, Loss: 0.2871488034725189
INFO:root:Epoch: 5, Iteration: 12, Loss: 0.3024245500564575
INFO:root:Validation set mIOU: 57.70174841117428
INFO:root:Epoch: 6, Iteration: 13, Loss: 0.3018486499786377
INFO:root:Epoch: 6, Iteration: 14, Loss: 0.27531808614730835
INFO:root:Validation set mIOU: 70.97240397152208
INFO:root:Epoch: 7, Iteration: 15, Loss: 0.2599501311779022
INFO:root:Epoch: 7, Iteration: 16, Loss: 0.24683912098407745
INFO:root:Validation set mIOU: 72.94821972295006
INFO:root:Epoch: 8, Iteration: 17, Loss: 0.23599785566329956
INFO:root:Epoch: 8, Iteration: 18, Loss: 0.21297599375247955
INFO:root:Validation set mIOU: 73.90772996583586
INFO:root:Epoch: 9, Iteration: 19, Loss: 0.19812573492527008
INFO:root:Epoch: 9, Iteration: 20, Loss: 0.21367581188678741
INFO:root:Validation set mIOU: 73.57382657957241
INFO:root:Epoch: 10, Iteration: 21, Loss: 0.2539270222187042
INFO:root:Epoch: 10, Iteration: 22, Loss: 0.18139632046222687
INFO:root:Validation set mIOU: 70.14696494107308
INFO:root:Epoch: 11, Iteration: 23, Loss: 0.15374676883220673
INFO:root:Epoch: 11, Iteration: 24, Loss: 0.22536490857601166
INFO:root:Validation set mIOU: 69.2964521878411
INFO:root:Epoch: 12, Iteration: 25, Loss: 0.12885206937789917
INFO:root:Epoch: 12, Iteration: 26, Loss: 0.13504259288311005
INFO:root:Validation set mIOU: 71.90520282234765
INFO:root:Epoch: 13, Iteration: 27, Loss: 0.13701654970645905
INFO:root:Epoch: 13, Iteration: 28, Loss: 0.12478566914796829
INFO:root:Validation set mIOU: 75.71867888391317
INFO:root:Epoch: 14, Iteration: 29, Loss: 0.13052214682102203
INFO:root:Epoch: 14, Iteration: 30, Loss: 0.14448998868465424
INFO:root:Validation set mIOU: 78.9055179322618
INFO:root:Epoch: 15, Iteration: 31, Loss: 0.14197777211666107
INFO:root:Epoch: 15, Iteration: 32, Loss: 0.10449527949094772
INFO:root:Validation set mIOU: 79.924908975372
INFO:root:Epoch: 16, Iteration: 33, Loss: 0.12726233899593353
INFO:root:Epoch: 16, Iteration: 34, Loss: 0.09997320920228958
INFO:root:Validation set mIOU: 80.71377336483309
INFO:root:Epoch: 17, Iteration: 35, Loss: 0.12865571677684784
INFO:root:Epoch: 17, Iteration: 36, Loss: 0.10329817980527878
INFO:root:Validation set mIOU: 81.28598901507846
INFO:root:Epoch: 18, Iteration: 37, Loss: 0.09508578479290009
INFO:root:Epoch: 18, Iteration: 38, Loss: 0.11488177627325058
INFO:root:Validation set mIOU: 81.6108586479352
INFO:root:Epoch: 19, Iteration: 39, Loss: 0.08872133493423462
INFO:root:Epoch: 19, Iteration: 40, Loss: 0.10463247448205948
INFO:root:Validation set mIOU: 81.75610682947931
INFO:root:Epoch: 20, Iteration: 41, Loss: 0.10170002281665802
INFO:root:Epoch: 20, Iteration: 42, Loss: 0.08850192278623581
INFO:root:Validation set mIOU: 82.13448736133931
INFO:root:Epoch: 21, Iteration: 43, Loss: 0.09639455378055573
INFO:root:Epoch: 21, Iteration: 44, Loss: 0.08604690432548523
INFO:root:Validation set mIOU: 81.99046754341772
INFO:root:Epoch: 22, Iteration: 45, Loss: 0.10443861037492752
INFO:root:Epoch: 22, Iteration: 46, Loss: 0.08122874051332474
INFO:root:Validation set mIOU: 81.56033089863892
INFO:root:Epoch: 23, Iteration: 47, Loss: 0.11523838341236115
INFO:root:Epoch: 23, Iteration: 48, Loss: 0.10072121769189835
INFO:root:Validation set mIOU: 80.99181473046265
INFO:root:Epoch: 24, Iteration: 49, Loss: 0.08774685114622116
INFO:root:Epoch: 24, Iteration: 50, Loss: 0.08654526621103287
INFO:root:Validation set mIOU: 80.90868358707746
INFO:root:Epoch: 25, Iteration: 51, Loss: 0.09217245876789093
INFO:root:Epoch: 25, Iteration: 52, Loss: 0.06918235123157501
INFO:root:Validation set mIOU: 80.82467570914805
INFO:root:Epoch: 26, Iteration: 53, Loss: 0.09644211828708649
INFO:root:Epoch: 26, Iteration: 54, Loss: 0.07631519436836243
INFO:root:Validation set mIOU: 81.11812586442979
INFO:root:Epoch: 27, Iteration: 55, Loss: 0.08737123012542725
INFO:root:Epoch: 27, Iteration: 56, Loss: 0.07591689378023148
INFO:root:Validation set mIOU: 81.61551935177135
INFO:root:Epoch: 28, Iteration: 57, Loss: 0.07929275929927826
INFO:root:Epoch: 28, Iteration: 58, Loss: 0.08127013593912125
INFO:root:Validation set mIOU: 82.37148781885324
INFO:root:Epoch: 29, Iteration: 59, Loss: 0.08975177258253098
INFO:root:Epoch: 29, Iteration: 60, Loss: 0.0651727020740509
INFO:root:Validation set mIOU: 82.78610781844674
INFO:root:Epoch: 30, Iteration: 61, Loss: 0.10220863670110703
INFO:root:Epoch: 30, Iteration: 62, Loss: 0.06414096057415009
INFO:root:Validation set mIOU: 83.07079891631487
INFO:root:Epoch: 31, Iteration: 63, Loss: 0.08592857420444489
INFO:root:Epoch: 31, Iteration: 64, Loss: 0.10561798512935638
INFO:root:Validation set mIOU: 83.54885385349232
INFO:root:Epoch: 32, Iteration: 65, Loss: 0.07463439553976059
INFO:root:Epoch: 32, Iteration: 66, Loss: 0.10558799654245377
INFO:root:Validation set mIOU: 83.52620899847687
INFO:root:Epoch: 33, Iteration: 67, Loss: 0.06591736525297165
INFO:root:Epoch: 33, Iteration: 68, Loss: 0.08284546434879303
INFO:root:Validation set mIOU: 83.45665901764697
INFO:root:Epoch: 34, Iteration: 69, Loss: 0.075823113322258
INFO:root:Epoch: 34, Iteration: 70, Loss: 0.06636638939380646
INFO:root:Validation set mIOU: 83.58065990192878
INFO:root:Epoch: 35, Iteration: 71, Loss: 0.06903021782636642
INFO:root:Epoch: 35, Iteration: 72, Loss: 0.08064143359661102
INFO:root:Validation set mIOU: 83.38896181351777
INFO:root:Epoch: 36, Iteration: 73, Loss: 0.08740664273500443
INFO:root:Epoch: 36, Iteration: 74, Loss: 0.07644355297088623
INFO:root:Validation set mIOU: 83.3933155479334
INFO:root:Epoch: 37, Iteration: 75, Loss: 0.07023947685956955
INFO:root:Epoch: 37, Iteration: 76, Loss: 0.08020701259374619
INFO:root:Validation set mIOU: 83.29398890840777
INFO:root:Epoch: 38, Iteration: 77, Loss: 0.07500630617141724
INFO:root:Epoch: 38, Iteration: 78, Loss: 0.07051067799329758
INFO:root:Validation set mIOU: 83.26637471263741
INFO:root:Epoch: 39, Iteration: 79, Loss: 0.07502320408821106
INFO:root:Epoch: 39, Iteration: 80, Loss: 0.0743386372923851
INFO:root:Validation set mIOU: 83.25888778860411
INFO:root:Epoch: 40, Iteration: 81, Loss: 0.06770946085453033
INFO:root:Epoch: 40, Iteration: 82, Loss: 0.0688946396112442
INFO:root:Validation set mIOU: 83.60347187758993
INFO:root:Epoch: 41, Iteration: 83, Loss: 0.06491076201200485
INFO:root:Epoch: 41, Iteration: 84, Loss: 0.0796370729804039
INFO:root:Validation set mIOU: 83.66203932599635
INFO:root:Epoch: 42, Iteration: 85, Loss: 0.06674730777740479
INFO:root:Epoch: 42, Iteration: 86, Loss: 0.07360054552555084
INFO:root:Validation set mIOU: 83.83588263621361
INFO:root:Epoch: 43, Iteration: 87, Loss: 0.06713393330574036
INFO:root:Epoch: 43, Iteration: 88, Loss: 0.0603148378431797
INFO:root:Validation set mIOU: 84.08097628446832
INFO:root:Epoch: 44, Iteration: 89, Loss: 0.07116011530160904
INFO:root:Epoch: 44, Iteration: 90, Loss: 0.06686632335186005
INFO:root:Validation set mIOU: 84.12421017127328
INFO:root:Epoch: 45, Iteration: 91, Loss: 0.0653480589389801
INFO:root:Epoch: 45, Iteration: 92, Loss: 0.05673449859023094
INFO:root:Validation set mIOU: 84.18870950287723
INFO:root:Epoch: 46, Iteration: 93, Loss: 0.06497716903686523
INFO:root:Epoch: 46, Iteration: 94, Loss: 0.06462310999631882
INFO:root:Validation set mIOU: 84.33050136112018
INFO:root:Epoch: 47, Iteration: 95, Loss: 0.05692161247134209
INFO:root:Epoch: 47, Iteration: 96, Loss: 0.06962655484676361
INFO:root:Validation set mIOU: 84.28872059247308
INFO:root:Epoch: 48, Iteration: 97, Loss: 0.06845966726541519
INFO:root:Epoch: 48, Iteration: 98, Loss: 0.07169605046510696
INFO:root:Validation set mIOU: 84.20219814023807
INFO:root:Epoch: 49, Iteration: 99, Loss: 0.07858563959598541
INFO:root:Epoch: 49, Iteration: 100, Loss: 0.06787874549627304
INFO:root:Validation set mIOU: 84.15987414577305
INFO:root:Epoch: 50, Iteration: 101, Loss: 0.05398840084671974
INFO:root:Epoch: 50, Iteration: 102, Loss: 0.06340941041707993
INFO:root:Validation set mIOU: 84.3715189295851
INFO:root:Epoch: 51, Iteration: 103, Loss: 0.05930940434336662
INFO:root:Epoch: 51, Iteration: 104, Loss: 0.07486964762210846
INFO:root:Validation set mIOU: 84.36263133282755
INFO:root:Epoch: 52, Iteration: 105, Loss: 0.04892164468765259
INFO:root:Epoch: 52, Iteration: 106, Loss: 0.06930585950613022
INFO:root:Validation set mIOU: 84.3211136261232
INFO:root:Epoch: 53, Iteration: 107, Loss: 0.08015594631433487
INFO:root:Epoch: 53, Iteration: 108, Loss: 0.07098259031772614
INFO:root:Validation set mIOU: 84.42093512114313
INFO:root:Epoch: 54, Iteration: 109, Loss: 0.11683617532253265
INFO:root:Epoch: 54, Iteration: 110, Loss: 0.04827379435300827
INFO:root:Validation set mIOU: 84.5416133398504
INFO:root:Epoch: 55, Iteration: 111, Loss: 0.06292407214641571
INFO:root:Epoch: 55, Iteration: 112, Loss: 0.0675954818725586
INFO:root:Validation set mIOU: 84.68344226103248
INFO:root:Epoch: 56, Iteration: 113, Loss: 0.056980669498443604
INFO:root:Epoch: 56, Iteration: 114, Loss: 0.06352776288986206
INFO:root:Validation set mIOU: 84.70877700715643
INFO:root:Epoch: 57, Iteration: 115, Loss: 0.061298031359910965
INFO:root:Epoch: 57, Iteration: 116, Loss: 0.0614900141954422
INFO:root:Validation set mIOU: 84.76274561279347
INFO:root:Epoch: 58, Iteration: 117, Loss: 0.07238171249628067
INFO:root:Epoch: 58, Iteration: 118, Loss: 0.12118365615606308
INFO:root:Validation set mIOU: 84.72109729289214
INFO:root:Epoch: 59, Iteration: 119, Loss: 0.06754208356142044
INFO:root:Epoch: 59, Iteration: 120, Loss: 0.0653005987405777
INFO:root:Validation set mIOU: 84.80524208269345
INFO:root:Epoch: 60, Iteration: 121, Loss: 0.0691075548529625
INFO:root:Epoch: 60, Iteration: 122, Loss: 0.055332206189632416
INFO:root:Validation set mIOU: 84.87560530610611
INFO:root:Epoch: 61, Iteration: 123, Loss: 0.06475495547056198
INFO:root:Epoch: 61, Iteration: 124, Loss: 0.05912715941667557
INFO:root:Validation set mIOU: 84.77786829688613
INFO:root:Epoch: 62, Iteration: 125, Loss: 0.06247212365269661
INFO:root:Epoch: 62, Iteration: 126, Loss: 0.06317553669214249
INFO:root:Validation set mIOU: 84.74176154566595
INFO:root:Epoch: 63, Iteration: 127, Loss: 0.07955127209424973
INFO:root:Epoch: 63, Iteration: 128, Loss: 0.07014280557632446
INFO:root:Validation set mIOU: 84.59287358128105
INFO:root:Epoch: 64, Iteration: 129, Loss: 0.06888243556022644
INFO:root:Epoch: 64, Iteration: 130, Loss: 0.06296875327825546
INFO:root:Validation set mIOU: 84.69270969153874
INFO:root:Epoch: 65, Iteration: 131, Loss: 0.05677982047200203
INFO:root:Epoch: 65, Iteration: 132, Loss: 0.06569492816925049
INFO:root:Validation set mIOU: 84.71054655103839
INFO:root:Epoch: 66, Iteration: 133, Loss: 0.06550608575344086
INFO:root:Epoch: 66, Iteration: 134, Loss: 0.07927574217319489
INFO:root:Validation set mIOU: 84.76301243319325
INFO:root:Epoch: 67, Iteration: 135, Loss: 0.05474312603473663
INFO:root:Epoch: 67, Iteration: 136, Loss: 0.057380806654691696
INFO:root:Validation set mIOU: 84.7297617343243
INFO:root:Epoch: 68, Iteration: 137, Loss: 0.062350932508707047
INFO:root:Epoch: 68, Iteration: 138, Loss: 0.08379298448562622
INFO:root:Validation set mIOU: 84.72073952902858
INFO:root:Epoch: 69, Iteration: 139, Loss: 0.06814303249120712
INFO:root:Epoch: 69, Iteration: 140, Loss: 0.05984038487076759
INFO:root:Validation set mIOU: 84.64571610091531
INFO:root:Epoch: 70, Iteration: 141, Loss: 0.06916269659996033
INFO:root:Epoch: 70, Iteration: 142, Loss: 0.053969237953424454
INFO:root:Validation set mIOU: 84.77830019807668
INFO:root:Epoch: 71, Iteration: 143, Loss: 0.062158357352018356
INFO:root:Epoch: 71, Iteration: 144, Loss: 0.060474369674921036
INFO:root:Validation set mIOU: 84.78052760009729
INFO:root:Epoch: 72, Iteration: 145, Loss: 0.06143154203891754
INFO:root:Epoch: 72, Iteration: 146, Loss: 0.05751129239797592
INFO:root:Validation set mIOU: 84.81097450333245
INFO:root:Epoch: 73, Iteration: 147, Loss: 0.0616355799138546
INFO:root:Epoch: 73, Iteration: 148, Loss: 0.07892675697803497
INFO:root:Validation set mIOU: 84.95237371266619
INFO:root:Epoch: 74, Iteration: 149, Loss: 0.05203147605061531
INFO:root:Epoch: 74, Iteration: 150, Loss: 0.07615259289741516
INFO:root:Validation set mIOU: 84.9813913229211
INFO:root:Epoch: 75, Iteration: 151, Loss: 0.05717917159199715
INFO:root:Epoch: 75, Iteration: 152, Loss: 0.05176498368382454
INFO:root:Validation set mIOU: 84.9795566197426
INFO:root:Epoch: 76, Iteration: 153, Loss: 0.06327947229146957
INFO:root:Epoch: 76, Iteration: 154, Loss: 0.06726410984992981
INFO:root:Validation set mIOU: 84.91260690890107
INFO:root:Epoch: 77, Iteration: 155, Loss: 0.05361013859510422
INFO:root:Epoch: 77, Iteration: 156, Loss: 0.06813894212245941
INFO:root:Validation set mIOU: 84.86353948371
INFO:root:Epoch: 78, Iteration: 157, Loss: 0.0544392429292202
INFO:root:Epoch: 78, Iteration: 158, Loss: 0.06158498674631119
INFO:root:Validation set mIOU: 84.81940202025116
INFO:root:Epoch: 79, Iteration: 159, Loss: 0.04362937808036804
INFO:root:Epoch: 79, Iteration: 160, Loss: 0.06555318832397461
INFO:root:Validation set mIOU: 84.84740366429901
INFO:root:Epoch: 80, Iteration: 161, Loss: 0.058821771293878555
INFO:root:Epoch: 80, Iteration: 162, Loss: 0.057476941496133804
INFO:root:Validation set mIOU: 84.80452329408665
INFO:root:Epoch: 81, Iteration: 163, Loss: 0.04935233294963837
INFO:root:Epoch: 81, Iteration: 164, Loss: 0.06542312353849411
INFO:root:Validation set mIOU: 84.82758669567224
INFO:root:Epoch: 82, Iteration: 165, Loss: 0.05943647772073746
INFO:root:Epoch: 82, Iteration: 166, Loss: 0.05100857838988304
INFO:root:Validation set mIOU: 84.80512000926241
INFO:root:Epoch: 83, Iteration: 167, Loss: 0.059140246361494064
INFO:root:Epoch: 83, Iteration: 168, Loss: 0.050218503922224045
INFO:root:Validation set mIOU: 84.95251659899482
INFO:root:Epoch: 84, Iteration: 169, Loss: 0.08522238582372665
INFO:root:Epoch: 84, Iteration: 170, Loss: 0.0686960443854332
INFO:root:Validation set mIOU: 84.8385081453538
INFO:root:Epoch: 85, Iteration: 171, Loss: 0.055092088878154755
INFO:root:Epoch: 85, Iteration: 172, Loss: 0.08493078500032425
INFO:root:Validation set mIOU: 84.99278413642891
INFO:root:Epoch: 86, Iteration: 173, Loss: 0.0666712075471878
INFO:root:Epoch: 86, Iteration: 174, Loss: 0.05786408483982086
INFO:root:Validation set mIOU: 84.99060270668575
INFO:root:Epoch: 87, Iteration: 175, Loss: 0.05411477014422417
INFO:root:Epoch: 87, Iteration: 176, Loss: 0.05623767152428627
INFO:root:Validation set mIOU: 85.11195623813722
INFO:root:Epoch: 88, Iteration: 177, Loss: 0.05397322401404381
INFO:root:Epoch: 88, Iteration: 178, Loss: 0.049670878797769547
INFO:root:Validation set mIOU: 85.1716733542227
INFO:root:Epoch: 89, Iteration: 179, Loss: 0.05897526815533638
INFO:root:Epoch: 89, Iteration: 180, Loss: 0.0601852685213089
INFO:root:Validation set mIOU: 85.13300179958456
INFO:root:Epoch: 90, Iteration: 181, Loss: 0.07461052387952805
INFO:root:Epoch: 90, Iteration: 182, Loss: 0.07307054847478867
INFO:root:Validation set mIOU: 85.19913447707336
INFO:root:Epoch: 91, Iteration: 183, Loss: 0.06381937116384506
INFO:root:Epoch: 91, Iteration: 184, Loss: 0.04882795363664627
INFO:root:Validation set mIOU: 85.17957629818008
INFO:root:Epoch: 92, Iteration: 185, Loss: 0.05361054092645645
INFO:root:Epoch: 92, Iteration: 186, Loss: 0.054296597838401794
INFO:root:Validation set mIOU: 85.26152609073316
INFO:root:Epoch: 93, Iteration: 187, Loss: 0.06102641299366951
INFO:root:Epoch: 93, Iteration: 188, Loss: 0.06009393185377121
INFO:root:Validation set mIOU: 85.21763040931893
INFO:root:Epoch: 94, Iteration: 189, Loss: 0.06761684268712997
INFO:root:Epoch: 94, Iteration: 190, Loss: 0.04793442040681839
INFO:root:Validation set mIOU: 85.24657778411543
INFO:root:Epoch: 95, Iteration: 191, Loss: 0.056871794164180756
INFO:root:Epoch: 95, Iteration: 192, Loss: 0.06130342558026314
INFO:root:Validation set mIOU: 85.22861764307032
INFO:root:Epoch: 96, Iteration: 193, Loss: 0.055909883230924606
INFO:root:Epoch: 96, Iteration: 194, Loss: 0.04758518934249878
INFO:root:Validation set mIOU: 85.18454253259476
INFO:root:Epoch: 97, Iteration: 195, Loss: 0.056722357869148254
INFO:root:Epoch: 97, Iteration: 196, Loss: 0.06655218452215195
INFO:root:Validation set mIOU: 85.11642117637372
INFO:root:Epoch: 98, Iteration: 197, Loss: 0.055487409234046936
INFO:root:Epoch: 98, Iteration: 198, Loss: 0.0551319345831871
INFO:root:Validation set mIOU: 85.21962248985817
INFO:root:Epoch: 99, Iteration: 199, Loss: 0.06337472796440125
INFO:root:Epoch: 99, Iteration: 200, Loss: 0.05746518820524216
INFO:root:Validation set mIOU: 85.34289279197363
INFO:root:Semi-training
INFO:root:Epoch: 0, Iteration: 1, Loss: 1.2603148221969604
INFO:root:Epoch: 0, Iteration: 2, Loss: 1.1591638326644897
INFO:root:Epoch: 0, Iteration: 3, Loss: 0.9944685697555542
INFO:root:Epoch: 0, Iteration: 4, Loss: 0.8494192957878113
INFO:root:Epoch: 0, Iteration: 5, Loss: 0.7890833020210266
INFO:root:Epoch: 0, Iteration: 6, Loss: 0.6376597285270691
INFO:root:Epoch: 0, Iteration: 7, Loss: 0.6118229627609253
INFO:root:Validation set mIOU: 25.451709714310272
INFO:root:Epoch: 1, Iteration: 8, Loss: 0.5086401104927063
INFO:root:Epoch: 1, Iteration: 9, Loss: 0.525439977645874
INFO:root:Epoch: 1, Iteration: 10, Loss: 0.5880380868911743
INFO:root:Epoch: 1, Iteration: 11, Loss: 0.45679014921188354
INFO:root:Epoch: 1, Iteration: 12, Loss: 0.47797825932502747
INFO:root:Epoch: 1, Iteration: 13, Loss: 0.4559069573879242
INFO:root:Epoch: 1, Iteration: 14, Loss: 0.32247987389564514
INFO:root:Validation set mIOU: 62.38096610611469
INFO:root:Epoch: 2, Iteration: 15, Loss: 0.5151127576828003
INFO:root:Epoch: 2, Iteration: 16, Loss: 0.3044489324092865
INFO:root:Epoch: 2, Iteration: 17, Loss: 0.2863178551197052
INFO:root:Epoch: 2, Iteration: 18, Loss: 0.35069742798805237
INFO:root:Epoch: 2, Iteration: 19, Loss: 0.26040002703666687
INFO:root:Epoch: 2, Iteration: 20, Loss: 0.25660672783851624
INFO:root:Epoch: 2, Iteration: 21, Loss: 0.3030547797679901
INFO:root:Validation set mIOU: 74.84243270217522
INFO:root:Epoch: 3, Iteration: 22, Loss: 0.2557748854160309
INFO:root:Epoch: 3, Iteration: 23, Loss: 0.2605184018611908
INFO:root:Epoch: 3, Iteration: 24, Loss: 0.24905550479888916
INFO:root:Epoch: 3, Iteration: 25, Loss: 0.1969265192747116
INFO:root:Epoch: 3, Iteration: 26, Loss: 0.23520006239414215
INFO:root:Epoch: 3, Iteration: 27, Loss: 0.1681690514087677
INFO:root:Epoch: 3, Iteration: 28, Loss: 0.2579517960548401
INFO:root:Validation set mIOU: 76.39164580845743
INFO:root:Epoch: 4, Iteration: 29, Loss: 0.19618037343025208
INFO:root:Epoch: 4, Iteration: 30, Loss: 0.3208419382572174
INFO:root:Epoch: 4, Iteration: 31, Loss: 0.21403171122074127
INFO:root:Epoch: 4, Iteration: 32, Loss: 0.22708871960639954
INFO:root:Epoch: 4, Iteration: 33, Loss: 0.21273532509803772
INFO:root:Epoch: 4, Iteration: 34, Loss: 0.23700657486915588
INFO:root:Epoch: 4, Iteration: 35, Loss: 0.21804019808769226
INFO:root:Validation set mIOU: 79.8123708497451
INFO:root:Epoch: 5, Iteration: 36, Loss: 0.16843733191490173
INFO:root:Epoch: 5, Iteration: 37, Loss: 0.23309780657291412
INFO:root:Epoch: 5, Iteration: 38, Loss: 0.13695445656776428
INFO:root:Epoch: 5, Iteration: 39, Loss: 0.20068839192390442
INFO:root:Epoch: 5, Iteration: 40, Loss: 0.3014616072177887
INFO:root:Epoch: 5, Iteration: 41, Loss: 0.20413319766521454
INFO:root:Epoch: 5, Iteration: 42, Loss: 0.19623087346553802
INFO:root:Validation set mIOU: 80.14767557509423
INFO:root:Epoch: 6, Iteration: 43, Loss: 0.14859983325004578
INFO:root:Epoch: 6, Iteration: 44, Loss: 0.32911673188209534
INFO:root:Epoch: 6, Iteration: 45, Loss: 0.14117412269115448
INFO:root:Epoch: 6, Iteration: 46, Loss: 0.14279675483703613
INFO:root:Epoch: 6, Iteration: 47, Loss: 0.23092655837535858
INFO:root:Epoch: 6, Iteration: 48, Loss: 0.16195084154605865
INFO:root:Epoch: 6, Iteration: 49, Loss: 0.20650605857372284
INFO:root:Validation set mIOU: 81.89252431404684
INFO:root:Epoch: 7, Iteration: 50, Loss: 0.21159358322620392
INFO:root:Epoch: 7, Iteration: 51, Loss: 0.17874817550182343
INFO:root:Epoch: 7, Iteration: 52, Loss: 0.14419357478618622
INFO:root:Epoch: 7, Iteration: 53, Loss: 0.22406472265720367
INFO:root:Epoch: 7, Iteration: 54, Loss: 0.18026156723499298
INFO:root:Epoch: 7, Iteration: 55, Loss: 0.18666453659534454
INFO:root:Epoch: 7, Iteration: 56, Loss: 0.14268027245998383
INFO:root:Validation set mIOU: 81.8626672217839
INFO:root:Epoch: 8, Iteration: 57, Loss: 0.21563385426998138
INFO:root:Epoch: 8, Iteration: 58, Loss: 0.17805057764053345
INFO:root:Epoch: 8, Iteration: 59, Loss: 0.14225687086582184
INFO:root:Epoch: 8, Iteration: 60, Loss: 0.19580502808094025
INFO:root:Epoch: 8, Iteration: 61, Loss: 0.14792698621749878
INFO:root:Epoch: 8, Iteration: 62, Loss: 0.157785564661026
INFO:root:Epoch: 8, Iteration: 63, Loss: 0.12650629878044128
INFO:root:Validation set mIOU: 81.70084131812028
INFO:root:Epoch: 9, Iteration: 64, Loss: 0.17312584817409515
INFO:root:Epoch: 9, Iteration: 65, Loss: 0.1465688943862915
INFO:root:Epoch: 9, Iteration: 66, Loss: 0.16678902506828308
INFO:root:Epoch: 9, Iteration: 67, Loss: 0.13834768533706665
INFO:root:Epoch: 9, Iteration: 68, Loss: 0.14519430696964264
INFO:root:Epoch: 9, Iteration: 69, Loss: 0.12807589769363403
INFO:root:Epoch: 9, Iteration: 70, Loss: 0.1730247139930725
INFO:root:Validation set mIOU: 80.8617299488926
INFO:root:Epoch: 10, Iteration: 71, Loss: 0.13359373807907104
INFO:root:Epoch: 10, Iteration: 72, Loss: 0.13629521429538727
INFO:root:Epoch: 10, Iteration: 73, Loss: 0.18589071929454803
INFO:root:Epoch: 10, Iteration: 74, Loss: 0.13970942795276642
INFO:root:Epoch: 10, Iteration: 75, Loss: 0.16284210979938507
INFO:root:Epoch: 10, Iteration: 76, Loss: 0.15388014912605286
INFO:root:Epoch: 10, Iteration: 77, Loss: 0.16293038427829742
INFO:root:Validation set mIOU: 82.33941017007636
INFO:root:Epoch: 11, Iteration: 78, Loss: 0.13756611943244934
INFO:root:Epoch: 11, Iteration: 79, Loss: 0.17896242439746857
INFO:root:Epoch: 11, Iteration: 80, Loss: 0.16623596847057343
INFO:root:Epoch: 11, Iteration: 81, Loss: 0.1408647745847702
INFO:root:Epoch: 11, Iteration: 82, Loss: 0.15622654557228088
INFO:root:Epoch: 11, Iteration: 83, Loss: 0.10108105093240738
INFO:root:Epoch: 11, Iteration: 84, Loss: 0.17846183478832245
INFO:root:Validation set mIOU: 82.76609605967494
INFO:root:Epoch: 12, Iteration: 85, Loss: 0.1449778974056244
INFO:root:Epoch: 12, Iteration: 86, Loss: 0.1248689517378807
INFO:root:Epoch: 12, Iteration: 87, Loss: 0.11399556696414948
INFO:root:Epoch: 12, Iteration: 88, Loss: 0.12149624526500702
INFO:root:Epoch: 12, Iteration: 89, Loss: 0.1403329074382782
INFO:root:Epoch: 12, Iteration: 90, Loss: 0.158948615193367
INFO:root:Epoch: 12, Iteration: 91, Loss: 0.16749143600463867
INFO:root:Validation set mIOU: 83.50148371650431
INFO:root:Epoch: 13, Iteration: 92, Loss: 0.11151457577943802
INFO:root:Epoch: 13, Iteration: 93, Loss: 0.14412923157215118
INFO:root:Epoch: 13, Iteration: 94, Loss: 0.20999743044376373
INFO:root:Epoch: 13, Iteration: 95, Loss: 0.11142010241746902
INFO:root:Epoch: 13, Iteration: 96, Loss: 0.11016402393579483
INFO:root:Epoch: 13, Iteration: 97, Loss: 0.11603784561157227
INFO:root:Epoch: 13, Iteration: 98, Loss: 0.11551989614963531
INFO:root:Validation set mIOU: 83.52739141881669
INFO:root:Epoch: 14, Iteration: 99, Loss: 0.11161240190267563
INFO:root:Epoch: 14, Iteration: 100, Loss: 0.10753511637449265
INFO:root:Epoch: 14, Iteration: 101, Loss: 0.1397707164287567
INFO:root:Epoch: 14, Iteration: 102, Loss: 0.0839398205280304
INFO:root:Epoch: 14, Iteration: 103, Loss: 0.09707954525947571
INFO:root:Epoch: 14, Iteration: 104, Loss: 0.17259597778320312
INFO:root:Epoch: 14, Iteration: 105, Loss: 0.13166791200637817
INFO:root:Validation set mIOU: 83.38093807178262
INFO:root:Epoch: 15, Iteration: 106, Loss: 0.20598964393138885
INFO:root:Epoch: 15, Iteration: 107, Loss: 0.10910224169492722
INFO:root:Epoch: 15, Iteration: 108, Loss: 0.12795481085777283
INFO:root:Epoch: 15, Iteration: 109, Loss: 0.10793950408697128
INFO:root:Epoch: 15, Iteration: 110, Loss: 0.17741519212722778
INFO:root:Epoch: 15, Iteration: 111, Loss: 0.13806918263435364
INFO:root:Epoch: 15, Iteration: 112, Loss: 0.09670717269182205
INFO:root:Validation set mIOU: 83.74267386108508
INFO:root:Epoch: 16, Iteration: 113, Loss: 0.13828815519809723
INFO:root:Epoch: 16, Iteration: 114, Loss: 0.11433552205562592
INFO:root:Epoch: 16, Iteration: 115, Loss: 0.10493966937065125
INFO:root:Epoch: 16, Iteration: 116, Loss: 0.10306546092033386
INFO:root:Epoch: 16, Iteration: 117, Loss: 0.15039362013339996
INFO:root:Epoch: 16, Iteration: 118, Loss: 0.12238384783267975
INFO:root:Epoch: 16, Iteration: 119, Loss: 0.1396077573299408
INFO:root:Validation set mIOU: 84.27141782600542
INFO:root:Epoch: 17, Iteration: 120, Loss: 0.10872017592191696
INFO:root:Epoch: 17, Iteration: 121, Loss: 0.09318701922893524
INFO:root:Epoch: 17, Iteration: 122, Loss: 0.11900307983160019
INFO:root:Epoch: 17, Iteration: 123, Loss: 0.12296505272388458
INFO:root:Epoch: 17, Iteration: 124, Loss: 0.09214016050100327
INFO:root:Epoch: 17, Iteration: 125, Loss: 0.08715372532606125
INFO:root:Epoch: 17, Iteration: 126, Loss: 0.11414512246847153
INFO:root:Validation set mIOU: 83.96596103805196
INFO:root:Epoch: 18, Iteration: 127, Loss: 0.08771034330129623
INFO:root:Epoch: 18, Iteration: 128, Loss: 0.13828136026859283
INFO:root:Epoch: 18, Iteration: 129, Loss: 0.12707319855690002
INFO:root:Epoch: 18, Iteration: 130, Loss: 0.10423362255096436
INFO:root:Epoch: 18, Iteration: 131, Loss: 0.23770759999752045
INFO:root:Epoch: 18, Iteration: 132, Loss: 0.118613101541996
INFO:root:Epoch: 18, Iteration: 133, Loss: 0.13947393000125885
INFO:root:Validation set mIOU: 85.04680179620037
INFO:root:Epoch: 19, Iteration: 134, Loss: 0.10151687264442444
INFO:root:Epoch: 19, Iteration: 135, Loss: 0.1167047843337059
INFO:root:Epoch: 19, Iteration: 136, Loss: 0.13416428864002228
INFO:root:Epoch: 19, Iteration: 137, Loss: 0.11200539022684097
INFO:root:Epoch: 19, Iteration: 138, Loss: 0.08029338717460632
INFO:root:Epoch: 19, Iteration: 139, Loss: 0.13518105447292328
INFO:root:Epoch: 19, Iteration: 140, Loss: 0.09372015297412872
INFO:root:Validation set mIOU: 85.49782434627592
INFO:root:Epoch: 20, Iteration: 141, Loss: 0.10714410990476608
INFO:root:Epoch: 20, Iteration: 142, Loss: 0.10118778049945831
INFO:root:Epoch: 20, Iteration: 143, Loss: 0.13405980169773102
INFO:root:Epoch: 20, Iteration: 144, Loss: 0.12022250145673752
INFO:root:Epoch: 20, Iteration: 145, Loss: 0.10738150030374527
INFO:root:Epoch: 20, Iteration: 146, Loss: 0.11490324884653091
INFO:root:Epoch: 20, Iteration: 147, Loss: 0.09417622536420822
INFO:root:Validation set mIOU: 85.2774852963851
INFO:root:Epoch: 21, Iteration: 148, Loss: 0.09213665872812271
INFO:root:Epoch: 21, Iteration: 149, Loss: 0.10786543041467667
INFO:root:Epoch: 21, Iteration: 150, Loss: 0.09026391804218292
INFO:root:Epoch: 21, Iteration: 151, Loss: 0.13746856153011322
INFO:root:Epoch: 21, Iteration: 152, Loss: 0.14305751025676727
INFO:root:Epoch: 21, Iteration: 153, Loss: 0.08460909873247147
INFO:root:Epoch: 21, Iteration: 154, Loss: 0.12102042883634567
INFO:root:Validation set mIOU: 84.78238776901476
INFO:root:Epoch: 22, Iteration: 155, Loss: 0.08014319092035294
INFO:root:Epoch: 22, Iteration: 156, Loss: 0.10434968024492264
INFO:root:Epoch: 22, Iteration: 157, Loss: 0.11490295827388763
INFO:root:Epoch: 22, Iteration: 158, Loss: 0.11168690025806427
INFO:root:Epoch: 22, Iteration: 159, Loss: 0.1131267100572586
INFO:root:Epoch: 22, Iteration: 160, Loss: 0.09763669222593307
INFO:root:Epoch: 22, Iteration: 161, Loss: 0.08879046887159348
INFO:root:Validation set mIOU: 84.95473842831545
INFO:root:Epoch: 23, Iteration: 162, Loss: 0.12984532117843628
INFO:root:Epoch: 23, Iteration: 163, Loss: 0.14974768459796906
INFO:root:Epoch: 23, Iteration: 164, Loss: 0.11484118551015854
INFO:root:Epoch: 23, Iteration: 165, Loss: 0.0796332135796547
INFO:root:Epoch: 23, Iteration: 166, Loss: 0.10389164090156555
INFO:root:Epoch: 23, Iteration: 167, Loss: 0.14845094084739685
INFO:root:Epoch: 23, Iteration: 168, Loss: 0.10081373155117035
INFO:root:Validation set mIOU: 85.3197755736017
INFO:root:Epoch: 24, Iteration: 169, Loss: 0.14432495832443237
INFO:root:Epoch: 24, Iteration: 170, Loss: 0.09780202805995941
INFO:root:Epoch: 24, Iteration: 171, Loss: 0.11134639382362366
INFO:root:Epoch: 24, Iteration: 172, Loss: 0.14649619162082672
INFO:root:Epoch: 24, Iteration: 173, Loss: 0.10390494763851166
INFO:root:Epoch: 24, Iteration: 174, Loss: 0.10331407934427261
INFO:root:Epoch: 24, Iteration: 175, Loss: 0.11277592927217484
INFO:root:Validation set mIOU: 85.2678217205686
INFO:root:Epoch: 25, Iteration: 176, Loss: 0.1115669533610344
INFO:root:Epoch: 25, Iteration: 177, Loss: 0.11058713495731354
INFO:root:Epoch: 25, Iteration: 178, Loss: 0.09137248992919922
INFO:root:Epoch: 25, Iteration: 179, Loss: 0.11088433861732483
INFO:root:Epoch: 25, Iteration: 180, Loss: 0.07593143731355667
INFO:root:Epoch: 25, Iteration: 181, Loss: 0.09173434972763062
INFO:root:Epoch: 25, Iteration: 182, Loss: 0.1374226063489914
INFO:root:Validation set mIOU: 85.15412275455105
INFO:root:Epoch: 26, Iteration: 183, Loss: 0.11022558063268661
INFO:root:Epoch: 26, Iteration: 184, Loss: 0.1166824996471405
INFO:root:Epoch: 26, Iteration: 185, Loss: 0.10076586157083511
INFO:root:Epoch: 26, Iteration: 186, Loss: 0.08813521265983582
INFO:root:Epoch: 26, Iteration: 187, Loss: 0.08173420280218124
INFO:root:Epoch: 26, Iteration: 188, Loss: 0.11138357222080231
INFO:root:Epoch: 26, Iteration: 189, Loss: 0.10009337216615677
INFO:root:Validation set mIOU: 85.07549909498626
INFO:root:Epoch: 27, Iteration: 190, Loss: 0.10712938755750656
INFO:root:Epoch: 27, Iteration: 191, Loss: 0.12198718637228012
INFO:root:Epoch: 27, Iteration: 192, Loss: 0.09799870103597641
INFO:root:Epoch: 27, Iteration: 193, Loss: 0.06994979083538055
INFO:root:Epoch: 27, Iteration: 194, Loss: 0.07350581884384155
INFO:root:Epoch: 27, Iteration: 195, Loss: 0.14386694133281708
INFO:root:Epoch: 27, Iteration: 196, Loss: 0.09459025412797928
INFO:root:Validation set mIOU: 85.08799253943457
INFO:root:Epoch: 28, Iteration: 197, Loss: 0.07839102298021317
INFO:root:Epoch: 28, Iteration: 198, Loss: 0.13855572044849396
INFO:root:Epoch: 28, Iteration: 199, Loss: 0.08703390508890152
INFO:root:Epoch: 28, Iteration: 200, Loss: 0.09343431890010834
INFO:root:Epoch: 28, Iteration: 201, Loss: 0.10297760367393494
INFO:root:Epoch: 28, Iteration: 202, Loss: 0.09100688993930817
INFO:root:Epoch: 28, Iteration: 203, Loss: 0.08464223146438599
INFO:root:Validation set mIOU: 84.99500139509016
INFO:root:Epoch: 29, Iteration: 204, Loss: 0.09081866592168808
INFO:root:Epoch: 29, Iteration: 205, Loss: 0.16727834939956665
INFO:root:Epoch: 29, Iteration: 206, Loss: 0.0733833834528923
INFO:root:Epoch: 29, Iteration: 207, Loss: 0.08789734542369843
INFO:root:Epoch: 29, Iteration: 208, Loss: 0.09546050429344177
INFO:root:Epoch: 29, Iteration: 209, Loss: 0.08643828332424164
INFO:root:Epoch: 29, Iteration: 210, Loss: 0.16079644858837128
INFO:root:Validation set mIOU: 84.90921331072929
INFO:root:Epoch: 30, Iteration: 211, Loss: 0.09335218369960785
INFO:root:Epoch: 30, Iteration: 212, Loss: 0.1223093792796135
INFO:root:Epoch: 30, Iteration: 213, Loss: 0.06403099745512009
INFO:root:Epoch: 30, Iteration: 214, Loss: 0.07700826972723007
INFO:root:Epoch: 30, Iteration: 215, Loss: 0.09824374318122864
INFO:root:Epoch: 30, Iteration: 216, Loss: 0.0821976438164711
INFO:root:Epoch: 30, Iteration: 217, Loss: 0.09106006473302841
INFO:root:Validation set mIOU: 85.04333091217362
INFO:root:Epoch: 31, Iteration: 218, Loss: 0.11502049118280411
INFO:root:Epoch: 31, Iteration: 219, Loss: 0.13492631912231445
INFO:root:Epoch: 31, Iteration: 220, Loss: 0.09176665544509888
INFO:root:Epoch: 31, Iteration: 221, Loss: 0.0893477350473404
INFO:root:Epoch: 31, Iteration: 222, Loss: 0.12237607687711716
INFO:root:Epoch: 31, Iteration: 223, Loss: 0.09780542552471161
INFO:root:Epoch: 31, Iteration: 224, Loss: 0.08606873452663422
INFO:root:Validation set mIOU: 85.54973953623049
INFO:root:Epoch: 32, Iteration: 225, Loss: 0.12214280664920807
INFO:root:Epoch: 32, Iteration: 226, Loss: 0.08413578569889069
INFO:root:Epoch: 32, Iteration: 227, Loss: 0.0822613313794136
INFO:root:Epoch: 32, Iteration: 228, Loss: 0.08520999550819397
INFO:root:Epoch: 32, Iteration: 229, Loss: 0.08021349459886551
INFO:root:Epoch: 32, Iteration: 230, Loss: 0.08514948934316635
INFO:root:Epoch: 32, Iteration: 231, Loss: 0.11285027116537094
INFO:root:Validation set mIOU: 85.51558321642517
INFO:root:Epoch: 33, Iteration: 232, Loss: 0.07813689857721329
INFO:root:Epoch: 33, Iteration: 233, Loss: 0.09192194789648056
INFO:root:Epoch: 33, Iteration: 234, Loss: 0.08639611303806305
INFO:root:Epoch: 33, Iteration: 235, Loss: 0.09155470877885818
INFO:root:Epoch: 33, Iteration: 236, Loss: 0.10566635429859161
INFO:root:Epoch: 33, Iteration: 237, Loss: 0.10106340050697327
INFO:root:Epoch: 33, Iteration: 238, Loss: 0.07705511152744293
INFO:root:Validation set mIOU: 85.6981094457398
INFO:root:Epoch: 34, Iteration: 239, Loss: 0.1064872145652771
INFO:root:Epoch: 34, Iteration: 240, Loss: 0.12795107066631317
INFO:root:Epoch: 34, Iteration: 241, Loss: 0.1090303510427475
INFO:root:Epoch: 34, Iteration: 242, Loss: 0.09331582486629486
INFO:root:Epoch: 34, Iteration: 243, Loss: 0.06852607429027557
INFO:root:Epoch: 34, Iteration: 244, Loss: 0.09029415994882584
INFO:root:Epoch: 34, Iteration: 245, Loss: 0.09077301621437073
INFO:root:Validation set mIOU: 85.62777847929226
INFO:root:Epoch: 35, Iteration: 246, Loss: 0.11161372810602188
INFO:root:Epoch: 35, Iteration: 247, Loss: 0.08202280849218369
INFO:root:Epoch: 35, Iteration: 248, Loss: 0.08766674250364304
INFO:root:Epoch: 35, Iteration: 249, Loss: 0.07864899188280106
INFO:root:Epoch: 35, Iteration: 250, Loss: 0.11524683237075806
INFO:root:Epoch: 35, Iteration: 251, Loss: 0.10658138990402222
INFO:root:Epoch: 35, Iteration: 252, Loss: 0.07243581116199493
INFO:root:Validation set mIOU: 85.61955309868749
INFO:root:Epoch: 36, Iteration: 253, Loss: 0.05676808953285217
INFO:root:Epoch: 36, Iteration: 254, Loss: 0.11603643000125885
INFO:root:Epoch: 36, Iteration: 255, Loss: 0.1080470085144043
INFO:root:Epoch: 36, Iteration: 256, Loss: 0.09585733711719513
INFO:root:Epoch: 36, Iteration: 257, Loss: 0.09237736463546753
INFO:root:Epoch: 36, Iteration: 258, Loss: 0.11181271821260452
INFO:root:Epoch: 36, Iteration: 259, Loss: 0.09908458590507507
INFO:root:Validation set mIOU: 85.85081453292652
INFO:root:Epoch: 37, Iteration: 260, Loss: 0.08771630376577377
INFO:root:Epoch: 37, Iteration: 261, Loss: 0.1026313379406929
INFO:root:Epoch: 37, Iteration: 262, Loss: 0.11605997383594513
INFO:root:Epoch: 37, Iteration: 263, Loss: 0.07518697530031204
INFO:root:Epoch: 37, Iteration: 264, Loss: 0.09250114113092422
INFO:root:Epoch: 37, Iteration: 265, Loss: 0.08704355359077454
INFO:root:Epoch: 37, Iteration: 266, Loss: 0.07752636075019836
INFO:root:Validation set mIOU: 86.03263157716144
INFO:root:Epoch: 38, Iteration: 267, Loss: 0.07405176758766174
INFO:root:Epoch: 38, Iteration: 268, Loss: 0.07739461213350296
INFO:root:Epoch: 38, Iteration: 269, Loss: 0.0812222883105278
INFO:root:Epoch: 38, Iteration: 270, Loss: 0.07020847499370575
INFO:root:Epoch: 38, Iteration: 271, Loss: 0.06946098059415817
INFO:root:Epoch: 38, Iteration: 272, Loss: 0.13865047693252563
INFO:root:Epoch: 38, Iteration: 273, Loss: 0.08909265697002411
INFO:root:Validation set mIOU: 85.88564842085307
INFO:root:Epoch: 39, Iteration: 274, Loss: 0.08712948858737946
INFO:root:Epoch: 39, Iteration: 275, Loss: 0.09141252934932709
INFO:root:Epoch: 39, Iteration: 276, Loss: 0.21676400303840637
INFO:root:Epoch: 39, Iteration: 277, Loss: 0.11110103130340576
INFO:root:Epoch: 39, Iteration: 278, Loss: 0.16501548886299133
INFO:root:Epoch: 39, Iteration: 279, Loss: 0.07084043323993683
INFO:root:Epoch: 39, Iteration: 280, Loss: 0.0845121443271637
INFO:root:Validation set mIOU: 85.81960324227259
INFO:root:Epoch: 40, Iteration: 281, Loss: 0.08635983616113663
INFO:root:Epoch: 40, Iteration: 282, Loss: 0.10410407185554504
INFO:root:Epoch: 40, Iteration: 283, Loss: 0.09756799042224884
INFO:root:Epoch: 40, Iteration: 284, Loss: 0.17881642282009125
INFO:root:Epoch: 40, Iteration: 285, Loss: 0.08048522472381592
INFO:root:Epoch: 40, Iteration: 286, Loss: 0.09943985939025879
INFO:root:Epoch: 40, Iteration: 287, Loss: 0.09149336069822311
INFO:root:Validation set mIOU: 86.2008036855112
INFO:root:Epoch: 41, Iteration: 288, Loss: 0.07197528332471848
INFO:root:Epoch: 41, Iteration: 289, Loss: 0.11967431008815765
INFO:root:Epoch: 41, Iteration: 290, Loss: 0.10095231980085373
INFO:root:Epoch: 41, Iteration: 291, Loss: 0.09012048691511154
INFO:root:Epoch: 41, Iteration: 292, Loss: 0.09389044344425201
INFO:root:Epoch: 41, Iteration: 293, Loss: 0.1166853979229927
INFO:root:Epoch: 41, Iteration: 294, Loss: 0.08190350979566574
INFO:root:Validation set mIOU: 85.92705202780363
INFO:root:Epoch: 42, Iteration: 295, Loss: 0.09650946408510208
INFO:root:Epoch: 42, Iteration: 296, Loss: 0.08349637687206268
INFO:root:Epoch: 42, Iteration: 297, Loss: 0.09310109913349152
INFO:root:Epoch: 42, Iteration: 298, Loss: 0.07725950330495834
INFO:root:Epoch: 42, Iteration: 299, Loss: 0.11678234487771988
INFO:root:Epoch: 42, Iteration: 300, Loss: 0.11415902525186539
INFO:root:Epoch: 42, Iteration: 301, Loss: 0.10347618907690048
INFO:root:Validation set mIOU: 85.68302319526308
INFO:root:Epoch: 43, Iteration: 302, Loss: 0.06571514159440994
INFO:root:Epoch: 43, Iteration: 303, Loss: 0.10710760951042175
INFO:root:Epoch: 43, Iteration: 304, Loss: 0.0634617954492569
INFO:root:Epoch: 43, Iteration: 305, Loss: 0.08028924465179443
INFO:root:Epoch: 43, Iteration: 306, Loss: 0.14434072375297546
INFO:root:Epoch: 43, Iteration: 307, Loss: 0.08567804843187332
INFO:root:Epoch: 43, Iteration: 308, Loss: 0.08257091045379639
INFO:root:Validation set mIOU: 85.45622351573216
INFO:root:Epoch: 44, Iteration: 309, Loss: 0.09110768139362335
INFO:root:Epoch: 44, Iteration: 310, Loss: 0.08232120424509048
INFO:root:Epoch: 44, Iteration: 311, Loss: 0.08392467349767685
INFO:root:Epoch: 44, Iteration: 312, Loss: 0.09368356317281723
INFO:root:Epoch: 44, Iteration: 313, Loss: 0.10195519030094147
INFO:root:Epoch: 44, Iteration: 314, Loss: 0.08706124126911163
INFO:root:Epoch: 44, Iteration: 315, Loss: 0.07094540446996689
INFO:root:Validation set mIOU: 85.2090519556905
INFO:root:Epoch: 45, Iteration: 316, Loss: 0.07760103046894073
INFO:root:Epoch: 45, Iteration: 317, Loss: 0.10426098853349686
INFO:root:Epoch: 45, Iteration: 318, Loss: 0.09038302302360535
INFO:root:Epoch: 45, Iteration: 319, Loss: 0.09525546431541443
INFO:root:Epoch: 45, Iteration: 320, Loss: 0.07436422258615494
INFO:root:Epoch: 45, Iteration: 321, Loss: 0.10050506889820099
INFO:root:Epoch: 45, Iteration: 322, Loss: 0.05909741297364235
INFO:root:Validation set mIOU: 85.4838384040188
INFO:root:Epoch: 46, Iteration: 323, Loss: 0.07136088609695435
INFO:root:Epoch: 46, Iteration: 324, Loss: 0.06557632237672806
INFO:root:Epoch: 46, Iteration: 325, Loss: 0.10529708117246628
INFO:root:Epoch: 46, Iteration: 326, Loss: 0.11561185866594315
INFO:root:Epoch: 46, Iteration: 327, Loss: 0.06599947065114975
INFO:root:Epoch: 46, Iteration: 328, Loss: 0.10529597103595734
INFO:root:Epoch: 46, Iteration: 329, Loss: 0.09066512435674667
INFO:root:Validation set mIOU: 85.30217751900487
INFO:root:Epoch: 47, Iteration: 330, Loss: 0.0782380923628807
INFO:root:Epoch: 47, Iteration: 331, Loss: 0.09195657819509506
INFO:root:Epoch: 47, Iteration: 332, Loss: 0.07160115987062454
INFO:root:Epoch: 47, Iteration: 333, Loss: 0.09480034559965134
INFO:root:Epoch: 47, Iteration: 334, Loss: 0.0676741972565651
INFO:root:Epoch: 47, Iteration: 335, Loss: 0.10382992774248123
INFO:root:Epoch: 47, Iteration: 336, Loss: 0.0893937274813652
INFO:root:Validation set mIOU: 85.62479566619851
INFO:root:Epoch: 48, Iteration: 337, Loss: 0.0882454663515091
INFO:root:Epoch: 48, Iteration: 338, Loss: 0.09993010759353638
INFO:root:Epoch: 48, Iteration: 339, Loss: 0.09389359503984451
INFO:root:Epoch: 48, Iteration: 340, Loss: 0.0760190486907959
INFO:root:Epoch: 48, Iteration: 341, Loss: 0.07211978733539581
INFO:root:Epoch: 48, Iteration: 342, Loss: 0.09345047175884247
INFO:root:Epoch: 48, Iteration: 343, Loss: 0.1004079133272171
INFO:root:Validation set mIOU: 85.98933467886978
INFO:root:Epoch: 49, Iteration: 344, Loss: 0.07931601256132126
INFO:root:Epoch: 49, Iteration: 345, Loss: 0.08258233964443207
INFO:root:Epoch: 49, Iteration: 346, Loss: 0.09447025507688522
INFO:root:Epoch: 49, Iteration: 347, Loss: 0.0692165270447731
INFO:root:Epoch: 49, Iteration: 348, Loss: 0.09764975309371948
INFO:root:Epoch: 49, Iteration: 349, Loss: 0.10691531747579575
INFO:root:Epoch: 49, Iteration: 350, Loss: 0.10753461718559265
INFO:root:Validation set mIOU: 86.25190613960464
INFO:root:Epoch: 50, Iteration: 351, Loss: 0.10679886490106583
INFO:root:Epoch: 50, Iteration: 352, Loss: 0.10633156448602676
INFO:root:Epoch: 50, Iteration: 353, Loss: 0.07575073838233948
INFO:root:Epoch: 50, Iteration: 354, Loss: 0.09204576909542084
INFO:root:Epoch: 50, Iteration: 355, Loss: 0.09694014489650726
INFO:root:Epoch: 50, Iteration: 356, Loss: 0.09887661039829254
INFO:root:Epoch: 50, Iteration: 357, Loss: 0.08030709624290466
INFO:root:Validation set mIOU: 86.23068579754751
INFO:root:Epoch: 51, Iteration: 358, Loss: 0.09491394460201263
INFO:root:Epoch: 51, Iteration: 359, Loss: 0.08831916004419327
INFO:root:Epoch: 51, Iteration: 360, Loss: 0.09085404127836227
INFO:root:Epoch: 51, Iteration: 361, Loss: 0.09520341455936432
INFO:root:Epoch: 51, Iteration: 362, Loss: 0.08476343005895615
INFO:root:Epoch: 51, Iteration: 363, Loss: 0.12273399531841278
INFO:root:Epoch: 51, Iteration: 364, Loss: 0.07416163384914398
INFO:root:Validation set mIOU: 86.1678011170547
INFO:root:Epoch: 52, Iteration: 365, Loss: 0.07932407408952713
INFO:root:Epoch: 52, Iteration: 366, Loss: 0.10498934984207153
INFO:root:Epoch: 52, Iteration: 367, Loss: 0.10000847280025482
INFO:root:Epoch: 52, Iteration: 368, Loss: 0.10827029496431351
INFO:root:Epoch: 52, Iteration: 369, Loss: 0.08266465365886688
INFO:root:Epoch: 52, Iteration: 370, Loss: 0.1483864188194275
INFO:root:Epoch: 52, Iteration: 371, Loss: 0.07047916203737259
INFO:root:Validation set mIOU: 85.79297407316022
INFO:root:Epoch: 53, Iteration: 372, Loss: 0.07203850895166397
INFO:root:Epoch: 53, Iteration: 373, Loss: 0.12579406797885895
INFO:root:Epoch: 53, Iteration: 374, Loss: 0.09286940097808838
INFO:root:Epoch: 53, Iteration: 375, Loss: 0.062126465141773224
INFO:root:Epoch: 53, Iteration: 376, Loss: 0.09135931730270386
INFO:root:Epoch: 53, Iteration: 377, Loss: 0.0798012837767601
INFO:root:Epoch: 53, Iteration: 378, Loss: 0.0779353454709053
INFO:root:Validation set mIOU: 85.4672051177778
INFO:root:Epoch: 54, Iteration: 379, Loss: 0.10376650840044022
INFO:root:Epoch: 54, Iteration: 380, Loss: 0.09400194138288498
INFO:root:Epoch: 54, Iteration: 381, Loss: 0.12513291835784912
INFO:root:Epoch: 54, Iteration: 382, Loss: 0.07820657640695572
INFO:root:Epoch: 54, Iteration: 383, Loss: 0.06952803581953049
INFO:root:Epoch: 54, Iteration: 384, Loss: 0.11643577367067337
INFO:root:Epoch: 54, Iteration: 385, Loss: 0.07267196476459503
INFO:root:Validation set mIOU: 85.29632309022644
INFO:root:Epoch: 55, Iteration: 386, Loss: 0.09545821696519852
INFO:root:Epoch: 55, Iteration: 387, Loss: 0.09000495821237564
INFO:root:Epoch: 55, Iteration: 388, Loss: 0.105518639087677
INFO:root:Epoch: 55, Iteration: 389, Loss: 0.08662864565849304
INFO:root:Epoch: 55, Iteration: 390, Loss: 0.09231972694396973
INFO:root:Epoch: 55, Iteration: 391, Loss: 0.07889506220817566
INFO:root:Epoch: 55, Iteration: 392, Loss: 0.09583410620689392
INFO:root:Validation set mIOU: 85.23704891943713
INFO:root:Epoch: 56, Iteration: 393, Loss: 0.10718079656362534
INFO:root:Epoch: 56, Iteration: 394, Loss: 0.11798621714115143
INFO:root:Epoch: 56, Iteration: 395, Loss: 0.08596885204315186
INFO:root:Epoch: 56, Iteration: 396, Loss: 0.11339277029037476
INFO:root:Epoch: 56, Iteration: 397, Loss: 0.11979132890701294
INFO:root:Epoch: 56, Iteration: 398, Loss: 0.09940281510353088
INFO:root:Epoch: 56, Iteration: 399, Loss: 0.06640814244747162
INFO:root:Validation set mIOU: 85.2383373595329
INFO:root:Epoch: 57, Iteration: 400, Loss: 0.08348365873098373
INFO:root:Epoch: 57, Iteration: 401, Loss: 0.08387826383113861
INFO:root:Epoch: 57, Iteration: 402, Loss: 0.09696034342050552
INFO:root:Epoch: 57, Iteration: 403, Loss: 0.0731610655784607
INFO:root:Epoch: 57, Iteration: 404, Loss: 0.0753633975982666
INFO:root:Epoch: 57, Iteration: 405, Loss: 0.08362127840518951
INFO:root:Epoch: 57, Iteration: 406, Loss: 0.07836318761110306
INFO:root:Validation set mIOU: 85.77190997102129
INFO:root:Epoch: 58, Iteration: 407, Loss: 0.07804244011640549
INFO:root:Epoch: 58, Iteration: 408, Loss: 0.12090036273002625
INFO:root:Epoch: 58, Iteration: 409, Loss: 0.07674448937177658
INFO:root:Epoch: 58, Iteration: 410, Loss: 0.07984578609466553
INFO:root:Epoch: 58, Iteration: 411, Loss: 0.06624078750610352
INFO:root:Epoch: 58, Iteration: 412, Loss: 0.07839412242174149
INFO:root:Epoch: 58, Iteration: 413, Loss: 0.08135263621807098
INFO:root:Validation set mIOU: 85.91187953702679
INFO:root:Epoch: 59, Iteration: 414, Loss: 0.06745310872793198
INFO:root:Epoch: 59, Iteration: 415, Loss: 0.09681272506713867
INFO:root:Epoch: 59, Iteration: 416, Loss: 0.06993231922388077
INFO:root:Epoch: 59, Iteration: 417, Loss: 0.09710358083248138
INFO:root:Epoch: 59, Iteration: 418, Loss: 0.11627309769392014
INFO:root:Epoch: 59, Iteration: 419, Loss: 0.15920326113700867
INFO:root:Epoch: 59, Iteration: 420, Loss: 0.08783280104398727
INFO:root:Validation set mIOU: 85.5772789722066
INFO:root:Epoch: 60, Iteration: 421, Loss: 0.08134465664625168
INFO:root:Epoch: 60, Iteration: 422, Loss: 0.08609843999147415
INFO:root:Epoch: 60, Iteration: 423, Loss: 0.08450312167406082
INFO:root:Epoch: 60, Iteration: 424, Loss: 0.10670578479766846
INFO:root:Epoch: 60, Iteration: 425, Loss: 0.07116387784481049
INFO:root:Epoch: 60, Iteration: 426, Loss: 0.08754550665616989
INFO:root:Epoch: 60, Iteration: 427, Loss: 0.084315225481987
INFO:root:Validation set mIOU: 85.93346256807347
INFO:root:Epoch: 61, Iteration: 428, Loss: 0.07878909260034561
INFO:root:Epoch: 61, Iteration: 429, Loss: 0.07715669274330139
INFO:root:Epoch: 61, Iteration: 430, Loss: 0.1092844307422638
INFO:root:Epoch: 61, Iteration: 431, Loss: 0.0914674773812294
INFO:root:Epoch: 61, Iteration: 432, Loss: 0.08467896282672882
INFO:root:Epoch: 61, Iteration: 433, Loss: 0.07798109203577042
INFO:root:Epoch: 61, Iteration: 434, Loss: 0.1065562516450882
INFO:root:Validation set mIOU: 86.09869626987961
INFO:root:Epoch: 62, Iteration: 435, Loss: 0.06229618936777115
INFO:root:Epoch: 62, Iteration: 436, Loss: 0.11092701554298401
INFO:root:Epoch: 62, Iteration: 437, Loss: 0.08723390847444534
INFO:root:Epoch: 62, Iteration: 438, Loss: 0.05403013899922371
INFO:root:Epoch: 62, Iteration: 439, Loss: 0.0875905305147171
INFO:root:Epoch: 62, Iteration: 440, Loss: 0.11391977965831757
INFO:root:Epoch: 62, Iteration: 441, Loss: 0.0771619975566864
INFO:root:Validation set mIOU: 86.13466019512313
INFO:root:Epoch: 63, Iteration: 442, Loss: 0.07816620171070099
INFO:root:Epoch: 63, Iteration: 443, Loss: 0.08936216682195663
INFO:root:Epoch: 63, Iteration: 444, Loss: 0.06897701323032379
INFO:root:Epoch: 63, Iteration: 445, Loss: 0.08538533002138138
INFO:root:Epoch: 63, Iteration: 446, Loss: 0.09174001961946487
INFO:root:Epoch: 63, Iteration: 447, Loss: 0.08159355074167252
INFO:root:Epoch: 63, Iteration: 448, Loss: 0.06817624717950821
INFO:root:Validation set mIOU: 86.31883628355624
INFO:root:Epoch: 64, Iteration: 449, Loss: 0.0706167221069336
INFO:root:Epoch: 64, Iteration: 450, Loss: 0.08092936873435974
INFO:root:Epoch: 64, Iteration: 451, Loss: 0.08956721425056458
INFO:root:Epoch: 64, Iteration: 452, Loss: 0.07776825875043869
INFO:root:Epoch: 64, Iteration: 453, Loss: 0.11152688413858414
INFO:root:Epoch: 64, Iteration: 454, Loss: 0.09301967173814774
INFO:root:Epoch: 64, Iteration: 455, Loss: 0.061457309871912
INFO:root:Validation set mIOU: 86.68308452169059
INFO:root:Epoch: 65, Iteration: 456, Loss: 0.08333512395620346
INFO:root:Epoch: 65, Iteration: 457, Loss: 0.07673611491918564
INFO:root:Epoch: 65, Iteration: 458, Loss: 0.12311860173940659
INFO:root:Epoch: 65, Iteration: 459, Loss: 0.07146055996417999
INFO:root:Epoch: 65, Iteration: 460, Loss: 0.09025797992944717
INFO:root:Epoch: 65, Iteration: 461, Loss: 0.1187315583229065
INFO:root:Epoch: 65, Iteration: 462, Loss: 0.08844006806612015
INFO:root:Validation set mIOU: 86.64421429327186
INFO:root:Epoch: 66, Iteration: 463, Loss: 0.10756382346153259
INFO:root:Epoch: 66, Iteration: 464, Loss: 0.10267576575279236
INFO:root:Epoch: 66, Iteration: 465, Loss: 0.06681787222623825
INFO:root:Epoch: 66, Iteration: 466, Loss: 0.08989397436380386
INFO:root:Epoch: 66, Iteration: 467, Loss: 0.08647497743368149
INFO:root:Epoch: 66, Iteration: 468, Loss: 0.09493833780288696
INFO:root:Epoch: 66, Iteration: 469, Loss: 0.07596319913864136
INFO:root:Validation set mIOU: 86.19650380252989
INFO:root:Epoch: 67, Iteration: 470, Loss: 0.05847141891717911
INFO:root:Epoch: 67, Iteration: 471, Loss: 0.06351537257432938
INFO:root:Epoch: 67, Iteration: 472, Loss: 0.09511467069387436
INFO:root:Epoch: 67, Iteration: 473, Loss: 0.0840604156255722
INFO:root:Epoch: 67, Iteration: 474, Loss: 0.0876915231347084
INFO:root:Epoch: 67, Iteration: 475, Loss: 0.09056893736124039
INFO:root:Epoch: 67, Iteration: 476, Loss: 0.10375881940126419
INFO:root:Validation set mIOU: 86.46695918301197
INFO:root:Epoch: 68, Iteration: 477, Loss: 0.08287359029054642
INFO:root:Epoch: 68, Iteration: 478, Loss: 0.061291325837373734
INFO:root:Epoch: 68, Iteration: 479, Loss: 0.10784508287906647
INFO:root:Epoch: 68, Iteration: 480, Loss: 0.08675738424062729
INFO:root:Epoch: 68, Iteration: 481, Loss: 0.06289473176002502
INFO:root:Epoch: 68, Iteration: 482, Loss: 0.08112955838441849
INFO:root:Epoch: 68, Iteration: 483, Loss: 0.07934775203466415
INFO:root:Validation set mIOU: 86.54984422933835
INFO:root:Epoch: 69, Iteration: 484, Loss: 0.06544183194637299
INFO:root:Epoch: 69, Iteration: 485, Loss: 0.06682145595550537
INFO:root:Epoch: 69, Iteration: 486, Loss: 0.07657282799482346
INFO:root:Epoch: 69, Iteration: 487, Loss: 0.09810779988765717
INFO:root:Epoch: 69, Iteration: 488, Loss: 0.08019713312387466
INFO:root:Epoch: 69, Iteration: 489, Loss: 0.08002419769763947
INFO:root:Epoch: 69, Iteration: 490, Loss: 0.08185996115207672
INFO:root:Validation set mIOU: 86.26710046295861
INFO:root:Epoch: 70, Iteration: 491, Loss: 0.1021253690123558
INFO:root:Epoch: 70, Iteration: 492, Loss: 0.1300036460161209
INFO:root:Epoch: 70, Iteration: 493, Loss: 0.15457479655742645
INFO:root:Epoch: 70, Iteration: 494, Loss: 0.07887674868106842
INFO:root:Epoch: 70, Iteration: 495, Loss: 0.061904095113277435
INFO:root:Epoch: 70, Iteration: 496, Loss: 0.08799046277999878
INFO:root:Epoch: 70, Iteration: 497, Loss: 0.07973629236221313
INFO:root:Validation set mIOU: 86.57411375377526
INFO:root:Epoch: 71, Iteration: 498, Loss: 0.08847813308238983
INFO:root:Epoch: 71, Iteration: 499, Loss: 0.05834212154150009
INFO:root:Epoch: 71, Iteration: 500, Loss: 0.10035603493452072
INFO:root:Epoch: 71, Iteration: 501, Loss: 0.09224392473697662
INFO:root:Epoch: 71, Iteration: 502, Loss: 0.06453123688697815
INFO:root:Epoch: 71, Iteration: 503, Loss: 0.13889658451080322
INFO:root:Epoch: 71, Iteration: 504, Loss: 0.08221522718667984
INFO:root:Validation set mIOU: 86.29174260168611
INFO:root:Epoch: 72, Iteration: 505, Loss: 0.10498559474945068
INFO:root:Epoch: 72, Iteration: 506, Loss: 0.10423873364925385
INFO:root:Epoch: 72, Iteration: 507, Loss: 0.07451784610748291
INFO:root:Epoch: 72, Iteration: 508, Loss: 0.05909757688641548
INFO:root:Epoch: 72, Iteration: 509, Loss: 0.07613170892000198
INFO:root:Epoch: 72, Iteration: 510, Loss: 0.07899942994117737
INFO:root:Epoch: 72, Iteration: 511, Loss: 0.08568453788757324
INFO:root:Validation set mIOU: 86.55426463357175
INFO:root:Epoch: 73, Iteration: 512, Loss: 0.07595621794462204
INFO:root:Epoch: 73, Iteration: 513, Loss: 0.1012052446603775
INFO:root:Epoch: 73, Iteration: 514, Loss: 0.06436220556497574
INFO:root:Epoch: 73, Iteration: 515, Loss: 0.07989072799682617
INFO:root:Epoch: 73, Iteration: 516, Loss: 0.07367590814828873
INFO:root:Epoch: 73, Iteration: 517, Loss: 0.07537747174501419
INFO:root:Epoch: 73, Iteration: 518, Loss: 0.08427508920431137
INFO:root:Validation set mIOU: 86.37064792683073
INFO:root:Epoch: 74, Iteration: 519, Loss: 0.07935991883277893
INFO:root:Epoch: 74, Iteration: 520, Loss: 0.06870297342538834
INFO:root:Epoch: 74, Iteration: 521, Loss: 0.17765814065933228
INFO:root:Epoch: 74, Iteration: 522, Loss: 0.12642118334770203
INFO:root:Epoch: 74, Iteration: 523, Loss: 0.1191023662686348
INFO:root:Epoch: 74, Iteration: 524, Loss: 0.06484541296958923
INFO:root:Epoch: 74, Iteration: 525, Loss: 0.0729566141963005
INFO:root:Validation set mIOU: 86.37032005193021
INFO:root:Epoch: 75, Iteration: 526, Loss: 0.052568014711141586
INFO:root:Epoch: 75, Iteration: 527, Loss: 0.06871899962425232
INFO:root:Epoch: 75, Iteration: 528, Loss: 0.07061628997325897
INFO:root:Epoch: 75, Iteration: 529, Loss: 0.07318764179944992
INFO:root:Epoch: 75, Iteration: 530, Loss: 0.08286117017269135
INFO:root:Epoch: 75, Iteration: 531, Loss: 0.08202291280031204
INFO:root:Epoch: 75, Iteration: 532, Loss: 0.14425541460514069
INFO:root:Validation set mIOU: 86.35184267251118
INFO:root:Epoch: 76, Iteration: 533, Loss: 0.08327048271894455
INFO:root:Epoch: 76, Iteration: 534, Loss: 0.0691942423582077
INFO:root:Epoch: 76, Iteration: 535, Loss: 0.06888323277235031
INFO:root:Epoch: 76, Iteration: 536, Loss: 0.08012674003839493
INFO:root:Epoch: 76, Iteration: 537, Loss: 0.08639965206384659
INFO:root:Epoch: 76, Iteration: 538, Loss: 0.092048779129982
INFO:root:Epoch: 76, Iteration: 539, Loss: 0.06750353425741196
INFO:root:Validation set mIOU: 86.10892880726578
INFO:root:Epoch: 77, Iteration: 540, Loss: 0.06986305117607117
INFO:root:Epoch: 77, Iteration: 541, Loss: 0.07444606721401215
INFO:root:Epoch: 77, Iteration: 542, Loss: 0.10082733631134033
INFO:root:Epoch: 77, Iteration: 543, Loss: 0.06010345742106438
INFO:root:Epoch: 77, Iteration: 544, Loss: 0.10339921712875366
INFO:root:Epoch: 77, Iteration: 545, Loss: 0.0851629376411438
INFO:root:Epoch: 77, Iteration: 546, Loss: 0.0683721974492073
INFO:root:Validation set mIOU: 85.94621612542184
INFO:root:Epoch: 78, Iteration: 547, Loss: 0.08756405115127563
INFO:root:Epoch: 78, Iteration: 548, Loss: 0.06561523675918579
INFO:root:Epoch: 78, Iteration: 549, Loss: 0.07640717178583145
INFO:root:Epoch: 78, Iteration: 550, Loss: 0.08813998103141785
INFO:root:Epoch: 78, Iteration: 551, Loss: 0.06754587590694427
INFO:root:Epoch: 78, Iteration: 552, Loss: 0.09085388481616974
INFO:root:Epoch: 78, Iteration: 553, Loss: 0.060713402926921844
INFO:root:Validation set mIOU: 86.08717152872819
INFO:root:Epoch: 79, Iteration: 554, Loss: 0.06310758739709854
INFO:root:Epoch: 79, Iteration: 555, Loss: 0.06208755075931549
INFO:root:Epoch: 79, Iteration: 556, Loss: 0.11499705165624619
INFO:root:Epoch: 79, Iteration: 557, Loss: 0.08013361692428589
INFO:root:Epoch: 79, Iteration: 558, Loss: 0.06404020637273788
INFO:root:Epoch: 79, Iteration: 559, Loss: 0.05923997238278389
INFO:root:Epoch: 79, Iteration: 560, Loss: 0.19635386765003204
INFO:root:Validation set mIOU: 86.12175251948815
INFO:root:Epoch: 80, Iteration: 561, Loss: 0.06990686058998108
INFO:root:Epoch: 80, Iteration: 562, Loss: 0.0646684542298317
INFO:root:Epoch: 80, Iteration: 563, Loss: 0.0874549150466919
INFO:root:Epoch: 80, Iteration: 564, Loss: 0.07209324836730957
INFO:root:Epoch: 80, Iteration: 565, Loss: 0.090390644967556
INFO:root:Epoch: 80, Iteration: 566, Loss: 0.07742483168840408
INFO:root:Epoch: 80, Iteration: 567, Loss: 0.07009474188089371
INFO:root:Validation set mIOU: 86.01166398909886
INFO:root:Epoch: 81, Iteration: 568, Loss: 0.08137242496013641
INFO:root:Epoch: 81, Iteration: 569, Loss: 0.06365236639976501
INFO:root:Epoch: 81, Iteration: 570, Loss: 0.10316233336925507
INFO:root:Epoch: 81, Iteration: 571, Loss: 0.06571722775697708
INFO:root:Epoch: 81, Iteration: 572, Loss: 0.09230171889066696
INFO:root:Epoch: 81, Iteration: 573, Loss: 0.059688471257686615
INFO:root:Epoch: 81, Iteration: 574, Loss: 0.08145361393690109
INFO:root:Validation set mIOU: 86.46442981752506
INFO:root:Epoch: 82, Iteration: 575, Loss: 0.07946562021970749
INFO:root:Epoch: 82, Iteration: 576, Loss: 0.06467694789171219
INFO:root:Epoch: 82, Iteration: 577, Loss: 0.08585213869810104
INFO:root:Epoch: 82, Iteration: 578, Loss: 0.07479584962129593
INFO:root:Epoch: 82, Iteration: 579, Loss: 0.09436030685901642
INFO:root:Epoch: 82, Iteration: 580, Loss: 0.07106023281812668
INFO:root:Epoch: 82, Iteration: 581, Loss: 0.10067711025476456
INFO:root:Validation set mIOU: 86.84060177107001
INFO:root:Epoch: 83, Iteration: 582, Loss: 0.08046475052833557
INFO:root:Epoch: 83, Iteration: 583, Loss: 0.07332391291856766
INFO:root:Epoch: 83, Iteration: 584, Loss: 0.08326126635074615
INFO:root:Epoch: 83, Iteration: 585, Loss: 0.11609470844268799
INFO:root:Epoch: 83, Iteration: 586, Loss: 0.0726134330034256
INFO:root:Epoch: 83, Iteration: 587, Loss: 0.07725521922111511
INFO:root:Epoch: 83, Iteration: 588, Loss: 0.06658397614955902
INFO:root:Validation set mIOU: 86.64919305837941
INFO:root:Epoch: 84, Iteration: 589, Loss: 0.10397578775882721
INFO:root:Epoch: 84, Iteration: 590, Loss: 0.0650997906923294
INFO:root:Epoch: 84, Iteration: 591, Loss: 0.06371207535266876
INFO:root:Epoch: 84, Iteration: 592, Loss: 0.0680563822388649
INFO:root:Epoch: 84, Iteration: 593, Loss: 0.061974480748176575
INFO:root:Epoch: 84, Iteration: 594, Loss: 0.09018781781196594
INFO:root:Epoch: 84, Iteration: 595, Loss: 0.0898323506116867
INFO:root:Validation set mIOU: 86.66920355364832
INFO:root:Epoch: 85, Iteration: 596, Loss: 0.07955178618431091
INFO:root:Epoch: 85, Iteration: 597, Loss: 0.0672544315457344
INFO:root:Epoch: 85, Iteration: 598, Loss: 0.11500150710344315
INFO:root:Epoch: 85, Iteration: 599, Loss: 0.09292936325073242
INFO:root:Epoch: 85, Iteration: 600, Loss: 0.051735877990722656
INFO:root:Epoch: 85, Iteration: 601, Loss: 0.07082231342792511
INFO:root:Epoch: 85, Iteration: 602, Loss: 0.13448844850063324
INFO:root:Validation set mIOU: 86.13618355821063
INFO:root:Epoch: 86, Iteration: 603, Loss: 0.07559139281511307
INFO:root:Epoch: 86, Iteration: 604, Loss: 0.0829545333981514
INFO:root:Epoch: 86, Iteration: 605, Loss: 0.08247075229883194
INFO:root:Epoch: 86, Iteration: 606, Loss: 0.07895556092262268
INFO:root:Epoch: 86, Iteration: 607, Loss: 0.07755738496780396
INFO:root:Epoch: 86, Iteration: 608, Loss: 0.06998762488365173
INFO:root:Epoch: 86, Iteration: 609, Loss: 0.06333621591329575
INFO:root:Validation set mIOU: 86.34045127551914
INFO:root:Epoch: 87, Iteration: 610, Loss: 0.0659850463271141
INFO:root:Epoch: 87, Iteration: 611, Loss: 0.0816081166267395
INFO:root:Epoch: 87, Iteration: 612, Loss: 0.07394777983427048
INFO:root:Epoch: 87, Iteration: 613, Loss: 0.09801620244979858
INFO:root:Epoch: 87, Iteration: 614, Loss: 0.07122586667537689
INFO:root:Epoch: 87, Iteration: 615, Loss: 0.08113273978233337
INFO:root:Epoch: 87, Iteration: 616, Loss: 0.07224880903959274
INFO:root:Validation set mIOU: 86.35209893632471
INFO:root:Epoch: 88, Iteration: 617, Loss: 0.07548469305038452
INFO:root:Epoch: 88, Iteration: 618, Loss: 0.0653068795800209
INFO:root:Epoch: 88, Iteration: 619, Loss: 0.06276359409093857
INFO:root:Epoch: 88, Iteration: 620, Loss: 0.0658523365855217
INFO:root:Epoch: 88, Iteration: 621, Loss: 0.09144213050603867
INFO:root:Epoch: 88, Iteration: 622, Loss: 0.06312358379364014
INFO:root:Epoch: 88, Iteration: 623, Loss: 0.09192069619894028
INFO:root:Validation set mIOU: 86.34371936839025
INFO:root:Epoch: 89, Iteration: 624, Loss: 0.07483626902103424
INFO:root:Epoch: 89, Iteration: 625, Loss: 0.08618052303791046
INFO:root:Epoch: 89, Iteration: 626, Loss: 0.08761348575353622
INFO:root:Epoch: 89, Iteration: 627, Loss: 0.1008191928267479
INFO:root:Epoch: 89, Iteration: 628, Loss: 0.06341779232025146
INFO:root:Epoch: 89, Iteration: 629, Loss: 0.0969952866435051
INFO:root:Epoch: 89, Iteration: 630, Loss: 0.05476422235369682
INFO:root:Validation set mIOU: 86.62284260681616
INFO:root:Epoch: 90, Iteration: 631, Loss: 0.0639299750328064
INFO:root:Epoch: 90, Iteration: 632, Loss: 0.08420871943235397
INFO:root:Epoch: 90, Iteration: 633, Loss: 0.07869673520326614
INFO:root:Epoch: 90, Iteration: 634, Loss: 0.07291003316640854
INFO:root:Epoch: 90, Iteration: 635, Loss: 0.067820243537426
INFO:root:Epoch: 90, Iteration: 636, Loss: 0.08535052090883255
INFO:root:Epoch: 90, Iteration: 637, Loss: 0.0791904553771019
INFO:root:Validation set mIOU: 86.66741387261845
INFO:root:Epoch: 91, Iteration: 638, Loss: 0.05641903728246689
INFO:root:Epoch: 91, Iteration: 639, Loss: 0.12442220002412796
INFO:root:Epoch: 91, Iteration: 640, Loss: 0.060632333159446716
INFO:root:Epoch: 91, Iteration: 641, Loss: 0.06508661061525345
INFO:root:Epoch: 91, Iteration: 642, Loss: 0.11755495518445969
INFO:root:Epoch: 91, Iteration: 643, Loss: 0.06297492235898972
INFO:root:Epoch: 91, Iteration: 644, Loss: 0.06811614334583282
INFO:root:Validation set mIOU: 86.67149532662991
INFO:root:Epoch: 92, Iteration: 645, Loss: 0.06947848200798035
INFO:root:Epoch: 92, Iteration: 646, Loss: 0.06701367348432541
INFO:root:Epoch: 92, Iteration: 647, Loss: 0.06739155203104019
INFO:root:Epoch: 92, Iteration: 648, Loss: 0.08439390361309052
INFO:root:Epoch: 92, Iteration: 649, Loss: 0.08506429940462112
INFO:root:Epoch: 92, Iteration: 650, Loss: 0.08827368915081024
INFO:root:Epoch: 92, Iteration: 651, Loss: 0.08825421333312988
INFO:root:Validation set mIOU: 86.65306521415268
INFO:root:Epoch: 93, Iteration: 652, Loss: 0.056653428822755814
INFO:root:Epoch: 93, Iteration: 653, Loss: 0.06265299022197723
INFO:root:Epoch: 93, Iteration: 654, Loss: 0.07302748411893845
INFO:root:Epoch: 93, Iteration: 655, Loss: 0.06293974071741104
INFO:root:Epoch: 93, Iteration: 656, Loss: 0.06889872997999191
INFO:root:Epoch: 93, Iteration: 657, Loss: 0.07790736109018326
INFO:root:Epoch: 93, Iteration: 658, Loss: 0.0979401245713234
INFO:root:Validation set mIOU: 86.80441107394188
INFO:root:Epoch: 94, Iteration: 659, Loss: 0.07685041427612305
INFO:root:Epoch: 94, Iteration: 660, Loss: 0.07170058786869049
INFO:root:Epoch: 94, Iteration: 661, Loss: 0.09609545022249222
INFO:root:Epoch: 94, Iteration: 662, Loss: 0.07623196393251419
INFO:root:Epoch: 94, Iteration: 663, Loss: 0.07852015644311905
INFO:root:Epoch: 94, Iteration: 664, Loss: 0.07558623701334
INFO:root:Epoch: 94, Iteration: 665, Loss: 0.08024383336305618
INFO:root:Validation set mIOU: 86.61254945205474
INFO:root:Epoch: 95, Iteration: 666, Loss: 0.09980334341526031
INFO:root:Epoch: 95, Iteration: 667, Loss: 0.08240959048271179
INFO:root:Epoch: 95, Iteration: 668, Loss: 0.06765376776456833
INFO:root:Epoch: 95, Iteration: 669, Loss: 0.0724000632762909
INFO:root:Epoch: 95, Iteration: 670, Loss: 0.06346975266933441
INFO:root:Epoch: 95, Iteration: 671, Loss: 0.12656523287296295
INFO:root:Epoch: 95, Iteration: 672, Loss: 0.07917197048664093
INFO:root:Validation set mIOU: 86.66920926225195
INFO:root:Epoch: 96, Iteration: 673, Loss: 0.07148218154907227
INFO:root:Epoch: 96, Iteration: 674, Loss: 0.07904615253210068
INFO:root:Epoch: 96, Iteration: 675, Loss: 0.08307839930057526
INFO:root:Epoch: 96, Iteration: 676, Loss: 0.07325602322816849
INFO:root:Epoch: 96, Iteration: 677, Loss: 0.0856202021241188
INFO:root:Epoch: 96, Iteration: 678, Loss: 0.07497600466012955
INFO:root:Epoch: 96, Iteration: 679, Loss: 0.109786257147789
INFO:root:Validation set mIOU: 86.38782961569994
INFO:root:Epoch: 97, Iteration: 680, Loss: 0.1049397811293602
INFO:root:Epoch: 97, Iteration: 681, Loss: 0.056950073689222336
INFO:root:Epoch: 97, Iteration: 682, Loss: 0.0905790627002716
INFO:root:Epoch: 97, Iteration: 683, Loss: 0.07648248225450516
INFO:root:Epoch: 97, Iteration: 684, Loss: 0.0682065412402153
INFO:root:Epoch: 97, Iteration: 685, Loss: 0.0711546391248703
INFO:root:Epoch: 97, Iteration: 686, Loss: 0.09320122748613358
INFO:root:Validation set mIOU: 86.62514128108234
INFO:root:Epoch: 98, Iteration: 687, Loss: 0.10385508090257645
INFO:root:Epoch: 98, Iteration: 688, Loss: 0.09999781101942062
INFO:root:Epoch: 98, Iteration: 689, Loss: 0.0814383327960968
INFO:root:Epoch: 98, Iteration: 690, Loss: 0.06373889744281769
INFO:root:Epoch: 98, Iteration: 691, Loss: 0.07268210500478745
INFO:root:Epoch: 98, Iteration: 692, Loss: 0.07514086365699768
INFO:root:Epoch: 98, Iteration: 693, Loss: 0.16518238186836243
INFO:root:Validation set mIOU: 86.37104339894125
INFO:root:Epoch: 99, Iteration: 694, Loss: 0.09656886011362076
INFO:root:Epoch: 99, Iteration: 695, Loss: 0.1157471239566803
INFO:root:Epoch: 99, Iteration: 696, Loss: 0.06117270886898041
INFO:root:Epoch: 99, Iteration: 697, Loss: 0.07581044733524323
INFO:root:Epoch: 99, Iteration: 698, Loss: 0.056317396461963654
INFO:root:Epoch: 99, Iteration: 699, Loss: 0.07132761180400848
INFO:root:Epoch: 99, Iteration: 700, Loss: 0.06815331429243088
INFO:root:Validation set mIOU: 86.64138456297755
