INFO:root:{'addition': 'circular_cutout',
 'backbone': 'resnet50',
 'batch_size': 16,
 'batch_size_consistency': 16,
 'conf_thres': 0.95,
 'config': 'configs/dataset2.yaml',
 'consistency_training': False,
 'crop_size': 320,
 'data_root': './',
 'dataset': 'dataset2',
 'epochs': 100,
 'labeled_id_path': 'dataset/splits/dataset2/1_4/split_random/labeled.txt',
 'lr': 0.0009,
 'model': 'deeplabv3plus',
 'ngpus': 1,
 'plus': False,
 'pseudo_consistency_mask_path': None,
 'pseudo_mask_path': 'outdir/pseudo_masks/dataset2/1_4/split_random/deeplabv3plus/resnet50/circular_cutout/self_training/non_consistency_training/first_time',
 'rand_thres': 0.8,
 'reliable_id_path': None,
 'save_path': 'outdir/models/dataset2/1_4/split_random/deeplabv3plus/resnet50/circular_cutout/self_training/non_consistency_training/first_time',
 'time': 1,
 'unlabeled_id_path': 'dataset/splits/dataset2/1_4/split_random/unlabeled.txt',
 'warm_up': 30}

INFO:root:Training supervised with consistency on unlabeled images
INFO:root:Epoch: 0, Iteration: 1, Loss: 1.112766146659851
INFO:root:Epoch: 0, Iteration: 2, Loss: 1.0294159650802612
INFO:root:Validation set mIOU: 25.451709714310272
INFO:root:Epoch: 1, Iteration: 3, Loss: 0.9231330156326294
INFO:root:Epoch: 1, Iteration: 4, Loss: 0.8359969854354858
INFO:root:Validation set mIOU: 25.451709714310272
INFO:root:Epoch: 2, Iteration: 5, Loss: 0.6772086024284363
INFO:root:Epoch: 2, Iteration: 6, Loss: 0.6447731852531433
INFO:root:Validation set mIOU: 25.451709714310272
INFO:root:Epoch: 3, Iteration: 7, Loss: 0.5657399296760559
INFO:root:Epoch: 3, Iteration: 8, Loss: 0.4861060082912445
INFO:root:Validation set mIOU: 36.21745161857958
INFO:root:Epoch: 4, Iteration: 9, Loss: 0.46485453844070435
INFO:root:Epoch: 4, Iteration: 10, Loss: 0.3693167567253113
INFO:root:Validation set mIOU: 50.72574765868014
INFO:root:Epoch: 5, Iteration: 11, Loss: 0.349730908870697
INFO:root:Epoch: 5, Iteration: 12, Loss: 0.3490741550922394
INFO:root:Validation set mIOU: 59.67783332437687
INFO:root:Epoch: 6, Iteration: 13, Loss: 0.3233318626880646
INFO:root:Epoch: 6, Iteration: 14, Loss: 0.2488994598388672
INFO:root:Validation set mIOU: 72.95276357627695
INFO:root:Epoch: 7, Iteration: 15, Loss: 0.2546427249908447
INFO:root:Epoch: 7, Iteration: 16, Loss: 0.26483482122421265
INFO:root:Validation set mIOU: 75.17982551230241
INFO:root:Epoch: 8, Iteration: 17, Loss: 0.2869926989078522
INFO:root:Epoch: 8, Iteration: 18, Loss: 0.1887093335390091
INFO:root:Validation set mIOU: 75.81793914102137
INFO:root:Epoch: 9, Iteration: 19, Loss: 0.25015124678611755
INFO:root:Epoch: 9, Iteration: 20, Loss: 0.1732831597328186
INFO:root:Validation set mIOU: 75.53499556718847
INFO:root:Epoch: 10, Iteration: 21, Loss: 0.22680723667144775
INFO:root:Epoch: 10, Iteration: 22, Loss: 0.17702507972717285
INFO:root:Validation set mIOU: 72.72116971682688
INFO:root:Epoch: 11, Iteration: 23, Loss: 0.14808493852615356
INFO:root:Epoch: 11, Iteration: 24, Loss: 0.1673346906900406
INFO:root:Validation set mIOU: 72.76853616819147
INFO:root:Epoch: 12, Iteration: 25, Loss: 0.1584392935037613
INFO:root:Epoch: 12, Iteration: 26, Loss: 0.1454850435256958
INFO:root:Validation set mIOU: 74.31368518660757
INFO:root:Epoch: 13, Iteration: 27, Loss: 0.14712879061698914
INFO:root:Epoch: 13, Iteration: 28, Loss: 0.13188637793064117
INFO:root:Validation set mIOU: 75.55109250664385
INFO:root:Epoch: 14, Iteration: 29, Loss: 0.15572787821292877
INFO:root:Epoch: 14, Iteration: 30, Loss: 0.13384875655174255
INFO:root:Validation set mIOU: 76.85565464476062
INFO:root:Epoch: 15, Iteration: 31, Loss: 0.12917611002922058
INFO:root:Epoch: 15, Iteration: 32, Loss: 0.15193229913711548
INFO:root:Validation set mIOU: 77.47353287713639
INFO:root:Epoch: 16, Iteration: 33, Loss: 0.12205711752176285
INFO:root:Epoch: 16, Iteration: 34, Loss: 0.1202019453048706
INFO:root:Validation set mIOU: 77.06025791669661
INFO:root:Epoch: 17, Iteration: 35, Loss: 0.11905889213085175
INFO:root:Epoch: 17, Iteration: 36, Loss: 0.12879951298236847
INFO:root:Validation set mIOU: 78.10323717870263
INFO:root:Epoch: 18, Iteration: 37, Loss: 0.12872086465358734
INFO:root:Epoch: 18, Iteration: 38, Loss: 0.12089940160512924
INFO:root:Validation set mIOU: 80.27508226749393
INFO:root:Epoch: 19, Iteration: 39, Loss: 0.10490630567073822
INFO:root:Epoch: 19, Iteration: 40, Loss: 0.09787726402282715
INFO:root:Validation set mIOU: 81.32424659117268
INFO:root:Epoch: 20, Iteration: 41, Loss: 0.09790846705436707
INFO:root:Epoch: 20, Iteration: 42, Loss: 0.11333160847425461
INFO:root:Validation set mIOU: 82.0042776855713
INFO:root:Epoch: 21, Iteration: 43, Loss: 0.09889180958271027
INFO:root:Epoch: 21, Iteration: 44, Loss: 0.16463378071784973
INFO:root:Validation set mIOU: 82.3798370922618
INFO:root:Epoch: 22, Iteration: 45, Loss: 0.11022602766752243
INFO:root:Epoch: 22, Iteration: 46, Loss: 0.08679206669330597
INFO:root:Validation set mIOU: 82.58770238506928
INFO:root:Epoch: 23, Iteration: 47, Loss: 0.0723261758685112
INFO:root:Epoch: 23, Iteration: 48, Loss: 0.08235985785722733
INFO:root:Validation set mIOU: 82.34925080701886
INFO:root:Epoch: 24, Iteration: 49, Loss: 0.20763131976127625
INFO:root:Epoch: 24, Iteration: 50, Loss: 0.08201917260885239
INFO:root:Validation set mIOU: 82.0825666383362
INFO:root:Epoch: 25, Iteration: 51, Loss: 0.11000721901655197
INFO:root:Epoch: 25, Iteration: 52, Loss: 0.12352190911769867
INFO:root:Validation set mIOU: 82.4565741180892
INFO:root:Epoch: 26, Iteration: 53, Loss: 0.0722108706831932
INFO:root:Epoch: 26, Iteration: 54, Loss: 0.09998943656682968
INFO:root:Validation set mIOU: 82.66649906192785
INFO:root:Epoch: 27, Iteration: 55, Loss: 0.0811278447508812
INFO:root:Epoch: 27, Iteration: 56, Loss: 0.10468921065330505
INFO:root:Validation set mIOU: 82.7366329505272
INFO:root:Epoch: 28, Iteration: 57, Loss: 0.09928598254919052
INFO:root:Epoch: 28, Iteration: 58, Loss: 0.09221543371677399
INFO:root:Validation set mIOU: 82.81958166686859
INFO:root:Epoch: 29, Iteration: 59, Loss: 0.08782462775707245
INFO:root:Epoch: 29, Iteration: 60, Loss: 0.10327500104904175
INFO:root:Validation set mIOU: 82.88310477013762
INFO:root:Epoch: 30, Iteration: 61, Loss: 0.07836844772100449
INFO:root:Epoch: 30, Iteration: 62, Loss: 0.07594939321279526
INFO:root:Validation set mIOU: 83.35439762442903
INFO:root:Epoch: 31, Iteration: 63, Loss: 0.07377688586711884
INFO:root:Epoch: 31, Iteration: 64, Loss: 0.07828657329082489
INFO:root:Validation set mIOU: 83.7424772602822
INFO:root:Epoch: 32, Iteration: 65, Loss: 0.06867413967847824
INFO:root:Epoch: 32, Iteration: 66, Loss: 0.06621386110782623
INFO:root:Validation set mIOU: 83.96945983378754
INFO:root:Epoch: 33, Iteration: 67, Loss: 0.0767182782292366
INFO:root:Epoch: 33, Iteration: 68, Loss: 0.06551370769739151
INFO:root:Validation set mIOU: 83.95302292750392
INFO:root:Epoch: 34, Iteration: 69, Loss: 0.0681714341044426
INFO:root:Epoch: 34, Iteration: 70, Loss: 0.07625394314527512
INFO:root:Validation set mIOU: 84.00539465607713
INFO:root:Epoch: 35, Iteration: 71, Loss: 0.07977719604969025
INFO:root:Epoch: 35, Iteration: 72, Loss: 0.08155541867017746
INFO:root:Validation set mIOU: 84.03386585288271
INFO:root:Epoch: 36, Iteration: 73, Loss: 0.07107511162757874
INFO:root:Epoch: 36, Iteration: 74, Loss: 0.08300279825925827
INFO:root:Validation set mIOU: 84.24088701069309
INFO:root:Epoch: 37, Iteration: 75, Loss: 0.08035806566476822
INFO:root:Epoch: 37, Iteration: 76, Loss: 0.078929603099823
INFO:root:Validation set mIOU: 84.39820112821647
INFO:root:Epoch: 38, Iteration: 77, Loss: 0.06585580110549927
INFO:root:Epoch: 38, Iteration: 78, Loss: 0.09626664966344833
INFO:root:Validation set mIOU: 84.42229989569236
INFO:root:Epoch: 39, Iteration: 79, Loss: 0.06998319923877716
INFO:root:Epoch: 39, Iteration: 80, Loss: 0.0795687809586525
INFO:root:Validation set mIOU: 84.43291815614234
INFO:root:Epoch: 40, Iteration: 81, Loss: 0.062102533876895905
INFO:root:Epoch: 40, Iteration: 82, Loss: 0.07175568491220474
INFO:root:Validation set mIOU: 84.45168867105087
INFO:root:Epoch: 41, Iteration: 83, Loss: 0.09971930086612701
INFO:root:Epoch: 41, Iteration: 84, Loss: 0.07115703076124191
INFO:root:Validation set mIOU: 84.27394278969494
INFO:root:Epoch: 42, Iteration: 85, Loss: 0.060320377349853516
INFO:root:Epoch: 42, Iteration: 86, Loss: 0.059029024094343185
INFO:root:Validation set mIOU: 84.36128376162134
INFO:root:Epoch: 43, Iteration: 87, Loss: 0.07333924621343613
INFO:root:Epoch: 43, Iteration: 88, Loss: 0.06372709572315216
INFO:root:Validation set mIOU: 84.48624628181028
INFO:root:Epoch: 44, Iteration: 89, Loss: 0.05938359349966049
INFO:root:Epoch: 44, Iteration: 90, Loss: 0.07890414446592331
INFO:root:Validation set mIOU: 84.54778669585858
INFO:root:Epoch: 45, Iteration: 91, Loss: 0.07283420115709305
INFO:root:Epoch: 45, Iteration: 92, Loss: 0.053415898233652115
INFO:root:Validation set mIOU: 84.74814086682186
INFO:root:Epoch: 46, Iteration: 93, Loss: 0.06317665427923203
INFO:root:Epoch: 46, Iteration: 94, Loss: 0.06474298238754272
INFO:root:Validation set mIOU: 84.79499428855152
INFO:root:Epoch: 47, Iteration: 95, Loss: 0.06282242387533188
INFO:root:Epoch: 47, Iteration: 96, Loss: 0.09548816084861755
INFO:root:Validation set mIOU: 84.73573957105452
INFO:root:Epoch: 48, Iteration: 97, Loss: 0.0721704363822937
INFO:root:Epoch: 48, Iteration: 98, Loss: 0.09324056655168533
INFO:root:Validation set mIOU: 84.94308769417431
INFO:root:Epoch: 49, Iteration: 99, Loss: 0.05427283048629761
INFO:root:Epoch: 49, Iteration: 100, Loss: 0.08328945189714432
INFO:root:Validation set mIOU: 85.00167208260164
INFO:root:Epoch: 50, Iteration: 101, Loss: 0.06950406730175018
INFO:root:Epoch: 50, Iteration: 102, Loss: 0.11229757219552994
INFO:root:Validation set mIOU: 85.14873792148585
INFO:root:Epoch: 51, Iteration: 103, Loss: 0.07951204478740692
INFO:root:Epoch: 51, Iteration: 104, Loss: 0.05967440828680992
INFO:root:Validation set mIOU: 85.1745080888496
INFO:root:Epoch: 52, Iteration: 105, Loss: 0.05958806723356247
INFO:root:Epoch: 52, Iteration: 106, Loss: 0.06088296324014664
INFO:root:Validation set mIOU: 85.34884053935279
INFO:root:Epoch: 53, Iteration: 107, Loss: 0.05120037496089935
INFO:root:Epoch: 53, Iteration: 108, Loss: 0.05984595790505409
INFO:root:Validation set mIOU: 85.34704507893035
INFO:root:Epoch: 54, Iteration: 109, Loss: 0.10064393281936646
INFO:root:Epoch: 54, Iteration: 110, Loss: 0.054623134434223175
INFO:root:Validation set mIOU: 85.4300994632847
INFO:root:Epoch: 55, Iteration: 111, Loss: 0.05972304940223694
INFO:root:Epoch: 55, Iteration: 112, Loss: 0.08224301785230637
INFO:root:Validation set mIOU: 85.38393043797528
INFO:root:Epoch: 56, Iteration: 113, Loss: 0.06626705080270767
INFO:root:Epoch: 56, Iteration: 114, Loss: 0.05895546078681946
INFO:root:Validation set mIOU: 85.30797910733386
INFO:root:Epoch: 57, Iteration: 115, Loss: 0.06081664189696312
INFO:root:Epoch: 57, Iteration: 116, Loss: 0.08403138071298599
INFO:root:Validation set mIOU: 85.2039276699602
INFO:root:Epoch: 58, Iteration: 117, Loss: 0.05715842917561531
INFO:root:Epoch: 58, Iteration: 118, Loss: 0.07529215514659882
INFO:root:Validation set mIOU: 85.15002901971275
INFO:root:Epoch: 59, Iteration: 119, Loss: 0.055282026529312134
INFO:root:Epoch: 59, Iteration: 120, Loss: 0.06720351427793503
INFO:root:Validation set mIOU: 85.06766431167546
INFO:root:Epoch: 60, Iteration: 121, Loss: 0.06307029724121094
INFO:root:Epoch: 60, Iteration: 122, Loss: 0.0657769963145256
INFO:root:Validation set mIOU: 85.11907034971821
INFO:root:Epoch: 61, Iteration: 123, Loss: 0.06741724163293839
INFO:root:Epoch: 61, Iteration: 124, Loss: 0.06475618481636047
INFO:root:Validation set mIOU: 85.07900132578919
INFO:root:Epoch: 62, Iteration: 125, Loss: 0.08232557028532028
INFO:root:Epoch: 62, Iteration: 126, Loss: 0.0734015554189682
INFO:root:Validation set mIOU: 85.0385274109055
INFO:root:Epoch: 63, Iteration: 127, Loss: 0.05641944706439972
INFO:root:Epoch: 63, Iteration: 128, Loss: 0.07100997120141983
INFO:root:Validation set mIOU: 85.14401045615617
INFO:root:Epoch: 64, Iteration: 129, Loss: 0.06290652602910995
INFO:root:Epoch: 64, Iteration: 130, Loss: 0.061180099844932556
INFO:root:Validation set mIOU: 85.43706532931465
INFO:root:Epoch: 65, Iteration: 131, Loss: 0.05383279547095299
INFO:root:Epoch: 65, Iteration: 132, Loss: 0.05115746334195137
INFO:root:Validation set mIOU: 85.60641020347454
INFO:root:Epoch: 66, Iteration: 133, Loss: 0.06508030742406845
INFO:root:Epoch: 66, Iteration: 134, Loss: 0.06181323528289795
INFO:root:Validation set mIOU: 85.599638635015
INFO:root:Epoch: 67, Iteration: 135, Loss: 0.08493445068597794
INFO:root:Epoch: 67, Iteration: 136, Loss: 0.058316998183727264
INFO:root:Validation set mIOU: 85.60087077928465
INFO:root:Epoch: 68, Iteration: 137, Loss: 0.06684170663356781
INFO:root:Epoch: 68, Iteration: 138, Loss: 0.053362887352705
INFO:root:Validation set mIOU: 85.49482622000767
INFO:root:Epoch: 69, Iteration: 139, Loss: 0.06994631141424179
INFO:root:Epoch: 69, Iteration: 140, Loss: 0.04925915226340294
INFO:root:Validation set mIOU: 85.39547601150458
INFO:root:Epoch: 70, Iteration: 141, Loss: 0.059724390506744385
INFO:root:Epoch: 70, Iteration: 142, Loss: 0.06019555777311325
INFO:root:Validation set mIOU: 85.42923141937754
INFO:root:Epoch: 71, Iteration: 143, Loss: 0.05257890373468399
INFO:root:Epoch: 71, Iteration: 144, Loss: 0.07057271152734756
INFO:root:Validation set mIOU: 85.31419806878162
INFO:root:Epoch: 72, Iteration: 145, Loss: 0.06803833693265915
INFO:root:Epoch: 72, Iteration: 146, Loss: 0.05890986695885658
INFO:root:Validation set mIOU: 85.33726500094448
INFO:root:Epoch: 73, Iteration: 147, Loss: 0.08530067652463913
INFO:root:Epoch: 73, Iteration: 148, Loss: 0.06185812130570412
INFO:root:Validation set mIOU: 85.24704772037235
INFO:root:Epoch: 74, Iteration: 149, Loss: 0.06795592606067657
INFO:root:Epoch: 74, Iteration: 150, Loss: 0.05114743113517761
INFO:root:Validation set mIOU: 85.40130522518501
INFO:root:Epoch: 75, Iteration: 151, Loss: 0.05194221809506416
INFO:root:Epoch: 75, Iteration: 152, Loss: 0.05498083308339119
INFO:root:Validation set mIOU: 85.3957255370181
INFO:root:Epoch: 76, Iteration: 153, Loss: 0.05663011595606804
INFO:root:Epoch: 76, Iteration: 154, Loss: 0.07540743052959442
INFO:root:Validation set mIOU: 85.46961929434703
INFO:root:Epoch: 77, Iteration: 155, Loss: 0.07164423912763596
INFO:root:Epoch: 77, Iteration: 156, Loss: 0.07286663353443146
INFO:root:Validation set mIOU: 85.39574049635377
INFO:root:Epoch: 78, Iteration: 157, Loss: 0.05229797214269638
INFO:root:Epoch: 78, Iteration: 158, Loss: 0.0724509134888649
INFO:root:Validation set mIOU: 85.39439671756384
INFO:root:Epoch: 79, Iteration: 159, Loss: 0.07714267075061798
INFO:root:Epoch: 79, Iteration: 160, Loss: 0.062258534133434296
INFO:root:Validation set mIOU: 85.41531014773344
INFO:root:Epoch: 80, Iteration: 161, Loss: 0.06693471223115921
INFO:root:Epoch: 80, Iteration: 162, Loss: 0.06404422223567963
INFO:root:Validation set mIOU: 85.44828063869473
INFO:root:Epoch: 81, Iteration: 163, Loss: 0.057019613683223724
INFO:root:Epoch: 81, Iteration: 164, Loss: 0.09127335250377655
INFO:root:Validation set mIOU: 85.34105585824095
INFO:root:Epoch: 82, Iteration: 165, Loss: 0.05971736088395119
INFO:root:Epoch: 82, Iteration: 166, Loss: 0.06639865040779114
INFO:root:Validation set mIOU: 85.48055041082327
INFO:root:Epoch: 83, Iteration: 167, Loss: 0.05915292352437973
INFO:root:Epoch: 83, Iteration: 168, Loss: 0.06494493782520294
INFO:root:Validation set mIOU: 85.69862720786911
INFO:root:Epoch: 84, Iteration: 169, Loss: 0.0491078682243824
INFO:root:Epoch: 84, Iteration: 170, Loss: 0.05343712493777275
INFO:root:Validation set mIOU: 85.79183614452293
INFO:root:Epoch: 85, Iteration: 171, Loss: 0.08169566839933395
INFO:root:Epoch: 85, Iteration: 172, Loss: 0.06118609756231308
INFO:root:Validation set mIOU: 85.7907369423201
INFO:root:Epoch: 86, Iteration: 173, Loss: 0.055764637887477875
INFO:root:Epoch: 86, Iteration: 174, Loss: 0.05645458772778511
INFO:root:Validation set mIOU: 85.77174646850577
INFO:root:Epoch: 87, Iteration: 175, Loss: 0.06341660767793655
INFO:root:Epoch: 87, Iteration: 176, Loss: 0.054760899394750595
INFO:root:Validation set mIOU: 85.6057962100515
INFO:root:Epoch: 88, Iteration: 177, Loss: 0.05749817192554474
INFO:root:Epoch: 88, Iteration: 178, Loss: 0.06189102306962013
INFO:root:Validation set mIOU: 85.62009863977829
INFO:root:Epoch: 89, Iteration: 179, Loss: 0.06131475046277046
INFO:root:Epoch: 89, Iteration: 180, Loss: 0.060278769582509995
INFO:root:Validation set mIOU: 85.58355114724233
INFO:root:Epoch: 90, Iteration: 181, Loss: 0.057607073336839676
INFO:root:Epoch: 90, Iteration: 182, Loss: 0.058966264128685
INFO:root:Validation set mIOU: 85.66743417127759
INFO:root:Epoch: 91, Iteration: 183, Loss: 0.06522218137979507
INFO:root:Epoch: 91, Iteration: 184, Loss: 0.05443382263183594
INFO:root:Validation set mIOU: 85.54223723379116
INFO:root:Epoch: 92, Iteration: 185, Loss: 0.05538291111588478
INFO:root:Epoch: 92, Iteration: 186, Loss: 0.07758443057537079
INFO:root:Validation set mIOU: 85.58614580982503
INFO:root:Epoch: 93, Iteration: 187, Loss: 0.07089599221944809
INFO:root:Epoch: 93, Iteration: 188, Loss: 0.06932920962572098
INFO:root:Validation set mIOU: 85.69487503499147
INFO:root:Epoch: 94, Iteration: 189, Loss: 0.06388238817453384
INFO:root:Epoch: 94, Iteration: 190, Loss: 0.04671907052397728
INFO:root:Validation set mIOU: 85.67543512598115
INFO:root:Epoch: 95, Iteration: 191, Loss: 0.059777408838272095
INFO:root:Epoch: 95, Iteration: 192, Loss: 0.052067872136831284
INFO:root:Validation set mIOU: 85.61383832962795
INFO:root:Epoch: 96, Iteration: 193, Loss: 0.05370240658521652
INFO:root:Epoch: 96, Iteration: 194, Loss: 0.06404521316289902
INFO:root:Validation set mIOU: 85.52544818312171
INFO:root:Epoch: 97, Iteration: 195, Loss: 0.06369704753160477
INFO:root:Epoch: 97, Iteration: 196, Loss: 0.056960172951221466
INFO:root:Validation set mIOU: 85.63782835172645
INFO:root:Epoch: 98, Iteration: 197, Loss: 0.050239671021699905
INFO:root:Epoch: 98, Iteration: 198, Loss: 0.06068907678127289
INFO:root:Validation set mIOU: 85.49593053501026
INFO:root:Epoch: 99, Iteration: 199, Loss: 0.04883527383208275
INFO:root:Epoch: 99, Iteration: 200, Loss: 0.06101752072572708
INFO:root:Validation set mIOU: 85.46616912621077
INFO:root:Semi-training
INFO:root:Epoch: 0, Iteration: 1, Loss: 1.1927920579910278
INFO:root:Epoch: 0, Iteration: 2, Loss: 1.0892678499221802
INFO:root:Epoch: 0, Iteration: 3, Loss: 0.9448947310447693
INFO:root:Epoch: 0, Iteration: 4, Loss: 0.8960624933242798
INFO:root:Epoch: 0, Iteration: 5, Loss: 0.7114133834838867
INFO:root:Epoch: 0, Iteration: 6, Loss: 0.6466062068939209
INFO:root:Epoch: 0, Iteration: 7, Loss: 0.675734281539917
INFO:root:Validation set mIOU: 48.789536715570065
INFO:root:Epoch: 1, Iteration: 8, Loss: 0.4773910343647003
INFO:root:Epoch: 1, Iteration: 9, Loss: 0.535693883895874
INFO:root:Epoch: 1, Iteration: 10, Loss: 0.43468883633613586
INFO:root:Epoch: 1, Iteration: 11, Loss: 0.42123886942863464
INFO:root:Epoch: 1, Iteration: 12, Loss: 0.4098682403564453
INFO:root:Epoch: 1, Iteration: 13, Loss: 0.3476982116699219
INFO:root:Epoch: 1, Iteration: 14, Loss: 0.2964673638343811
INFO:root:Validation set mIOU: 63.937421178390885
INFO:root:Epoch: 2, Iteration: 15, Loss: 0.3831963539123535
INFO:root:Epoch: 2, Iteration: 16, Loss: 0.2604714632034302
INFO:root:Epoch: 2, Iteration: 17, Loss: 0.2553296387195587
INFO:root:Epoch: 2, Iteration: 18, Loss: 0.31169959902763367
INFO:root:Epoch: 2, Iteration: 19, Loss: 0.31765127182006836
INFO:root:Epoch: 2, Iteration: 20, Loss: 0.3143918514251709
INFO:root:Epoch: 2, Iteration: 21, Loss: 0.27321678400039673
INFO:root:Validation set mIOU: 74.03751864455629
INFO:root:Epoch: 3, Iteration: 22, Loss: 0.22044526040554047
INFO:root:Epoch: 3, Iteration: 23, Loss: 0.27015361189842224
INFO:root:Epoch: 3, Iteration: 24, Loss: 0.28788626194000244
INFO:root:Epoch: 3, Iteration: 25, Loss: 0.23394222557544708
INFO:root:Epoch: 3, Iteration: 26, Loss: 0.25596070289611816
INFO:root:Epoch: 3, Iteration: 27, Loss: 0.19752497971057892
INFO:root:Epoch: 3, Iteration: 28, Loss: 0.3539079427719116
INFO:root:Validation set mIOU: 75.36749005249716
INFO:root:Epoch: 4, Iteration: 29, Loss: 0.2690369784832001
INFO:root:Epoch: 4, Iteration: 30, Loss: 0.2226853370666504
INFO:root:Epoch: 4, Iteration: 31, Loss: 0.21738243103027344
INFO:root:Epoch: 4, Iteration: 32, Loss: 0.19010654091835022
INFO:root:Epoch: 4, Iteration: 33, Loss: 0.19491733610630035
INFO:root:Epoch: 4, Iteration: 34, Loss: 0.24289865791797638
INFO:root:Epoch: 4, Iteration: 35, Loss: 0.21002718806266785
INFO:root:Validation set mIOU: 73.55764408195226
INFO:root:Epoch: 5, Iteration: 36, Loss: 0.2029697149991989
INFO:root:Epoch: 5, Iteration: 37, Loss: 0.16595475375652313
INFO:root:Epoch: 5, Iteration: 38, Loss: 0.14437484741210938
INFO:root:Epoch: 5, Iteration: 39, Loss: 0.20875726640224457
INFO:root:Epoch: 5, Iteration: 40, Loss: 0.16498617827892303
INFO:root:Epoch: 5, Iteration: 41, Loss: 0.14554452896118164
INFO:root:Epoch: 5, Iteration: 42, Loss: 0.20934650301933289
INFO:root:Validation set mIOU: 80.75894632350962
INFO:root:Epoch: 6, Iteration: 43, Loss: 0.20405787229537964
INFO:root:Epoch: 6, Iteration: 44, Loss: 0.2654501497745514
INFO:root:Epoch: 6, Iteration: 45, Loss: 0.19430294632911682
INFO:root:Epoch: 6, Iteration: 46, Loss: 0.16098088026046753
INFO:root:Epoch: 6, Iteration: 47, Loss: 0.19524838030338287
INFO:root:Epoch: 6, Iteration: 48, Loss: 0.2044116109609604
INFO:root:Epoch: 6, Iteration: 49, Loss: 0.16941598057746887
INFO:root:Validation set mIOU: 79.28144845915743
INFO:root:Epoch: 7, Iteration: 50, Loss: 0.13209787011146545
INFO:root:Epoch: 7, Iteration: 51, Loss: 0.1602845937013626
INFO:root:Epoch: 7, Iteration: 52, Loss: 0.16653186082839966
INFO:root:Epoch: 7, Iteration: 53, Loss: 0.1762648969888687
INFO:root:Epoch: 7, Iteration: 54, Loss: 0.14015471935272217
INFO:root:Epoch: 7, Iteration: 55, Loss: 0.21592703461647034
INFO:root:Epoch: 7, Iteration: 56, Loss: 0.15397627651691437
INFO:root:Validation set mIOU: 80.83606211715916
INFO:root:Epoch: 8, Iteration: 57, Loss: 0.1926114410161972
INFO:root:Epoch: 8, Iteration: 58, Loss: 0.1285734921693802
INFO:root:Epoch: 8, Iteration: 59, Loss: 0.14336399734020233
INFO:root:Epoch: 8, Iteration: 60, Loss: 0.16745977103710175
INFO:root:Epoch: 8, Iteration: 61, Loss: 0.13662156462669373
INFO:root:Epoch: 8, Iteration: 62, Loss: 0.1472616344690323
INFO:root:Epoch: 8, Iteration: 63, Loss: 0.22978025674819946
INFO:root:Validation set mIOU: 79.29187767895426
INFO:root:Epoch: 9, Iteration: 64, Loss: 0.14777496457099915
INFO:root:Epoch: 9, Iteration: 65, Loss: 0.19317638874053955
INFO:root:Epoch: 9, Iteration: 66, Loss: 0.13966506719589233
INFO:root:Epoch: 9, Iteration: 67, Loss: 0.1437978893518448
INFO:root:Epoch: 9, Iteration: 68, Loss: 0.17975856363773346
INFO:root:Epoch: 9, Iteration: 69, Loss: 0.16965074837207794
INFO:root:Epoch: 9, Iteration: 70, Loss: 0.18783122301101685
INFO:root:Validation set mIOU: 81.06826452877672
INFO:root:Epoch: 10, Iteration: 71, Loss: 0.18573707342147827
INFO:root:Epoch: 10, Iteration: 72, Loss: 0.1245427206158638
INFO:root:Epoch: 10, Iteration: 73, Loss: 0.13354618847370148
INFO:root:Epoch: 10, Iteration: 74, Loss: 0.14463575184345245
INFO:root:Epoch: 10, Iteration: 75, Loss: 0.13624654710292816
INFO:root:Epoch: 10, Iteration: 76, Loss: 0.092180036008358
INFO:root:Epoch: 10, Iteration: 77, Loss: 0.16078582406044006
INFO:root:Validation set mIOU: 80.38046089693177
INFO:root:Epoch: 11, Iteration: 78, Loss: 0.11559083312749863
INFO:root:Epoch: 11, Iteration: 79, Loss: 0.10901176929473877
INFO:root:Epoch: 11, Iteration: 80, Loss: 0.11792095005512238
INFO:root:Epoch: 11, Iteration: 81, Loss: 0.1454075127840042
INFO:root:Epoch: 11, Iteration: 82, Loss: 0.15093488991260529
INFO:root:Epoch: 11, Iteration: 83, Loss: 0.1272856742143631
INFO:root:Epoch: 11, Iteration: 84, Loss: 0.13838784396648407
INFO:root:Validation set mIOU: 81.5472329403771
INFO:root:Epoch: 12, Iteration: 85, Loss: 0.16794854402542114
INFO:root:Epoch: 12, Iteration: 86, Loss: 0.130337193608284
INFO:root:Epoch: 12, Iteration: 87, Loss: 0.10227787494659424
INFO:root:Epoch: 12, Iteration: 88, Loss: 0.11136303842067719
INFO:root:Epoch: 12, Iteration: 89, Loss: 0.1122187003493309
INFO:root:Epoch: 12, Iteration: 90, Loss: 0.12010371685028076
INFO:root:Epoch: 12, Iteration: 91, Loss: 0.17323553562164307
INFO:root:Validation set mIOU: 81.50124215843655
INFO:root:Epoch: 13, Iteration: 92, Loss: 0.12820474803447723
INFO:root:Epoch: 13, Iteration: 93, Loss: 0.10140262544155121
INFO:root:Epoch: 13, Iteration: 94, Loss: 0.11030673235654831
INFO:root:Epoch: 13, Iteration: 95, Loss: 0.1236887276172638
INFO:root:Epoch: 13, Iteration: 96, Loss: 0.14039166271686554
INFO:root:Epoch: 13, Iteration: 97, Loss: 0.23510834574699402
INFO:root:Epoch: 13, Iteration: 98, Loss: 0.147999569773674
INFO:root:Validation set mIOU: 81.74220640755715
INFO:root:Epoch: 14, Iteration: 99, Loss: 0.11117804795503616
INFO:root:Epoch: 14, Iteration: 100, Loss: 0.09700687974691391
INFO:root:Epoch: 14, Iteration: 101, Loss: 0.11275505274534225
INFO:root:Epoch: 14, Iteration: 102, Loss: 0.15911582112312317
INFO:root:Epoch: 14, Iteration: 103, Loss: 0.10835828632116318
INFO:root:Epoch: 14, Iteration: 104, Loss: 0.19432154297828674
INFO:root:Epoch: 14, Iteration: 105, Loss: 0.09893575310707092
INFO:root:Validation set mIOU: 82.50445807617352
INFO:root:Epoch: 15, Iteration: 106, Loss: 0.1361667960882187
INFO:root:Epoch: 15, Iteration: 107, Loss: 0.11980320513248444
INFO:root:Epoch: 15, Iteration: 108, Loss: 0.15940803289413452
INFO:root:Epoch: 15, Iteration: 109, Loss: 0.10938989371061325
INFO:root:Epoch: 15, Iteration: 110, Loss: 0.10276337713003159
INFO:root:Epoch: 15, Iteration: 111, Loss: 0.09457319974899292
INFO:root:Epoch: 15, Iteration: 112, Loss: 0.14022532105445862
INFO:root:Validation set mIOU: 82.91119200249152
INFO:root:Epoch: 16, Iteration: 113, Loss: 0.1040043905377388
INFO:root:Epoch: 16, Iteration: 114, Loss: 0.110182024538517
INFO:root:Epoch: 16, Iteration: 115, Loss: 0.10801445692777634
INFO:root:Epoch: 16, Iteration: 116, Loss: 0.11097480356693268
INFO:root:Epoch: 16, Iteration: 117, Loss: 0.09780687838792801
INFO:root:Epoch: 16, Iteration: 118, Loss: 0.11629027128219604
INFO:root:Epoch: 16, Iteration: 119, Loss: 0.16355803608894348
INFO:root:Validation set mIOU: 83.39878262679741
INFO:root:Epoch: 17, Iteration: 120, Loss: 0.10748208314180374
INFO:root:Epoch: 17, Iteration: 121, Loss: 0.10417917370796204
INFO:root:Epoch: 17, Iteration: 122, Loss: 0.12522286176681519
INFO:root:Epoch: 17, Iteration: 123, Loss: 0.08869531750679016
INFO:root:Epoch: 17, Iteration: 124, Loss: 0.0996626615524292
INFO:root:Epoch: 17, Iteration: 125, Loss: 0.1061704084277153
INFO:root:Epoch: 17, Iteration: 126, Loss: 0.10415025800466537
INFO:root:Validation set mIOU: 84.13544658213449
INFO:root:Epoch: 18, Iteration: 127, Loss: 0.15824182331562042
INFO:root:Epoch: 18, Iteration: 128, Loss: 0.11666298657655716
INFO:root:Epoch: 18, Iteration: 129, Loss: 0.12601354718208313
INFO:root:Epoch: 18, Iteration: 130, Loss: 0.13192778825759888
INFO:root:Epoch: 18, Iteration: 131, Loss: 0.13237769901752472
INFO:root:Epoch: 18, Iteration: 132, Loss: 0.09406856447458267
INFO:root:Epoch: 18, Iteration: 133, Loss: 0.08918295055627823
INFO:root:Validation set mIOU: 84.14116590098853
INFO:root:Epoch: 19, Iteration: 134, Loss: 0.09615032374858856
INFO:root:Epoch: 19, Iteration: 135, Loss: 0.11501380056142807
INFO:root:Epoch: 19, Iteration: 136, Loss: 0.10918208956718445
INFO:root:Epoch: 19, Iteration: 137, Loss: 0.10373472422361374
INFO:root:Epoch: 19, Iteration: 138, Loss: 0.18542034924030304
INFO:root:Epoch: 19, Iteration: 139, Loss: 0.08245209604501724
INFO:root:Epoch: 19, Iteration: 140, Loss: 0.11109983175992966
INFO:root:Validation set mIOU: 84.28289546121843
INFO:root:Epoch: 20, Iteration: 141, Loss: 0.15822863578796387
INFO:root:Epoch: 20, Iteration: 142, Loss: 0.10263557732105255
INFO:root:Epoch: 20, Iteration: 143, Loss: 0.12866932153701782
INFO:root:Epoch: 20, Iteration: 144, Loss: 0.09287062287330627
INFO:root:Epoch: 20, Iteration: 145, Loss: 0.12195468693971634
INFO:root:Epoch: 20, Iteration: 146, Loss: 0.12008170783519745
INFO:root:Epoch: 20, Iteration: 147, Loss: 0.0854855626821518
INFO:root:Validation set mIOU: 83.9260775909811
INFO:root:Epoch: 21, Iteration: 148, Loss: 0.10288476943969727
INFO:root:Epoch: 21, Iteration: 149, Loss: 0.11270931363105774
INFO:root:Epoch: 21, Iteration: 150, Loss: 0.08320410549640656
INFO:root:Epoch: 21, Iteration: 151, Loss: 0.16790145635604858
INFO:root:Epoch: 21, Iteration: 152, Loss: 0.10684491693973541
INFO:root:Epoch: 21, Iteration: 153, Loss: 0.10235464572906494
INFO:root:Epoch: 21, Iteration: 154, Loss: 0.0982968658208847
INFO:root:Validation set mIOU: 83.62695275574198
INFO:root:Epoch: 22, Iteration: 155, Loss: 0.0959882140159607
INFO:root:Epoch: 22, Iteration: 156, Loss: 0.15470397472381592
INFO:root:Epoch: 22, Iteration: 157, Loss: 0.08967310935258865
INFO:root:Epoch: 22, Iteration: 158, Loss: 0.10636501014232635
INFO:root:Epoch: 22, Iteration: 159, Loss: 0.08520696312189102
INFO:root:Epoch: 22, Iteration: 160, Loss: 0.13239538669586182
INFO:root:Epoch: 22, Iteration: 161, Loss: 0.09592055529356003
INFO:root:Validation set mIOU: 83.11326969750029
INFO:root:Epoch: 23, Iteration: 162, Loss: 0.09962256252765656
INFO:root:Epoch: 23, Iteration: 163, Loss: 0.0960652083158493
INFO:root:Epoch: 23, Iteration: 164, Loss: 0.08931346982717514
INFO:root:Epoch: 23, Iteration: 165, Loss: 0.09092535078525543
INFO:root:Epoch: 23, Iteration: 166, Loss: 0.1192125752568245
INFO:root:Epoch: 23, Iteration: 167, Loss: 0.0861668810248375
INFO:root:Epoch: 23, Iteration: 168, Loss: 0.07393491268157959
INFO:root:Validation set mIOU: 83.72910874228108
INFO:root:Epoch: 24, Iteration: 169, Loss: 0.0904170349240303
INFO:root:Epoch: 24, Iteration: 170, Loss: 0.09134630858898163
INFO:root:Epoch: 24, Iteration: 171, Loss: 0.10048752278089523
INFO:root:Epoch: 24, Iteration: 172, Loss: 0.11056097596883774
INFO:root:Epoch: 24, Iteration: 173, Loss: 0.09984605759382248
INFO:root:Epoch: 24, Iteration: 174, Loss: 0.09251135587692261
INFO:root:Epoch: 24, Iteration: 175, Loss: 0.10738576203584671
INFO:root:Validation set mIOU: 84.2022557522168
INFO:root:Epoch: 25, Iteration: 176, Loss: 0.07893690466880798
INFO:root:Epoch: 25, Iteration: 177, Loss: 0.13342906534671783
INFO:root:Epoch: 25, Iteration: 178, Loss: 0.16186340153217316
INFO:root:Epoch: 25, Iteration: 179, Loss: 0.09221962839365005
INFO:root:Epoch: 25, Iteration: 180, Loss: 0.13503871858119965
INFO:root:Epoch: 25, Iteration: 181, Loss: 0.09572327136993408
INFO:root:Epoch: 25, Iteration: 182, Loss: 0.30099985003471375
INFO:root:Validation set mIOU: 83.47002489823149
INFO:root:Epoch: 26, Iteration: 183, Loss: 0.11029781401157379
INFO:root:Epoch: 26, Iteration: 184, Loss: 0.08713393658399582
INFO:root:Epoch: 26, Iteration: 185, Loss: 0.103430837392807
INFO:root:Epoch: 26, Iteration: 186, Loss: 0.09486006945371628
INFO:root:Epoch: 26, Iteration: 187, Loss: 0.08007355779409409
INFO:root:Epoch: 26, Iteration: 188, Loss: 0.10971153527498245
INFO:root:Epoch: 26, Iteration: 189, Loss: 0.11415092647075653
INFO:root:Validation set mIOU: 84.13378166660829
INFO:root:Epoch: 27, Iteration: 190, Loss: 0.10951728373765945
INFO:root:Epoch: 27, Iteration: 191, Loss: 0.12509572505950928
INFO:root:Epoch: 27, Iteration: 192, Loss: 0.16502539813518524
INFO:root:Epoch: 27, Iteration: 193, Loss: 0.12605974078178406
INFO:root:Epoch: 27, Iteration: 194, Loss: 0.14211812615394592
INFO:root:Epoch: 27, Iteration: 195, Loss: 0.10471098870038986
INFO:root:Epoch: 27, Iteration: 196, Loss: 0.147710382938385
INFO:root:Validation set mIOU: 84.37058173667774
INFO:root:Epoch: 28, Iteration: 197, Loss: 0.0905551165342331
INFO:root:Epoch: 28, Iteration: 198, Loss: 0.10219775140285492
INFO:root:Epoch: 28, Iteration: 199, Loss: 0.08514949679374695
INFO:root:Epoch: 28, Iteration: 200, Loss: 0.12225410342216492
INFO:root:Epoch: 28, Iteration: 201, Loss: 0.1032666265964508
INFO:root:Epoch: 28, Iteration: 202, Loss: 0.09232143312692642
INFO:root:Epoch: 28, Iteration: 203, Loss: 0.11407297104597092
INFO:root:Validation set mIOU: 83.40636462776565
INFO:root:Epoch: 29, Iteration: 204, Loss: 0.09009619057178497
INFO:root:Epoch: 29, Iteration: 205, Loss: 0.11252737790346146
INFO:root:Epoch: 29, Iteration: 206, Loss: 0.09327907860279083
INFO:root:Epoch: 29, Iteration: 207, Loss: 0.11507526785135269
INFO:root:Epoch: 29, Iteration: 208, Loss: 0.14627763628959656
INFO:root:Epoch: 29, Iteration: 209, Loss: 0.13541409373283386
INFO:root:Epoch: 29, Iteration: 210, Loss: 0.121259905397892
INFO:root:Validation set mIOU: 83.66063126190802
INFO:root:Epoch: 30, Iteration: 211, Loss: 0.10902224481105804
INFO:root:Epoch: 30, Iteration: 212, Loss: 0.08820641040802002
INFO:root:Epoch: 30, Iteration: 213, Loss: 0.09880833327770233
INFO:root:Epoch: 30, Iteration: 214, Loss: 0.17900368571281433
INFO:root:Epoch: 30, Iteration: 215, Loss: 0.10460080206394196
INFO:root:Epoch: 30, Iteration: 216, Loss: 0.11567484587430954
INFO:root:Epoch: 30, Iteration: 217, Loss: 0.08738616108894348
INFO:root:Validation set mIOU: 84.0109857713662
INFO:root:Epoch: 31, Iteration: 218, Loss: 0.10671775043010712
INFO:root:Epoch: 31, Iteration: 219, Loss: 0.08227887004613876
INFO:root:Epoch: 31, Iteration: 220, Loss: 0.11064986139535904
INFO:root:Epoch: 31, Iteration: 221, Loss: 0.09198959171772003
INFO:root:Epoch: 31, Iteration: 222, Loss: 0.07982274144887924
INFO:root:Epoch: 31, Iteration: 223, Loss: 0.11473559588193893
INFO:root:Epoch: 31, Iteration: 224, Loss: 0.08507780730724335
INFO:root:Validation set mIOU: 84.39335170411623
INFO:root:Epoch: 32, Iteration: 225, Loss: 0.134702667593956
INFO:root:Epoch: 32, Iteration: 226, Loss: 0.09927593916654587
INFO:root:Epoch: 32, Iteration: 227, Loss: 0.0720483735203743
INFO:root:Epoch: 32, Iteration: 228, Loss: 0.09289512783288956
INFO:root:Epoch: 32, Iteration: 229, Loss: 0.09736169874668121
INFO:root:Epoch: 32, Iteration: 230, Loss: 0.09959825128316879
INFO:root:Epoch: 32, Iteration: 231, Loss: 0.10298774391412735
INFO:root:Validation set mIOU: 84.41403670251316
INFO:root:Epoch: 33, Iteration: 232, Loss: 0.14253130555152893
INFO:root:Epoch: 33, Iteration: 233, Loss: 0.08507056534290314
INFO:root:Epoch: 33, Iteration: 234, Loss: 0.07345820218324661
INFO:root:Epoch: 33, Iteration: 235, Loss: 0.10226501524448395
INFO:root:Epoch: 33, Iteration: 236, Loss: 0.12135138362646103
INFO:root:Epoch: 33, Iteration: 237, Loss: 0.10232079774141312
INFO:root:Epoch: 33, Iteration: 238, Loss: 0.08681531250476837
INFO:root:Validation set mIOU: 83.73148504414175
INFO:root:Epoch: 34, Iteration: 239, Loss: 0.09455206990242004
INFO:root:Epoch: 34, Iteration: 240, Loss: 0.105008564889431
INFO:root:Epoch: 34, Iteration: 241, Loss: 0.11084435135126114
INFO:root:Epoch: 34, Iteration: 242, Loss: 0.1032581627368927
INFO:root:Epoch: 34, Iteration: 243, Loss: 0.10848609358072281
INFO:root:Epoch: 34, Iteration: 244, Loss: 0.09245708584785461
INFO:root:Epoch: 34, Iteration: 245, Loss: 0.09997697174549103
INFO:root:Validation set mIOU: 84.14993649944223
INFO:root:Epoch: 35, Iteration: 246, Loss: 0.07562410086393356
INFO:root:Epoch: 35, Iteration: 247, Loss: 0.08155601471662521
INFO:root:Epoch: 35, Iteration: 248, Loss: 0.13402719795703888
INFO:root:Epoch: 35, Iteration: 249, Loss: 0.10267172753810883
INFO:root:Epoch: 35, Iteration: 250, Loss: 0.08089326322078705
INFO:root:Epoch: 35, Iteration: 251, Loss: 0.1254304200410843
INFO:root:Epoch: 35, Iteration: 252, Loss: 0.07730071246623993
INFO:root:Validation set mIOU: 84.97137901424273
INFO:root:Epoch: 36, Iteration: 253, Loss: 0.09847521036863327
INFO:root:Epoch: 36, Iteration: 254, Loss: 0.10943827033042908
INFO:root:Epoch: 36, Iteration: 255, Loss: 0.11150309443473816
INFO:root:Epoch: 36, Iteration: 256, Loss: 0.1041317880153656
INFO:root:Epoch: 36, Iteration: 257, Loss: 0.09182664006948471
INFO:root:Epoch: 36, Iteration: 258, Loss: 0.07351665943861008
INFO:root:Epoch: 36, Iteration: 259, Loss: 0.09229559451341629
INFO:root:Validation set mIOU: 84.66507670962505
INFO:root:Epoch: 37, Iteration: 260, Loss: 0.06916697323322296
INFO:root:Epoch: 37, Iteration: 261, Loss: 0.09420545399188995
INFO:root:Epoch: 37, Iteration: 262, Loss: 0.10694707930088043
INFO:root:Epoch: 37, Iteration: 263, Loss: 0.08755014836788177
INFO:root:Epoch: 37, Iteration: 264, Loss: 0.08562324196100235
INFO:root:Epoch: 37, Iteration: 265, Loss: 0.10018397867679596
INFO:root:Epoch: 37, Iteration: 266, Loss: 0.07726062834262848
INFO:root:Validation set mIOU: 84.70882785568469
INFO:root:Epoch: 38, Iteration: 267, Loss: 0.0676174983382225
INFO:root:Epoch: 38, Iteration: 268, Loss: 0.08516129851341248
INFO:root:Epoch: 38, Iteration: 269, Loss: 0.12273392826318741
INFO:root:Epoch: 38, Iteration: 270, Loss: 0.08407182991504669
INFO:root:Epoch: 38, Iteration: 271, Loss: 0.07314429432153702
INFO:root:Epoch: 38, Iteration: 272, Loss: 0.07830251753330231
INFO:root:Epoch: 38, Iteration: 273, Loss: 0.12095554172992706
INFO:root:Validation set mIOU: 84.89392489420096
INFO:root:Epoch: 39, Iteration: 274, Loss: 0.09865539520978928
INFO:root:Epoch: 39, Iteration: 275, Loss: 0.09288627654314041
INFO:root:Epoch: 39, Iteration: 276, Loss: 0.08263120800256729
INFO:root:Epoch: 39, Iteration: 277, Loss: 0.1438780426979065
INFO:root:Epoch: 39, Iteration: 278, Loss: 0.0871884897351265
INFO:root:Epoch: 39, Iteration: 279, Loss: 0.10140067338943481
INFO:root:Epoch: 39, Iteration: 280, Loss: 0.11055533587932587
INFO:root:Validation set mIOU: 84.86758660808894
INFO:root:Epoch: 40, Iteration: 281, Loss: 0.10086963325738907
INFO:root:Epoch: 40, Iteration: 282, Loss: 0.08656837791204453
INFO:root:Epoch: 40, Iteration: 283, Loss: 0.06012459471821785
INFO:root:Epoch: 40, Iteration: 284, Loss: 0.10675983130931854
INFO:root:Epoch: 40, Iteration: 285, Loss: 0.10114617645740509
INFO:root:Epoch: 40, Iteration: 286, Loss: 0.0822438895702362
INFO:root:Epoch: 40, Iteration: 287, Loss: 0.08200207352638245
INFO:root:Validation set mIOU: 85.04506574439716
INFO:root:Epoch: 41, Iteration: 288, Loss: 0.09793933480978012
INFO:root:Epoch: 41, Iteration: 289, Loss: 0.11130078881978989
INFO:root:Epoch: 41, Iteration: 290, Loss: 0.08011079579591751
INFO:root:Epoch: 41, Iteration: 291, Loss: 0.10632219910621643
INFO:root:Epoch: 41, Iteration: 292, Loss: 0.11239195615053177
INFO:root:Epoch: 41, Iteration: 293, Loss: 0.06988397240638733
INFO:root:Epoch: 41, Iteration: 294, Loss: 0.09919598698616028
INFO:root:Validation set mIOU: 84.99345528773182
INFO:root:Epoch: 42, Iteration: 295, Loss: 0.10209669172763824
INFO:root:Epoch: 42, Iteration: 296, Loss: 0.09174047410488129
INFO:root:Epoch: 42, Iteration: 297, Loss: 0.0793859139084816
INFO:root:Epoch: 42, Iteration: 298, Loss: 0.12010979652404785
INFO:root:Epoch: 42, Iteration: 299, Loss: 0.11387505382299423
INFO:root:Epoch: 42, Iteration: 300, Loss: 0.10047266632318497
INFO:root:Epoch: 42, Iteration: 301, Loss: 0.07966549694538116
INFO:root:Validation set mIOU: 85.2203996436876
INFO:root:Epoch: 43, Iteration: 302, Loss: 0.11686158925294876
INFO:root:Epoch: 43, Iteration: 303, Loss: 0.09009934216737747
INFO:root:Epoch: 43, Iteration: 304, Loss: 0.07103253901004791
INFO:root:Epoch: 43, Iteration: 305, Loss: 0.08245505392551422
INFO:root:Epoch: 43, Iteration: 306, Loss: 0.1119113638997078
INFO:root:Epoch: 43, Iteration: 307, Loss: 0.0748373344540596
INFO:root:Epoch: 43, Iteration: 308, Loss: 0.07580642402172089
INFO:root:Validation set mIOU: 84.94342638293962
INFO:root:Epoch: 44, Iteration: 309, Loss: 0.09822342544794083
INFO:root:Epoch: 44, Iteration: 310, Loss: 0.0703829973936081
INFO:root:Epoch: 44, Iteration: 311, Loss: 0.13856308162212372
INFO:root:Epoch: 44, Iteration: 312, Loss: 0.09046076983213425
INFO:root:Epoch: 44, Iteration: 313, Loss: 0.12203694134950638
INFO:root:Epoch: 44, Iteration: 314, Loss: 0.06430625915527344
INFO:root:Epoch: 44, Iteration: 315, Loss: 0.08743484318256378
INFO:root:Validation set mIOU: 84.80708941657143
INFO:root:Epoch: 45, Iteration: 316, Loss: 0.07457081228494644
INFO:root:Epoch: 45, Iteration: 317, Loss: 0.07879706472158432
INFO:root:Epoch: 45, Iteration: 318, Loss: 0.19406868517398834
INFO:root:Epoch: 45, Iteration: 319, Loss: 0.11223189532756805
INFO:root:Epoch: 45, Iteration: 320, Loss: 0.11820270121097565
INFO:root:Epoch: 45, Iteration: 321, Loss: 0.09050043672323227
INFO:root:Epoch: 45, Iteration: 322, Loss: 0.08263850212097168
INFO:root:Validation set mIOU: 84.86464273637124
INFO:root:Epoch: 46, Iteration: 323, Loss: 0.08332637697458267
INFO:root:Epoch: 46, Iteration: 324, Loss: 0.09938409924507141
INFO:root:Epoch: 46, Iteration: 325, Loss: 0.0979926586151123
INFO:root:Epoch: 46, Iteration: 326, Loss: 0.0952671468257904
INFO:root:Epoch: 46, Iteration: 327, Loss: 0.08706580102443695
INFO:root:Epoch: 46, Iteration: 328, Loss: 0.09712935239076614
INFO:root:Epoch: 46, Iteration: 329, Loss: 0.07813608646392822
INFO:root:Validation set mIOU: 84.98779675637662
INFO:root:Epoch: 47, Iteration: 330, Loss: 0.07759390771389008
INFO:root:Epoch: 47, Iteration: 331, Loss: 0.11077287793159485
INFO:root:Epoch: 47, Iteration: 332, Loss: 0.12850962579250336
INFO:root:Epoch: 47, Iteration: 333, Loss: 0.11518584936857224
INFO:root:Epoch: 47, Iteration: 334, Loss: 0.08633212745189667
INFO:root:Epoch: 47, Iteration: 335, Loss: 0.07317175716161728
INFO:root:Epoch: 47, Iteration: 336, Loss: 0.07479368895292282
INFO:root:Validation set mIOU: 84.71196587529518
INFO:root:Epoch: 48, Iteration: 337, Loss: 0.09545023739337921
INFO:root:Epoch: 48, Iteration: 338, Loss: 0.06608830392360687
INFO:root:Epoch: 48, Iteration: 339, Loss: 0.09952083230018616
INFO:root:Epoch: 48, Iteration: 340, Loss: 0.07799988985061646
INFO:root:Epoch: 48, Iteration: 341, Loss: 0.06349562853574753
INFO:root:Epoch: 48, Iteration: 342, Loss: 0.0775962695479393
INFO:root:Epoch: 48, Iteration: 343, Loss: 0.06993724405765533
INFO:root:Validation set mIOU: 84.91787747875867
INFO:root:Epoch: 49, Iteration: 344, Loss: 0.07190430909395218
INFO:root:Epoch: 49, Iteration: 345, Loss: 0.08379841595888138
INFO:root:Epoch: 49, Iteration: 346, Loss: 0.13059604167938232
INFO:root:Epoch: 49, Iteration: 347, Loss: 0.08017569035291672
INFO:root:Epoch: 49, Iteration: 348, Loss: 0.11287255585193634
INFO:root:Epoch: 49, Iteration: 349, Loss: 0.0942239761352539
INFO:root:Epoch: 49, Iteration: 350, Loss: 0.05656827241182327
INFO:root:Validation set mIOU: 84.58867755238475
INFO:root:Epoch: 50, Iteration: 351, Loss: 0.06756595522165298
INFO:root:Epoch: 50, Iteration: 352, Loss: 0.0726248100399971
INFO:root:Epoch: 50, Iteration: 353, Loss: 0.07906967401504517
INFO:root:Epoch: 50, Iteration: 354, Loss: 0.07447890192270279
INFO:root:Epoch: 50, Iteration: 355, Loss: 0.08715768903493881
INFO:root:Epoch: 50, Iteration: 356, Loss: 0.11453887075185776
INFO:root:Epoch: 50, Iteration: 357, Loss: 0.11733134835958481
INFO:root:Validation set mIOU: 84.46274462919082
INFO:root:Epoch: 51, Iteration: 358, Loss: 0.08889228105545044
INFO:root:Epoch: 51, Iteration: 359, Loss: 0.07701487094163895
INFO:root:Epoch: 51, Iteration: 360, Loss: 0.08753383159637451
INFO:root:Epoch: 51, Iteration: 361, Loss: 0.08148574829101562
INFO:root:Epoch: 51, Iteration: 362, Loss: 0.08075021952390671
INFO:root:Epoch: 51, Iteration: 363, Loss: 0.07161176949739456
INFO:root:Epoch: 51, Iteration: 364, Loss: 0.08671031147241592
INFO:root:Validation set mIOU: 84.74102527141524
INFO:root:Epoch: 52, Iteration: 365, Loss: 0.069081149995327
INFO:root:Epoch: 52, Iteration: 366, Loss: 0.07527197152376175
INFO:root:Epoch: 52, Iteration: 367, Loss: 0.10939916223287582
INFO:root:Epoch: 52, Iteration: 368, Loss: 0.07914203405380249
INFO:root:Epoch: 52, Iteration: 369, Loss: 0.12952347099781036
INFO:root:Epoch: 52, Iteration: 370, Loss: 0.0723249614238739
INFO:root:Epoch: 52, Iteration: 371, Loss: 0.07621701806783676
INFO:root:Validation set mIOU: 84.26617987129106
INFO:root:Epoch: 53, Iteration: 372, Loss: 0.11822055280208588
INFO:root:Epoch: 53, Iteration: 373, Loss: 0.0955970510840416
INFO:root:Epoch: 53, Iteration: 374, Loss: 0.062094200402498245
INFO:root:Epoch: 53, Iteration: 375, Loss: 0.07718376070261002
INFO:root:Epoch: 53, Iteration: 376, Loss: 0.10890985280275345
INFO:root:Epoch: 53, Iteration: 377, Loss: 0.0786023810505867
INFO:root:Epoch: 53, Iteration: 378, Loss: 0.0759415403008461
INFO:root:Validation set mIOU: 84.26780669902026
INFO:root:Epoch: 54, Iteration: 379, Loss: 0.07918911427259445
INFO:root:Epoch: 54, Iteration: 380, Loss: 0.0899103581905365
INFO:root:Epoch: 54, Iteration: 381, Loss: 0.11024636775255203
INFO:root:Epoch: 54, Iteration: 382, Loss: 0.0884636789560318
INFO:root:Epoch: 54, Iteration: 383, Loss: 0.08227480202913284
INFO:root:Epoch: 54, Iteration: 384, Loss: 0.07384233176708221
INFO:root:Epoch: 54, Iteration: 385, Loss: 0.07069116830825806
INFO:root:Validation set mIOU: 84.5168839667354
INFO:root:Epoch: 55, Iteration: 386, Loss: 0.06540314108133316
INFO:root:Epoch: 55, Iteration: 387, Loss: 0.09905361384153366
INFO:root:Epoch: 55, Iteration: 388, Loss: 0.06752030551433563
INFO:root:Epoch: 55, Iteration: 389, Loss: 0.05710475519299507
INFO:root:Epoch: 55, Iteration: 390, Loss: 0.08013451099395752
INFO:root:Epoch: 55, Iteration: 391, Loss: 0.0934845581650734
INFO:root:Epoch: 55, Iteration: 392, Loss: 0.08990142494440079
INFO:root:Validation set mIOU: 85.05196812960016
INFO:root:Epoch: 56, Iteration: 393, Loss: 0.24715673923492432
INFO:root:Epoch: 56, Iteration: 394, Loss: 0.07403793931007385
INFO:root:Epoch: 56, Iteration: 395, Loss: 0.08621155470609665
INFO:root:Epoch: 56, Iteration: 396, Loss: 0.05644639581441879
INFO:root:Epoch: 56, Iteration: 397, Loss: 0.07765480875968933
INFO:root:Epoch: 56, Iteration: 398, Loss: 0.061258163303136826
INFO:root:Epoch: 56, Iteration: 399, Loss: 0.10437274724245071
INFO:root:Validation set mIOU: 84.57149073756231
INFO:root:Epoch: 57, Iteration: 400, Loss: 0.08500609546899796
INFO:root:Epoch: 57, Iteration: 401, Loss: 0.07567933946847916
INFO:root:Epoch: 57, Iteration: 402, Loss: 0.09979157894849777
INFO:root:Epoch: 57, Iteration: 403, Loss: 0.11966642737388611
INFO:root:Epoch: 57, Iteration: 404, Loss: 0.09298725426197052
INFO:root:Epoch: 57, Iteration: 405, Loss: 0.06921683251857758
INFO:root:Epoch: 57, Iteration: 406, Loss: 0.10818780958652496
INFO:root:Validation set mIOU: 85.07036164047909
INFO:root:Epoch: 58, Iteration: 407, Loss: 0.06810349971055984
INFO:root:Epoch: 58, Iteration: 408, Loss: 0.09807421267032623
INFO:root:Epoch: 58, Iteration: 409, Loss: 0.11756348609924316
INFO:root:Epoch: 58, Iteration: 410, Loss: 0.10577838122844696
INFO:root:Epoch: 58, Iteration: 411, Loss: 0.08203747868537903
INFO:root:Epoch: 58, Iteration: 412, Loss: 0.0749891996383667
INFO:root:Epoch: 58, Iteration: 413, Loss: 0.08875036984682083
INFO:root:Validation set mIOU: 85.13135013416283
INFO:root:Epoch: 59, Iteration: 414, Loss: 0.061873242259025574
INFO:root:Epoch: 59, Iteration: 415, Loss: 0.07270157337188721
INFO:root:Epoch: 59, Iteration: 416, Loss: 0.06941013038158417
INFO:root:Epoch: 59, Iteration: 417, Loss: 0.07530920952558517
INFO:root:Epoch: 59, Iteration: 418, Loss: 0.11346220225095749
INFO:root:Epoch: 59, Iteration: 419, Loss: 0.10181687027215958
INFO:root:Epoch: 59, Iteration: 420, Loss: 0.10154487937688828
INFO:root:Validation set mIOU: 85.35671264146386
INFO:root:Epoch: 60, Iteration: 421, Loss: 0.09315995126962662
INFO:root:Epoch: 60, Iteration: 422, Loss: 0.05782276391983032
INFO:root:Epoch: 60, Iteration: 423, Loss: 0.064462810754776
INFO:root:Epoch: 60, Iteration: 424, Loss: 0.087971992790699
INFO:root:Epoch: 60, Iteration: 425, Loss: 0.12648871541023254
INFO:root:Epoch: 60, Iteration: 426, Loss: 0.0708760917186737
INFO:root:Epoch: 60, Iteration: 427, Loss: 0.07613572478294373
INFO:root:Validation set mIOU: 85.04580217527659
INFO:root:Epoch: 61, Iteration: 428, Loss: 0.07645296305418015
INFO:root:Epoch: 61, Iteration: 429, Loss: 0.15681059658527374
INFO:root:Epoch: 61, Iteration: 430, Loss: 0.09239381551742554
INFO:root:Epoch: 61, Iteration: 431, Loss: 0.08974160254001617
INFO:root:Epoch: 61, Iteration: 432, Loss: 0.061233729124069214
INFO:root:Epoch: 61, Iteration: 433, Loss: 0.05131065100431442
INFO:root:Epoch: 61, Iteration: 434, Loss: 0.07906442880630493
INFO:root:Validation set mIOU: 84.75509849539577
INFO:root:Epoch: 62, Iteration: 435, Loss: 0.0763729065656662
INFO:root:Epoch: 62, Iteration: 436, Loss: 0.07499591261148453
INFO:root:Epoch: 62, Iteration: 437, Loss: 0.11534050852060318
INFO:root:Epoch: 62, Iteration: 438, Loss: 0.07445092499256134
INFO:root:Epoch: 62, Iteration: 439, Loss: 0.07457234710454941
INFO:root:Epoch: 62, Iteration: 440, Loss: 0.09697215259075165
INFO:root:Epoch: 62, Iteration: 441, Loss: 0.09383776038885117
INFO:root:Validation set mIOU: 84.95072427326006
INFO:root:Epoch: 63, Iteration: 442, Loss: 0.07638759911060333
INFO:root:Epoch: 63, Iteration: 443, Loss: 0.09851262718439102
INFO:root:Epoch: 63, Iteration: 444, Loss: 0.0673442855477333
INFO:root:Epoch: 63, Iteration: 445, Loss: 0.10221782326698303
INFO:root:Epoch: 63, Iteration: 446, Loss: 0.08340971916913986
INFO:root:Epoch: 63, Iteration: 447, Loss: 0.07340371608734131
INFO:root:Epoch: 63, Iteration: 448, Loss: 0.06085345149040222
INFO:root:Validation set mIOU: 85.0042139750323
INFO:root:Epoch: 64, Iteration: 449, Loss: 0.08407645672559738
INFO:root:Epoch: 64, Iteration: 450, Loss: 0.08529892563819885
INFO:root:Epoch: 64, Iteration: 451, Loss: 0.07375480979681015
INFO:root:Epoch: 64, Iteration: 452, Loss: 0.084026038646698
INFO:root:Epoch: 64, Iteration: 453, Loss: 0.09244466572999954
INFO:root:Epoch: 64, Iteration: 454, Loss: 0.08701729029417038
INFO:root:Epoch: 64, Iteration: 455, Loss: 0.0762903094291687
INFO:root:Validation set mIOU: 85.26957654133935
INFO:root:Epoch: 65, Iteration: 456, Loss: 0.10466121137142181
INFO:root:Epoch: 65, Iteration: 457, Loss: 0.10618235915899277
INFO:root:Epoch: 65, Iteration: 458, Loss: 0.11047837138175964
INFO:root:Epoch: 65, Iteration: 459, Loss: 0.08709894865751266
INFO:root:Epoch: 65, Iteration: 460, Loss: 0.1077452003955841
INFO:root:Epoch: 65, Iteration: 461, Loss: 0.08601401001214981
INFO:root:Epoch: 65, Iteration: 462, Loss: 0.07729273289442062
INFO:root:Validation set mIOU: 85.2339144596641
INFO:root:Epoch: 66, Iteration: 463, Loss: 0.07482034713029861
INFO:root:Epoch: 66, Iteration: 464, Loss: 0.10013455152511597
INFO:root:Epoch: 66, Iteration: 465, Loss: 0.08150438964366913
INFO:root:Epoch: 66, Iteration: 466, Loss: 0.08034610003232956
INFO:root:Epoch: 66, Iteration: 467, Loss: 0.062143392860889435
INFO:root:Epoch: 66, Iteration: 468, Loss: 0.10148897767066956
INFO:root:Epoch: 66, Iteration: 469, Loss: 0.10236847400665283
INFO:root:Validation set mIOU: 85.17875825682553
INFO:root:Epoch: 67, Iteration: 470, Loss: 0.06433847546577454
INFO:root:Epoch: 67, Iteration: 471, Loss: 0.11890415847301483
INFO:root:Epoch: 67, Iteration: 472, Loss: 0.07395283132791519
INFO:root:Epoch: 67, Iteration: 473, Loss: 0.09692297130823135
INFO:root:Epoch: 67, Iteration: 474, Loss: 0.08260005712509155
INFO:root:Epoch: 67, Iteration: 475, Loss: 0.06422460824251175
INFO:root:Epoch: 67, Iteration: 476, Loss: 0.0758662298321724
INFO:root:Validation set mIOU: 84.99758911700403
INFO:root:Epoch: 68, Iteration: 477, Loss: 0.09534165263175964
INFO:root:Epoch: 68, Iteration: 478, Loss: 0.0860682800412178
INFO:root:Epoch: 68, Iteration: 479, Loss: 0.05464884638786316
INFO:root:Epoch: 68, Iteration: 480, Loss: 0.06839041411876678
INFO:root:Epoch: 68, Iteration: 481, Loss: 0.07680469006299973
INFO:root:Epoch: 68, Iteration: 482, Loss: 0.07568886876106262
INFO:root:Epoch: 68, Iteration: 483, Loss: 0.0725283995270729
INFO:root:Validation set mIOU: 85.16114440549586
INFO:root:Epoch: 69, Iteration: 484, Loss: 0.0604410246014595
INFO:root:Epoch: 69, Iteration: 485, Loss: 0.08219558745622635
INFO:root:Epoch: 69, Iteration: 486, Loss: 0.08334705978631973
INFO:root:Epoch: 69, Iteration: 487, Loss: 0.07654538005590439
INFO:root:Epoch: 69, Iteration: 488, Loss: 0.12419570982456207
INFO:root:Epoch: 69, Iteration: 489, Loss: 0.09844204783439636
INFO:root:Epoch: 69, Iteration: 490, Loss: 0.09021284431219101
INFO:root:Validation set mIOU: 84.9997928152245
INFO:root:Epoch: 70, Iteration: 491, Loss: 0.06848717480897903
INFO:root:Epoch: 70, Iteration: 492, Loss: 0.11530346423387527
INFO:root:Epoch: 70, Iteration: 493, Loss: 0.10651018470525742
INFO:root:Epoch: 70, Iteration: 494, Loss: 0.06193326413631439
INFO:root:Epoch: 70, Iteration: 495, Loss: 0.08211275935173035
INFO:root:Epoch: 70, Iteration: 496, Loss: 0.068513423204422
INFO:root:Epoch: 70, Iteration: 497, Loss: 0.0699504092335701
INFO:root:Validation set mIOU: 85.14173303055334
INFO:root:Epoch: 71, Iteration: 498, Loss: 0.06870312988758087
INFO:root:Epoch: 71, Iteration: 499, Loss: 0.07377594709396362
INFO:root:Epoch: 71, Iteration: 500, Loss: 0.10882202535867691
INFO:root:Epoch: 71, Iteration: 501, Loss: 0.10561805218458176
INFO:root:Epoch: 71, Iteration: 502, Loss: 0.06138250231742859
INFO:root:Epoch: 71, Iteration: 503, Loss: 0.08555666357278824
INFO:root:Epoch: 71, Iteration: 504, Loss: 0.07138191908597946
INFO:root:Validation set mIOU: 84.94969445222792
INFO:root:Epoch: 72, Iteration: 505, Loss: 0.06746333092451096
INFO:root:Epoch: 72, Iteration: 506, Loss: 0.10208502411842346
INFO:root:Epoch: 72, Iteration: 507, Loss: 0.1317244917154312
INFO:root:Epoch: 72, Iteration: 508, Loss: 0.06397876143455505
INFO:root:Epoch: 72, Iteration: 509, Loss: 0.08015382289886475
INFO:root:Epoch: 72, Iteration: 510, Loss: 0.09755399823188782
INFO:root:Epoch: 72, Iteration: 511, Loss: 0.10131070017814636
INFO:root:Validation set mIOU: 84.79602824100124
INFO:root:Epoch: 73, Iteration: 512, Loss: 0.09542648494243622
INFO:root:Epoch: 73, Iteration: 513, Loss: 0.05935569480061531
INFO:root:Epoch: 73, Iteration: 514, Loss: 0.08353297412395477
INFO:root:Epoch: 73, Iteration: 515, Loss: 0.08778119832277298
INFO:root:Epoch: 73, Iteration: 516, Loss: 0.05629660561680794
INFO:root:Epoch: 73, Iteration: 517, Loss: 0.07635381072759628
INFO:root:Epoch: 73, Iteration: 518, Loss: 0.10714612156152725
INFO:root:Validation set mIOU: 84.72589579985153
INFO:root:Epoch: 74, Iteration: 519, Loss: 0.07300639152526855
INFO:root:Epoch: 74, Iteration: 520, Loss: 0.0655398815870285
INFO:root:Epoch: 74, Iteration: 521, Loss: 0.10309486091136932
INFO:root:Epoch: 74, Iteration: 522, Loss: 0.09506437927484512
INFO:root:Epoch: 74, Iteration: 523, Loss: 0.08517568558454514
INFO:root:Epoch: 74, Iteration: 524, Loss: 0.08204260468482971
INFO:root:Epoch: 74, Iteration: 525, Loss: 0.0779910609126091
INFO:root:Validation set mIOU: 85.26428623265002
INFO:root:Epoch: 75, Iteration: 526, Loss: 0.0777013748884201
INFO:root:Epoch: 75, Iteration: 527, Loss: 0.058639779686927795
INFO:root:Epoch: 75, Iteration: 528, Loss: 0.07224869728088379
INFO:root:Epoch: 75, Iteration: 529, Loss: 0.07225704938173294
INFO:root:Epoch: 75, Iteration: 530, Loss: 0.09190814197063446
INFO:root:Epoch: 75, Iteration: 531, Loss: 0.08152366429567337
INFO:root:Epoch: 75, Iteration: 532, Loss: 0.11924447864294052
INFO:root:Validation set mIOU: 85.60702689016077
INFO:root:Epoch: 76, Iteration: 533, Loss: 0.05966558679938316
INFO:root:Epoch: 76, Iteration: 534, Loss: 0.06473080813884735
INFO:root:Epoch: 76, Iteration: 535, Loss: 0.07664812356233597
INFO:root:Epoch: 76, Iteration: 536, Loss: 0.09589878469705582
INFO:root:Epoch: 76, Iteration: 537, Loss: 0.11311658471822739
INFO:root:Epoch: 76, Iteration: 538, Loss: 0.0790361762046814
INFO:root:Epoch: 76, Iteration: 539, Loss: 0.10553564876317978
INFO:root:Validation set mIOU: 85.22479982024474
INFO:root:Epoch: 77, Iteration: 540, Loss: 0.07144680619239807
INFO:root:Epoch: 77, Iteration: 541, Loss: 0.07842732220888138
INFO:root:Epoch: 77, Iteration: 542, Loss: 0.0999736487865448
INFO:root:Epoch: 77, Iteration: 543, Loss: 0.08926698565483093
INFO:root:Epoch: 77, Iteration: 544, Loss: 0.0930650532245636
INFO:root:Epoch: 77, Iteration: 545, Loss: 0.07561900466680527
INFO:root:Epoch: 77, Iteration: 546, Loss: 0.07537756115198135
INFO:root:Validation set mIOU: 85.2512399511972
INFO:root:Epoch: 78, Iteration: 547, Loss: 0.06442509591579437
INFO:root:Epoch: 78, Iteration: 548, Loss: 0.07777926325798035
INFO:root:Epoch: 78, Iteration: 549, Loss: 0.07477020472288132
INFO:root:Epoch: 78, Iteration: 550, Loss: 0.06680194288492203
INFO:root:Epoch: 78, Iteration: 551, Loss: 0.0698496401309967
INFO:root:Epoch: 78, Iteration: 552, Loss: 0.06447742134332657
INFO:root:Epoch: 78, Iteration: 553, Loss: 0.0842534601688385
INFO:root:Validation set mIOU: 85.43092250533125
INFO:root:Epoch: 79, Iteration: 554, Loss: 0.06805284321308136
INFO:root:Epoch: 79, Iteration: 555, Loss: 0.07688538730144501
INFO:root:Epoch: 79, Iteration: 556, Loss: 0.10502351075410843
INFO:root:Epoch: 79, Iteration: 557, Loss: 0.08073580265045166
INFO:root:Epoch: 79, Iteration: 558, Loss: 0.07892055809497833
INFO:root:Epoch: 79, Iteration: 559, Loss: 0.08737261593341827
INFO:root:Epoch: 79, Iteration: 560, Loss: 0.10116206109523773
INFO:root:Validation set mIOU: 85.59347712361755
INFO:root:Epoch: 80, Iteration: 561, Loss: 0.08493518084287643
INFO:root:Epoch: 80, Iteration: 562, Loss: 0.11777087301015854
INFO:root:Epoch: 80, Iteration: 563, Loss: 0.0821603313088417
INFO:root:Epoch: 80, Iteration: 564, Loss: 0.07786715775728226
INFO:root:Epoch: 80, Iteration: 565, Loss: 0.05706789717078209
INFO:root:Epoch: 80, Iteration: 566, Loss: 0.07449868321418762
INFO:root:Epoch: 80, Iteration: 567, Loss: 0.08173918724060059
INFO:root:Validation set mIOU: 85.37323757767888
INFO:root:Epoch: 81, Iteration: 568, Loss: 0.07081982493400574
INFO:root:Epoch: 81, Iteration: 569, Loss: 0.05575806275010109
INFO:root:Epoch: 81, Iteration: 570, Loss: 0.12328560650348663
INFO:root:Epoch: 81, Iteration: 571, Loss: 0.07304870337247849
INFO:root:Epoch: 81, Iteration: 572, Loss: 0.07984672486782074
INFO:root:Epoch: 81, Iteration: 573, Loss: 0.11668486893177032
INFO:root:Epoch: 81, Iteration: 574, Loss: 0.08615745604038239
INFO:root:Validation set mIOU: 84.88293415641971
INFO:root:Epoch: 82, Iteration: 575, Loss: 0.06941577792167664
INFO:root:Epoch: 82, Iteration: 576, Loss: 0.08431732654571533
INFO:root:Epoch: 82, Iteration: 577, Loss: 0.07971504330635071
INFO:root:Epoch: 82, Iteration: 578, Loss: 0.06305907666683197
INFO:root:Epoch: 82, Iteration: 579, Loss: 0.07583495229482651
INFO:root:Epoch: 82, Iteration: 580, Loss: 0.1365739405155182
INFO:root:Epoch: 82, Iteration: 581, Loss: 0.060325924307107925
INFO:root:Validation set mIOU: 85.1316525390853
INFO:root:Epoch: 83, Iteration: 582, Loss: 0.06222820654511452
INFO:root:Epoch: 83, Iteration: 583, Loss: 0.06724802404642105
INFO:root:Epoch: 83, Iteration: 584, Loss: 0.07202021032571793
INFO:root:Epoch: 83, Iteration: 585, Loss: 0.08201843500137329
INFO:root:Epoch: 83, Iteration: 586, Loss: 0.07095156610012054
INFO:root:Epoch: 83, Iteration: 587, Loss: 0.08591564744710922
INFO:root:Epoch: 83, Iteration: 588, Loss: 0.06167561933398247
INFO:root:Validation set mIOU: 85.41559075143618
INFO:root:Epoch: 84, Iteration: 589, Loss: 0.07218977063894272
INFO:root:Epoch: 84, Iteration: 590, Loss: 0.10565787553787231
INFO:root:Epoch: 84, Iteration: 591, Loss: 0.06074602156877518
INFO:root:Epoch: 84, Iteration: 592, Loss: 0.05712883546948433
INFO:root:Epoch: 84, Iteration: 593, Loss: 0.08923108130693436
INFO:root:Epoch: 84, Iteration: 594, Loss: 0.08661821484565735
INFO:root:Epoch: 84, Iteration: 595, Loss: 0.10314884036779404
INFO:root:Validation set mIOU: 85.71695040534797
INFO:root:Epoch: 85, Iteration: 596, Loss: 0.06568311899900436
INFO:root:Epoch: 85, Iteration: 597, Loss: 0.07136278599500656
INFO:root:Epoch: 85, Iteration: 598, Loss: 0.054977353662252426
INFO:root:Epoch: 85, Iteration: 599, Loss: 0.09479966014623642
INFO:root:Epoch: 85, Iteration: 600, Loss: 0.08859135955572128
INFO:root:Epoch: 85, Iteration: 601, Loss: 0.0638185441493988
INFO:root:Epoch: 85, Iteration: 602, Loss: 0.08921672403812408
INFO:root:Validation set mIOU: 85.78873249381469
INFO:root:Epoch: 86, Iteration: 603, Loss: 0.07795381546020508
INFO:root:Epoch: 86, Iteration: 604, Loss: 0.07635394483804703
INFO:root:Epoch: 86, Iteration: 605, Loss: 0.11678361147642136
INFO:root:Epoch: 86, Iteration: 606, Loss: 0.10106833279132843
INFO:root:Epoch: 86, Iteration: 607, Loss: 0.08214013278484344
INFO:root:Epoch: 86, Iteration: 608, Loss: 0.060529448091983795
INFO:root:Epoch: 86, Iteration: 609, Loss: 0.1134743019938469
INFO:root:Validation set mIOU: 85.68864445074294
INFO:root:Epoch: 87, Iteration: 610, Loss: 0.09653158485889435
INFO:root:Epoch: 87, Iteration: 611, Loss: 0.09709858149290085
INFO:root:Epoch: 87, Iteration: 612, Loss: 0.09308643639087677
INFO:root:Epoch: 87, Iteration: 613, Loss: 0.06533103436231613
INFO:root:Epoch: 87, Iteration: 614, Loss: 0.07291366904973984
INFO:root:Epoch: 87, Iteration: 615, Loss: 0.07649411261081696
INFO:root:Epoch: 87, Iteration: 616, Loss: 0.07651427388191223
INFO:root:Validation set mIOU: 85.32504257173511
INFO:root:Epoch: 88, Iteration: 617, Loss: 0.06552038341760635
INFO:root:Epoch: 88, Iteration: 618, Loss: 0.08248051255941391
INFO:root:Epoch: 88, Iteration: 619, Loss: 0.0716383308172226
INFO:root:Epoch: 88, Iteration: 620, Loss: 0.05768745392560959
INFO:root:Epoch: 88, Iteration: 621, Loss: 0.08810646086931229
INFO:root:Epoch: 88, Iteration: 622, Loss: 0.08876040577888489
INFO:root:Epoch: 88, Iteration: 623, Loss: 0.08603627979755402
INFO:root:Validation set mIOU: 85.27553013988168
INFO:root:Epoch: 89, Iteration: 624, Loss: 0.06111620366573334
INFO:root:Epoch: 89, Iteration: 625, Loss: 0.07691703736782074
INFO:root:Epoch: 89, Iteration: 626, Loss: 0.06625393778085709
INFO:root:Epoch: 89, Iteration: 627, Loss: 0.06997095793485641
INFO:root:Epoch: 89, Iteration: 628, Loss: 0.10744719207286835
INFO:root:Epoch: 89, Iteration: 629, Loss: 0.08151829242706299
INFO:root:Epoch: 89, Iteration: 630, Loss: 0.06481898576021194
INFO:root:Validation set mIOU: 85.46567082651374
INFO:root:Epoch: 90, Iteration: 631, Loss: 0.06454527378082275
INFO:root:Epoch: 90, Iteration: 632, Loss: 0.08156948536634445
INFO:root:Epoch: 90, Iteration: 633, Loss: 0.06232624873518944
INFO:root:Epoch: 90, Iteration: 634, Loss: 0.08183322846889496
INFO:root:Epoch: 90, Iteration: 635, Loss: 0.06740394234657288
INFO:root:Epoch: 90, Iteration: 636, Loss: 0.09582515805959702
INFO:root:Epoch: 90, Iteration: 637, Loss: 0.09116721153259277
INFO:root:Validation set mIOU: 85.47071638121264
INFO:root:Epoch: 91, Iteration: 638, Loss: 0.0828576385974884
INFO:root:Epoch: 91, Iteration: 639, Loss: 0.08667860180139542
INFO:root:Epoch: 91, Iteration: 640, Loss: 0.07601583749055862
INFO:root:Epoch: 91, Iteration: 641, Loss: 0.06846482306718826
INFO:root:Epoch: 91, Iteration: 642, Loss: 0.08616825193166733
INFO:root:Epoch: 91, Iteration: 643, Loss: 0.09019360691308975
INFO:root:Epoch: 91, Iteration: 644, Loss: 0.049736879765987396
INFO:root:Validation set mIOU: 85.46499059115047
INFO:root:Epoch: 92, Iteration: 645, Loss: 0.07839080691337585
INFO:root:Epoch: 92, Iteration: 646, Loss: 0.08195406198501587
INFO:root:Epoch: 92, Iteration: 647, Loss: 0.06857923418283463
INFO:root:Epoch: 92, Iteration: 648, Loss: 0.10463736206293106
INFO:root:Epoch: 92, Iteration: 649, Loss: 0.09112422168254852
INFO:root:Epoch: 92, Iteration: 650, Loss: 0.07592234015464783
INFO:root:Epoch: 92, Iteration: 651, Loss: 0.05969063192605972
INFO:root:Validation set mIOU: 85.30845384997491
INFO:root:Epoch: 93, Iteration: 652, Loss: 0.0812206044793129
INFO:root:Epoch: 93, Iteration: 653, Loss: 0.061027318239212036
INFO:root:Epoch: 93, Iteration: 654, Loss: 0.06668862700462341
INFO:root:Epoch: 93, Iteration: 655, Loss: 0.08747415244579315
INFO:root:Epoch: 93, Iteration: 656, Loss: 0.06813646852970123
INFO:root:Epoch: 93, Iteration: 657, Loss: 0.08486892282962799
INFO:root:Epoch: 93, Iteration: 658, Loss: 0.07349904626607895
INFO:root:Validation set mIOU: 85.34972818951734
INFO:root:Epoch: 94, Iteration: 659, Loss: 0.07830355316400528
INFO:root:Epoch: 94, Iteration: 660, Loss: 0.08852846920490265
INFO:root:Epoch: 94, Iteration: 661, Loss: 0.09432486444711685
INFO:root:Epoch: 94, Iteration: 662, Loss: 0.08329576253890991
INFO:root:Epoch: 94, Iteration: 663, Loss: 0.09211351722478867
INFO:root:Epoch: 94, Iteration: 664, Loss: 0.0757589191198349
INFO:root:Epoch: 94, Iteration: 665, Loss: 0.07701271772384644
INFO:root:Validation set mIOU: 85.30395145874552
INFO:root:Epoch: 95, Iteration: 666, Loss: 0.13689090311527252
INFO:root:Epoch: 95, Iteration: 667, Loss: 0.07805135101079941
INFO:root:Epoch: 95, Iteration: 668, Loss: 0.05639305338263512
INFO:root:Epoch: 95, Iteration: 669, Loss: 0.08788488060235977
INFO:root:Epoch: 95, Iteration: 670, Loss: 0.07923954725265503
INFO:root:Epoch: 95, Iteration: 671, Loss: 0.07384339720010757
INFO:root:Epoch: 95, Iteration: 672, Loss: 0.07229539006948471
INFO:root:Validation set mIOU: 85.25532195874163
INFO:root:Epoch: 96, Iteration: 673, Loss: 0.06213727593421936
INFO:root:Epoch: 96, Iteration: 674, Loss: 0.07735813409090042
INFO:root:Epoch: 96, Iteration: 675, Loss: 0.08011520653963089
INFO:root:Epoch: 96, Iteration: 676, Loss: 0.07371015846729279
INFO:root:Epoch: 96, Iteration: 677, Loss: 0.06379444152116776
INFO:root:Epoch: 96, Iteration: 678, Loss: 0.08106338977813721
INFO:root:Epoch: 96, Iteration: 679, Loss: 0.06929613649845123
INFO:root:Validation set mIOU: 85.3864271708002
INFO:root:Epoch: 97, Iteration: 680, Loss: 0.05724690109491348
INFO:root:Epoch: 97, Iteration: 681, Loss: 0.08008900284767151
INFO:root:Epoch: 97, Iteration: 682, Loss: 0.07732895016670227
INFO:root:Epoch: 97, Iteration: 683, Loss: 0.07140513509511948
INFO:root:Epoch: 97, Iteration: 684, Loss: 0.06267736852169037
INFO:root:Epoch: 97, Iteration: 685, Loss: 0.07429569214582443
INFO:root:Epoch: 97, Iteration: 686, Loss: 0.06500957906246185
INFO:root:Validation set mIOU: 85.49827897214955
INFO:root:Epoch: 98, Iteration: 687, Loss: 0.06278064846992493
INFO:root:Epoch: 98, Iteration: 688, Loss: 0.07147146016359329
INFO:root:Epoch: 98, Iteration: 689, Loss: 0.07330970466136932
INFO:root:Epoch: 98, Iteration: 690, Loss: 0.06147242709994316
INFO:root:Epoch: 98, Iteration: 691, Loss: 0.05688843876123428
INFO:root:Epoch: 98, Iteration: 692, Loss: 0.08508536964654922
INFO:root:Epoch: 98, Iteration: 693, Loss: 0.07201586663722992
INFO:root:Validation set mIOU: 85.3494300788333
INFO:root:Epoch: 99, Iteration: 694, Loss: 0.09255620837211609
INFO:root:Epoch: 99, Iteration: 695, Loss: 0.06203651428222656
INFO:root:Epoch: 99, Iteration: 696, Loss: 0.06626924127340317
INFO:root:Epoch: 99, Iteration: 697, Loss: 0.05689370259642601
INFO:root:Epoch: 99, Iteration: 698, Loss: 0.06599161028862
INFO:root:Epoch: 99, Iteration: 699, Loss: 0.06338567286729813
INFO:root:Epoch: 99, Iteration: 700, Loss: 0.12228333950042725
INFO:root:Validation set mIOU: 85.44000121254497
