INFO:root:{'addition': 'nothing_old_mean_std',
 'backbone': 'resnet101',
 'batch_size': 16,
 'batch_size_consistency': 16,
 'conf_thres': 0.95,
 'config': 'configs/dataset2.yaml',
 'consistency_training': False,
 'crop_size': 320,
 'data_root': './',
 'dataset': 'dataset2',
 'epochs': 100,
 'labeled_id_path': 'dataset/splits/dataset2/1_4/split_random/labeled.txt',
 'lr': 0.0009,
 'model': 'deeplabv2',
 'ngpus': 1,
 'plus': False,
 'pseudo_consistency_mask_path': None,
 'pseudo_mask_path': 'outdir/pseudo_masks/dataset2/1_4/split_random/deeplabv2/resnet101/nothing_old_mean_std/self_training/non_consistency_training/first_time',
 'rand_thres': 0.8,
 'reliable_id_path': None,
 'save_path': 'outdir/models/dataset2/1_4/split_random/deeplabv2/resnet101/nothing_old_mean_std/self_training/non_consistency_training/first_time',
 'time': 1,
 'unlabeled_id_path': 'dataset/splits/dataset2/1_4/split_random/unlabeled.txt',
 'warm_up': 30}

INFO:root:Training supervised with consistency on unlabeled images
INFO:root:{'addition': 'nothing_old_mean_std',
 'backbone': 'resnet101',
 'batch_size': 16,
 'batch_size_consistency': 16,
 'conf_thres': 0.95,
 'config': 'configs/dataset2.yaml',
 'consistency_training': False,
 'crop_size': 320,
 'data_root': './',
 'dataset': 'dataset2',
 'epochs': 100,
 'labeled_id_path': 'dataset/splits/dataset2/1_4/split_random/labeled.txt',
 'lr': 0.0009,
 'model': 'deeplabv2',
 'ngpus': 1,
 'plus': False,
 'pseudo_consistency_mask_path': None,
 'pseudo_mask_path': 'outdir/pseudo_masks/dataset2/1_4/split_random/deeplabv2/resnet101/nothing_old_mean_std/self_training/non_consistency_training/first_time',
 'rand_thres': 0.8,
 'reliable_id_path': None,
 'save_path': 'outdir/models/dataset2/1_4/split_random/deeplabv2/resnet101/nothing_old_mean_std/self_training/non_consistency_training/first_time',
 'time': 1,
 'unlabeled_id_path': 'dataset/splits/dataset2/1_4/split_random/unlabeled.txt',
 'warm_up': 30}

INFO:root:Training supervised with consistency on unlabeled images
INFO:root:Epoch: 0, Iteration: 1, Loss: 2.4731013774871826
INFO:root:Epoch: 0, Iteration: 2, Loss: 1.4364064931869507
INFO:root:Validation set mIOU: 25.21850293610039
INFO:root:Epoch: 1, Iteration: 3, Loss: 1.881766676902771
INFO:root:Epoch: 1, Iteration: 4, Loss: 1.5449275970458984
INFO:root:Validation set mIOU: 24.933324751363376
INFO:root:Epoch: 2, Iteration: 5, Loss: 1.1632359027862549
INFO:root:Epoch: 2, Iteration: 6, Loss: 1.4352896213531494
INFO:root:Validation set mIOU: 39.86088798192631
INFO:root:Epoch: 3, Iteration: 7, Loss: 0.7154949903488159
INFO:root:Epoch: 3, Iteration: 8, Loss: 0.6409509778022766
INFO:root:Validation set mIOU: 39.12774682273831
INFO:root:Epoch: 4, Iteration: 9, Loss: 0.9973942041397095
INFO:root:Epoch: 4, Iteration: 10, Loss: 0.5152550935745239
INFO:root:Validation set mIOU: 52.27919299078522
INFO:root:Epoch: 5, Iteration: 11, Loss: 0.5168509483337402
INFO:root:Epoch: 5, Iteration: 12, Loss: 0.44444897770881653
INFO:root:Validation set mIOU: 53.793926684788175
INFO:root:Epoch: 6, Iteration: 13, Loss: 0.4358261823654175
INFO:root:Epoch: 6, Iteration: 14, Loss: 0.43698981404304504
INFO:root:Validation set mIOU: 43.88572546290181
INFO:root:Epoch: 7, Iteration: 15, Loss: 0.5283311605453491
INFO:root:Epoch: 7, Iteration: 16, Loss: 0.4426361620426178
INFO:root:Validation set mIOU: 51.89047923240344
INFO:root:Epoch: 8, Iteration: 17, Loss: 0.3881973922252655
INFO:root:Epoch: 8, Iteration: 18, Loss: 0.41601434350013733
INFO:root:Validation set mIOU: 60.935889259188656
INFO:root:Epoch: 9, Iteration: 19, Loss: 0.39556536078453064
INFO:root:Epoch: 9, Iteration: 20, Loss: 0.29272207617759705
INFO:root:Validation set mIOU: 60.58361542687152
INFO:root:Epoch: 10, Iteration: 21, Loss: 0.3677317500114441
INFO:root:Epoch: 10, Iteration: 22, Loss: 0.291669636964798
INFO:root:Validation set mIOU: 59.24186686397519
INFO:root:Epoch: 11, Iteration: 23, Loss: 0.27551230788230896
INFO:root:Epoch: 11, Iteration: 24, Loss: 0.2941315472126007
INFO:root:Validation set mIOU: 60.51292421682272
INFO:root:Epoch: 12, Iteration: 25, Loss: 0.2680502235889435
INFO:root:Epoch: 12, Iteration: 26, Loss: 0.2656896412372589
INFO:root:Validation set mIOU: 65.7634459690986
INFO:root:Epoch: 13, Iteration: 27, Loss: 0.2601827085018158
INFO:root:Epoch: 13, Iteration: 28, Loss: 0.27440857887268066
INFO:root:Validation set mIOU: 67.5034235042797
INFO:root:Epoch: 14, Iteration: 29, Loss: 0.22031956911087036
INFO:root:Epoch: 14, Iteration: 30, Loss: 0.32029157876968384
INFO:root:Validation set mIOU: 67.24740054214551
INFO:root:Epoch: 15, Iteration: 31, Loss: 0.2846238315105438
INFO:root:Epoch: 15, Iteration: 32, Loss: 0.22740206122398376
INFO:root:Validation set mIOU: 65.16411393699951
INFO:root:Epoch: 16, Iteration: 33, Loss: 0.22515638172626495
INFO:root:Epoch: 16, Iteration: 34, Loss: 0.22565285861492157
INFO:root:Validation set mIOU: 63.93930793507386
INFO:root:Epoch: 17, Iteration: 35, Loss: 0.1906363070011139
INFO:root:Epoch: 17, Iteration: 36, Loss: 0.27060478925704956
INFO:root:Validation set mIOU: 66.46704595800723
INFO:root:Epoch: 18, Iteration: 37, Loss: 0.3296663761138916
INFO:root:Epoch: 18, Iteration: 38, Loss: 0.20105227828025818
INFO:root:Validation set mIOU: 68.16638413776168
INFO:root:Epoch: 19, Iteration: 39, Loss: 0.26075464487075806
INFO:root:Epoch: 19, Iteration: 40, Loss: 0.21255624294281006
INFO:root:Validation set mIOU: 68.43338136351775
INFO:root:Epoch: 20, Iteration: 41, Loss: 0.2472841590642929
INFO:root:Epoch: 20, Iteration: 42, Loss: 0.19655010104179382
INFO:root:Validation set mIOU: 67.21149822127751
INFO:root:Epoch: 21, Iteration: 43, Loss: 0.19156822562217712
INFO:root:Epoch: 21, Iteration: 44, Loss: 0.19338110089302063
INFO:root:Validation set mIOU: 66.78633867405975
INFO:root:Epoch: 22, Iteration: 45, Loss: 0.18799586594104767
INFO:root:Epoch: 22, Iteration: 46, Loss: 0.24831651151180267
INFO:root:Validation set mIOU: 68.06891973307985
INFO:root:Epoch: 23, Iteration: 47, Loss: 0.18857145309448242
INFO:root:Epoch: 23, Iteration: 48, Loss: 0.20720981061458588
INFO:root:Validation set mIOU: 68.87438087198264
INFO:root:Epoch: 24, Iteration: 49, Loss: 0.18180125951766968
INFO:root:Epoch: 24, Iteration: 50, Loss: 0.19916240870952606
INFO:root:Validation set mIOU: 69.28679676665706
INFO:root:Epoch: 25, Iteration: 51, Loss: 0.22729644179344177
INFO:root:Epoch: 25, Iteration: 52, Loss: 0.18089403212070465
INFO:root:Validation set mIOU: 69.10493360860912
INFO:root:Epoch: 26, Iteration: 53, Loss: 0.1925393044948578
INFO:root:Epoch: 26, Iteration: 54, Loss: 0.2033156305551529
INFO:root:Validation set mIOU: 68.77664460156315
INFO:root:Epoch: 27, Iteration: 55, Loss: 0.20863117277622223
INFO:root:Epoch: 27, Iteration: 56, Loss: 0.21840283274650574
INFO:root:Validation set mIOU: 68.41464196200377
INFO:root:Epoch: 28, Iteration: 57, Loss: 0.17896834015846252
INFO:root:Epoch: 28, Iteration: 58, Loss: 0.17539067566394806
INFO:root:Validation set mIOU: 69.40055545501906
INFO:root:Epoch: 29, Iteration: 59, Loss: 0.16579480469226837
INFO:root:Epoch: 29, Iteration: 60, Loss: 0.14513668417930603
INFO:root:Validation set mIOU: 70.2897269892695
INFO:root:Epoch: 30, Iteration: 61, Loss: 0.1710468977689743
INFO:root:Epoch: 30, Iteration: 62, Loss: 0.18503640592098236
INFO:root:Validation set mIOU: 70.67184318754313
INFO:root:Epoch: 31, Iteration: 63, Loss: 0.1563929319381714
INFO:root:Epoch: 31, Iteration: 64, Loss: 0.17640548944473267
INFO:root:Validation set mIOU: 70.30836895858732
INFO:root:Epoch: 32, Iteration: 65, Loss: 0.18229363858699799
INFO:root:Epoch: 32, Iteration: 66, Loss: 0.1763177365064621
INFO:root:Validation set mIOU: 70.1582185948728
INFO:root:Epoch: 33, Iteration: 67, Loss: 0.1628137081861496
INFO:root:Epoch: 33, Iteration: 68, Loss: 0.13696742057800293
INFO:root:Validation set mIOU: 69.48945713312064
INFO:root:Epoch: 34, Iteration: 69, Loss: 0.17313708364963531
INFO:root:Epoch: 34, Iteration: 70, Loss: 0.17347753047943115
INFO:root:Validation set mIOU: 69.78308201577902
INFO:root:Epoch: 35, Iteration: 71, Loss: 0.15330500900745392
INFO:root:Epoch: 35, Iteration: 72, Loss: 0.15236352384090424
INFO:root:Validation set mIOU: 70.65438060063846
INFO:root:Epoch: 36, Iteration: 73, Loss: 0.17636655271053314
INFO:root:Epoch: 36, Iteration: 74, Loss: 0.1683516800403595
INFO:root:Validation set mIOU: 71.54265911488608
INFO:root:Epoch: 37, Iteration: 75, Loss: 0.17252956330776215
INFO:root:Epoch: 37, Iteration: 76, Loss: 0.1553504467010498
INFO:root:Validation set mIOU: 71.69243605940153
INFO:root:Epoch: 38, Iteration: 77, Loss: 0.15201318264007568
INFO:root:Epoch: 38, Iteration: 78, Loss: 0.13083870708942413
INFO:root:Validation set mIOU: 70.3117302832629
INFO:root:Epoch: 39, Iteration: 79, Loss: 0.15025033056735992
INFO:root:Epoch: 39, Iteration: 80, Loss: 0.14578668773174286
INFO:root:Validation set mIOU: 68.731118295372
INFO:root:Epoch: 40, Iteration: 81, Loss: 0.16490322351455688
INFO:root:Epoch: 40, Iteration: 82, Loss: 0.17167045176029205
INFO:root:Validation set mIOU: 68.57072236744247
INFO:root:Epoch: 41, Iteration: 83, Loss: 0.16191042959690094
INFO:root:Epoch: 41, Iteration: 84, Loss: 0.1741115152835846
INFO:root:Validation set mIOU: 70.2334287113928
INFO:root:Epoch: 42, Iteration: 85, Loss: 0.1364251971244812
INFO:root:Epoch: 42, Iteration: 86, Loss: 0.15486696362495422
INFO:root:Validation set mIOU: 71.77524957484334
INFO:root:Epoch: 43, Iteration: 87, Loss: 0.15046600997447968
INFO:root:Epoch: 43, Iteration: 88, Loss: 0.1526363343000412
INFO:root:Validation set mIOU: 71.99977232401123
INFO:root:Epoch: 44, Iteration: 89, Loss: 0.14845898747444153
INFO:root:Epoch: 44, Iteration: 90, Loss: 0.16657276451587677
INFO:root:Validation set mIOU: 71.55094095844484
INFO:root:Epoch: 45, Iteration: 91, Loss: 0.19718214869499207
INFO:root:Epoch: 45, Iteration: 92, Loss: 0.14742273092269897
INFO:root:Validation set mIOU: 71.23662386650088
INFO:root:Epoch: 46, Iteration: 93, Loss: 0.12858736515045166
INFO:root:Epoch: 46, Iteration: 94, Loss: 0.12881194055080414
INFO:root:Validation set mIOU: 71.01086764242396
INFO:root:Epoch: 47, Iteration: 95, Loss: 0.16827915608882904
INFO:root:Epoch: 47, Iteration: 96, Loss: 0.11964424699544907
INFO:root:Validation set mIOU: 70.975441403159
INFO:root:Epoch: 48, Iteration: 97, Loss: 0.12650565803050995
INFO:root:Epoch: 48, Iteration: 98, Loss: 0.17136093974113464
INFO:root:Validation set mIOU: 71.54956616516826
INFO:root:Epoch: 49, Iteration: 99, Loss: 0.14401420950889587
INFO:root:Epoch: 49, Iteration: 100, Loss: 0.1342717856168747
INFO:root:Validation set mIOU: 72.536627647037
INFO:root:Epoch: 50, Iteration: 101, Loss: 0.127775639295578
INFO:root:Epoch: 50, Iteration: 102, Loss: 0.13242705166339874
INFO:root:Validation set mIOU: 72.82376280042396
INFO:root:Epoch: 51, Iteration: 103, Loss: 0.18021784722805023
INFO:root:Epoch: 51, Iteration: 104, Loss: 0.13246037065982819
INFO:root:Validation set mIOU: 72.53267414902696
INFO:root:Epoch: 52, Iteration: 105, Loss: 0.13069385290145874
INFO:root:Epoch: 52, Iteration: 106, Loss: 0.13083721697330475
INFO:root:Validation set mIOU: 71.95539682166824
INFO:root:Epoch: 53, Iteration: 107, Loss: 0.14455480873584747
INFO:root:Epoch: 53, Iteration: 108, Loss: 0.12965619564056396
INFO:root:Validation set mIOU: 71.66820354080751
INFO:root:Epoch: 54, Iteration: 109, Loss: 0.12611156702041626
INFO:root:Epoch: 54, Iteration: 110, Loss: 0.1383592188358307
INFO:root:Validation set mIOU: 71.71827764630618
INFO:root:Epoch: 55, Iteration: 111, Loss: 0.17195042967796326
INFO:root:Epoch: 55, Iteration: 112, Loss: 0.10749703645706177
INFO:root:Validation set mIOU: 72.0943550807495
INFO:root:Epoch: 56, Iteration: 113, Loss: 0.12153232097625732
INFO:root:Epoch: 56, Iteration: 114, Loss: 0.12362179160118103
INFO:root:Validation set mIOU: 72.49525946852977
INFO:root:Epoch: 57, Iteration: 115, Loss: 0.14856000244617462
INFO:root:Epoch: 57, Iteration: 116, Loss: 0.10779818892478943
INFO:root:Validation set mIOU: 72.97988151030975
INFO:root:Epoch: 58, Iteration: 117, Loss: 0.131233349442482
INFO:root:Epoch: 58, Iteration: 118, Loss: 0.12598411738872528
INFO:root:Validation set mIOU: 73.14130851734897
INFO:root:Epoch: 59, Iteration: 119, Loss: 0.11671030521392822
INFO:root:Epoch: 59, Iteration: 120, Loss: 0.13887958228588104
INFO:root:Validation set mIOU: 72.92160976788857
INFO:root:Epoch: 60, Iteration: 121, Loss: 0.1703522503376007
INFO:root:Epoch: 60, Iteration: 122, Loss: 0.12959454953670502
INFO:root:Validation set mIOU: 73.2736724380326
INFO:root:Epoch: 61, Iteration: 123, Loss: 0.12646017968654633
INFO:root:Epoch: 61, Iteration: 124, Loss: 0.11228606104850769
INFO:root:Validation set mIOU: 73.55533730450719
INFO:root:Epoch: 62, Iteration: 125, Loss: 0.14220154285430908
INFO:root:Epoch: 62, Iteration: 126, Loss: 0.1503397524356842
INFO:root:Validation set mIOU: 73.80047847795585
INFO:root:Epoch: 63, Iteration: 127, Loss: 0.14277531206607819
INFO:root:Epoch: 63, Iteration: 128, Loss: 0.1419173777103424
INFO:root:Validation set mIOU: 73.5974510699724
INFO:root:Epoch: 64, Iteration: 129, Loss: 0.13855773210525513
INFO:root:Epoch: 64, Iteration: 130, Loss: 0.14008881151676178
INFO:root:Validation set mIOU: 73.51354002694306
INFO:root:Epoch: 65, Iteration: 131, Loss: 0.1176515519618988
INFO:root:Epoch: 65, Iteration: 132, Loss: 0.1268026977777481
INFO:root:Validation set mIOU: 73.41048742177266
INFO:root:Epoch: 66, Iteration: 133, Loss: 0.14403995871543884
INFO:root:Epoch: 66, Iteration: 134, Loss: 0.12630774080753326
INFO:root:Validation set mIOU: 73.01687023396155
INFO:root:Epoch: 67, Iteration: 135, Loss: 0.12152636796236038
INFO:root:Epoch: 67, Iteration: 136, Loss: 0.12995265424251556
INFO:root:Validation set mIOU: 73.38920535983809
INFO:root:Epoch: 68, Iteration: 137, Loss: 0.13113749027252197
INFO:root:Epoch: 68, Iteration: 138, Loss: 0.12914282083511353
INFO:root:Validation set mIOU: 73.58212844484562
INFO:root:Epoch: 69, Iteration: 139, Loss: 0.11401599645614624
INFO:root:Epoch: 69, Iteration: 140, Loss: 0.14289183914661407
INFO:root:Validation set mIOU: 73.90833591755668
INFO:root:Epoch: 70, Iteration: 141, Loss: 0.11945318430662155
INFO:root:Epoch: 70, Iteration: 142, Loss: 0.12402600049972534
INFO:root:Validation set mIOU: 74.05977852451825
INFO:root:Epoch: 71, Iteration: 143, Loss: 0.12583066523075104
INFO:root:Epoch: 71, Iteration: 144, Loss: 0.13721153140068054
INFO:root:Validation set mIOU: 74.08651882606844
INFO:root:Epoch: 72, Iteration: 145, Loss: 0.11298645287752151
INFO:root:Epoch: 72, Iteration: 146, Loss: 0.10844016075134277
INFO:root:Validation set mIOU: 74.44466971598902
INFO:root:Epoch: 73, Iteration: 147, Loss: 0.12374632805585861
INFO:root:Epoch: 73, Iteration: 148, Loss: 0.1393607258796692
INFO:root:Validation set mIOU: 74.3022765040688
INFO:root:Epoch: 74, Iteration: 149, Loss: 0.1375574767589569
INFO:root:Epoch: 74, Iteration: 150, Loss: 0.12083905190229416
INFO:root:Validation set mIOU: 74.12186969700456
INFO:root:Epoch: 75, Iteration: 151, Loss: 0.18614618480205536
INFO:root:Epoch: 75, Iteration: 152, Loss: 0.12428939342498779
INFO:root:Validation set mIOU: 73.61161181968212
INFO:root:Epoch: 76, Iteration: 153, Loss: 0.10464370995759964
INFO:root:Epoch: 76, Iteration: 154, Loss: 0.12395019084215164
INFO:root:Validation set mIOU: 73.89491111704523
INFO:root:Epoch: 77, Iteration: 155, Loss: 0.14076350629329681
INFO:root:Epoch: 77, Iteration: 156, Loss: 0.1262778788805008
INFO:root:Validation set mIOU: 74.20488375745249
INFO:root:Epoch: 78, Iteration: 157, Loss: 0.1211949810385704
INFO:root:Epoch: 78, Iteration: 158, Loss: 0.18875251710414886
INFO:root:Validation set mIOU: 74.26912245732463
INFO:root:Epoch: 79, Iteration: 159, Loss: 0.11298561841249466
INFO:root:Epoch: 79, Iteration: 160, Loss: 0.1253453493118286
INFO:root:Validation set mIOU: 74.51943760728703
INFO:root:Epoch: 80, Iteration: 161, Loss: 0.1469908505678177
INFO:root:Epoch: 80, Iteration: 162, Loss: 0.1101095974445343
INFO:root:Validation set mIOU: 74.45077166124973
INFO:root:Epoch: 81, Iteration: 163, Loss: 0.11312612146139145
INFO:root:Epoch: 81, Iteration: 164, Loss: 0.12378715723752975
INFO:root:Validation set mIOU: 74.67621275258071
INFO:root:Epoch: 82, Iteration: 165, Loss: 0.11229505389928818
INFO:root:Epoch: 82, Iteration: 166, Loss: 0.116165392100811
INFO:root:Validation set mIOU: 74.50872197781212
INFO:root:Epoch: 83, Iteration: 167, Loss: 0.11773818731307983
INFO:root:Epoch: 83, Iteration: 168, Loss: 0.1548103541135788
INFO:root:Validation set mIOU: 74.20696246545496
INFO:root:Epoch: 84, Iteration: 169, Loss: 0.11150189489126205
INFO:root:Epoch: 84, Iteration: 170, Loss: 0.11439917236566544
INFO:root:Validation set mIOU: 74.10995294064482
INFO:root:Epoch: 85, Iteration: 171, Loss: 0.1398201584815979
INFO:root:Epoch: 85, Iteration: 172, Loss: 0.10399609059095383
INFO:root:Validation set mIOU: 73.94215159265839
INFO:root:Epoch: 86, Iteration: 173, Loss: 0.11055570095777512
INFO:root:Epoch: 86, Iteration: 174, Loss: 0.11735537648200989
INFO:root:Validation set mIOU: 73.97923271496653
INFO:root:Epoch: 87, Iteration: 175, Loss: 0.16448447108268738
INFO:root:Epoch: 87, Iteration: 176, Loss: 0.11471162736415863
INFO:root:Validation set mIOU: 73.78923854777611
INFO:root:Epoch: 88, Iteration: 177, Loss: 0.1387300342321396
INFO:root:Epoch: 88, Iteration: 178, Loss: 0.11534925550222397
INFO:root:Validation set mIOU: 73.80328148725876
INFO:root:Epoch: 89, Iteration: 179, Loss: 0.10151954740285873
INFO:root:Epoch: 89, Iteration: 180, Loss: 0.11372135579586029
INFO:root:Validation set mIOU: 74.0863688137836
INFO:root:Epoch: 90, Iteration: 181, Loss: 0.11967916041612625
INFO:root:Epoch: 90, Iteration: 182, Loss: 0.11800159513950348
INFO:root:Validation set mIOU: 74.28254194554356
INFO:root:Epoch: 91, Iteration: 183, Loss: 0.11838539689779282
INFO:root:Epoch: 91, Iteration: 184, Loss: 0.2327793836593628
INFO:root:Validation set mIOU: 73.92518744998875
INFO:root:Epoch: 92, Iteration: 185, Loss: 0.11128214001655579
INFO:root:Epoch: 92, Iteration: 186, Loss: 0.12266694009304047
INFO:root:Validation set mIOU: 74.19415739785684
INFO:root:Epoch: 93, Iteration: 187, Loss: 0.1084270030260086
INFO:root:Epoch: 93, Iteration: 188, Loss: 0.12950848042964935
INFO:root:Validation set mIOU: 74.42592997206191
INFO:root:Epoch: 94, Iteration: 189, Loss: 0.12458138167858124
INFO:root:Epoch: 94, Iteration: 190, Loss: 0.10892128199338913
INFO:root:Validation set mIOU: 74.62348146159457
INFO:root:Epoch: 95, Iteration: 191, Loss: 0.12184016406536102
INFO:root:Epoch: 95, Iteration: 192, Loss: 0.10905758291482925
INFO:root:Validation set mIOU: 74.55764086225317
INFO:root:Epoch: 96, Iteration: 193, Loss: 0.1241072416305542
INFO:root:Epoch: 96, Iteration: 194, Loss: 0.11156535893678665
INFO:root:Validation set mIOU: 74.92026398058718
INFO:root:Epoch: 97, Iteration: 195, Loss: 0.09408620744943619
INFO:root:Epoch: 97, Iteration: 196, Loss: 0.1288207471370697
INFO:root:Validation set mIOU: 75.06885814989906
INFO:root:Epoch: 98, Iteration: 197, Loss: 0.1105831116437912
INFO:root:Epoch: 98, Iteration: 198, Loss: 0.12178787589073181
INFO:root:Validation set mIOU: 74.79416360095931
INFO:root:Epoch: 99, Iteration: 199, Loss: 0.1310206800699234
INFO:root:Epoch: 99, Iteration: 200, Loss: 0.12309498339891434
INFO:root:Validation set mIOU: 74.62932507714875
INFO:root:Semi-training
INFO:root:Epoch: 0, Iteration: 1, Loss: 2.637033224105835
INFO:root:Epoch: 0, Iteration: 2, Loss: 1.6866767406463623
INFO:root:Epoch: 0, Iteration: 3, Loss: 2.2872979640960693
INFO:root:Epoch: 0, Iteration: 4, Loss: 1.5767675638198853
INFO:root:Epoch: 0, Iteration: 5, Loss: 1.4410263299942017
INFO:root:Epoch: 0, Iteration: 6, Loss: 1.4084328413009644
INFO:root:Epoch: 0, Iteration: 7, Loss: 0.7632336616516113
INFO:root:Validation set mIOU: 35.64681192808066
INFO:root:Epoch: 1, Iteration: 8, Loss: 1.1282650232315063
INFO:root:Epoch: 1, Iteration: 9, Loss: 0.7289068102836609
INFO:root:Epoch: 1, Iteration: 10, Loss: 0.6589048504829407
INFO:root:Epoch: 1, Iteration: 11, Loss: 0.576945424079895
INFO:root:Epoch: 1, Iteration: 12, Loss: 0.6909489035606384
INFO:root:Epoch: 1, Iteration: 13, Loss: 0.737122118473053
INFO:root:Epoch: 1, Iteration: 14, Loss: 0.5048052668571472
INFO:root:Validation set mIOU: 56.07351506540681
INFO:root:Epoch: 2, Iteration: 15, Loss: 0.37723806500434875
INFO:root:Epoch: 2, Iteration: 16, Loss: 0.47344422340393066
INFO:root:Epoch: 2, Iteration: 17, Loss: 0.5280230641365051
INFO:root:Epoch: 2, Iteration: 18, Loss: 0.6289108991622925
INFO:root:Epoch: 2, Iteration: 19, Loss: 0.4248681664466858
INFO:root:Epoch: 2, Iteration: 20, Loss: 0.7375548481941223
INFO:root:Epoch: 2, Iteration: 21, Loss: 0.3908318281173706
INFO:root:Validation set mIOU: 62.07429934649252
INFO:root:Epoch: 3, Iteration: 22, Loss: 0.30034685134887695
INFO:root:Epoch: 3, Iteration: 23, Loss: 0.5295626521110535
INFO:root:Epoch: 3, Iteration: 24, Loss: 0.42451217770576477
INFO:root:Epoch: 3, Iteration: 25, Loss: 0.40946465730667114
INFO:root:Epoch: 3, Iteration: 26, Loss: 0.34212416410446167
INFO:root:Epoch: 3, Iteration: 27, Loss: 0.3822314441204071
INFO:root:Epoch: 3, Iteration: 28, Loss: 0.3279394209384918
INFO:root:Validation set mIOU: 65.4502986371004
INFO:root:Epoch: 4, Iteration: 29, Loss: 0.32590413093566895
INFO:root:Epoch: 4, Iteration: 30, Loss: 0.3877917528152466
INFO:root:Epoch: 4, Iteration: 31, Loss: 0.27002087235450745
INFO:root:Epoch: 4, Iteration: 32, Loss: 0.34192365407943726
INFO:root:Epoch: 4, Iteration: 33, Loss: 0.3939778804779053
INFO:root:Epoch: 4, Iteration: 34, Loss: 0.22497107088565826
INFO:root:Epoch: 4, Iteration: 35, Loss: 0.489692360162735
INFO:root:Validation set mIOU: 68.57932763600972
INFO:root:Epoch: 5, Iteration: 36, Loss: 0.309682697057724
INFO:root:Epoch: 5, Iteration: 37, Loss: 0.2694595754146576
INFO:root:Epoch: 5, Iteration: 38, Loss: 0.3561764359474182
INFO:root:Epoch: 5, Iteration: 39, Loss: 0.3408326208591461
INFO:root:Epoch: 5, Iteration: 40, Loss: 0.27780720591545105
INFO:root:Epoch: 5, Iteration: 41, Loss: 0.267801970243454
INFO:root:Epoch: 5, Iteration: 42, Loss: 0.39400336146354675
INFO:root:Validation set mIOU: 65.53236603025076
INFO:root:Epoch: 6, Iteration: 43, Loss: 0.22814247012138367
INFO:root:Epoch: 6, Iteration: 44, Loss: 0.3227930963039398
INFO:root:Epoch: 6, Iteration: 45, Loss: 0.3953351676464081
INFO:root:Epoch: 6, Iteration: 46, Loss: 0.3742310404777527
INFO:root:Epoch: 6, Iteration: 47, Loss: 0.3433971405029297
INFO:root:Epoch: 6, Iteration: 48, Loss: 0.2588639557361603
INFO:root:Epoch: 6, Iteration: 49, Loss: 0.38125818967819214
INFO:root:Validation set mIOU: 65.92559743549141
INFO:root:Epoch: 7, Iteration: 50, Loss: 0.25215792655944824
INFO:root:Epoch: 7, Iteration: 51, Loss: 0.3415364623069763
INFO:root:Epoch: 7, Iteration: 52, Loss: 0.23055584728717804
INFO:root:Epoch: 7, Iteration: 53, Loss: 0.19097872078418732
INFO:root:Epoch: 7, Iteration: 54, Loss: 0.37040141224861145
INFO:root:Epoch: 7, Iteration: 55, Loss: 0.3083812892436981
INFO:root:Epoch: 7, Iteration: 56, Loss: 0.29211950302124023
INFO:root:Validation set mIOU: 67.90734831264368
INFO:root:Epoch: 8, Iteration: 57, Loss: 0.28390780091285706
INFO:root:Epoch: 8, Iteration: 58, Loss: 0.23612897098064423
INFO:root:Epoch: 8, Iteration: 59, Loss: 0.21030700206756592
INFO:root:Epoch: 8, Iteration: 60, Loss: 0.34990590810775757
INFO:root:Epoch: 8, Iteration: 61, Loss: 0.25428277254104614
INFO:root:Epoch: 8, Iteration: 62, Loss: 0.33534330129623413
INFO:root:Epoch: 8, Iteration: 63, Loss: 0.23886053264141083
INFO:root:Validation set mIOU: 70.5878670378932
INFO:root:Epoch: 9, Iteration: 64, Loss: 0.30737030506134033
INFO:root:Epoch: 9, Iteration: 65, Loss: 0.21511371433734894
INFO:root:Epoch: 9, Iteration: 66, Loss: 0.2188625931739807
INFO:root:Epoch: 9, Iteration: 67, Loss: 0.22375626862049103
INFO:root:Epoch: 9, Iteration: 68, Loss: 0.23350556194782257
INFO:root:Epoch: 9, Iteration: 69, Loss: 0.24935412406921387
INFO:root:Epoch: 9, Iteration: 70, Loss: 0.2651216983795166
INFO:root:Validation set mIOU: 69.79861679798648
INFO:root:Epoch: 10, Iteration: 71, Loss: 0.25166454911231995
INFO:root:Epoch: 10, Iteration: 72, Loss: 0.2615063488483429
INFO:root:Epoch: 10, Iteration: 73, Loss: 0.19368624687194824
INFO:root:Epoch: 10, Iteration: 74, Loss: 0.1969711184501648
INFO:root:Epoch: 10, Iteration: 75, Loss: 0.2703252136707306
INFO:root:Epoch: 10, Iteration: 76, Loss: 0.2211862951517105
INFO:root:Epoch: 10, Iteration: 77, Loss: 0.2215353101491928
INFO:root:Validation set mIOU: 72.04513772967466
INFO:root:Epoch: 11, Iteration: 78, Loss: 0.23579813539981842
INFO:root:Epoch: 11, Iteration: 79, Loss: 0.21208103001117706
INFO:root:Epoch: 11, Iteration: 80, Loss: 0.1908663958311081
INFO:root:Epoch: 11, Iteration: 81, Loss: 0.17778240144252777
INFO:root:Epoch: 11, Iteration: 82, Loss: 0.2402292639017105
INFO:root:Epoch: 11, Iteration: 83, Loss: 0.22798267006874084
INFO:root:Epoch: 11, Iteration: 84, Loss: 0.19539038836956024
INFO:root:Validation set mIOU: 71.77151283081882
INFO:root:Epoch: 12, Iteration: 85, Loss: 0.161512553691864
INFO:root:Epoch: 12, Iteration: 86, Loss: 0.14195622503757477
INFO:root:Epoch: 12, Iteration: 87, Loss: 0.23858171701431274
INFO:root:Epoch: 12, Iteration: 88, Loss: 0.19958414137363434
INFO:root:Epoch: 12, Iteration: 89, Loss: 0.1583201289176941
INFO:root:Epoch: 12, Iteration: 90, Loss: 0.20918209850788116
INFO:root:Epoch: 12, Iteration: 91, Loss: 0.16705994307994843
INFO:root:Validation set mIOU: 75.0285519170328
INFO:root:Epoch: 13, Iteration: 92, Loss: 0.2472662776708603
INFO:root:Epoch: 13, Iteration: 93, Loss: 0.23133313655853271
INFO:root:Epoch: 13, Iteration: 94, Loss: 0.1835479885339737
INFO:root:Epoch: 13, Iteration: 95, Loss: 0.1786113977432251
INFO:root:Epoch: 13, Iteration: 96, Loss: 0.21636666357517242
INFO:root:Epoch: 13, Iteration: 97, Loss: 0.1757933348417282
INFO:root:Epoch: 13, Iteration: 98, Loss: 0.2124107927083969
INFO:root:Validation set mIOU: 74.11506498274028
INFO:root:Epoch: 14, Iteration: 99, Loss: 0.2015628069639206
INFO:root:Epoch: 14, Iteration: 100, Loss: 0.19691723585128784
INFO:root:Epoch: 14, Iteration: 101, Loss: 0.16966155171394348
INFO:root:Epoch: 14, Iteration: 102, Loss: 0.14729902148246765
INFO:root:Epoch: 14, Iteration: 103, Loss: 0.17215968668460846
INFO:root:Epoch: 14, Iteration: 104, Loss: 0.17642004787921906
INFO:root:Epoch: 14, Iteration: 105, Loss: 0.24047408998012543
INFO:root:Validation set mIOU: 75.21698982660511
INFO:root:Epoch: 15, Iteration: 106, Loss: 0.19203343987464905
INFO:root:Epoch: 15, Iteration: 107, Loss: 0.1666954904794693
INFO:root:Epoch: 15, Iteration: 108, Loss: 0.16235679388046265
INFO:root:Epoch: 15, Iteration: 109, Loss: 0.16359183192253113
INFO:root:Epoch: 15, Iteration: 110, Loss: 0.19163572788238525
INFO:root:Epoch: 15, Iteration: 111, Loss: 0.18648754060268402
INFO:root:Epoch: 15, Iteration: 112, Loss: 0.19273610413074493
INFO:root:Validation set mIOU: 75.12963467672108
INFO:root:Epoch: 16, Iteration: 113, Loss: 0.21220552921295166
INFO:root:Epoch: 16, Iteration: 114, Loss: 0.15435931086540222
INFO:root:Epoch: 16, Iteration: 115, Loss: 0.1805836260318756
INFO:root:Epoch: 16, Iteration: 116, Loss: 0.1536513864994049
INFO:root:Epoch: 16, Iteration: 117, Loss: 0.18067623674869537
INFO:root:Epoch: 16, Iteration: 118, Loss: 0.172605499625206
INFO:root:Epoch: 16, Iteration: 119, Loss: 0.14902715384960175
INFO:root:Validation set mIOU: 74.96970905067354
INFO:root:Epoch: 17, Iteration: 120, Loss: 0.19969554245471954
INFO:root:Epoch: 17, Iteration: 121, Loss: 0.1922082006931305
INFO:root:Epoch: 17, Iteration: 122, Loss: 0.1964116245508194
INFO:root:Epoch: 17, Iteration: 123, Loss: 0.18951115012168884
INFO:root:Epoch: 17, Iteration: 124, Loss: 0.1706077605485916
INFO:root:Epoch: 17, Iteration: 125, Loss: 0.1717303842306137
INFO:root:Epoch: 17, Iteration: 126, Loss: 0.15908926725387573
INFO:root:Validation set mIOU: 75.8816518295435
INFO:root:Epoch: 18, Iteration: 127, Loss: 0.18684254586696625
INFO:root:Epoch: 18, Iteration: 128, Loss: 0.1566721647977829
INFO:root:Epoch: 18, Iteration: 129, Loss: 0.16163478791713715
INFO:root:Epoch: 18, Iteration: 130, Loss: 0.15887390077114105
INFO:root:Epoch: 18, Iteration: 131, Loss: 0.1634899228811264
INFO:root:Epoch: 18, Iteration: 132, Loss: 0.1724977344274521
INFO:root:Epoch: 18, Iteration: 133, Loss: 0.15611796081066132
INFO:root:Validation set mIOU: 75.7853789800932
INFO:root:Epoch: 19, Iteration: 134, Loss: 0.16258424520492554
INFO:root:Epoch: 19, Iteration: 135, Loss: 0.16160304844379425
INFO:root:Epoch: 19, Iteration: 136, Loss: 0.1340208500623703
INFO:root:Epoch: 19, Iteration: 137, Loss: 0.14245514571666718
INFO:root:Epoch: 19, Iteration: 138, Loss: 0.18090902268886566
INFO:root:Epoch: 19, Iteration: 139, Loss: 0.28447839617729187
INFO:root:Epoch: 19, Iteration: 140, Loss: 0.15940077602863312
INFO:root:Validation set mIOU: 76.6997824744095
INFO:root:Epoch: 20, Iteration: 141, Loss: 0.1588127613067627
INFO:root:Epoch: 20, Iteration: 142, Loss: 0.21152041852474213
INFO:root:Epoch: 20, Iteration: 143, Loss: 0.20392583310604095
INFO:root:Epoch: 20, Iteration: 144, Loss: 0.1471550464630127
INFO:root:Epoch: 20, Iteration: 145, Loss: 0.170973539352417
INFO:root:Epoch: 20, Iteration: 146, Loss: 0.16038265824317932
INFO:root:Epoch: 20, Iteration: 147, Loss: 0.21738041937351227
INFO:root:Validation set mIOU: 75.6626466951198
INFO:root:Epoch: 21, Iteration: 148, Loss: 0.14335790276527405
INFO:root:Epoch: 21, Iteration: 149, Loss: 0.19112828373908997
INFO:root:Epoch: 21, Iteration: 150, Loss: 0.22383345663547516
INFO:root:Epoch: 21, Iteration: 151, Loss: 0.1558990627527237
INFO:root:Epoch: 21, Iteration: 152, Loss: 0.1427905410528183
INFO:root:Epoch: 21, Iteration: 153, Loss: 0.15494336187839508
INFO:root:Epoch: 21, Iteration: 154, Loss: 0.17363926768302917
INFO:root:Validation set mIOU: 77.95484012490671
INFO:root:Epoch: 22, Iteration: 155, Loss: 0.160613551735878
INFO:root:Epoch: 22, Iteration: 156, Loss: 0.1669183075428009
INFO:root:Epoch: 22, Iteration: 157, Loss: 0.18870601058006287
INFO:root:Epoch: 22, Iteration: 158, Loss: 0.14337289333343506
INFO:root:Epoch: 22, Iteration: 159, Loss: 0.23790033161640167
INFO:root:Epoch: 22, Iteration: 160, Loss: 0.14838530123233795
INFO:root:Epoch: 22, Iteration: 161, Loss: 0.1702965348958969
INFO:root:Validation set mIOU: 77.65560025776117
INFO:root:Epoch: 23, Iteration: 162, Loss: 0.13097889721393585
INFO:root:Epoch: 23, Iteration: 163, Loss: 0.20468556880950928
INFO:root:Epoch: 23, Iteration: 164, Loss: 0.18877185881137848
INFO:root:Epoch: 23, Iteration: 165, Loss: 0.21273650228977203
INFO:root:Epoch: 23, Iteration: 166, Loss: 0.21500888466835022
INFO:root:Epoch: 23, Iteration: 167, Loss: 0.14264792203903198
INFO:root:Epoch: 23, Iteration: 168, Loss: 0.14050030708312988
INFO:root:Validation set mIOU: 77.91175225133385
INFO:root:Epoch: 24, Iteration: 169, Loss: 0.18656380474567413
INFO:root:Epoch: 24, Iteration: 170, Loss: 0.15548239648342133
INFO:root:Epoch: 24, Iteration: 171, Loss: 0.19415661692619324
INFO:root:Epoch: 24, Iteration: 172, Loss: 0.202778622508049
INFO:root:Epoch: 24, Iteration: 173, Loss: 0.17246870696544647
INFO:root:Epoch: 24, Iteration: 174, Loss: 0.1568615734577179
INFO:root:Epoch: 24, Iteration: 175, Loss: 0.1167374774813652
INFO:root:Validation set mIOU: 77.29047838036045
INFO:root:Epoch: 25, Iteration: 176, Loss: 0.14683453738689423
INFO:root:Epoch: 25, Iteration: 177, Loss: 0.16523651778697968
INFO:root:Epoch: 25, Iteration: 178, Loss: 0.15693531930446625
INFO:root:Epoch: 25, Iteration: 179, Loss: 0.12997213006019592
INFO:root:Epoch: 25, Iteration: 180, Loss: 0.18996445834636688
INFO:root:Epoch: 25, Iteration: 181, Loss: 0.1614551544189453
INFO:root:Epoch: 25, Iteration: 182, Loss: 0.11994905769824982
INFO:root:Validation set mIOU: 77.38714616099061
INFO:root:Epoch: 26, Iteration: 183, Loss: 0.11708220839500427
INFO:root:Epoch: 26, Iteration: 184, Loss: 0.13601720333099365
INFO:root:Epoch: 26, Iteration: 185, Loss: 0.18214163184165955
INFO:root:Epoch: 26, Iteration: 186, Loss: 0.16100874543190002
INFO:root:Epoch: 26, Iteration: 187, Loss: 0.19546997547149658
INFO:root:Epoch: 26, Iteration: 188, Loss: 0.1476258784532547
INFO:root:Epoch: 26, Iteration: 189, Loss: 0.1473461091518402
INFO:root:Validation set mIOU: 77.25030663637794
INFO:root:Epoch: 27, Iteration: 190, Loss: 0.15393002331256866
INFO:root:Epoch: 27, Iteration: 191, Loss: 0.12391191720962524
INFO:root:Epoch: 27, Iteration: 192, Loss: 0.13145749270915985
INFO:root:Epoch: 27, Iteration: 193, Loss: 0.1582680642604828
INFO:root:Epoch: 27, Iteration: 194, Loss: 0.1717357188463211
INFO:root:Epoch: 27, Iteration: 195, Loss: 0.14044751226902008
INFO:root:Epoch: 27, Iteration: 196, Loss: 0.19275103509426117
INFO:root:Validation set mIOU: 77.3386189107856
INFO:root:Epoch: 28, Iteration: 197, Loss: 0.15417619049549103
INFO:root:Epoch: 28, Iteration: 198, Loss: 0.12711629271507263
INFO:root:Epoch: 28, Iteration: 199, Loss: 0.11962088942527771
INFO:root:Epoch: 28, Iteration: 200, Loss: 0.14093010127544403
INFO:root:Epoch: 28, Iteration: 201, Loss: 0.23138482868671417
INFO:root:Epoch: 28, Iteration: 202, Loss: 0.16325493156909943
INFO:root:Epoch: 28, Iteration: 203, Loss: 0.16112767159938812
INFO:root:Validation set mIOU: 78.18820180771984
INFO:root:Epoch: 29, Iteration: 204, Loss: 0.16575081646442413
INFO:root:Epoch: 29, Iteration: 205, Loss: 0.20750752091407776
INFO:root:Epoch: 29, Iteration: 206, Loss: 0.18075628578662872
INFO:root:Epoch: 29, Iteration: 207, Loss: 0.13339437544345856
INFO:root:Epoch: 29, Iteration: 208, Loss: 0.13145749270915985
INFO:root:Epoch: 29, Iteration: 209, Loss: 0.11845464259386063
INFO:root:Epoch: 29, Iteration: 210, Loss: 0.13528220355510712
INFO:root:Validation set mIOU: 76.58404291017901
INFO:root:Epoch: 30, Iteration: 211, Loss: 0.17919974029064178
INFO:root:Epoch: 30, Iteration: 212, Loss: 0.13486704230308533
INFO:root:Epoch: 30, Iteration: 213, Loss: 0.17897476255893707
INFO:root:Epoch: 30, Iteration: 214, Loss: 0.10752132534980774
INFO:root:Epoch: 30, Iteration: 215, Loss: 0.21092315018177032
INFO:root:Epoch: 30, Iteration: 216, Loss: 0.13442553579807281
INFO:root:Epoch: 30, Iteration: 217, Loss: 0.151999831199646
INFO:root:Validation set mIOU: 78.53879855927963
INFO:root:Epoch: 31, Iteration: 218, Loss: 0.16215012967586517
INFO:root:Epoch: 31, Iteration: 219, Loss: 0.14566223323345184
INFO:root:Epoch: 31, Iteration: 220, Loss: 0.21698983013629913
INFO:root:Epoch: 31, Iteration: 221, Loss: 0.12146833539009094
INFO:root:Epoch: 31, Iteration: 222, Loss: 0.20727725327014923
INFO:root:Epoch: 31, Iteration: 223, Loss: 0.12236103415489197
INFO:root:Epoch: 31, Iteration: 224, Loss: 0.1304352730512619
INFO:root:Validation set mIOU: 77.5144195308325
INFO:root:Epoch: 32, Iteration: 225, Loss: 0.17225632071495056
INFO:root:Epoch: 32, Iteration: 226, Loss: 0.1352340131998062
INFO:root:Epoch: 32, Iteration: 227, Loss: 0.1640719175338745
INFO:root:Epoch: 32, Iteration: 228, Loss: 0.12398098409175873
INFO:root:Epoch: 32, Iteration: 229, Loss: 0.18429450690746307
INFO:root:Epoch: 32, Iteration: 230, Loss: 0.15068212151527405
INFO:root:Epoch: 32, Iteration: 231, Loss: 0.21891331672668457
INFO:root:Validation set mIOU: 77.86984523350317
INFO:root:Epoch: 33, Iteration: 232, Loss: 0.12459461390972137
INFO:root:Epoch: 33, Iteration: 233, Loss: 0.15214717388153076
INFO:root:Epoch: 33, Iteration: 234, Loss: 0.1383172571659088
INFO:root:Epoch: 33, Iteration: 235, Loss: 0.13728772103786469
INFO:root:Epoch: 33, Iteration: 236, Loss: 0.16619320213794708
INFO:root:Epoch: 33, Iteration: 237, Loss: 0.149506613612175
INFO:root:Epoch: 33, Iteration: 238, Loss: 0.19391635060310364
INFO:root:Validation set mIOU: 77.5060071040242
INFO:root:Epoch: 34, Iteration: 239, Loss: 0.1590655893087387
INFO:root:Epoch: 34, Iteration: 240, Loss: 0.12083780765533447
INFO:root:Epoch: 34, Iteration: 241, Loss: 0.11963323503732681
INFO:root:Epoch: 34, Iteration: 242, Loss: 0.1386910080909729
INFO:root:Epoch: 34, Iteration: 243, Loss: 0.14814825356006622
INFO:root:Epoch: 34, Iteration: 244, Loss: 0.13600218296051025
INFO:root:Epoch: 34, Iteration: 245, Loss: 0.14213788509368896
INFO:root:Validation set mIOU: 78.74397003496193
INFO:root:Epoch: 35, Iteration: 246, Loss: 0.13120916485786438
INFO:root:Epoch: 35, Iteration: 247, Loss: 0.12472675740718842
INFO:root:Epoch: 35, Iteration: 248, Loss: 0.13830074667930603
INFO:root:Epoch: 35, Iteration: 249, Loss: 0.24727654457092285
INFO:root:Epoch: 35, Iteration: 250, Loss: 0.1344548463821411
INFO:root:Epoch: 35, Iteration: 251, Loss: 0.13554143905639648
INFO:root:Epoch: 35, Iteration: 252, Loss: 0.12825557589530945
INFO:root:Validation set mIOU: 79.06027314394925
INFO:root:Epoch: 36, Iteration: 253, Loss: 0.14183105528354645
INFO:root:Epoch: 36, Iteration: 254, Loss: 0.18155382573604584
INFO:root:Epoch: 36, Iteration: 255, Loss: 0.14542077481746674
INFO:root:Epoch: 36, Iteration: 256, Loss: 0.1326366811990738
INFO:root:Epoch: 36, Iteration: 257, Loss: 0.14486823976039886
INFO:root:Epoch: 36, Iteration: 258, Loss: 0.1342262476682663
INFO:root:Epoch: 36, Iteration: 259, Loss: 0.14488853514194489
INFO:root:Validation set mIOU: 78.33087143315697
INFO:root:Epoch: 37, Iteration: 260, Loss: 0.1347055435180664
INFO:root:Epoch: 37, Iteration: 261, Loss: 0.12706321477890015
INFO:root:Epoch: 37, Iteration: 262, Loss: 0.15431299805641174
INFO:root:Epoch: 37, Iteration: 263, Loss: 0.12363603711128235
INFO:root:Epoch: 37, Iteration: 264, Loss: 0.11422295868396759
INFO:root:Epoch: 37, Iteration: 265, Loss: 0.09458499401807785
INFO:root:Epoch: 37, Iteration: 266, Loss: 0.15808802843093872
INFO:root:Validation set mIOU: 79.38770120687565
INFO:root:Epoch: 38, Iteration: 267, Loss: 0.15129177272319794
INFO:root:Epoch: 38, Iteration: 268, Loss: 0.1524161398410797
INFO:root:Epoch: 38, Iteration: 269, Loss: 0.12774096429347992
INFO:root:Epoch: 38, Iteration: 270, Loss: 0.11724220216274261
INFO:root:Epoch: 38, Iteration: 271, Loss: 0.16244375705718994
INFO:root:Epoch: 38, Iteration: 272, Loss: 0.13071990013122559
INFO:root:Epoch: 38, Iteration: 273, Loss: 0.1262456625699997
INFO:root:Validation set mIOU: 79.18031917145699
INFO:root:Epoch: 39, Iteration: 274, Loss: 0.10734754055738449
INFO:root:Epoch: 39, Iteration: 275, Loss: 0.12905053794384003
INFO:root:Epoch: 39, Iteration: 276, Loss: 0.11269153654575348
INFO:root:Epoch: 39, Iteration: 277, Loss: 0.12477793544530869
INFO:root:Epoch: 39, Iteration: 278, Loss: 0.12983348965644836
INFO:root:Epoch: 39, Iteration: 279, Loss: 0.1898389607667923
INFO:root:Epoch: 39, Iteration: 280, Loss: 0.12191960215568542
INFO:root:Validation set mIOU: 79.09895490369153
INFO:root:Epoch: 40, Iteration: 281, Loss: 0.1473987102508545
INFO:root:Epoch: 40, Iteration: 282, Loss: 0.11407224088907242
INFO:root:Epoch: 40, Iteration: 283, Loss: 0.13372761011123657
INFO:root:Epoch: 40, Iteration: 284, Loss: 0.14851409196853638
INFO:root:Epoch: 40, Iteration: 285, Loss: 0.11429547518491745
INFO:root:Epoch: 40, Iteration: 286, Loss: 0.12806367874145508
INFO:root:Epoch: 40, Iteration: 287, Loss: 0.14592288434505463
INFO:root:Validation set mIOU: 79.2454833576066
INFO:root:Epoch: 41, Iteration: 288, Loss: 0.12213091552257538
INFO:root:Epoch: 41, Iteration: 289, Loss: 0.13942280411720276
INFO:root:Epoch: 41, Iteration: 290, Loss: 0.11880844831466675
INFO:root:Epoch: 41, Iteration: 291, Loss: 0.15481868386268616
INFO:root:Epoch: 41, Iteration: 292, Loss: 0.11123280227184296
INFO:root:Epoch: 41, Iteration: 293, Loss: 0.20723310112953186
INFO:root:Epoch: 41, Iteration: 294, Loss: 0.12009337544441223
INFO:root:Validation set mIOU: 79.29817275918595
INFO:root:Epoch: 42, Iteration: 295, Loss: 0.1441318243741989
INFO:root:Epoch: 42, Iteration: 296, Loss: 0.1396174132823944
INFO:root:Epoch: 42, Iteration: 297, Loss: 0.12708908319473267
INFO:root:Epoch: 42, Iteration: 298, Loss: 0.11070460081100464
INFO:root:Epoch: 42, Iteration: 299, Loss: 0.12501734495162964
INFO:root:Epoch: 42, Iteration: 300, Loss: 0.18393777310848236
INFO:root:Epoch: 42, Iteration: 301, Loss: 0.11826550960540771
INFO:root:Validation set mIOU: 78.97354887896446
INFO:root:Epoch: 43, Iteration: 302, Loss: 0.13966239988803864
INFO:root:Epoch: 43, Iteration: 303, Loss: 0.14789259433746338
INFO:root:Epoch: 43, Iteration: 304, Loss: 0.12052343785762787
INFO:root:Epoch: 43, Iteration: 305, Loss: 0.15326017141342163
INFO:root:Epoch: 43, Iteration: 306, Loss: 0.1375933438539505
INFO:root:Epoch: 43, Iteration: 307, Loss: 0.11066920310258865
INFO:root:Epoch: 43, Iteration: 308, Loss: 0.1677391678094864
INFO:root:Validation set mIOU: 79.00562107894652
INFO:root:Epoch: 44, Iteration: 309, Loss: 0.1258995682001114
INFO:root:Epoch: 44, Iteration: 310, Loss: 0.18817336857318878
INFO:root:Epoch: 44, Iteration: 311, Loss: 0.12768158316612244
INFO:root:Epoch: 44, Iteration: 312, Loss: 0.1589955985546112
INFO:root:Epoch: 44, Iteration: 313, Loss: 0.1487729549407959
INFO:root:Epoch: 44, Iteration: 314, Loss: 0.11731058359146118
INFO:root:Epoch: 44, Iteration: 315, Loss: 0.13142001628875732
INFO:root:Validation set mIOU: 79.40360417190533
INFO:root:Epoch: 45, Iteration: 316, Loss: 0.14270807802677155
INFO:root:Epoch: 45, Iteration: 317, Loss: 0.1254493147134781
INFO:root:Epoch: 45, Iteration: 318, Loss: 0.12470831722021103
INFO:root:Epoch: 45, Iteration: 319, Loss: 0.14818134903907776
INFO:root:Epoch: 45, Iteration: 320, Loss: 0.1229558140039444
INFO:root:Epoch: 45, Iteration: 321, Loss: 0.14399847388267517
INFO:root:Epoch: 45, Iteration: 322, Loss: 0.1473684459924698
INFO:root:Validation set mIOU: 79.79995271904464
INFO:root:Epoch: 46, Iteration: 323, Loss: 0.120720773935318
INFO:root:Epoch: 46, Iteration: 324, Loss: 0.12234414368867874
INFO:root:Epoch: 46, Iteration: 325, Loss: 0.14917591214179993
INFO:root:Epoch: 46, Iteration: 326, Loss: 0.11503548175096512
INFO:root:Epoch: 46, Iteration: 327, Loss: 0.1497253179550171
INFO:root:Epoch: 46, Iteration: 328, Loss: 0.1179007962346077
INFO:root:Epoch: 46, Iteration: 329, Loss: 0.11542054265737534
INFO:root:Validation set mIOU: 80.08836467263177
INFO:root:Epoch: 47, Iteration: 330, Loss: 0.14230754971504211
INFO:root:Epoch: 47, Iteration: 331, Loss: 0.148829847574234
INFO:root:Epoch: 47, Iteration: 332, Loss: 0.1443900763988495
INFO:root:Epoch: 47, Iteration: 333, Loss: 0.13174612820148468
INFO:root:Epoch: 47, Iteration: 334, Loss: 0.11123520880937576
INFO:root:Epoch: 47, Iteration: 335, Loss: 0.17588888108730316
INFO:root:Epoch: 47, Iteration: 336, Loss: 0.09362033754587173
INFO:root:Validation set mIOU: 79.93142477792773
INFO:root:Epoch: 48, Iteration: 337, Loss: 0.20088356733322144
INFO:root:Epoch: 48, Iteration: 338, Loss: 0.1457177847623825
INFO:root:Epoch: 48, Iteration: 339, Loss: 0.11328410357236862
INFO:root:Epoch: 48, Iteration: 340, Loss: 0.11599468439817429
INFO:root:Epoch: 48, Iteration: 341, Loss: 0.10963992029428482
INFO:root:Epoch: 48, Iteration: 342, Loss: 0.16608977317810059
INFO:root:Epoch: 48, Iteration: 343, Loss: 0.15050122141838074
INFO:root:Validation set mIOU: 80.3310007671895
INFO:root:Epoch: 49, Iteration: 344, Loss: 0.14511646330356598
INFO:root:Epoch: 49, Iteration: 345, Loss: 0.11811557412147522
INFO:root:Epoch: 49, Iteration: 346, Loss: 0.17119453847408295
INFO:root:Epoch: 49, Iteration: 347, Loss: 0.12139134109020233
INFO:root:Epoch: 49, Iteration: 348, Loss: 0.13627183437347412
INFO:root:Epoch: 49, Iteration: 349, Loss: 0.13761352002620697
INFO:root:Epoch: 49, Iteration: 350, Loss: 0.14983248710632324
INFO:root:Validation set mIOU: 79.53742475172557
INFO:root:Epoch: 50, Iteration: 351, Loss: 0.12647071480751038
INFO:root:Epoch: 50, Iteration: 352, Loss: 0.12448608875274658
INFO:root:Epoch: 50, Iteration: 353, Loss: 0.13350939750671387
INFO:root:Epoch: 50, Iteration: 354, Loss: 0.1106589213013649
INFO:root:Epoch: 50, Iteration: 355, Loss: 0.1432231217622757
INFO:root:Epoch: 50, Iteration: 356, Loss: 0.13698546588420868
INFO:root:Epoch: 50, Iteration: 357, Loss: 0.11124098300933838
INFO:root:Validation set mIOU: 80.41313978317946
INFO:root:Epoch: 51, Iteration: 358, Loss: 0.11762236058712006
INFO:root:Epoch: 51, Iteration: 359, Loss: 0.11804309487342834
INFO:root:Epoch: 51, Iteration: 360, Loss: 0.17072738707065582
INFO:root:Epoch: 51, Iteration: 361, Loss: 0.09963156282901764
INFO:root:Epoch: 51, Iteration: 362, Loss: 0.1355847716331482
INFO:root:Epoch: 51, Iteration: 363, Loss: 0.12948986887931824
INFO:root:Epoch: 51, Iteration: 364, Loss: 0.13210859894752502
INFO:root:Validation set mIOU: 79.88835548488557
INFO:root:Epoch: 52, Iteration: 365, Loss: 0.16170723736286163
INFO:root:Epoch: 52, Iteration: 366, Loss: 0.11633873730897903
INFO:root:Epoch: 52, Iteration: 367, Loss: 0.13482291996479034
INFO:root:Epoch: 52, Iteration: 368, Loss: 0.12152568995952606
INFO:root:Epoch: 52, Iteration: 369, Loss: 0.14531618356704712
INFO:root:Epoch: 52, Iteration: 370, Loss: 0.13280251622200012
INFO:root:Epoch: 52, Iteration: 371, Loss: 0.11159834265708923
INFO:root:Validation set mIOU: 80.0992318165266
INFO:root:Epoch: 53, Iteration: 372, Loss: 0.11958182603120804
INFO:root:Epoch: 53, Iteration: 373, Loss: 0.14466983079910278
INFO:root:Epoch: 53, Iteration: 374, Loss: 0.11683784425258636
INFO:root:Epoch: 53, Iteration: 375, Loss: 0.15291054546833038
INFO:root:Epoch: 53, Iteration: 376, Loss: 0.14134584367275238
INFO:root:Epoch: 53, Iteration: 377, Loss: 0.12460964173078537
INFO:root:Epoch: 53, Iteration: 378, Loss: 0.13592611253261566
INFO:root:Validation set mIOU: 79.89350485851227
INFO:root:Epoch: 54, Iteration: 379, Loss: 0.1139821857213974
INFO:root:Epoch: 54, Iteration: 380, Loss: 0.10692455619573593
INFO:root:Epoch: 54, Iteration: 381, Loss: 0.14469753205776215
INFO:root:Epoch: 54, Iteration: 382, Loss: 0.11166300624608994
INFO:root:Epoch: 54, Iteration: 383, Loss: 0.14641669392585754
INFO:root:Epoch: 54, Iteration: 384, Loss: 0.1216127946972847
INFO:root:Epoch: 54, Iteration: 385, Loss: 0.11382448673248291
INFO:root:Validation set mIOU: 80.10004285704116
INFO:root:Epoch: 55, Iteration: 386, Loss: 0.13881832361221313
INFO:root:Epoch: 55, Iteration: 387, Loss: 0.1354343146085739
INFO:root:Epoch: 55, Iteration: 388, Loss: 0.12987470626831055
INFO:root:Epoch: 55, Iteration: 389, Loss: 0.10792110860347748
INFO:root:Epoch: 55, Iteration: 390, Loss: 0.12007652968168259
INFO:root:Epoch: 55, Iteration: 391, Loss: 0.11736142635345459
INFO:root:Epoch: 55, Iteration: 392, Loss: 0.13439792394638062
INFO:root:Validation set mIOU: 80.18009356972793
INFO:root:Epoch: 56, Iteration: 393, Loss: 0.11332797259092331
INFO:root:Epoch: 56, Iteration: 394, Loss: 0.11630313098430634
INFO:root:Epoch: 56, Iteration: 395, Loss: 0.08246411383152008
INFO:root:Epoch: 56, Iteration: 396, Loss: 0.10434973984956741
INFO:root:Epoch: 56, Iteration: 397, Loss: 0.1309386044740677
INFO:root:Epoch: 56, Iteration: 398, Loss: 0.1274326592683792
INFO:root:Epoch: 56, Iteration: 399, Loss: 0.09243534505367279
INFO:root:Validation set mIOU: 80.23494418070412
INFO:root:Epoch: 57, Iteration: 400, Loss: 0.10814686119556427
INFO:root:Epoch: 57, Iteration: 401, Loss: 0.1301657259464264
INFO:root:Epoch: 57, Iteration: 402, Loss: 0.12385176867246628
INFO:root:Epoch: 57, Iteration: 403, Loss: 0.1300874799489975
INFO:root:Epoch: 57, Iteration: 404, Loss: 0.1628095507621765
INFO:root:Epoch: 57, Iteration: 405, Loss: 0.12892591953277588
INFO:root:Epoch: 57, Iteration: 406, Loss: 0.11858900636434555
INFO:root:Validation set mIOU: 80.12622241165236
INFO:root:Epoch: 58, Iteration: 407, Loss: 0.10670124739408493
INFO:root:Epoch: 58, Iteration: 408, Loss: 0.15941122174263
INFO:root:Epoch: 58, Iteration: 409, Loss: 0.12546159327030182
INFO:root:Epoch: 58, Iteration: 410, Loss: 0.10263622552156448
INFO:root:Epoch: 58, Iteration: 411, Loss: 0.10771339386701584
INFO:root:Epoch: 58, Iteration: 412, Loss: 0.1250721514225006
INFO:root:Epoch: 58, Iteration: 413, Loss: 0.11939800530672073
INFO:root:Validation set mIOU: 80.56179677308207
INFO:root:Epoch: 59, Iteration: 414, Loss: 0.12245592474937439
INFO:root:Epoch: 59, Iteration: 415, Loss: 0.10189986228942871
INFO:root:Epoch: 59, Iteration: 416, Loss: 0.15676681697368622
INFO:root:Epoch: 59, Iteration: 417, Loss: 0.12890022993087769
INFO:root:Epoch: 59, Iteration: 418, Loss: 0.12276557832956314
INFO:root:Epoch: 59, Iteration: 419, Loss: 0.1196945458650589
INFO:root:Epoch: 59, Iteration: 420, Loss: 0.12613476812839508
INFO:root:Validation set mIOU: 80.27991274234374
INFO:root:Epoch: 60, Iteration: 421, Loss: 0.14357706904411316
INFO:root:Epoch: 60, Iteration: 422, Loss: 0.14528600871562958
INFO:root:Epoch: 60, Iteration: 423, Loss: 0.1041843444108963
INFO:root:Epoch: 60, Iteration: 424, Loss: 0.09728272259235382
INFO:root:Epoch: 60, Iteration: 425, Loss: 0.12243068218231201
INFO:root:Epoch: 60, Iteration: 426, Loss: 0.15640071034431458
INFO:root:Epoch: 60, Iteration: 427, Loss: 0.13253213465213776
INFO:root:Validation set mIOU: 80.35792490711492
INFO:root:Epoch: 61, Iteration: 428, Loss: 0.15189625322818756
INFO:root:Epoch: 61, Iteration: 429, Loss: 0.09714165329933167
INFO:root:Epoch: 61, Iteration: 430, Loss: 0.0936182513833046
INFO:root:Epoch: 61, Iteration: 431, Loss: 0.15861985087394714
INFO:root:Epoch: 61, Iteration: 432, Loss: 0.12722355127334595
INFO:root:Epoch: 61, Iteration: 433, Loss: 0.12727418541908264
INFO:root:Epoch: 61, Iteration: 434, Loss: 0.12321321666240692
INFO:root:Validation set mIOU: 80.8878798195701
INFO:root:Epoch: 62, Iteration: 435, Loss: 0.10091152787208557
INFO:root:Epoch: 62, Iteration: 436, Loss: 0.11045382171869278
INFO:root:Epoch: 62, Iteration: 437, Loss: 0.09413580596446991
INFO:root:Epoch: 62, Iteration: 438, Loss: 0.14897030591964722
INFO:root:Epoch: 62, Iteration: 439, Loss: 0.12786909937858582
INFO:root:Epoch: 62, Iteration: 440, Loss: 0.09871800243854523
INFO:root:Epoch: 62, Iteration: 441, Loss: 0.13886092603206635
INFO:root:Validation set mIOU: 80.34683228296129
INFO:root:Epoch: 63, Iteration: 442, Loss: 0.11732488870620728
INFO:root:Epoch: 63, Iteration: 443, Loss: 0.13333070278167725
INFO:root:Epoch: 63, Iteration: 444, Loss: 0.186570942401886
INFO:root:Epoch: 63, Iteration: 445, Loss: 0.09747998416423798
INFO:root:Epoch: 63, Iteration: 446, Loss: 0.12187468260526657
INFO:root:Epoch: 63, Iteration: 447, Loss: 0.20295798778533936
INFO:root:Epoch: 63, Iteration: 448, Loss: 0.08721445500850677
INFO:root:Validation set mIOU: 80.63342030246926
INFO:root:Epoch: 64, Iteration: 449, Loss: 0.10385560989379883
INFO:root:Epoch: 64, Iteration: 450, Loss: 0.11522768437862396
INFO:root:Epoch: 64, Iteration: 451, Loss: 0.12028564512729645
INFO:root:Epoch: 64, Iteration: 452, Loss: 0.1311085969209671
INFO:root:Epoch: 64, Iteration: 453, Loss: 0.11123911291360855
INFO:root:Epoch: 64, Iteration: 454, Loss: 0.145973801612854
INFO:root:Epoch: 64, Iteration: 455, Loss: 0.12013401091098785
INFO:root:Validation set mIOU: 80.68210876277278
INFO:root:Epoch: 65, Iteration: 456, Loss: 0.1322093904018402
INFO:root:Epoch: 65, Iteration: 457, Loss: 0.10602293908596039
INFO:root:Epoch: 65, Iteration: 458, Loss: 0.12064774334430695
INFO:root:Epoch: 65, Iteration: 459, Loss: 0.11528708785772324
INFO:root:Epoch: 65, Iteration: 460, Loss: 0.11622186005115509
INFO:root:Epoch: 65, Iteration: 461, Loss: 0.1069827675819397
INFO:root:Epoch: 65, Iteration: 462, Loss: 0.1257200688123703
INFO:root:Validation set mIOU: 79.83067970703698
INFO:root:Epoch: 66, Iteration: 463, Loss: 0.10787373036146164
INFO:root:Epoch: 66, Iteration: 464, Loss: 0.12462728470563889
INFO:root:Epoch: 66, Iteration: 465, Loss: 0.0965094193816185
INFO:root:Epoch: 66, Iteration: 466, Loss: 0.10445103794336319
INFO:root:Epoch: 66, Iteration: 467, Loss: 0.11305804550647736
INFO:root:Epoch: 66, Iteration: 468, Loss: 0.11841870099306107
INFO:root:Epoch: 66, Iteration: 469, Loss: 0.08779063075780869
INFO:root:Validation set mIOU: 80.05966905975404
INFO:root:Epoch: 67, Iteration: 470, Loss: 0.08965405076742172
INFO:root:Epoch: 67, Iteration: 471, Loss: 0.15071073174476624
INFO:root:Epoch: 67, Iteration: 472, Loss: 0.1262681931257248
INFO:root:Epoch: 67, Iteration: 473, Loss: 0.10088487714529037
INFO:root:Epoch: 67, Iteration: 474, Loss: 0.10406423360109329
INFO:root:Epoch: 67, Iteration: 475, Loss: 0.13910040259361267
INFO:root:Epoch: 67, Iteration: 476, Loss: 0.11525879800319672
INFO:root:Validation set mIOU: 80.5137427989376
INFO:root:Epoch: 68, Iteration: 477, Loss: 0.16942234337329865
INFO:root:Epoch: 68, Iteration: 478, Loss: 0.11243195086717606
INFO:root:Epoch: 68, Iteration: 479, Loss: 0.12393458187580109
INFO:root:Epoch: 68, Iteration: 480, Loss: 0.1157255619764328
INFO:root:Epoch: 68, Iteration: 481, Loss: 0.17159561812877655
INFO:root:Epoch: 68, Iteration: 482, Loss: 0.1085575670003891
INFO:root:Epoch: 68, Iteration: 483, Loss: 0.11401836574077606
INFO:root:Validation set mIOU: 81.03090811625904
INFO:root:Epoch: 69, Iteration: 484, Loss: 0.15605877339839935
INFO:root:Epoch: 69, Iteration: 485, Loss: 0.14131981134414673
INFO:root:Epoch: 69, Iteration: 486, Loss: 0.11531326919794083
INFO:root:Epoch: 69, Iteration: 487, Loss: 0.15740381181240082
INFO:root:Epoch: 69, Iteration: 488, Loss: 0.11250178515911102
INFO:root:Epoch: 69, Iteration: 489, Loss: 0.1775285005569458
INFO:root:Epoch: 69, Iteration: 490, Loss: 0.13150571286678314
INFO:root:Validation set mIOU: 81.10794397194034
INFO:root:Epoch: 70, Iteration: 491, Loss: 0.1344805359840393
INFO:root:Epoch: 70, Iteration: 492, Loss: 0.1267678588628769
INFO:root:Epoch: 70, Iteration: 493, Loss: 0.13066959381103516
INFO:root:Epoch: 70, Iteration: 494, Loss: 0.11124883592128754
INFO:root:Epoch: 70, Iteration: 495, Loss: 0.11418045312166214
INFO:root:Epoch: 70, Iteration: 496, Loss: 0.1086091473698616
INFO:root:Epoch: 70, Iteration: 497, Loss: 0.12369053065776825
INFO:root:Validation set mIOU: 80.83720753804035
INFO:root:Epoch: 71, Iteration: 498, Loss: 0.09606873989105225
INFO:root:Epoch: 71, Iteration: 499, Loss: 0.11453236639499664
INFO:root:Epoch: 71, Iteration: 500, Loss: 0.12491726130247116
INFO:root:Epoch: 71, Iteration: 501, Loss: 0.11910992860794067
INFO:root:Epoch: 71, Iteration: 502, Loss: 0.13021181523799896
INFO:root:Epoch: 71, Iteration: 503, Loss: 0.14264410734176636
INFO:root:Epoch: 71, Iteration: 504, Loss: 0.10287781804800034
INFO:root:Validation set mIOU: 80.32726361714992
INFO:root:Epoch: 72, Iteration: 505, Loss: 0.1234358474612236
INFO:root:Epoch: 72, Iteration: 506, Loss: 0.10768695175647736
INFO:root:Epoch: 72, Iteration: 507, Loss: 0.17659896612167358
INFO:root:Epoch: 72, Iteration: 508, Loss: 0.10846495628356934
INFO:root:Epoch: 72, Iteration: 509, Loss: 0.10352425277233124
INFO:root:Epoch: 72, Iteration: 510, Loss: 0.12702491879463196
INFO:root:Epoch: 72, Iteration: 511, Loss: 0.16458332538604736
INFO:root:Validation set mIOU: 80.72180410550138
INFO:root:Epoch: 73, Iteration: 512, Loss: 0.16062003374099731
INFO:root:Epoch: 73, Iteration: 513, Loss: 0.12086213380098343
INFO:root:Epoch: 73, Iteration: 514, Loss: 0.10617277026176453
INFO:root:Epoch: 73, Iteration: 515, Loss: 0.15123748779296875
INFO:root:Epoch: 73, Iteration: 516, Loss: 0.08898752182722092
INFO:root:Epoch: 73, Iteration: 517, Loss: 0.10813166946172714
INFO:root:Epoch: 73, Iteration: 518, Loss: 0.1380385011434555
INFO:root:Validation set mIOU: 80.70224558109452
INFO:root:Epoch: 74, Iteration: 519, Loss: 0.12094023823738098
INFO:root:Epoch: 74, Iteration: 520, Loss: 0.12687493860721588
INFO:root:Epoch: 74, Iteration: 521, Loss: 0.11555913090705872
INFO:root:Epoch: 74, Iteration: 522, Loss: 0.1397438496351242
INFO:root:Epoch: 74, Iteration: 523, Loss: 0.14124926924705505
INFO:root:Epoch: 74, Iteration: 524, Loss: 0.09915795177221298
INFO:root:Epoch: 74, Iteration: 525, Loss: 0.10824762284755707
INFO:root:Validation set mIOU: 80.98328359220028
INFO:root:Epoch: 75, Iteration: 526, Loss: 0.10308065265417099
INFO:root:Epoch: 75, Iteration: 527, Loss: 0.10460527241230011
INFO:root:Epoch: 75, Iteration: 528, Loss: 0.15310995280742645
INFO:root:Epoch: 75, Iteration: 529, Loss: 0.12306087464094162
INFO:root:Epoch: 75, Iteration: 530, Loss: 0.1379602998495102
INFO:root:Epoch: 75, Iteration: 531, Loss: 0.11944789439439774
INFO:root:Epoch: 75, Iteration: 532, Loss: 0.17574281990528107
INFO:root:Validation set mIOU: 81.07089044036768
INFO:root:Epoch: 76, Iteration: 533, Loss: 0.09505679458379745
INFO:root:Epoch: 76, Iteration: 534, Loss: 0.10113430768251419
INFO:root:Epoch: 76, Iteration: 535, Loss: 0.1152254045009613
INFO:root:Epoch: 76, Iteration: 536, Loss: 0.18248498439788818
INFO:root:Epoch: 76, Iteration: 537, Loss: 0.12195602059364319
INFO:root:Epoch: 76, Iteration: 538, Loss: 0.10196508467197418
INFO:root:Epoch: 76, Iteration: 539, Loss: 0.14919473230838776
INFO:root:Validation set mIOU: 81.04405700007709
INFO:root:Epoch: 77, Iteration: 540, Loss: 0.12799698114395142
INFO:root:Epoch: 77, Iteration: 541, Loss: 0.11200714111328125
INFO:root:Epoch: 77, Iteration: 542, Loss: 0.11645949631929398
INFO:root:Epoch: 77, Iteration: 543, Loss: 0.09208694845438004
INFO:root:Epoch: 77, Iteration: 544, Loss: 0.10861779749393463
INFO:root:Epoch: 77, Iteration: 545, Loss: 0.10057152807712555
INFO:root:Epoch: 77, Iteration: 546, Loss: 0.15354104340076447
INFO:root:Validation set mIOU: 80.97015646662703
INFO:root:Epoch: 78, Iteration: 547, Loss: 0.1189727634191513
INFO:root:Epoch: 78, Iteration: 548, Loss: 0.10929621756076813
INFO:root:Epoch: 78, Iteration: 549, Loss: 0.15806390345096588
INFO:root:Epoch: 78, Iteration: 550, Loss: 0.10023322701454163
INFO:root:Epoch: 78, Iteration: 551, Loss: 0.15805119276046753
INFO:root:Epoch: 78, Iteration: 552, Loss: 0.13569332659244537
INFO:root:Epoch: 78, Iteration: 553, Loss: 0.11052709072828293
INFO:root:Validation set mIOU: 81.1374299191312
INFO:root:Epoch: 79, Iteration: 554, Loss: 0.15837596356868744
INFO:root:Epoch: 79, Iteration: 555, Loss: 0.10673831403255463
INFO:root:Epoch: 79, Iteration: 556, Loss: 0.10793721675872803
INFO:root:Epoch: 79, Iteration: 557, Loss: 0.09735255688428879
INFO:root:Epoch: 79, Iteration: 558, Loss: 0.10919275134801865
INFO:root:Epoch: 79, Iteration: 559, Loss: 0.09144214540719986
INFO:root:Epoch: 79, Iteration: 560, Loss: 0.12640072405338287
INFO:root:Validation set mIOU: 80.81928054618666
INFO:root:Epoch: 80, Iteration: 561, Loss: 0.15503522753715515
INFO:root:Epoch: 80, Iteration: 562, Loss: 0.12023337930440903
INFO:root:Epoch: 80, Iteration: 563, Loss: 0.1190328449010849
INFO:root:Epoch: 80, Iteration: 564, Loss: 0.10982052236795425
INFO:root:Epoch: 80, Iteration: 565, Loss: 0.0999569445848465
INFO:root:Epoch: 80, Iteration: 566, Loss: 0.09753649681806564
INFO:root:Epoch: 80, Iteration: 567, Loss: 0.13096080720424652
INFO:root:Validation set mIOU: 80.76278699824897
INFO:root:Epoch: 81, Iteration: 568, Loss: 0.09583314508199692
INFO:root:Epoch: 81, Iteration: 569, Loss: 0.11947902292013168
INFO:root:Epoch: 81, Iteration: 570, Loss: 0.17016108334064484
INFO:root:Epoch: 81, Iteration: 571, Loss: 0.11349762976169586
INFO:root:Epoch: 81, Iteration: 572, Loss: 0.11491260677576065
INFO:root:Epoch: 81, Iteration: 573, Loss: 0.12107692658901215
INFO:root:Epoch: 81, Iteration: 574, Loss: 0.11586981266736984
INFO:root:Validation set mIOU: 80.54321303618549
INFO:root:Epoch: 82, Iteration: 575, Loss: 0.10770568996667862
INFO:root:Epoch: 82, Iteration: 576, Loss: 0.1238907128572464
INFO:root:Epoch: 82, Iteration: 577, Loss: 0.08487905561923981
INFO:root:Epoch: 82, Iteration: 578, Loss: 0.153741255402565
INFO:root:Epoch: 82, Iteration: 579, Loss: 0.11317633092403412
INFO:root:Epoch: 82, Iteration: 580, Loss: 0.1100083738565445
INFO:root:Epoch: 82, Iteration: 581, Loss: 0.10705510526895523
INFO:root:Validation set mIOU: 80.63837310236366
INFO:root:Epoch: 83, Iteration: 582, Loss: 0.12871883809566498
INFO:root:Epoch: 83, Iteration: 583, Loss: 0.11566504091024399
INFO:root:Epoch: 83, Iteration: 584, Loss: 0.09618246555328369
INFO:root:Epoch: 83, Iteration: 585, Loss: 0.14576755464076996
INFO:root:Epoch: 83, Iteration: 586, Loss: 0.1339147686958313
INFO:root:Epoch: 83, Iteration: 587, Loss: 0.11968793720006943
INFO:root:Epoch: 83, Iteration: 588, Loss: 0.12261828035116196
INFO:root:Validation set mIOU: 80.70880602182088
INFO:root:Epoch: 84, Iteration: 589, Loss: 0.09506189823150635
INFO:root:Epoch: 84, Iteration: 590, Loss: 0.1332671344280243
INFO:root:Epoch: 84, Iteration: 591, Loss: 0.11950252205133438
INFO:root:Epoch: 84, Iteration: 592, Loss: 0.12269772589206696
INFO:root:Epoch: 84, Iteration: 593, Loss: 0.11492922157049179
INFO:root:Epoch: 84, Iteration: 594, Loss: 0.15338440239429474
INFO:root:Epoch: 84, Iteration: 595, Loss: 0.1068711206316948
INFO:root:Validation set mIOU: 80.94129935340334
INFO:root:Epoch: 85, Iteration: 596, Loss: 0.10818423330783844
INFO:root:Epoch: 85, Iteration: 597, Loss: 0.10491938889026642
INFO:root:Epoch: 85, Iteration: 598, Loss: 0.09862978011369705
INFO:root:Epoch: 85, Iteration: 599, Loss: 0.12224368751049042
INFO:root:Epoch: 85, Iteration: 600, Loss: 0.10905809700489044
INFO:root:Epoch: 85, Iteration: 601, Loss: 0.13682429492473602
INFO:root:Epoch: 85, Iteration: 602, Loss: 0.12170397490262985
INFO:root:Validation set mIOU: 81.2057312077637
INFO:root:Epoch: 86, Iteration: 603, Loss: 0.20402847230434418
INFO:root:Epoch: 86, Iteration: 604, Loss: 0.10624853521585464
INFO:root:Epoch: 86, Iteration: 605, Loss: 0.1048978641629219
INFO:root:Epoch: 86, Iteration: 606, Loss: 0.10850106924772263
INFO:root:Epoch: 86, Iteration: 607, Loss: 0.13606461882591248
INFO:root:Epoch: 86, Iteration: 608, Loss: 0.12817367911338806
INFO:root:Epoch: 86, Iteration: 609, Loss: 0.1109146848320961
INFO:root:Validation set mIOU: 81.41968291957099
INFO:root:Epoch: 87, Iteration: 610, Loss: 0.1161142885684967
INFO:root:Epoch: 87, Iteration: 611, Loss: 0.1429450958967209
INFO:root:Epoch: 87, Iteration: 612, Loss: 0.08651386201381683
INFO:root:Epoch: 87, Iteration: 613, Loss: 0.10912726819515228
INFO:root:Epoch: 87, Iteration: 614, Loss: 0.10433538258075714
INFO:root:Epoch: 87, Iteration: 615, Loss: 0.12879066169261932
INFO:root:Epoch: 87, Iteration: 616, Loss: 0.1365194469690323
INFO:root:Validation set mIOU: 81.14622334141693
INFO:root:Epoch: 88, Iteration: 617, Loss: 0.08902677893638611
INFO:root:Epoch: 88, Iteration: 618, Loss: 0.10434133559465408
INFO:root:Epoch: 88, Iteration: 619, Loss: 0.1229579970240593
INFO:root:Epoch: 88, Iteration: 620, Loss: 0.1088818833231926
INFO:root:Epoch: 88, Iteration: 621, Loss: 0.14138056337833405
INFO:root:Epoch: 88, Iteration: 622, Loss: 0.08285624533891678
INFO:root:Epoch: 88, Iteration: 623, Loss: 0.09943846613168716
INFO:root:Validation set mIOU: 80.60074237501982
INFO:root:Epoch: 89, Iteration: 624, Loss: 0.09277264028787613
INFO:root:Epoch: 89, Iteration: 625, Loss: 0.17483852803707123
INFO:root:Epoch: 89, Iteration: 626, Loss: 0.09881027042865753
INFO:root:Epoch: 89, Iteration: 627, Loss: 0.11237344890832901
INFO:root:Epoch: 89, Iteration: 628, Loss: 0.11163520812988281
INFO:root:Epoch: 89, Iteration: 629, Loss: 0.12880879640579224
INFO:root:Epoch: 89, Iteration: 630, Loss: 0.17754797637462616
INFO:root:Validation set mIOU: 80.73151414317744
INFO:root:Epoch: 90, Iteration: 631, Loss: 0.10235068947076797
INFO:root:Epoch: 90, Iteration: 632, Loss: 0.09482495486736298
INFO:root:Epoch: 90, Iteration: 633, Loss: 0.11271264404058456
INFO:root:Epoch: 90, Iteration: 634, Loss: 0.10190392285585403
INFO:root:Epoch: 90, Iteration: 635, Loss: 0.11752717196941376
INFO:root:Epoch: 90, Iteration: 636, Loss: 0.09143727272748947
INFO:root:Epoch: 90, Iteration: 637, Loss: 0.11594583839178085
INFO:root:Validation set mIOU: 81.05128715152617
INFO:root:Epoch: 91, Iteration: 638, Loss: 0.1004260778427124
INFO:root:Epoch: 91, Iteration: 639, Loss: 0.11253546923398972
INFO:root:Epoch: 91, Iteration: 640, Loss: 0.09959995746612549
INFO:root:Epoch: 91, Iteration: 641, Loss: 0.13120423257350922
INFO:root:Epoch: 91, Iteration: 642, Loss: 0.13998834788799286
INFO:root:Epoch: 91, Iteration: 643, Loss: 0.12243543565273285
INFO:root:Epoch: 91, Iteration: 644, Loss: 0.11446836590766907
INFO:root:Validation set mIOU: 80.92844552727253
INFO:root:Epoch: 92, Iteration: 645, Loss: 0.13904477655887604
INFO:root:Epoch: 92, Iteration: 646, Loss: 0.09774284064769745
INFO:root:Epoch: 92, Iteration: 647, Loss: 0.11999872326850891
INFO:root:Epoch: 92, Iteration: 648, Loss: 0.14636723697185516
INFO:root:Epoch: 92, Iteration: 649, Loss: 0.1097429171204567
INFO:root:Epoch: 92, Iteration: 650, Loss: 0.10894162207841873
INFO:root:Epoch: 92, Iteration: 651, Loss: 0.10513259470462799
INFO:root:Validation set mIOU: 81.20060937836956
INFO:root:Epoch: 93, Iteration: 652, Loss: 0.14254115521907806
INFO:root:Epoch: 93, Iteration: 653, Loss: 0.12395744025707245
INFO:root:Epoch: 93, Iteration: 654, Loss: 0.10512658208608627
INFO:root:Epoch: 93, Iteration: 655, Loss: 0.10652107000350952
INFO:root:Epoch: 93, Iteration: 656, Loss: 0.10700967162847519
INFO:root:Epoch: 93, Iteration: 657, Loss: 0.1122513934969902
INFO:root:Epoch: 93, Iteration: 658, Loss: 0.11004702746868134
INFO:root:Validation set mIOU: 81.06666813247413
INFO:root:Epoch: 94, Iteration: 659, Loss: 0.10387907177209854
INFO:root:Epoch: 94, Iteration: 660, Loss: 0.12062013149261475
INFO:root:Epoch: 94, Iteration: 661, Loss: 0.13033965229988098
INFO:root:Epoch: 94, Iteration: 662, Loss: 0.1135658472776413
INFO:root:Epoch: 94, Iteration: 663, Loss: 0.12536033987998962
INFO:root:Epoch: 94, Iteration: 664, Loss: 0.12061839550733566
INFO:root:Epoch: 94, Iteration: 665, Loss: 0.11432062089443207
INFO:root:Validation set mIOU: 81.01288637439175
INFO:root:Epoch: 95, Iteration: 666, Loss: 0.09578420966863632
INFO:root:Epoch: 95, Iteration: 667, Loss: 0.11883939802646637
INFO:root:Epoch: 95, Iteration: 668, Loss: 0.1048165038228035
INFO:root:Epoch: 95, Iteration: 669, Loss: 0.14315184950828552
INFO:root:Epoch: 95, Iteration: 670, Loss: 0.11761834472417831
INFO:root:Epoch: 95, Iteration: 671, Loss: 0.12474824488162994
INFO:root:Epoch: 95, Iteration: 672, Loss: 0.1386718451976776
INFO:root:Validation set mIOU: 80.96070940643584
INFO:root:Epoch: 96, Iteration: 673, Loss: 0.13050387799739838
INFO:root:Epoch: 96, Iteration: 674, Loss: 0.1205151304602623
INFO:root:Epoch: 96, Iteration: 675, Loss: 0.09839508682489395
INFO:root:Epoch: 96, Iteration: 676, Loss: 0.1020088791847229
INFO:root:Epoch: 96, Iteration: 677, Loss: 0.10011600703001022
INFO:root:Epoch: 96, Iteration: 678, Loss: 0.13403159379959106
INFO:root:Epoch: 96, Iteration: 679, Loss: 0.06932330131530762
INFO:root:Validation set mIOU: 80.99982045221356
INFO:root:Epoch: 97, Iteration: 680, Loss: 0.102936290204525
INFO:root:Epoch: 97, Iteration: 681, Loss: 0.12278050184249878
INFO:root:Epoch: 97, Iteration: 682, Loss: 0.1360379010438919
INFO:root:Epoch: 97, Iteration: 683, Loss: 0.09968426823616028
INFO:root:Epoch: 97, Iteration: 684, Loss: 0.0985662192106247
INFO:root:Epoch: 97, Iteration: 685, Loss: 0.10688011348247528
INFO:root:Epoch: 97, Iteration: 686, Loss: 0.1185072809457779
INFO:root:Validation set mIOU: 80.9604961784566
INFO:root:Epoch: 98, Iteration: 687, Loss: 0.12734219431877136
INFO:root:Epoch: 98, Iteration: 688, Loss: 0.1079053059220314
INFO:root:Epoch: 98, Iteration: 689, Loss: 0.12830306589603424
INFO:root:Epoch: 98, Iteration: 690, Loss: 0.13245482742786407
INFO:root:Epoch: 98, Iteration: 691, Loss: 0.0866868793964386
INFO:root:Epoch: 98, Iteration: 692, Loss: 0.11533201485872269
INFO:root:Epoch: 98, Iteration: 693, Loss: 0.11628228425979614
INFO:root:Validation set mIOU: 80.83460095004568
INFO:root:Epoch: 99, Iteration: 694, Loss: 0.1378842145204544
INFO:root:Epoch: 99, Iteration: 695, Loss: 0.10758590698242188
INFO:root:Epoch: 99, Iteration: 696, Loss: 0.12555891275405884
INFO:root:Epoch: 99, Iteration: 697, Loss: 0.10599586367607117
INFO:root:Epoch: 99, Iteration: 698, Loss: 0.11497724056243896
INFO:root:Epoch: 99, Iteration: 699, Loss: 0.0807250365614891
INFO:root:Epoch: 99, Iteration: 700, Loss: 0.09565063565969467
INFO:root:Validation set mIOU: 81.14148660953627
