INFO:root:{'addition': 'no_noisy',
 'backbone': 'resnet101',
 'batch_size': 16,
 'batch_size_consistency': 16,
 'conf_thres': 0.95,
 'config': 'configs/dataset2.yaml',
 'consistency_training': False,
 'crop_size': 320,
 'data_root': './',
 'dataset': 'dataset2',
 'epochs': 100,
 'labeled_id_path': 'dataset/splits/dataset2/1_4/split_no_noisy/labeled.txt',
 'lr': 0.0009,
 'model': 'deeplabv2',
 'ngpus': 1,
 'plus': False,
 'pseudo_consistency_mask_path': None,
 'pseudo_mask_path': 'outdir/pseudo_masks/dataset2/1_4/split_no_noisy/deeplabv2/resnet101/no_noisy/self_training/non_consistency_training/first_time',
 'rand_thres': 0.8,
 'reliable_id_path': None,
 'save_path': 'outdir/models/dataset2/1_4/split_no_noisy/deeplabv2/resnet101/no_noisy/self_training/non_consistency_training/first_time',
 'time': 1,
 'unlabeled_id_path': 'dataset/splits/dataset2/1_4/split_no_noisy/unlabeled.txt',
 'warm_up': 30}

INFO:root:Training supervised with consistency on unlabeled images
INFO:root:Epoch: 0, Iteration: 1, Loss: 2.3266823291778564
INFO:root:Epoch: 0, Iteration: 2, Loss: 1.699944019317627
INFO:root:Validation set mIOU: 26.195447679664223
INFO:root:Epoch: 1, Iteration: 3, Loss: 1.9337157011032104
INFO:root:Epoch: 1, Iteration: 4, Loss: 1.3667831420898438
INFO:root:Validation set mIOU: 34.50088810259718
INFO:root:Epoch: 2, Iteration: 5, Loss: 1.0781337022781372
INFO:root:Epoch: 2, Iteration: 6, Loss: 0.9205254316329956
INFO:root:Validation set mIOU: 30.76168085859407
INFO:root:Epoch: 3, Iteration: 7, Loss: 1.0181955099105835
INFO:root:Epoch: 3, Iteration: 8, Loss: 0.7429547309875488
INFO:root:Validation set mIOU: 35.498115865844284
INFO:root:Epoch: 4, Iteration: 9, Loss: 0.6745439767837524
INFO:root:Epoch: 4, Iteration: 10, Loss: 0.9043825268745422
INFO:root:Validation set mIOU: 50.750085940565036
INFO:root:Epoch: 5, Iteration: 11, Loss: 0.5451661944389343
INFO:root:Epoch: 5, Iteration: 12, Loss: 0.48863884806632996
INFO:root:Validation set mIOU: 49.73509326735139
INFO:root:Epoch: 6, Iteration: 13, Loss: 0.6347509622573853
INFO:root:Epoch: 6, Iteration: 14, Loss: 0.45125168561935425
INFO:root:Validation set mIOU: 56.44842296057754
INFO:root:Epoch: 7, Iteration: 15, Loss: 0.4378548264503479
INFO:root:Epoch: 7, Iteration: 16, Loss: 0.47053784132003784
INFO:root:Validation set mIOU: 46.003903829947284
INFO:root:Epoch: 8, Iteration: 17, Loss: 0.4750673472881317
INFO:root:Epoch: 8, Iteration: 18, Loss: 0.5509687066078186
INFO:root:Validation set mIOU: 50.7309409526885
INFO:root:Epoch: 9, Iteration: 19, Loss: 0.4772736728191376
INFO:root:Epoch: 9, Iteration: 20, Loss: 0.3697715997695923
INFO:root:Validation set mIOU: 58.31590680205863
INFO:root:Epoch: 10, Iteration: 21, Loss: 0.3550342321395874
INFO:root:Epoch: 10, Iteration: 22, Loss: 0.3448668122291565
INFO:root:Validation set mIOU: 59.890079173105924
INFO:root:Epoch: 11, Iteration: 23, Loss: 0.5318288803100586
INFO:root:Epoch: 11, Iteration: 24, Loss: 0.370532363653183
INFO:root:Validation set mIOU: 57.572420638420176
INFO:root:Epoch: 12, Iteration: 25, Loss: 0.36294931173324585
INFO:root:Epoch: 12, Iteration: 26, Loss: 0.2865149974822998
INFO:root:Validation set mIOU: 61.94056990767957
INFO:root:Epoch: 13, Iteration: 27, Loss: 0.2723541855812073
INFO:root:Epoch: 13, Iteration: 28, Loss: 0.23758675158023834
INFO:root:Validation set mIOU: 60.90469104498947
INFO:root:Epoch: 14, Iteration: 29, Loss: 0.33461835980415344
INFO:root:Epoch: 14, Iteration: 30, Loss: 0.2643800675868988
INFO:root:Validation set mIOU: 61.722506766294835
INFO:root:Epoch: 15, Iteration: 31, Loss: 0.3172924518585205
INFO:root:Epoch: 15, Iteration: 32, Loss: 0.22456786036491394
INFO:root:Validation set mIOU: 65.36499365615583
INFO:root:Epoch: 16, Iteration: 33, Loss: 0.31423962116241455
INFO:root:Epoch: 16, Iteration: 34, Loss: 0.20263604819774628
INFO:root:Validation set mIOU: 65.89498827111018
INFO:root:Epoch: 17, Iteration: 35, Loss: 0.22863708436489105
INFO:root:Epoch: 17, Iteration: 36, Loss: 0.22769176959991455
INFO:root:Validation set mIOU: 66.69006540731962
INFO:root:Epoch: 18, Iteration: 37, Loss: 0.19855348765850067
INFO:root:Epoch: 18, Iteration: 38, Loss: 0.24746696650981903
INFO:root:Validation set mIOU: 67.64528825638043
INFO:root:Epoch: 19, Iteration: 39, Loss: 0.18589061498641968
INFO:root:Epoch: 19, Iteration: 40, Loss: 0.21364086866378784
INFO:root:Validation set mIOU: 68.39458019857567
INFO:root:Epoch: 20, Iteration: 41, Loss: 0.19807255268096924
INFO:root:Epoch: 20, Iteration: 42, Loss: 0.20739474892616272
INFO:root:Validation set mIOU: 68.94603783208026
INFO:root:Epoch: 21, Iteration: 43, Loss: 0.2062520831823349
INFO:root:Epoch: 21, Iteration: 44, Loss: 0.21645204722881317
INFO:root:Validation set mIOU: 68.5984384767843
INFO:root:Epoch: 22, Iteration: 45, Loss: 0.26108890771865845
INFO:root:Epoch: 22, Iteration: 46, Loss: 0.36356666684150696
INFO:root:Validation set mIOU: 69.07314034553457
INFO:root:Epoch: 23, Iteration: 47, Loss: 0.16909602284431458
INFO:root:Epoch: 23, Iteration: 48, Loss: 0.1774095594882965
INFO:root:Validation set mIOU: 68.88886422469966
INFO:root:Epoch: 24, Iteration: 49, Loss: 0.2049957662820816
INFO:root:Epoch: 24, Iteration: 50, Loss: 0.18683487176895142
INFO:root:Validation set mIOU: 68.90454576159199
INFO:root:Epoch: 25, Iteration: 51, Loss: 0.18609601259231567
INFO:root:Epoch: 25, Iteration: 52, Loss: 0.16430187225341797
INFO:root:Validation set mIOU: 69.56899227376532
INFO:root:Epoch: 26, Iteration: 53, Loss: 0.19443035125732422
INFO:root:Epoch: 26, Iteration: 54, Loss: 0.18854166567325592
INFO:root:Validation set mIOU: 69.34343784112748
INFO:root:Epoch: 27, Iteration: 55, Loss: 0.23890334367752075
INFO:root:Epoch: 27, Iteration: 56, Loss: 0.28164100646972656
INFO:root:Validation set mIOU: 69.72001406741981
INFO:root:Epoch: 28, Iteration: 57, Loss: 0.18881379067897797
INFO:root:Epoch: 28, Iteration: 58, Loss: 0.18347527086734772
INFO:root:Validation set mIOU: 69.58757492522167
INFO:root:Epoch: 29, Iteration: 59, Loss: 0.2084505558013916
INFO:root:Epoch: 29, Iteration: 60, Loss: 0.1780017912387848
INFO:root:Validation set mIOU: 69.70252487215679
INFO:root:Epoch: 30, Iteration: 61, Loss: 0.15025095641613007
INFO:root:Epoch: 30, Iteration: 62, Loss: 0.18066522479057312
INFO:root:Validation set mIOU: 70.46527407397679
INFO:root:Epoch: 31, Iteration: 63, Loss: 0.17085221409797668
INFO:root:Epoch: 31, Iteration: 64, Loss: 0.15135136246681213
INFO:root:Validation set mIOU: 70.49336809159543
INFO:root:Epoch: 32, Iteration: 65, Loss: 0.15119963884353638
INFO:root:Epoch: 32, Iteration: 66, Loss: 0.17148035764694214
INFO:root:Validation set mIOU: 70.39210950083844
INFO:root:Epoch: 33, Iteration: 67, Loss: 0.18710005283355713
INFO:root:Epoch: 33, Iteration: 68, Loss: 0.14031654596328735
INFO:root:Validation set mIOU: 71.11378045422961
INFO:root:Epoch: 34, Iteration: 69, Loss: 0.16843225061893463
INFO:root:Epoch: 34, Iteration: 70, Loss: 0.16159962117671967
INFO:root:Validation set mIOU: 71.4443225528525
INFO:root:Epoch: 35, Iteration: 71, Loss: 0.16119325160980225
INFO:root:Epoch: 35, Iteration: 72, Loss: 0.1459542065858841
INFO:root:Validation set mIOU: 71.37793992570523
INFO:root:Epoch: 36, Iteration: 73, Loss: 0.1509724110364914
INFO:root:Epoch: 36, Iteration: 74, Loss: 0.1442238688468933
INFO:root:Validation set mIOU: 71.32035347584313
INFO:root:Epoch: 37, Iteration: 75, Loss: 0.1442786306142807
INFO:root:Epoch: 37, Iteration: 76, Loss: 0.171539306640625
INFO:root:Validation set mIOU: 70.75589203462465
INFO:root:Epoch: 38, Iteration: 77, Loss: 0.14611873030662537
INFO:root:Epoch: 38, Iteration: 78, Loss: 0.14573083817958832
INFO:root:Validation set mIOU: 71.09761284393988
INFO:root:Epoch: 39, Iteration: 79, Loss: 0.14770103991031647
INFO:root:Epoch: 39, Iteration: 80, Loss: 0.1418655812740326
INFO:root:Validation set mIOU: 71.65706899842344
INFO:root:Epoch: 40, Iteration: 81, Loss: 0.13384325802326202
INFO:root:Epoch: 40, Iteration: 82, Loss: 0.15524174273014069
INFO:root:Validation set mIOU: 71.6629087743197
INFO:root:Epoch: 41, Iteration: 83, Loss: 0.14235158264636993
INFO:root:Epoch: 41, Iteration: 84, Loss: 0.1538853794336319
INFO:root:Validation set mIOU: 72.0015229640191
INFO:root:Epoch: 42, Iteration: 85, Loss: 0.13213840126991272
INFO:root:Epoch: 42, Iteration: 86, Loss: 0.12933850288391113
INFO:root:Validation set mIOU: 72.08837450609208
INFO:root:Epoch: 43, Iteration: 87, Loss: 0.18087448179721832
INFO:root:Epoch: 43, Iteration: 88, Loss: 0.18616759777069092
INFO:root:Validation set mIOU: 71.55440953339908
INFO:root:Epoch: 44, Iteration: 89, Loss: 0.14758475124835968
INFO:root:Epoch: 44, Iteration: 90, Loss: 0.14005987346172333
INFO:root:Validation set mIOU: 71.53642149691551
INFO:root:Epoch: 45, Iteration: 91, Loss: 0.11376182734966278
INFO:root:Epoch: 45, Iteration: 92, Loss: 0.13755646347999573
INFO:root:Validation set mIOU: 71.86505073461853
INFO:root:Epoch: 46, Iteration: 93, Loss: 0.13184741139411926
INFO:root:Epoch: 46, Iteration: 94, Loss: 0.15594246983528137
INFO:root:Validation set mIOU: 72.00148795841267
INFO:root:Epoch: 47, Iteration: 95, Loss: 0.13678650557994843
INFO:root:Epoch: 47, Iteration: 96, Loss: 0.14289449155330658
INFO:root:Validation set mIOU: 72.33094533960971
INFO:root:Epoch: 48, Iteration: 97, Loss: 0.12811119854450226
INFO:root:Epoch: 48, Iteration: 98, Loss: 0.1423918455839157
INFO:root:Validation set mIOU: 72.24309361032623
INFO:root:Epoch: 49, Iteration: 99, Loss: 0.12561266124248505
INFO:root:Epoch: 49, Iteration: 100, Loss: 0.1880037784576416
INFO:root:Validation set mIOU: 72.064412691795
INFO:root:Epoch: 50, Iteration: 101, Loss: 0.1523989886045456
INFO:root:Epoch: 50, Iteration: 102, Loss: 0.14426615834236145
INFO:root:Validation set mIOU: 72.79928154402496
INFO:root:Epoch: 51, Iteration: 103, Loss: 0.13895611464977264
INFO:root:Epoch: 51, Iteration: 104, Loss: 0.1560746133327484
INFO:root:Validation set mIOU: 72.77315043187885
INFO:root:Epoch: 52, Iteration: 105, Loss: 0.13711810111999512
INFO:root:Epoch: 52, Iteration: 106, Loss: 0.12279052287340164
INFO:root:Validation set mIOU: 72.9618135239202
INFO:root:Epoch: 53, Iteration: 107, Loss: 0.12532775104045868
INFO:root:Epoch: 53, Iteration: 108, Loss: 0.1320248246192932
INFO:root:Validation set mIOU: 73.0135874441501
INFO:root:Epoch: 54, Iteration: 109, Loss: 0.14869892597198486
INFO:root:Epoch: 54, Iteration: 110, Loss: 0.12094561755657196
INFO:root:Validation set mIOU: 73.2264660101737
INFO:root:Epoch: 55, Iteration: 111, Loss: 0.11713961511850357
INFO:root:Epoch: 55, Iteration: 112, Loss: 0.12705276906490326
INFO:root:Validation set mIOU: 73.47969379314813
INFO:root:Epoch: 56, Iteration: 113, Loss: 0.1343487799167633
INFO:root:Epoch: 56, Iteration: 114, Loss: 0.11648983508348465
INFO:root:Validation set mIOU: 73.33880288723633
INFO:root:Epoch: 57, Iteration: 115, Loss: 0.12076233327388763
INFO:root:Epoch: 57, Iteration: 116, Loss: 0.1365213394165039
INFO:root:Validation set mIOU: 73.24181713650904
INFO:root:Epoch: 58, Iteration: 117, Loss: 0.16221509873867035
INFO:root:Epoch: 58, Iteration: 118, Loss: 0.11588428914546967
INFO:root:Validation set mIOU: 73.2390456784168
INFO:root:Epoch: 59, Iteration: 119, Loss: 0.10987929999828339
INFO:root:Epoch: 59, Iteration: 120, Loss: 0.15234695374965668
INFO:root:Validation set mIOU: 73.40912584455398
INFO:root:Epoch: 60, Iteration: 121, Loss: 0.12664388120174408
INFO:root:Epoch: 60, Iteration: 122, Loss: 0.13753925263881683
INFO:root:Validation set mIOU: 73.47883037153089
INFO:root:Epoch: 61, Iteration: 123, Loss: 0.1322835385799408
INFO:root:Epoch: 61, Iteration: 124, Loss: 0.15944577753543854
INFO:root:Validation set mIOU: 73.28654575835407
INFO:root:Epoch: 62, Iteration: 125, Loss: 0.13564826548099518
INFO:root:Epoch: 62, Iteration: 126, Loss: 0.11513201892375946
INFO:root:Validation set mIOU: 73.08120951961247
INFO:root:Epoch: 63, Iteration: 127, Loss: 0.10829443484544754
INFO:root:Epoch: 63, Iteration: 128, Loss: 0.12361380457878113
INFO:root:Validation set mIOU: 73.1745678832
INFO:root:Epoch: 64, Iteration: 129, Loss: 0.11747533828020096
INFO:root:Epoch: 64, Iteration: 130, Loss: 0.14010468125343323
INFO:root:Validation set mIOU: 73.43463514366029
INFO:root:Epoch: 65, Iteration: 131, Loss: 0.12029926478862762
INFO:root:Epoch: 65, Iteration: 132, Loss: 0.15125331282615662
INFO:root:Validation set mIOU: 73.4577682426847
INFO:root:Epoch: 66, Iteration: 133, Loss: 0.12180323153734207
INFO:root:Epoch: 66, Iteration: 134, Loss: 0.13378937542438507
INFO:root:Validation set mIOU: 73.72169595336939
INFO:root:Epoch: 67, Iteration: 135, Loss: 0.12184687703847885
INFO:root:Epoch: 67, Iteration: 136, Loss: 0.11567186564207077
INFO:root:Validation set mIOU: 73.83133241741314
INFO:root:Epoch: 68, Iteration: 137, Loss: 0.13748113811016083
INFO:root:Epoch: 68, Iteration: 138, Loss: 0.1324554979801178
INFO:root:Validation set mIOU: 73.93459359851103
INFO:root:Epoch: 69, Iteration: 139, Loss: 0.12004677206277847
INFO:root:Epoch: 69, Iteration: 140, Loss: 0.11959514766931534
INFO:root:Validation set mIOU: 74.0668192385253
INFO:root:Epoch: 70, Iteration: 141, Loss: 0.1305909901857376
INFO:root:Epoch: 70, Iteration: 142, Loss: 0.1174469068646431
INFO:root:Validation set mIOU: 74.17163159985554
INFO:root:Epoch: 71, Iteration: 143, Loss: 0.12437605112791061
INFO:root:Epoch: 71, Iteration: 144, Loss: 0.11147508770227432
INFO:root:Validation set mIOU: 74.18311370943168
INFO:root:Epoch: 72, Iteration: 145, Loss: 0.13436156511306763
INFO:root:Epoch: 72, Iteration: 146, Loss: 0.12617449462413788
INFO:root:Validation set mIOU: 74.16309838045869
INFO:root:Epoch: 73, Iteration: 147, Loss: 0.12295161187648773
INFO:root:Epoch: 73, Iteration: 148, Loss: 0.10900165140628815
INFO:root:Validation set mIOU: 74.316993183342
INFO:root:Epoch: 74, Iteration: 149, Loss: 0.13057389855384827
INFO:root:Epoch: 74, Iteration: 150, Loss: 0.14490774273872375
INFO:root:Validation set mIOU: 74.20619011081914
INFO:root:Epoch: 75, Iteration: 151, Loss: 0.10979016125202179
INFO:root:Epoch: 75, Iteration: 152, Loss: 0.12669864296913147
INFO:root:Validation set mIOU: 74.28826245774202
INFO:root:Epoch: 76, Iteration: 153, Loss: 0.10971108078956604
INFO:root:Epoch: 76, Iteration: 154, Loss: 0.15585507452487946
INFO:root:Validation set mIOU: 74.24701598079254
INFO:root:Epoch: 77, Iteration: 155, Loss: 0.143344908952713
INFO:root:Epoch: 77, Iteration: 156, Loss: 0.11480994522571564
INFO:root:Validation set mIOU: 74.08153972938545
INFO:root:Epoch: 78, Iteration: 157, Loss: 0.12448766082525253
INFO:root:Epoch: 78, Iteration: 158, Loss: 0.11585593223571777
INFO:root:Validation set mIOU: 74.39198096306988
INFO:root:Epoch: 79, Iteration: 159, Loss: 0.12952543795108795
INFO:root:Epoch: 79, Iteration: 160, Loss: 0.10246416181325912
INFO:root:Validation set mIOU: 74.47127433286161
INFO:root:Epoch: 80, Iteration: 161, Loss: 0.13320674002170563
INFO:root:Epoch: 80, Iteration: 162, Loss: 0.11596806347370148
INFO:root:Validation set mIOU: 74.4942059069294
INFO:root:Epoch: 81, Iteration: 163, Loss: 0.14109091460704803
INFO:root:Epoch: 81, Iteration: 164, Loss: 0.13159781694412231
INFO:root:Validation set mIOU: 74.41587011489696
INFO:root:Epoch: 82, Iteration: 165, Loss: 0.11694958060979843
INFO:root:Epoch: 82, Iteration: 166, Loss: 0.13359667360782623
INFO:root:Validation set mIOU: 74.26636447059809
INFO:root:Epoch: 83, Iteration: 167, Loss: 0.13257116079330444
INFO:root:Epoch: 83, Iteration: 168, Loss: 0.11131027340888977
INFO:root:Validation set mIOU: 74.50262185443188
INFO:root:Epoch: 84, Iteration: 169, Loss: 0.1261684000492096
INFO:root:Epoch: 84, Iteration: 170, Loss: 0.14338600635528564
INFO:root:Validation set mIOU: 74.72821473914007
INFO:root:Epoch: 85, Iteration: 171, Loss: 0.10433203727006912
INFO:root:Epoch: 85, Iteration: 172, Loss: 0.14072540402412415
INFO:root:Validation set mIOU: 74.8239190488963
INFO:root:Epoch: 86, Iteration: 173, Loss: 0.10871428996324539
INFO:root:Epoch: 86, Iteration: 174, Loss: 0.1452893316745758
INFO:root:Validation set mIOU: 74.76475998837758
INFO:root:Epoch: 87, Iteration: 175, Loss: 0.11791455745697021
INFO:root:Epoch: 87, Iteration: 176, Loss: 0.12770359218120575
INFO:root:Validation set mIOU: 74.80529543475498
INFO:root:Epoch: 88, Iteration: 177, Loss: 0.10455215722322464
INFO:root:Epoch: 88, Iteration: 178, Loss: 0.12963145971298218
INFO:root:Validation set mIOU: 74.55999983923239
INFO:root:Epoch: 89, Iteration: 179, Loss: 0.1076647937297821
INFO:root:Epoch: 89, Iteration: 180, Loss: 0.11742021888494492
INFO:root:Validation set mIOU: 74.52071788077905
INFO:root:Epoch: 90, Iteration: 181, Loss: 0.10642518103122711
INFO:root:Epoch: 90, Iteration: 182, Loss: 0.1061132475733757
INFO:root:Validation set mIOU: 74.50319020158919
INFO:root:Epoch: 91, Iteration: 183, Loss: 0.11871615052223206
INFO:root:Epoch: 91, Iteration: 184, Loss: 0.13851326704025269
INFO:root:Validation set mIOU: 74.33439406914864
INFO:root:Epoch: 92, Iteration: 185, Loss: 0.12339188158512115
INFO:root:Epoch: 92, Iteration: 186, Loss: 0.11247075349092484
INFO:root:Validation set mIOU: 74.2465635926387
INFO:root:Epoch: 93, Iteration: 187, Loss: 0.10595063865184784
INFO:root:Epoch: 93, Iteration: 188, Loss: 0.15654927492141724
INFO:root:Validation set mIOU: 73.9422457799001
INFO:root:Epoch: 94, Iteration: 189, Loss: 0.10734502971172333
INFO:root:Epoch: 94, Iteration: 190, Loss: 0.1139710396528244
INFO:root:Validation set mIOU: 74.34756132279148
INFO:root:Epoch: 95, Iteration: 191, Loss: 0.11753606796264648
INFO:root:Epoch: 95, Iteration: 192, Loss: 0.13625845313072205
INFO:root:Validation set mIOU: 74.56156025913316
INFO:root:Epoch: 96, Iteration: 193, Loss: 0.1360488384962082
INFO:root:Epoch: 96, Iteration: 194, Loss: 0.11123673617839813
INFO:root:Validation set mIOU: 74.50427646697055
INFO:root:Epoch: 97, Iteration: 195, Loss: 0.1312769055366516
INFO:root:Epoch: 97, Iteration: 196, Loss: 0.12586206197738647
INFO:root:Validation set mIOU: 74.32564655625443
INFO:root:Epoch: 98, Iteration: 197, Loss: 0.10162100195884705
INFO:root:Epoch: 98, Iteration: 198, Loss: 0.12533825635910034
INFO:root:Validation set mIOU: 74.24559313443275
INFO:root:Epoch: 99, Iteration: 199, Loss: 0.11397593468427658
INFO:root:Epoch: 99, Iteration: 200, Loss: 0.10852736234664917
INFO:root:Validation set mIOU: 74.30898165818061
INFO:root:Semi-training
INFO:root:Epoch: 0, Iteration: 1, Loss: 2.480342149734497
INFO:root:Epoch: 0, Iteration: 2, Loss: 1.4954309463500977
INFO:root:Epoch: 0, Iteration: 3, Loss: 2.0047037601470947
INFO:root:Epoch: 0, Iteration: 4, Loss: 1.8261189460754395
INFO:root:Epoch: 0, Iteration: 5, Loss: 1.2894976139068604
INFO:root:Epoch: 0, Iteration: 6, Loss: 1.5993685722351074
INFO:root:Epoch: 0, Iteration: 7, Loss: 0.7891408205032349
INFO:root:Validation set mIOU: 36.97090064709226
INFO:root:Epoch: 1, Iteration: 8, Loss: 0.8836708664894104
INFO:root:Epoch: 1, Iteration: 9, Loss: 0.9141126871109009
INFO:root:Epoch: 1, Iteration: 10, Loss: 0.9621747732162476
INFO:root:Epoch: 1, Iteration: 11, Loss: 0.5000731945037842
INFO:root:Epoch: 1, Iteration: 12, Loss: 0.7278364896774292
INFO:root:Epoch: 1, Iteration: 13, Loss: 0.9602020978927612
INFO:root:Epoch: 1, Iteration: 14, Loss: 0.8144322633743286
INFO:root:Validation set mIOU: 53.82650734086204
INFO:root:Epoch: 2, Iteration: 15, Loss: 0.4434569180011749
INFO:root:Epoch: 2, Iteration: 16, Loss: 0.4921727478504181
INFO:root:Epoch: 2, Iteration: 17, Loss: 0.7227694392204285
INFO:root:Epoch: 2, Iteration: 18, Loss: 0.5328424572944641
INFO:root:Epoch: 2, Iteration: 19, Loss: 0.38244739174842834
INFO:root:Epoch: 2, Iteration: 20, Loss: 0.5163700580596924
INFO:root:Epoch: 2, Iteration: 21, Loss: 0.42981961369514465
INFO:root:Validation set mIOU: 58.731295498578376
INFO:root:Epoch: 3, Iteration: 22, Loss: 0.4636975824832916
INFO:root:Epoch: 3, Iteration: 23, Loss: 0.42884576320648193
INFO:root:Epoch: 3, Iteration: 24, Loss: 0.6095988154411316
INFO:root:Epoch: 3, Iteration: 25, Loss: 0.3118504583835602
INFO:root:Epoch: 3, Iteration: 26, Loss: 0.39198318123817444
INFO:root:Epoch: 3, Iteration: 27, Loss: 0.3283291757106781
INFO:root:Epoch: 3, Iteration: 28, Loss: 0.29628390073776245
INFO:root:Validation set mIOU: 63.334637800935745
INFO:root:Epoch: 4, Iteration: 29, Loss: 0.36031603813171387
INFO:root:Epoch: 4, Iteration: 30, Loss: 0.32987478375434875
INFO:root:Epoch: 4, Iteration: 31, Loss: 0.5177320837974548
INFO:root:Epoch: 4, Iteration: 32, Loss: 0.37380626797676086
INFO:root:Epoch: 4, Iteration: 33, Loss: 0.26700371503829956
INFO:root:Epoch: 4, Iteration: 34, Loss: 0.25456228852272034
INFO:root:Epoch: 4, Iteration: 35, Loss: 0.2731100916862488
INFO:root:Validation set mIOU: 67.42769336653924
INFO:root:Epoch: 5, Iteration: 36, Loss: 0.3382244110107422
INFO:root:Epoch: 5, Iteration: 37, Loss: 0.31302934885025024
INFO:root:Epoch: 5, Iteration: 38, Loss: 0.3398189842700958
INFO:root:Epoch: 5, Iteration: 39, Loss: 0.30078890919685364
INFO:root:Epoch: 5, Iteration: 40, Loss: 0.25767189264297485
INFO:root:Epoch: 5, Iteration: 41, Loss: 0.25311702489852905
INFO:root:Epoch: 5, Iteration: 42, Loss: 0.3092869818210602
INFO:root:Validation set mIOU: 68.73742911595181
INFO:root:Epoch: 6, Iteration: 43, Loss: 0.322570264339447
INFO:root:Epoch: 6, Iteration: 44, Loss: 0.20692235231399536
INFO:root:Epoch: 6, Iteration: 45, Loss: 0.23382239043712616
INFO:root:Epoch: 6, Iteration: 46, Loss: 0.3921167254447937
INFO:root:Epoch: 6, Iteration: 47, Loss: 0.26226893067359924
INFO:root:Epoch: 6, Iteration: 48, Loss: 0.20165285468101501
INFO:root:Epoch: 6, Iteration: 49, Loss: 0.24146072566509247
INFO:root:Validation set mIOU: 69.39585283303425
INFO:root:Epoch: 7, Iteration: 50, Loss: 0.22207897901535034
INFO:root:Epoch: 7, Iteration: 51, Loss: 0.20470495522022247
INFO:root:Epoch: 7, Iteration: 52, Loss: 0.5760940909385681
INFO:root:Epoch: 7, Iteration: 53, Loss: 0.2045445591211319
INFO:root:Epoch: 7, Iteration: 54, Loss: 0.32286185026168823
INFO:root:Epoch: 7, Iteration: 55, Loss: 0.25094857811927795
INFO:root:Epoch: 7, Iteration: 56, Loss: 0.3675471842288971
INFO:root:Validation set mIOU: 72.50669596304263
INFO:root:Epoch: 8, Iteration: 57, Loss: 0.18963861465454102
INFO:root:Epoch: 8, Iteration: 58, Loss: 0.19916358590126038
INFO:root:Epoch: 8, Iteration: 59, Loss: 0.21379715204238892
INFO:root:Epoch: 8, Iteration: 60, Loss: 0.16894014179706573
INFO:root:Epoch: 8, Iteration: 61, Loss: 0.2004498839378357
INFO:root:Epoch: 8, Iteration: 62, Loss: 0.21067333221435547
INFO:root:Epoch: 8, Iteration: 63, Loss: 0.24847863614559174
INFO:root:Validation set mIOU: 72.31945000706071
INFO:root:Epoch: 9, Iteration: 64, Loss: 0.22839204967021942
INFO:root:Epoch: 9, Iteration: 65, Loss: 0.287686288356781
INFO:root:Epoch: 9, Iteration: 66, Loss: 0.2572062909603119
INFO:root:Epoch: 9, Iteration: 67, Loss: 0.1848323792219162
INFO:root:Epoch: 9, Iteration: 68, Loss: 0.21696586906909943
INFO:root:Epoch: 9, Iteration: 69, Loss: 0.23641827702522278
INFO:root:Epoch: 9, Iteration: 70, Loss: 0.17962539196014404
INFO:root:Validation set mIOU: 74.99490396158774
INFO:root:Epoch: 10, Iteration: 71, Loss: 0.17552797496318817
INFO:root:Epoch: 10, Iteration: 72, Loss: 0.2611672878265381
INFO:root:Epoch: 10, Iteration: 73, Loss: 0.18353724479675293
INFO:root:Epoch: 10, Iteration: 74, Loss: 0.2039913535118103
INFO:root:Epoch: 10, Iteration: 75, Loss: 0.2047983855009079
INFO:root:Epoch: 10, Iteration: 76, Loss: 0.1884198635816574
INFO:root:Epoch: 10, Iteration: 77, Loss: 0.1993969827890396
INFO:root:Validation set mIOU: 75.83246799485505
INFO:root:Epoch: 11, Iteration: 78, Loss: 0.20936167240142822
INFO:root:Epoch: 11, Iteration: 79, Loss: 0.17241548001766205
INFO:root:Epoch: 11, Iteration: 80, Loss: 0.24430795013904572
INFO:root:Epoch: 11, Iteration: 81, Loss: 0.22649826109409332
INFO:root:Epoch: 11, Iteration: 82, Loss: 0.3134552538394928
INFO:root:Epoch: 11, Iteration: 83, Loss: 0.16148582100868225
INFO:root:Epoch: 11, Iteration: 84, Loss: 0.18555551767349243
INFO:root:Validation set mIOU: 76.2107917570754
INFO:root:Epoch: 12, Iteration: 85, Loss: 0.1903059482574463
INFO:root:Epoch: 12, Iteration: 86, Loss: 0.18536046147346497
INFO:root:Epoch: 12, Iteration: 87, Loss: 0.2035236656665802
INFO:root:Epoch: 12, Iteration: 88, Loss: 0.23650972545146942
INFO:root:Epoch: 12, Iteration: 89, Loss: 0.17316368222236633
INFO:root:Epoch: 12, Iteration: 90, Loss: 0.23468491435050964
INFO:root:Epoch: 12, Iteration: 91, Loss: 0.16143736243247986
INFO:root:Validation set mIOU: 75.76544433924441
INFO:root:Epoch: 13, Iteration: 92, Loss: 0.18971718847751617
INFO:root:Epoch: 13, Iteration: 93, Loss: 0.27603650093078613
INFO:root:Epoch: 13, Iteration: 94, Loss: 0.14890937507152557
INFO:root:Epoch: 13, Iteration: 95, Loss: 0.15812231600284576
INFO:root:Epoch: 13, Iteration: 96, Loss: 0.2090701311826706
INFO:root:Epoch: 13, Iteration: 97, Loss: 0.16184422373771667
INFO:root:Epoch: 13, Iteration: 98, Loss: 0.1777729094028473
INFO:root:Validation set mIOU: 76.7660478178214
INFO:root:Epoch: 14, Iteration: 99, Loss: 0.19016428291797638
INFO:root:Epoch: 14, Iteration: 100, Loss: 0.1983039230108261
INFO:root:Epoch: 14, Iteration: 101, Loss: 0.16522786021232605
INFO:root:Epoch: 14, Iteration: 102, Loss: 0.18321412801742554
INFO:root:Epoch: 14, Iteration: 103, Loss: 0.15499334037303925
INFO:root:Epoch: 14, Iteration: 104, Loss: 0.20597076416015625
INFO:root:Epoch: 14, Iteration: 105, Loss: 0.18844932317733765
INFO:root:Validation set mIOU: 76.50831536097442
INFO:root:Epoch: 15, Iteration: 106, Loss: 0.17813104391098022
INFO:root:Epoch: 15, Iteration: 107, Loss: 0.18550023436546326
INFO:root:Epoch: 15, Iteration: 108, Loss: 0.24875521659851074
INFO:root:Epoch: 15, Iteration: 109, Loss: 0.3066025674343109
INFO:root:Epoch: 15, Iteration: 110, Loss: 0.21504083275794983
INFO:root:Epoch: 15, Iteration: 111, Loss: 0.18590408563613892
INFO:root:Epoch: 15, Iteration: 112, Loss: 0.18891896307468414
INFO:root:Validation set mIOU: 76.55671645628964
INFO:root:Epoch: 16, Iteration: 113, Loss: 0.19588926434516907
INFO:root:Epoch: 16, Iteration: 114, Loss: 0.21002733707427979
INFO:root:Epoch: 16, Iteration: 115, Loss: 0.15600572526454926
INFO:root:Epoch: 16, Iteration: 116, Loss: 0.14843159914016724
INFO:root:Epoch: 16, Iteration: 117, Loss: 0.1582302451133728
INFO:root:Epoch: 16, Iteration: 118, Loss: 0.25511303544044495
INFO:root:Epoch: 16, Iteration: 119, Loss: 0.2029833048582077
INFO:root:Validation set mIOU: 77.4513013375684
INFO:root:Epoch: 17, Iteration: 120, Loss: 0.17924946546554565
INFO:root:Epoch: 17, Iteration: 121, Loss: 0.1545838713645935
INFO:root:Epoch: 17, Iteration: 122, Loss: 0.1492222547531128
INFO:root:Epoch: 17, Iteration: 123, Loss: 0.15357978641986847
INFO:root:Epoch: 17, Iteration: 124, Loss: 0.17619317770004272
INFO:root:Epoch: 17, Iteration: 125, Loss: 0.1576317399740219
INFO:root:Epoch: 17, Iteration: 126, Loss: 0.11841298639774323
INFO:root:Validation set mIOU: 75.73269498512585
INFO:root:Epoch: 18, Iteration: 127, Loss: 0.18473365902900696
INFO:root:Epoch: 18, Iteration: 128, Loss: 0.15664437413215637
INFO:root:Epoch: 18, Iteration: 129, Loss: 0.2501179873943329
INFO:root:Epoch: 18, Iteration: 130, Loss: 0.23262467980384827
INFO:root:Epoch: 18, Iteration: 131, Loss: 0.14544937014579773
INFO:root:Epoch: 18, Iteration: 132, Loss: 0.21899643540382385
INFO:root:Epoch: 18, Iteration: 133, Loss: 0.1776362508535385
INFO:root:Validation set mIOU: 78.74799620226828
INFO:root:Epoch: 19, Iteration: 134, Loss: 0.21395596861839294
INFO:root:Epoch: 19, Iteration: 135, Loss: 0.19113804399967194
INFO:root:Epoch: 19, Iteration: 136, Loss: 0.14431215822696686
INFO:root:Epoch: 19, Iteration: 137, Loss: 0.14270371198654175
INFO:root:Epoch: 19, Iteration: 138, Loss: 0.16868753731250763
INFO:root:Epoch: 19, Iteration: 139, Loss: 0.14065952599048615
INFO:root:Epoch: 19, Iteration: 140, Loss: 0.20430947840213776
INFO:root:Validation set mIOU: 75.85757213002405
INFO:root:Epoch: 20, Iteration: 141, Loss: 0.1980234533548355
INFO:root:Epoch: 20, Iteration: 142, Loss: 0.15222704410552979
INFO:root:Epoch: 20, Iteration: 143, Loss: 0.15619614720344543
INFO:root:Epoch: 20, Iteration: 144, Loss: 0.1496107131242752
INFO:root:Epoch: 20, Iteration: 145, Loss: 0.16845272481441498
INFO:root:Epoch: 20, Iteration: 146, Loss: 0.19297513365745544
INFO:root:Epoch: 20, Iteration: 147, Loss: 0.16253530979156494
INFO:root:Validation set mIOU: 79.13324513362446
INFO:root:Epoch: 21, Iteration: 148, Loss: 0.15579290688037872
INFO:root:Epoch: 21, Iteration: 149, Loss: 0.15654273331165314
INFO:root:Epoch: 21, Iteration: 150, Loss: 0.1632915437221527
INFO:root:Epoch: 21, Iteration: 151, Loss: 0.17091384530067444
INFO:root:Epoch: 21, Iteration: 152, Loss: 0.16383372247219086
INFO:root:Epoch: 21, Iteration: 153, Loss: 0.14500689506530762
INFO:root:Epoch: 21, Iteration: 154, Loss: 0.17092980444431305
INFO:root:Validation set mIOU: 78.19408796997293
INFO:root:Epoch: 22, Iteration: 155, Loss: 0.16170702874660492
INFO:root:Epoch: 22, Iteration: 156, Loss: 0.11045311391353607
INFO:root:Epoch: 22, Iteration: 157, Loss: 0.27703461050987244
INFO:root:Epoch: 22, Iteration: 158, Loss: 0.13758166134357452
INFO:root:Epoch: 22, Iteration: 159, Loss: 0.13329921662807465
INFO:root:Epoch: 22, Iteration: 160, Loss: 0.16585399210453033
INFO:root:Epoch: 22, Iteration: 161, Loss: 0.15001636743545532
INFO:root:Validation set mIOU: 78.96467099214263
INFO:root:Epoch: 23, Iteration: 162, Loss: 0.14848457276821136
INFO:root:Epoch: 23, Iteration: 163, Loss: 0.1508835405111313
INFO:root:Epoch: 23, Iteration: 164, Loss: 0.15635395050048828
INFO:root:Epoch: 23, Iteration: 165, Loss: 0.19232270121574402
INFO:root:Epoch: 23, Iteration: 166, Loss: 0.15871365368366241
INFO:root:Epoch: 23, Iteration: 167, Loss: 0.1819448620080948
INFO:root:Epoch: 23, Iteration: 168, Loss: 0.15411195158958435
INFO:root:Validation set mIOU: 79.99848817804342
INFO:root:Epoch: 24, Iteration: 169, Loss: 0.21478694677352905
INFO:root:Epoch: 24, Iteration: 170, Loss: 0.16284716129302979
INFO:root:Epoch: 24, Iteration: 171, Loss: 0.17731240391731262
INFO:root:Epoch: 24, Iteration: 172, Loss: 0.16178327798843384
INFO:root:Epoch: 24, Iteration: 173, Loss: 0.16563454270362854
INFO:root:Epoch: 24, Iteration: 174, Loss: 0.1811087727546692
INFO:root:Epoch: 24, Iteration: 175, Loss: 0.23783273994922638
INFO:root:Validation set mIOU: 79.30368622641835
INFO:root:Epoch: 25, Iteration: 176, Loss: 0.1459854543209076
INFO:root:Epoch: 25, Iteration: 177, Loss: 0.19942159950733185
INFO:root:Epoch: 25, Iteration: 178, Loss: 0.1428198665380478
INFO:root:Epoch: 25, Iteration: 179, Loss: 0.16038256883621216
INFO:root:Epoch: 25, Iteration: 180, Loss: 0.1617766171693802
INFO:root:Epoch: 25, Iteration: 181, Loss: 0.16123123466968536
INFO:root:Epoch: 25, Iteration: 182, Loss: 0.24916090071201324
INFO:root:Validation set mIOU: 79.4490210667346
INFO:root:Epoch: 26, Iteration: 183, Loss: 0.12468858063220978
INFO:root:Epoch: 26, Iteration: 184, Loss: 0.15113911032676697
INFO:root:Epoch: 26, Iteration: 185, Loss: 0.17465803027153015
INFO:root:Epoch: 26, Iteration: 186, Loss: 0.135173499584198
INFO:root:Epoch: 26, Iteration: 187, Loss: 0.17769059538841248
INFO:root:Epoch: 26, Iteration: 188, Loss: 0.1517326533794403
INFO:root:Epoch: 26, Iteration: 189, Loss: 0.1692826896905899
INFO:root:Validation set mIOU: 79.30551257665695
INFO:root:Epoch: 27, Iteration: 190, Loss: 0.1507241427898407
INFO:root:Epoch: 27, Iteration: 191, Loss: 0.16272662580013275
INFO:root:Epoch: 27, Iteration: 192, Loss: 0.17165419459342957
INFO:root:Epoch: 27, Iteration: 193, Loss: 0.15829427540302277
INFO:root:Epoch: 27, Iteration: 194, Loss: 0.1417294293642044
INFO:root:Epoch: 27, Iteration: 195, Loss: 0.15377749502658844
INFO:root:Epoch: 27, Iteration: 196, Loss: 0.14323891699314117
INFO:root:Validation set mIOU: 79.22590768203173
INFO:root:Epoch: 28, Iteration: 197, Loss: 0.14679528772830963
INFO:root:Epoch: 28, Iteration: 198, Loss: 0.14677874743938446
INFO:root:Epoch: 28, Iteration: 199, Loss: 0.22215378284454346
INFO:root:Epoch: 28, Iteration: 200, Loss: 0.14089582860469818
INFO:root:Epoch: 28, Iteration: 201, Loss: 0.154438316822052
INFO:root:Epoch: 28, Iteration: 202, Loss: 0.15630342066287994
INFO:root:Epoch: 28, Iteration: 203, Loss: 0.14995940029621124
INFO:root:Validation set mIOU: 80.12833286290864
INFO:root:Epoch: 29, Iteration: 204, Loss: 0.14460957050323486
INFO:root:Epoch: 29, Iteration: 205, Loss: 0.15841886401176453
INFO:root:Epoch: 29, Iteration: 206, Loss: 0.15857312083244324
INFO:root:Epoch: 29, Iteration: 207, Loss: 0.1427275687456131
INFO:root:Epoch: 29, Iteration: 208, Loss: 0.15494665503501892
INFO:root:Epoch: 29, Iteration: 209, Loss: 0.12240076065063477
INFO:root:Epoch: 29, Iteration: 210, Loss: 0.12688595056533813
INFO:root:Validation set mIOU: 79.86421146065629
INFO:root:Epoch: 30, Iteration: 211, Loss: 0.14152051508426666
INFO:root:Epoch: 30, Iteration: 212, Loss: 0.15174569189548492
INFO:root:Epoch: 30, Iteration: 213, Loss: 0.1692558079957962
INFO:root:Epoch: 30, Iteration: 214, Loss: 0.13405342400074005
INFO:root:Epoch: 30, Iteration: 215, Loss: 0.14566318690776825
INFO:root:Epoch: 30, Iteration: 216, Loss: 0.1213872879743576
INFO:root:Epoch: 30, Iteration: 217, Loss: 0.15284138917922974
INFO:root:Validation set mIOU: 79.64792982784759
INFO:root:Epoch: 31, Iteration: 218, Loss: 0.13960538804531097
INFO:root:Epoch: 31, Iteration: 219, Loss: 0.10250674188137054
INFO:root:Epoch: 31, Iteration: 220, Loss: 0.16137288510799408
INFO:root:Epoch: 31, Iteration: 221, Loss: 0.13379782438278198
INFO:root:Epoch: 31, Iteration: 222, Loss: 0.16054397821426392
INFO:root:Epoch: 31, Iteration: 223, Loss: 0.18615491688251495
INFO:root:Epoch: 31, Iteration: 224, Loss: 0.12198209762573242
INFO:root:Validation set mIOU: 80.58776418597205
INFO:root:Epoch: 32, Iteration: 225, Loss: 0.16457116603851318
INFO:root:Epoch: 32, Iteration: 226, Loss: 0.1261003166437149
INFO:root:Epoch: 32, Iteration: 227, Loss: 0.24434243142604828
INFO:root:Epoch: 32, Iteration: 228, Loss: 0.1404952108860016
INFO:root:Epoch: 32, Iteration: 229, Loss: 0.12924815714359283
INFO:root:Epoch: 32, Iteration: 230, Loss: 0.14342837035655975
INFO:root:Epoch: 32, Iteration: 231, Loss: 0.14717546105384827
INFO:root:Validation set mIOU: 79.60294503537617
INFO:root:Epoch: 33, Iteration: 232, Loss: 0.12183194607496262
INFO:root:Epoch: 33, Iteration: 233, Loss: 0.1829967051744461
INFO:root:Epoch: 33, Iteration: 234, Loss: 0.11899365484714508
INFO:root:Epoch: 33, Iteration: 235, Loss: 0.15705063939094543
INFO:root:Epoch: 33, Iteration: 236, Loss: 0.13271990418434143
INFO:root:Epoch: 33, Iteration: 237, Loss: 0.1477741003036499
INFO:root:Epoch: 33, Iteration: 238, Loss: 0.16262929141521454
INFO:root:Validation set mIOU: 79.57918716321868
INFO:root:Epoch: 34, Iteration: 239, Loss: 0.16618315875530243
INFO:root:Epoch: 34, Iteration: 240, Loss: 0.13533873856067657
INFO:root:Epoch: 34, Iteration: 241, Loss: 0.12252103537321091
INFO:root:Epoch: 34, Iteration: 242, Loss: 0.1662570983171463
INFO:root:Epoch: 34, Iteration: 243, Loss: 0.13007202744483948
INFO:root:Epoch: 34, Iteration: 244, Loss: 0.14888976514339447
INFO:root:Epoch: 34, Iteration: 245, Loss: 0.13517479598522186
INFO:root:Validation set mIOU: 80.17209554012823
INFO:root:Epoch: 35, Iteration: 246, Loss: 0.15046575665473938
INFO:root:Epoch: 35, Iteration: 247, Loss: 0.16589035093784332
INFO:root:Epoch: 35, Iteration: 248, Loss: 0.14998307824134827
INFO:root:Epoch: 35, Iteration: 249, Loss: 0.15395700931549072
INFO:root:Epoch: 35, Iteration: 250, Loss: 0.14135412871837616
INFO:root:Epoch: 35, Iteration: 251, Loss: 0.12646396458148956
INFO:root:Epoch: 35, Iteration: 252, Loss: 0.13215748965740204
INFO:root:Validation set mIOU: 79.29098193424142
INFO:root:Epoch: 36, Iteration: 253, Loss: 0.15477444231510162
INFO:root:Epoch: 36, Iteration: 254, Loss: 0.14444437623023987
INFO:root:Epoch: 36, Iteration: 255, Loss: 0.13033457100391388
INFO:root:Epoch: 36, Iteration: 256, Loss: 0.13790272176265717
INFO:root:Epoch: 36, Iteration: 257, Loss: 0.12693318724632263
INFO:root:Epoch: 36, Iteration: 258, Loss: 0.1345091015100479
INFO:root:Epoch: 36, Iteration: 259, Loss: 0.13128703832626343
INFO:root:Validation set mIOU: 80.5983138689582
INFO:root:Epoch: 37, Iteration: 260, Loss: 0.1404067873954773
INFO:root:Epoch: 37, Iteration: 261, Loss: 0.12449909001588821
INFO:root:Epoch: 37, Iteration: 262, Loss: 0.12363484501838684
INFO:root:Epoch: 37, Iteration: 263, Loss: 0.17407557368278503
INFO:root:Epoch: 37, Iteration: 264, Loss: 0.1384969800710678
INFO:root:Epoch: 37, Iteration: 265, Loss: 0.15234361588954926
INFO:root:Epoch: 37, Iteration: 266, Loss: 0.1489093154668808
INFO:root:Validation set mIOU: 79.74830853413567
INFO:root:Epoch: 38, Iteration: 267, Loss: 0.13654612004756927
INFO:root:Epoch: 38, Iteration: 268, Loss: 0.1620597392320633
INFO:root:Epoch: 38, Iteration: 269, Loss: 0.10628363490104675
INFO:root:Epoch: 38, Iteration: 270, Loss: 0.13439704477787018
INFO:root:Epoch: 38, Iteration: 271, Loss: 0.12908463180065155
INFO:root:Epoch: 38, Iteration: 272, Loss: 0.1341734677553177
INFO:root:Epoch: 38, Iteration: 273, Loss: 0.11302351206541061
INFO:root:Validation set mIOU: 80.24694622008691
INFO:root:Epoch: 39, Iteration: 274, Loss: 0.17528852820396423
INFO:root:Epoch: 39, Iteration: 275, Loss: 0.11074112355709076
INFO:root:Epoch: 39, Iteration: 276, Loss: 0.16803866624832153
INFO:root:Epoch: 39, Iteration: 277, Loss: 0.14028924703598022
INFO:root:Epoch: 39, Iteration: 278, Loss: 0.1702950894832611
INFO:root:Epoch: 39, Iteration: 279, Loss: 0.16058968007564545
INFO:root:Epoch: 39, Iteration: 280, Loss: 0.13354448974132538
INFO:root:Validation set mIOU: 79.7764042349213
INFO:root:Epoch: 40, Iteration: 281, Loss: 0.1365712732076645
INFO:root:Epoch: 40, Iteration: 282, Loss: 0.11543828994035721
INFO:root:Epoch: 40, Iteration: 283, Loss: 0.09935163706541061
INFO:root:Epoch: 40, Iteration: 284, Loss: 0.13238531351089478
INFO:root:Epoch: 40, Iteration: 285, Loss: 0.16749761998653412
INFO:root:Epoch: 40, Iteration: 286, Loss: 0.13747386634349823
INFO:root:Epoch: 40, Iteration: 287, Loss: 0.17763541638851166
INFO:root:Validation set mIOU: 80.3050963185667
INFO:root:Epoch: 41, Iteration: 288, Loss: 0.13870187103748322
INFO:root:Epoch: 41, Iteration: 289, Loss: 0.12728452682495117
INFO:root:Epoch: 41, Iteration: 290, Loss: 0.1387237161397934
INFO:root:Epoch: 41, Iteration: 291, Loss: 0.13084213435649872
INFO:root:Epoch: 41, Iteration: 292, Loss: 0.14624138176441193
INFO:root:Epoch: 41, Iteration: 293, Loss: 0.16957436501979828
INFO:root:Epoch: 41, Iteration: 294, Loss: 0.14231213927268982
INFO:root:Validation set mIOU: 79.48886011645294
INFO:root:Epoch: 42, Iteration: 295, Loss: 0.16629564762115479
INFO:root:Epoch: 42, Iteration: 296, Loss: 0.14869698882102966
INFO:root:Epoch: 42, Iteration: 297, Loss: 0.17559906840324402
INFO:root:Epoch: 42, Iteration: 298, Loss: 0.12560752034187317
INFO:root:Epoch: 42, Iteration: 299, Loss: 0.15445077419281006
INFO:root:Epoch: 42, Iteration: 300, Loss: 0.12981241941452026
INFO:root:Epoch: 42, Iteration: 301, Loss: 0.11953172832727432
INFO:root:Validation set mIOU: 81.09252133031019
INFO:root:Epoch: 43, Iteration: 302, Loss: 0.12398502975702286
INFO:root:Epoch: 43, Iteration: 303, Loss: 0.13137350976467133
INFO:root:Epoch: 43, Iteration: 304, Loss: 0.13205796480178833
INFO:root:Epoch: 43, Iteration: 305, Loss: 0.1313258558511734
INFO:root:Epoch: 43, Iteration: 306, Loss: 0.11035653948783875
INFO:root:Epoch: 43, Iteration: 307, Loss: 0.21706964075565338
INFO:root:Epoch: 43, Iteration: 308, Loss: 0.10832276940345764
INFO:root:Validation set mIOU: 80.42754964486781
INFO:root:Epoch: 44, Iteration: 309, Loss: 0.13212256133556366
INFO:root:Epoch: 44, Iteration: 310, Loss: 0.11460164934396744
INFO:root:Epoch: 44, Iteration: 311, Loss: 0.1226990818977356
INFO:root:Epoch: 44, Iteration: 312, Loss: 0.10602671653032303
INFO:root:Epoch: 44, Iteration: 313, Loss: 0.17012076079845428
INFO:root:Epoch: 44, Iteration: 314, Loss: 0.14617334306240082
INFO:root:Epoch: 44, Iteration: 315, Loss: 0.14000877737998962
INFO:root:Validation set mIOU: 81.04309517544478
INFO:root:Epoch: 45, Iteration: 316, Loss: 0.12225387245416641
INFO:root:Epoch: 45, Iteration: 317, Loss: 0.16987457871437073
INFO:root:Epoch: 45, Iteration: 318, Loss: 0.1193389743566513
INFO:root:Epoch: 45, Iteration: 319, Loss: 0.09504931420087814
INFO:root:Epoch: 45, Iteration: 320, Loss: 0.18742401897907257
INFO:root:Epoch: 45, Iteration: 321, Loss: 0.13268491625785828
INFO:root:Epoch: 45, Iteration: 322, Loss: 0.205478698015213
INFO:root:Validation set mIOU: 80.64227780916772
INFO:root:Epoch: 46, Iteration: 323, Loss: 0.11083526909351349
INFO:root:Epoch: 46, Iteration: 324, Loss: 0.13033346831798553
INFO:root:Epoch: 46, Iteration: 325, Loss: 0.1413346379995346
INFO:root:Epoch: 46, Iteration: 326, Loss: 0.11342263221740723
INFO:root:Epoch: 46, Iteration: 327, Loss: 0.10760694742202759
INFO:root:Epoch: 46, Iteration: 328, Loss: 0.14140315353870392
INFO:root:Epoch: 46, Iteration: 329, Loss: 0.13493786752223969
INFO:root:Validation set mIOU: 80.32173802470099
INFO:root:Epoch: 47, Iteration: 330, Loss: 0.12272202968597412
INFO:root:Epoch: 47, Iteration: 331, Loss: 0.10708044469356537
INFO:root:Epoch: 47, Iteration: 332, Loss: 0.12249805778265
INFO:root:Epoch: 47, Iteration: 333, Loss: 0.13788126409053802
INFO:root:Epoch: 47, Iteration: 334, Loss: 0.12358950823545456
INFO:root:Epoch: 47, Iteration: 335, Loss: 0.14021676778793335
INFO:root:Epoch: 47, Iteration: 336, Loss: 0.14082834124565125
INFO:root:Validation set mIOU: 80.65850209526279
INFO:root:Epoch: 48, Iteration: 337, Loss: 0.1555279642343521
INFO:root:Epoch: 48, Iteration: 338, Loss: 0.15554594993591309
INFO:root:Epoch: 48, Iteration: 339, Loss: 0.09337173402309418
INFO:root:Epoch: 48, Iteration: 340, Loss: 0.09844894707202911
INFO:root:Epoch: 48, Iteration: 341, Loss: 0.19229698181152344
INFO:root:Epoch: 48, Iteration: 342, Loss: 0.12735304236412048
INFO:root:Epoch: 48, Iteration: 343, Loss: 0.16455361247062683
INFO:root:Validation set mIOU: 81.15037194998817
INFO:root:Epoch: 49, Iteration: 344, Loss: 0.12949520349502563
INFO:root:Epoch: 49, Iteration: 345, Loss: 0.13226817548274994
INFO:root:Epoch: 49, Iteration: 346, Loss: 0.0896347388625145
INFO:root:Epoch: 49, Iteration: 347, Loss: 0.15810564160346985
INFO:root:Epoch: 49, Iteration: 348, Loss: 0.12426235526800156
INFO:root:Epoch: 49, Iteration: 349, Loss: 0.14964823424816132
INFO:root:Epoch: 49, Iteration: 350, Loss: 0.11633963882923126
INFO:root:Validation set mIOU: 80.8786107171499
INFO:root:Epoch: 50, Iteration: 351, Loss: 0.09632587432861328
INFO:root:Epoch: 50, Iteration: 352, Loss: 0.13666431605815887
INFO:root:Epoch: 50, Iteration: 353, Loss: 0.16358424723148346
INFO:root:Epoch: 50, Iteration: 354, Loss: 0.12281012535095215
INFO:root:Epoch: 50, Iteration: 355, Loss: 0.24005745351314545
INFO:root:Epoch: 50, Iteration: 356, Loss: 0.17744755744934082
INFO:root:Epoch: 50, Iteration: 357, Loss: 0.1115419790148735
INFO:root:Validation set mIOU: 81.4361118350576
INFO:root:Epoch: 51, Iteration: 358, Loss: 0.10247934609651566
INFO:root:Epoch: 51, Iteration: 359, Loss: 0.1391390860080719
INFO:root:Epoch: 51, Iteration: 360, Loss: 0.14082743227481842
INFO:root:Epoch: 51, Iteration: 361, Loss: 0.11516503244638443
INFO:root:Epoch: 51, Iteration: 362, Loss: 0.11267304420471191
INFO:root:Epoch: 51, Iteration: 363, Loss: 0.1349426805973053
INFO:root:Epoch: 51, Iteration: 364, Loss: 0.11735612154006958
INFO:root:Validation set mIOU: 80.92222553510639
INFO:root:Epoch: 52, Iteration: 365, Loss: 0.14664174616336823
INFO:root:Epoch: 52, Iteration: 366, Loss: 0.11786189675331116
INFO:root:Epoch: 52, Iteration: 367, Loss: 0.1473766565322876
INFO:root:Epoch: 52, Iteration: 368, Loss: 0.10652464628219604
INFO:root:Epoch: 52, Iteration: 369, Loss: 0.1355971246957779
INFO:root:Epoch: 52, Iteration: 370, Loss: 0.09712444990873337
INFO:root:Epoch: 52, Iteration: 371, Loss: 0.1535492092370987
INFO:root:Validation set mIOU: 80.26549333949467
INFO:root:Epoch: 53, Iteration: 372, Loss: 0.10935164242982864
INFO:root:Epoch: 53, Iteration: 373, Loss: 0.14612571895122528
INFO:root:Epoch: 53, Iteration: 374, Loss: 0.13039936125278473
INFO:root:Epoch: 53, Iteration: 375, Loss: 0.13014179468154907
INFO:root:Epoch: 53, Iteration: 376, Loss: 0.11542804539203644
INFO:root:Epoch: 53, Iteration: 377, Loss: 0.10334189981222153
INFO:root:Epoch: 53, Iteration: 378, Loss: 0.15907405316829681
INFO:root:Validation set mIOU: 80.53767407251365
INFO:root:Epoch: 54, Iteration: 379, Loss: 0.12109585851430893
INFO:root:Epoch: 54, Iteration: 380, Loss: 0.12923577427864075
INFO:root:Epoch: 54, Iteration: 381, Loss: 0.11470450460910797
INFO:root:Epoch: 54, Iteration: 382, Loss: 0.11146855354309082
INFO:root:Epoch: 54, Iteration: 383, Loss: 0.10757900774478912
INFO:root:Epoch: 54, Iteration: 384, Loss: 0.11411309242248535
INFO:root:Epoch: 54, Iteration: 385, Loss: 0.1239052563905716
INFO:root:Validation set mIOU: 80.80110218850879
INFO:root:Epoch: 55, Iteration: 386, Loss: 0.12036255747079849
INFO:root:Epoch: 55, Iteration: 387, Loss: 0.11694055795669556
INFO:root:Epoch: 55, Iteration: 388, Loss: 0.12154038995504379
INFO:root:Epoch: 55, Iteration: 389, Loss: 0.1192999854683876
INFO:root:Epoch: 55, Iteration: 390, Loss: 0.1148688867688179
INFO:root:Epoch: 55, Iteration: 391, Loss: 0.11586584150791168
INFO:root:Epoch: 55, Iteration: 392, Loss: 0.10023567825555801
INFO:root:Validation set mIOU: 81.37896504101279
INFO:root:Epoch: 56, Iteration: 393, Loss: 0.09272938221693039
INFO:root:Epoch: 56, Iteration: 394, Loss: 0.14681793749332428
INFO:root:Epoch: 56, Iteration: 395, Loss: 0.11473321169614792
INFO:root:Epoch: 56, Iteration: 396, Loss: 0.14162591099739075
INFO:root:Epoch: 56, Iteration: 397, Loss: 0.11552845686674118
INFO:root:Epoch: 56, Iteration: 398, Loss: 0.10929799824953079
INFO:root:Epoch: 56, Iteration: 399, Loss: 0.10399547219276428
INFO:root:Validation set mIOU: 80.86809890765184
INFO:root:Epoch: 57, Iteration: 400, Loss: 0.14293891191482544
INFO:root:Epoch: 57, Iteration: 401, Loss: 0.1367567926645279
INFO:root:Epoch: 57, Iteration: 402, Loss: 0.134023979306221
INFO:root:Epoch: 57, Iteration: 403, Loss: 0.12290138751268387
INFO:root:Epoch: 57, Iteration: 404, Loss: 0.10277052968740463
INFO:root:Epoch: 57, Iteration: 405, Loss: 0.13621506094932556
INFO:root:Epoch: 57, Iteration: 406, Loss: 0.11497163772583008
INFO:root:Validation set mIOU: 81.38569605905091
INFO:root:Epoch: 58, Iteration: 407, Loss: 0.10048093646764755
INFO:root:Epoch: 58, Iteration: 408, Loss: 0.10286737233400345
INFO:root:Epoch: 58, Iteration: 409, Loss: 0.13058209419250488
INFO:root:Epoch: 58, Iteration: 410, Loss: 0.0955498144030571
INFO:root:Epoch: 58, Iteration: 411, Loss: 0.10273256152868271
INFO:root:Epoch: 58, Iteration: 412, Loss: 0.11027892678976059
INFO:root:Epoch: 58, Iteration: 413, Loss: 0.17251010239124298
INFO:root:Validation set mIOU: 80.57545763602887
INFO:root:Epoch: 59, Iteration: 414, Loss: 0.12479101121425629
INFO:root:Epoch: 59, Iteration: 415, Loss: 0.12456609308719635
INFO:root:Epoch: 59, Iteration: 416, Loss: 0.09082981199026108
INFO:root:Epoch: 59, Iteration: 417, Loss: 0.0940890982747078
INFO:root:Epoch: 59, Iteration: 418, Loss: 0.12403890490531921
INFO:root:Epoch: 59, Iteration: 419, Loss: 0.11936035752296448
INFO:root:Epoch: 59, Iteration: 420, Loss: 0.11784283071756363
INFO:root:Validation set mIOU: 81.16074073776231
INFO:root:Epoch: 60, Iteration: 421, Loss: 0.10696418583393097
INFO:root:Epoch: 60, Iteration: 422, Loss: 0.12842005491256714
INFO:root:Epoch: 60, Iteration: 423, Loss: 0.08940086513757706
INFO:root:Epoch: 60, Iteration: 424, Loss: 0.1023993119597435
INFO:root:Epoch: 60, Iteration: 425, Loss: 0.14745020866394043
INFO:root:Epoch: 60, Iteration: 426, Loss: 0.13862153887748718
INFO:root:Epoch: 60, Iteration: 427, Loss: 0.09895238280296326
INFO:root:Validation set mIOU: 80.59873435193423
INFO:root:Epoch: 61, Iteration: 428, Loss: 0.12451805919408798
INFO:root:Epoch: 61, Iteration: 429, Loss: 0.10630308091640472
INFO:root:Epoch: 61, Iteration: 430, Loss: 0.13181716203689575
INFO:root:Epoch: 61, Iteration: 431, Loss: 0.10088902711868286
INFO:root:Epoch: 61, Iteration: 432, Loss: 0.1092904731631279
INFO:root:Epoch: 61, Iteration: 433, Loss: 0.10533931106328964
INFO:root:Epoch: 61, Iteration: 434, Loss: 0.13980349898338318
INFO:root:Validation set mIOU: 80.77932910770406
INFO:root:Epoch: 62, Iteration: 435, Loss: 0.12763996422290802
INFO:root:Epoch: 62, Iteration: 436, Loss: 0.1296236366033554
INFO:root:Epoch: 62, Iteration: 437, Loss: 0.12538309395313263
INFO:root:Epoch: 62, Iteration: 438, Loss: 0.11503548175096512
INFO:root:Epoch: 62, Iteration: 439, Loss: 0.13925155997276306
INFO:root:Epoch: 62, Iteration: 440, Loss: 0.13980922102928162
INFO:root:Epoch: 62, Iteration: 441, Loss: 0.10959417372941971
INFO:root:Validation set mIOU: 81.11572348822637
INFO:root:Epoch: 63, Iteration: 442, Loss: 0.13000978529453278
INFO:root:Epoch: 63, Iteration: 443, Loss: 0.13193632662296295
INFO:root:Epoch: 63, Iteration: 444, Loss: 0.12057249248027802
INFO:root:Epoch: 63, Iteration: 445, Loss: 0.10189735889434814
INFO:root:Epoch: 63, Iteration: 446, Loss: 0.1285918653011322
INFO:root:Epoch: 63, Iteration: 447, Loss: 0.1393062174320221
INFO:root:Epoch: 63, Iteration: 448, Loss: 0.10017809271812439
INFO:root:Validation set mIOU: 81.49129883045597
INFO:root:Epoch: 64, Iteration: 449, Loss: 0.11997554451227188
INFO:root:Epoch: 64, Iteration: 450, Loss: 0.11426253616809845
INFO:root:Epoch: 64, Iteration: 451, Loss: 0.09859562665224075
INFO:root:Epoch: 64, Iteration: 452, Loss: 0.12995469570159912
INFO:root:Epoch: 64, Iteration: 453, Loss: 0.13480345904827118
INFO:root:Epoch: 64, Iteration: 454, Loss: 0.1400170624256134
INFO:root:Epoch: 64, Iteration: 455, Loss: 0.10875283926725388
INFO:root:Validation set mIOU: 80.65707278913167
INFO:root:Epoch: 65, Iteration: 456, Loss: 0.13436689972877502
INFO:root:Epoch: 65, Iteration: 457, Loss: 0.11820836365222931
INFO:root:Epoch: 65, Iteration: 458, Loss: 0.1716410368680954
INFO:root:Epoch: 65, Iteration: 459, Loss: 0.1563810408115387
INFO:root:Epoch: 65, Iteration: 460, Loss: 0.12805384397506714
INFO:root:Epoch: 65, Iteration: 461, Loss: 0.15723535418510437
INFO:root:Epoch: 65, Iteration: 462, Loss: 0.09828052669763565
INFO:root:Validation set mIOU: 81.35936135025803
INFO:root:Epoch: 66, Iteration: 463, Loss: 0.09057657420635223
INFO:root:Epoch: 66, Iteration: 464, Loss: 0.15329241752624512
INFO:root:Epoch: 66, Iteration: 465, Loss: 0.12359312921762466
INFO:root:Epoch: 66, Iteration: 466, Loss: 0.11887314170598984
INFO:root:Epoch: 66, Iteration: 467, Loss: 0.11314506083726883
INFO:root:Epoch: 66, Iteration: 468, Loss: 0.08917256444692612
INFO:root:Epoch: 66, Iteration: 469, Loss: 0.12149219959974289
INFO:root:Validation set mIOU: 81.03394168177587
INFO:root:Epoch: 67, Iteration: 470, Loss: 0.14194944500923157
INFO:root:Epoch: 67, Iteration: 471, Loss: 0.09802526980638504
INFO:root:Epoch: 67, Iteration: 472, Loss: 0.13571883738040924
INFO:root:Epoch: 67, Iteration: 473, Loss: 0.18463820219039917
INFO:root:Epoch: 67, Iteration: 474, Loss: 0.09644496440887451
INFO:root:Epoch: 67, Iteration: 475, Loss: 0.1587684452533722
INFO:root:Epoch: 67, Iteration: 476, Loss: 0.12411804497241974
INFO:root:Validation set mIOU: 81.15939027525633
INFO:root:Epoch: 68, Iteration: 477, Loss: 0.10945315659046173
INFO:root:Epoch: 68, Iteration: 478, Loss: 0.10434810072183609
INFO:root:Epoch: 68, Iteration: 479, Loss: 0.12078000605106354
INFO:root:Epoch: 68, Iteration: 480, Loss: 0.1665540486574173
INFO:root:Epoch: 68, Iteration: 481, Loss: 0.13805195689201355
INFO:root:Epoch: 68, Iteration: 482, Loss: 0.1636841744184494
INFO:root:Epoch: 68, Iteration: 483, Loss: 0.1301792711019516
INFO:root:Validation set mIOU: 80.87374720940836
INFO:root:Epoch: 69, Iteration: 484, Loss: 0.1527690589427948
INFO:root:Epoch: 69, Iteration: 485, Loss: 0.11753465235233307
INFO:root:Epoch: 69, Iteration: 486, Loss: 0.1325758397579193
INFO:root:Epoch: 69, Iteration: 487, Loss: 0.1276664435863495
INFO:root:Epoch: 69, Iteration: 488, Loss: 0.12739214301109314
INFO:root:Epoch: 69, Iteration: 489, Loss: 0.1499616503715515
INFO:root:Epoch: 69, Iteration: 490, Loss: 0.11792469769716263
INFO:root:Validation set mIOU: 81.07432887634944
INFO:root:Epoch: 70, Iteration: 491, Loss: 0.09936440736055374
INFO:root:Epoch: 70, Iteration: 492, Loss: 0.11636188626289368
INFO:root:Epoch: 70, Iteration: 493, Loss: 0.12761332094669342
INFO:root:Epoch: 70, Iteration: 494, Loss: 0.11548381298780441
INFO:root:Epoch: 70, Iteration: 495, Loss: 0.1395525187253952
INFO:root:Epoch: 70, Iteration: 496, Loss: 0.1226380467414856
INFO:root:Epoch: 70, Iteration: 497, Loss: 0.1036166250705719
INFO:root:Validation set mIOU: 80.9622178933461
INFO:root:Epoch: 71, Iteration: 498, Loss: 0.10862379521131516
INFO:root:Epoch: 71, Iteration: 499, Loss: 0.13299231231212616
INFO:root:Epoch: 71, Iteration: 500, Loss: 0.12393344193696976
INFO:root:Epoch: 71, Iteration: 501, Loss: 0.14266419410705566
INFO:root:Epoch: 71, Iteration: 502, Loss: 0.14653073251247406
INFO:root:Epoch: 71, Iteration: 503, Loss: 0.11235975474119186
INFO:root:Epoch: 71, Iteration: 504, Loss: 0.133346289396286
INFO:root:Validation set mIOU: 81.4180706368164
INFO:root:Epoch: 72, Iteration: 505, Loss: 0.1319907158613205
INFO:root:Epoch: 72, Iteration: 506, Loss: 0.13105353713035583
INFO:root:Epoch: 72, Iteration: 507, Loss: 0.10577571392059326
INFO:root:Epoch: 72, Iteration: 508, Loss: 0.16024130582809448
INFO:root:Epoch: 72, Iteration: 509, Loss: 0.1404775232076645
INFO:root:Epoch: 72, Iteration: 510, Loss: 0.12512587010860443
INFO:root:Epoch: 72, Iteration: 511, Loss: 0.1279396414756775
INFO:root:Validation set mIOU: 80.91374332170182
INFO:root:Epoch: 73, Iteration: 512, Loss: 0.11982107162475586
INFO:root:Epoch: 73, Iteration: 513, Loss: 0.11861060559749603
INFO:root:Epoch: 73, Iteration: 514, Loss: 0.10894409567117691
INFO:root:Epoch: 73, Iteration: 515, Loss: 0.1103547140955925
INFO:root:Epoch: 73, Iteration: 516, Loss: 0.11639761924743652
INFO:root:Epoch: 73, Iteration: 517, Loss: 0.11418117582798004
INFO:root:Epoch: 73, Iteration: 518, Loss: 0.10489008575677872
INFO:root:Validation set mIOU: 81.19600118123645
INFO:root:Epoch: 74, Iteration: 519, Loss: 0.09180890023708344
INFO:root:Epoch: 74, Iteration: 520, Loss: 0.14262664318084717
INFO:root:Epoch: 74, Iteration: 521, Loss: 0.13151635229587555
INFO:root:Epoch: 74, Iteration: 522, Loss: 0.1271592080593109
INFO:root:Epoch: 74, Iteration: 523, Loss: 0.12417890876531601
INFO:root:Epoch: 74, Iteration: 524, Loss: 0.13394637405872345
INFO:root:Epoch: 74, Iteration: 525, Loss: 0.11402168869972229
INFO:root:Validation set mIOU: 81.38975250738079
INFO:root:Epoch: 75, Iteration: 526, Loss: 0.10777674615383148
INFO:root:Epoch: 75, Iteration: 527, Loss: 0.13182270526885986
INFO:root:Epoch: 75, Iteration: 528, Loss: 0.15633907914161682
INFO:root:Epoch: 75, Iteration: 529, Loss: 0.16332104802131653
INFO:root:Epoch: 75, Iteration: 530, Loss: 0.18469245731830597
INFO:root:Epoch: 75, Iteration: 531, Loss: 0.10855666548013687
INFO:root:Epoch: 75, Iteration: 532, Loss: 0.14817498624324799
INFO:root:Validation set mIOU: 81.75047611821253
INFO:root:Epoch: 76, Iteration: 533, Loss: 0.11858619749546051
INFO:root:Epoch: 76, Iteration: 534, Loss: 0.12128350883722305
INFO:root:Epoch: 76, Iteration: 535, Loss: 0.13125842809677124
INFO:root:Epoch: 76, Iteration: 536, Loss: 0.1343773454427719
INFO:root:Epoch: 76, Iteration: 537, Loss: 0.11788426339626312
INFO:root:Epoch: 76, Iteration: 538, Loss: 0.11795782297849655
INFO:root:Epoch: 76, Iteration: 539, Loss: 0.09388493001461029
INFO:root:Validation set mIOU: 81.15391141165208
INFO:root:Epoch: 77, Iteration: 540, Loss: 0.13699840009212494
INFO:root:Epoch: 77, Iteration: 541, Loss: 0.107808917760849
INFO:root:Epoch: 77, Iteration: 542, Loss: 0.10633056610822678
INFO:root:Epoch: 77, Iteration: 543, Loss: 0.11796067655086517
INFO:root:Epoch: 77, Iteration: 544, Loss: 0.10491491854190826
INFO:root:Epoch: 77, Iteration: 545, Loss: 0.11344178020954132
INFO:root:Epoch: 77, Iteration: 546, Loss: 0.11080929636955261
INFO:root:Validation set mIOU: 80.45868052495146
INFO:root:Epoch: 78, Iteration: 547, Loss: 0.10171214491128922
INFO:root:Epoch: 78, Iteration: 548, Loss: 0.14812937378883362
INFO:root:Epoch: 78, Iteration: 549, Loss: 0.13599535822868347
INFO:root:Epoch: 78, Iteration: 550, Loss: 0.10833679884672165
INFO:root:Epoch: 78, Iteration: 551, Loss: 0.1170685812830925
INFO:root:Epoch: 78, Iteration: 552, Loss: 0.10671505331993103
INFO:root:Epoch: 78, Iteration: 553, Loss: 0.11074300110340118
INFO:root:Validation set mIOU: 81.33390201799945
INFO:root:Epoch: 79, Iteration: 554, Loss: 0.12100426852703094
INFO:root:Epoch: 79, Iteration: 555, Loss: 0.14640285074710846
INFO:root:Epoch: 79, Iteration: 556, Loss: 0.1102311983704567
INFO:root:Epoch: 79, Iteration: 557, Loss: 0.13259294629096985
INFO:root:Epoch: 79, Iteration: 558, Loss: 0.13800469040870667
INFO:root:Epoch: 79, Iteration: 559, Loss: 0.12601108849048615
INFO:root:Epoch: 79, Iteration: 560, Loss: 0.11458234488964081
INFO:root:Validation set mIOU: 81.45218237591271
INFO:root:Epoch: 80, Iteration: 561, Loss: 0.11944413930177689
INFO:root:Epoch: 80, Iteration: 562, Loss: 0.0986040011048317
INFO:root:Epoch: 80, Iteration: 563, Loss: 0.11417941749095917
INFO:root:Epoch: 80, Iteration: 564, Loss: 0.12084583193063736
INFO:root:Epoch: 80, Iteration: 565, Loss: 0.10528386384248734
INFO:root:Epoch: 80, Iteration: 566, Loss: 0.10424520075321198
INFO:root:Epoch: 80, Iteration: 567, Loss: 0.11812109500169754
INFO:root:Validation set mIOU: 80.75381869911683
INFO:root:Epoch: 81, Iteration: 568, Loss: 0.08736234158277512
INFO:root:Epoch: 81, Iteration: 569, Loss: 0.13537892699241638
INFO:root:Epoch: 81, Iteration: 570, Loss: 0.15105772018432617
INFO:root:Epoch: 81, Iteration: 571, Loss: 0.13230498135089874
INFO:root:Epoch: 81, Iteration: 572, Loss: 0.0936344563961029
INFO:root:Epoch: 81, Iteration: 573, Loss: 0.12937511503696442
INFO:root:Epoch: 81, Iteration: 574, Loss: 0.11706860363483429
INFO:root:Validation set mIOU: 80.97138476608038
INFO:root:Epoch: 82, Iteration: 575, Loss: 0.19926384091377258
INFO:root:Epoch: 82, Iteration: 576, Loss: 0.1045897975564003
INFO:root:Epoch: 82, Iteration: 577, Loss: 0.1013435497879982
INFO:root:Epoch: 82, Iteration: 578, Loss: 0.11417435109615326
INFO:root:Epoch: 82, Iteration: 579, Loss: 0.13820543885231018
INFO:root:Epoch: 82, Iteration: 580, Loss: 0.1111397072672844
INFO:root:Epoch: 82, Iteration: 581, Loss: 0.11756104975938797
INFO:root:Validation set mIOU: 81.62349139352717
INFO:root:Epoch: 83, Iteration: 582, Loss: 0.08649581670761108
INFO:root:Epoch: 83, Iteration: 583, Loss: 0.10792740434408188
INFO:root:Epoch: 83, Iteration: 584, Loss: 0.11431636661291122
INFO:root:Epoch: 83, Iteration: 585, Loss: 0.12099673599004745
INFO:root:Epoch: 83, Iteration: 586, Loss: 0.1375214010477066
INFO:root:Epoch: 83, Iteration: 587, Loss: 0.09983192384243011
INFO:root:Epoch: 83, Iteration: 588, Loss: 0.16127870976924896
INFO:root:Validation set mIOU: 81.50787551705292
INFO:root:Epoch: 84, Iteration: 589, Loss: 0.11681166291236877
INFO:root:Epoch: 84, Iteration: 590, Loss: 0.0991346538066864
INFO:root:Epoch: 84, Iteration: 591, Loss: 0.1692107617855072
INFO:root:Epoch: 84, Iteration: 592, Loss: 0.13943183422088623
INFO:root:Epoch: 84, Iteration: 593, Loss: 0.096399687230587
INFO:root:Epoch: 84, Iteration: 594, Loss: 0.11368612200021744
INFO:root:Epoch: 84, Iteration: 595, Loss: 0.11429852247238159
INFO:root:Validation set mIOU: 81.56820448998162
INFO:root:Epoch: 85, Iteration: 596, Loss: 0.12747152149677277
INFO:root:Epoch: 85, Iteration: 597, Loss: 0.1071292981505394
INFO:root:Epoch: 85, Iteration: 598, Loss: 0.09630528092384338
INFO:root:Epoch: 85, Iteration: 599, Loss: 0.09341172873973846
INFO:root:Epoch: 85, Iteration: 600, Loss: 0.1487961858510971
INFO:root:Epoch: 85, Iteration: 601, Loss: 0.11494114995002747
INFO:root:Epoch: 85, Iteration: 602, Loss: 0.14202077686786652
INFO:root:Validation set mIOU: 81.13526770227412
INFO:root:Epoch: 86, Iteration: 603, Loss: 0.11869083344936371
INFO:root:Epoch: 86, Iteration: 604, Loss: 0.13187216222286224
INFO:root:Epoch: 86, Iteration: 605, Loss: 0.13237915933132172
INFO:root:Epoch: 86, Iteration: 606, Loss: 0.1947605162858963
INFO:root:Epoch: 86, Iteration: 607, Loss: 0.10528033971786499
INFO:root:Epoch: 86, Iteration: 608, Loss: 0.13240864872932434
INFO:root:Epoch: 86, Iteration: 609, Loss: 0.11460120975971222
INFO:root:Validation set mIOU: 81.58126712692663
INFO:root:Epoch: 87, Iteration: 610, Loss: 0.11468782275915146
INFO:root:Epoch: 87, Iteration: 611, Loss: 0.139651358127594
INFO:root:Epoch: 87, Iteration: 612, Loss: 0.10463836789131165
INFO:root:Epoch: 87, Iteration: 613, Loss: 0.12866249680519104
INFO:root:Epoch: 87, Iteration: 614, Loss: 0.12922807037830353
INFO:root:Epoch: 87, Iteration: 615, Loss: 0.12613850831985474
INFO:root:Epoch: 87, Iteration: 616, Loss: 0.1293121576309204
INFO:root:Validation set mIOU: 81.7318480154829
INFO:root:Epoch: 88, Iteration: 617, Loss: 0.10432591289281845
INFO:root:Epoch: 88, Iteration: 618, Loss: 0.11636260896921158
INFO:root:Epoch: 88, Iteration: 619, Loss: 0.10025481879711151
INFO:root:Epoch: 88, Iteration: 620, Loss: 0.1334318071603775
INFO:root:Epoch: 88, Iteration: 621, Loss: 0.10993453115224838
INFO:root:Epoch: 88, Iteration: 622, Loss: 0.1040751114487648
INFO:root:Epoch: 88, Iteration: 623, Loss: 0.15437734127044678
INFO:root:Validation set mIOU: 81.27450042907559
INFO:root:Epoch: 89, Iteration: 624, Loss: 0.10899380594491959
INFO:root:Epoch: 89, Iteration: 625, Loss: 0.12943218648433685
INFO:root:Epoch: 89, Iteration: 626, Loss: 0.11417711526155472
INFO:root:Epoch: 89, Iteration: 627, Loss: 0.0966208204627037
INFO:root:Epoch: 89, Iteration: 628, Loss: 0.1478102207183838
INFO:root:Epoch: 89, Iteration: 629, Loss: 0.09044928103685379
INFO:root:Epoch: 89, Iteration: 630, Loss: 0.12381413578987122
INFO:root:Validation set mIOU: 81.06232748989912
INFO:root:Epoch: 90, Iteration: 631, Loss: 0.08851807564496994
INFO:root:Epoch: 90, Iteration: 632, Loss: 0.13966137170791626
INFO:root:Epoch: 90, Iteration: 633, Loss: 0.11967279762029648
INFO:root:Epoch: 90, Iteration: 634, Loss: 0.10073696076869965
INFO:root:Epoch: 90, Iteration: 635, Loss: 0.12575936317443848
INFO:root:Epoch: 90, Iteration: 636, Loss: 0.1610078364610672
INFO:root:Epoch: 90, Iteration: 637, Loss: 0.14105747640132904
INFO:root:Validation set mIOU: 81.06682977017286
INFO:root:Epoch: 91, Iteration: 638, Loss: 0.11455857753753662
INFO:root:Epoch: 91, Iteration: 639, Loss: 0.12051421403884888
INFO:root:Epoch: 91, Iteration: 640, Loss: 0.10976170003414154
INFO:root:Epoch: 91, Iteration: 641, Loss: 0.10030441731214523
INFO:root:Epoch: 91, Iteration: 642, Loss: 0.11940078437328339
INFO:root:Epoch: 91, Iteration: 643, Loss: 0.13287311792373657
INFO:root:Epoch: 91, Iteration: 644, Loss: 0.12093958258628845
INFO:root:Validation set mIOU: 81.13771712247875
INFO:root:Epoch: 92, Iteration: 645, Loss: 0.14193175733089447
INFO:root:Epoch: 92, Iteration: 646, Loss: 0.11982578039169312
INFO:root:Epoch: 92, Iteration: 647, Loss: 0.11528151482343674
INFO:root:Epoch: 92, Iteration: 648, Loss: 0.10743166506290436
INFO:root:Epoch: 92, Iteration: 649, Loss: 0.13196982443332672
INFO:root:Epoch: 92, Iteration: 650, Loss: 0.10292402654886246
INFO:root:Epoch: 92, Iteration: 651, Loss: 0.10193940252065659
INFO:root:Validation set mIOU: 81.41741420030164
INFO:root:Epoch: 93, Iteration: 652, Loss: 0.10028241574764252
INFO:root:Epoch: 93, Iteration: 653, Loss: 0.10602492839097977
INFO:root:Epoch: 93, Iteration: 654, Loss: 0.11348889023065567
INFO:root:Epoch: 93, Iteration: 655, Loss: 0.10511302202939987
INFO:root:Epoch: 93, Iteration: 656, Loss: 0.12887179851531982
INFO:root:Epoch: 93, Iteration: 657, Loss: 0.12083564698696136
INFO:root:Epoch: 93, Iteration: 658, Loss: 0.1150677353143692
INFO:root:Validation set mIOU: 81.62988860668719
INFO:root:Epoch: 94, Iteration: 659, Loss: 0.11525008827447891
INFO:root:Epoch: 94, Iteration: 660, Loss: 0.09978099167346954
INFO:root:Epoch: 94, Iteration: 661, Loss: 0.10208016633987427
INFO:root:Epoch: 94, Iteration: 662, Loss: 0.11036912351846695
INFO:root:Epoch: 94, Iteration: 663, Loss: 0.15365655720233917
INFO:root:Epoch: 94, Iteration: 664, Loss: 0.11302351206541061
INFO:root:Epoch: 94, Iteration: 665, Loss: 0.1114126592874527
INFO:root:Validation set mIOU: 81.63487777347936
INFO:root:Epoch: 95, Iteration: 666, Loss: 0.14432130753993988
INFO:root:Epoch: 95, Iteration: 667, Loss: 0.13439293205738068
INFO:root:Epoch: 95, Iteration: 668, Loss: 0.10901058465242386
INFO:root:Epoch: 95, Iteration: 669, Loss: 0.18722528219223022
INFO:root:Epoch: 95, Iteration: 670, Loss: 0.10055794566869736
INFO:root:Epoch: 95, Iteration: 671, Loss: 0.1108589917421341
INFO:root:Epoch: 95, Iteration: 672, Loss: 0.09669030457735062
INFO:root:Validation set mIOU: 81.61885492158714
INFO:root:Epoch: 96, Iteration: 673, Loss: 0.1201825812458992
INFO:root:Epoch: 96, Iteration: 674, Loss: 0.12432415783405304
INFO:root:Epoch: 96, Iteration: 675, Loss: 0.15399910509586334
INFO:root:Epoch: 96, Iteration: 676, Loss: 0.13553982973098755
INFO:root:Epoch: 96, Iteration: 677, Loss: 0.11957766115665436
INFO:root:Epoch: 96, Iteration: 678, Loss: 0.21007490158081055
INFO:root:Epoch: 96, Iteration: 679, Loss: 0.10331437736749649
INFO:root:Validation set mIOU: 81.4083268236784
INFO:root:Epoch: 97, Iteration: 680, Loss: 0.11006437242031097
INFO:root:Epoch: 97, Iteration: 681, Loss: 0.14433865249156952
INFO:root:Epoch: 97, Iteration: 682, Loss: 0.12264085561037064
INFO:root:Epoch: 97, Iteration: 683, Loss: 0.09694158285856247
INFO:root:Epoch: 97, Iteration: 684, Loss: 0.14818230271339417
INFO:root:Epoch: 97, Iteration: 685, Loss: 0.15644192695617676
INFO:root:Epoch: 97, Iteration: 686, Loss: 0.1155862882733345
INFO:root:Validation set mIOU: 81.67059704797244
INFO:root:Epoch: 98, Iteration: 687, Loss: 0.10974103957414627
INFO:root:Epoch: 98, Iteration: 688, Loss: 0.1050201803445816
INFO:root:Epoch: 98, Iteration: 689, Loss: 0.09929127246141434
INFO:root:Epoch: 98, Iteration: 690, Loss: 0.09735582023859024
INFO:root:Epoch: 98, Iteration: 691, Loss: 0.09262536466121674
INFO:root:Epoch: 98, Iteration: 692, Loss: 0.09932401031255722
INFO:root:Epoch: 98, Iteration: 693, Loss: 0.11145593971014023
INFO:root:Validation set mIOU: 81.65418429166368
INFO:root:Epoch: 99, Iteration: 694, Loss: 0.12536080181598663
INFO:root:Epoch: 99, Iteration: 695, Loss: 0.11564560979604721
INFO:root:Epoch: 99, Iteration: 696, Loss: 0.10618424415588379
INFO:root:Epoch: 99, Iteration: 697, Loss: 0.10312192142009735
INFO:root:Epoch: 99, Iteration: 698, Loss: 0.09261992573738098
INFO:root:Epoch: 99, Iteration: 699, Loss: 0.1284542679786682
INFO:root:Epoch: 99, Iteration: 700, Loss: 0.10546311736106873
INFO:root:Validation set mIOU: 81.3260998632124
