INFO:root:{'addition': 'circular_cutout',
 'backbone': 'resnet101',
 'batch_size': 16,
 'batch_size_consistency': 16,
 'conf_thres': 0.95,
 'config': 'configs/dataset2.yaml',
 'consistency_training': False,
 'crop_size': 320,
 'data_root': './',
 'dataset': 'dataset2',
 'epochs': 100,
 'labeled_id_path': 'dataset/splits/dataset2/1_4/split_random/labeled.txt',
 'lr': 0.0009,
 'model': 'deeplabv2',
 'ngpus': 1,
 'plus': False,
 'pseudo_consistency_mask_path': None,
 'pseudo_mask_path': 'outdir/pseudo_masks/dataset2/1_4/split_random/deeplabv2/resnet101/circular_cutout/self_training/non_consistency_training/first_time',
 'rand_thres': 0.8,
 'reliable_id_path': None,
 'save_path': 'outdir/models/dataset2/1_4/split_random/deeplabv2/resnet101/circular_cutout/self_training/non_consistency_training/first_time',
 'time': 1,
 'unlabeled_id_path': 'dataset/splits/dataset2/1_4/split_random/unlabeled.txt',
 'warm_up': 30}

INFO:root:Training supervised with consistency on unlabeled images
INFO:root:Epoch: 0, Iteration: 1, Loss: 1.9242550134658813
INFO:root:Epoch: 0, Iteration: 2, Loss: 1.4854934215545654
INFO:root:Validation set mIOU: 21.932545556574166
INFO:root:Epoch: 1, Iteration: 3, Loss: 1.3878858089447021
INFO:root:Epoch: 1, Iteration: 4, Loss: 1.3607401847839355
INFO:root:Validation set mIOU: 25.678858166271812
INFO:root:Epoch: 2, Iteration: 5, Loss: 0.8376808762550354
INFO:root:Epoch: 2, Iteration: 6, Loss: 0.8471252918243408
INFO:root:Validation set mIOU: 30.279996656079927
INFO:root:Epoch: 3, Iteration: 7, Loss: 0.8917948603630066
INFO:root:Epoch: 3, Iteration: 8, Loss: 0.5472881197929382
INFO:root:Validation set mIOU: 33.54030873093736
INFO:root:Epoch: 4, Iteration: 9, Loss: 0.6853257417678833
INFO:root:Epoch: 4, Iteration: 10, Loss: 0.6174351572990417
INFO:root:Validation set mIOU: 45.3789653347272
INFO:root:Epoch: 5, Iteration: 11, Loss: 0.5131536722183228
INFO:root:Epoch: 5, Iteration: 12, Loss: 0.47002974152565
INFO:root:Validation set mIOU: 54.457023463068296
INFO:root:Epoch: 6, Iteration: 13, Loss: 0.5183224678039551
INFO:root:Epoch: 6, Iteration: 14, Loss: 0.5216373801231384
INFO:root:Validation set mIOU: 56.16448363580643
INFO:root:Epoch: 7, Iteration: 15, Loss: 0.37292802333831787
INFO:root:Epoch: 7, Iteration: 16, Loss: 0.4602363407611847
INFO:root:Validation set mIOU: 50.852447929404654
INFO:root:Epoch: 8, Iteration: 17, Loss: 0.3615023195743561
INFO:root:Epoch: 8, Iteration: 18, Loss: 0.4569084644317627
INFO:root:Validation set mIOU: 55.585645899203485
INFO:root:Epoch: 9, Iteration: 19, Loss: 0.2533509433269501
INFO:root:Epoch: 9, Iteration: 20, Loss: 0.33522680401802063
INFO:root:Validation set mIOU: 60.65000479954542
INFO:root:Epoch: 10, Iteration: 21, Loss: 0.2982366383075714
INFO:root:Epoch: 10, Iteration: 22, Loss: 0.32717615365982056
INFO:root:Validation set mIOU: 60.72938882407125
INFO:root:Epoch: 11, Iteration: 23, Loss: 0.3144208788871765
INFO:root:Epoch: 11, Iteration: 24, Loss: 0.2949923276901245
INFO:root:Validation set mIOU: 57.96263254294447
INFO:root:Epoch: 12, Iteration: 25, Loss: 0.27320966124534607
INFO:root:Epoch: 12, Iteration: 26, Loss: 0.2732873260974884
INFO:root:Validation set mIOU: 60.84753421445196
INFO:root:Epoch: 13, Iteration: 27, Loss: 0.2680409252643585
INFO:root:Epoch: 13, Iteration: 28, Loss: 0.30334773659706116
INFO:root:Validation set mIOU: 63.98288272764301
INFO:root:Epoch: 14, Iteration: 29, Loss: 0.2703380286693573
INFO:root:Epoch: 14, Iteration: 30, Loss: 0.2346435934305191
INFO:root:Validation set mIOU: 63.02448213521373
INFO:root:Epoch: 15, Iteration: 31, Loss: 0.24168504774570465
INFO:root:Epoch: 15, Iteration: 32, Loss: 0.2239038497209549
INFO:root:Validation set mIOU: 61.43583151237429
INFO:root:Epoch: 16, Iteration: 33, Loss: 0.2280627191066742
INFO:root:Epoch: 16, Iteration: 34, Loss: 0.2453216016292572
INFO:root:Validation set mIOU: 62.983981316843376
INFO:root:Epoch: 17, Iteration: 35, Loss: 0.2673203945159912
INFO:root:Epoch: 17, Iteration: 36, Loss: 0.20293422043323517
INFO:root:Validation set mIOU: 65.46262278957833
INFO:root:Epoch: 18, Iteration: 37, Loss: 0.22206206619739532
INFO:root:Epoch: 18, Iteration: 38, Loss: 0.2476675659418106
INFO:root:Validation set mIOU: 66.51243497436516
INFO:root:Epoch: 19, Iteration: 39, Loss: 0.23335504531860352
INFO:root:Epoch: 19, Iteration: 40, Loss: 0.22067412734031677
INFO:root:Validation set mIOU: 67.04834284429579
INFO:root:Epoch: 20, Iteration: 41, Loss: 0.21680012345314026
INFO:root:Epoch: 20, Iteration: 42, Loss: 0.1874145269393921
INFO:root:Validation set mIOU: 65.94621084153101
INFO:root:Epoch: 21, Iteration: 43, Loss: 0.2517627775669098
INFO:root:Epoch: 21, Iteration: 44, Loss: 0.28486815094947815
INFO:root:Validation set mIOU: 65.49084980129263
INFO:root:Epoch: 22, Iteration: 45, Loss: 0.16574643552303314
INFO:root:Epoch: 22, Iteration: 46, Loss: 0.20065584778785706
INFO:root:Validation set mIOU: 67.1364627135128
INFO:root:Epoch: 23, Iteration: 47, Loss: 0.19827775657176971
INFO:root:Epoch: 23, Iteration: 48, Loss: 0.22365616261959076
INFO:root:Validation set mIOU: 68.34294967963802
INFO:root:Epoch: 24, Iteration: 49, Loss: 0.2145511507987976
INFO:root:Epoch: 24, Iteration: 50, Loss: 0.17523148655891418
INFO:root:Validation set mIOU: 67.21153867880051
INFO:root:Epoch: 25, Iteration: 51, Loss: 0.19029048085212708
INFO:root:Epoch: 25, Iteration: 52, Loss: 0.15406261384487152
INFO:root:Validation set mIOU: 66.69342936380224
INFO:root:Epoch: 26, Iteration: 53, Loss: 0.21338333189487457
INFO:root:Epoch: 26, Iteration: 54, Loss: 0.30050402879714966
INFO:root:Validation set mIOU: 67.8938892045159
INFO:root:Epoch: 27, Iteration: 55, Loss: 0.159939244389534
INFO:root:Epoch: 27, Iteration: 56, Loss: 0.177390918135643
INFO:root:Validation set mIOU: 69.47466282003224
INFO:root:Epoch: 28, Iteration: 57, Loss: 0.1637033373117447
INFO:root:Epoch: 28, Iteration: 58, Loss: 0.17641139030456543
INFO:root:Validation set mIOU: 69.19929692164854
INFO:root:Epoch: 29, Iteration: 59, Loss: 0.16960741579532623
INFO:root:Epoch: 29, Iteration: 60, Loss: 0.17845416069030762
INFO:root:Validation set mIOU: 68.12160689817121
INFO:root:Epoch: 30, Iteration: 61, Loss: 0.15664687752723694
INFO:root:Epoch: 30, Iteration: 62, Loss: 0.17663933336734772
INFO:root:Validation set mIOU: 67.53396653077134
INFO:root:Epoch: 31, Iteration: 63, Loss: 0.18020620942115784
INFO:root:Epoch: 31, Iteration: 64, Loss: 0.19851061701774597
INFO:root:Validation set mIOU: 68.77612108250601
INFO:root:Epoch: 32, Iteration: 65, Loss: 0.16828453540802002
INFO:root:Epoch: 32, Iteration: 66, Loss: 0.16109217703342438
INFO:root:Validation set mIOU: 69.86070655397518
INFO:root:Epoch: 33, Iteration: 67, Loss: 0.19067193567752838
INFO:root:Epoch: 33, Iteration: 68, Loss: 0.14746245741844177
INFO:root:Validation set mIOU: 70.22986659556216
INFO:root:Epoch: 34, Iteration: 69, Loss: 0.17792578041553497
INFO:root:Epoch: 34, Iteration: 70, Loss: 0.1645682007074356
INFO:root:Validation set mIOU: 69.87697962842057
INFO:root:Epoch: 35, Iteration: 71, Loss: 0.15141522884368896
INFO:root:Epoch: 35, Iteration: 72, Loss: 0.19616581499576569
INFO:root:Validation set mIOU: 68.6768684247676
INFO:root:Epoch: 36, Iteration: 73, Loss: 0.12510763108730316
INFO:root:Epoch: 36, Iteration: 74, Loss: 0.17713908851146698
INFO:root:Validation set mIOU: 68.44717605814711
INFO:root:Epoch: 37, Iteration: 75, Loss: 0.15107296407222748
INFO:root:Epoch: 37, Iteration: 76, Loss: 0.14772352576255798
INFO:root:Validation set mIOU: 69.54772506369675
INFO:root:Epoch: 38, Iteration: 77, Loss: 0.19093573093414307
INFO:root:Epoch: 38, Iteration: 78, Loss: 0.16018624603748322
INFO:root:Validation set mIOU: 70.54547358683917
INFO:root:Epoch: 39, Iteration: 79, Loss: 0.1324949562549591
INFO:root:Epoch: 39, Iteration: 80, Loss: 0.20469722151756287
INFO:root:Validation set mIOU: 71.00159276486072
INFO:root:Epoch: 40, Iteration: 81, Loss: 0.17279472947120667
INFO:root:Epoch: 40, Iteration: 82, Loss: 0.1593232899904251
INFO:root:Validation set mIOU: 70.70894650877709
INFO:root:Epoch: 41, Iteration: 83, Loss: 0.18215902149677277
INFO:root:Epoch: 41, Iteration: 84, Loss: 0.14529569447040558
INFO:root:Validation set mIOU: 69.16405727300801
INFO:root:Epoch: 42, Iteration: 85, Loss: 0.14330829679965973
INFO:root:Epoch: 42, Iteration: 86, Loss: 0.1495116800069809
INFO:root:Validation set mIOU: 67.98192950804895
INFO:root:Epoch: 43, Iteration: 87, Loss: 0.15988607704639435
INFO:root:Epoch: 43, Iteration: 88, Loss: 0.14109879732131958
INFO:root:Validation set mIOU: 69.00203837828592
INFO:root:Epoch: 44, Iteration: 89, Loss: 0.14771778881549835
INFO:root:Epoch: 44, Iteration: 90, Loss: 0.12317392975091934
INFO:root:Validation set mIOU: 70.13877026933314
INFO:root:Epoch: 45, Iteration: 91, Loss: 0.15056771039962769
INFO:root:Epoch: 45, Iteration: 92, Loss: 0.14250165224075317
INFO:root:Validation set mIOU: 70.66352789751993
INFO:root:Epoch: 46, Iteration: 93, Loss: 0.15008260309696198
INFO:root:Epoch: 46, Iteration: 94, Loss: 0.14773568511009216
INFO:root:Validation set mIOU: 70.8618069303729
INFO:root:Epoch: 47, Iteration: 95, Loss: 0.13813862204551697
INFO:root:Epoch: 47, Iteration: 96, Loss: 0.15991298854351044
INFO:root:Validation set mIOU: 70.36893319031783
INFO:root:Epoch: 48, Iteration: 97, Loss: 0.13779719173908234
INFO:root:Epoch: 48, Iteration: 98, Loss: 0.1445973664522171
INFO:root:Validation set mIOU: 69.43711021416671
INFO:root:Epoch: 49, Iteration: 99, Loss: 0.13255605101585388
INFO:root:Epoch: 49, Iteration: 100, Loss: 0.15272526443004608
INFO:root:Validation set mIOU: 69.08937968524734
INFO:root:Epoch: 50, Iteration: 101, Loss: 0.181517094373703
INFO:root:Epoch: 50, Iteration: 102, Loss: 0.12121026962995529
INFO:root:Validation set mIOU: 70.3717286178219
INFO:root:Epoch: 51, Iteration: 103, Loss: 0.15911926329135895
INFO:root:Epoch: 51, Iteration: 104, Loss: 0.1457909792661667
INFO:root:Validation set mIOU: 71.43307040497575
INFO:root:Epoch: 52, Iteration: 105, Loss: 0.16286496818065643
INFO:root:Epoch: 52, Iteration: 106, Loss: 0.14626657962799072
INFO:root:Validation set mIOU: 72.01921224145985
INFO:root:Epoch: 53, Iteration: 107, Loss: 0.1382284015417099
INFO:root:Epoch: 53, Iteration: 108, Loss: 0.15118107199668884
INFO:root:Validation set mIOU: 72.46047192346619
INFO:root:Epoch: 54, Iteration: 109, Loss: 0.1277826428413391
INFO:root:Epoch: 54, Iteration: 110, Loss: 0.1628686487674713
INFO:root:Validation set mIOU: 71.8524500072042
INFO:root:Epoch: 55, Iteration: 111, Loss: 0.1448689103126526
INFO:root:Epoch: 55, Iteration: 112, Loss: 0.14024466276168823
INFO:root:Validation set mIOU: 70.83750620861898
INFO:root:Epoch: 56, Iteration: 113, Loss: 0.12764912843704224
INFO:root:Epoch: 56, Iteration: 114, Loss: 0.15063199400901794
INFO:root:Validation set mIOU: 70.82162427902169
INFO:root:Epoch: 57, Iteration: 115, Loss: 0.16093197464942932
INFO:root:Epoch: 57, Iteration: 116, Loss: 0.10964763164520264
INFO:root:Validation set mIOU: 71.42752030107845
INFO:root:Epoch: 58, Iteration: 117, Loss: 0.122755266726017
INFO:root:Epoch: 58, Iteration: 118, Loss: 0.13023799657821655
INFO:root:Validation set mIOU: 71.3376712005512
INFO:root:Epoch: 59, Iteration: 119, Loss: 0.14878502488136292
INFO:root:Epoch: 59, Iteration: 120, Loss: 0.14989440143108368
INFO:root:Validation set mIOU: 71.4548748981747
INFO:root:Epoch: 60, Iteration: 121, Loss: 0.12251625210046768
INFO:root:Epoch: 60, Iteration: 122, Loss: 0.1403408646583557
INFO:root:Validation set mIOU: 71.87995279280543
INFO:root:Epoch: 61, Iteration: 123, Loss: 0.13978692889213562
INFO:root:Epoch: 61, Iteration: 124, Loss: 0.1253739297389984
INFO:root:Validation set mIOU: 72.3899643713121
INFO:root:Epoch: 62, Iteration: 125, Loss: 0.12411051988601685
INFO:root:Epoch: 62, Iteration: 126, Loss: 0.13050773739814758
INFO:root:Validation set mIOU: 72.713019032267
INFO:root:Epoch: 63, Iteration: 127, Loss: 0.12823574244976044
INFO:root:Epoch: 63, Iteration: 128, Loss: 0.17918626964092255
INFO:root:Validation set mIOU: 72.6663278773108
INFO:root:Epoch: 64, Iteration: 129, Loss: 0.13186217844486237
INFO:root:Epoch: 64, Iteration: 130, Loss: 0.1638837605714798
INFO:root:Validation set mIOU: 72.61781297735351
INFO:root:Epoch: 65, Iteration: 131, Loss: 0.14287953078746796
INFO:root:Epoch: 65, Iteration: 132, Loss: 0.11786635965108871
INFO:root:Validation set mIOU: 72.9502540967363
INFO:root:Epoch: 66, Iteration: 133, Loss: 0.15226082503795624
INFO:root:Epoch: 66, Iteration: 134, Loss: 0.12862849235534668
INFO:root:Validation set mIOU: 73.136424411236
INFO:root:Epoch: 67, Iteration: 135, Loss: 0.11851199716329575
INFO:root:Epoch: 67, Iteration: 136, Loss: 0.14147190749645233
INFO:root:Validation set mIOU: 73.32407958596062
INFO:root:Epoch: 68, Iteration: 137, Loss: 0.1284911334514618
INFO:root:Epoch: 68, Iteration: 138, Loss: 0.15633054077625275
INFO:root:Validation set mIOU: 73.06683822926881
INFO:root:Epoch: 69, Iteration: 139, Loss: 0.14533254504203796
INFO:root:Epoch: 69, Iteration: 140, Loss: 0.13339607417583466
INFO:root:Validation set mIOU: 73.04946362670691
INFO:root:Epoch: 70, Iteration: 141, Loss: 0.12670964002609253
INFO:root:Epoch: 70, Iteration: 142, Loss: 0.13831941783428192
INFO:root:Validation set mIOU: 73.17038131326075
INFO:root:Epoch: 71, Iteration: 143, Loss: 0.1298956722021103
INFO:root:Epoch: 71, Iteration: 144, Loss: 0.12720198929309845
INFO:root:Validation set mIOU: 73.04906121508807
INFO:root:Epoch: 72, Iteration: 145, Loss: 0.13936887681484222
INFO:root:Epoch: 72, Iteration: 146, Loss: 0.14488719403743744
INFO:root:Validation set mIOU: 72.6911835340945
INFO:root:Epoch: 73, Iteration: 147, Loss: 0.13450093567371368
INFO:root:Epoch: 73, Iteration: 148, Loss: 0.13718724250793457
INFO:root:Validation set mIOU: 72.50796642759096
INFO:root:Epoch: 74, Iteration: 149, Loss: 0.13886600732803345
INFO:root:Epoch: 74, Iteration: 150, Loss: 0.16018247604370117
INFO:root:Validation set mIOU: 72.491558325289
INFO:root:Epoch: 75, Iteration: 151, Loss: 0.1935972273349762
INFO:root:Epoch: 75, Iteration: 152, Loss: 0.1319020688533783
INFO:root:Validation set mIOU: 72.56172752597116
INFO:root:Epoch: 76, Iteration: 153, Loss: 0.12067103385925293
INFO:root:Epoch: 76, Iteration: 154, Loss: 0.13297392427921295
INFO:root:Validation set mIOU: 72.90696399451431
INFO:root:Epoch: 77, Iteration: 155, Loss: 0.1063564345240593
INFO:root:Epoch: 77, Iteration: 156, Loss: 0.12112630158662796
INFO:root:Validation set mIOU: 72.80856036676559
INFO:root:Epoch: 78, Iteration: 157, Loss: 0.13324759900569916
INFO:root:Epoch: 78, Iteration: 158, Loss: 0.12414833903312683
INFO:root:Validation set mIOU: 72.83153237377525
INFO:root:Epoch: 79, Iteration: 159, Loss: 0.12827043235301971
INFO:root:Epoch: 79, Iteration: 160, Loss: 0.162857323884964
INFO:root:Validation set mIOU: 72.99714781735224
INFO:root:Epoch: 80, Iteration: 161, Loss: 0.12011504173278809
INFO:root:Epoch: 80, Iteration: 162, Loss: 0.12230285257101059
INFO:root:Validation set mIOU: 73.03274825109565
INFO:root:Epoch: 81, Iteration: 163, Loss: 0.1299969106912613
INFO:root:Epoch: 81, Iteration: 164, Loss: 0.14029894769191742
INFO:root:Validation set mIOU: 73.10390387508883
INFO:root:Epoch: 82, Iteration: 165, Loss: 0.11194794625043869
INFO:root:Epoch: 82, Iteration: 166, Loss: 0.11213100701570511
INFO:root:Validation set mIOU: 72.77423355747548
INFO:root:Epoch: 83, Iteration: 167, Loss: 0.10984259843826294
INFO:root:Epoch: 83, Iteration: 168, Loss: 0.11427664756774902
INFO:root:Validation set mIOU: 72.66082007648052
INFO:root:Epoch: 84, Iteration: 169, Loss: 0.13366371393203735
INFO:root:Epoch: 84, Iteration: 170, Loss: 0.12559573352336884
INFO:root:Validation set mIOU: 72.52445838198848
INFO:root:Epoch: 85, Iteration: 171, Loss: 0.10026724636554718
INFO:root:Epoch: 85, Iteration: 172, Loss: 0.22504447400569916
INFO:root:Validation set mIOU: 72.60330644113205
INFO:root:Epoch: 86, Iteration: 173, Loss: 0.12504881620407104
INFO:root:Epoch: 86, Iteration: 174, Loss: 0.11981063336133957
INFO:root:Validation set mIOU: 73.04070191207526
INFO:root:Epoch: 87, Iteration: 175, Loss: 0.12310580909252167
INFO:root:Epoch: 87, Iteration: 176, Loss: 0.11566145718097687
INFO:root:Validation set mIOU: 73.12837093012094
INFO:root:Epoch: 88, Iteration: 177, Loss: 0.10667212307453156
INFO:root:Epoch: 88, Iteration: 178, Loss: 0.13000139594078064
INFO:root:Validation set mIOU: 73.51482445042244
INFO:root:Epoch: 89, Iteration: 179, Loss: 0.10779550671577454
INFO:root:Epoch: 89, Iteration: 180, Loss: 0.13330872356891632
INFO:root:Validation set mIOU: 73.48105219021494
INFO:root:Epoch: 90, Iteration: 181, Loss: 0.10985057801008224
INFO:root:Epoch: 90, Iteration: 182, Loss: 0.1171516701579094
INFO:root:Validation set mIOU: 73.6302510748351
INFO:root:Epoch: 91, Iteration: 183, Loss: 0.13194260001182556
INFO:root:Epoch: 91, Iteration: 184, Loss: 0.10334792733192444
INFO:root:Validation set mIOU: 73.61700613482104
INFO:root:Epoch: 92, Iteration: 185, Loss: 0.1329367309808731
INFO:root:Epoch: 92, Iteration: 186, Loss: 0.10531030595302582
INFO:root:Validation set mIOU: 73.4282762663775
INFO:root:Epoch: 93, Iteration: 187, Loss: 0.10531014949083328
INFO:root:Epoch: 93, Iteration: 188, Loss: 0.1287570297718048
INFO:root:Validation set mIOU: 73.24497661409607
INFO:root:Epoch: 94, Iteration: 189, Loss: 0.11666794121265411
INFO:root:Epoch: 94, Iteration: 190, Loss: 0.11621308326721191
INFO:root:Validation set mIOU: 73.11280984955495
INFO:root:Epoch: 95, Iteration: 191, Loss: 0.16518935561180115
INFO:root:Epoch: 95, Iteration: 192, Loss: 0.11606089770793915
INFO:root:Validation set mIOU: 72.89478495376358
INFO:root:Epoch: 96, Iteration: 193, Loss: 0.12625586986541748
INFO:root:Epoch: 96, Iteration: 194, Loss: 0.1191038116812706
INFO:root:Validation set mIOU: 72.98741298913377
INFO:root:Epoch: 97, Iteration: 195, Loss: 0.12990018725395203
INFO:root:Epoch: 97, Iteration: 196, Loss: 0.1249232366681099
INFO:root:Validation set mIOU: 73.18572248889875
INFO:root:Epoch: 98, Iteration: 197, Loss: 0.12367793172597885
INFO:root:Epoch: 98, Iteration: 198, Loss: 0.1335863620042801
INFO:root:Validation set mIOU: 73.47722288921875
INFO:root:Epoch: 99, Iteration: 199, Loss: 0.1323700249195099
INFO:root:Epoch: 99, Iteration: 200, Loss: 0.11309463530778885
INFO:root:Validation set mIOU: 73.2240685552753
INFO:root:Semi-training
INFO:root:Epoch: 0, Iteration: 1, Loss: 2.2722818851470947
INFO:root:Epoch: 0, Iteration: 2, Loss: 1.5193146467208862
INFO:root:Epoch: 0, Iteration: 3, Loss: 1.6634643077850342
INFO:root:Epoch: 0, Iteration: 4, Loss: 1.2025805711746216
INFO:root:Epoch: 0, Iteration: 5, Loss: 1.1851364374160767
INFO:root:Epoch: 0, Iteration: 6, Loss: 0.990845263004303
INFO:root:Epoch: 0, Iteration: 7, Loss: 0.8003397583961487
INFO:root:Validation set mIOU: 47.1357341909716
INFO:root:Epoch: 1, Iteration: 8, Loss: 0.8467687368392944
INFO:root:Epoch: 1, Iteration: 9, Loss: 0.7120753526687622
INFO:root:Epoch: 1, Iteration: 10, Loss: 0.7548828125
INFO:root:Epoch: 1, Iteration: 11, Loss: 0.5821112394332886
INFO:root:Epoch: 1, Iteration: 12, Loss: 0.6797623634338379
INFO:root:Epoch: 1, Iteration: 13, Loss: 0.6537894010543823
INFO:root:Epoch: 1, Iteration: 14, Loss: 0.5780115127563477
INFO:root:Validation set mIOU: 51.2623571573131
INFO:root:Epoch: 2, Iteration: 15, Loss: 0.7046421766281128
INFO:root:Epoch: 2, Iteration: 16, Loss: 0.6499200463294983
INFO:root:Epoch: 2, Iteration: 17, Loss: 0.521892249584198
INFO:root:Epoch: 2, Iteration: 18, Loss: 0.5505027770996094
INFO:root:Epoch: 2, Iteration: 19, Loss: 0.4401404857635498
INFO:root:Epoch: 2, Iteration: 20, Loss: 0.4536142945289612
INFO:root:Epoch: 2, Iteration: 21, Loss: 0.48282361030578613
INFO:root:Validation set mIOU: 53.25533663415104
INFO:root:Epoch: 3, Iteration: 22, Loss: 0.36957091093063354
INFO:root:Epoch: 3, Iteration: 23, Loss: 0.44301891326904297
INFO:root:Epoch: 3, Iteration: 24, Loss: 0.3859082758426666
INFO:root:Epoch: 3, Iteration: 25, Loss: 0.3741081655025482
INFO:root:Epoch: 3, Iteration: 26, Loss: 0.3703521192073822
INFO:root:Epoch: 3, Iteration: 27, Loss: 0.4110605716705322
INFO:root:Epoch: 3, Iteration: 28, Loss: 0.36415061354637146
INFO:root:Validation set mIOU: 64.56818234562502
INFO:root:Epoch: 4, Iteration: 29, Loss: 0.2751712501049042
INFO:root:Epoch: 4, Iteration: 30, Loss: 0.282766193151474
INFO:root:Epoch: 4, Iteration: 31, Loss: 0.5266923308372498
INFO:root:Epoch: 4, Iteration: 32, Loss: 0.512858510017395
INFO:root:Epoch: 4, Iteration: 33, Loss: 0.34851643443107605
INFO:root:Epoch: 4, Iteration: 34, Loss: 0.31206274032592773
INFO:root:Epoch: 4, Iteration: 35, Loss: 0.25806769728660583
INFO:root:Validation set mIOU: 64.6829612891153
INFO:root:Epoch: 5, Iteration: 36, Loss: 0.4038273096084595
INFO:root:Epoch: 5, Iteration: 37, Loss: 0.3735352158546448
INFO:root:Epoch: 5, Iteration: 38, Loss: 0.21218334138393402
INFO:root:Epoch: 5, Iteration: 39, Loss: 0.3366570472717285
INFO:root:Epoch: 5, Iteration: 40, Loss: 0.2365531176328659
INFO:root:Epoch: 5, Iteration: 41, Loss: 0.2600923776626587
INFO:root:Epoch: 5, Iteration: 42, Loss: 0.21891610324382782
INFO:root:Validation set mIOU: 68.25009432522307
INFO:root:Epoch: 6, Iteration: 43, Loss: 0.31896522641181946
INFO:root:Epoch: 6, Iteration: 44, Loss: 0.3083007335662842
INFO:root:Epoch: 6, Iteration: 45, Loss: 0.29139918088912964
INFO:root:Epoch: 6, Iteration: 46, Loss: 0.2684057652950287
INFO:root:Epoch: 6, Iteration: 47, Loss: 0.26606184244155884
INFO:root:Epoch: 6, Iteration: 48, Loss: 0.23968403041362762
INFO:root:Epoch: 6, Iteration: 49, Loss: 0.30011704564094543
INFO:root:Validation set mIOU: 66.87145737494143
INFO:root:Epoch: 7, Iteration: 50, Loss: 0.2758341133594513
INFO:root:Epoch: 7, Iteration: 51, Loss: 0.2953060567378998
INFO:root:Epoch: 7, Iteration: 52, Loss: 0.19625094532966614
INFO:root:Epoch: 7, Iteration: 53, Loss: 0.33985835313796997
INFO:root:Epoch: 7, Iteration: 54, Loss: 0.1802230179309845
INFO:root:Epoch: 7, Iteration: 55, Loss: 0.22699132561683655
INFO:root:Epoch: 7, Iteration: 56, Loss: 0.23061461746692657
INFO:root:Validation set mIOU: 69.70412380167174
INFO:root:Epoch: 8, Iteration: 57, Loss: 0.21781986951828003
INFO:root:Epoch: 8, Iteration: 58, Loss: 0.26202520728111267
INFO:root:Epoch: 8, Iteration: 59, Loss: 0.26412713527679443
INFO:root:Epoch: 8, Iteration: 60, Loss: 0.18790876865386963
INFO:root:Epoch: 8, Iteration: 61, Loss: 0.21045014262199402
INFO:root:Epoch: 8, Iteration: 62, Loss: 0.21936869621276855
INFO:root:Epoch: 8, Iteration: 63, Loss: 0.3329419493675232
INFO:root:Validation set mIOU: 71.17895628044094
INFO:root:Epoch: 9, Iteration: 64, Loss: 0.20038503408432007
INFO:root:Epoch: 9, Iteration: 65, Loss: 0.17663584649562836
INFO:root:Epoch: 9, Iteration: 66, Loss: 0.19181980192661285
INFO:root:Epoch: 9, Iteration: 67, Loss: 0.1958993822336197
INFO:root:Epoch: 9, Iteration: 68, Loss: 0.23082678020000458
INFO:root:Epoch: 9, Iteration: 69, Loss: 0.20850850641727448
INFO:root:Epoch: 9, Iteration: 70, Loss: 0.21917057037353516
INFO:root:Validation set mIOU: 73.22647649857923
INFO:root:Epoch: 10, Iteration: 71, Loss: 0.22590497136116028
INFO:root:Epoch: 10, Iteration: 72, Loss: 0.19930976629257202
INFO:root:Epoch: 10, Iteration: 73, Loss: 0.2516847848892212
INFO:root:Epoch: 10, Iteration: 74, Loss: 0.24726863205432892
INFO:root:Epoch: 10, Iteration: 75, Loss: 0.18385301530361176
INFO:root:Epoch: 10, Iteration: 76, Loss: 0.1821230947971344
INFO:root:Epoch: 10, Iteration: 77, Loss: 0.23040428757667542
INFO:root:Validation set mIOU: 73.3196073806699
INFO:root:Epoch: 11, Iteration: 78, Loss: 0.18466083705425262
INFO:root:Epoch: 11, Iteration: 79, Loss: 0.21260707080364227
INFO:root:Epoch: 11, Iteration: 80, Loss: 0.20263510942459106
INFO:root:Epoch: 11, Iteration: 81, Loss: 0.21081410348415375
INFO:root:Epoch: 11, Iteration: 82, Loss: 0.2055208832025528
INFO:root:Epoch: 11, Iteration: 83, Loss: 0.26922807097435
INFO:root:Epoch: 11, Iteration: 84, Loss: 0.25582173466682434
INFO:root:Validation set mIOU: 73.29467599523562
INFO:root:Epoch: 12, Iteration: 85, Loss: 0.20189468562602997
INFO:root:Epoch: 12, Iteration: 86, Loss: 0.25804463028907776
INFO:root:Epoch: 12, Iteration: 87, Loss: 0.18176379799842834
INFO:root:Epoch: 12, Iteration: 88, Loss: 0.26829150319099426
INFO:root:Epoch: 12, Iteration: 89, Loss: 0.16583174467086792
INFO:root:Epoch: 12, Iteration: 90, Loss: 0.16296403110027313
INFO:root:Epoch: 12, Iteration: 91, Loss: 0.19816093146800995
INFO:root:Validation set mIOU: 72.44283236427226
INFO:root:Epoch: 13, Iteration: 92, Loss: 0.23641055822372437
INFO:root:Epoch: 13, Iteration: 93, Loss: 0.1852118968963623
INFO:root:Epoch: 13, Iteration: 94, Loss: 0.16258396208286285
INFO:root:Epoch: 13, Iteration: 95, Loss: 0.16248974204063416
INFO:root:Epoch: 13, Iteration: 96, Loss: 0.15446563065052032
INFO:root:Epoch: 13, Iteration: 97, Loss: 0.2271941751241684
INFO:root:Epoch: 13, Iteration: 98, Loss: 0.17799362540245056
INFO:root:Validation set mIOU: 74.23596513833672
INFO:root:Epoch: 14, Iteration: 99, Loss: 0.16704079508781433
INFO:root:Epoch: 14, Iteration: 100, Loss: 0.18020722270011902
INFO:root:Epoch: 14, Iteration: 101, Loss: 0.15474361181259155
INFO:root:Epoch: 14, Iteration: 102, Loss: 0.18502773344516754
INFO:root:Epoch: 14, Iteration: 103, Loss: 0.19313058257102966
INFO:root:Epoch: 14, Iteration: 104, Loss: 0.17961913347244263
INFO:root:Epoch: 14, Iteration: 105, Loss: 0.15371474623680115
INFO:root:Validation set mIOU: 74.34417181382172
INFO:root:Epoch: 15, Iteration: 106, Loss: 0.17209148406982422
INFO:root:Epoch: 15, Iteration: 107, Loss: 0.1974111944437027
INFO:root:Epoch: 15, Iteration: 108, Loss: 0.185344859957695
INFO:root:Epoch: 15, Iteration: 109, Loss: 0.1800682097673416
INFO:root:Epoch: 15, Iteration: 110, Loss: 0.15897594392299652
INFO:root:Epoch: 15, Iteration: 111, Loss: 0.22474713623523712
INFO:root:Epoch: 15, Iteration: 112, Loss: 0.19670189917087555
INFO:root:Validation set mIOU: 75.20183287986325
INFO:root:Epoch: 16, Iteration: 113, Loss: 0.169226735830307
INFO:root:Epoch: 16, Iteration: 114, Loss: 0.1665520966053009
INFO:root:Epoch: 16, Iteration: 115, Loss: 0.19939495623111725
INFO:root:Epoch: 16, Iteration: 116, Loss: 0.22156882286071777
INFO:root:Epoch: 16, Iteration: 117, Loss: 0.19448421895503998
INFO:root:Epoch: 16, Iteration: 118, Loss: 0.1574118733406067
INFO:root:Epoch: 16, Iteration: 119, Loss: 0.18697594106197357
INFO:root:Validation set mIOU: 72.93493257012446
INFO:root:Epoch: 17, Iteration: 120, Loss: 0.22982068359851837
INFO:root:Epoch: 17, Iteration: 121, Loss: 0.15579357743263245
INFO:root:Epoch: 17, Iteration: 122, Loss: 0.22674275934696198
INFO:root:Epoch: 17, Iteration: 123, Loss: 0.19093285501003265
INFO:root:Epoch: 17, Iteration: 124, Loss: 0.18254326283931732
INFO:root:Epoch: 17, Iteration: 125, Loss: 0.21446365118026733
INFO:root:Epoch: 17, Iteration: 126, Loss: 0.17416039109230042
INFO:root:Validation set mIOU: 75.64343241198189
INFO:root:Epoch: 18, Iteration: 127, Loss: 0.19240057468414307
INFO:root:Epoch: 18, Iteration: 128, Loss: 0.18166504800319672
INFO:root:Epoch: 18, Iteration: 129, Loss: 0.18887417018413544
INFO:root:Epoch: 18, Iteration: 130, Loss: 0.16999183595180511
INFO:root:Epoch: 18, Iteration: 131, Loss: 0.15596038103103638
INFO:root:Epoch: 18, Iteration: 132, Loss: 0.25713834166526794
INFO:root:Epoch: 18, Iteration: 133, Loss: 0.1993808150291443
INFO:root:Validation set mIOU: 75.8817069693816
INFO:root:Epoch: 19, Iteration: 134, Loss: 0.19274233281612396
INFO:root:Epoch: 19, Iteration: 135, Loss: 0.1787496656179428
INFO:root:Epoch: 19, Iteration: 136, Loss: 0.21594491600990295
INFO:root:Epoch: 19, Iteration: 137, Loss: 0.2045479416847229
INFO:root:Epoch: 19, Iteration: 138, Loss: 0.1700892597436905
INFO:root:Epoch: 19, Iteration: 139, Loss: 0.11831072717905045
INFO:root:Epoch: 19, Iteration: 140, Loss: 0.14835865795612335
INFO:root:Validation set mIOU: 74.60641606165423
INFO:root:Epoch: 20, Iteration: 141, Loss: 0.18771719932556152
INFO:root:Epoch: 20, Iteration: 142, Loss: 0.15142148733139038
INFO:root:Epoch: 20, Iteration: 143, Loss: 0.16903696954250336
INFO:root:Epoch: 20, Iteration: 144, Loss: 0.167098268866539
INFO:root:Epoch: 20, Iteration: 145, Loss: 0.15617041289806366
INFO:root:Epoch: 20, Iteration: 146, Loss: 0.11435418576002121
INFO:root:Epoch: 20, Iteration: 147, Loss: 0.162637859582901
INFO:root:Validation set mIOU: 77.50596128196085
INFO:root:Epoch: 21, Iteration: 148, Loss: 0.2064736932516098
INFO:root:Epoch: 21, Iteration: 149, Loss: 0.2267988622188568
INFO:root:Epoch: 21, Iteration: 150, Loss: 0.17191645503044128
INFO:root:Epoch: 21, Iteration: 151, Loss: 0.16366589069366455
INFO:root:Epoch: 21, Iteration: 152, Loss: 0.1555434763431549
INFO:root:Epoch: 21, Iteration: 153, Loss: 0.16385819017887115
INFO:root:Epoch: 21, Iteration: 154, Loss: 0.19073715806007385
INFO:root:Validation set mIOU: 74.38213160948915
INFO:root:Epoch: 22, Iteration: 155, Loss: 0.1858794242143631
INFO:root:Epoch: 22, Iteration: 156, Loss: 0.1894080638885498
INFO:root:Epoch: 22, Iteration: 157, Loss: 0.19550427794456482
INFO:root:Epoch: 22, Iteration: 158, Loss: 0.16992567479610443
INFO:root:Epoch: 22, Iteration: 159, Loss: 0.1407315582036972
INFO:root:Epoch: 22, Iteration: 160, Loss: 0.17266429960727692
INFO:root:Epoch: 22, Iteration: 161, Loss: 0.14287622272968292
INFO:root:Validation set mIOU: 77.55412571230579
INFO:root:Epoch: 23, Iteration: 162, Loss: 0.15228372812271118
INFO:root:Epoch: 23, Iteration: 163, Loss: 0.18023481965065002
INFO:root:Epoch: 23, Iteration: 164, Loss: 0.12717293202877045
INFO:root:Epoch: 23, Iteration: 165, Loss: 0.15299952030181885
INFO:root:Epoch: 23, Iteration: 166, Loss: 0.2869071662425995
INFO:root:Epoch: 23, Iteration: 167, Loss: 0.16269581019878387
INFO:root:Epoch: 23, Iteration: 168, Loss: 0.1946852207183838
INFO:root:Validation set mIOU: 76.46001797231935
INFO:root:Epoch: 24, Iteration: 169, Loss: 0.15965665876865387
INFO:root:Epoch: 24, Iteration: 170, Loss: 0.13674162328243256
INFO:root:Epoch: 24, Iteration: 171, Loss: 0.17211169004440308
INFO:root:Epoch: 24, Iteration: 172, Loss: 0.1530291736125946
INFO:root:Epoch: 24, Iteration: 173, Loss: 0.13682888448238373
INFO:root:Epoch: 24, Iteration: 174, Loss: 0.14441899955272675
INFO:root:Epoch: 24, Iteration: 175, Loss: 0.1560400426387787
INFO:root:Validation set mIOU: 77.69606010071884
INFO:root:Epoch: 25, Iteration: 176, Loss: 0.12662780284881592
INFO:root:Epoch: 25, Iteration: 177, Loss: 0.1452275961637497
INFO:root:Epoch: 25, Iteration: 178, Loss: 0.16515178978443146
INFO:root:Epoch: 25, Iteration: 179, Loss: 0.12592139840126038
INFO:root:Epoch: 25, Iteration: 180, Loss: 0.14913390576839447
INFO:root:Epoch: 25, Iteration: 181, Loss: 0.1599797010421753
INFO:root:Epoch: 25, Iteration: 182, Loss: 0.15573105216026306
INFO:root:Validation set mIOU: 77.6011381194163
INFO:root:Epoch: 26, Iteration: 183, Loss: 0.14505083858966827
INFO:root:Epoch: 26, Iteration: 184, Loss: 0.16002893447875977
INFO:root:Epoch: 26, Iteration: 185, Loss: 0.17151308059692383
INFO:root:Epoch: 26, Iteration: 186, Loss: 0.17649175226688385
INFO:root:Epoch: 26, Iteration: 187, Loss: 0.12279357016086578
INFO:root:Epoch: 26, Iteration: 188, Loss: 0.16458535194396973
INFO:root:Epoch: 26, Iteration: 189, Loss: 0.1604839265346527
INFO:root:Validation set mIOU: 77.24586394589394
INFO:root:Epoch: 27, Iteration: 190, Loss: 0.11132056266069412
INFO:root:Epoch: 27, Iteration: 191, Loss: 0.1754370480775833
INFO:root:Epoch: 27, Iteration: 192, Loss: 0.19373846054077148
INFO:root:Epoch: 27, Iteration: 193, Loss: 0.14752322435379028
INFO:root:Epoch: 27, Iteration: 194, Loss: 0.155766099691391
INFO:root:Epoch: 27, Iteration: 195, Loss: 0.17231455445289612
INFO:root:Epoch: 27, Iteration: 196, Loss: 0.14305387437343597
INFO:root:Validation set mIOU: 77.71264829744547
INFO:root:Epoch: 28, Iteration: 197, Loss: 0.14484429359436035
INFO:root:Epoch: 28, Iteration: 198, Loss: 0.17393331229686737
INFO:root:Epoch: 28, Iteration: 199, Loss: 0.13859838247299194
INFO:root:Epoch: 28, Iteration: 200, Loss: 0.1306682974100113
INFO:root:Epoch: 28, Iteration: 201, Loss: 0.15345130860805511
INFO:root:Epoch: 28, Iteration: 202, Loss: 0.16445687413215637
INFO:root:Epoch: 28, Iteration: 203, Loss: 0.15124353766441345
INFO:root:Validation set mIOU: 77.15815084153624
INFO:root:Epoch: 29, Iteration: 204, Loss: 0.17002783715724945
INFO:root:Epoch: 29, Iteration: 205, Loss: 0.16381801664829254
INFO:root:Epoch: 29, Iteration: 206, Loss: 0.14039523899555206
INFO:root:Epoch: 29, Iteration: 207, Loss: 0.17055657505989075
INFO:root:Epoch: 29, Iteration: 208, Loss: 0.1331680566072464
INFO:root:Epoch: 29, Iteration: 209, Loss: 0.15142019093036652
INFO:root:Epoch: 29, Iteration: 210, Loss: 0.10976602882146835
INFO:root:Validation set mIOU: 79.00678858542372
INFO:root:Epoch: 30, Iteration: 211, Loss: 0.129459947347641
INFO:root:Epoch: 30, Iteration: 212, Loss: 0.13201364874839783
INFO:root:Epoch: 30, Iteration: 213, Loss: 0.15577171742916107
INFO:root:Epoch: 30, Iteration: 214, Loss: 0.16958944499492645
INFO:root:Epoch: 30, Iteration: 215, Loss: 0.12389626353979111
INFO:root:Epoch: 30, Iteration: 216, Loss: 0.202388197183609
INFO:root:Epoch: 30, Iteration: 217, Loss: 0.11610349267721176
INFO:root:Validation set mIOU: 77.67286787642887
INFO:root:Epoch: 31, Iteration: 218, Loss: 0.14723603427410126
INFO:root:Epoch: 31, Iteration: 219, Loss: 0.1535654067993164
INFO:root:Epoch: 31, Iteration: 220, Loss: 0.15067240595817566
INFO:root:Epoch: 31, Iteration: 221, Loss: 0.173415407538414
INFO:root:Epoch: 31, Iteration: 222, Loss: 0.15734821557998657
INFO:root:Epoch: 31, Iteration: 223, Loss: 0.1530763953924179
INFO:root:Epoch: 31, Iteration: 224, Loss: 0.12732455134391785
INFO:root:Validation set mIOU: 78.72400831280042
INFO:root:Epoch: 32, Iteration: 225, Loss: 0.1660541594028473
INFO:root:Epoch: 32, Iteration: 226, Loss: 0.1977037936449051
INFO:root:Epoch: 32, Iteration: 227, Loss: 0.1582508087158203
INFO:root:Epoch: 32, Iteration: 228, Loss: 0.15463665127754211
INFO:root:Epoch: 32, Iteration: 229, Loss: 0.13950802385807037
INFO:root:Epoch: 32, Iteration: 230, Loss: 0.163180410861969
INFO:root:Epoch: 32, Iteration: 231, Loss: 0.147675022482872
INFO:root:Validation set mIOU: 77.48154274751869
INFO:root:Epoch: 33, Iteration: 232, Loss: 0.13609543442726135
INFO:root:Epoch: 33, Iteration: 233, Loss: 0.15304172039031982
INFO:root:Epoch: 33, Iteration: 234, Loss: 0.1330036222934723
INFO:root:Epoch: 33, Iteration: 235, Loss: 0.15469703078269958
INFO:root:Epoch: 33, Iteration: 236, Loss: 0.13338153064250946
INFO:root:Epoch: 33, Iteration: 237, Loss: 0.11906910687685013
INFO:root:Epoch: 33, Iteration: 238, Loss: 0.19992254674434662
INFO:root:Validation set mIOU: 77.18521391237903
INFO:root:Epoch: 34, Iteration: 239, Loss: 0.12501868605613708
INFO:root:Epoch: 34, Iteration: 240, Loss: 0.12599745392799377
INFO:root:Epoch: 34, Iteration: 241, Loss: 0.14119702577590942
INFO:root:Epoch: 34, Iteration: 242, Loss: 0.13648858666419983
INFO:root:Epoch: 34, Iteration: 243, Loss: 0.1491038054227829
INFO:root:Epoch: 34, Iteration: 244, Loss: 0.18179483711719513
INFO:root:Epoch: 34, Iteration: 245, Loss: 0.14680767059326172
INFO:root:Validation set mIOU: 78.67855547398625
INFO:root:Epoch: 35, Iteration: 246, Loss: 0.11268754303455353
INFO:root:Epoch: 35, Iteration: 247, Loss: 0.13430774211883545
INFO:root:Epoch: 35, Iteration: 248, Loss: 0.13829919695854187
INFO:root:Epoch: 35, Iteration: 249, Loss: 0.1310654878616333
INFO:root:Epoch: 35, Iteration: 250, Loss: 0.15611976385116577
INFO:root:Epoch: 35, Iteration: 251, Loss: 0.13723745942115784
INFO:root:Epoch: 35, Iteration: 252, Loss: 0.13303245604038239
INFO:root:Validation set mIOU: 76.7991686058982
INFO:root:Epoch: 36, Iteration: 253, Loss: 0.16237138211727142
INFO:root:Epoch: 36, Iteration: 254, Loss: 0.15749402344226837
INFO:root:Epoch: 36, Iteration: 255, Loss: 0.1564018577337265
INFO:root:Epoch: 36, Iteration: 256, Loss: 0.1443660855293274
INFO:root:Epoch: 36, Iteration: 257, Loss: 0.1498541235923767
INFO:root:Epoch: 36, Iteration: 258, Loss: 0.16211354732513428
INFO:root:Epoch: 36, Iteration: 259, Loss: 0.15437982976436615
INFO:root:Validation set mIOU: 78.30304317118083
INFO:root:Epoch: 37, Iteration: 260, Loss: 0.14699293673038483
INFO:root:Epoch: 37, Iteration: 261, Loss: 0.14416177570819855
INFO:root:Epoch: 37, Iteration: 262, Loss: 0.14530633389949799
INFO:root:Epoch: 37, Iteration: 263, Loss: 0.14836199581623077
INFO:root:Epoch: 37, Iteration: 264, Loss: 0.1763075292110443
INFO:root:Epoch: 37, Iteration: 265, Loss: 0.1588481366634369
INFO:root:Epoch: 37, Iteration: 266, Loss: 0.1672629565000534
INFO:root:Validation set mIOU: 78.77516809454596
INFO:root:Epoch: 38, Iteration: 267, Loss: 0.13834822177886963
INFO:root:Epoch: 38, Iteration: 268, Loss: 0.10572412610054016
INFO:root:Epoch: 38, Iteration: 269, Loss: 0.11987107992172241
INFO:root:Epoch: 38, Iteration: 270, Loss: 0.17092756927013397
INFO:root:Epoch: 38, Iteration: 271, Loss: 0.14032208919525146
INFO:root:Epoch: 38, Iteration: 272, Loss: 0.22280865907669067
INFO:root:Epoch: 38, Iteration: 273, Loss: 0.12709219753742218
INFO:root:Validation set mIOU: 77.91376213689448
INFO:root:Epoch: 39, Iteration: 274, Loss: 0.14331582188606262
INFO:root:Epoch: 39, Iteration: 275, Loss: 0.1374766081571579
INFO:root:Epoch: 39, Iteration: 276, Loss: 0.15530452132225037
INFO:root:Epoch: 39, Iteration: 277, Loss: 0.15882514417171478
INFO:root:Epoch: 39, Iteration: 278, Loss: 0.11463674902915955
INFO:root:Epoch: 39, Iteration: 279, Loss: 0.10695508122444153
INFO:root:Epoch: 39, Iteration: 280, Loss: 0.1419679969549179
INFO:root:Validation set mIOU: 78.80835372232906
INFO:root:Epoch: 40, Iteration: 281, Loss: 0.1315765082836151
INFO:root:Epoch: 40, Iteration: 282, Loss: 0.11139389872550964
INFO:root:Epoch: 40, Iteration: 283, Loss: 0.11335763335227966
INFO:root:Epoch: 40, Iteration: 284, Loss: 0.1613766998052597
INFO:root:Epoch: 40, Iteration: 285, Loss: 0.13850568234920502
INFO:root:Epoch: 40, Iteration: 286, Loss: 0.12505196034908295
INFO:root:Epoch: 40, Iteration: 287, Loss: 0.14662735164165497
INFO:root:Validation set mIOU: 78.55960378192039
INFO:root:Epoch: 41, Iteration: 288, Loss: 0.11338876932859421
INFO:root:Epoch: 41, Iteration: 289, Loss: 0.1600719541311264
INFO:root:Epoch: 41, Iteration: 290, Loss: 0.130649596452713
INFO:root:Epoch: 41, Iteration: 291, Loss: 0.11977801471948624
INFO:root:Epoch: 41, Iteration: 292, Loss: 0.1548636555671692
INFO:root:Epoch: 41, Iteration: 293, Loss: 0.1567881852388382
INFO:root:Epoch: 41, Iteration: 294, Loss: 0.1409764289855957
INFO:root:Validation set mIOU: 79.63360590758288
INFO:root:Epoch: 42, Iteration: 295, Loss: 0.13226638734340668
INFO:root:Epoch: 42, Iteration: 296, Loss: 0.12373152375221252
INFO:root:Epoch: 42, Iteration: 297, Loss: 0.14846765995025635
INFO:root:Epoch: 42, Iteration: 298, Loss: 0.14116446673870087
INFO:root:Epoch: 42, Iteration: 299, Loss: 0.139552503824234
INFO:root:Epoch: 42, Iteration: 300, Loss: 0.1212531179189682
INFO:root:Epoch: 42, Iteration: 301, Loss: 0.12009036540985107
INFO:root:Validation set mIOU: 78.24873896930526
INFO:root:Epoch: 43, Iteration: 302, Loss: 0.20365725457668304
INFO:root:Epoch: 43, Iteration: 303, Loss: 0.15969043970108032
INFO:root:Epoch: 43, Iteration: 304, Loss: 0.1204189881682396
INFO:root:Epoch: 43, Iteration: 305, Loss: 0.13356776535511017
INFO:root:Epoch: 43, Iteration: 306, Loss: 0.10826469212770462
INFO:root:Epoch: 43, Iteration: 307, Loss: 0.12533292174339294
INFO:root:Epoch: 43, Iteration: 308, Loss: 0.15640896558761597
INFO:root:Validation set mIOU: 79.00968301326438
INFO:root:Epoch: 44, Iteration: 309, Loss: 0.13870921730995178
INFO:root:Epoch: 44, Iteration: 310, Loss: 0.1587189882993698
INFO:root:Epoch: 44, Iteration: 311, Loss: 0.12362044304609299
INFO:root:Epoch: 44, Iteration: 312, Loss: 0.10560224205255508
INFO:root:Epoch: 44, Iteration: 313, Loss: 0.13687141239643097
INFO:root:Epoch: 44, Iteration: 314, Loss: 0.11352724581956863
INFO:root:Epoch: 44, Iteration: 315, Loss: 0.15091343224048615
INFO:root:Validation set mIOU: 78.60853020152892
INFO:root:Epoch: 45, Iteration: 316, Loss: 0.1376107633113861
INFO:root:Epoch: 45, Iteration: 317, Loss: 0.17546220123767853
INFO:root:Epoch: 45, Iteration: 318, Loss: 0.11774002760648727
INFO:root:Epoch: 45, Iteration: 319, Loss: 0.11261063069105148
INFO:root:Epoch: 45, Iteration: 320, Loss: 0.14164374768733978
INFO:root:Epoch: 45, Iteration: 321, Loss: 0.10918064415454865
INFO:root:Epoch: 45, Iteration: 322, Loss: 0.24794502556324005
INFO:root:Validation set mIOU: 78.14691659924591
INFO:root:Epoch: 46, Iteration: 323, Loss: 0.14774227142333984
INFO:root:Epoch: 46, Iteration: 324, Loss: 0.0990355834364891
INFO:root:Epoch: 46, Iteration: 325, Loss: 0.17881089448928833
INFO:root:Epoch: 46, Iteration: 326, Loss: 0.14050737023353577
INFO:root:Epoch: 46, Iteration: 327, Loss: 0.15266554057598114
INFO:root:Epoch: 46, Iteration: 328, Loss: 0.14610251784324646
INFO:root:Epoch: 46, Iteration: 329, Loss: 0.10777387022972107
INFO:root:Validation set mIOU: 79.19551170962826
INFO:root:Epoch: 47, Iteration: 330, Loss: 0.12448445707559586
INFO:root:Epoch: 47, Iteration: 331, Loss: 0.15233393013477325
INFO:root:Epoch: 47, Iteration: 332, Loss: 0.11526010930538177
INFO:root:Epoch: 47, Iteration: 333, Loss: 0.12791137397289276
INFO:root:Epoch: 47, Iteration: 334, Loss: 0.12259509414434433
INFO:root:Epoch: 47, Iteration: 335, Loss: 0.111247718334198
INFO:root:Epoch: 47, Iteration: 336, Loss: 0.16372548043727875
INFO:root:Validation set mIOU: 77.83966569276348
INFO:root:Epoch: 48, Iteration: 337, Loss: 0.10728733986616135
INFO:root:Epoch: 48, Iteration: 338, Loss: 0.12596306204795837
INFO:root:Epoch: 48, Iteration: 339, Loss: 0.16151584684848785
INFO:root:Epoch: 48, Iteration: 340, Loss: 0.11659116297960281
INFO:root:Epoch: 48, Iteration: 341, Loss: 0.16082964837551117
INFO:root:Epoch: 48, Iteration: 342, Loss: 0.12467128783464432
INFO:root:Epoch: 48, Iteration: 343, Loss: 0.1647576093673706
INFO:root:Validation set mIOU: 79.95557202686071
INFO:root:Epoch: 49, Iteration: 344, Loss: 0.14082002639770508
INFO:root:Epoch: 49, Iteration: 345, Loss: 0.1455262452363968
INFO:root:Epoch: 49, Iteration: 346, Loss: 0.18606166541576385
INFO:root:Epoch: 49, Iteration: 347, Loss: 0.1213621273636818
INFO:root:Epoch: 49, Iteration: 348, Loss: 0.1338249295949936
INFO:root:Epoch: 49, Iteration: 349, Loss: 0.13721491396427155
INFO:root:Epoch: 49, Iteration: 350, Loss: 0.13124780356884003
INFO:root:Validation set mIOU: 79.08836083009257
INFO:root:Epoch: 50, Iteration: 351, Loss: 0.11046532541513443
INFO:root:Epoch: 50, Iteration: 352, Loss: 0.12008515745401382
INFO:root:Epoch: 50, Iteration: 353, Loss: 0.11671873927116394
INFO:root:Epoch: 50, Iteration: 354, Loss: 0.11077990382909775
INFO:root:Epoch: 50, Iteration: 355, Loss: 0.14471550285816193
INFO:root:Epoch: 50, Iteration: 356, Loss: 0.1739676594734192
INFO:root:Epoch: 50, Iteration: 357, Loss: 0.12208060920238495
INFO:root:Validation set mIOU: 79.24011526296741
INFO:root:Epoch: 51, Iteration: 358, Loss: 0.15644071996212006
INFO:root:Epoch: 51, Iteration: 359, Loss: 0.1318345069885254
INFO:root:Epoch: 51, Iteration: 360, Loss: 0.09287998080253601
INFO:root:Epoch: 51, Iteration: 361, Loss: 0.13207371532917023
INFO:root:Epoch: 51, Iteration: 362, Loss: 0.10837807506322861
INFO:root:Epoch: 51, Iteration: 363, Loss: 0.13187728822231293
INFO:root:Epoch: 51, Iteration: 364, Loss: 0.1290999948978424
INFO:root:Validation set mIOU: 79.84540831274384
INFO:root:Epoch: 52, Iteration: 365, Loss: 0.11544453352689743
INFO:root:Epoch: 52, Iteration: 366, Loss: 0.11845800280570984
INFO:root:Epoch: 52, Iteration: 367, Loss: 0.10749080777168274
INFO:root:Epoch: 52, Iteration: 368, Loss: 0.10557973384857178
INFO:root:Epoch: 52, Iteration: 369, Loss: 0.15708114206790924
INFO:root:Epoch: 52, Iteration: 370, Loss: 0.09484557807445526
INFO:root:Epoch: 52, Iteration: 371, Loss: 0.1587681770324707
INFO:root:Validation set mIOU: 78.7407458881727
INFO:root:Epoch: 53, Iteration: 372, Loss: 0.11036922037601471
INFO:root:Epoch: 53, Iteration: 373, Loss: 0.11348091810941696
INFO:root:Epoch: 53, Iteration: 374, Loss: 0.12030550092458725
INFO:root:Epoch: 53, Iteration: 375, Loss: 0.10815461724996567
INFO:root:Epoch: 53, Iteration: 376, Loss: 0.11909693479537964
INFO:root:Epoch: 53, Iteration: 377, Loss: 0.1301354467868805
INFO:root:Epoch: 53, Iteration: 378, Loss: 0.144950270652771
INFO:root:Validation set mIOU: 79.4847734845298
INFO:root:Epoch: 54, Iteration: 379, Loss: 0.09962453693151474
INFO:root:Epoch: 54, Iteration: 380, Loss: 0.11338740587234497
INFO:root:Epoch: 54, Iteration: 381, Loss: 0.11233262717723846
INFO:root:Epoch: 54, Iteration: 382, Loss: 0.11728863418102264
INFO:root:Epoch: 54, Iteration: 383, Loss: 0.10995638370513916
INFO:root:Epoch: 54, Iteration: 384, Loss: 0.13330291211605072
INFO:root:Epoch: 54, Iteration: 385, Loss: 0.16688808798789978
INFO:root:Validation set mIOU: 78.71857873346787
INFO:root:Epoch: 55, Iteration: 386, Loss: 0.12396926432847977
INFO:root:Epoch: 55, Iteration: 387, Loss: 0.12383484840393066
INFO:root:Epoch: 55, Iteration: 388, Loss: 0.09912681579589844
INFO:root:Epoch: 55, Iteration: 389, Loss: 0.09300699830055237
INFO:root:Epoch: 55, Iteration: 390, Loss: 0.14195439219474792
INFO:root:Epoch: 55, Iteration: 391, Loss: 0.1714487224817276
INFO:root:Epoch: 55, Iteration: 392, Loss: 0.11300703883171082
INFO:root:Validation set mIOU: 79.49768237744375
INFO:root:Epoch: 56, Iteration: 393, Loss: 0.14044100046157837
INFO:root:Epoch: 56, Iteration: 394, Loss: 0.10742440819740295
INFO:root:Epoch: 56, Iteration: 395, Loss: 0.10740043222904205
INFO:root:Epoch: 56, Iteration: 396, Loss: 0.14072367548942566
INFO:root:Epoch: 56, Iteration: 397, Loss: 0.1693582683801651
INFO:root:Epoch: 56, Iteration: 398, Loss: 0.10639933496713638
INFO:root:Epoch: 56, Iteration: 399, Loss: 0.11612636595964432
INFO:root:Validation set mIOU: 79.80748964431808
INFO:root:Epoch: 57, Iteration: 400, Loss: 0.16641223430633545
INFO:root:Epoch: 57, Iteration: 401, Loss: 0.14061157405376434
INFO:root:Epoch: 57, Iteration: 402, Loss: 0.1242217943072319
INFO:root:Epoch: 57, Iteration: 403, Loss: 0.12986578047275543
INFO:root:Epoch: 57, Iteration: 404, Loss: 0.10511764883995056
INFO:root:Epoch: 57, Iteration: 405, Loss: 0.10699258744716644
INFO:root:Epoch: 57, Iteration: 406, Loss: 0.11964930593967438
INFO:root:Validation set mIOU: 79.61829091643176
INFO:root:Epoch: 58, Iteration: 407, Loss: 0.12205426394939423
INFO:root:Epoch: 58, Iteration: 408, Loss: 0.1254110187292099
INFO:root:Epoch: 58, Iteration: 409, Loss: 0.1143452599644661
INFO:root:Epoch: 58, Iteration: 410, Loss: 0.11525404453277588
INFO:root:Epoch: 58, Iteration: 411, Loss: 0.11872664093971252
INFO:root:Epoch: 58, Iteration: 412, Loss: 0.14089946448802948
INFO:root:Epoch: 58, Iteration: 413, Loss: 0.12855304777622223
INFO:root:Validation set mIOU: 79.80684112816365
INFO:root:Epoch: 59, Iteration: 414, Loss: 0.12231429666280746
INFO:root:Epoch: 59, Iteration: 415, Loss: 0.19236169755458832
INFO:root:Epoch: 59, Iteration: 416, Loss: 0.12780478596687317
INFO:root:Epoch: 59, Iteration: 417, Loss: 0.11582428216934204
INFO:root:Epoch: 59, Iteration: 418, Loss: 0.1089298203587532
INFO:root:Epoch: 59, Iteration: 419, Loss: 0.10484520345926285
INFO:root:Epoch: 59, Iteration: 420, Loss: 0.12476740777492523
INFO:root:Validation set mIOU: 79.70594997883835
INFO:root:Epoch: 60, Iteration: 421, Loss: 0.12316525727510452
INFO:root:Epoch: 60, Iteration: 422, Loss: 0.10556209087371826
INFO:root:Epoch: 60, Iteration: 423, Loss: 0.14888547360897064
INFO:root:Epoch: 60, Iteration: 424, Loss: 0.10375310480594635
INFO:root:Epoch: 60, Iteration: 425, Loss: 0.14662428200244904
INFO:root:Epoch: 60, Iteration: 426, Loss: 0.1352386623620987
INFO:root:Epoch: 60, Iteration: 427, Loss: 0.1485421359539032
INFO:root:Validation set mIOU: 80.01652432648613
INFO:root:Epoch: 61, Iteration: 428, Loss: 0.1309264898300171
INFO:root:Epoch: 61, Iteration: 429, Loss: 0.15746338665485382
INFO:root:Epoch: 61, Iteration: 430, Loss: 0.16542108356952667
INFO:root:Epoch: 61, Iteration: 431, Loss: 0.13495376706123352
INFO:root:Epoch: 61, Iteration: 432, Loss: 0.11200785636901855
INFO:root:Epoch: 61, Iteration: 433, Loss: 0.115209199488163
INFO:root:Epoch: 61, Iteration: 434, Loss: 0.12755954265594482
INFO:root:Validation set mIOU: 80.80613089263423
INFO:root:Epoch: 62, Iteration: 435, Loss: 0.13562628626823425
INFO:root:Epoch: 62, Iteration: 436, Loss: 0.13752758502960205
INFO:root:Epoch: 62, Iteration: 437, Loss: 0.1221923828125
INFO:root:Epoch: 62, Iteration: 438, Loss: 0.10593768954277039
INFO:root:Epoch: 62, Iteration: 439, Loss: 0.1463119387626648
INFO:root:Epoch: 62, Iteration: 440, Loss: 0.2041531205177307
INFO:root:Epoch: 62, Iteration: 441, Loss: 0.1541704386472702
INFO:root:Validation set mIOU: 79.54730779493913
INFO:root:Epoch: 63, Iteration: 442, Loss: 0.11942723393440247
INFO:root:Epoch: 63, Iteration: 443, Loss: 0.1189190000295639
INFO:root:Epoch: 63, Iteration: 444, Loss: 0.15494762361049652
INFO:root:Epoch: 63, Iteration: 445, Loss: 0.10194099694490433
INFO:root:Epoch: 63, Iteration: 446, Loss: 0.12431582808494568
INFO:root:Epoch: 63, Iteration: 447, Loss: 0.13945372402668
INFO:root:Epoch: 63, Iteration: 448, Loss: 0.0946047455072403
INFO:root:Validation set mIOU: 80.12019230103041
INFO:root:Epoch: 64, Iteration: 449, Loss: 0.1096281111240387
INFO:root:Epoch: 64, Iteration: 450, Loss: 0.1369691640138626
INFO:root:Epoch: 64, Iteration: 451, Loss: 0.11835892498493195
INFO:root:Epoch: 64, Iteration: 452, Loss: 0.17031608521938324
INFO:root:Epoch: 64, Iteration: 453, Loss: 0.1532825231552124
INFO:root:Epoch: 64, Iteration: 454, Loss: 0.13289839029312134
INFO:root:Epoch: 64, Iteration: 455, Loss: 0.12120074033737183
INFO:root:Validation set mIOU: 80.00662091930818
INFO:root:Epoch: 65, Iteration: 456, Loss: 0.15272186696529388
INFO:root:Epoch: 65, Iteration: 457, Loss: 0.12099359184503555
INFO:root:Epoch: 65, Iteration: 458, Loss: 0.12466830015182495
INFO:root:Epoch: 65, Iteration: 459, Loss: 0.12295841425657272
INFO:root:Epoch: 65, Iteration: 460, Loss: 0.12215343862771988
INFO:root:Epoch: 65, Iteration: 461, Loss: 0.13749974966049194
INFO:root:Epoch: 65, Iteration: 462, Loss: 0.12153258174657822
INFO:root:Validation set mIOU: 80.20052662137202
INFO:root:Epoch: 66, Iteration: 463, Loss: 0.1306007355451584
INFO:root:Epoch: 66, Iteration: 464, Loss: 0.15524256229400635
INFO:root:Epoch: 66, Iteration: 465, Loss: 0.12471270561218262
INFO:root:Epoch: 66, Iteration: 466, Loss: 0.10579469799995422
INFO:root:Epoch: 66, Iteration: 467, Loss: 0.13788355886936188
INFO:root:Epoch: 66, Iteration: 468, Loss: 0.12533003091812134
INFO:root:Epoch: 66, Iteration: 469, Loss: 0.11982766538858414
INFO:root:Validation set mIOU: 79.39876217584252
INFO:root:Epoch: 67, Iteration: 470, Loss: 0.130296528339386
INFO:root:Epoch: 67, Iteration: 471, Loss: 0.11103906482458115
INFO:root:Epoch: 67, Iteration: 472, Loss: 0.0955803394317627
INFO:root:Epoch: 67, Iteration: 473, Loss: 0.14693208038806915
INFO:root:Epoch: 67, Iteration: 474, Loss: 0.11302150785923004
INFO:root:Epoch: 67, Iteration: 475, Loss: 0.12241477519273758
INFO:root:Epoch: 67, Iteration: 476, Loss: 0.12237176299095154
INFO:root:Validation set mIOU: 79.9623933039577
INFO:root:Epoch: 68, Iteration: 477, Loss: 0.10281559079885483
INFO:root:Epoch: 68, Iteration: 478, Loss: 0.1235504075884819
INFO:root:Epoch: 68, Iteration: 479, Loss: 0.1007474958896637
INFO:root:Epoch: 68, Iteration: 480, Loss: 0.1087113469839096
INFO:root:Epoch: 68, Iteration: 481, Loss: 0.12904810905456543
INFO:root:Epoch: 68, Iteration: 482, Loss: 0.1252584606409073
INFO:root:Epoch: 68, Iteration: 483, Loss: 0.17769178748130798
INFO:root:Validation set mIOU: 79.70351919424736
INFO:root:Epoch: 69, Iteration: 484, Loss: 0.10059969127178192
INFO:root:Epoch: 69, Iteration: 485, Loss: 0.12858213484287262
INFO:root:Epoch: 69, Iteration: 486, Loss: 0.17555181682109833
INFO:root:Epoch: 69, Iteration: 487, Loss: 0.14254668354988098
INFO:root:Epoch: 69, Iteration: 488, Loss: 0.11082631349563599
INFO:root:Epoch: 69, Iteration: 489, Loss: 0.12176020443439484
INFO:root:Epoch: 69, Iteration: 490, Loss: 0.10246804356575012
INFO:root:Validation set mIOU: 80.87740555391176
INFO:root:Epoch: 70, Iteration: 491, Loss: 0.10530322045087814
INFO:root:Epoch: 70, Iteration: 492, Loss: 0.13266876339912415
INFO:root:Epoch: 70, Iteration: 493, Loss: 0.10447432845830917
INFO:root:Epoch: 70, Iteration: 494, Loss: 0.11444005370140076
INFO:root:Epoch: 70, Iteration: 495, Loss: 0.163635715842247
INFO:root:Epoch: 70, Iteration: 496, Loss: 0.10832855105400085
INFO:root:Epoch: 70, Iteration: 497, Loss: 0.11385476589202881
INFO:root:Validation set mIOU: 79.21946865643022
INFO:root:Epoch: 71, Iteration: 498, Loss: 0.12478283047676086
INFO:root:Epoch: 71, Iteration: 499, Loss: 0.21307602524757385
INFO:root:Epoch: 71, Iteration: 500, Loss: 0.10235950350761414
INFO:root:Epoch: 71, Iteration: 501, Loss: 0.09559846669435501
INFO:root:Epoch: 71, Iteration: 502, Loss: 0.13413184881210327
INFO:root:Epoch: 71, Iteration: 503, Loss: 0.13723747432231903
INFO:root:Epoch: 71, Iteration: 504, Loss: 0.11950601637363434
INFO:root:Validation set mIOU: 80.15874891473804
INFO:root:Epoch: 72, Iteration: 505, Loss: 0.11466482281684875
INFO:root:Epoch: 72, Iteration: 506, Loss: 0.13283400237560272
INFO:root:Epoch: 72, Iteration: 507, Loss: 0.1360192596912384
INFO:root:Epoch: 72, Iteration: 508, Loss: 0.0987095832824707
INFO:root:Epoch: 72, Iteration: 509, Loss: 0.11187504231929779
INFO:root:Epoch: 72, Iteration: 510, Loss: 0.10972359031438828
INFO:root:Epoch: 72, Iteration: 511, Loss: 0.16829201579093933
INFO:root:Validation set mIOU: 80.58841608348959
INFO:root:Epoch: 73, Iteration: 512, Loss: 0.08901231735944748
INFO:root:Epoch: 73, Iteration: 513, Loss: 0.10728475451469421
INFO:root:Epoch: 73, Iteration: 514, Loss: 0.10481481999158859
INFO:root:Epoch: 73, Iteration: 515, Loss: 0.11831034719944
INFO:root:Epoch: 73, Iteration: 516, Loss: 0.16398273408412933
INFO:root:Epoch: 73, Iteration: 517, Loss: 0.11881985515356064
INFO:root:Epoch: 73, Iteration: 518, Loss: 0.0939815416932106
INFO:root:Validation set mIOU: 80.24047734082028
INFO:root:Epoch: 74, Iteration: 519, Loss: 0.10519935190677643
INFO:root:Epoch: 74, Iteration: 520, Loss: 0.13326817750930786
INFO:root:Epoch: 74, Iteration: 521, Loss: 0.13662058115005493
INFO:root:Epoch: 74, Iteration: 522, Loss: 0.10519333928823471
INFO:root:Epoch: 74, Iteration: 523, Loss: 0.15879929065704346
INFO:root:Epoch: 74, Iteration: 524, Loss: 0.10304529219865799
INFO:root:Epoch: 74, Iteration: 525, Loss: 0.1300124228000641
INFO:root:Validation set mIOU: 79.78036961549844
INFO:root:Epoch: 75, Iteration: 526, Loss: 0.11248694360256195
INFO:root:Epoch: 75, Iteration: 527, Loss: 0.10547532886266708
INFO:root:Epoch: 75, Iteration: 528, Loss: 0.12774406373500824
INFO:root:Epoch: 75, Iteration: 529, Loss: 0.12196701765060425
INFO:root:Epoch: 75, Iteration: 530, Loss: 0.13640153408050537
INFO:root:Epoch: 75, Iteration: 531, Loss: 0.12432561069726944
INFO:root:Epoch: 75, Iteration: 532, Loss: 0.10445249080657959
INFO:root:Validation set mIOU: 80.50563179103918
INFO:root:Epoch: 76, Iteration: 533, Loss: 0.11072041094303131
INFO:root:Epoch: 76, Iteration: 534, Loss: 0.11191373318433762
INFO:root:Epoch: 76, Iteration: 535, Loss: 0.1247212290763855
INFO:root:Epoch: 76, Iteration: 536, Loss: 0.13790486752986908
INFO:root:Epoch: 76, Iteration: 537, Loss: 0.1016782596707344
INFO:root:Epoch: 76, Iteration: 538, Loss: 0.12490519881248474
INFO:root:Epoch: 76, Iteration: 539, Loss: 0.14481034874916077
INFO:root:Validation set mIOU: 80.2548590598235
INFO:root:Epoch: 77, Iteration: 540, Loss: 0.12163200229406357
INFO:root:Epoch: 77, Iteration: 541, Loss: 0.1103462427854538
INFO:root:Epoch: 77, Iteration: 542, Loss: 0.10315750539302826
INFO:root:Epoch: 77, Iteration: 543, Loss: 0.18727043271064758
INFO:root:Epoch: 77, Iteration: 544, Loss: 0.11791826784610748
INFO:root:Epoch: 77, Iteration: 545, Loss: 0.12991946935653687
INFO:root:Epoch: 77, Iteration: 546, Loss: 0.11664008349180222
INFO:root:Validation set mIOU: 80.11244561109268
INFO:root:Epoch: 78, Iteration: 547, Loss: 0.14555267989635468
INFO:root:Epoch: 78, Iteration: 548, Loss: 0.11754967272281647
INFO:root:Epoch: 78, Iteration: 549, Loss: 0.1395011842250824
INFO:root:Epoch: 78, Iteration: 550, Loss: 0.10532777011394501
INFO:root:Epoch: 78, Iteration: 551, Loss: 0.10391011834144592
INFO:root:Epoch: 78, Iteration: 552, Loss: 0.09340523183345795
INFO:root:Epoch: 78, Iteration: 553, Loss: 0.10629213601350784
INFO:root:Validation set mIOU: 80.39642857738332
INFO:root:Epoch: 79, Iteration: 554, Loss: 0.12399628013372421
INFO:root:Epoch: 79, Iteration: 555, Loss: 0.12570568919181824
INFO:root:Epoch: 79, Iteration: 556, Loss: 0.11280673742294312
INFO:root:Epoch: 79, Iteration: 557, Loss: 0.08612469583749771
INFO:root:Epoch: 79, Iteration: 558, Loss: 0.13856254518032074
INFO:root:Epoch: 79, Iteration: 559, Loss: 0.10089626908302307
INFO:root:Epoch: 79, Iteration: 560, Loss: 0.14873762428760529
INFO:root:Validation set mIOU: 80.41384121080793
INFO:root:Epoch: 80, Iteration: 561, Loss: 0.12048099935054779
INFO:root:Epoch: 80, Iteration: 562, Loss: 0.09649499505758286
INFO:root:Epoch: 80, Iteration: 563, Loss: 0.1018347293138504
INFO:root:Epoch: 80, Iteration: 564, Loss: 0.1663067638874054
INFO:root:Epoch: 80, Iteration: 565, Loss: 0.11748947948217392
INFO:root:Epoch: 80, Iteration: 566, Loss: 0.1249716728925705
INFO:root:Epoch: 80, Iteration: 567, Loss: 0.12839630246162415
INFO:root:Validation set mIOU: 80.27942131368336
INFO:root:Epoch: 81, Iteration: 568, Loss: 0.1097143217921257
INFO:root:Epoch: 81, Iteration: 569, Loss: 0.1176375225186348
INFO:root:Epoch: 81, Iteration: 570, Loss: 0.12860332429409027
INFO:root:Epoch: 81, Iteration: 571, Loss: 0.10507232695817947
INFO:root:Epoch: 81, Iteration: 572, Loss: 0.1276046633720398
INFO:root:Epoch: 81, Iteration: 573, Loss: 0.12498781085014343
INFO:root:Epoch: 81, Iteration: 574, Loss: 0.12386073172092438
INFO:root:Validation set mIOU: 79.8833518616152
INFO:root:Epoch: 82, Iteration: 575, Loss: 0.134867861866951
INFO:root:Epoch: 82, Iteration: 576, Loss: 0.09497402608394623
INFO:root:Epoch: 82, Iteration: 577, Loss: 0.1218389943242073
INFO:root:Epoch: 82, Iteration: 578, Loss: 0.12901443243026733
INFO:root:Epoch: 82, Iteration: 579, Loss: 0.12500730156898499
INFO:root:Epoch: 82, Iteration: 580, Loss: 0.11899782717227936
INFO:root:Epoch: 82, Iteration: 581, Loss: 0.11822229623794556
INFO:root:Validation set mIOU: 79.85008036327473
INFO:root:Epoch: 83, Iteration: 582, Loss: 0.13888564705848694
INFO:root:Epoch: 83, Iteration: 583, Loss: 0.08955404162406921
INFO:root:Epoch: 83, Iteration: 584, Loss: 0.13704322278499603
INFO:root:Epoch: 83, Iteration: 585, Loss: 0.11974385380744934
INFO:root:Epoch: 83, Iteration: 586, Loss: 0.12138263881206512
INFO:root:Epoch: 83, Iteration: 587, Loss: 0.12078069150447845
INFO:root:Epoch: 83, Iteration: 588, Loss: 0.09297897666692734
INFO:root:Validation set mIOU: 79.92460075537657
INFO:root:Epoch: 84, Iteration: 589, Loss: 0.11655297130346298
INFO:root:Epoch: 84, Iteration: 590, Loss: 0.11626763641834259
INFO:root:Epoch: 84, Iteration: 591, Loss: 0.11006081104278564
INFO:root:Epoch: 84, Iteration: 592, Loss: 0.1314588040113449
INFO:root:Epoch: 84, Iteration: 593, Loss: 0.11845006048679352
INFO:root:Epoch: 84, Iteration: 594, Loss: 0.12692579627037048
INFO:root:Epoch: 84, Iteration: 595, Loss: 0.11675937473773956
INFO:root:Validation set mIOU: 79.95798783662295
INFO:root:Epoch: 85, Iteration: 596, Loss: 0.14762957394123077
INFO:root:Epoch: 85, Iteration: 597, Loss: 0.11788089573383331
INFO:root:Epoch: 85, Iteration: 598, Loss: 0.1388770043849945
INFO:root:Epoch: 85, Iteration: 599, Loss: 0.11198277026414871
INFO:root:Epoch: 85, Iteration: 600, Loss: 0.11099591851234436
INFO:root:Epoch: 85, Iteration: 601, Loss: 0.10440118610858917
INFO:root:Epoch: 85, Iteration: 602, Loss: 0.12034033238887787
INFO:root:Validation set mIOU: 79.87598654034346
INFO:root:Epoch: 86, Iteration: 603, Loss: 0.12880654633045197
INFO:root:Epoch: 86, Iteration: 604, Loss: 0.11569682508707047
INFO:root:Epoch: 86, Iteration: 605, Loss: 0.12068409472703934
INFO:root:Epoch: 86, Iteration: 606, Loss: 0.1348315179347992
INFO:root:Epoch: 86, Iteration: 607, Loss: 0.16108417510986328
INFO:root:Epoch: 86, Iteration: 608, Loss: 0.10937836021184921
INFO:root:Epoch: 86, Iteration: 609, Loss: 0.0986839011311531
INFO:root:Validation set mIOU: 79.71919781018431
INFO:root:Epoch: 87, Iteration: 610, Loss: 0.12298949807882309
INFO:root:Epoch: 87, Iteration: 611, Loss: 0.09792790561914444
INFO:root:Epoch: 87, Iteration: 612, Loss: 0.16130493581295013
INFO:root:Epoch: 87, Iteration: 613, Loss: 0.08885734528303146
INFO:root:Epoch: 87, Iteration: 614, Loss: 0.11351099610328674
INFO:root:Epoch: 87, Iteration: 615, Loss: 0.11939198523759842
INFO:root:Epoch: 87, Iteration: 616, Loss: 0.151427760720253
INFO:root:Validation set mIOU: 80.17486768813757
INFO:root:Epoch: 88, Iteration: 617, Loss: 0.18855929374694824
INFO:root:Epoch: 88, Iteration: 618, Loss: 0.14517273008823395
INFO:root:Epoch: 88, Iteration: 619, Loss: 0.08534650504589081
INFO:root:Epoch: 88, Iteration: 620, Loss: 0.1269388049840927
INFO:root:Epoch: 88, Iteration: 621, Loss: 0.1271626204252243
INFO:root:Epoch: 88, Iteration: 622, Loss: 0.11546570062637329
INFO:root:Epoch: 88, Iteration: 623, Loss: 0.14609356224536896
INFO:root:Validation set mIOU: 80.454134452413
INFO:root:Epoch: 89, Iteration: 624, Loss: 0.1043921485543251
INFO:root:Epoch: 89, Iteration: 625, Loss: 0.1885368674993515
INFO:root:Epoch: 89, Iteration: 626, Loss: 0.10478904098272324
INFO:root:Epoch: 89, Iteration: 627, Loss: 0.12470720708370209
INFO:root:Epoch: 89, Iteration: 628, Loss: 0.13991321623325348
INFO:root:Epoch: 89, Iteration: 629, Loss: 0.12183119356632233
INFO:root:Epoch: 89, Iteration: 630, Loss: 0.15320609509944916
INFO:root:Validation set mIOU: 80.2412541453296
INFO:root:Epoch: 90, Iteration: 631, Loss: 0.1336536705493927
INFO:root:Epoch: 90, Iteration: 632, Loss: 0.09764701873064041
INFO:root:Epoch: 90, Iteration: 633, Loss: 0.14104785025119781
INFO:root:Epoch: 90, Iteration: 634, Loss: 0.0905366837978363
INFO:root:Epoch: 90, Iteration: 635, Loss: 0.1400631219148636
INFO:root:Epoch: 90, Iteration: 636, Loss: 0.11489832401275635
INFO:root:Epoch: 90, Iteration: 637, Loss: 0.09488633275032043
INFO:root:Validation set mIOU: 79.9672448586627
INFO:root:Epoch: 91, Iteration: 638, Loss: 0.12522093951702118
INFO:root:Epoch: 91, Iteration: 639, Loss: 0.08861445635557175
INFO:root:Epoch: 91, Iteration: 640, Loss: 0.0979534462094307
INFO:root:Epoch: 91, Iteration: 641, Loss: 0.15928055346012115
INFO:root:Epoch: 91, Iteration: 642, Loss: 0.09422555565834045
INFO:root:Epoch: 91, Iteration: 643, Loss: 0.19411803781986237
INFO:root:Epoch: 91, Iteration: 644, Loss: 0.11301276087760925
INFO:root:Validation set mIOU: 79.72318436355165
INFO:root:Epoch: 92, Iteration: 645, Loss: 0.16086269915103912
INFO:root:Epoch: 92, Iteration: 646, Loss: 0.11419150978326797
INFO:root:Epoch: 92, Iteration: 647, Loss: 0.11108376085758209
INFO:root:Epoch: 92, Iteration: 648, Loss: 0.13920029997825623
INFO:root:Epoch: 92, Iteration: 649, Loss: 0.10363107919692993
INFO:root:Epoch: 92, Iteration: 650, Loss: 0.08524224907159805
INFO:root:Epoch: 92, Iteration: 651, Loss: 0.12082285434007645
INFO:root:Validation set mIOU: 80.03202529797345
INFO:root:Epoch: 93, Iteration: 652, Loss: 0.10652738064527512
INFO:root:Epoch: 93, Iteration: 653, Loss: 0.1233813539147377
INFO:root:Epoch: 93, Iteration: 654, Loss: 0.1231914833188057
INFO:root:Epoch: 93, Iteration: 655, Loss: 0.10092352330684662
INFO:root:Epoch: 93, Iteration: 656, Loss: 0.11144848167896271
INFO:root:Epoch: 93, Iteration: 657, Loss: 0.10771205276250839
INFO:root:Epoch: 93, Iteration: 658, Loss: 0.14938850700855255
INFO:root:Validation set mIOU: 80.02005952069413
INFO:root:Epoch: 94, Iteration: 659, Loss: 0.10687530785799026
INFO:root:Epoch: 94, Iteration: 660, Loss: 0.114927738904953
INFO:root:Epoch: 94, Iteration: 661, Loss: 0.12148339301347733
INFO:root:Epoch: 94, Iteration: 662, Loss: 0.1265011727809906
INFO:root:Epoch: 94, Iteration: 663, Loss: 0.09266939759254456
INFO:root:Epoch: 94, Iteration: 664, Loss: 0.12814755737781525
INFO:root:Epoch: 94, Iteration: 665, Loss: 0.13431590795516968
INFO:root:Validation set mIOU: 80.19662885206608
INFO:root:Epoch: 95, Iteration: 666, Loss: 0.13598449528217316
INFO:root:Epoch: 95, Iteration: 667, Loss: 0.08561510592699051
INFO:root:Epoch: 95, Iteration: 668, Loss: 0.11459389328956604
INFO:root:Epoch: 95, Iteration: 669, Loss: 0.10810410976409912
INFO:root:Epoch: 95, Iteration: 670, Loss: 0.1162279024720192
INFO:root:Epoch: 95, Iteration: 671, Loss: 0.11437426507472992
INFO:root:Epoch: 95, Iteration: 672, Loss: 0.14501558244228363
INFO:root:Validation set mIOU: 79.89410254360774
INFO:root:Epoch: 96, Iteration: 673, Loss: 0.14038002490997314
INFO:root:Epoch: 96, Iteration: 674, Loss: 0.1256439983844757
INFO:root:Epoch: 96, Iteration: 675, Loss: 0.13887980580329895
INFO:root:Epoch: 96, Iteration: 676, Loss: 0.12578549981117249
INFO:root:Epoch: 96, Iteration: 677, Loss: 0.10522400587797165
INFO:root:Epoch: 96, Iteration: 678, Loss: 0.10162279009819031
INFO:root:Epoch: 96, Iteration: 679, Loss: 0.10558328777551651
INFO:root:Validation set mIOU: 80.24060600371998
INFO:root:Epoch: 97, Iteration: 680, Loss: 0.14743278920650482
INFO:root:Epoch: 97, Iteration: 681, Loss: 0.12765851616859436
INFO:root:Epoch: 97, Iteration: 682, Loss: 0.10999669879674911
INFO:root:Epoch: 97, Iteration: 683, Loss: 0.11466336995363235
INFO:root:Epoch: 97, Iteration: 684, Loss: 0.14931733906269073
INFO:root:Epoch: 97, Iteration: 685, Loss: 0.08694970607757568
INFO:root:Epoch: 97, Iteration: 686, Loss: 0.07887787371873856
INFO:root:Validation set mIOU: 80.15425203269477
INFO:root:Epoch: 98, Iteration: 687, Loss: 0.10986968129873276
INFO:root:Epoch: 98, Iteration: 688, Loss: 0.11342916637659073
INFO:root:Epoch: 98, Iteration: 689, Loss: 0.11224422603845596
INFO:root:Epoch: 98, Iteration: 690, Loss: 0.09892303496599197
INFO:root:Epoch: 98, Iteration: 691, Loss: 0.10967785120010376
INFO:root:Epoch: 98, Iteration: 692, Loss: 0.09857234358787537
INFO:root:Epoch: 98, Iteration: 693, Loss: 0.14903481304645538
INFO:root:Validation set mIOU: 80.4199687676467
INFO:root:Epoch: 99, Iteration: 694, Loss: 0.13839776813983917
INFO:root:Epoch: 99, Iteration: 695, Loss: 0.11273801326751709
INFO:root:Epoch: 99, Iteration: 696, Loss: 0.13635319471359253
INFO:root:Epoch: 99, Iteration: 697, Loss: 0.10540737956762314
INFO:root:Epoch: 99, Iteration: 698, Loss: 0.11595696210861206
INFO:root:Epoch: 99, Iteration: 699, Loss: 0.09217330813407898
INFO:root:Epoch: 99, Iteration: 700, Loss: 0.21907079219818115
INFO:root:Validation set mIOU: 80.06932726772865
