INFO:root:{'addition': 'nothing',
 'backbone': 'resnet50',
 'batch_size': 16,
 'batch_size_consistency': 16,
 'conf_thres': 0.95,
 'config': 'configs/dataset2.yaml',
 'consistency_training': True,
 'crop_size': 320,
 'data_root': './',
 'dataset': 'dataset2',
 'epochs': 100,
 'labeled_id_path': 'dataset/splits/dataset2/1_4/split_random/labeled.txt',
 'lr': 0.0009,
 'model': 'unet',
 'ngpus': 1,
 'plus': False,
 'pseudo_consistency_mask_path': None,
 'pseudo_mask_path': 'outdir/pseudo_masks/dataset2/1_4/split_random/unet/resnet50/self_training/consistency_training/second_time',
 'rand_thres': 0.8,
 'reliable_id_path': None,
 'save_path': 'outdir/models/dataset2/1_4/split_random/unet/resnet50/self_training/consistency_training/second_time',
 'time': 2,
 'unlabeled_id_path': 'dataset/splits/dataset2/1_4/split_random/unlabeled.txt',
 'warm_up': 30}

INFO:root:Training supervised with consistency on unlabeled images
INFO:root:Epoch: 0, Iteration: 1, Loss: 0.5903652906417847, Loss_s: 1.1807305812835693, Loss_u: 0.0
INFO:root:Epoch: 0, Iteration: 2, Loss: 0.6000286936759949, Loss_s: 1.2000573873519897, Loss_u: 0.0
INFO:root:Epoch: 0, Iteration: 3, Loss: 0.5662648677825928, Loss_s: 1.1325297355651855, Loss_u: 0.0
INFO:root:Validation set mIOU: 5.510892407129671
INFO:root:Epoch: 1, Iteration: 4, Loss: 0.5471926331520081, Loss_s: 1.0943852663040161, Loss_u: 0.0
INFO:root:Epoch: 1, Iteration: 5, Loss: 0.5234256386756897, Loss_s: 1.0468512773513794, Loss_u: 0.0
INFO:root:Epoch: 1, Iteration: 6, Loss: 0.508064866065979, Loss_s: 1.016129732131958, Loss_u: 0.0
INFO:root:Validation set mIOU: 20.30302035718564
INFO:root:Epoch: 2, Iteration: 7, Loss: 0.4809100925922394, Loss_s: 0.9618201851844788, Loss_u: 0.0
INFO:root:Epoch: 2, Iteration: 8, Loss: 0.47124168276786804, Loss_s: 0.9424833655357361, Loss_u: 0.0
INFO:root:Epoch: 2, Iteration: 9, Loss: 0.4528762102127075, Loss_s: 0.905752420425415, Loss_u: 0.0
INFO:root:Validation set mIOU: 51.42534991032518
INFO:root:Epoch: 3, Iteration: 10, Loss: 0.4532761871814728, Loss_s: 0.9065523743629456, Loss_u: 0.0
INFO:root:Epoch: 3, Iteration: 11, Loss: 0.44026586413383484, Loss_s: 0.8805317282676697, Loss_u: 0.0
INFO:root:Epoch: 3, Iteration: 12, Loss: 0.42902716994285583, Loss_s: 0.8580543398857117, Loss_u: 0.0
INFO:root:Validation set mIOU: 65.97147403324475
INFO:root:Epoch: 4, Iteration: 13, Loss: 0.42011338472366333, Loss_s: 0.8402267694473267, Loss_u: 0.0
INFO:root:Epoch: 4, Iteration: 14, Loss: 0.4245012402534485, Loss_s: 0.849002480506897, Loss_u: 0.0
INFO:root:Epoch: 4, Iteration: 15, Loss: 0.40335437655448914, Loss_s: 0.8067087531089783, Loss_u: 0.0
INFO:root:Validation set mIOU: 72.70352520896033
INFO:root:Epoch: 5, Iteration: 16, Loss: 0.3862636387348175, Loss_s: 0.772527277469635, Loss_u: 0.0
INFO:root:Epoch: 5, Iteration: 17, Loss: 0.37040120363235474, Loss_s: 0.7408024072647095, Loss_u: 0.0
INFO:root:Epoch: 5, Iteration: 18, Loss: 0.37110963463783264, Loss_s: 0.7422192692756653, Loss_u: 0.0
INFO:root:Validation set mIOU: 68.74975831392662
INFO:root:Epoch: 6, Iteration: 19, Loss: 0.36234211921691895, Loss_s: 0.7246842384338379, Loss_u: 0.0
INFO:root:Epoch: 6, Iteration: 20, Loss: 0.3596377968788147, Loss_s: 0.7192755937576294, Loss_u: 0.0
INFO:root:Epoch: 6, Iteration: 21, Loss: 0.36065080761909485, Loss_s: 0.7213016152381897, Loss_u: 0.0
INFO:root:Validation set mIOU: 71.39097208573003
INFO:root:Epoch: 7, Iteration: 22, Loss: 0.3477391302585602, Loss_s: 0.6954782605171204, Loss_u: 0.0
INFO:root:Epoch: 7, Iteration: 23, Loss: 0.33191341161727905, Loss_s: 0.6638268232345581, Loss_u: 0.0
INFO:root:Epoch: 7, Iteration: 24, Loss: 0.3390219211578369, Loss_s: 0.6780438423156738, Loss_u: 0.0
INFO:root:Validation set mIOU: 74.02242776039408
INFO:root:Epoch: 8, Iteration: 25, Loss: 0.33895939588546753, Loss_s: 0.6779187917709351, Loss_u: 0.0
INFO:root:Epoch: 8, Iteration: 26, Loss: 0.3328685462474823, Loss_s: 0.6657370924949646, Loss_u: 0.0
INFO:root:Epoch: 8, Iteration: 27, Loss: 0.33807939291000366, Loss_s: 0.6761587858200073, Loss_u: 0.0
INFO:root:Validation set mIOU: 77.39402508755542
INFO:root:Epoch: 9, Iteration: 28, Loss: 0.32225605845451355, Loss_s: 0.6445121169090271, Loss_u: 0.0
INFO:root:Epoch: 9, Iteration: 29, Loss: 0.32036855816841125, Loss_s: 0.6407371163368225, Loss_u: 0.0
INFO:root:Epoch: 9, Iteration: 30, Loss: 0.3186418414115906, Loss_s: 0.6372836828231812, Loss_u: 0.0
INFO:root:Validation set mIOU: 82.86706589244876
INFO:root:Epoch: 10, Iteration: 31, Loss: 0.31374043226242065, Loss_s: 0.6274808645248413, Loss_u: 0.0
INFO:root:Epoch: 10, Iteration: 32, Loss: 0.3134949207305908, Loss_s: 0.6269898414611816, Loss_u: 0.0
INFO:root:Epoch: 10, Iteration: 33, Loss: 0.3186127245426178, Loss_s: 0.6372254490852356, Loss_u: 0.0
INFO:root:Validation set mIOU: 78.36355164362541
INFO:root:Epoch: 11, Iteration: 34, Loss: 0.3143732249736786, Loss_s: 0.6287464499473572, Loss_u: 0.0
INFO:root:Epoch: 11, Iteration: 35, Loss: 0.3128097653388977, Loss_s: 0.6256195306777954, Loss_u: 0.0
INFO:root:Epoch: 11, Iteration: 36, Loss: 0.3142712712287903, Loss_s: 0.6285425424575806, Loss_u: 0.0
INFO:root:Validation set mIOU: 79.24248052839779
INFO:root:Epoch: 12, Iteration: 37, Loss: 0.3043500483036041, Loss_s: 0.6087000966072083, Loss_u: 0.0
INFO:root:Epoch: 12, Iteration: 38, Loss: 0.30867165327072144, Loss_s: 0.6173433065414429, Loss_u: 0.0
INFO:root:Epoch: 12, Iteration: 39, Loss: 0.31520792841911316, Loss_s: 0.6304158568382263, Loss_u: 0.0
INFO:root:Validation set mIOU: 85.09225337360807
INFO:root:Epoch: 13, Iteration: 40, Loss: 0.3078465759754181, Loss_s: 0.6156931519508362, Loss_u: 0.0
INFO:root:Epoch: 13, Iteration: 41, Loss: 0.30404356122016907, Loss_s: 0.6080871224403381, Loss_u: 0.0
INFO:root:Epoch: 13, Iteration: 42, Loss: 0.3059627115726471, Loss_s: 0.6119254231452942, Loss_u: 0.0
INFO:root:Validation set mIOU: 79.94518451404683
INFO:root:Epoch: 14, Iteration: 43, Loss: 0.31214457750320435, Loss_s: 0.6242891550064087, Loss_u: 0.0
INFO:root:Epoch: 14, Iteration: 44, Loss: 0.3107825815677643, Loss_s: 0.6215651631355286, Loss_u: 0.0
INFO:root:Epoch: 14, Iteration: 45, Loss: 0.300175279378891, Loss_s: 0.600350558757782, Loss_u: 0.0
INFO:root:Validation set mIOU: 82.82868132959183
INFO:root:Epoch: 15, Iteration: 46, Loss: 0.3026253581047058, Loss_s: 0.6052507162094116, Loss_u: 0.0
INFO:root:Epoch: 15, Iteration: 47, Loss: 0.30751124024391174, Loss_s: 0.6150224804878235, Loss_u: 0.0
INFO:root:Epoch: 15, Iteration: 48, Loss: 0.29718124866485596, Loss_s: 0.5943624973297119, Loss_u: 0.0
INFO:root:Validation set mIOU: 79.94650250538123
INFO:root:Epoch: 16, Iteration: 49, Loss: 0.2990212142467499, Loss_s: 0.5980424284934998, Loss_u: 0.0
INFO:root:Epoch: 16, Iteration: 50, Loss: 0.299898624420166, Loss_s: 0.599797248840332, Loss_u: 0.0
INFO:root:Epoch: 16, Iteration: 51, Loss: 0.3066096603870392, Loss_s: 0.6132193207740784, Loss_u: 0.0
INFO:root:Validation set mIOU: 80.1506575053372
INFO:root:Epoch: 17, Iteration: 52, Loss: 0.2991175353527069, Loss_s: 0.5982350707054138, Loss_u: 0.0
INFO:root:Epoch: 17, Iteration: 53, Loss: 0.30581149458885193, Loss_s: 0.6116229891777039, Loss_u: 0.0
INFO:root:Epoch: 17, Iteration: 54, Loss: 0.30498555302619934, Loss_s: 0.6099711060523987, Loss_u: 0.0
INFO:root:Validation set mIOU: 76.75660924820892
INFO:root:Epoch: 18, Iteration: 55, Loss: 0.2955581843852997, Loss_s: 0.5911163687705994, Loss_u: 0.0
INFO:root:Epoch: 18, Iteration: 56, Loss: 0.2956782579421997, Loss_s: 0.5913565158843994, Loss_u: 0.0
INFO:root:Epoch: 18, Iteration: 57, Loss: 0.29566770792007446, Loss_s: 0.5913354158401489, Loss_u: 0.0
INFO:root:Validation set mIOU: 73.58876432096064
INFO:root:Epoch: 19, Iteration: 58, Loss: 0.2998649477958679, Loss_s: 0.5997298955917358, Loss_u: 0.0
INFO:root:Epoch: 19, Iteration: 59, Loss: 0.29332342743873596, Loss_s: 0.5866468548774719, Loss_u: 0.0
INFO:root:Epoch: 19, Iteration: 60, Loss: 0.30269140005111694, Loss_s: 0.6053828001022339, Loss_u: 0.0
INFO:root:Validation set mIOU: 81.67573624984568
INFO:root:Epoch: 20, Iteration: 61, Loss: 0.29485517740249634, Loss_s: 0.5897103548049927, Loss_u: 0.0
INFO:root:Epoch: 20, Iteration: 62, Loss: 0.29618850350379944, Loss_s: 0.5923770070075989, Loss_u: 0.0
INFO:root:Epoch: 20, Iteration: 63, Loss: 0.29326438903808594, Loss_s: 0.5865287780761719, Loss_u: 0.0
INFO:root:Validation set mIOU: 82.93892705481682
INFO:root:Epoch: 21, Iteration: 64, Loss: 0.2979166507720947, Loss_s: 0.5958333015441895, Loss_u: 0.0
INFO:root:Epoch: 21, Iteration: 65, Loss: 0.2932189106941223, Loss_s: 0.5864378213882446, Loss_u: 0.0
INFO:root:Epoch: 21, Iteration: 66, Loss: 0.30988261103630066, Loss_s: 0.6197652220726013, Loss_u: 0.0
INFO:root:Validation set mIOU: 83.75284489460503
INFO:root:Epoch: 22, Iteration: 67, Loss: 0.29318973422050476, Loss_s: 0.5863794684410095, Loss_u: 0.0
INFO:root:Epoch: 22, Iteration: 68, Loss: 0.29414182901382446, Loss_s: 0.5882836580276489, Loss_u: 0.0
INFO:root:Epoch: 22, Iteration: 69, Loss: 0.2970636188983917, Loss_s: 0.5941272377967834, Loss_u: 0.0
INFO:root:Validation set mIOU: 81.62208232238443
INFO:root:Epoch: 23, Iteration: 70, Loss: 0.31027752161026, Loss_s: 0.62055504322052, Loss_u: 0.0
INFO:root:Epoch: 23, Iteration: 71, Loss: 0.3085559010505676, Loss_s: 0.6171118021011353, Loss_u: 0.0
INFO:root:Epoch: 23, Iteration: 72, Loss: 0.2954235374927521, Loss_s: 0.5908470749855042, Loss_u: 0.0
INFO:root:Validation set mIOU: 78.94710617635413
INFO:root:Epoch: 24, Iteration: 73, Loss: 0.2943233549594879, Loss_s: 0.5886467099189758, Loss_u: 0.0
INFO:root:Epoch: 24, Iteration: 74, Loss: 0.2959362864494324, Loss_s: 0.5918725728988647, Loss_u: 0.0
INFO:root:Epoch: 24, Iteration: 75, Loss: 0.3058331310749054, Loss_s: 0.6116662621498108, Loss_u: 0.0
INFO:root:Validation set mIOU: 68.87585006115823
INFO:root:Epoch: 25, Iteration: 76, Loss: 0.30222246050834656, Loss_s: 0.6044449210166931, Loss_u: 0.0
INFO:root:Epoch: 25, Iteration: 77, Loss: 0.30223044753074646, Loss_s: 0.6044608950614929, Loss_u: 0.0
INFO:root:Epoch: 25, Iteration: 78, Loss: 0.2939407527446747, Loss_s: 0.5878815054893494, Loss_u: 0.0
INFO:root:Validation set mIOU: 76.16390963469962
INFO:root:Epoch: 26, Iteration: 79, Loss: 0.2958761155605316, Loss_s: 0.5917522311210632, Loss_u: 0.0
INFO:root:Epoch: 26, Iteration: 80, Loss: 0.2953433096408844, Loss_s: 0.5906866192817688, Loss_u: 0.0
INFO:root:Epoch: 26, Iteration: 81, Loss: 0.3000478744506836, Loss_s: 0.6000957489013672, Loss_u: 0.0
INFO:root:Validation set mIOU: 77.82912955271676
INFO:root:Epoch: 27, Iteration: 82, Loss: 0.2988286018371582, Loss_s: 0.5976572036743164, Loss_u: 0.0
INFO:root:Epoch: 27, Iteration: 83, Loss: 0.2922443747520447, Loss_s: 0.5844887495040894, Loss_u: 0.0
INFO:root:Epoch: 27, Iteration: 84, Loss: 0.29330340027809143, Loss_s: 0.5866068005561829, Loss_u: 0.0
INFO:root:Validation set mIOU: 81.21639224209582
INFO:root:Epoch: 28, Iteration: 85, Loss: 0.30072689056396484, Loss_s: 0.6014537811279297, Loss_u: 0.0
INFO:root:Epoch: 28, Iteration: 86, Loss: 0.2974497079849243, Loss_s: 0.5948994159698486, Loss_u: 0.0
INFO:root:Epoch: 28, Iteration: 87, Loss: 0.2913965880870819, Loss_s: 0.5827931761741638, Loss_u: 0.0
INFO:root:Validation set mIOU: 78.08784867607491
INFO:root:Epoch: 29, Iteration: 88, Loss: 0.2937583923339844, Loss_s: 0.5875167846679688, Loss_u: 0.0
INFO:root:Epoch: 29, Iteration: 89, Loss: 0.29073259234428406, Loss_s: 0.5814651846885681, Loss_u: 0.0
INFO:root:Epoch: 29, Iteration: 90, Loss: 0.30087950825691223, Loss_s: 0.6017590165138245, Loss_u: 0.0
INFO:root:Validation set mIOU: 80.06118049258471
INFO:root:Epoch: 30, Iteration: 91, Loss: 0.29502689838409424, Loss_s: 0.5900537967681885, Loss_u: 0.0
INFO:root:Epoch: 30, Iteration: 92, Loss: 0.3032892346382141, Loss_s: 0.6065784692764282, Loss_u: 0.0
INFO:root:Epoch: 30, Iteration: 93, Loss: 0.2974855601787567, Loss_s: 0.5949711203575134, Loss_u: 0.0
INFO:root:Validation set mIOU: 83.1713155857444
INFO:root:Epoch: 31, Iteration: 94, Loss: 0.29256582260131836, Loss_s: 0.5851316452026367, Loss_u: 0.0
INFO:root:Epoch: 31, Iteration: 95, Loss: 0.29113247990608215, Loss_s: 0.5822649598121643, Loss_u: 0.0
INFO:root:Epoch: 31, Iteration: 96, Loss: 0.291221022605896, Loss_s: 0.582442045211792, Loss_u: 0.0
INFO:root:Validation set mIOU: 85.40403988290701
INFO:root:Epoch: 32, Iteration: 97, Loss: 0.2946270704269409, Loss_s: 0.5892541408538818, Loss_u: 0.0
INFO:root:Epoch: 32, Iteration: 98, Loss: 0.3024697005748749, Loss_s: 0.6049394011497498, Loss_u: 0.0
INFO:root:Epoch: 32, Iteration: 99, Loss: 0.29041987657546997, Loss_s: 0.5808397531509399, Loss_u: 0.0
INFO:root:Validation set mIOU: 83.14257488950658
INFO:root:Epoch: 33, Iteration: 100, Loss: 0.2926427125930786, Loss_s: 0.5852854251861572, Loss_u: 0.0
INFO:root:Epoch: 33, Iteration: 101, Loss: 0.2930254638195038, Loss_s: 0.5860509276390076, Loss_u: 0.0
INFO:root:Epoch: 33, Iteration: 102, Loss: 0.2935153543949127, Loss_s: 0.5870307087898254, Loss_u: 0.0
INFO:root:Validation set mIOU: 83.46424265887977
INFO:root:Epoch: 34, Iteration: 103, Loss: 0.29393360018730164, Loss_s: 0.5878672003746033, Loss_u: 0.0
INFO:root:Epoch: 34, Iteration: 104, Loss: 0.2936129570007324, Loss_s: 0.5872259140014648, Loss_u: 0.0
INFO:root:Epoch: 34, Iteration: 105, Loss: 0.2906862497329712, Loss_s: 0.5813724994659424, Loss_u: 0.0
INFO:root:Validation set mIOU: 82.84770896663406
INFO:root:Epoch: 35, Iteration: 106, Loss: 0.2917466163635254, Loss_s: 0.5834932327270508, Loss_u: 0.0
INFO:root:Epoch: 35, Iteration: 107, Loss: 0.29186806082725525, Loss_s: 0.5837361216545105, Loss_u: 0.0
INFO:root:Epoch: 35, Iteration: 108, Loss: 0.2906346619129181, Loss_s: 0.5812693238258362, Loss_u: 0.0
INFO:root:Validation set mIOU: 84.68139820169642
INFO:root:Epoch: 36, Iteration: 109, Loss: 0.29197075963020325, Loss_s: 0.5839415192604065, Loss_u: 0.0
INFO:root:Epoch: 36, Iteration: 110, Loss: 0.2901231646537781, Loss_s: 0.5802463293075562, Loss_u: 0.0
INFO:root:Epoch: 36, Iteration: 111, Loss: 0.2893998622894287, Loss_s: 0.5787997245788574, Loss_u: 0.0
INFO:root:Validation set mIOU: 81.33455771730623
INFO:root:Epoch: 37, Iteration: 112, Loss: 0.291115939617157, Loss_s: 0.582231879234314, Loss_u: 0.0
INFO:root:Epoch: 37, Iteration: 113, Loss: 0.29317978024482727, Loss_s: 0.5863595604896545, Loss_u: 0.0
INFO:root:Epoch: 37, Iteration: 114, Loss: 0.2906978130340576, Loss_s: 0.5813956260681152, Loss_u: 0.0
INFO:root:Validation set mIOU: 84.50621308736955
INFO:root:Epoch: 38, Iteration: 115, Loss: 0.29017117619514465, Loss_s: 0.5803423523902893, Loss_u: 0.0
INFO:root:Epoch: 38, Iteration: 116, Loss: 0.29244035482406616, Loss_s: 0.5848807096481323, Loss_u: 0.0
INFO:root:Epoch: 38, Iteration: 117, Loss: 0.2874052822589874, Loss_s: 0.5748105645179749, Loss_u: 0.0
INFO:root:Validation set mIOU: 83.37534683066494
INFO:root:Epoch: 39, Iteration: 118, Loss: 0.2907601296901703, Loss_s: 0.5815202593803406, Loss_u: 0.0
INFO:root:Epoch: 39, Iteration: 119, Loss: 0.2916940748691559, Loss_s: 0.5833881497383118, Loss_u: 0.0
INFO:root:Epoch: 39, Iteration: 120, Loss: 0.2924131453037262, Loss_s: 0.5848262906074524, Loss_u: 0.0
INFO:root:Validation set mIOU: 85.66776012227028
INFO:root:Epoch: 40, Iteration: 121, Loss: 0.28650420904159546, Loss_s: 0.5730084180831909, Loss_u: 0.0
INFO:root:Epoch: 40, Iteration: 122, Loss: 0.2904009222984314, Loss_s: 0.5808018445968628, Loss_u: 0.0
INFO:root:Epoch: 40, Iteration: 123, Loss: 0.29561445116996765, Loss_s: 0.5912289023399353, Loss_u: 0.0
INFO:root:Validation set mIOU: 72.48575969311784
INFO:root:Epoch: 41, Iteration: 124, Loss: 0.2902022898197174, Loss_s: 0.5804045796394348, Loss_u: 0.0
INFO:root:Epoch: 41, Iteration: 125, Loss: 0.2928915023803711, Loss_s: 0.5857830047607422, Loss_u: 0.0
INFO:root:Epoch: 41, Iteration: 126, Loss: 0.2940157651901245, Loss_s: 0.588031530380249, Loss_u: 0.0
INFO:root:Validation set mIOU: 78.78105624080636
INFO:root:Epoch: 42, Iteration: 127, Loss: 0.2903692126274109, Loss_s: 0.5807384252548218, Loss_u: 0.0
INFO:root:Epoch: 42, Iteration: 128, Loss: 0.2945021986961365, Loss_s: 0.589004397392273, Loss_u: 0.0
INFO:root:Epoch: 42, Iteration: 129, Loss: 0.30126410722732544, Loss_s: 0.6025282144546509, Loss_u: 0.0
INFO:root:Validation set mIOU: 81.89908078915643
INFO:root:Epoch: 43, Iteration: 130, Loss: 0.30037495493888855, Loss_s: 0.6007499098777771, Loss_u: 0.0
INFO:root:Epoch: 43, Iteration: 131, Loss: 0.30007031559944153, Loss_s: 0.6001406311988831, Loss_u: 0.0
INFO:root:Epoch: 43, Iteration: 132, Loss: 0.29343387484550476, Loss_s: 0.5868677496910095, Loss_u: 0.0
INFO:root:Validation set mIOU: 80.18503649482753
INFO:root:Epoch: 44, Iteration: 133, Loss: 0.29304632544517517, Loss_s: 0.5860926508903503, Loss_u: 0.0
INFO:root:Epoch: 44, Iteration: 134, Loss: 0.2946954667568207, Loss_s: 0.5893909335136414, Loss_u: 0.0
INFO:root:Epoch: 44, Iteration: 135, Loss: 0.2958756983280182, Loss_s: 0.5917513966560364, Loss_u: 0.0
INFO:root:Validation set mIOU: 79.320195702719
INFO:root:Epoch: 45, Iteration: 136, Loss: 0.2914262115955353, Loss_s: 0.5828524231910706, Loss_u: 0.0
INFO:root:Epoch: 45, Iteration: 137, Loss: 0.3063735365867615, Loss_s: 0.612747073173523, Loss_u: 0.0
INFO:root:Epoch: 45, Iteration: 138, Loss: 0.29109853506088257, Loss_s: 0.5821970701217651, Loss_u: 0.0
INFO:root:Validation set mIOU: 86.33582059481833
INFO:root:Epoch: 46, Iteration: 139, Loss: 0.3036036193370819, Loss_s: 0.6072072386741638, Loss_u: 0.0
INFO:root:Epoch: 46, Iteration: 140, Loss: 0.3035012483596802, Loss_s: 0.6070024967193604, Loss_u: 0.0
INFO:root:Epoch: 46, Iteration: 141, Loss: 0.2915072441101074, Loss_s: 0.5830144882202148, Loss_u: 0.0
INFO:root:Validation set mIOU: 81.34720041105483
INFO:root:Epoch: 47, Iteration: 142, Loss: 0.2912731468677521, Loss_s: 0.5825462937355042, Loss_u: 0.0
INFO:root:Epoch: 47, Iteration: 143, Loss: 0.29548680782318115, Loss_s: 0.5909736156463623, Loss_u: 0.0
INFO:root:Epoch: 47, Iteration: 144, Loss: 0.2946842908859253, Loss_s: 0.5893685817718506, Loss_u: 0.0
INFO:root:Validation set mIOU: 79.39411995735647
INFO:root:Epoch: 48, Iteration: 145, Loss: 0.291803240776062, Loss_s: 0.583606481552124, Loss_u: 0.0
INFO:root:Epoch: 48, Iteration: 146, Loss: 0.30791914463043213, Loss_s: 0.6158382892608643, Loss_u: 0.0
INFO:root:Epoch: 48, Iteration: 147, Loss: 0.29011741280555725, Loss_s: 0.5802348256111145, Loss_u: 0.0
INFO:root:Validation set mIOU: 75.98372484094563
INFO:root:Epoch: 49, Iteration: 148, Loss: 0.2953554689884186, Loss_s: 0.5907109379768372, Loss_u: 0.0
INFO:root:Epoch: 49, Iteration: 149, Loss: 0.2925970256328583, Loss_s: 0.5851940512657166, Loss_u: 0.0
INFO:root:Epoch: 49, Iteration: 150, Loss: 0.2970432639122009, Loss_s: 0.5940865278244019, Loss_u: 0.0
INFO:root:Validation set mIOU: 85.31900506213114
INFO:root:Epoch: 50, Iteration: 151, Loss: 0.2927449941635132, Loss_s: 0.5854899883270264, Loss_u: 0.0
INFO:root:Epoch: 50, Iteration: 152, Loss: 0.2943582534790039, Loss_s: 0.5887165069580078, Loss_u: 0.0
INFO:root:Epoch: 50, Iteration: 153, Loss: 0.29062938690185547, Loss_s: 0.5812587738037109, Loss_u: 0.0
INFO:root:Validation set mIOU: 86.23964785323125
INFO:root:Epoch: 51, Iteration: 154, Loss: 0.29428794980049133, Loss_s: 0.5885758996009827, Loss_u: 0.0
INFO:root:Epoch: 51, Iteration: 155, Loss: 0.2908518612384796, Loss_s: 0.5817037224769592, Loss_u: 0.0
INFO:root:Epoch: 51, Iteration: 156, Loss: 0.2882312834262848, Loss_s: 0.5764625668525696, Loss_u: 0.0
INFO:root:Validation set mIOU: 80.16516611016647
INFO:root:Epoch: 52, Iteration: 157, Loss: 0.29348406195640564, Loss_s: 0.5869681239128113, Loss_u: 0.0
INFO:root:Epoch: 52, Iteration: 158, Loss: 0.2903372049331665, Loss_s: 0.580674409866333, Loss_u: 0.0
INFO:root:Epoch: 52, Iteration: 159, Loss: 0.28946036100387573, Loss_s: 0.5789207220077515, Loss_u: 0.0
INFO:root:Validation set mIOU: 80.15380778414668
INFO:root:Epoch: 53, Iteration: 160, Loss: 0.28868386149406433, Loss_s: 0.5773677229881287, Loss_u: 0.0
INFO:root:Epoch: 53, Iteration: 161, Loss: 0.2910744249820709, Loss_s: 0.5821488499641418, Loss_u: 0.0
INFO:root:Epoch: 53, Iteration: 162, Loss: 0.2903219163417816, Loss_s: 0.5806438326835632, Loss_u: 0.0
INFO:root:Validation set mIOU: 81.0231650589762
INFO:root:Epoch: 54, Iteration: 163, Loss: 0.29077383875846863, Loss_s: 0.5815476775169373, Loss_u: 0.0
INFO:root:Epoch: 54, Iteration: 164, Loss: 0.29344645142555237, Loss_s: 0.5868929028511047, Loss_u: 0.0
INFO:root:Epoch: 54, Iteration: 165, Loss: 0.3011418282985687, Loss_s: 0.6022836565971375, Loss_u: 0.0
INFO:root:Validation set mIOU: 76.76335576943076
INFO:root:Epoch: 55, Iteration: 166, Loss: 0.29143786430358887, Loss_s: 0.5828757286071777, Loss_u: 0.0
INFO:root:Epoch: 55, Iteration: 167, Loss: 0.3216438889503479, Loss_s: 0.6432877779006958, Loss_u: 0.0
INFO:root:Epoch: 55, Iteration: 168, Loss: 0.2913351058959961, Loss_s: 0.5826702117919922, Loss_u: 0.0
INFO:root:Validation set mIOU: 83.02685610549226
INFO:root:Epoch: 56, Iteration: 169, Loss: 0.2883008122444153, Loss_s: 0.5766016244888306, Loss_u: 0.0
INFO:root:Epoch: 56, Iteration: 170, Loss: 0.29199281334877014, Loss_s: 0.5839856266975403, Loss_u: 0.0
INFO:root:Epoch: 56, Iteration: 171, Loss: 0.2957132160663605, Loss_s: 0.591426432132721, Loss_u: 0.0
INFO:root:Validation set mIOU: 86.68407777981658
INFO:root:Epoch: 57, Iteration: 172, Loss: 0.29387325048446655, Loss_s: 0.5877465009689331, Loss_u: 0.0
INFO:root:Epoch: 57, Iteration: 173, Loss: 0.2919732332229614, Loss_s: 0.5839464664459229, Loss_u: 0.0
INFO:root:Epoch: 57, Iteration: 174, Loss: 0.2905183732509613, Loss_s: 0.5810367465019226, Loss_u: 0.0
INFO:root:Validation set mIOU: 85.03174026992333
INFO:root:Epoch: 58, Iteration: 175, Loss: 0.2900471091270447, Loss_s: 0.5800942182540894, Loss_u: 0.0
INFO:root:Epoch: 58, Iteration: 176, Loss: 0.29359665513038635, Loss_s: 0.5871933102607727, Loss_u: 0.0
INFO:root:Epoch: 58, Iteration: 177, Loss: 0.29913732409477234, Loss_s: 0.5982746481895447, Loss_u: 0.0
INFO:root:Validation set mIOU: 75.13973576970714
INFO:root:Epoch: 59, Iteration: 178, Loss: 0.2896496653556824, Loss_s: 0.5792993307113647, Loss_u: 0.0
INFO:root:Epoch: 59, Iteration: 179, Loss: 0.28954532742500305, Loss_s: 0.5790906548500061, Loss_u: 0.0
INFO:root:Epoch: 59, Iteration: 180, Loss: 0.30218705534935, Loss_s: 0.6043741106987, Loss_u: 0.0
INFO:root:Validation set mIOU: 85.98881636405119
INFO:root:Epoch: 60, Iteration: 181, Loss: 0.2955571115016937, Loss_s: 0.5911142230033875, Loss_u: 0.0
INFO:root:Epoch: 60, Iteration: 182, Loss: 0.30044281482696533, Loss_s: 0.6008856296539307, Loss_u: 0.0
INFO:root:Epoch: 60, Iteration: 183, Loss: 0.2924228012561798, Loss_s: 0.5848456025123596, Loss_u: 0.0
INFO:root:Validation set mIOU: 76.93081273602122
INFO:root:Epoch: 61, Iteration: 184, Loss: 0.2892604172229767, Loss_s: 0.5785208344459534, Loss_u: 0.0
INFO:root:Epoch: 61, Iteration: 185, Loss: 0.29090985655784607, Loss_s: 0.5818197131156921, Loss_u: 0.0
INFO:root:Epoch: 61, Iteration: 186, Loss: 0.29110196232795715, Loss_s: 0.5822039246559143, Loss_u: 0.0
INFO:root:Validation set mIOU: 74.01776738579534
INFO:root:Epoch: 62, Iteration: 187, Loss: 0.29348158836364746, Loss_s: 0.5869631767272949, Loss_u: 0.0
INFO:root:Epoch: 62, Iteration: 188, Loss: 0.2939239740371704, Loss_s: 0.5878479480743408, Loss_u: 0.0
INFO:root:Epoch: 62, Iteration: 189, Loss: 0.29067927598953247, Loss_s: 0.5813585519790649, Loss_u: 0.0
INFO:root:Validation set mIOU: 75.22004212250772
INFO:root:Epoch: 63, Iteration: 190, Loss: 0.28857526183128357, Loss_s: 0.5771505236625671, Loss_u: 0.0
INFO:root:Epoch: 63, Iteration: 191, Loss: 0.29533788561820984, Loss_s: 0.5906757712364197, Loss_u: 0.0
INFO:root:Epoch: 63, Iteration: 192, Loss: 0.2874077558517456, Loss_s: 0.5748155117034912, Loss_u: 0.0
INFO:root:Validation set mIOU: 76.31421499206455
INFO:root:Epoch: 64, Iteration: 193, Loss: 0.28870639204978943, Loss_s: 0.5774127840995789, Loss_u: 0.0
INFO:root:Epoch: 64, Iteration: 194, Loss: 0.2928704619407654, Loss_s: 0.5857409238815308, Loss_u: 0.0
INFO:root:Epoch: 64, Iteration: 195, Loss: 0.2903487980365753, Loss_s: 0.5806975960731506, Loss_u: 0.0
INFO:root:Validation set mIOU: 66.37064613629174
INFO:root:Epoch: 65, Iteration: 196, Loss: 0.28922757506370544, Loss_s: 0.5784551501274109, Loss_u: 0.0
INFO:root:Epoch: 65, Iteration: 197, Loss: 0.29005730152130127, Loss_s: 0.5801146030426025, Loss_u: 0.0
INFO:root:Epoch: 65, Iteration: 198, Loss: 0.2917136549949646, Loss_s: 0.5834273099899292, Loss_u: 0.0
INFO:root:Validation set mIOU: 75.39891941974862
INFO:root:Epoch: 66, Iteration: 199, Loss: 0.30708765983581543, Loss_s: 0.6141753196716309, Loss_u: 0.0
INFO:root:Epoch: 66, Iteration: 200, Loss: 0.2901918590068817, Loss_s: 0.5803837180137634, Loss_u: 0.0
INFO:root:Epoch: 66, Iteration: 201, Loss: 0.29829660058021545, Loss_s: 0.5965932011604309, Loss_u: 0.0
INFO:root:Validation set mIOU: 80.99988389838543
INFO:root:Epoch: 67, Iteration: 202, Loss: 0.2962542176246643, Loss_s: 0.5925084352493286, Loss_u: 0.0
INFO:root:Epoch: 67, Iteration: 203, Loss: 0.2954626977443695, Loss_s: 0.590925395488739, Loss_u: 0.0
INFO:root:Epoch: 67, Iteration: 204, Loss: 0.29271525144577026, Loss_s: 0.5854305028915405, Loss_u: 0.0
INFO:root:Validation set mIOU: 85.21148967838916
INFO:root:Epoch: 68, Iteration: 205, Loss: 0.2889696955680847, Loss_s: 0.5779393911361694, Loss_u: 0.0
INFO:root:Epoch: 68, Iteration: 206, Loss: 0.28868719935417175, Loss_s: 0.5773743987083435, Loss_u: 0.0
INFO:root:Epoch: 68, Iteration: 207, Loss: 0.29104694724082947, Loss_s: 0.5820938944816589, Loss_u: 0.0
INFO:root:Validation set mIOU: 84.24396632441992
INFO:root:Epoch: 69, Iteration: 208, Loss: 0.29283565282821655, Loss_s: 0.5856713056564331, Loss_u: 0.0
INFO:root:Epoch: 69, Iteration: 209, Loss: 0.29074662923812866, Loss_s: 0.5814932584762573, Loss_u: 0.0
INFO:root:Epoch: 69, Iteration: 210, Loss: 0.2887858748435974, Loss_s: 0.5775717496871948, Loss_u: 0.0
INFO:root:Validation set mIOU: 83.88138050400181
INFO:root:Epoch: 70, Iteration: 211, Loss: 0.289099782705307, Loss_s: 0.578199565410614, Loss_u: 0.0
INFO:root:Epoch: 70, Iteration: 212, Loss: 0.29144710302352905, Loss_s: 0.5828942060470581, Loss_u: 0.0
INFO:root:Epoch: 70, Iteration: 213, Loss: 0.29468315839767456, Loss_s: 0.5893663167953491, Loss_u: 0.0
INFO:root:Validation set mIOU: 84.17327517984988
INFO:root:Epoch: 71, Iteration: 214, Loss: 0.28992795944213867, Loss_s: 0.5798559188842773, Loss_u: 0.0
INFO:root:Epoch: 71, Iteration: 215, Loss: 0.2897356450557709, Loss_s: 0.5794712901115417, Loss_u: 0.0
INFO:root:Epoch: 71, Iteration: 216, Loss: 0.2918700575828552, Loss_s: 0.5837401151657104, Loss_u: 0.0
INFO:root:Validation set mIOU: 83.72846288383356
INFO:root:Epoch: 72, Iteration: 217, Loss: 0.2885114252567291, Loss_s: 0.5770228505134583, Loss_u: 0.0
INFO:root:Epoch: 72, Iteration: 218, Loss: 0.29304802417755127, Loss_s: 0.5860960483551025, Loss_u: 0.0
INFO:root:Epoch: 72, Iteration: 219, Loss: 0.28808000683784485, Loss_s: 0.5761600136756897, Loss_u: 0.0
INFO:root:Validation set mIOU: 82.68377780559688
INFO:root:Epoch: 73, Iteration: 220, Loss: 0.2908002734184265, Loss_s: 0.581600546836853, Loss_u: 0.0
INFO:root:Epoch: 73, Iteration: 221, Loss: 0.287803053855896, Loss_s: 0.575606107711792, Loss_u: 0.0
INFO:root:Epoch: 73, Iteration: 222, Loss: 0.29009705781936646, Loss_s: 0.5801941156387329, Loss_u: 0.0
INFO:root:Validation set mIOU: 80.33430056706094
INFO:root:Epoch: 74, Iteration: 223, Loss: 0.28941798210144043, Loss_s: 0.5788359642028809, Loss_u: 0.0
INFO:root:Epoch: 74, Iteration: 224, Loss: 0.29021745920181274, Loss_s: 0.5804349184036255, Loss_u: 0.0
INFO:root:Epoch: 74, Iteration: 225, Loss: 0.2881374955177307, Loss_s: 0.5762749910354614, Loss_u: 0.0
INFO:root:Validation set mIOU: 80.02678454165428
INFO:root:Epoch: 75, Iteration: 226, Loss: 0.28993847966194153, Loss_s: 0.5798769593238831, Loss_u: 0.0
INFO:root:Epoch: 75, Iteration: 227, Loss: 0.28958064317703247, Loss_s: 0.5791612863540649, Loss_u: 0.0
INFO:root:Epoch: 75, Iteration: 228, Loss: 0.28677991032600403, Loss_s: 0.5735598206520081, Loss_u: 0.0
INFO:root:Validation set mIOU: 85.57917146060102
INFO:root:Epoch: 76, Iteration: 229, Loss: 0.2890828549861908, Loss_s: 0.5781657099723816, Loss_u: 0.0
INFO:root:Epoch: 76, Iteration: 230, Loss: 0.28927725553512573, Loss_s: 0.5785545110702515, Loss_u: 0.0
INFO:root:Epoch: 76, Iteration: 231, Loss: 0.286843478679657, Loss_s: 0.573686957359314, Loss_u: 0.0
INFO:root:Validation set mIOU: 86.43189580744041
INFO:root:Epoch: 77, Iteration: 232, Loss: 0.2848183214664459, Loss_s: 0.5696366429328918, Loss_u: 0.0
INFO:root:Epoch: 77, Iteration: 233, Loss: 0.28583139181137085, Loss_s: 0.5716627836227417, Loss_u: 0.0
INFO:root:Epoch: 77, Iteration: 234, Loss: 0.2885851263999939, Loss_s: 0.5771702527999878, Loss_u: 0.0
INFO:root:Validation set mIOU: 85.45142267964727
INFO:root:Epoch: 78, Iteration: 235, Loss: 0.2901079058647156, Loss_s: 0.5802158117294312, Loss_u: 0.0
INFO:root:Epoch: 78, Iteration: 236, Loss: 0.2861127257347107, Loss_s: 0.5722254514694214, Loss_u: 0.0
INFO:root:Epoch: 78, Iteration: 237, Loss: 0.29790356755256653, Loss_s: 0.5958071351051331, Loss_u: 0.0
INFO:root:Validation set mIOU: 82.55828825564035
INFO:root:Epoch: 79, Iteration: 238, Loss: 0.28838008642196655, Loss_s: 0.5767601728439331, Loss_u: 0.0
INFO:root:Epoch: 79, Iteration: 239, Loss: 0.29083552956581116, Loss_s: 0.5816710591316223, Loss_u: 0.0
INFO:root:Epoch: 79, Iteration: 240, Loss: 0.29320651292800903, Loss_s: 0.5864130258560181, Loss_u: 0.0
INFO:root:Validation set mIOU: 83.13740272768291
INFO:root:Epoch: 80, Iteration: 241, Loss: 0.28490307927131653, Loss_s: 0.5698061585426331, Loss_u: 0.0
INFO:root:Epoch: 80, Iteration: 242, Loss: 0.2908882200717926, Loss_s: 0.5817764401435852, Loss_u: 0.0
INFO:root:Epoch: 80, Iteration: 243, Loss: 0.29705801606178284, Loss_s: 0.5941160321235657, Loss_u: 0.0
INFO:root:Validation set mIOU: 83.37668751378344
INFO:root:Epoch: 81, Iteration: 244, Loss: 0.29532590508461, Loss_s: 0.59065181016922, Loss_u: 0.0
INFO:root:Epoch: 81, Iteration: 245, Loss: 0.2924162447452545, Loss_s: 0.584832489490509, Loss_u: 0.0
INFO:root:Epoch: 81, Iteration: 246, Loss: 0.2910919785499573, Loss_s: 0.5821839570999146, Loss_u: 0.0
INFO:root:Validation set mIOU: 82.26758869466516
INFO:root:Epoch: 82, Iteration: 247, Loss: 0.2883096933364868, Loss_s: 0.5766193866729736, Loss_u: 0.0
INFO:root:Epoch: 82, Iteration: 248, Loss: 0.28789836168289185, Loss_s: 0.5757967233657837, Loss_u: 0.0
INFO:root:Epoch: 82, Iteration: 249, Loss: 0.29506242275238037, Loss_s: 0.5901248455047607, Loss_u: 0.0
INFO:root:Validation set mIOU: 81.66954633242108
INFO:root:Epoch: 83, Iteration: 250, Loss: 0.28958407044410706, Loss_s: 0.5791681408882141, Loss_u: 0.0
INFO:root:Epoch: 83, Iteration: 251, Loss: 0.2906701862812042, Loss_s: 0.5813403725624084, Loss_u: 0.0
INFO:root:Epoch: 83, Iteration: 252, Loss: 0.2922542989253998, Loss_s: 0.5845085978507996, Loss_u: 0.0
INFO:root:Validation set mIOU: 84.50898792401992
INFO:root:Epoch: 84, Iteration: 253, Loss: 0.28950995206832886, Loss_s: 0.5790199041366577, Loss_u: 0.0
INFO:root:Epoch: 84, Iteration: 254, Loss: 0.28831344842910767, Loss_s: 0.5766268968582153, Loss_u: 0.0
INFO:root:Epoch: 84, Iteration: 255, Loss: 0.3006124496459961, Loss_s: 0.6012248992919922, Loss_u: 0.0
INFO:root:Validation set mIOU: 86.08723475098978
INFO:root:Epoch: 85, Iteration: 256, Loss: 0.28972914814949036, Loss_s: 0.5794582962989807, Loss_u: 0.0
INFO:root:Epoch: 85, Iteration: 257, Loss: 0.2880525290966034, Loss_s: 0.5761050581932068, Loss_u: 0.0
INFO:root:Epoch: 85, Iteration: 258, Loss: 0.2893218994140625, Loss_s: 0.578643798828125, Loss_u: 0.0
INFO:root:Validation set mIOU: 84.54912633523345
INFO:root:Epoch: 86, Iteration: 259, Loss: 0.29465147852897644, Loss_s: 0.5893029570579529, Loss_u: 0.0
INFO:root:Epoch: 86, Iteration: 260, Loss: 0.28784194588661194, Loss_s: 0.5756838917732239, Loss_u: 0.0
INFO:root:Epoch: 86, Iteration: 261, Loss: 0.2883422374725342, Loss_s: 0.5766844749450684, Loss_u: 0.0
INFO:root:Validation set mIOU: 85.21640731160983
INFO:root:Epoch: 87, Iteration: 262, Loss: 0.2883525490760803, Loss_s: 0.5767050981521606, Loss_u: 0.0
INFO:root:Epoch: 87, Iteration: 263, Loss: 0.28640276193618774, Loss_s: 0.5728055238723755, Loss_u: 0.0
INFO:root:Epoch: 87, Iteration: 264, Loss: 0.2897700071334839, Loss_s: 0.5795400142669678, Loss_u: 0.0
INFO:root:Validation set mIOU: 85.57652665762872
INFO:root:Epoch: 88, Iteration: 265, Loss: 0.28967994451522827, Loss_s: 0.5793598890304565, Loss_u: 0.0
INFO:root:Epoch: 88, Iteration: 266, Loss: 0.2913475036621094, Loss_s: 0.5826950073242188, Loss_u: 0.0
INFO:root:Epoch: 88, Iteration: 267, Loss: 0.2887604534626007, Loss_s: 0.5775209069252014, Loss_u: 0.0
INFO:root:Validation set mIOU: 85.61356889340884
INFO:root:Epoch: 89, Iteration: 268, Loss: 0.28668761253356934, Loss_s: 0.5733752250671387, Loss_u: 0.0
INFO:root:Epoch: 89, Iteration: 269, Loss: 0.2876659631729126, Loss_s: 0.5753319263458252, Loss_u: 0.0
INFO:root:Epoch: 89, Iteration: 270, Loss: 0.29748210310935974, Loss_s: 0.5949642062187195, Loss_u: 0.0
INFO:root:Validation set mIOU: 84.37563884029423
INFO:root:Epoch: 90, Iteration: 271, Loss: 0.2905583381652832, Loss_s: 0.5811166763305664, Loss_u: 0.0
INFO:root:Epoch: 90, Iteration: 272, Loss: 0.2889367341995239, Loss_s: 0.5778734683990479, Loss_u: 0.0
INFO:root:Epoch: 90, Iteration: 273, Loss: 0.28920912742614746, Loss_s: 0.5784182548522949, Loss_u: 0.0
INFO:root:Validation set mIOU: 83.47701867668599
INFO:root:Epoch: 91, Iteration: 274, Loss: 0.2963321805000305, Loss_s: 0.592664361000061, Loss_u: 0.0
INFO:root:Epoch: 91, Iteration: 275, Loss: 0.2891308069229126, Loss_s: 0.5782616138458252, Loss_u: 0.0
INFO:root:Epoch: 91, Iteration: 276, Loss: 0.2889915108680725, Loss_s: 0.577983021736145, Loss_u: 0.0
INFO:root:Validation set mIOU: 83.27516297284176
INFO:root:Epoch: 92, Iteration: 277, Loss: 0.28609389066696167, Loss_s: 0.5721877813339233, Loss_u: 0.0
INFO:root:Epoch: 92, Iteration: 278, Loss: 0.28674453496932983, Loss_s: 0.5734890699386597, Loss_u: 0.0
INFO:root:Epoch: 92, Iteration: 279, Loss: 0.28751757740974426, Loss_s: 0.5750351548194885, Loss_u: 0.0
INFO:root:Validation set mIOU: 78.87429526852763
INFO:root:Epoch: 93, Iteration: 280, Loss: 0.28704050183296204, Loss_s: 0.5740810036659241, Loss_u: 0.0
INFO:root:Epoch: 93, Iteration: 281, Loss: 0.2870916426181793, Loss_s: 0.5741832852363586, Loss_u: 0.0
INFO:root:Epoch: 93, Iteration: 282, Loss: 0.2872755229473114, Loss_s: 0.5745510458946228, Loss_u: 0.0
INFO:root:Validation set mIOU: 76.25984498693792
INFO:root:Epoch: 94, Iteration: 283, Loss: 0.2868826389312744, Loss_s: 0.5737652778625488, Loss_u: 0.0
INFO:root:Epoch: 94, Iteration: 284, Loss: 0.28442469239234924, Loss_s: 0.5688493847846985, Loss_u: 0.0
INFO:root:Epoch: 94, Iteration: 285, Loss: 0.2897937595844269, Loss_s: 0.5795875191688538, Loss_u: 0.0
INFO:root:Validation set mIOU: 81.94803797670019
INFO:root:Epoch: 95, Iteration: 286, Loss: 0.29064688086509705, Loss_s: 0.5812937617301941, Loss_u: 0.0
INFO:root:Epoch: 95, Iteration: 287, Loss: 0.28614500164985657, Loss_s: 0.5722900032997131, Loss_u: 0.0
INFO:root:Epoch: 95, Iteration: 288, Loss: 0.2857837975025177, Loss_s: 0.5715675950050354, Loss_u: 0.0
INFO:root:Validation set mIOU: 81.32309323861602
INFO:root:Epoch: 96, Iteration: 289, Loss: 0.28603246808052063, Loss_s: 0.5720649361610413, Loss_u: 0.0
INFO:root:Epoch: 96, Iteration: 290, Loss: 0.28716424107551575, Loss_s: 0.5743284821510315, Loss_u: 0.0
INFO:root:Epoch: 96, Iteration: 291, Loss: 0.2877884805202484, Loss_s: 0.5755769610404968, Loss_u: 0.0
INFO:root:Validation set mIOU: 83.50539814686564
INFO:root:Epoch: 97, Iteration: 292, Loss: 0.2860751748085022, Loss_s: 0.5721503496170044, Loss_u: 0.0
INFO:root:Epoch: 97, Iteration: 293, Loss: 0.2859070599079132, Loss_s: 0.5718141198158264, Loss_u: 0.0
INFO:root:Epoch: 97, Iteration: 294, Loss: 0.28487303853034973, Loss_s: 0.5697460770606995, Loss_u: 0.0
INFO:root:Validation set mIOU: 84.62015800040473
INFO:root:Epoch: 98, Iteration: 295, Loss: 0.28547385334968567, Loss_s: 0.5709477066993713, Loss_u: 0.0
INFO:root:Epoch: 98, Iteration: 296, Loss: 0.2883070111274719, Loss_s: 0.5766140222549438, Loss_u: 0.0
INFO:root:Epoch: 98, Iteration: 297, Loss: 0.2883332669734955, Loss_s: 0.576666533946991, Loss_u: 0.0
INFO:root:Validation set mIOU: 84.83405113839643
INFO:root:Epoch: 99, Iteration: 298, Loss: 0.2880028486251831, Loss_s: 0.5760056972503662, Loss_u: 0.0
INFO:root:Epoch: 99, Iteration: 299, Loss: 0.2862914800643921, Loss_s: 0.5725829601287842, Loss_u: 0.0
INFO:root:Epoch: 99, Iteration: 300, Loss: 0.28839656710624695, Loss_s: 0.5767931342124939, Loss_u: 0.0
INFO:root:Validation set mIOU: 85.10249952079869
INFO:root:Semi-training
INFO:root:Epoch: 0, Iteration: 1, Loss: 1.1199431419372559
INFO:root:Epoch: 0, Iteration: 2, Loss: 1.0948195457458496
INFO:root:Epoch: 0, Iteration: 3, Loss: 1.0491200685501099
INFO:root:Epoch: 0, Iteration: 4, Loss: 0.991230845451355
INFO:root:Epoch: 0, Iteration: 5, Loss: 0.9516292214393616
INFO:root:Epoch: 0, Iteration: 6, Loss: 0.9018771052360535
INFO:root:Epoch: 0, Iteration: 7, Loss: 0.8646711111068726
INFO:root:Validation set mIOU: 33.37582278101563
INFO:root:Epoch: 1, Iteration: 8, Loss: 0.8269138932228088
INFO:root:Epoch: 1, Iteration: 9, Loss: 0.8213754296302795
INFO:root:Epoch: 1, Iteration: 10, Loss: 0.828670859336853
INFO:root:Epoch: 1, Iteration: 11, Loss: 0.813130795955658
INFO:root:Epoch: 1, Iteration: 12, Loss: 0.781619668006897
INFO:root:Epoch: 1, Iteration: 13, Loss: 0.8072280287742615
INFO:root:Epoch: 1, Iteration: 14, Loss: 0.7617273926734924
INFO:root:Validation set mIOU: 43.145750898170995
INFO:root:Epoch: 2, Iteration: 15, Loss: 0.7449206709861755
INFO:root:Epoch: 2, Iteration: 16, Loss: 0.761125922203064
INFO:root:Epoch: 2, Iteration: 17, Loss: 0.7193036675453186
INFO:root:Epoch: 2, Iteration: 18, Loss: 0.7308142185211182
INFO:root:Epoch: 2, Iteration: 19, Loss: 0.724977433681488
INFO:root:Epoch: 2, Iteration: 20, Loss: 0.7320519089698792
INFO:root:Epoch: 2, Iteration: 21, Loss: 0.722455620765686
INFO:root:Validation set mIOU: 61.48463270190986
INFO:root:Epoch: 3, Iteration: 22, Loss: 0.7171017527580261
INFO:root:Epoch: 3, Iteration: 23, Loss: 0.7192997336387634
INFO:root:Epoch: 3, Iteration: 24, Loss: 0.7198418974876404
INFO:root:Epoch: 3, Iteration: 25, Loss: 0.7438391447067261
INFO:root:Epoch: 3, Iteration: 26, Loss: 0.7481828927993774
INFO:root:Epoch: 3, Iteration: 27, Loss: 0.7097211480140686
INFO:root:Epoch: 3, Iteration: 28, Loss: 0.7142235636711121
INFO:root:Validation set mIOU: 60.217293552973125
INFO:root:Epoch: 4, Iteration: 29, Loss: 0.7170214056968689
INFO:root:Epoch: 4, Iteration: 30, Loss: 0.7143823504447937
INFO:root:Epoch: 4, Iteration: 31, Loss: 0.6594034433364868
INFO:root:Epoch: 4, Iteration: 32, Loss: 0.715100884437561
INFO:root:Epoch: 4, Iteration: 33, Loss: 0.6979549527168274
INFO:root:Epoch: 4, Iteration: 34, Loss: 0.6913150548934937
INFO:root:Epoch: 4, Iteration: 35, Loss: 0.6937849521636963
INFO:root:Validation set mIOU: 62.390367849545214
INFO:root:Epoch: 5, Iteration: 36, Loss: 0.6871215105056763
INFO:root:Epoch: 5, Iteration: 37, Loss: 0.6649976372718811
INFO:root:Epoch: 5, Iteration: 38, Loss: 0.6780200600624084
INFO:root:Epoch: 5, Iteration: 39, Loss: 0.7032465934753418
INFO:root:Epoch: 5, Iteration: 40, Loss: 0.7253336906433105
INFO:root:Epoch: 5, Iteration: 41, Loss: 0.6856400966644287
INFO:root:Epoch: 5, Iteration: 42, Loss: 0.6811401844024658
INFO:root:Validation set mIOU: 70.13413245077525
INFO:root:Epoch: 6, Iteration: 43, Loss: 0.7090941667556763
INFO:root:Epoch: 6, Iteration: 44, Loss: 0.7173853516578674
INFO:root:Epoch: 6, Iteration: 45, Loss: 0.7362049221992493
INFO:root:Epoch: 6, Iteration: 46, Loss: 0.6990971565246582
INFO:root:Epoch: 6, Iteration: 47, Loss: 0.6712762117385864
INFO:root:Epoch: 6, Iteration: 48, Loss: 0.7070989012718201
INFO:root:Epoch: 6, Iteration: 49, Loss: 0.6772950291633606
INFO:root:Validation set mIOU: 78.56773409045206
INFO:root:Epoch: 7, Iteration: 50, Loss: 0.6993570327758789
INFO:root:Epoch: 7, Iteration: 51, Loss: 0.6707264184951782
INFO:root:Epoch: 7, Iteration: 52, Loss: 0.6799779534339905
INFO:root:Epoch: 7, Iteration: 53, Loss: 0.6728952527046204
INFO:root:Epoch: 7, Iteration: 54, Loss: 0.6708195209503174
INFO:root:Epoch: 7, Iteration: 55, Loss: 0.6762241721153259
INFO:root:Epoch: 7, Iteration: 56, Loss: 0.6539467573165894
INFO:root:Validation set mIOU: 68.45238077735002
INFO:root:Epoch: 8, Iteration: 57, Loss: 0.6938029527664185
INFO:root:Epoch: 8, Iteration: 58, Loss: 0.6629449725151062
INFO:root:Epoch: 8, Iteration: 59, Loss: 0.6782511472702026
INFO:root:Epoch: 8, Iteration: 60, Loss: 0.6426369547843933
INFO:root:Epoch: 8, Iteration: 61, Loss: 0.6477140188217163
INFO:root:Epoch: 8, Iteration: 62, Loss: 0.681138813495636
INFO:root:Epoch: 8, Iteration: 63, Loss: 0.6529413461685181
INFO:root:Validation set mIOU: 67.53850823352755
INFO:root:Epoch: 9, Iteration: 64, Loss: 0.6791847944259644
INFO:root:Epoch: 9, Iteration: 65, Loss: 0.6813997626304626
INFO:root:Epoch: 9, Iteration: 66, Loss: 0.6689364314079285
INFO:root:Epoch: 9, Iteration: 67, Loss: 0.6606133580207825
INFO:root:Epoch: 9, Iteration: 68, Loss: 0.6592257618904114
INFO:root:Epoch: 9, Iteration: 69, Loss: 0.6497569680213928
INFO:root:Epoch: 9, Iteration: 70, Loss: 0.6432576179504395
INFO:root:Validation set mIOU: 74.70637316002366
INFO:root:Epoch: 10, Iteration: 71, Loss: 0.6644351482391357
INFO:root:Epoch: 10, Iteration: 72, Loss: 0.62018883228302
INFO:root:Epoch: 10, Iteration: 73, Loss: 0.6293054223060608
INFO:root:Epoch: 10, Iteration: 74, Loss: 0.6593969464302063
INFO:root:Epoch: 10, Iteration: 75, Loss: 0.6785804629325867
INFO:root:Epoch: 10, Iteration: 76, Loss: 0.6848119497299194
INFO:root:Epoch: 10, Iteration: 77, Loss: 0.6487419605255127
INFO:root:Validation set mIOU: 71.74311511044456
INFO:root:Epoch: 11, Iteration: 78, Loss: 0.6777489185333252
INFO:root:Epoch: 11, Iteration: 79, Loss: 0.6495047807693481
INFO:root:Epoch: 11, Iteration: 80, Loss: 0.6546730995178223
INFO:root:Epoch: 11, Iteration: 81, Loss: 0.662452757358551
INFO:root:Epoch: 11, Iteration: 82, Loss: 0.6794916391372681
INFO:root:Epoch: 11, Iteration: 83, Loss: 0.6920376420021057
INFO:root:Epoch: 11, Iteration: 84, Loss: 0.6533496379852295
INFO:root:Validation set mIOU: 68.93886175226737
INFO:root:Epoch: 12, Iteration: 85, Loss: 0.6390529870986938
INFO:root:Epoch: 12, Iteration: 86, Loss: 0.6453155875205994
INFO:root:Epoch: 12, Iteration: 87, Loss: 0.6493159532546997
INFO:root:Epoch: 12, Iteration: 88, Loss: 0.6302329897880554
INFO:root:Epoch: 12, Iteration: 89, Loss: 0.6242402195930481
INFO:root:Epoch: 12, Iteration: 90, Loss: 0.652682900428772
INFO:root:Epoch: 12, Iteration: 91, Loss: 0.6206600069999695
INFO:root:Validation set mIOU: 62.70046547026102
INFO:root:Epoch: 13, Iteration: 92, Loss: 0.6697164177894592
INFO:root:Epoch: 13, Iteration: 93, Loss: 0.6518734693527222
INFO:root:Epoch: 13, Iteration: 94, Loss: 0.6394844651222229
INFO:root:Epoch: 13, Iteration: 95, Loss: 0.6553834676742554
INFO:root:Epoch: 13, Iteration: 96, Loss: 0.6470690965652466
INFO:root:Epoch: 13, Iteration: 97, Loss: 0.6392375826835632
INFO:root:Epoch: 13, Iteration: 98, Loss: 0.6518900394439697
INFO:root:Validation set mIOU: 53.668008343425534
INFO:root:Epoch: 14, Iteration: 99, Loss: 0.6532608270645142
INFO:root:Epoch: 14, Iteration: 100, Loss: 0.6496943235397339
INFO:root:Epoch: 14, Iteration: 101, Loss: 0.6606311202049255
INFO:root:Epoch: 14, Iteration: 102, Loss: 0.6472777128219604
INFO:root:Epoch: 14, Iteration: 103, Loss: 0.6605995297431946
INFO:root:Epoch: 14, Iteration: 104, Loss: 0.6853946447372437
INFO:root:Epoch: 14, Iteration: 105, Loss: 0.6300068497657776
INFO:root:Validation set mIOU: 56.30305710024103
INFO:root:Epoch: 15, Iteration: 106, Loss: 0.6550776958465576
INFO:root:Epoch: 15, Iteration: 107, Loss: 0.6189029812812805
INFO:root:Epoch: 15, Iteration: 108, Loss: 0.6109887361526489
INFO:root:Epoch: 15, Iteration: 109, Loss: 0.6761642694473267
INFO:root:Epoch: 15, Iteration: 110, Loss: 0.694171130657196
INFO:root:Epoch: 15, Iteration: 111, Loss: 0.6652339100837708
INFO:root:Epoch: 15, Iteration: 112, Loss: 0.6657535433769226
INFO:root:Validation set mIOU: 27.496247370258438
INFO:root:Epoch: 16, Iteration: 113, Loss: 0.6294464468955994
INFO:root:Epoch: 16, Iteration: 114, Loss: 0.6565901637077332
INFO:root:Epoch: 16, Iteration: 115, Loss: 0.6037701964378357
INFO:root:Epoch: 16, Iteration: 116, Loss: 0.6339435577392578
INFO:root:Epoch: 16, Iteration: 117, Loss: 0.6441095471382141
INFO:root:Epoch: 16, Iteration: 118, Loss: 0.6359946131706238
INFO:root:Epoch: 16, Iteration: 119, Loss: 0.6392728090286255
INFO:root:Validation set mIOU: 81.02046612249629
INFO:root:Epoch: 17, Iteration: 120, Loss: 0.6645801663398743
INFO:root:Epoch: 17, Iteration: 121, Loss: 0.6395072937011719
INFO:root:Epoch: 17, Iteration: 122, Loss: 0.6088430881500244
INFO:root:Epoch: 17, Iteration: 123, Loss: 0.631714940071106
INFO:root:Epoch: 17, Iteration: 124, Loss: 0.6521337032318115
INFO:root:Epoch: 17, Iteration: 125, Loss: 0.6367343068122864
INFO:root:Epoch: 17, Iteration: 126, Loss: 0.6115111112594604
INFO:root:Validation set mIOU: 84.73715191938554
INFO:root:Epoch: 18, Iteration: 127, Loss: 0.61074298620224
INFO:root:Epoch: 18, Iteration: 128, Loss: 0.6414339542388916
INFO:root:Epoch: 18, Iteration: 129, Loss: 0.6316776275634766
INFO:root:Epoch: 18, Iteration: 130, Loss: 0.6061736941337585
INFO:root:Epoch: 18, Iteration: 131, Loss: 0.6112667918205261
INFO:root:Epoch: 18, Iteration: 132, Loss: 0.60126131772995
INFO:root:Epoch: 18, Iteration: 133, Loss: 0.645430326461792
INFO:root:Validation set mIOU: 78.39781787349422
INFO:root:Epoch: 19, Iteration: 134, Loss: 0.5980797410011292
INFO:root:Epoch: 19, Iteration: 135, Loss: 0.6346177458763123
INFO:root:Epoch: 19, Iteration: 136, Loss: 0.6202310919761658
INFO:root:Epoch: 19, Iteration: 137, Loss: 0.6321961283683777
INFO:root:Epoch: 19, Iteration: 138, Loss: 0.6237795948982239
INFO:root:Epoch: 19, Iteration: 139, Loss: 0.6375209093093872
INFO:root:Epoch: 19, Iteration: 140, Loss: 0.6084980368614197
INFO:root:Validation set mIOU: 70.12062787972994
INFO:root:Epoch: 20, Iteration: 141, Loss: 0.5972709655761719
INFO:root:Epoch: 20, Iteration: 142, Loss: 0.6801884770393372
INFO:root:Epoch: 20, Iteration: 143, Loss: 0.6180809140205383
INFO:root:Epoch: 20, Iteration: 144, Loss: 0.6619367599487305
INFO:root:Epoch: 20, Iteration: 145, Loss: 0.6852465271949768
INFO:root:Epoch: 20, Iteration: 146, Loss: 0.7099862694740295
INFO:root:Epoch: 20, Iteration: 147, Loss: 0.642038106918335
INFO:root:Validation set mIOU: 72.93573690269223
INFO:root:Epoch: 21, Iteration: 148, Loss: 0.6425932049751282
INFO:root:Epoch: 21, Iteration: 149, Loss: 0.6703094244003296
INFO:root:Epoch: 21, Iteration: 150, Loss: 0.6174909472465515
INFO:root:Epoch: 21, Iteration: 151, Loss: 0.5999371409416199
INFO:root:Epoch: 21, Iteration: 152, Loss: 0.623015284538269
INFO:root:Epoch: 21, Iteration: 153, Loss: 0.6503426432609558
INFO:root:Epoch: 21, Iteration: 154, Loss: 0.6805642247200012
INFO:root:Validation set mIOU: 78.64967519665555
INFO:root:Epoch: 22, Iteration: 155, Loss: 0.6529783010482788
INFO:root:Epoch: 22, Iteration: 156, Loss: 0.6297332048416138
INFO:root:Epoch: 22, Iteration: 157, Loss: 0.647010087966919
INFO:root:Epoch: 22, Iteration: 158, Loss: 0.6613410115242004
INFO:root:Epoch: 22, Iteration: 159, Loss: 0.6325902938842773
INFO:root:Epoch: 22, Iteration: 160, Loss: 0.6306860446929932
INFO:root:Epoch: 22, Iteration: 161, Loss: 0.6237179040908813
INFO:root:Validation set mIOU: 85.53000645155961
INFO:root:Epoch: 23, Iteration: 162, Loss: 0.6269401907920837
INFO:root:Epoch: 23, Iteration: 163, Loss: 0.6460835337638855
INFO:root:Epoch: 23, Iteration: 164, Loss: 0.619951605796814
INFO:root:Epoch: 23, Iteration: 165, Loss: 0.6619186997413635
INFO:root:Epoch: 23, Iteration: 166, Loss: 0.6518471837043762
INFO:root:Epoch: 23, Iteration: 167, Loss: 0.6622287631034851
INFO:root:Epoch: 23, Iteration: 168, Loss: 0.6733497381210327
INFO:root:Validation set mIOU: 53.26470938518466
INFO:root:Epoch: 24, Iteration: 169, Loss: 0.7348737120628357
INFO:root:Epoch: 24, Iteration: 170, Loss: 0.6335239410400391
INFO:root:Epoch: 24, Iteration: 171, Loss: 0.6233959197998047
INFO:root:Epoch: 24, Iteration: 172, Loss: 0.6635981798171997
INFO:root:Epoch: 24, Iteration: 173, Loss: 0.6060458421707153
INFO:root:Epoch: 24, Iteration: 174, Loss: 0.6155838966369629
INFO:root:Epoch: 24, Iteration: 175, Loss: 0.6435068845748901
INFO:root:Validation set mIOU: 80.45068782588922
INFO:root:Epoch: 25, Iteration: 176, Loss: 0.610851526260376
INFO:root:Epoch: 25, Iteration: 177, Loss: 0.651120126247406
INFO:root:Epoch: 25, Iteration: 178, Loss: 0.618508517742157
INFO:root:Epoch: 25, Iteration: 179, Loss: 0.6562619209289551
INFO:root:Epoch: 25, Iteration: 180, Loss: 0.6567362546920776
INFO:root:Epoch: 25, Iteration: 181, Loss: 0.6186444163322449
INFO:root:Epoch: 25, Iteration: 182, Loss: 0.6408075094223022
INFO:root:Validation set mIOU: 83.76320999047098
INFO:root:Epoch: 26, Iteration: 183, Loss: 0.6325525045394897
INFO:root:Epoch: 26, Iteration: 184, Loss: 0.6390710473060608
INFO:root:Epoch: 26, Iteration: 185, Loss: 0.6182384490966797
INFO:root:Epoch: 26, Iteration: 186, Loss: 0.6104614734649658
INFO:root:Epoch: 26, Iteration: 187, Loss: 0.5992103219032288
INFO:root:Epoch: 26, Iteration: 188, Loss: 0.6444989442825317
INFO:root:Epoch: 26, Iteration: 189, Loss: 0.654951810836792
INFO:root:Validation set mIOU: 78.92502709172732
INFO:root:Epoch: 27, Iteration: 190, Loss: 0.6425418257713318
INFO:root:Epoch: 27, Iteration: 191, Loss: 0.6602858901023865
INFO:root:Epoch: 27, Iteration: 192, Loss: 0.6315420866012573
INFO:root:Epoch: 27, Iteration: 193, Loss: 0.6896096467971802
INFO:root:Epoch: 27, Iteration: 194, Loss: 0.6279637217521667
INFO:root:Epoch: 27, Iteration: 195, Loss: 0.6637977361679077
INFO:root:Epoch: 27, Iteration: 196, Loss: 0.6190197467803955
INFO:root:Validation set mIOU: 81.9229845063119
INFO:root:Epoch: 28, Iteration: 197, Loss: 0.6057194471359253
INFO:root:Epoch: 28, Iteration: 198, Loss: 0.63032066822052
INFO:root:Epoch: 28, Iteration: 199, Loss: 0.6449254155158997
INFO:root:Epoch: 28, Iteration: 200, Loss: 0.6714120507240295
INFO:root:Epoch: 28, Iteration: 201, Loss: 0.6043150424957275
INFO:root:Epoch: 28, Iteration: 202, Loss: 0.6381642818450928
INFO:root:Epoch: 28, Iteration: 203, Loss: 0.6718906164169312
INFO:root:Validation set mIOU: 81.95581505100739
INFO:root:Epoch: 29, Iteration: 204, Loss: 0.6047695875167847
INFO:root:Epoch: 29, Iteration: 205, Loss: 0.660437285900116
INFO:root:Epoch: 29, Iteration: 206, Loss: 0.6356425881385803
INFO:root:Epoch: 29, Iteration: 207, Loss: 0.6707227230072021
INFO:root:Epoch: 29, Iteration: 208, Loss: 0.6118408441543579
INFO:root:Epoch: 29, Iteration: 209, Loss: 0.6282520294189453
INFO:root:Epoch: 29, Iteration: 210, Loss: 0.6420779228210449
INFO:root:Validation set mIOU: 76.42555238460477
INFO:root:Epoch: 30, Iteration: 211, Loss: 0.6238193511962891
INFO:root:Epoch: 30, Iteration: 212, Loss: 0.6526632905006409
INFO:root:Epoch: 30, Iteration: 213, Loss: 0.6487357020378113
INFO:root:Epoch: 30, Iteration: 214, Loss: 0.6263689994812012
INFO:root:Epoch: 30, Iteration: 215, Loss: 0.6278121471405029
INFO:root:Epoch: 30, Iteration: 216, Loss: 0.6337568759918213
INFO:root:Epoch: 30, Iteration: 217, Loss: 0.606408953666687
INFO:root:Validation set mIOU: 84.78186009539867
INFO:root:Epoch: 31, Iteration: 218, Loss: 0.6110329031944275
INFO:root:Epoch: 31, Iteration: 219, Loss: 0.6209397315979004
INFO:root:Epoch: 31, Iteration: 220, Loss: 0.6058402061462402
INFO:root:Epoch: 31, Iteration: 221, Loss: 0.6038610339164734
INFO:root:Epoch: 31, Iteration: 222, Loss: 0.6476925611495972
INFO:root:Epoch: 31, Iteration: 223, Loss: 0.624661386013031
INFO:root:Epoch: 31, Iteration: 224, Loss: 0.6671321988105774
INFO:root:Validation set mIOU: 81.3471096730579
INFO:root:Epoch: 32, Iteration: 225, Loss: 0.6522421836853027
INFO:root:Epoch: 32, Iteration: 226, Loss: 0.6645354628562927
INFO:root:Epoch: 32, Iteration: 227, Loss: 0.6445884108543396
INFO:root:Epoch: 32, Iteration: 228, Loss: 0.6721394658088684
INFO:root:Epoch: 32, Iteration: 229, Loss: 0.6863872408866882
INFO:root:Epoch: 32, Iteration: 230, Loss: 0.6441347002983093
INFO:root:Epoch: 32, Iteration: 231, Loss: 0.6421292424201965
INFO:root:Validation set mIOU: 82.87641821014161
INFO:root:Epoch: 33, Iteration: 232, Loss: 0.6441483497619629
INFO:root:Epoch: 33, Iteration: 233, Loss: 0.647676944732666
INFO:root:Epoch: 33, Iteration: 234, Loss: 0.61930251121521
INFO:root:Epoch: 33, Iteration: 235, Loss: 0.6217372417449951
INFO:root:Epoch: 33, Iteration: 236, Loss: 0.6648820042610168
INFO:root:Epoch: 33, Iteration: 237, Loss: 0.6383277177810669
INFO:root:Epoch: 33, Iteration: 238, Loss: 0.6703590154647827
INFO:root:Validation set mIOU: 67.52861324891506
INFO:root:Epoch: 34, Iteration: 239, Loss: 0.6245220303535461
INFO:root:Epoch: 34, Iteration: 240, Loss: 0.6360530257225037
INFO:root:Epoch: 34, Iteration: 241, Loss: 0.6756365895271301
INFO:root:Epoch: 34, Iteration: 242, Loss: 0.6359798312187195
INFO:root:Epoch: 34, Iteration: 243, Loss: 0.6365604400634766
INFO:root:Epoch: 34, Iteration: 244, Loss: 0.624748706817627
INFO:root:Epoch: 34, Iteration: 245, Loss: 0.6420568227767944
INFO:root:Validation set mIOU: 83.74429853533107
INFO:root:Epoch: 35, Iteration: 246, Loss: 0.5959824323654175
INFO:root:Epoch: 35, Iteration: 247, Loss: 0.6254202127456665
INFO:root:Epoch: 35, Iteration: 248, Loss: 0.6597110033035278
INFO:root:Epoch: 35, Iteration: 249, Loss: 0.6582644581794739
INFO:root:Epoch: 35, Iteration: 250, Loss: 0.6994505524635315
INFO:root:Epoch: 35, Iteration: 251, Loss: 0.6574539542198181
INFO:root:Epoch: 35, Iteration: 252, Loss: 0.6880887746810913
INFO:root:Validation set mIOU: 59.28441511239474
INFO:root:Epoch: 36, Iteration: 253, Loss: 0.6845475435256958
INFO:root:Epoch: 36, Iteration: 254, Loss: 0.656708300113678
INFO:root:Epoch: 36, Iteration: 255, Loss: 0.641609251499176
INFO:root:Epoch: 36, Iteration: 256, Loss: 0.6181477904319763
INFO:root:Epoch: 36, Iteration: 257, Loss: 0.630611777305603
INFO:root:Epoch: 36, Iteration: 258, Loss: 0.6492897272109985
INFO:root:Epoch: 36, Iteration: 259, Loss: 0.630081057548523
INFO:root:Validation set mIOU: 83.4569540528511
INFO:root:Epoch: 37, Iteration: 260, Loss: 0.6319325566291809
INFO:root:Epoch: 37, Iteration: 261, Loss: 0.6094546914100647
INFO:root:Epoch: 37, Iteration: 262, Loss: 0.6276732683181763
INFO:root:Epoch: 37, Iteration: 263, Loss: 0.6648050546646118
INFO:root:Epoch: 37, Iteration: 264, Loss: 0.7086225152015686
INFO:root:Epoch: 37, Iteration: 265, Loss: 0.6554602384567261
INFO:root:Epoch: 37, Iteration: 266, Loss: 0.6607697606086731
INFO:root:Validation set mIOU: 25.333945997645053
INFO:root:Epoch: 38, Iteration: 267, Loss: 0.6964589953422546
INFO:root:Epoch: 38, Iteration: 268, Loss: 0.6691156625747681
INFO:root:Epoch: 38, Iteration: 269, Loss: 0.6574946045875549
INFO:root:Epoch: 38, Iteration: 270, Loss: 0.6169434189796448
INFO:root:Epoch: 38, Iteration: 271, Loss: 0.6826462149620056
INFO:root:Epoch: 38, Iteration: 272, Loss: 0.6267516613006592
INFO:root:Epoch: 38, Iteration: 273, Loss: 0.6326219439506531
INFO:root:Validation set mIOU: 37.80669919144077
INFO:root:Epoch: 39, Iteration: 274, Loss: 0.6207414269447327
INFO:root:Epoch: 39, Iteration: 275, Loss: 0.6203764081001282
INFO:root:Epoch: 39, Iteration: 276, Loss: 0.6455764770507812
INFO:root:Epoch: 39, Iteration: 277, Loss: 0.6804512143135071
INFO:root:Epoch: 39, Iteration: 278, Loss: 0.6615357398986816
INFO:root:Epoch: 39, Iteration: 279, Loss: 0.6264963150024414
INFO:root:Epoch: 39, Iteration: 280, Loss: 0.6404621601104736
INFO:root:Validation set mIOU: 75.37772084194802
INFO:root:Epoch: 40, Iteration: 281, Loss: 0.6426452398300171
INFO:root:Epoch: 40, Iteration: 282, Loss: 0.6334242820739746
INFO:root:Epoch: 40, Iteration: 283, Loss: 0.6473731994628906
INFO:root:Epoch: 40, Iteration: 284, Loss: 0.6203392148017883
INFO:root:Epoch: 40, Iteration: 285, Loss: 0.6649564504623413
INFO:root:Epoch: 40, Iteration: 286, Loss: 0.6106486320495605
INFO:root:Epoch: 40, Iteration: 287, Loss: 0.6471335887908936
INFO:root:Validation set mIOU: 70.64829347051365
INFO:root:Epoch: 41, Iteration: 288, Loss: 0.6301425099372864
INFO:root:Epoch: 41, Iteration: 289, Loss: 0.6673594117164612
INFO:root:Epoch: 41, Iteration: 290, Loss: 0.6087074875831604
INFO:root:Epoch: 41, Iteration: 291, Loss: 0.6590567827224731
INFO:root:Epoch: 41, Iteration: 292, Loss: 0.6300074458122253
INFO:root:Epoch: 41, Iteration: 293, Loss: 0.634136974811554
INFO:root:Epoch: 41, Iteration: 294, Loss: 0.6404247879981995
INFO:root:Validation set mIOU: 79.95913900504186
INFO:root:Epoch: 42, Iteration: 295, Loss: 0.6287088990211487
INFO:root:Epoch: 42, Iteration: 296, Loss: 0.6602891683578491
INFO:root:Epoch: 42, Iteration: 297, Loss: 0.6289437413215637
INFO:root:Epoch: 42, Iteration: 298, Loss: 0.6267834305763245
INFO:root:Epoch: 42, Iteration: 299, Loss: 0.6216968894004822
INFO:root:Epoch: 42, Iteration: 300, Loss: 0.6199303865432739
INFO:root:Epoch: 42, Iteration: 301, Loss: 0.6644513607025146
INFO:root:Validation set mIOU: 73.87119594389651
INFO:root:Epoch: 43, Iteration: 302, Loss: 0.6457443237304688
INFO:root:Epoch: 43, Iteration: 303, Loss: 0.616325318813324
INFO:root:Epoch: 43, Iteration: 304, Loss: 0.6091742515563965
INFO:root:Epoch: 43, Iteration: 305, Loss: 0.6219234466552734
INFO:root:Epoch: 43, Iteration: 306, Loss: 0.6464205980300903
INFO:root:Epoch: 43, Iteration: 307, Loss: 0.602803647518158
INFO:root:Epoch: 43, Iteration: 308, Loss: 0.6133677363395691
INFO:root:Validation set mIOU: 84.37621392657294
INFO:root:Epoch: 44, Iteration: 309, Loss: 0.5986956357955933
INFO:root:Epoch: 44, Iteration: 310, Loss: 0.6145076751708984
INFO:root:Epoch: 44, Iteration: 311, Loss: 0.652738094329834
INFO:root:Epoch: 44, Iteration: 312, Loss: 0.615952730178833
INFO:root:Epoch: 44, Iteration: 313, Loss: 0.6313822865486145
INFO:root:Epoch: 44, Iteration: 314, Loss: 0.6142988801002502
INFO:root:Epoch: 44, Iteration: 315, Loss: 0.6244354248046875
INFO:root:Validation set mIOU: 84.2222833361157
INFO:root:Epoch: 45, Iteration: 316, Loss: 0.6257815957069397
INFO:root:Epoch: 45, Iteration: 317, Loss: 0.6167041659355164
INFO:root:Epoch: 45, Iteration: 318, Loss: 0.6246167421340942
INFO:root:Epoch: 45, Iteration: 319, Loss: 0.6426292061805725
INFO:root:Epoch: 45, Iteration: 320, Loss: 0.6236072778701782
INFO:root:Epoch: 45, Iteration: 321, Loss: 0.6754973530769348
INFO:root:Epoch: 45, Iteration: 322, Loss: 0.6272785067558289
INFO:root:Validation set mIOU: 81.22623346344817
INFO:root:Epoch: 46, Iteration: 323, Loss: 0.6368564367294312
INFO:root:Epoch: 46, Iteration: 324, Loss: 0.6281416416168213
INFO:root:Epoch: 46, Iteration: 325, Loss: 0.6701093316078186
INFO:root:Epoch: 46, Iteration: 326, Loss: 0.6117664575576782
INFO:root:Epoch: 46, Iteration: 327, Loss: 0.6593782305717468
INFO:root:Epoch: 46, Iteration: 328, Loss: 0.617436945438385
INFO:root:Epoch: 46, Iteration: 329, Loss: 0.5955480933189392
INFO:root:Validation set mIOU: 83.78324463884746
INFO:root:Epoch: 47, Iteration: 330, Loss: 0.6029319167137146
INFO:root:Epoch: 47, Iteration: 331, Loss: 0.6284555792808533
INFO:root:Epoch: 47, Iteration: 332, Loss: 0.6469244360923767
INFO:root:Epoch: 47, Iteration: 333, Loss: 0.6440994739532471
INFO:root:Epoch: 47, Iteration: 334, Loss: 0.6002339124679565
INFO:root:Epoch: 47, Iteration: 335, Loss: 0.6399616599082947
INFO:root:Epoch: 47, Iteration: 336, Loss: 0.6077294945716858
INFO:root:Validation set mIOU: 83.29635619940899
INFO:root:Epoch: 48, Iteration: 337, Loss: 0.6157357096672058
INFO:root:Epoch: 48, Iteration: 338, Loss: 0.6616540551185608
INFO:root:Epoch: 48, Iteration: 339, Loss: 0.6323369145393372
INFO:root:Epoch: 48, Iteration: 340, Loss: 0.5916621685028076
INFO:root:Epoch: 48, Iteration: 341, Loss: 0.598848819732666
INFO:root:Epoch: 48, Iteration: 342, Loss: 0.6095516681671143
INFO:root:Epoch: 48, Iteration: 343, Loss: 0.6360305547714233
INFO:root:Validation set mIOU: 77.59718414753726
INFO:root:Epoch: 49, Iteration: 344, Loss: 0.6589107513427734
INFO:root:Epoch: 49, Iteration: 345, Loss: 0.6232447624206543
INFO:root:Epoch: 49, Iteration: 346, Loss: 0.6052109599113464
INFO:root:Epoch: 49, Iteration: 347, Loss: 0.6046140789985657
INFO:root:Epoch: 49, Iteration: 348, Loss: 0.6324167847633362
INFO:root:Epoch: 49, Iteration: 349, Loss: 0.6044410467147827
INFO:root:Epoch: 49, Iteration: 350, Loss: 0.6448408365249634
INFO:root:Validation set mIOU: 84.70152136030093
INFO:root:Epoch: 50, Iteration: 351, Loss: 0.6705256700515747
INFO:root:Epoch: 50, Iteration: 352, Loss: 0.6191433072090149
INFO:root:Epoch: 50, Iteration: 353, Loss: 0.6221374869346619
INFO:root:Epoch: 50, Iteration: 354, Loss: 0.5995052456855774
INFO:root:Epoch: 50, Iteration: 355, Loss: 0.6092432141304016
INFO:root:Epoch: 50, Iteration: 356, Loss: 0.5896264314651489
INFO:root:Epoch: 50, Iteration: 357, Loss: 0.6237480640411377
INFO:root:Validation set mIOU: 81.25541331003144
INFO:root:Epoch: 51, Iteration: 358, Loss: 0.6368999481201172
INFO:root:Epoch: 51, Iteration: 359, Loss: 0.6379705667495728
INFO:root:Epoch: 51, Iteration: 360, Loss: 0.5960329174995422
INFO:root:Epoch: 51, Iteration: 361, Loss: 0.6195129752159119
INFO:root:Epoch: 51, Iteration: 362, Loss: 0.6046526432037354
INFO:root:Epoch: 51, Iteration: 363, Loss: 0.6366806030273438
INFO:root:Epoch: 51, Iteration: 364, Loss: 0.6035813093185425
INFO:root:Validation set mIOU: 81.48842780835075
INFO:root:Epoch: 52, Iteration: 365, Loss: 0.6128202676773071
INFO:root:Epoch: 52, Iteration: 366, Loss: 0.6100814938545227
INFO:root:Epoch: 52, Iteration: 367, Loss: 0.6174500584602356
INFO:root:Epoch: 52, Iteration: 368, Loss: 0.662055492401123
INFO:root:Epoch: 52, Iteration: 369, Loss: 0.6025236248970032
INFO:root:Epoch: 52, Iteration: 370, Loss: 0.6124078631401062
INFO:root:Epoch: 52, Iteration: 371, Loss: 0.6288191676139832
INFO:root:Validation set mIOU: 77.62241388438481
INFO:root:Epoch: 53, Iteration: 372, Loss: 0.606429398059845
INFO:root:Epoch: 53, Iteration: 373, Loss: 0.6766462326049805
INFO:root:Epoch: 53, Iteration: 374, Loss: 0.6239863634109497
INFO:root:Epoch: 53, Iteration: 375, Loss: 0.6200241446495056
INFO:root:Epoch: 53, Iteration: 376, Loss: 0.6038359999656677
INFO:root:Epoch: 53, Iteration: 377, Loss: 0.6164494752883911
INFO:root:Epoch: 53, Iteration: 378, Loss: 0.5960618853569031
INFO:root:Validation set mIOU: 84.43051689505788
INFO:root:Epoch: 54, Iteration: 379, Loss: 0.60125732421875
INFO:root:Epoch: 54, Iteration: 380, Loss: 0.6027116775512695
INFO:root:Epoch: 54, Iteration: 381, Loss: 0.6263672709465027
INFO:root:Epoch: 54, Iteration: 382, Loss: 0.6584497690200806
INFO:root:Epoch: 54, Iteration: 383, Loss: 0.6303460597991943
INFO:root:Epoch: 54, Iteration: 384, Loss: 0.613348126411438
INFO:root:Epoch: 54, Iteration: 385, Loss: 0.6264255046844482
INFO:root:Validation set mIOU: 85.54307722036611
INFO:root:Epoch: 55, Iteration: 386, Loss: 0.6382741332054138
INFO:root:Epoch: 55, Iteration: 387, Loss: 0.6303914189338684
INFO:root:Epoch: 55, Iteration: 388, Loss: 0.6280952095985413
INFO:root:Epoch: 55, Iteration: 389, Loss: 0.6693459153175354
INFO:root:Epoch: 55, Iteration: 390, Loss: 0.6638674736022949
INFO:root:Epoch: 55, Iteration: 391, Loss: 0.6148930191993713
INFO:root:Epoch: 55, Iteration: 392, Loss: 0.6122316718101501
INFO:root:Validation set mIOU: 82.78958073164154
INFO:root:Epoch: 56, Iteration: 393, Loss: 0.6102288961410522
INFO:root:Epoch: 56, Iteration: 394, Loss: 0.6301868557929993
INFO:root:Epoch: 56, Iteration: 395, Loss: 0.6024274826049805
INFO:root:Epoch: 56, Iteration: 396, Loss: 0.6162722706794739
INFO:root:Epoch: 56, Iteration: 397, Loss: 0.6134634017944336
INFO:root:Epoch: 56, Iteration: 398, Loss: 0.6394898295402527
INFO:root:Epoch: 56, Iteration: 399, Loss: 0.6337118148803711
INFO:root:Validation set mIOU: 80.70881500343292
INFO:root:Epoch: 57, Iteration: 400, Loss: 0.6123181581497192
INFO:root:Epoch: 57, Iteration: 401, Loss: 0.6185249090194702
INFO:root:Epoch: 57, Iteration: 402, Loss: 0.6150677800178528
INFO:root:Epoch: 57, Iteration: 403, Loss: 0.6403301954269409
INFO:root:Epoch: 57, Iteration: 404, Loss: 0.6027144193649292
INFO:root:Epoch: 57, Iteration: 405, Loss: 0.6677373051643372
INFO:root:Epoch: 57, Iteration: 406, Loss: 0.6455879807472229
INFO:root:Validation set mIOU: 79.88772781552086
INFO:root:Epoch: 58, Iteration: 407, Loss: 0.6168774962425232
INFO:root:Epoch: 58, Iteration: 408, Loss: 0.6167764663696289
INFO:root:Epoch: 58, Iteration: 409, Loss: 0.5999481678009033
INFO:root:Epoch: 58, Iteration: 410, Loss: 0.6750239729881287
INFO:root:Epoch: 58, Iteration: 411, Loss: 0.6347151398658752
INFO:root:Epoch: 58, Iteration: 412, Loss: 0.619421660900116
INFO:root:Epoch: 58, Iteration: 413, Loss: 0.6781942248344421
INFO:root:Validation set mIOU: 79.85768917502595
INFO:root:Epoch: 59, Iteration: 414, Loss: 0.6350146532058716
INFO:root:Epoch: 59, Iteration: 415, Loss: 0.6254718899726868
INFO:root:Epoch: 59, Iteration: 416, Loss: 0.6260993480682373
INFO:root:Epoch: 59, Iteration: 417, Loss: 0.5988476276397705
INFO:root:Epoch: 59, Iteration: 418, Loss: 0.6181204915046692
INFO:root:Epoch: 59, Iteration: 419, Loss: 0.6160640120506287
INFO:root:Epoch: 59, Iteration: 420, Loss: 0.5982435941696167
INFO:root:Validation set mIOU: 83.92042214072974
INFO:root:Epoch: 60, Iteration: 421, Loss: 0.600436270236969
INFO:root:Epoch: 60, Iteration: 422, Loss: 0.6198214888572693
INFO:root:Epoch: 60, Iteration: 423, Loss: 0.605789303779602
INFO:root:Epoch: 60, Iteration: 424, Loss: 0.5952597260475159
INFO:root:Epoch: 60, Iteration: 425, Loss: 0.593791127204895
INFO:root:Epoch: 60, Iteration: 426, Loss: 0.585181713104248
INFO:root:Epoch: 60, Iteration: 427, Loss: 0.6553937196731567
INFO:root:Validation set mIOU: 84.12180385876722
INFO:root:Epoch: 61, Iteration: 428, Loss: 0.6369196176528931
INFO:root:Epoch: 61, Iteration: 429, Loss: 0.6223218441009521
INFO:root:Epoch: 61, Iteration: 430, Loss: 0.5904614925384521
INFO:root:Epoch: 61, Iteration: 431, Loss: 0.6095952987670898
INFO:root:Epoch: 61, Iteration: 432, Loss: 0.6132458448410034
INFO:root:Epoch: 61, Iteration: 433, Loss: 0.5932822823524475
INFO:root:Epoch: 61, Iteration: 434, Loss: 0.6219179034233093
INFO:root:Validation set mIOU: 83.180596074368
INFO:root:Epoch: 62, Iteration: 435, Loss: 0.6078588962554932
INFO:root:Epoch: 62, Iteration: 436, Loss: 0.6437721848487854
INFO:root:Epoch: 62, Iteration: 437, Loss: 0.6026543378829956
INFO:root:Epoch: 62, Iteration: 438, Loss: 0.6235985159873962
INFO:root:Epoch: 62, Iteration: 439, Loss: 0.628208339214325
INFO:root:Epoch: 62, Iteration: 440, Loss: 0.6486268639564514
INFO:root:Epoch: 62, Iteration: 441, Loss: 0.6148540377616882
INFO:root:Validation set mIOU: 83.83238698641374
INFO:root:Epoch: 63, Iteration: 442, Loss: 0.6159999370574951
INFO:root:Epoch: 63, Iteration: 443, Loss: 0.6226697564125061
INFO:root:Epoch: 63, Iteration: 444, Loss: 0.60615473985672
INFO:root:Epoch: 63, Iteration: 445, Loss: 0.6171998381614685
INFO:root:Epoch: 63, Iteration: 446, Loss: 0.6304267644882202
INFO:root:Epoch: 63, Iteration: 447, Loss: 0.6176348924636841
INFO:root:Epoch: 63, Iteration: 448, Loss: 0.6104656457901001
INFO:root:Validation set mIOU: 83.24356345235539
INFO:root:Epoch: 64, Iteration: 449, Loss: 0.5970592498779297
INFO:root:Epoch: 64, Iteration: 450, Loss: 0.6181511878967285
INFO:root:Epoch: 64, Iteration: 451, Loss: 0.6050509810447693
INFO:root:Epoch: 64, Iteration: 452, Loss: 0.6075436472892761
INFO:root:Epoch: 64, Iteration: 453, Loss: 0.6056815385818481
INFO:root:Epoch: 64, Iteration: 454, Loss: 0.6036086678504944
INFO:root:Epoch: 64, Iteration: 455, Loss: 0.6068593859672546
INFO:root:Validation set mIOU: 80.70151480513363
INFO:root:Epoch: 65, Iteration: 456, Loss: 0.6174213886260986
INFO:root:Epoch: 65, Iteration: 457, Loss: 0.6517807841300964
INFO:root:Epoch: 65, Iteration: 458, Loss: 0.6055013537406921
INFO:root:Epoch: 65, Iteration: 459, Loss: 0.6235365271568298
INFO:root:Epoch: 65, Iteration: 460, Loss: 0.5948176980018616
INFO:root:Epoch: 65, Iteration: 461, Loss: 0.6253256797790527
INFO:root:Epoch: 65, Iteration: 462, Loss: 0.5880684852600098
INFO:root:Validation set mIOU: 82.33984972915063
INFO:root:Epoch: 66, Iteration: 463, Loss: 0.5834748148918152
INFO:root:Epoch: 66, Iteration: 464, Loss: 0.6110882759094238
INFO:root:Epoch: 66, Iteration: 465, Loss: 0.5832332968711853
INFO:root:Epoch: 66, Iteration: 466, Loss: 0.602761447429657
INFO:root:Epoch: 66, Iteration: 467, Loss: 0.640781819820404
INFO:root:Epoch: 66, Iteration: 468, Loss: 0.6052554845809937
INFO:root:Epoch: 66, Iteration: 469, Loss: 0.6006004214286804
INFO:root:Validation set mIOU: 80.16888350748346
INFO:root:Epoch: 67, Iteration: 470, Loss: 0.6047852635383606
INFO:root:Epoch: 67, Iteration: 471, Loss: 0.6121576428413391
INFO:root:Epoch: 67, Iteration: 472, Loss: 0.622036874294281
INFO:root:Epoch: 67, Iteration: 473, Loss: 0.5983046293258667
INFO:root:Epoch: 67, Iteration: 474, Loss: 0.5951087474822998
INFO:root:Epoch: 67, Iteration: 475, Loss: 0.5888249278068542
INFO:root:Epoch: 67, Iteration: 476, Loss: 0.604648768901825
INFO:root:Validation set mIOU: 80.61743154464018
INFO:root:Epoch: 68, Iteration: 477, Loss: 0.6172043085098267
INFO:root:Epoch: 68, Iteration: 478, Loss: 0.6149130463600159
INFO:root:Epoch: 68, Iteration: 479, Loss: 0.6273634433746338
INFO:root:Epoch: 68, Iteration: 480, Loss: 0.6023309826850891
INFO:root:Epoch: 68, Iteration: 481, Loss: 0.6187834739685059
INFO:root:Epoch: 68, Iteration: 482, Loss: 0.6271958351135254
INFO:root:Epoch: 68, Iteration: 483, Loss: 0.5962438583374023
INFO:root:Validation set mIOU: 81.41260233833
INFO:root:Epoch: 69, Iteration: 484, Loss: 0.6210172772407532
INFO:root:Epoch: 69, Iteration: 485, Loss: 0.6074968576431274
INFO:root:Epoch: 69, Iteration: 486, Loss: 0.5919738411903381
INFO:root:Epoch: 69, Iteration: 487, Loss: 0.6040857434272766
INFO:root:Epoch: 69, Iteration: 488, Loss: 0.6383519768714905
INFO:root:Epoch: 69, Iteration: 489, Loss: 0.6333944201469421
INFO:root:Epoch: 69, Iteration: 490, Loss: 0.6129630208015442
INFO:root:Validation set mIOU: 85.57273344212312
INFO:root:Epoch: 70, Iteration: 491, Loss: 0.6155757904052734
INFO:root:Epoch: 70, Iteration: 492, Loss: 0.6007696390151978
INFO:root:Epoch: 70, Iteration: 493, Loss: 0.599722146987915
INFO:root:Epoch: 70, Iteration: 494, Loss: 0.5895045399665833
INFO:root:Epoch: 70, Iteration: 495, Loss: 0.5920146107673645
INFO:root:Epoch: 70, Iteration: 496, Loss: 0.6196115016937256
INFO:root:Epoch: 70, Iteration: 497, Loss: 0.6152958869934082
INFO:root:Validation set mIOU: 84.39545182482905
INFO:root:Epoch: 71, Iteration: 498, Loss: 0.6102402210235596
INFO:root:Epoch: 71, Iteration: 499, Loss: 0.5869386196136475
INFO:root:Epoch: 71, Iteration: 500, Loss: 0.6112597584724426
INFO:root:Epoch: 71, Iteration: 501, Loss: 0.5882015228271484
INFO:root:Epoch: 71, Iteration: 502, Loss: 0.6149684190750122
INFO:root:Epoch: 71, Iteration: 503, Loss: 0.5907497406005859
INFO:root:Epoch: 71, Iteration: 504, Loss: 0.6089681386947632
INFO:root:Validation set mIOU: 84.63362085847427
INFO:root:Epoch: 72, Iteration: 505, Loss: 0.5794089436531067
INFO:root:Epoch: 72, Iteration: 506, Loss: 0.598395824432373
INFO:root:Epoch: 72, Iteration: 507, Loss: 0.618350625038147
INFO:root:Epoch: 72, Iteration: 508, Loss: 0.6216750741004944
INFO:root:Epoch: 72, Iteration: 509, Loss: 0.6256244778633118
INFO:root:Epoch: 72, Iteration: 510, Loss: 0.608190655708313
INFO:root:Epoch: 72, Iteration: 511, Loss: 0.6249616146087646
INFO:root:Validation set mIOU: 85.62581909848942
INFO:root:Epoch: 73, Iteration: 512, Loss: 0.6254775524139404
INFO:root:Epoch: 73, Iteration: 513, Loss: 0.5975531935691833
INFO:root:Epoch: 73, Iteration: 514, Loss: 0.618363082408905
INFO:root:Epoch: 73, Iteration: 515, Loss: 0.5888922810554504
INFO:root:Epoch: 73, Iteration: 516, Loss: 0.6274394392967224
INFO:root:Epoch: 73, Iteration: 517, Loss: 0.6449763178825378
INFO:root:Epoch: 73, Iteration: 518, Loss: 0.6060413122177124
INFO:root:Validation set mIOU: 85.1625529412105
INFO:root:Epoch: 74, Iteration: 519, Loss: 0.5995296239852905
INFO:root:Epoch: 74, Iteration: 520, Loss: 0.6154176592826843
INFO:root:Epoch: 74, Iteration: 521, Loss: 0.633870542049408
INFO:root:Epoch: 74, Iteration: 522, Loss: 0.6058635115623474
INFO:root:Epoch: 74, Iteration: 523, Loss: 0.5997225046157837
INFO:root:Epoch: 74, Iteration: 524, Loss: 0.5925717353820801
INFO:root:Epoch: 74, Iteration: 525, Loss: 0.6077226400375366
INFO:root:Validation set mIOU: 82.18478682485782
INFO:root:Epoch: 75, Iteration: 526, Loss: 0.6248002052307129
INFO:root:Epoch: 75, Iteration: 527, Loss: 0.6131980419158936
INFO:root:Epoch: 75, Iteration: 528, Loss: 0.6317050457000732
INFO:root:Epoch: 75, Iteration: 529, Loss: 0.6011604070663452
INFO:root:Epoch: 75, Iteration: 530, Loss: 0.6143287420272827
INFO:root:Epoch: 75, Iteration: 531, Loss: 0.6045858860015869
INFO:root:Epoch: 75, Iteration: 532, Loss: 0.6773391366004944
INFO:root:Validation set mIOU: 86.20808962660881
INFO:root:Epoch: 76, Iteration: 533, Loss: 0.6005819439888
INFO:root:Epoch: 76, Iteration: 534, Loss: 0.6123167276382446
INFO:root:Epoch: 76, Iteration: 535, Loss: 0.6373589038848877
INFO:root:Epoch: 76, Iteration: 536, Loss: 0.5896587371826172
INFO:root:Epoch: 76, Iteration: 537, Loss: 0.5883559584617615
INFO:root:Epoch: 76, Iteration: 538, Loss: 0.5919968485832214
INFO:root:Epoch: 76, Iteration: 539, Loss: 0.6104744076728821
INFO:root:Validation set mIOU: 79.90044427754667
INFO:root:Epoch: 77, Iteration: 540, Loss: 0.6259467601776123
INFO:root:Epoch: 77, Iteration: 541, Loss: 0.6248440146446228
INFO:root:Epoch: 77, Iteration: 542, Loss: 0.6418265700340271
INFO:root:Epoch: 77, Iteration: 543, Loss: 0.6393950581550598
INFO:root:Epoch: 77, Iteration: 544, Loss: 0.6017268896102905
INFO:root:Epoch: 77, Iteration: 545, Loss: 0.6089867949485779
INFO:root:Epoch: 77, Iteration: 546, Loss: 0.6261820793151855
INFO:root:Validation set mIOU: 86.56140355736932
INFO:root:Epoch: 78, Iteration: 547, Loss: 0.6345481872558594
INFO:root:Epoch: 78, Iteration: 548, Loss: 0.601257860660553
INFO:root:Epoch: 78, Iteration: 549, Loss: 0.5998207330703735
INFO:root:Epoch: 78, Iteration: 550, Loss: 0.6026378870010376
INFO:root:Epoch: 78, Iteration: 551, Loss: 0.6176347136497498
INFO:root:Epoch: 78, Iteration: 552, Loss: 0.6277663111686707
INFO:root:Epoch: 78, Iteration: 553, Loss: 0.6259742379188538
INFO:root:Validation set mIOU: 56.0607814706059
INFO:root:Epoch: 79, Iteration: 554, Loss: 0.5862571001052856
INFO:root:Epoch: 79, Iteration: 555, Loss: 0.611089289188385
INFO:root:Epoch: 79, Iteration: 556, Loss: 0.6205146908760071
INFO:root:Epoch: 79, Iteration: 557, Loss: 0.6053494215011597
INFO:root:Epoch: 79, Iteration: 558, Loss: 0.6237132549285889
INFO:root:Epoch: 79, Iteration: 559, Loss: 0.6054065227508545
INFO:root:Epoch: 79, Iteration: 560, Loss: 0.6213200688362122
INFO:root:Validation set mIOU: 61.084184322027134
INFO:root:Epoch: 80, Iteration: 561, Loss: 0.5905354022979736
INFO:root:Epoch: 80, Iteration: 562, Loss: 0.5975215435028076
INFO:root:Epoch: 80, Iteration: 563, Loss: 0.6171684861183167
INFO:root:Epoch: 80, Iteration: 564, Loss: 0.6002099514007568
INFO:root:Epoch: 80, Iteration: 565, Loss: 0.5952875018119812
INFO:root:Epoch: 80, Iteration: 566, Loss: 0.6152151823043823
INFO:root:Epoch: 80, Iteration: 567, Loss: 0.5911914110183716
INFO:root:Validation set mIOU: 82.52803323047844
INFO:root:Epoch: 81, Iteration: 568, Loss: 0.6358325481414795
INFO:root:Epoch: 81, Iteration: 569, Loss: 0.6160215735435486
INFO:root:Epoch: 81, Iteration: 570, Loss: 0.621029257774353
INFO:root:Epoch: 81, Iteration: 571, Loss: 0.622654378414154
INFO:root:Epoch: 81, Iteration: 572, Loss: 0.6026617288589478
INFO:root:Epoch: 81, Iteration: 573, Loss: 0.6262655258178711
INFO:root:Epoch: 81, Iteration: 574, Loss: 0.6023898720741272
INFO:root:Validation set mIOU: 85.55965240883127
INFO:root:Epoch: 82, Iteration: 575, Loss: 0.5926980376243591
INFO:root:Epoch: 82, Iteration: 576, Loss: 0.6029842495918274
INFO:root:Epoch: 82, Iteration: 577, Loss: 0.6483787894248962
INFO:root:Epoch: 82, Iteration: 578, Loss: 0.5968879461288452
INFO:root:Epoch: 82, Iteration: 579, Loss: 0.6077085137367249
INFO:root:Epoch: 82, Iteration: 580, Loss: 0.6022783517837524
INFO:root:Epoch: 82, Iteration: 581, Loss: 0.6086143255233765
INFO:root:Validation set mIOU: 86.88814618074026
INFO:root:Epoch: 83, Iteration: 582, Loss: 0.5965704321861267
INFO:root:Epoch: 83, Iteration: 583, Loss: 0.6251159906387329
INFO:root:Epoch: 83, Iteration: 584, Loss: 0.6221079230308533
INFO:root:Epoch: 83, Iteration: 585, Loss: 0.5995351076126099
INFO:root:Epoch: 83, Iteration: 586, Loss: 0.6379415392875671
INFO:root:Epoch: 83, Iteration: 587, Loss: 0.5845398306846619
INFO:root:Epoch: 83, Iteration: 588, Loss: 0.6001331210136414
INFO:root:Validation set mIOU: 86.62186049499212
INFO:root:Epoch: 84, Iteration: 589, Loss: 0.5987110137939453
INFO:root:Epoch: 84, Iteration: 590, Loss: 0.6293991208076477
INFO:root:Epoch: 84, Iteration: 591, Loss: 0.6099275350570679
INFO:root:Epoch: 84, Iteration: 592, Loss: 0.5826011300086975
INFO:root:Epoch: 84, Iteration: 593, Loss: 0.5972378849983215
INFO:root:Epoch: 84, Iteration: 594, Loss: 0.6023847460746765
INFO:root:Epoch: 84, Iteration: 595, Loss: 0.6012720465660095
INFO:root:Validation set mIOU: 86.30187248375027
INFO:root:Epoch: 85, Iteration: 596, Loss: 0.594257116317749
INFO:root:Epoch: 85, Iteration: 597, Loss: 0.5958440899848938
INFO:root:Epoch: 85, Iteration: 598, Loss: 0.6275436878204346
INFO:root:Epoch: 85, Iteration: 599, Loss: 0.6137129068374634
INFO:root:Epoch: 85, Iteration: 600, Loss: 0.5941429138183594
INFO:root:Epoch: 85, Iteration: 601, Loss: 0.5920655131340027
INFO:root:Epoch: 85, Iteration: 602, Loss: 0.5852165222167969
INFO:root:Validation set mIOU: 84.63297203789682
INFO:root:Epoch: 86, Iteration: 603, Loss: 0.5857667922973633
INFO:root:Epoch: 86, Iteration: 604, Loss: 0.5877293348312378
INFO:root:Epoch: 86, Iteration: 605, Loss: 0.5875509977340698
INFO:root:Epoch: 86, Iteration: 606, Loss: 0.6281231045722961
INFO:root:Epoch: 86, Iteration: 607, Loss: 0.5855966806411743
INFO:root:Epoch: 86, Iteration: 608, Loss: 0.5795767307281494
INFO:root:Epoch: 86, Iteration: 609, Loss: 0.5987581014633179
INFO:root:Validation set mIOU: 83.29608761259081
INFO:root:Epoch: 87, Iteration: 610, Loss: 0.6001508831977844
INFO:root:Epoch: 87, Iteration: 611, Loss: 0.5841785669326782
INFO:root:Epoch: 87, Iteration: 612, Loss: 0.6124280691146851
INFO:root:Epoch: 87, Iteration: 613, Loss: 0.5912460684776306
INFO:root:Epoch: 87, Iteration: 614, Loss: 0.5945651531219482
INFO:root:Epoch: 87, Iteration: 615, Loss: 0.6052631139755249
INFO:root:Epoch: 87, Iteration: 616, Loss: 0.6110336184501648
INFO:root:Validation set mIOU: 85.69408567180393
INFO:root:Epoch: 88, Iteration: 617, Loss: 0.6457746624946594
INFO:root:Epoch: 88, Iteration: 618, Loss: 0.5997620224952698
INFO:root:Epoch: 88, Iteration: 619, Loss: 0.5947456955909729
INFO:root:Epoch: 88, Iteration: 620, Loss: 0.6474750638008118
INFO:root:Epoch: 88, Iteration: 621, Loss: 0.5923121571540833
INFO:root:Epoch: 88, Iteration: 622, Loss: 0.5960720181465149
INFO:root:Epoch: 88, Iteration: 623, Loss: 0.6024256944656372
INFO:root:Validation set mIOU: 86.40454323035365
INFO:root:Epoch: 89, Iteration: 624, Loss: 0.6054540872573853
INFO:root:Epoch: 89, Iteration: 625, Loss: 0.6131158471107483
INFO:root:Epoch: 89, Iteration: 626, Loss: 0.5968424677848816
INFO:root:Epoch: 89, Iteration: 627, Loss: 0.5822822451591492
INFO:root:Epoch: 89, Iteration: 628, Loss: 0.6041176915168762
INFO:root:Epoch: 89, Iteration: 629, Loss: 0.6191637516021729
INFO:root:Epoch: 89, Iteration: 630, Loss: 0.6107298731803894
INFO:root:Validation set mIOU: 87.37733659076538
INFO:root:Epoch: 90, Iteration: 631, Loss: 0.6397702097892761
INFO:root:Epoch: 90, Iteration: 632, Loss: 0.6101568937301636
INFO:root:Epoch: 90, Iteration: 633, Loss: 0.5970127582550049
INFO:root:Epoch: 90, Iteration: 634, Loss: 0.6210013031959534
INFO:root:Epoch: 90, Iteration: 635, Loss: 0.5944969654083252
INFO:root:Epoch: 90, Iteration: 636, Loss: 0.584983766078949
INFO:root:Epoch: 90, Iteration: 637, Loss: 0.6331884860992432
INFO:root:Validation set mIOU: 86.95543617054965
INFO:root:Epoch: 91, Iteration: 638, Loss: 0.5953368544578552
INFO:root:Epoch: 91, Iteration: 639, Loss: 0.5924694538116455
INFO:root:Epoch: 91, Iteration: 640, Loss: 0.6181582808494568
INFO:root:Epoch: 91, Iteration: 641, Loss: 0.5992119312286377
INFO:root:Epoch: 91, Iteration: 642, Loss: 0.6047583818435669
INFO:root:Epoch: 91, Iteration: 643, Loss: 0.5952066779136658
INFO:root:Epoch: 91, Iteration: 644, Loss: 0.6037747263908386
INFO:root:Validation set mIOU: 87.30440200409504
INFO:root:Epoch: 92, Iteration: 645, Loss: 0.6276121735572815
INFO:root:Epoch: 92, Iteration: 646, Loss: 0.594471275806427
INFO:root:Epoch: 92, Iteration: 647, Loss: 0.5883264541625977
INFO:root:Epoch: 92, Iteration: 648, Loss: 0.6056739091873169
INFO:root:Epoch: 92, Iteration: 649, Loss: 0.6143589615821838
INFO:root:Epoch: 92, Iteration: 650, Loss: 0.5891727209091187
INFO:root:Epoch: 92, Iteration: 651, Loss: 0.6062847375869751
INFO:root:Validation set mIOU: 86.82188911317165
INFO:root:Epoch: 93, Iteration: 652, Loss: 0.5921305418014526
INFO:root:Epoch: 93, Iteration: 653, Loss: 0.5811679363250732
INFO:root:Epoch: 93, Iteration: 654, Loss: 0.584446907043457
INFO:root:Epoch: 93, Iteration: 655, Loss: 0.5813714861869812
INFO:root:Epoch: 93, Iteration: 656, Loss: 0.6006232500076294
INFO:root:Epoch: 93, Iteration: 657, Loss: 0.62864750623703
INFO:root:Epoch: 93, Iteration: 658, Loss: 0.6152313947677612
INFO:root:Validation set mIOU: 85.17069584790677
INFO:root:Epoch: 94, Iteration: 659, Loss: 0.6438482999801636
INFO:root:Epoch: 94, Iteration: 660, Loss: 0.5963826179504395
INFO:root:Epoch: 94, Iteration: 661, Loss: 0.5781856179237366
INFO:root:Epoch: 94, Iteration: 662, Loss: 0.601998507976532
INFO:root:Epoch: 94, Iteration: 663, Loss: 0.6104280948638916
INFO:root:Epoch: 94, Iteration: 664, Loss: 0.6030643582344055
INFO:root:Epoch: 94, Iteration: 665, Loss: 0.6135764718055725
INFO:root:Validation set mIOU: 86.44113399539722
INFO:root:Epoch: 95, Iteration: 666, Loss: 0.593811571598053
INFO:root:Epoch: 95, Iteration: 667, Loss: 0.5951061844825745
INFO:root:Epoch: 95, Iteration: 668, Loss: 0.6035321354866028
INFO:root:Epoch: 95, Iteration: 669, Loss: 0.598348081111908
INFO:root:Epoch: 95, Iteration: 670, Loss: 0.587899386882782
INFO:root:Epoch: 95, Iteration: 671, Loss: 0.5887873768806458
INFO:root:Epoch: 95, Iteration: 672, Loss: 0.5788193941116333
INFO:root:Validation set mIOU: 87.58536954661759
INFO:root:Epoch: 96, Iteration: 673, Loss: 0.6052473187446594
INFO:root:Epoch: 96, Iteration: 674, Loss: 0.5858243107795715
INFO:root:Epoch: 96, Iteration: 675, Loss: 0.5969806909561157
INFO:root:Epoch: 96, Iteration: 676, Loss: 0.5842252373695374
INFO:root:Epoch: 96, Iteration: 677, Loss: 0.586308479309082
INFO:root:Epoch: 96, Iteration: 678, Loss: 0.5999631881713867
INFO:root:Epoch: 96, Iteration: 679, Loss: 0.5960134267807007
INFO:root:Validation set mIOU: 87.66357907127298
INFO:root:Epoch: 97, Iteration: 680, Loss: 0.6064449548721313
INFO:root:Epoch: 97, Iteration: 681, Loss: 0.5777255892753601
INFO:root:Epoch: 97, Iteration: 682, Loss: 0.6121913194656372
INFO:root:Epoch: 97, Iteration: 683, Loss: 0.5965441465377808
INFO:root:Epoch: 97, Iteration: 684, Loss: 0.5889936089515686
INFO:root:Epoch: 97, Iteration: 685, Loss: 0.5788841843605042
INFO:root:Epoch: 97, Iteration: 686, Loss: 0.6077147722244263
INFO:root:Validation set mIOU: 87.06437187329635
INFO:root:Epoch: 98, Iteration: 687, Loss: 0.5887772440910339
INFO:root:Epoch: 98, Iteration: 688, Loss: 0.5868386626243591
INFO:root:Epoch: 98, Iteration: 689, Loss: 0.6097605228424072
INFO:root:Epoch: 98, Iteration: 690, Loss: 0.6033149361610413
INFO:root:Epoch: 98, Iteration: 691, Loss: 0.6051061749458313
INFO:root:Epoch: 98, Iteration: 692, Loss: 0.6043145060539246
INFO:root:Epoch: 98, Iteration: 693, Loss: 0.5920636653900146
INFO:root:Validation set mIOU: 87.40535432702514
INFO:root:Epoch: 99, Iteration: 694, Loss: 0.5829310417175293
INFO:root:Epoch: 99, Iteration: 695, Loss: 0.5997421145439148
INFO:root:Epoch: 99, Iteration: 696, Loss: 0.6226509213447571
INFO:root:Epoch: 99, Iteration: 697, Loss: 0.5928133130073547
INFO:root:Epoch: 99, Iteration: 698, Loss: 0.5772514343261719
INFO:root:Epoch: 99, Iteration: 699, Loss: 0.6134535074234009
INFO:root:Epoch: 99, Iteration: 700, Loss: 0.59201580286026
INFO:root:Validation set mIOU: 87.58647997377582
