INFO:root:{'addition': 'circular_cutout',
 'backbone': 'resnet50',
 'batch_size': 16,
 'batch_size_consistency': 16,
 'conf_thres': 0.95,
 'config': 'configs/dataset2.yaml',
 'consistency_training': False,
 'crop_size': 320,
 'data_root': './',
 'dataset': 'dataset2',
 'epochs': 100,
 'labeled_id_path': 'dataset/splits/dataset2/1_4/split_random/labeled.txt',
 'lr': 0.0009,
 'model': 'unet',
 'ngpus': 1,
 'plus': False,
 'pseudo_consistency_mask_path': None,
 'pseudo_mask_path': 'outdir/pseudo_masks/dataset2/1_4/split_random/unet/resnet50/circular_cutout/self_training/non_consistency_training/second_time',
 'rand_thres': 0.8,
 'reliable_id_path': None,
 'save_path': 'outdir/models/dataset2/1_4/split_random/unet/resnet50/circular_cutout/self_training/non_consistency_training/second_time',
 'time': 2,
 'unlabeled_id_path': 'dataset/splits/dataset2/1_4/split_random/unlabeled.txt',
 'warm_up': 30}

INFO:root:Training supervised with consistency on unlabeled images
INFO:root:Epoch: 0, Iteration: 1, Loss: 1.1195812225341797
INFO:root:Epoch: 0, Iteration: 2, Loss: 1.0610218048095703
INFO:root:Validation set mIOU: 8.361915230164268
INFO:root:Epoch: 1, Iteration: 3, Loss: 0.9155475497245789
INFO:root:Epoch: 1, Iteration: 4, Loss: 0.8564097881317139
INFO:root:Validation set mIOU: 18.041479237170353
INFO:root:Epoch: 2, Iteration: 5, Loss: 0.8334679007530212
INFO:root:Epoch: 2, Iteration: 6, Loss: 0.7567588090896606
INFO:root:Validation set mIOU: 19.13467576007146
INFO:root:Epoch: 3, Iteration: 7, Loss: 0.7370775938034058
INFO:root:Epoch: 3, Iteration: 8, Loss: 0.7076818346977234
INFO:root:Validation set mIOU: 36.244505416274286
INFO:root:Epoch: 4, Iteration: 9, Loss: 0.6945374608039856
INFO:root:Epoch: 4, Iteration: 10, Loss: 0.6690182685852051
INFO:root:Validation set mIOU: 52.2426900697499
INFO:root:Epoch: 5, Iteration: 11, Loss: 0.6578840017318726
INFO:root:Epoch: 5, Iteration: 12, Loss: 0.6562207341194153
INFO:root:Validation set mIOU: 57.146921532472675
INFO:root:Epoch: 6, Iteration: 13, Loss: 0.6517736315727234
INFO:root:Epoch: 6, Iteration: 14, Loss: 0.6431715488433838
INFO:root:Validation set mIOU: 66.17631710506092
INFO:root:Epoch: 7, Iteration: 15, Loss: 0.6293734312057495
INFO:root:Epoch: 7, Iteration: 16, Loss: 0.6844719648361206
INFO:root:Validation set mIOU: 67.41233295030545
INFO:root:Epoch: 8, Iteration: 17, Loss: 0.6360856294631958
INFO:root:Epoch: 8, Iteration: 18, Loss: 0.6392189264297485
INFO:root:Validation set mIOU: 62.054494076114466
INFO:root:Epoch: 9, Iteration: 19, Loss: 0.6440961360931396
INFO:root:Epoch: 9, Iteration: 20, Loss: 0.6216498017311096
INFO:root:Validation set mIOU: 61.08486387381261
INFO:root:Epoch: 10, Iteration: 21, Loss: 0.614520251750946
INFO:root:Epoch: 10, Iteration: 22, Loss: 0.617580771446228
INFO:root:Validation set mIOU: 64.24596730090289
INFO:root:Epoch: 11, Iteration: 23, Loss: 0.6087903380393982
INFO:root:Epoch: 11, Iteration: 24, Loss: 0.6493573188781738
INFO:root:Validation set mIOU: 68.54813093324954
INFO:root:Epoch: 12, Iteration: 25, Loss: 0.6110178232192993
INFO:root:Epoch: 12, Iteration: 26, Loss: 0.6006133556365967
INFO:root:Validation set mIOU: 71.55247837957647
INFO:root:Epoch: 13, Iteration: 27, Loss: 0.59500652551651
INFO:root:Epoch: 13, Iteration: 28, Loss: 0.6151571273803711
INFO:root:Validation set mIOU: 74.49350832021389
INFO:root:Epoch: 14, Iteration: 29, Loss: 0.5958873629570007
INFO:root:Epoch: 14, Iteration: 30, Loss: 0.5984205007553101
INFO:root:Validation set mIOU: 75.40182184947005
INFO:root:Epoch: 15, Iteration: 31, Loss: 0.5984808206558228
INFO:root:Epoch: 15, Iteration: 32, Loss: 0.5940424203872681
INFO:root:Validation set mIOU: 73.85372788776793
INFO:root:Epoch: 16, Iteration: 33, Loss: 0.603866696357727
INFO:root:Epoch: 16, Iteration: 34, Loss: 0.5966553092002869
INFO:root:Validation set mIOU: 74.24937124163628
INFO:root:Epoch: 17, Iteration: 35, Loss: 0.5957304239273071
INFO:root:Epoch: 17, Iteration: 36, Loss: 0.5848256945610046
INFO:root:Validation set mIOU: 72.70584175825616
INFO:root:Epoch: 18, Iteration: 37, Loss: 0.5910566449165344
INFO:root:Epoch: 18, Iteration: 38, Loss: 0.6104647517204285
INFO:root:Validation set mIOU: 75.41654406922359
INFO:root:Epoch: 19, Iteration: 39, Loss: 0.5879404544830322
INFO:root:Epoch: 19, Iteration: 40, Loss: 0.5976417064666748
INFO:root:Validation set mIOU: 77.15622062266819
INFO:root:Epoch: 20, Iteration: 41, Loss: 0.6017634868621826
INFO:root:Epoch: 20, Iteration: 42, Loss: 0.5844330191612244
INFO:root:Validation set mIOU: 73.13872478503414
INFO:root:Epoch: 21, Iteration: 43, Loss: 0.5908425450325012
INFO:root:Epoch: 21, Iteration: 44, Loss: 0.6185691952705383
INFO:root:Validation set mIOU: 69.55917298728849
INFO:root:Epoch: 22, Iteration: 45, Loss: 0.5957208871841431
INFO:root:Epoch: 22, Iteration: 46, Loss: 0.5909302830696106
INFO:root:Validation set mIOU: 70.54914620349696
INFO:root:Epoch: 23, Iteration: 47, Loss: 0.59857177734375
INFO:root:Epoch: 23, Iteration: 48, Loss: 0.5981777906417847
INFO:root:Validation set mIOU: 71.52947392524541
INFO:root:Epoch: 24, Iteration: 49, Loss: 0.5958649516105652
INFO:root:Epoch: 24, Iteration: 50, Loss: 0.5897782444953918
INFO:root:Validation set mIOU: 66.39648429735475
INFO:root:Epoch: 25, Iteration: 51, Loss: 0.6028755307197571
INFO:root:Epoch: 25, Iteration: 52, Loss: 0.5986552834510803
INFO:root:Validation set mIOU: 70.17651658371595
INFO:root:Epoch: 26, Iteration: 53, Loss: 0.5852949619293213
INFO:root:Epoch: 26, Iteration: 54, Loss: 0.5971325039863586
INFO:root:Validation set mIOU: 72.84945321686807
INFO:root:Epoch: 27, Iteration: 55, Loss: 0.5851300358772278
INFO:root:Epoch: 27, Iteration: 56, Loss: 0.6132280230522156
INFO:root:Validation set mIOU: 74.29948853780797
INFO:root:Epoch: 28, Iteration: 57, Loss: 0.5915438532829285
INFO:root:Epoch: 28, Iteration: 58, Loss: 0.5798658728599548
INFO:root:Validation set mIOU: 68.95518757569195
INFO:root:Epoch: 29, Iteration: 59, Loss: 0.5888469815254211
INFO:root:Epoch: 29, Iteration: 60, Loss: 0.5801308155059814
INFO:root:Validation set mIOU: 67.9496916722556
INFO:root:Epoch: 30, Iteration: 61, Loss: 0.5816057920455933
INFO:root:Epoch: 30, Iteration: 62, Loss: 0.5883102416992188
INFO:root:Validation set mIOU: 65.74939810282439
INFO:root:Epoch: 31, Iteration: 63, Loss: 0.5892936587333679
INFO:root:Epoch: 31, Iteration: 64, Loss: 0.590316116809845
INFO:root:Validation set mIOU: 66.27902881267875
INFO:root:Epoch: 32, Iteration: 65, Loss: 0.5810542106628418
INFO:root:Epoch: 32, Iteration: 66, Loss: 0.5899584889411926
INFO:root:Validation set mIOU: 69.95675286184681
INFO:root:Epoch: 33, Iteration: 67, Loss: 0.5955607891082764
INFO:root:Epoch: 33, Iteration: 68, Loss: 0.608378529548645
INFO:root:Validation set mIOU: 72.4966286214508
INFO:root:Epoch: 34, Iteration: 69, Loss: 0.5859254002571106
INFO:root:Epoch: 34, Iteration: 70, Loss: 0.5841461420059204
INFO:root:Validation set mIOU: 70.90198810114879
INFO:root:Epoch: 35, Iteration: 71, Loss: 0.588611900806427
INFO:root:Epoch: 35, Iteration: 72, Loss: 0.5843513011932373
INFO:root:Validation set mIOU: 77.36407425851438
INFO:root:Epoch: 36, Iteration: 73, Loss: 0.5861937999725342
INFO:root:Epoch: 36, Iteration: 74, Loss: 0.5810368061065674
INFO:root:Validation set mIOU: 78.74424758970603
INFO:root:Epoch: 37, Iteration: 75, Loss: 0.5886462330818176
INFO:root:Epoch: 37, Iteration: 76, Loss: 0.5844755172729492
INFO:root:Validation set mIOU: 73.67407972532271
INFO:root:Epoch: 38, Iteration: 77, Loss: 0.6189315915107727
INFO:root:Epoch: 38, Iteration: 78, Loss: 0.5822647213935852
INFO:root:Validation set mIOU: 79.36116097984586
INFO:root:Epoch: 39, Iteration: 79, Loss: 0.583252489566803
INFO:root:Epoch: 39, Iteration: 80, Loss: 0.591658353805542
INFO:root:Validation set mIOU: 77.9826774366112
INFO:root:Epoch: 40, Iteration: 81, Loss: 0.5810380578041077
INFO:root:Epoch: 40, Iteration: 82, Loss: 0.5806477069854736
INFO:root:Validation set mIOU: 73.77653738958246
INFO:root:Epoch: 41, Iteration: 83, Loss: 0.5825045108795166
INFO:root:Epoch: 41, Iteration: 84, Loss: 0.5896301865577698
INFO:root:Validation set mIOU: 75.0622421985928
INFO:root:Epoch: 42, Iteration: 85, Loss: 0.5777649283409119
INFO:root:Epoch: 42, Iteration: 86, Loss: 0.6089583039283752
INFO:root:Validation set mIOU: 77.48886970562371
INFO:root:Epoch: 43, Iteration: 87, Loss: 0.579596757888794
INFO:root:Epoch: 43, Iteration: 88, Loss: 0.5772284865379333
INFO:root:Validation set mIOU: 79.41743564068591
INFO:root:Epoch: 44, Iteration: 89, Loss: 0.5780045986175537
INFO:root:Epoch: 44, Iteration: 90, Loss: 0.5993534922599792
INFO:root:Validation set mIOU: 75.3304050193439
INFO:root:Epoch: 45, Iteration: 91, Loss: 0.5823746919631958
INFO:root:Epoch: 45, Iteration: 92, Loss: 0.5926738977432251
INFO:root:Validation set mIOU: 70.07180703571872
INFO:root:Epoch: 46, Iteration: 93, Loss: 0.5823334455490112
INFO:root:Epoch: 46, Iteration: 94, Loss: 0.5807331204414368
INFO:root:Validation set mIOU: 75.45971560904836
INFO:root:Epoch: 47, Iteration: 95, Loss: 0.5762936472892761
INFO:root:Epoch: 47, Iteration: 96, Loss: 0.577700138092041
INFO:root:Validation set mIOU: 78.54811014701609
INFO:root:Epoch: 48, Iteration: 97, Loss: 0.581960141658783
INFO:root:Epoch: 48, Iteration: 98, Loss: 0.57862788438797
INFO:root:Validation set mIOU: 78.5051442373207
INFO:root:Epoch: 49, Iteration: 99, Loss: 0.5820354223251343
INFO:root:Epoch: 49, Iteration: 100, Loss: 0.5764767527580261
INFO:root:Validation set mIOU: 75.21512252335202
INFO:root:Epoch: 50, Iteration: 101, Loss: 0.5810621380805969
INFO:root:Epoch: 50, Iteration: 102, Loss: 0.5854302048683167
INFO:root:Validation set mIOU: 78.73581513951186
INFO:root:Epoch: 51, Iteration: 103, Loss: 0.5742956399917603
INFO:root:Epoch: 51, Iteration: 104, Loss: 0.5752257108688354
INFO:root:Validation set mIOU: 79.33681229624688
INFO:root:Epoch: 52, Iteration: 105, Loss: 0.5892425775527954
INFO:root:Epoch: 52, Iteration: 106, Loss: 0.5855686068534851
INFO:root:Validation set mIOU: 83.54337157116886
INFO:root:Epoch: 53, Iteration: 107, Loss: 0.5714167952537537
INFO:root:Epoch: 53, Iteration: 108, Loss: 0.5770555734634399
INFO:root:Validation set mIOU: 86.3461123289186
INFO:root:Epoch: 54, Iteration: 109, Loss: 0.600561261177063
INFO:root:Epoch: 54, Iteration: 110, Loss: 0.586928129196167
INFO:root:Validation set mIOU: 86.5691431402498
INFO:root:Epoch: 55, Iteration: 111, Loss: 0.5920414924621582
INFO:root:Epoch: 55, Iteration: 112, Loss: 0.5842157602310181
INFO:root:Validation set mIOU: 81.47166511014751
INFO:root:Epoch: 56, Iteration: 113, Loss: 0.5810642838478088
INFO:root:Epoch: 56, Iteration: 114, Loss: 0.5837110280990601
INFO:root:Validation set mIOU: 78.23558503250622
INFO:root:Epoch: 57, Iteration: 115, Loss: 0.5749980211257935
INFO:root:Epoch: 57, Iteration: 116, Loss: 0.5813019871711731
INFO:root:Validation set mIOU: 71.8170626241644
INFO:root:Epoch: 58, Iteration: 117, Loss: 0.597701907157898
INFO:root:Epoch: 58, Iteration: 118, Loss: 0.5846367478370667
INFO:root:Validation set mIOU: 68.54167949062987
INFO:root:Epoch: 59, Iteration: 119, Loss: 0.576219916343689
INFO:root:Epoch: 59, Iteration: 120, Loss: 0.5886858701705933
INFO:root:Validation set mIOU: 77.3079352429721
INFO:root:Epoch: 60, Iteration: 121, Loss: 0.58038729429245
INFO:root:Epoch: 60, Iteration: 122, Loss: 0.583762526512146
INFO:root:Validation set mIOU: 82.14911269727799
INFO:root:Epoch: 61, Iteration: 123, Loss: 0.580284833908081
INFO:root:Epoch: 61, Iteration: 124, Loss: 0.5777177214622498
INFO:root:Validation set mIOU: 81.96730862706505
INFO:root:Epoch: 62, Iteration: 125, Loss: 0.5762372016906738
INFO:root:Epoch: 62, Iteration: 126, Loss: 0.5868573784828186
INFO:root:Validation set mIOU: 83.43342645479318
INFO:root:Epoch: 63, Iteration: 127, Loss: 0.5839633941650391
INFO:root:Epoch: 63, Iteration: 128, Loss: 0.5770387053489685
INFO:root:Validation set mIOU: 82.3228830192016
INFO:root:Epoch: 64, Iteration: 129, Loss: 0.6012799739837646
INFO:root:Epoch: 64, Iteration: 130, Loss: 0.5767843127250671
INFO:root:Validation set mIOU: 80.13679075406486
INFO:root:Epoch: 65, Iteration: 131, Loss: 0.5900402665138245
INFO:root:Epoch: 65, Iteration: 132, Loss: 0.5988098978996277
INFO:root:Validation set mIOU: 81.96132022426333
INFO:root:Epoch: 66, Iteration: 133, Loss: 0.5777595639228821
INFO:root:Epoch: 66, Iteration: 134, Loss: 0.5937008261680603
INFO:root:Validation set mIOU: 83.61034358152776
INFO:root:Epoch: 67, Iteration: 135, Loss: 0.5918346643447876
INFO:root:Epoch: 67, Iteration: 136, Loss: 0.5885552167892456
INFO:root:Validation set mIOU: 81.85781678063871
INFO:root:Epoch: 68, Iteration: 137, Loss: 0.5832335352897644
INFO:root:Epoch: 68, Iteration: 138, Loss: 0.5895543694496155
INFO:root:Validation set mIOU: 79.97535629469935
INFO:root:Epoch: 69, Iteration: 139, Loss: 0.5712332129478455
INFO:root:Epoch: 69, Iteration: 140, Loss: 0.5855391025543213
INFO:root:Validation set mIOU: 80.17411962312806
INFO:root:Epoch: 70, Iteration: 141, Loss: 0.5784029960632324
INFO:root:Epoch: 70, Iteration: 142, Loss: 0.5806112885475159
INFO:root:Validation set mIOU: 82.11956874670236
INFO:root:Epoch: 71, Iteration: 143, Loss: 0.5841728448867798
INFO:root:Epoch: 71, Iteration: 144, Loss: 0.5842252373695374
INFO:root:Validation set mIOU: 83.15762769182925
INFO:root:Epoch: 72, Iteration: 145, Loss: 0.5826935172080994
INFO:root:Epoch: 72, Iteration: 146, Loss: 0.5743224024772644
INFO:root:Validation set mIOU: 84.59493175117173
INFO:root:Epoch: 73, Iteration: 147, Loss: 0.5770511627197266
INFO:root:Epoch: 73, Iteration: 148, Loss: 0.576433539390564
INFO:root:Validation set mIOU: 84.84128965469169
INFO:root:Epoch: 74, Iteration: 149, Loss: 0.5727788209915161
INFO:root:Epoch: 74, Iteration: 150, Loss: 0.5756447911262512
INFO:root:Validation set mIOU: 85.0062616144826
INFO:root:Epoch: 75, Iteration: 151, Loss: 0.5723056793212891
INFO:root:Epoch: 75, Iteration: 152, Loss: 0.5776116251945496
INFO:root:Validation set mIOU: 85.20847587338883
INFO:root:Epoch: 76, Iteration: 153, Loss: 0.5714570879936218
INFO:root:Epoch: 76, Iteration: 154, Loss: 0.5796624422073364
INFO:root:Validation set mIOU: 86.10292682588452
INFO:root:Epoch: 77, Iteration: 155, Loss: 0.5711458921432495
INFO:root:Epoch: 77, Iteration: 156, Loss: 0.575459897518158
INFO:root:Validation set mIOU: 86.38574137110079
INFO:root:Epoch: 78, Iteration: 157, Loss: 0.5865698456764221
INFO:root:Epoch: 78, Iteration: 158, Loss: 0.571971595287323
INFO:root:Validation set mIOU: 87.23244085391512
INFO:root:Epoch: 79, Iteration: 159, Loss: 0.5714476704597473
INFO:root:Epoch: 79, Iteration: 160, Loss: 0.5737396478652954
INFO:root:Validation set mIOU: 88.40112582977261
INFO:root:Epoch: 80, Iteration: 161, Loss: 0.5784884095191956
INFO:root:Epoch: 80, Iteration: 162, Loss: 0.571489691734314
INFO:root:Validation set mIOU: 88.5550791298614
INFO:root:Epoch: 81, Iteration: 163, Loss: 0.5677376389503479
INFO:root:Epoch: 81, Iteration: 164, Loss: 0.5816120505332947
INFO:root:Validation set mIOU: 88.29872788753295
INFO:root:Epoch: 82, Iteration: 165, Loss: 0.5748975872993469
INFO:root:Epoch: 82, Iteration: 166, Loss: 0.5780231952667236
INFO:root:Validation set mIOU: 88.38354371337587
INFO:root:Epoch: 83, Iteration: 167, Loss: 0.5735806226730347
INFO:root:Epoch: 83, Iteration: 168, Loss: 0.5721001029014587
INFO:root:Validation set mIOU: 87.04139323893871
INFO:root:Epoch: 84, Iteration: 169, Loss: 0.5705766677856445
INFO:root:Epoch: 84, Iteration: 170, Loss: 0.5720558166503906
INFO:root:Validation set mIOU: 85.6753304827885
INFO:root:Epoch: 85, Iteration: 171, Loss: 0.5739878416061401
INFO:root:Epoch: 85, Iteration: 172, Loss: 0.5718914866447449
INFO:root:Validation set mIOU: 84.64891958988953
INFO:root:Epoch: 86, Iteration: 173, Loss: 0.5735687017440796
INFO:root:Epoch: 86, Iteration: 174, Loss: 0.5718181729316711
INFO:root:Validation set mIOU: 83.04422662693504
INFO:root:Epoch: 87, Iteration: 175, Loss: 0.5769393444061279
INFO:root:Epoch: 87, Iteration: 176, Loss: 0.5703746676445007
INFO:root:Validation set mIOU: 83.18789946209426
INFO:root:Epoch: 88, Iteration: 177, Loss: 0.5741820335388184
INFO:root:Epoch: 88, Iteration: 178, Loss: 0.571412980556488
INFO:root:Validation set mIOU: 84.64540189138597
INFO:root:Epoch: 89, Iteration: 179, Loss: 0.5746129155158997
INFO:root:Epoch: 89, Iteration: 180, Loss: 0.5781693458557129
INFO:root:Validation set mIOU: 86.3282126391658
INFO:root:Epoch: 90, Iteration: 181, Loss: 0.5660955309867859
INFO:root:Epoch: 90, Iteration: 182, Loss: 0.5775421857833862
INFO:root:Validation set mIOU: 87.12722686114431
INFO:root:Epoch: 91, Iteration: 183, Loss: 0.5677787661552429
INFO:root:Epoch: 91, Iteration: 184, Loss: 0.5705894231796265
INFO:root:Validation set mIOU: 87.71137104563196
INFO:root:Epoch: 92, Iteration: 185, Loss: 0.5742711424827576
INFO:root:Epoch: 92, Iteration: 186, Loss: 0.5706337094306946
INFO:root:Validation set mIOU: 87.69024396215079
INFO:root:Epoch: 93, Iteration: 187, Loss: 0.5732686519622803
INFO:root:Epoch: 93, Iteration: 188, Loss: 0.5841076374053955
INFO:root:Validation set mIOU: 87.8769255429731
INFO:root:Epoch: 94, Iteration: 189, Loss: 0.5702854990959167
INFO:root:Epoch: 94, Iteration: 190, Loss: 0.5688470005989075
INFO:root:Validation set mIOU: 88.59870284577734
INFO:root:Epoch: 95, Iteration: 191, Loss: 0.5784698128700256
INFO:root:Epoch: 95, Iteration: 192, Loss: 0.5655959248542786
INFO:root:Validation set mIOU: 88.75147280147708
INFO:root:Epoch: 96, Iteration: 193, Loss: 0.5687837600708008
INFO:root:Epoch: 96, Iteration: 194, Loss: 0.5682649612426758
INFO:root:Validation set mIOU: 88.68129516623945
INFO:root:Epoch: 97, Iteration: 195, Loss: 0.5713185667991638
INFO:root:Epoch: 97, Iteration: 196, Loss: 0.577863872051239
INFO:root:Validation set mIOU: 88.60953648995535
INFO:root:Epoch: 98, Iteration: 197, Loss: 0.5698578357696533
INFO:root:Epoch: 98, Iteration: 198, Loss: 0.5712606906890869
INFO:root:Validation set mIOU: 88.4478607767339
INFO:root:Epoch: 99, Iteration: 199, Loss: 0.5709306001663208
INFO:root:Epoch: 99, Iteration: 200, Loss: 0.5717260837554932
INFO:root:Validation set mIOU: 88.49304890161213
INFO:root:Semi-training
INFO:root:Epoch: 0, Iteration: 1, Loss: 1.061204433441162
INFO:root:Epoch: 0, Iteration: 2, Loss: 1.019103765487671
INFO:root:Epoch: 0, Iteration: 3, Loss: 0.9151514172554016
INFO:root:Epoch: 0, Iteration: 4, Loss: 0.8558638095855713
INFO:root:Epoch: 0, Iteration: 5, Loss: 0.7919701337814331
INFO:root:Epoch: 0, Iteration: 6, Loss: 0.7755494713783264
INFO:root:Epoch: 0, Iteration: 7, Loss: 0.7397440075874329
INFO:root:Validation set mIOU: 47.83611529890656
INFO:root:Epoch: 1, Iteration: 8, Loss: 0.7358487248420715
INFO:root:Epoch: 1, Iteration: 9, Loss: 0.6945368051528931
INFO:root:Epoch: 1, Iteration: 10, Loss: 0.7091851830482483
INFO:root:Epoch: 1, Iteration: 11, Loss: 0.6952658891677856
INFO:root:Epoch: 1, Iteration: 12, Loss: 0.6734156608581543
INFO:root:Epoch: 1, Iteration: 13, Loss: 0.6929053664207458
INFO:root:Epoch: 1, Iteration: 14, Loss: 0.6416071057319641
INFO:root:Validation set mIOU: 69.36574591035894
INFO:root:Epoch: 2, Iteration: 15, Loss: 0.6870015263557434
INFO:root:Epoch: 2, Iteration: 16, Loss: 0.6722128391265869
INFO:root:Epoch: 2, Iteration: 17, Loss: 0.7504934072494507
INFO:root:Epoch: 2, Iteration: 18, Loss: 0.7028936743736267
INFO:root:Epoch: 2, Iteration: 19, Loss: 0.6722713708877563
INFO:root:Epoch: 2, Iteration: 20, Loss: 0.6775577664375305
INFO:root:Epoch: 2, Iteration: 21, Loss: 0.6798040866851807
INFO:root:Validation set mIOU: 64.07148878356833
INFO:root:Epoch: 3, Iteration: 22, Loss: 0.7847114205360413
INFO:root:Epoch: 3, Iteration: 23, Loss: 0.6627514362335205
INFO:root:Epoch: 3, Iteration: 24, Loss: 0.709861159324646
INFO:root:Epoch: 3, Iteration: 25, Loss: 0.6931366324424744
INFO:root:Epoch: 3, Iteration: 26, Loss: 0.6825677156448364
INFO:root:Epoch: 3, Iteration: 27, Loss: 0.6654220223426819
INFO:root:Epoch: 3, Iteration: 28, Loss: 0.6158484816551208
INFO:root:Validation set mIOU: 73.11562645992593
INFO:root:Epoch: 4, Iteration: 29, Loss: 0.6024374961853027
INFO:root:Epoch: 4, Iteration: 30, Loss: 0.6828389763832092
INFO:root:Epoch: 4, Iteration: 31, Loss: 0.6679046750068665
INFO:root:Epoch: 4, Iteration: 32, Loss: 0.6296451091766357
INFO:root:Epoch: 4, Iteration: 33, Loss: 0.6815292239189148
INFO:root:Epoch: 4, Iteration: 34, Loss: 0.6605184078216553
INFO:root:Epoch: 4, Iteration: 35, Loss: 0.6557484269142151
INFO:root:Validation set mIOU: 64.43062867809249
INFO:root:Epoch: 5, Iteration: 36, Loss: 0.6382049918174744
INFO:root:Epoch: 5, Iteration: 37, Loss: 0.6483807563781738
INFO:root:Epoch: 5, Iteration: 38, Loss: 0.6320054531097412
INFO:root:Epoch: 5, Iteration: 39, Loss: 0.6484973430633545
INFO:root:Epoch: 5, Iteration: 40, Loss: 0.633971095085144
INFO:root:Epoch: 5, Iteration: 41, Loss: 0.6192948222160339
INFO:root:Epoch: 5, Iteration: 42, Loss: 0.6113417744636536
INFO:root:Validation set mIOU: 78.99287088595189
INFO:root:Epoch: 6, Iteration: 43, Loss: 0.6278051137924194
INFO:root:Epoch: 6, Iteration: 44, Loss: 0.6418029069900513
INFO:root:Epoch: 6, Iteration: 45, Loss: 0.6284701228141785
INFO:root:Epoch: 6, Iteration: 46, Loss: 0.6852049827575684
INFO:root:Epoch: 6, Iteration: 47, Loss: 0.6939763426780701
INFO:root:Epoch: 6, Iteration: 48, Loss: 0.7214357256889343
INFO:root:Epoch: 6, Iteration: 49, Loss: 0.6379430294036865
INFO:root:Validation set mIOU: 63.69652635775035
INFO:root:Epoch: 7, Iteration: 50, Loss: 0.6377004384994507
INFO:root:Epoch: 7, Iteration: 51, Loss: 0.6324270367622375
INFO:root:Epoch: 7, Iteration: 52, Loss: 0.6348990797996521
INFO:root:Epoch: 7, Iteration: 53, Loss: 0.6192976832389832
INFO:root:Epoch: 7, Iteration: 54, Loss: 0.6344234943389893
INFO:root:Epoch: 7, Iteration: 55, Loss: 0.620135486125946
INFO:root:Epoch: 7, Iteration: 56, Loss: 0.6282457113265991
INFO:root:Validation set mIOU: 61.41261489948143
INFO:root:Epoch: 8, Iteration: 57, Loss: 0.6333571672439575
INFO:root:Epoch: 8, Iteration: 58, Loss: 0.6457879543304443
INFO:root:Epoch: 8, Iteration: 59, Loss: 0.6497567892074585
INFO:root:Epoch: 8, Iteration: 60, Loss: 0.6436012387275696
INFO:root:Epoch: 8, Iteration: 61, Loss: 0.6227693557739258
INFO:root:Epoch: 8, Iteration: 62, Loss: 0.6436266899108887
INFO:root:Epoch: 8, Iteration: 63, Loss: 0.6339479088783264
INFO:root:Validation set mIOU: 67.21958257203437
INFO:root:Epoch: 9, Iteration: 64, Loss: 0.61662757396698
INFO:root:Epoch: 9, Iteration: 65, Loss: 0.674211859703064
INFO:root:Epoch: 9, Iteration: 66, Loss: 0.6558722257614136
INFO:root:Epoch: 9, Iteration: 67, Loss: 0.6245825290679932
INFO:root:Epoch: 9, Iteration: 68, Loss: 0.6221073269844055
INFO:root:Epoch: 9, Iteration: 69, Loss: 0.6198529005050659
INFO:root:Epoch: 9, Iteration: 70, Loss: 0.6303152441978455
INFO:root:Validation set mIOU: 66.12379435598027
INFO:root:Epoch: 10, Iteration: 71, Loss: 0.665887176990509
INFO:root:Epoch: 10, Iteration: 72, Loss: 0.6086596846580505
INFO:root:Epoch: 10, Iteration: 73, Loss: 0.626160204410553
INFO:root:Epoch: 10, Iteration: 74, Loss: 0.5997111201286316
INFO:root:Epoch: 10, Iteration: 75, Loss: 0.6245461702346802
INFO:root:Epoch: 10, Iteration: 76, Loss: 0.6435176134109497
INFO:root:Epoch: 10, Iteration: 77, Loss: 0.6271608471870422
INFO:root:Validation set mIOU: 59.71351043867058
INFO:root:Epoch: 11, Iteration: 78, Loss: 0.643707275390625
INFO:root:Epoch: 11, Iteration: 79, Loss: 0.6479972004890442
INFO:root:Epoch: 11, Iteration: 80, Loss: 0.6668988466262817
INFO:root:Epoch: 11, Iteration: 81, Loss: 0.6110007762908936
INFO:root:Epoch: 11, Iteration: 82, Loss: 0.6124129295349121
INFO:root:Epoch: 11, Iteration: 83, Loss: 0.6412321329116821
INFO:root:Epoch: 11, Iteration: 84, Loss: 0.6160981059074402
INFO:root:Validation set mIOU: 72.3695581307099
INFO:root:Epoch: 12, Iteration: 85, Loss: 0.6496359705924988
INFO:root:Epoch: 12, Iteration: 86, Loss: 0.6206138134002686
INFO:root:Epoch: 12, Iteration: 87, Loss: 0.6263778209686279
INFO:root:Epoch: 12, Iteration: 88, Loss: 0.6502680778503418
INFO:root:Epoch: 12, Iteration: 89, Loss: 0.6507188081741333
INFO:root:Epoch: 12, Iteration: 90, Loss: 0.6172097325325012
INFO:root:Epoch: 12, Iteration: 91, Loss: 0.6296071410179138
INFO:root:Validation set mIOU: 62.88328582479624
INFO:root:Epoch: 13, Iteration: 92, Loss: 0.6306039094924927
INFO:root:Epoch: 13, Iteration: 93, Loss: 0.6217575073242188
INFO:root:Epoch: 13, Iteration: 94, Loss: 0.6565761566162109
INFO:root:Epoch: 13, Iteration: 95, Loss: 0.620211124420166
INFO:root:Epoch: 13, Iteration: 96, Loss: 0.678203821182251
INFO:root:Epoch: 13, Iteration: 97, Loss: 0.6281622648239136
INFO:root:Epoch: 13, Iteration: 98, Loss: 0.7128493785858154
INFO:root:Validation set mIOU: 65.28502648356535
INFO:root:Epoch: 14, Iteration: 99, Loss: 0.6345574855804443
INFO:root:Epoch: 14, Iteration: 100, Loss: 0.6415935158729553
INFO:root:Epoch: 14, Iteration: 101, Loss: 0.6331979036331177
INFO:root:Epoch: 14, Iteration: 102, Loss: 0.6535006761550903
INFO:root:Epoch: 14, Iteration: 103, Loss: 0.6181672811508179
INFO:root:Epoch: 14, Iteration: 104, Loss: 0.6214900612831116
INFO:root:Epoch: 14, Iteration: 105, Loss: 0.6542991399765015
INFO:root:Validation set mIOU: 71.72198331060507
INFO:root:Epoch: 15, Iteration: 106, Loss: 0.6520510911941528
INFO:root:Epoch: 15, Iteration: 107, Loss: 0.6517228484153748
INFO:root:Epoch: 15, Iteration: 108, Loss: 0.6211977005004883
INFO:root:Epoch: 15, Iteration: 109, Loss: 0.6290176510810852
INFO:root:Epoch: 15, Iteration: 110, Loss: 0.6218319535255432
INFO:root:Epoch: 15, Iteration: 111, Loss: 0.6979590654373169
INFO:root:Epoch: 15, Iteration: 112, Loss: 0.6498647928237915
INFO:root:Validation set mIOU: 72.48377282981959
INFO:root:Epoch: 16, Iteration: 113, Loss: 0.6603570580482483
INFO:root:Epoch: 16, Iteration: 114, Loss: 0.6136425733566284
INFO:root:Epoch: 16, Iteration: 115, Loss: 0.6049919128417969
INFO:root:Epoch: 16, Iteration: 116, Loss: 0.6343912482261658
INFO:root:Epoch: 16, Iteration: 117, Loss: 0.6188538670539856
INFO:root:Epoch: 16, Iteration: 118, Loss: 0.6302521228790283
INFO:root:Epoch: 16, Iteration: 119, Loss: 0.6181266903877258
INFO:root:Validation set mIOU: 77.95119255043926
INFO:root:Epoch: 17, Iteration: 120, Loss: 0.6444688439369202
INFO:root:Epoch: 17, Iteration: 121, Loss: 0.6439931988716125
INFO:root:Epoch: 17, Iteration: 122, Loss: 0.6210803389549255
INFO:root:Epoch: 17, Iteration: 123, Loss: 0.6423777937889099
INFO:root:Epoch: 17, Iteration: 124, Loss: 0.6062674522399902
INFO:root:Epoch: 17, Iteration: 125, Loss: 0.606887936592102
INFO:root:Epoch: 17, Iteration: 126, Loss: 0.6605182886123657
INFO:root:Validation set mIOU: 77.55277847886157
INFO:root:Epoch: 18, Iteration: 127, Loss: 0.6049566864967346
INFO:root:Epoch: 18, Iteration: 128, Loss: 0.6502447724342346
INFO:root:Epoch: 18, Iteration: 129, Loss: 0.6119987368583679
INFO:root:Epoch: 18, Iteration: 130, Loss: 0.6592366099357605
INFO:root:Epoch: 18, Iteration: 131, Loss: 0.6646548509597778
INFO:root:Epoch: 18, Iteration: 132, Loss: 0.6336890459060669
INFO:root:Epoch: 18, Iteration: 133, Loss: 0.6224601864814758
INFO:root:Validation set mIOU: 71.75000570882845
INFO:root:Epoch: 19, Iteration: 134, Loss: 0.602425754070282
INFO:root:Epoch: 19, Iteration: 135, Loss: 0.6386061310768127
INFO:root:Epoch: 19, Iteration: 136, Loss: 0.6221965551376343
INFO:root:Epoch: 19, Iteration: 137, Loss: 0.6091554164886475
INFO:root:Epoch: 19, Iteration: 138, Loss: 0.6698681116104126
INFO:root:Epoch: 19, Iteration: 139, Loss: 0.6284431219100952
INFO:root:Epoch: 19, Iteration: 140, Loss: 0.6428716778755188
INFO:root:Validation set mIOU: 78.43501352040421
INFO:root:Epoch: 20, Iteration: 141, Loss: 0.6125776767730713
INFO:root:Epoch: 20, Iteration: 142, Loss: 0.6354283690452576
INFO:root:Epoch: 20, Iteration: 143, Loss: 0.6387889385223389
INFO:root:Epoch: 20, Iteration: 144, Loss: 0.6393632888793945
INFO:root:Epoch: 20, Iteration: 145, Loss: 0.6167254447937012
INFO:root:Epoch: 20, Iteration: 146, Loss: 0.6075195074081421
INFO:root:Epoch: 20, Iteration: 147, Loss: 0.6504021286964417
INFO:root:Validation set mIOU: 77.2864917159088
INFO:root:Epoch: 21, Iteration: 148, Loss: 0.6534345149993896
INFO:root:Epoch: 21, Iteration: 149, Loss: 0.596421480178833
INFO:root:Epoch: 21, Iteration: 150, Loss: 0.6451319456100464
INFO:root:Epoch: 21, Iteration: 151, Loss: 0.5986567735671997
INFO:root:Epoch: 21, Iteration: 152, Loss: 0.621748149394989
INFO:root:Epoch: 21, Iteration: 153, Loss: 0.597469687461853
INFO:root:Epoch: 21, Iteration: 154, Loss: 0.6359905004501343
INFO:root:Validation set mIOU: 75.09494305790571
INFO:root:Epoch: 22, Iteration: 155, Loss: 0.6074748635292053
INFO:root:Epoch: 22, Iteration: 156, Loss: 0.6333333849906921
INFO:root:Epoch: 22, Iteration: 157, Loss: 0.6237364411354065
INFO:root:Epoch: 22, Iteration: 158, Loss: 0.6134283542633057
INFO:root:Epoch: 22, Iteration: 159, Loss: 0.6612811088562012
INFO:root:Epoch: 22, Iteration: 160, Loss: 0.6517707109451294
INFO:root:Epoch: 22, Iteration: 161, Loss: 0.6172811388969421
INFO:root:Validation set mIOU: 74.33324912553657
INFO:root:Epoch: 23, Iteration: 162, Loss: 0.6326227784156799
INFO:root:Epoch: 23, Iteration: 163, Loss: 0.6461544632911682
INFO:root:Epoch: 23, Iteration: 164, Loss: 0.6194849610328674
INFO:root:Epoch: 23, Iteration: 165, Loss: 0.6557673811912537
INFO:root:Epoch: 23, Iteration: 166, Loss: 0.6257850527763367
INFO:root:Epoch: 23, Iteration: 167, Loss: 0.5969403982162476
INFO:root:Epoch: 23, Iteration: 168, Loss: 0.6304751634597778
INFO:root:Validation set mIOU: 76.02124290072986
INFO:root:Epoch: 24, Iteration: 169, Loss: 0.6484357714653015
INFO:root:Epoch: 24, Iteration: 170, Loss: 0.5991754531860352
INFO:root:Epoch: 24, Iteration: 171, Loss: 0.6205076575279236
INFO:root:Epoch: 24, Iteration: 172, Loss: 0.6454764604568481
INFO:root:Epoch: 24, Iteration: 173, Loss: 0.6067197918891907
INFO:root:Epoch: 24, Iteration: 174, Loss: 0.6338868141174316
INFO:root:Epoch: 24, Iteration: 175, Loss: 0.6080446243286133
INFO:root:Validation set mIOU: 76.91034357817486
INFO:root:Epoch: 25, Iteration: 176, Loss: 0.6158748865127563
INFO:root:Epoch: 25, Iteration: 177, Loss: 0.601503849029541
INFO:root:Epoch: 25, Iteration: 178, Loss: 0.6182864904403687
INFO:root:Epoch: 25, Iteration: 179, Loss: 0.6408982872962952
INFO:root:Epoch: 25, Iteration: 180, Loss: 0.6130890846252441
INFO:root:Epoch: 25, Iteration: 181, Loss: 0.6108940839767456
INFO:root:Epoch: 25, Iteration: 182, Loss: 0.6323898434638977
INFO:root:Validation set mIOU: 78.84590719936021
INFO:root:Epoch: 26, Iteration: 183, Loss: 0.6380742192268372
INFO:root:Epoch: 26, Iteration: 184, Loss: 0.6102766394615173
INFO:root:Epoch: 26, Iteration: 185, Loss: 0.6152402758598328
INFO:root:Epoch: 26, Iteration: 186, Loss: 0.6360712051391602
INFO:root:Epoch: 26, Iteration: 187, Loss: 0.6085442900657654
INFO:root:Epoch: 26, Iteration: 188, Loss: 0.6112167239189148
INFO:root:Epoch: 26, Iteration: 189, Loss: 0.6412243247032166
INFO:root:Validation set mIOU: 77.9213627441745
INFO:root:Epoch: 27, Iteration: 190, Loss: 0.649703860282898
INFO:root:Epoch: 27, Iteration: 191, Loss: 0.6788122653961182
INFO:root:Epoch: 27, Iteration: 192, Loss: 0.7043305039405823
INFO:root:Epoch: 27, Iteration: 193, Loss: 0.6238211989402771
INFO:root:Epoch: 27, Iteration: 194, Loss: 0.6717723608016968
INFO:root:Epoch: 27, Iteration: 195, Loss: 0.6978024244308472
INFO:root:Epoch: 27, Iteration: 196, Loss: 0.6833338141441345
INFO:root:Validation set mIOU: 79.93925468590558
INFO:root:Epoch: 28, Iteration: 197, Loss: 0.6807155013084412
INFO:root:Epoch: 28, Iteration: 198, Loss: 0.6654413342475891
INFO:root:Epoch: 28, Iteration: 199, Loss: 0.6499886512756348
INFO:root:Epoch: 28, Iteration: 200, Loss: 0.6717763543128967
INFO:root:Epoch: 28, Iteration: 201, Loss: 0.6300688982009888
INFO:root:Epoch: 28, Iteration: 202, Loss: 0.6481984257698059
INFO:root:Epoch: 28, Iteration: 203, Loss: 0.6239306330680847
INFO:root:Validation set mIOU: 82.1013375015283
INFO:root:Epoch: 29, Iteration: 204, Loss: 0.6078616976737976
INFO:root:Epoch: 29, Iteration: 205, Loss: 0.6222780346870422
INFO:root:Epoch: 29, Iteration: 206, Loss: 0.6316388845443726
INFO:root:Epoch: 29, Iteration: 207, Loss: 0.6314668655395508
INFO:root:Epoch: 29, Iteration: 208, Loss: 0.6415833830833435
INFO:root:Epoch: 29, Iteration: 209, Loss: 0.6070576310157776
INFO:root:Epoch: 29, Iteration: 210, Loss: 0.597352147102356
INFO:root:Validation set mIOU: 76.68772133805116
INFO:root:Epoch: 30, Iteration: 211, Loss: 0.5993800163269043
INFO:root:Epoch: 30, Iteration: 212, Loss: 0.6107724905014038
INFO:root:Epoch: 30, Iteration: 213, Loss: 0.6344508528709412
INFO:root:Epoch: 30, Iteration: 214, Loss: 0.6202375888824463
INFO:root:Epoch: 30, Iteration: 215, Loss: 0.5925593376159668
INFO:root:Epoch: 30, Iteration: 216, Loss: 0.6429024338722229
INFO:root:Epoch: 30, Iteration: 217, Loss: 0.612856924533844
INFO:root:Validation set mIOU: 67.98342741797106
INFO:root:Epoch: 31, Iteration: 218, Loss: 0.6302053928375244
INFO:root:Epoch: 31, Iteration: 219, Loss: 0.6041226983070374
INFO:root:Epoch: 31, Iteration: 220, Loss: 0.6093599796295166
INFO:root:Epoch: 31, Iteration: 221, Loss: 0.6227871775627136
INFO:root:Epoch: 31, Iteration: 222, Loss: 0.6140140891075134
INFO:root:Epoch: 31, Iteration: 223, Loss: 0.6249681711196899
INFO:root:Epoch: 31, Iteration: 224, Loss: 0.6270804405212402
INFO:root:Validation set mIOU: 67.74362271420347
INFO:root:Epoch: 32, Iteration: 225, Loss: 0.6010361909866333
INFO:root:Epoch: 32, Iteration: 226, Loss: 0.6714577078819275
INFO:root:Epoch: 32, Iteration: 227, Loss: 0.6023409962654114
INFO:root:Epoch: 32, Iteration: 228, Loss: 0.6273460984230042
INFO:root:Epoch: 32, Iteration: 229, Loss: 0.6466791033744812
INFO:root:Epoch: 32, Iteration: 230, Loss: 0.6262467503547668
INFO:root:Epoch: 32, Iteration: 231, Loss: 0.6002122759819031
INFO:root:Validation set mIOU: 78.02440611313975
INFO:root:Epoch: 33, Iteration: 232, Loss: 0.6332733631134033
INFO:root:Epoch: 33, Iteration: 233, Loss: 0.6481465101242065
INFO:root:Epoch: 33, Iteration: 234, Loss: 0.6334636211395264
INFO:root:Epoch: 33, Iteration: 235, Loss: 0.6344189047813416
INFO:root:Epoch: 33, Iteration: 236, Loss: 0.6267697811126709
INFO:root:Epoch: 33, Iteration: 237, Loss: 0.6713201999664307
INFO:root:Epoch: 33, Iteration: 238, Loss: 0.6484111547470093
INFO:root:Validation set mIOU: 27.12908150049823
INFO:root:Epoch: 34, Iteration: 239, Loss: 0.6773087978363037
INFO:root:Epoch: 34, Iteration: 240, Loss: 0.6591162085533142
INFO:root:Epoch: 34, Iteration: 241, Loss: 0.6741955876350403
INFO:root:Epoch: 34, Iteration: 242, Loss: 0.7045072913169861
INFO:root:Epoch: 34, Iteration: 243, Loss: 0.6502610445022583
INFO:root:Epoch: 34, Iteration: 244, Loss: 0.6250090599060059
INFO:root:Epoch: 34, Iteration: 245, Loss: 0.6870939135551453
INFO:root:Validation set mIOU: 32.16583566313781
INFO:root:Epoch: 35, Iteration: 246, Loss: 0.69517982006073
INFO:root:Epoch: 35, Iteration: 247, Loss: 0.6452614068984985
INFO:root:Epoch: 35, Iteration: 248, Loss: 0.6616191267967224
INFO:root:Epoch: 35, Iteration: 249, Loss: 0.6201344728469849
INFO:root:Epoch: 35, Iteration: 250, Loss: 0.6388895511627197
INFO:root:Epoch: 35, Iteration: 251, Loss: 0.6337460279464722
INFO:root:Epoch: 35, Iteration: 252, Loss: 0.626118540763855
INFO:root:Validation set mIOU: 37.84620902661433
INFO:root:Epoch: 36, Iteration: 253, Loss: 0.6346422433853149
INFO:root:Epoch: 36, Iteration: 254, Loss: 0.6238330006599426
INFO:root:Epoch: 36, Iteration: 255, Loss: 0.6285603046417236
INFO:root:Epoch: 36, Iteration: 256, Loss: 0.6622467637062073
INFO:root:Epoch: 36, Iteration: 257, Loss: 0.6722257733345032
INFO:root:Epoch: 36, Iteration: 258, Loss: 0.6733741164207458
INFO:root:Epoch: 36, Iteration: 259, Loss: 0.6845790147781372
INFO:root:Validation set mIOU: 78.31139185209503
INFO:root:Epoch: 37, Iteration: 260, Loss: 0.6423448324203491
INFO:root:Epoch: 37, Iteration: 261, Loss: 0.6213503479957581
INFO:root:Epoch: 37, Iteration: 262, Loss: 0.6505522131919861
INFO:root:Epoch: 37, Iteration: 263, Loss: 0.6522563099861145
INFO:root:Epoch: 37, Iteration: 264, Loss: 0.6915883421897888
INFO:root:Epoch: 37, Iteration: 265, Loss: 0.6262837052345276
INFO:root:Epoch: 37, Iteration: 266, Loss: 0.6167663931846619
INFO:root:Validation set mIOU: 77.83067936409132
INFO:root:Epoch: 38, Iteration: 267, Loss: 0.6574402451515198
INFO:root:Epoch: 38, Iteration: 268, Loss: 0.6069616675376892
INFO:root:Epoch: 38, Iteration: 269, Loss: 0.6589197516441345
INFO:root:Epoch: 38, Iteration: 270, Loss: 0.617380678653717
INFO:root:Epoch: 38, Iteration: 271, Loss: 0.6088434457778931
INFO:root:Epoch: 38, Iteration: 272, Loss: 0.6592890620231628
INFO:root:Epoch: 38, Iteration: 273, Loss: 0.654539167881012
INFO:root:Validation set mIOU: 79.94968014757823
INFO:root:Epoch: 39, Iteration: 274, Loss: 0.6526992917060852
INFO:root:Epoch: 39, Iteration: 275, Loss: 0.6373289823532104
INFO:root:Epoch: 39, Iteration: 276, Loss: 0.6642090082168579
INFO:root:Epoch: 39, Iteration: 277, Loss: 0.6510904431343079
INFO:root:Epoch: 39, Iteration: 278, Loss: 0.6561897397041321
INFO:root:Epoch: 39, Iteration: 279, Loss: 0.6131112575531006
INFO:root:Epoch: 39, Iteration: 280, Loss: 0.6253064274787903
INFO:root:Validation set mIOU: 75.49188134761265
INFO:root:Epoch: 40, Iteration: 281, Loss: 0.653317391872406
INFO:root:Epoch: 40, Iteration: 282, Loss: 0.6283194422721863
INFO:root:Epoch: 40, Iteration: 283, Loss: 0.6734301447868347
INFO:root:Epoch: 40, Iteration: 284, Loss: 0.6321683526039124
INFO:root:Epoch: 40, Iteration: 285, Loss: 0.6422902941703796
INFO:root:Epoch: 40, Iteration: 286, Loss: 0.6169429421424866
INFO:root:Epoch: 40, Iteration: 287, Loss: 0.6283846497535706
INFO:root:Validation set mIOU: 83.7639792023102
INFO:root:Epoch: 41, Iteration: 288, Loss: 0.6527300477027893
INFO:root:Epoch: 41, Iteration: 289, Loss: 0.6605212092399597
INFO:root:Epoch: 41, Iteration: 290, Loss: 0.6849713325500488
INFO:root:Epoch: 41, Iteration: 291, Loss: 0.610135555267334
INFO:root:Epoch: 41, Iteration: 292, Loss: 0.6672558784484863
INFO:root:Epoch: 41, Iteration: 293, Loss: 0.6374502182006836
INFO:root:Epoch: 41, Iteration: 294, Loss: 0.6285231113433838
INFO:root:Validation set mIOU: 69.699339477175
INFO:root:Epoch: 42, Iteration: 295, Loss: 0.7238970994949341
INFO:root:Epoch: 42, Iteration: 296, Loss: 0.7328027486801147
INFO:root:Epoch: 42, Iteration: 297, Loss: 0.6271004676818848
INFO:root:Epoch: 42, Iteration: 298, Loss: 0.646111011505127
INFO:root:Epoch: 42, Iteration: 299, Loss: 0.6410940885543823
INFO:root:Epoch: 42, Iteration: 300, Loss: 0.6976180076599121
INFO:root:Epoch: 42, Iteration: 301, Loss: 0.6281543374061584
INFO:root:Validation set mIOU: 84.30305472571355
INFO:root:Epoch: 43, Iteration: 302, Loss: 0.6348146200180054
INFO:root:Epoch: 43, Iteration: 303, Loss: 0.6421605944633484
INFO:root:Epoch: 43, Iteration: 304, Loss: 0.6230340003967285
INFO:root:Epoch: 43, Iteration: 305, Loss: 0.6356298327445984
INFO:root:Epoch: 43, Iteration: 306, Loss: 0.6208980679512024
INFO:root:Epoch: 43, Iteration: 307, Loss: 0.6686192154884338
INFO:root:Epoch: 43, Iteration: 308, Loss: 0.639455258846283
INFO:root:Validation set mIOU: 76.5165155936144
INFO:root:Epoch: 44, Iteration: 309, Loss: 0.6561595797538757
INFO:root:Epoch: 44, Iteration: 310, Loss: 0.6707044243812561
INFO:root:Epoch: 44, Iteration: 311, Loss: 0.6790259480476379
INFO:root:Epoch: 44, Iteration: 312, Loss: 0.6329095959663391
INFO:root:Epoch: 44, Iteration: 313, Loss: 0.631567656993866
INFO:root:Epoch: 44, Iteration: 314, Loss: 0.6322526335716248
INFO:root:Epoch: 44, Iteration: 315, Loss: 0.6134902238845825
INFO:root:Validation set mIOU: 63.44528183115041
INFO:root:Epoch: 45, Iteration: 316, Loss: 0.6503883600234985
INFO:root:Epoch: 45, Iteration: 317, Loss: 0.6670143008232117
INFO:root:Epoch: 45, Iteration: 318, Loss: 0.7267743945121765
INFO:root:Epoch: 45, Iteration: 319, Loss: 0.6649853587150574
INFO:root:Epoch: 45, Iteration: 320, Loss: 0.6176491379737854
INFO:root:Epoch: 45, Iteration: 321, Loss: 0.6167348623275757
INFO:root:Epoch: 45, Iteration: 322, Loss: 0.6375809907913208
INFO:root:Validation set mIOU: 78.67712127791928
INFO:root:Epoch: 46, Iteration: 323, Loss: 0.6451063752174377
INFO:root:Epoch: 46, Iteration: 324, Loss: 0.6489849090576172
INFO:root:Epoch: 46, Iteration: 325, Loss: 0.6853538155555725
INFO:root:Epoch: 46, Iteration: 326, Loss: 0.6200117468833923
INFO:root:Epoch: 46, Iteration: 327, Loss: 0.6127722263336182
INFO:root:Epoch: 46, Iteration: 328, Loss: 0.6365028619766235
INFO:root:Epoch: 46, Iteration: 329, Loss: 0.6044303178787231
INFO:root:Validation set mIOU: 82.404923662836
INFO:root:Epoch: 47, Iteration: 330, Loss: 0.6653919816017151
INFO:root:Epoch: 47, Iteration: 331, Loss: 0.6626957058906555
INFO:root:Epoch: 47, Iteration: 332, Loss: 0.6308737993240356
INFO:root:Epoch: 47, Iteration: 333, Loss: 0.6548600792884827
INFO:root:Epoch: 47, Iteration: 334, Loss: 0.6237652897834778
INFO:root:Epoch: 47, Iteration: 335, Loss: 0.6326643228530884
INFO:root:Epoch: 47, Iteration: 336, Loss: 0.6456701159477234
INFO:root:Validation set mIOU: 83.6194264144947
INFO:root:Epoch: 48, Iteration: 337, Loss: 0.6509182453155518
INFO:root:Epoch: 48, Iteration: 338, Loss: 0.6464383602142334
INFO:root:Epoch: 48, Iteration: 339, Loss: 0.69125896692276
INFO:root:Epoch: 48, Iteration: 340, Loss: 0.619365930557251
INFO:root:Epoch: 48, Iteration: 341, Loss: 0.647782027721405
INFO:root:Epoch: 48, Iteration: 342, Loss: 0.6032777428627014
INFO:root:Epoch: 48, Iteration: 343, Loss: 0.613103985786438
INFO:root:Validation set mIOU: 82.8420994421856
INFO:root:Epoch: 49, Iteration: 344, Loss: 0.6096400618553162
INFO:root:Epoch: 49, Iteration: 345, Loss: 0.6160561442375183
INFO:root:Epoch: 49, Iteration: 346, Loss: 0.6269224286079407
INFO:root:Epoch: 49, Iteration: 347, Loss: 0.6010234355926514
INFO:root:Epoch: 49, Iteration: 348, Loss: 0.6214738488197327
INFO:root:Epoch: 49, Iteration: 349, Loss: 0.5970606803894043
INFO:root:Epoch: 49, Iteration: 350, Loss: 0.6309008598327637
INFO:root:Validation set mIOU: 84.18149684810203
INFO:root:Epoch: 50, Iteration: 351, Loss: 0.6648041009902954
INFO:root:Epoch: 50, Iteration: 352, Loss: 0.6271459460258484
INFO:root:Epoch: 50, Iteration: 353, Loss: 0.6140871644020081
INFO:root:Epoch: 50, Iteration: 354, Loss: 0.616595983505249
INFO:root:Epoch: 50, Iteration: 355, Loss: 0.6503917574882507
INFO:root:Epoch: 50, Iteration: 356, Loss: 0.6434921026229858
INFO:root:Epoch: 50, Iteration: 357, Loss: 0.6216328740119934
INFO:root:Validation set mIOU: 74.53651262491752
INFO:root:Epoch: 51, Iteration: 358, Loss: 0.6518640518188477
INFO:root:Epoch: 51, Iteration: 359, Loss: 0.5985041260719299
INFO:root:Epoch: 51, Iteration: 360, Loss: 0.6262266635894775
INFO:root:Epoch: 51, Iteration: 361, Loss: 0.6170313358306885
INFO:root:Epoch: 51, Iteration: 362, Loss: 0.6425724029541016
INFO:root:Epoch: 51, Iteration: 363, Loss: 0.6501376628875732
INFO:root:Epoch: 51, Iteration: 364, Loss: 0.6771716475486755
INFO:root:Validation set mIOU: 79.62733507310305
INFO:root:Epoch: 52, Iteration: 365, Loss: 0.661935567855835
INFO:root:Epoch: 52, Iteration: 366, Loss: 0.6077246069908142
INFO:root:Epoch: 52, Iteration: 367, Loss: 0.6361696124076843
INFO:root:Epoch: 52, Iteration: 368, Loss: 0.6100992560386658
INFO:root:Epoch: 52, Iteration: 369, Loss: 0.6108660101890564
INFO:root:Epoch: 52, Iteration: 370, Loss: 0.6598910689353943
INFO:root:Epoch: 52, Iteration: 371, Loss: 0.6081856489181519
INFO:root:Validation set mIOU: 79.46402972807365
INFO:root:Epoch: 53, Iteration: 372, Loss: 0.6040965914726257
INFO:root:Epoch: 53, Iteration: 373, Loss: 0.640641987323761
INFO:root:Epoch: 53, Iteration: 374, Loss: 0.651827871799469
INFO:root:Epoch: 53, Iteration: 375, Loss: 0.6197755932807922
INFO:root:Epoch: 53, Iteration: 376, Loss: 0.6376638412475586
INFO:root:Epoch: 53, Iteration: 377, Loss: 0.6139249205589294
INFO:root:Epoch: 53, Iteration: 378, Loss: 0.6090798377990723
INFO:root:Validation set mIOU: 84.77049213544915
INFO:root:Epoch: 54, Iteration: 379, Loss: 0.646761417388916
INFO:root:Epoch: 54, Iteration: 380, Loss: 0.631879985332489
INFO:root:Epoch: 54, Iteration: 381, Loss: 0.5891820788383484
INFO:root:Epoch: 54, Iteration: 382, Loss: 0.6130856275558472
INFO:root:Epoch: 54, Iteration: 383, Loss: 0.6210156679153442
INFO:root:Epoch: 54, Iteration: 384, Loss: 0.6073103547096252
INFO:root:Epoch: 54, Iteration: 385, Loss: 0.6192585229873657
INFO:root:Validation set mIOU: 84.38300894673213
INFO:root:Epoch: 55, Iteration: 386, Loss: 0.6769970655441284
INFO:root:Epoch: 55, Iteration: 387, Loss: 0.6197096705436707
INFO:root:Epoch: 55, Iteration: 388, Loss: 0.6170717477798462
INFO:root:Epoch: 55, Iteration: 389, Loss: 0.6017826795578003
INFO:root:Epoch: 55, Iteration: 390, Loss: 0.6315968036651611
INFO:root:Epoch: 55, Iteration: 391, Loss: 0.6535326242446899
INFO:root:Epoch: 55, Iteration: 392, Loss: 0.6157189607620239
INFO:root:Validation set mIOU: 73.57207642524854
INFO:root:Epoch: 56, Iteration: 393, Loss: 0.6307629346847534
INFO:root:Epoch: 56, Iteration: 394, Loss: 0.6234487891197205
INFO:root:Epoch: 56, Iteration: 395, Loss: 0.6309293508529663
INFO:root:Epoch: 56, Iteration: 396, Loss: 0.6264104843139648
INFO:root:Epoch: 56, Iteration: 397, Loss: 0.6737732291221619
INFO:root:Epoch: 56, Iteration: 398, Loss: 0.643983781337738
INFO:root:Epoch: 56, Iteration: 399, Loss: 0.6328164935112
INFO:root:Validation set mIOU: 72.88731532973664
INFO:root:Epoch: 57, Iteration: 400, Loss: 0.639915406703949
INFO:root:Epoch: 57, Iteration: 401, Loss: 0.6148504018783569
INFO:root:Epoch: 57, Iteration: 402, Loss: 0.6034457683563232
INFO:root:Epoch: 57, Iteration: 403, Loss: 0.59874027967453
INFO:root:Epoch: 57, Iteration: 404, Loss: 0.6304537653923035
INFO:root:Epoch: 57, Iteration: 405, Loss: 0.6661405563354492
INFO:root:Epoch: 57, Iteration: 406, Loss: 0.6089035868644714
INFO:root:Validation set mIOU: 82.79681736072511
INFO:root:Epoch: 58, Iteration: 407, Loss: 0.6259791851043701
INFO:root:Epoch: 58, Iteration: 408, Loss: 0.6473476886749268
INFO:root:Epoch: 58, Iteration: 409, Loss: 0.6274336576461792
INFO:root:Epoch: 58, Iteration: 410, Loss: 0.63495934009552
INFO:root:Epoch: 58, Iteration: 411, Loss: 0.6182287931442261
INFO:root:Epoch: 58, Iteration: 412, Loss: 0.6230973601341248
INFO:root:Epoch: 58, Iteration: 413, Loss: 0.6455579996109009
INFO:root:Validation set mIOU: 85.16195156402547
INFO:root:Epoch: 59, Iteration: 414, Loss: 0.6163241863250732
INFO:root:Epoch: 59, Iteration: 415, Loss: 0.6064563989639282
INFO:root:Epoch: 59, Iteration: 416, Loss: 0.6112160682678223
INFO:root:Epoch: 59, Iteration: 417, Loss: 0.5981248021125793
INFO:root:Epoch: 59, Iteration: 418, Loss: 0.6097445487976074
INFO:root:Epoch: 59, Iteration: 419, Loss: 0.6469883322715759
INFO:root:Epoch: 59, Iteration: 420, Loss: 0.6432032585144043
INFO:root:Validation set mIOU: 69.51014990269549
INFO:root:Epoch: 60, Iteration: 421, Loss: 0.6148948669433594
INFO:root:Epoch: 60, Iteration: 422, Loss: 0.6787844300270081
INFO:root:Epoch: 60, Iteration: 423, Loss: 0.5988466143608093
INFO:root:Epoch: 60, Iteration: 424, Loss: 0.5869271159172058
INFO:root:Epoch: 60, Iteration: 425, Loss: 0.6182570457458496
INFO:root:Epoch: 60, Iteration: 426, Loss: 0.6283081769943237
INFO:root:Epoch: 60, Iteration: 427, Loss: 0.639435887336731
INFO:root:Validation set mIOU: 84.21443867420629
INFO:root:Epoch: 61, Iteration: 428, Loss: 0.6392066478729248
INFO:root:Epoch: 61, Iteration: 429, Loss: 0.5974342823028564
INFO:root:Epoch: 61, Iteration: 430, Loss: 0.5986366868019104
INFO:root:Epoch: 61, Iteration: 431, Loss: 0.6326636672019958
INFO:root:Epoch: 61, Iteration: 432, Loss: 0.659229576587677
INFO:root:Epoch: 61, Iteration: 433, Loss: 0.6149158477783203
INFO:root:Epoch: 61, Iteration: 434, Loss: 0.6282447576522827
INFO:root:Validation set mIOU: 80.59208031121301
INFO:root:Epoch: 62, Iteration: 435, Loss: 0.615850031375885
INFO:root:Epoch: 62, Iteration: 436, Loss: 0.6140815019607544
INFO:root:Epoch: 62, Iteration: 437, Loss: 0.6034883856773376
INFO:root:Epoch: 62, Iteration: 438, Loss: 0.6285858154296875
INFO:root:Epoch: 62, Iteration: 439, Loss: 0.5856290459632874
INFO:root:Epoch: 62, Iteration: 440, Loss: 0.6341231465339661
INFO:root:Epoch: 62, Iteration: 441, Loss: 0.599421501159668
INFO:root:Validation set mIOU: 68.44995343512963
INFO:root:Epoch: 63, Iteration: 442, Loss: 0.6108860969543457
INFO:root:Epoch: 63, Iteration: 443, Loss: 0.6269506216049194
INFO:root:Epoch: 63, Iteration: 444, Loss: 0.5964627861976624
INFO:root:Epoch: 63, Iteration: 445, Loss: 0.6312118768692017
INFO:root:Epoch: 63, Iteration: 446, Loss: 0.6202415823936462
INFO:root:Epoch: 63, Iteration: 447, Loss: 0.6368971467018127
INFO:root:Epoch: 63, Iteration: 448, Loss: 0.6108472347259521
INFO:root:Validation set mIOU: 83.90309361903508
INFO:root:Epoch: 64, Iteration: 449, Loss: 0.6003023386001587
INFO:root:Epoch: 64, Iteration: 450, Loss: 0.6170752048492432
INFO:root:Epoch: 64, Iteration: 451, Loss: 0.5911878943443298
INFO:root:Epoch: 64, Iteration: 452, Loss: 0.6159964799880981
INFO:root:Epoch: 64, Iteration: 453, Loss: 0.6481268405914307
INFO:root:Epoch: 64, Iteration: 454, Loss: 0.6035070419311523
INFO:root:Epoch: 64, Iteration: 455, Loss: 0.6187373995780945
INFO:root:Validation set mIOU: 75.35205259731383
INFO:root:Epoch: 65, Iteration: 456, Loss: 0.6109058260917664
INFO:root:Epoch: 65, Iteration: 457, Loss: 0.6199663877487183
INFO:root:Epoch: 65, Iteration: 458, Loss: 0.6368789672851562
INFO:root:Epoch: 65, Iteration: 459, Loss: 0.6144795417785645
INFO:root:Epoch: 65, Iteration: 460, Loss: 0.5918984413146973
INFO:root:Epoch: 65, Iteration: 461, Loss: 0.6099700927734375
INFO:root:Epoch: 65, Iteration: 462, Loss: 0.6116417646408081
INFO:root:Validation set mIOU: 70.83773278373717
INFO:root:Epoch: 66, Iteration: 463, Loss: 0.6056622266769409
INFO:root:Epoch: 66, Iteration: 464, Loss: 0.6262925267219543
INFO:root:Epoch: 66, Iteration: 465, Loss: 0.6166455149650574
INFO:root:Epoch: 66, Iteration: 466, Loss: 0.6185585260391235
INFO:root:Epoch: 66, Iteration: 467, Loss: 0.6232684850692749
INFO:root:Epoch: 66, Iteration: 468, Loss: 0.664511501789093
INFO:root:Epoch: 66, Iteration: 469, Loss: 0.6059263944625854
INFO:root:Validation set mIOU: 74.09108494207906
INFO:root:Epoch: 67, Iteration: 470, Loss: 0.6176822185516357
INFO:root:Epoch: 67, Iteration: 471, Loss: 0.6053199172019958
INFO:root:Epoch: 67, Iteration: 472, Loss: 0.6284326910972595
INFO:root:Epoch: 67, Iteration: 473, Loss: 0.6201789975166321
INFO:root:Epoch: 67, Iteration: 474, Loss: 0.6144921183586121
INFO:root:Epoch: 67, Iteration: 475, Loss: 0.6075083613395691
INFO:root:Epoch: 67, Iteration: 476, Loss: 0.6250516772270203
INFO:root:Validation set mIOU: 77.27406929965156
INFO:root:Epoch: 68, Iteration: 477, Loss: 0.6188193559646606
INFO:root:Epoch: 68, Iteration: 478, Loss: 0.5954492688179016
INFO:root:Epoch: 68, Iteration: 479, Loss: 0.6367957592010498
INFO:root:Epoch: 68, Iteration: 480, Loss: 0.6236974596977234
INFO:root:Epoch: 68, Iteration: 481, Loss: 0.6170744299888611
INFO:root:Epoch: 68, Iteration: 482, Loss: 0.6451330184936523
INFO:root:Epoch: 68, Iteration: 483, Loss: 0.6282176971435547
INFO:root:Validation set mIOU: 83.52959685523777
INFO:root:Epoch: 69, Iteration: 484, Loss: 0.6190828084945679
INFO:root:Epoch: 69, Iteration: 485, Loss: 0.6211922764778137
INFO:root:Epoch: 69, Iteration: 486, Loss: 0.6033534407615662
INFO:root:Epoch: 69, Iteration: 487, Loss: 0.6236963272094727
INFO:root:Epoch: 69, Iteration: 488, Loss: 0.6135488748550415
INFO:root:Epoch: 69, Iteration: 489, Loss: 0.6017817854881287
INFO:root:Epoch: 69, Iteration: 490, Loss: 0.6260339617729187
INFO:root:Validation set mIOU: 75.49560316478683
INFO:root:Epoch: 70, Iteration: 491, Loss: 0.597901463508606
INFO:root:Epoch: 70, Iteration: 492, Loss: 0.6060604453086853
INFO:root:Epoch: 70, Iteration: 493, Loss: 0.6380127668380737
INFO:root:Epoch: 70, Iteration: 494, Loss: 0.6289719939231873
INFO:root:Epoch: 70, Iteration: 495, Loss: 0.6373313665390015
INFO:root:Epoch: 70, Iteration: 496, Loss: 0.6488913297653198
INFO:root:Epoch: 70, Iteration: 497, Loss: 0.6053214073181152
INFO:root:Validation set mIOU: 87.28672905464124
INFO:root:Epoch: 71, Iteration: 498, Loss: 0.5981497764587402
INFO:root:Epoch: 71, Iteration: 499, Loss: 0.5954236388206482
INFO:root:Epoch: 71, Iteration: 500, Loss: 0.5949405431747437
INFO:root:Epoch: 71, Iteration: 501, Loss: 0.6012138724327087
INFO:root:Epoch: 71, Iteration: 502, Loss: 0.6495634913444519
INFO:root:Epoch: 71, Iteration: 503, Loss: 0.6229013800621033
INFO:root:Epoch: 71, Iteration: 504, Loss: 0.5934234857559204
INFO:root:Validation set mIOU: 86.29028234735094
INFO:root:Epoch: 72, Iteration: 505, Loss: 0.6121454238891602
INFO:root:Epoch: 72, Iteration: 506, Loss: 0.6024737358093262
INFO:root:Epoch: 72, Iteration: 507, Loss: 0.5891062021255493
INFO:root:Epoch: 72, Iteration: 508, Loss: 0.6208248734474182
INFO:root:Epoch: 72, Iteration: 509, Loss: 0.6098310947418213
INFO:root:Epoch: 72, Iteration: 510, Loss: 0.6100138425827026
INFO:root:Epoch: 72, Iteration: 511, Loss: 0.6062360405921936
INFO:root:Validation set mIOU: 86.69594572653564
INFO:root:Epoch: 73, Iteration: 512, Loss: 0.6115212440490723
INFO:root:Epoch: 73, Iteration: 513, Loss: 0.5884588360786438
INFO:root:Epoch: 73, Iteration: 514, Loss: 0.6193380951881409
INFO:root:Epoch: 73, Iteration: 515, Loss: 0.6182408332824707
INFO:root:Epoch: 73, Iteration: 516, Loss: 0.6010982990264893
INFO:root:Epoch: 73, Iteration: 517, Loss: 0.600060224533081
INFO:root:Epoch: 73, Iteration: 518, Loss: 0.6007146835327148
INFO:root:Validation set mIOU: 86.8454069490579
INFO:root:Epoch: 74, Iteration: 519, Loss: 0.5895241498947144
INFO:root:Epoch: 74, Iteration: 520, Loss: 0.5967409610748291
INFO:root:Epoch: 74, Iteration: 521, Loss: 0.6353510022163391
INFO:root:Epoch: 74, Iteration: 522, Loss: 0.6210664510726929
INFO:root:Epoch: 74, Iteration: 523, Loss: 0.642489492893219
INFO:root:Epoch: 74, Iteration: 524, Loss: 0.5946237444877625
INFO:root:Epoch: 74, Iteration: 525, Loss: 0.6139580607414246
INFO:root:Validation set mIOU: 86.49153375353568
INFO:root:Epoch: 75, Iteration: 526, Loss: 0.6067094206809998
INFO:root:Epoch: 75, Iteration: 527, Loss: 0.6119232177734375
INFO:root:Epoch: 75, Iteration: 528, Loss: 0.5943753719329834
INFO:root:Epoch: 75, Iteration: 529, Loss: 0.6142092943191528
INFO:root:Epoch: 75, Iteration: 530, Loss: 0.6224016547203064
INFO:root:Epoch: 75, Iteration: 531, Loss: 0.6366758346557617
INFO:root:Epoch: 75, Iteration: 532, Loss: 0.6058337092399597
INFO:root:Validation set mIOU: 85.35086321342152
INFO:root:Epoch: 76, Iteration: 533, Loss: 0.6048686504364014
INFO:root:Epoch: 76, Iteration: 534, Loss: 0.5933024287223816
INFO:root:Epoch: 76, Iteration: 535, Loss: 0.6236227750778198
INFO:root:Epoch: 76, Iteration: 536, Loss: 0.6300162672996521
INFO:root:Epoch: 76, Iteration: 537, Loss: 0.6185137629508972
INFO:root:Epoch: 76, Iteration: 538, Loss: 0.6021625399589539
INFO:root:Epoch: 76, Iteration: 539, Loss: 0.6259067058563232
INFO:root:Validation set mIOU: 85.66337247042543
INFO:root:Epoch: 77, Iteration: 540, Loss: 0.599947452545166
INFO:root:Epoch: 77, Iteration: 541, Loss: 0.6065266132354736
INFO:root:Epoch: 77, Iteration: 542, Loss: 0.6157105565071106
INFO:root:Epoch: 77, Iteration: 543, Loss: 0.6101821064949036
INFO:root:Epoch: 77, Iteration: 544, Loss: 0.609144389629364
INFO:root:Epoch: 77, Iteration: 545, Loss: 0.6067472100257874
INFO:root:Epoch: 77, Iteration: 546, Loss: 0.5892161726951599
INFO:root:Validation set mIOU: 85.49533973362493
INFO:root:Epoch: 78, Iteration: 547, Loss: 0.6180022358894348
INFO:root:Epoch: 78, Iteration: 548, Loss: 0.5829917192459106
INFO:root:Epoch: 78, Iteration: 549, Loss: 0.5946914553642273
INFO:root:Epoch: 78, Iteration: 550, Loss: 0.609472930431366
INFO:root:Epoch: 78, Iteration: 551, Loss: 0.6091693043708801
INFO:root:Epoch: 78, Iteration: 552, Loss: 0.5781913995742798
INFO:root:Epoch: 78, Iteration: 553, Loss: 0.6056641340255737
INFO:root:Validation set mIOU: 86.86622766061383
INFO:root:Epoch: 79, Iteration: 554, Loss: 0.5845518112182617
INFO:root:Epoch: 79, Iteration: 555, Loss: 0.5961611866950989
INFO:root:Epoch: 79, Iteration: 556, Loss: 0.5850553512573242
INFO:root:Epoch: 79, Iteration: 557, Loss: 0.6456199288368225
INFO:root:Epoch: 79, Iteration: 558, Loss: 0.6003736257553101
INFO:root:Epoch: 79, Iteration: 559, Loss: 0.6199011206626892
INFO:root:Epoch: 79, Iteration: 560, Loss: 0.5929021239280701
INFO:root:Validation set mIOU: 86.95478820192344
INFO:root:Epoch: 80, Iteration: 561, Loss: 0.6120750308036804
INFO:root:Epoch: 80, Iteration: 562, Loss: 0.5869183540344238
INFO:root:Epoch: 80, Iteration: 563, Loss: 0.6484748721122742
INFO:root:Epoch: 80, Iteration: 564, Loss: 0.5859548449516296
INFO:root:Epoch: 80, Iteration: 565, Loss: 0.5919840931892395
INFO:root:Epoch: 80, Iteration: 566, Loss: 0.602855920791626
INFO:root:Epoch: 80, Iteration: 567, Loss: 0.5888943076133728
INFO:root:Validation set mIOU: 85.52872083116742
INFO:root:Epoch: 81, Iteration: 568, Loss: 0.5846531391143799
INFO:root:Epoch: 81, Iteration: 569, Loss: 0.608212411403656
INFO:root:Epoch: 81, Iteration: 570, Loss: 0.5888462662696838
INFO:root:Epoch: 81, Iteration: 571, Loss: 0.5976166129112244
INFO:root:Epoch: 81, Iteration: 572, Loss: 0.5989395380020142
INFO:root:Epoch: 81, Iteration: 573, Loss: 0.5938515663146973
INFO:root:Epoch: 81, Iteration: 574, Loss: 0.627838134765625
INFO:root:Validation set mIOU: 86.9857624533091
INFO:root:Epoch: 82, Iteration: 575, Loss: 0.609241783618927
INFO:root:Epoch: 82, Iteration: 576, Loss: 0.5983977317810059
INFO:root:Epoch: 82, Iteration: 577, Loss: 0.6335521936416626
INFO:root:Epoch: 82, Iteration: 578, Loss: 0.610236406326294
INFO:root:Epoch: 82, Iteration: 579, Loss: 0.5944742560386658
INFO:root:Epoch: 82, Iteration: 580, Loss: 0.62892746925354
INFO:root:Epoch: 82, Iteration: 581, Loss: 0.5994089841842651
INFO:root:Validation set mIOU: 86.9520833879566
INFO:root:Epoch: 83, Iteration: 582, Loss: 0.6162752509117126
INFO:root:Epoch: 83, Iteration: 583, Loss: 0.6024981141090393
INFO:root:Epoch: 83, Iteration: 584, Loss: 0.6271318197250366
INFO:root:Epoch: 83, Iteration: 585, Loss: 0.6599228978157043
INFO:root:Epoch: 83, Iteration: 586, Loss: 0.6002700924873352
INFO:root:Epoch: 83, Iteration: 587, Loss: 0.6227515339851379
INFO:root:Epoch: 83, Iteration: 588, Loss: 0.6284757256507874
INFO:root:Validation set mIOU: 80.64797965632266
INFO:root:Epoch: 84, Iteration: 589, Loss: 0.6019145250320435
INFO:root:Epoch: 84, Iteration: 590, Loss: 0.6075881719589233
INFO:root:Epoch: 84, Iteration: 591, Loss: 0.5830769538879395
INFO:root:Epoch: 84, Iteration: 592, Loss: 0.5995059013366699
INFO:root:Epoch: 84, Iteration: 593, Loss: 0.6091637015342712
INFO:root:Epoch: 84, Iteration: 594, Loss: 0.5989717841148376
INFO:root:Epoch: 84, Iteration: 595, Loss: 0.5890305638313293
INFO:root:Validation set mIOU: 86.65684737623828
INFO:root:Epoch: 85, Iteration: 596, Loss: 0.6259786486625671
INFO:root:Epoch: 85, Iteration: 597, Loss: 0.6276299953460693
INFO:root:Epoch: 85, Iteration: 598, Loss: 0.6053264141082764
INFO:root:Epoch: 85, Iteration: 599, Loss: 0.6045072674751282
INFO:root:Epoch: 85, Iteration: 600, Loss: 0.6208076477050781
INFO:root:Epoch: 85, Iteration: 601, Loss: 0.5817106366157532
INFO:root:Epoch: 85, Iteration: 602, Loss: 0.6373500227928162
INFO:root:Validation set mIOU: 86.77567023491822
INFO:root:Epoch: 86, Iteration: 603, Loss: 0.5894357562065125
INFO:root:Epoch: 86, Iteration: 604, Loss: 0.6273502707481384
INFO:root:Epoch: 86, Iteration: 605, Loss: 0.5983337759971619
INFO:root:Epoch: 86, Iteration: 606, Loss: 0.5931218862533569
INFO:root:Epoch: 86, Iteration: 607, Loss: 0.6080417633056641
INFO:root:Epoch: 86, Iteration: 608, Loss: 0.5829971432685852
INFO:root:Epoch: 86, Iteration: 609, Loss: 0.6041135191917419
INFO:root:Validation set mIOU: 87.0480037702558
INFO:root:Epoch: 87, Iteration: 610, Loss: 0.6474336981773376
INFO:root:Epoch: 87, Iteration: 611, Loss: 0.60423743724823
INFO:root:Epoch: 87, Iteration: 612, Loss: 0.6105337142944336
INFO:root:Epoch: 87, Iteration: 613, Loss: 0.6001623272895813
INFO:root:Epoch: 87, Iteration: 614, Loss: 0.591924250125885
INFO:root:Epoch: 87, Iteration: 615, Loss: 0.5962384939193726
INFO:root:Epoch: 87, Iteration: 616, Loss: 0.5908181071281433
INFO:root:Validation set mIOU: 86.90001182816368
INFO:root:Epoch: 88, Iteration: 617, Loss: 0.6476690769195557
INFO:root:Epoch: 88, Iteration: 618, Loss: 0.6048689484596252
INFO:root:Epoch: 88, Iteration: 619, Loss: 0.5870475172996521
INFO:root:Epoch: 88, Iteration: 620, Loss: 0.6124320030212402
INFO:root:Epoch: 88, Iteration: 621, Loss: 0.5895227789878845
INFO:root:Epoch: 88, Iteration: 622, Loss: 0.5955174565315247
INFO:root:Epoch: 88, Iteration: 623, Loss: 0.5921663641929626
INFO:root:Validation set mIOU: 88.06301324416657
INFO:root:Epoch: 89, Iteration: 624, Loss: 0.6060242056846619
INFO:root:Epoch: 89, Iteration: 625, Loss: 0.594636082649231
INFO:root:Epoch: 89, Iteration: 626, Loss: 0.592352032661438
INFO:root:Epoch: 89, Iteration: 627, Loss: 0.5870819091796875
INFO:root:Epoch: 89, Iteration: 628, Loss: 0.601273775100708
INFO:root:Epoch: 89, Iteration: 629, Loss: 0.6005359888076782
INFO:root:Epoch: 89, Iteration: 630, Loss: 0.5887628793716431
INFO:root:Validation set mIOU: 86.2520309875673
INFO:root:Epoch: 90, Iteration: 631, Loss: 0.5962114930152893
INFO:root:Epoch: 90, Iteration: 632, Loss: 0.6074384450912476
INFO:root:Epoch: 90, Iteration: 633, Loss: 0.5926422476768494
INFO:root:Epoch: 90, Iteration: 634, Loss: 0.6008279323577881
INFO:root:Epoch: 90, Iteration: 635, Loss: 0.5991258025169373
INFO:root:Epoch: 90, Iteration: 636, Loss: 0.612754225730896
INFO:root:Epoch: 90, Iteration: 637, Loss: 0.6652294397354126
INFO:root:Validation set mIOU: 85.54263085366003
INFO:root:Epoch: 91, Iteration: 638, Loss: 0.582794725894928
INFO:root:Epoch: 91, Iteration: 639, Loss: 0.6261226534843445
INFO:root:Epoch: 91, Iteration: 640, Loss: 0.5896672606468201
INFO:root:Epoch: 91, Iteration: 641, Loss: 0.6138206720352173
INFO:root:Epoch: 91, Iteration: 642, Loss: 0.5765929818153381
INFO:root:Epoch: 91, Iteration: 643, Loss: 0.6004043817520142
INFO:root:Epoch: 91, Iteration: 644, Loss: 0.6048563122749329
INFO:root:Validation set mIOU: 87.62550882156151
INFO:root:Epoch: 92, Iteration: 645, Loss: 0.6043035387992859
INFO:root:Epoch: 92, Iteration: 646, Loss: 0.6054115295410156
INFO:root:Epoch: 92, Iteration: 647, Loss: 0.6002504229545593
INFO:root:Epoch: 92, Iteration: 648, Loss: 0.6009423732757568
INFO:root:Epoch: 92, Iteration: 649, Loss: 0.6076443195343018
INFO:root:Epoch: 92, Iteration: 650, Loss: 0.6140952706336975
INFO:root:Epoch: 92, Iteration: 651, Loss: 0.5979365706443787
INFO:root:Validation set mIOU: 87.48497391074258
INFO:root:Epoch: 93, Iteration: 652, Loss: 0.6441787481307983
INFO:root:Epoch: 93, Iteration: 653, Loss: 0.5735223889350891
INFO:root:Epoch: 93, Iteration: 654, Loss: 0.5821128487586975
INFO:root:Epoch: 93, Iteration: 655, Loss: 0.6027156710624695
INFO:root:Epoch: 93, Iteration: 656, Loss: 0.6012883186340332
INFO:root:Epoch: 93, Iteration: 657, Loss: 0.5910035967826843
INFO:root:Epoch: 93, Iteration: 658, Loss: 0.6083677411079407
INFO:root:Validation set mIOU: 88.83252973220331
INFO:root:Epoch: 94, Iteration: 659, Loss: 0.5941500663757324
INFO:root:Epoch: 94, Iteration: 660, Loss: 0.6278101801872253
INFO:root:Epoch: 94, Iteration: 661, Loss: 0.5846723318099976
INFO:root:Epoch: 94, Iteration: 662, Loss: 0.6039149761199951
INFO:root:Epoch: 94, Iteration: 663, Loss: 0.5957884192466736
INFO:root:Epoch: 94, Iteration: 664, Loss: 0.608157753944397
INFO:root:Epoch: 94, Iteration: 665, Loss: 0.5800601840019226
INFO:root:Validation set mIOU: 88.22224220301308
INFO:root:Epoch: 95, Iteration: 666, Loss: 0.6226953268051147
INFO:root:Epoch: 95, Iteration: 667, Loss: 0.5929604172706604
INFO:root:Epoch: 95, Iteration: 668, Loss: 0.5766411423683167
INFO:root:Epoch: 95, Iteration: 669, Loss: 0.5860412120819092
INFO:root:Epoch: 95, Iteration: 670, Loss: 0.586096465587616
INFO:root:Epoch: 95, Iteration: 671, Loss: 0.6229173541069031
INFO:root:Epoch: 95, Iteration: 672, Loss: 0.6019686460494995
INFO:root:Validation set mIOU: 87.93655103434969
INFO:root:Epoch: 96, Iteration: 673, Loss: 0.5948488712310791
INFO:root:Epoch: 96, Iteration: 674, Loss: 0.6156616806983948
INFO:root:Epoch: 96, Iteration: 675, Loss: 0.6026527285575867
INFO:root:Epoch: 96, Iteration: 676, Loss: 0.5939880609512329
INFO:root:Epoch: 96, Iteration: 677, Loss: 0.5960760712623596
INFO:root:Epoch: 96, Iteration: 678, Loss: 0.6291459798812866
INFO:root:Epoch: 96, Iteration: 679, Loss: 0.5963463187217712
INFO:root:Validation set mIOU: 87.78155019322377
INFO:root:Epoch: 97, Iteration: 680, Loss: 0.5861777067184448
INFO:root:Epoch: 97, Iteration: 681, Loss: 0.5896652340888977
INFO:root:Epoch: 97, Iteration: 682, Loss: 0.6221562027931213
INFO:root:Epoch: 97, Iteration: 683, Loss: 0.5898597836494446
INFO:root:Epoch: 97, Iteration: 684, Loss: 0.6239787936210632
INFO:root:Epoch: 97, Iteration: 685, Loss: 0.5875939130783081
INFO:root:Epoch: 97, Iteration: 686, Loss: 0.5954419374465942
INFO:root:Validation set mIOU: 87.75358996673252
INFO:root:Epoch: 98, Iteration: 687, Loss: 0.5787985920906067
INFO:root:Epoch: 98, Iteration: 688, Loss: 0.6128702163696289
INFO:root:Epoch: 98, Iteration: 689, Loss: 0.6033018827438354
INFO:root:Epoch: 98, Iteration: 690, Loss: 0.5795431137084961
INFO:root:Epoch: 98, Iteration: 691, Loss: 0.6160879731178284
INFO:root:Epoch: 98, Iteration: 692, Loss: 0.5837249159812927
INFO:root:Epoch: 98, Iteration: 693, Loss: 0.5942133069038391
INFO:root:Validation set mIOU: 87.85989864812413
INFO:root:Epoch: 99, Iteration: 694, Loss: 0.5945201516151428
INFO:root:Epoch: 99, Iteration: 695, Loss: 0.5829083323478699
INFO:root:Epoch: 99, Iteration: 696, Loss: 0.6047807931900024
INFO:root:Epoch: 99, Iteration: 697, Loss: 0.6101354360580444
INFO:root:Epoch: 99, Iteration: 698, Loss: 0.6017154455184937
INFO:root:Epoch: 99, Iteration: 699, Loss: 0.5816916823387146
INFO:root:Epoch: 99, Iteration: 700, Loss: 0.5869166851043701
INFO:root:Validation set mIOU: 88.04551395826023
