INFO:root:{'backbone': 'resnet50',
 'batch_size': 16,
 'batch_size_consistency': 16,
 'conf_thres': 0.9,
 'config': 'configs/dataset1.yaml',
 'consistency_training': True,
 'crop_size': 128,
 'data_root': './',
 'dataset': 'dataset1',
 'epochs': 100,
 'labeled_id_path': 'dataset/splits/dataset1/1_4/split_random/labeled.txt',
 'lr': 0.0009,
 'model': 'deeplabv3plus',
 'ngpus': 1,
 'plus': False,
 'pseudo_consistency_mask_path': None,
 'pseudo_mask_path': 'outdir/pseudo_masks/dataset1/1_4/split_random/deeplabv3plus/self_training/resnet50/consistency_training/third_time',
 'rand_thres': 0.8,
 'reliable_id_path': None,
 'save_path': 'outdir/models/dataset1/1_4/split_random/deeplabv3plus/self_training/resnet50/consistency_training/third_time',
 'time': 3,
 'unlabeled_id_path': 'dataset/splits/dataset1/1_4/split_random/unlabeled.txt',
 'warm_up': 20}

INFO:root:Training supervised with consistency on unlabeled images
INFO:root:Epoch: 0, Iteration: 1, Loss: 0.5376010537147522, Loss_s: 1.0752021074295044, Loss_u: 0.0
INFO:root:Epoch: 0, Iteration: 2, Loss: 0.5584205985069275, Loss_s: 1.116841197013855, Loss_u: 0.0
INFO:root:Epoch: 0, Iteration: 3, Loss: 0.510672390460968, Loss_s: 1.021344780921936, Loss_u: 0.0
INFO:root:Epoch: 0, Iteration: 4, Loss: 0.4885790944099426, Loss_s: 0.9771581888198853, Loss_u: 0.0
INFO:root:Epoch: 0, Iteration: 5, Loss: 0.4557512700557709, Loss_s: 0.9115020632743835, Loss_u: 2.0082341052329866e-06
INFO:root:Epoch: 0, Iteration: 6, Loss: 0.4137488305568695, Loss_s: 0.827497661113739, Loss_u: 0.0
INFO:root:Epoch: 0, Iteration: 7, Loss: 0.39522063732147217, Loss_s: 0.7903196215629578, Loss_u: 0.00048650760436430573
INFO:root:Epoch: 0, Iteration: 8, Loss: 0.3680153787136078, Loss_s: 0.7352074384689331, Loss_u: 0.003293363843113184
INFO:root:Epoch: 0, Iteration: 9, Loss: 0.3844980299472809, Loss_s: 0.7650554180145264, Loss_u: 0.01576252095401287
INFO:root:Epoch: 0, Iteration: 10, Loss: 0.3171361982822418, Loss_s: 0.6291078329086304, Loss_u: 0.020658155903220177
INFO:root:Epoch: 0, Iteration: 11, Loss: 0.3280148208141327, Loss_s: 0.6494888067245483, Loss_u: 0.026163242757320404
INFO:root:Validation set mIOU: 45.06732895301549
INFO:root:Epoch: 1, Iteration: 12, Loss: 0.2956814169883728, Loss_s: 0.5843566656112671, Loss_u: 0.02802473120391369
INFO:root:Epoch: 1, Iteration: 13, Loss: 0.27243128418922424, Loss_s: 0.527203381061554, Loss_u: 0.07063673436641693
INFO:root:Epoch: 1, Iteration: 14, Loss: 0.2617146372795105, Loss_s: 0.514093816280365, Loss_u: 0.03734177350997925
INFO:root:Epoch: 1, Iteration: 15, Loss: 0.26149535179138184, Loss_s: 0.5160748362541199, Loss_u: 0.027663517743349075
INFO:root:Epoch: 1, Iteration: 16, Loss: 0.21255695819854736, Loss_s: 0.41755712032318115, Loss_u: 0.030227147042751312
INFO:root:Epoch: 1, Iteration: 17, Loss: 0.2260797619819641, Loss_s: 0.43538716435432434, Loss_u: 0.06708947569131851
INFO:root:Epoch: 1, Iteration: 18, Loss: 0.23076651990413666, Loss_s: 0.453959196805954, Loss_u: 0.030295345932245255
INFO:root:Epoch: 1, Iteration: 19, Loss: 0.21598771214485168, Loss_s: 0.418854683637619, Loss_u: 0.052482906728982925
INFO:root:Epoch: 1, Iteration: 20, Loss: 0.19097036123275757, Loss_s: 0.37136411666870117, Loss_u: 0.04230642318725586
INFO:root:Epoch: 1, Iteration: 21, Loss: 0.2115694135427475, Loss_s: 0.4150277376174927, Loss_u: 0.0324443019926548
INFO:root:Epoch: 1, Iteration: 22, Loss: 0.20189332962036133, Loss_s: 0.3739657402038574, Loss_u: 0.11928369849920273
INFO:root:Validation set mIOU: 70.10263302152451
INFO:root:Epoch: 2, Iteration: 23, Loss: 0.1851237416267395, Loss_s: 0.3518085181713104, Loss_u: 0.07375586032867432
INFO:root:Epoch: 2, Iteration: 24, Loss: 0.16287298500537872, Loss_s: 0.31803441047668457, Loss_u: 0.030846260488033295
INFO:root:Epoch: 2, Iteration: 25, Loss: 0.1799054592847824, Loss_s: 0.32949087023735046, Loss_u: 0.12128015607595444
INFO:root:Epoch: 2, Iteration: 26, Loss: 0.17157608270645142, Loss_s: 0.33267509937286377, Loss_u: 0.041908279061317444
INFO:root:Epoch: 2, Iteration: 27, Loss: 0.17743101716041565, Loss_s: 0.33575645089149475, Loss_u: 0.076422318816185
INFO:root:Epoch: 2, Iteration: 28, Loss: 0.15327218174934387, Loss_s: 0.28950420022010803, Loss_u: 0.06816070526838303
INFO:root:Epoch: 2, Iteration: 29, Loss: 0.14676827192306519, Loss_s: 0.2709106504917145, Loss_u: 0.09050352871417999
INFO:root:Epoch: 2, Iteration: 30, Loss: 0.15280820429325104, Loss_s: 0.2903066873550415, Loss_u: 0.061238858848810196
INFO:root:Epoch: 2, Iteration: 31, Loss: 0.14798735082149506, Loss_s: 0.2671656310558319, Loss_u: 0.11523626744747162
INFO:root:Epoch: 2, Iteration: 32, Loss: 0.17384159564971924, Loss_s: 0.2968389689922333, Loss_u: 0.203376904129982
INFO:root:Epoch: 2, Iteration: 33, Loss: 0.17580905556678772, Loss_s: 0.3155387341976166, Loss_u: 0.14431755244731903
INFO:root:Validation set mIOU: 68.43002355594686
INFO:root:Epoch: 3, Iteration: 34, Loss: 0.14766016602516174, Loss_s: 0.2768847942352295, Loss_u: 0.07374220341444016
INFO:root:{'backbone': 'resnet50',
 'batch_size': 16,
 'batch_size_consistency': 16,
 'conf_thres': 0.9,
 'config': 'configs/dataset1.yaml',
 'consistency_training': True,
 'crop_size': 128,
 'data_root': './',
 'dataset': 'dataset1',
 'epochs': 100,
 'labeled_id_path': 'dataset/splits/dataset1/1_4/split_random/labeled.txt',
 'lr': 0.0009,
 'model': 'deeplabv3plus',
 'ngpus': 1,
 'plus': False,
 'pseudo_consistency_mask_path': None,
 'pseudo_mask_path': 'outdir/pseudo_masks/dataset1/1_4/split_random/deeplabv3plus/self_training/resnet50/consistency_training/third_time',
 'rand_thres': 0.8,
 'reliable_id_path': None,
 'save_path': 'outdir/models/dataset1/1_4/split_random/deeplabv3plus/self_training/resnet50/consistency_training/third_time',
 'time': 3,
 'unlabeled_id_path': 'dataset/splits/dataset1/1_4/split_random/unlabeled.txt',
 'warm_up': 20}

INFO:root:Training supervised with consistency on unlabeled images
INFO:root:Epoch: 0, Iteration: 1, Loss: 0.5622009038925171, Loss_s: 1.1244018077850342, Loss_u: 0.0
INFO:root:Epoch: 0, Iteration: 2, Loss: 0.5638839602470398, Loss_s: 1.1277679204940796, Loss_u: 0.0
INFO:root:Epoch: 0, Iteration: 3, Loss: 0.5280559659004211, Loss_s: 1.0561119318008423, Loss_u: 0.0
INFO:root:Epoch: 0, Iteration: 4, Loss: 0.49734625220298767, Loss_s: 0.9946925044059753, Loss_u: 0.0
INFO:root:Epoch: 0, Iteration: 5, Loss: 0.472621887922287, Loss_s: 0.9451858401298523, Loss_u: 0.0002316792670171708
INFO:root:Epoch: 0, Iteration: 6, Loss: 0.4724956750869751, Loss_s: 0.9447966814041138, Loss_u: 0.00077859713928774
INFO:root:Epoch: 0, Iteration: 7, Loss: 0.4295955300331116, Loss_s: 0.8586950302124023, Loss_u: 0.0019841522444039583
INFO:root:Epoch: 0, Iteration: 8, Loss: 0.38325053453445435, Loss_s: 0.7647743225097656, Loss_u: 0.006907028611749411
INFO:root:Epoch: 0, Iteration: 9, Loss: 0.36072978377342224, Loss_s: 0.717660665512085, Loss_u: 0.01519552432000637
INFO:root:Epoch: 0, Iteration: 10, Loss: 0.3325498700141907, Loss_s: 0.6612610816955566, Loss_u: 0.015354539267718792
INFO:root:Epoch: 0, Iteration: 11, Loss: 0.29480722546577454, Loss_s: 0.5856975317001343, Loss_u: 0.01566769927740097
INFO:root:Validation set mIOU: 46.22381951720846
INFO:root:Epoch: 1, Iteration: 12, Loss: 0.31048551201820374, Loss_s: 0.6135832667350769, Loss_u: 0.029550926759839058
INFO:root:Epoch: 1, Iteration: 13, Loss: 0.3154744505882263, Loss_s: 0.6191609501838684, Loss_u: 0.04715175926685333
INFO:root:Epoch: 1, Iteration: 14, Loss: 0.27896031737327576, Loss_s: 0.5405909419059753, Loss_u: 0.06931880116462708
INFO:root:Epoch: 1, Iteration: 15, Loss: 0.24879395961761475, Loss_s: 0.4883158802986145, Loss_u: 0.03708820417523384
INFO:root:Epoch: 1, Iteration: 16, Loss: 0.2390313744544983, Loss_s: 0.47135981917381287, Loss_u: 0.026811759918928146
INFO:root:Epoch: 1, Iteration: 17, Loss: 0.24830466508865356, Loss_s: 0.48947712779045105, Loss_u: 0.028528843075037003
INFO:root:Epoch: 1, Iteration: 18, Loss: 0.2163606584072113, Loss_s: 0.41936665773391724, Loss_u: 0.05341869220137596
INFO:root:Epoch: 1, Iteration: 19, Loss: 0.22445788979530334, Loss_s: 0.4373253285884857, Loss_u: 0.046361830085515976
INFO:root:Epoch: 1, Iteration: 20, Loss: 0.21016333997249603, Loss_s: 0.40926235914230347, Loss_u: 0.044257309287786484
INFO:root:Epoch: 1, Iteration: 21, Loss: 0.2119649201631546, Loss_s: 0.4145019054412842, Loss_u: 0.037711720913648605
INFO:root:Epoch: 1, Iteration: 22, Loss: 0.2247854322195053, Loss_s: 0.43303653597831726, Loss_u: 0.06613727658987045
INFO:root:Validation set mIOU: 66.68240903242399
INFO:root:Epoch: 2, Iteration: 23, Loss: 0.19067256152629852, Loss_s: 0.35564950108528137, Loss_u: 0.1027824878692627
INFO:root:Epoch: 2, Iteration: 24, Loss: 0.20376044511795044, Loss_s: 0.3869175314903259, Loss_u: 0.08241337537765503
INFO:root:Epoch: 2, Iteration: 25, Loss: 0.18230411410331726, Loss_s: 0.35507088899612427, Loss_u: 0.03814941272139549
INFO:root:Epoch: 2, Iteration: 26, Loss: 0.18431657552719116, Loss_s: 0.35334259271621704, Loss_u: 0.061162181198596954
INFO:root:Epoch: 2, Iteration: 27, Loss: 0.19407908618450165, Loss_s: 0.3666916787624359, Loss_u: 0.08586600422859192
INFO:root:Epoch: 2, Iteration: 28, Loss: 0.20553454756736755, Loss_s: 0.37134915590286255, Loss_u: 0.15887977182865143
INFO:root:Epoch: 2, Iteration: 29, Loss: 0.18455930054187775, Loss_s: 0.35122916102409363, Loss_u: 0.07155776023864746
INFO:root:Epoch: 2, Iteration: 30, Loss: 0.17217238247394562, Loss_s: 0.33039364218711853, Loss_u: 0.05580449849367142
INFO:root:Epoch: 2, Iteration: 31, Loss: 0.16485761106014252, Loss_s: 0.3102794885635376, Loss_u: 0.07774296402931213
INFO:root:Epoch: 2, Iteration: 32, Loss: 0.17933283746242523, Loss_s: 0.33786383271217346, Loss_u: 0.08320733159780502
INFO:root:Epoch: 2, Iteration: 33, Loss: 0.16736054420471191, Loss_s: 0.323075532913208, Loss_u: 0.04658225178718567
INFO:root:Validation set mIOU: 69.31213126516447
INFO:root:Epoch: 3, Iteration: 34, Loss: 0.14351406693458557, Loss_s: 0.2677899897098541, Loss_u: 0.07695258408784866
INFO:root:Epoch: 3, Iteration: 35, Loss: 0.1603919118642807, Loss_s: 0.30063700675964355, Loss_u: 0.0805872231721878
INFO:root:Epoch: 3, Iteration: 36, Loss: 0.15428204834461212, Loss_s: 0.2595336437225342, Loss_u: 0.19612182676792145
INFO:root:Epoch: 3, Iteration: 37, Loss: 0.1440686732530594, Loss_s: 0.27150020003318787, Loss_u: 0.06654854118824005
INFO:root:Epoch: 3, Iteration: 38, Loss: 0.14508730173110962, Loss_s: 0.2591966390609741, Loss_u: 0.12391185015439987
INFO:root:Epoch: 3, Iteration: 39, Loss: 0.14001187682151794, Loss_s: 0.25180503726005554, Loss_u: 0.11287485808134079
INFO:root:Epoch: 3, Iteration: 40, Loss: 0.16570785641670227, Loss_s: 0.30223631858825684, Loss_u: 0.11671754717826843
INFO:root:Epoch: 3, Iteration: 41, Loss: 0.1490688920021057, Loss_s: 0.23574690520763397, Loss_u: 0.24956345558166504
INFO:root:Epoch: 3, Iteration: 42, Loss: 0.14807286858558655, Loss_s: 0.26673853397369385, Loss_u: 0.11762877553701401
INFO:root:Epoch: 3, Iteration: 43, Loss: 0.1413014978170395, Loss_s: 0.24555866420269012, Loss_u: 0.1481773406267166
INFO:root:Epoch: 3, Iteration: 44, Loss: 0.1295662373304367, Loss_s: 0.23576916754245758, Loss_u: 0.09345320612192154
INFO:root:Validation set mIOU: 73.7752490969055
INFO:root:Epoch: 4, Iteration: 45, Loss: 0.13868901133537292, Loss_s: 0.25316038727760315, Loss_u: 0.0968705490231514
INFO:root:Epoch: 4, Iteration: 46, Loss: 0.13956646621227264, Loss_s: 0.23474515974521637, Loss_u: 0.17755109071731567
INFO:root:Epoch: 4, Iteration: 47, Loss: 0.10966897010803223, Loss_s: 0.18802359700202942, Loss_u: 0.12525740265846252
INFO:root:Epoch: 4, Iteration: 48, Loss: 0.14642731845378876, Loss_s: 0.2431444227695465, Loss_u: 0.19884087145328522
INFO:root:Epoch: 4, Iteration: 49, Loss: 0.12420064210891724, Loss_s: 0.1940004676580429, Loss_u: 0.21760323643684387
INFO:root:Epoch: 4, Iteration: 50, Loss: 0.1412275731563568, Loss_s: 0.2428741306066513, Loss_u: 0.15832409262657166
INFO:root:Epoch: 4, Iteration: 51, Loss: 0.14021454751491547, Loss_s: 0.21835607290267944, Loss_u: 0.24829204380512238
INFO:root:Epoch: 4, Iteration: 52, Loss: 0.12078499048948288, Loss_s: 0.17799152433872223, Loss_u: 0.2543138265609741
INFO:root:Epoch: 4, Iteration: 53, Loss: 0.14859436452388763, Loss_s: 0.22307626903057098, Loss_u: 0.29644984006881714
INFO:root:Epoch: 4, Iteration: 54, Loss: 0.11762604117393494, Loss_s: 0.1932276338338852, Loss_u: 0.16809777915477753
INFO:root:Epoch: 4, Iteration: 55, Loss: 0.1258002668619156, Loss_s: 0.20338785648345947, Loss_u: 0.1928507536649704
INFO:root:Validation set mIOU: 76.77712014147599
INFO:root:Epoch: 5, Iteration: 56, Loss: 0.12352000176906586, Loss_s: 0.19112586975097656, Loss_u: 0.2236565202474594
INFO:root:Epoch: 5, Iteration: 57, Loss: 0.12644746899604797, Loss_s: 0.18601341545581818, Loss_u: 0.26752614974975586
INFO:root:Epoch: 5, Iteration: 58, Loss: 0.1406422257423401, Loss_s: 0.25377723574638367, Loss_u: 0.11002892255783081
INFO:root:Epoch: 5, Iteration: 59, Loss: 0.10979826748371124, Loss_s: 0.1848532110452652, Loss_u: 0.13897328078746796
INFO:root:Epoch: 5, Iteration: 60, Loss: 0.12755782902240753, Loss_s: 0.203482985496521, Loss_u: 0.20653069019317627
INFO:root:Epoch: 5, Iteration: 61, Loss: 0.12517549097537994, Loss_s: 0.19858059287071228, Loss_u: 0.20708155632019043
INFO:root:Epoch: 5, Iteration: 62, Loss: 0.11235971748828888, Loss_s: 0.1755821406841278, Loss_u: 0.1965491622686386
INFO:root:Epoch: 5, Iteration: 63, Loss: 0.14629612863063812, Loss_s: 0.22052177786827087, Loss_u: 0.2882818877696991
INFO:root:Epoch: 5, Iteration: 64, Loss: 0.12547144293785095, Loss_s: 0.20948448777198792, Loss_u: 0.16583356261253357
INFO:root:Epoch: 5, Iteration: 65, Loss: 0.10681330412626266, Loss_s: 0.16824248433113098, Loss_u: 0.1815364956855774
INFO:root:Epoch: 5, Iteration: 66, Loss: 0.11667029559612274, Loss_s: 0.17720481753349304, Loss_u: 0.22454307973384857
INFO:root:Validation set mIOU: 81.11762819527519
INFO:root:Epoch: 6, Iteration: 67, Loss: 0.09537969529628754, Loss_s: 0.15171243250370026, Loss_u: 0.15618781745433807
INFO:root:Epoch: 6, Iteration: 68, Loss: 0.08477868884801865, Loss_s: 0.1481909304857254, Loss_u: 0.08546577394008636
INFO:root:Epoch: 6, Iteration: 69, Loss: 0.10342831164598465, Loss_s: 0.17928093671798706, Loss_u: 0.11030273884534836
INFO:root:Epoch: 6, Iteration: 70, Loss: 0.12719668447971344, Loss_s: 0.17855802178382874, Loss_u: 0.3033413589000702
INFO:root:Epoch: 6, Iteration: 71, Loss: 0.09702569246292114, Loss_s: 0.16369950771331787, Loss_u: 0.12140747904777527
INFO:root:Epoch: 6, Iteration: 72, Loss: 0.13595539331436157, Loss_s: 0.22306647896766663, Loss_u: 0.1953771859407425
INFO:root:Epoch: 6, Iteration: 73, Loss: 0.10344547778367996, Loss_s: 0.1779487133026123, Loss_u: 0.11576898396015167
INFO:root:Epoch: 6, Iteration: 74, Loss: 0.09686119854450226, Loss_s: 0.15742497146129608, Loss_u: 0.14518968760967255
INFO:root:Epoch: 6, Iteration: 75, Loss: 0.10579028725624084, Loss_s: 0.18046416342258453, Loss_u: 0.12446564435958862
INFO:root:Epoch: 6, Iteration: 76, Loss: 0.11434922367334366, Loss_s: 0.1736779808998108, Loss_u: 0.2200818508863449
INFO:root:Epoch: 6, Iteration: 77, Loss: 0.11841599643230438, Loss_s: 0.18656222522258759, Loss_u: 0.2010791003704071
INFO:root:Validation set mIOU: 82.25114050074703
INFO:root:Epoch: 7, Iteration: 78, Loss: 0.12146603316068649, Loss_s: 0.20726901292800903, Loss_u: 0.142652228474617
INFO:root:Epoch: 7, Iteration: 79, Loss: 0.0951869785785675, Loss_s: 0.16071121394634247, Loss_u: 0.11865094304084778
INFO:root:Epoch: 7, Iteration: 80, Loss: 0.10735106468200684, Loss_s: 0.1669372022151947, Loss_u: 0.19105969369411469
INFO:root:Epoch: 7, Iteration: 81, Loss: 0.11987286806106567, Loss_s: 0.17386022210121155, Loss_u: 0.2635420560836792
INFO:root:Epoch: 7, Iteration: 82, Loss: 0.1014062762260437, Loss_s: 0.16517330706119537, Loss_u: 0.15055696666240692
INFO:root:Epoch: 7, Iteration: 83, Loss: 0.0899490937590599, Loss_s: 0.143038809299469, Loss_u: 0.14743751287460327
INFO:root:Epoch: 7, Iteration: 84, Loss: 0.10196585953235626, Loss_s: 0.167667955160141, Loss_u: 0.14505508542060852
INFO:root:Epoch: 7, Iteration: 85, Loss: 0.11518590897321701, Loss_s: 0.17665541172027588, Loss_u: 0.21486561000347137
INFO:root:Epoch: 7, Iteration: 86, Loss: 0.10115934908390045, Loss_s: 0.16656911373138428, Loss_u: 0.14299830794334412
INFO:root:Epoch: 7, Iteration: 87, Loss: 0.09127583354711533, Loss_s: 0.14145305752754211, Loss_u: 0.16439445316791534
INFO:root:Epoch: 7, Iteration: 88, Loss: 0.0929872989654541, Loss_s: 0.12815606594085693, Loss_u: 0.23127415776252747
INFO:root:Validation set mIOU: 77.34105250550482
INFO:root:Epoch: 8, Iteration: 89, Loss: 0.08221809566020966, Loss_s: 0.1328747421503067, Loss_u: 0.12624579668045044
INFO:root:Epoch: 8, Iteration: 90, Loss: 0.10235827416181564, Loss_s: 0.1394738107919693, Loss_u: 0.26097095012664795
INFO:root:Epoch: 8, Iteration: 91, Loss: 0.09524161368608475, Loss_s: 0.1679806411266327, Loss_u: 0.09001035243272781
INFO:root:Epoch: 8, Iteration: 92, Loss: 0.0866217315196991, Loss_s: 0.13442683219909668, Loss_u: 0.15526652336120605
INFO:root:Epoch: 8, Iteration: 93, Loss: 0.10556339472532272, Loss_s: 0.16387681663036346, Loss_u: 0.18899987637996674
INFO:root:Epoch: 8, Iteration: 94, Loss: 0.11039803922176361, Loss_s: 0.14992517232894897, Loss_u: 0.283483624458313
INFO:root:Epoch: 8, Iteration: 95, Loss: 0.09420854598283768, Loss_s: 0.15461808443069458, Loss_u: 0.1351960301399231
INFO:root:Epoch: 8, Iteration: 96, Loss: 0.08806882053613663, Loss_s: 0.14183662831783295, Loss_u: 0.13720405101776123
INFO:root:Epoch: 8, Iteration: 97, Loss: 0.11228494346141815, Loss_s: 0.16938430070877075, Loss_u: 0.2207423597574234
INFO:root:Epoch: 8, Iteration: 98, Loss: 0.08399369567632675, Loss_s: 0.13548912107944489, Loss_u: 0.12999308109283447
INFO:root:Epoch: 8, Iteration: 99, Loss: 0.08362571150064468, Loss_s: 0.1415339559316635, Loss_u: 0.10286985337734222
INFO:root:Validation set mIOU: 81.353027737064
INFO:root:Epoch: 9, Iteration: 100, Loss: 0.09680380672216415, Loss_s: 0.14720870554447174, Loss_u: 0.18559561669826508
INFO:root:Epoch: 9, Iteration: 101, Loss: 0.09348796308040619, Loss_s: 0.14711888134479523, Loss_u: 0.15942814946174622
INFO:root:Epoch: 9, Iteration: 102, Loss: 0.09650680422782898, Loss_s: 0.15674778819084167, Loss_u: 0.14506329596042633
INFO:root:Epoch: 9, Iteration: 103, Loss: 0.0889212042093277, Loss_s: 0.1301489770412445, Loss_u: 0.19077375531196594
INFO:root:Epoch: 9, Iteration: 104, Loss: 0.08850353956222534, Loss_s: 0.1447306126356125, Loss_u: 0.12910586595535278
INFO:root:Epoch: 9, Iteration: 105, Loss: 0.09528538584709167, Loss_s: 0.1543540060520172, Loss_u: 0.14486709237098694
INFO:root:Epoch: 9, Iteration: 106, Loss: 0.09163317829370499, Loss_s: 0.16108185052871704, Loss_u: 0.08873800188302994
INFO:root:Epoch: 9, Iteration: 107, Loss: 0.08782239258289337, Loss_s: 0.1347396820783615, Loss_u: 0.16362044215202332
INFO:root:Epoch: 9, Iteration: 108, Loss: 0.10984085500240326, Loss_s: 0.19241656363010406, Loss_u: 0.10906056314706802
INFO:root:Epoch: 9, Iteration: 109, Loss: 0.09831538796424866, Loss_s: 0.1064021959900856, Loss_u: 0.36091434955596924
INFO:root:Epoch: 9, Iteration: 110, Loss: 0.10832108557224274, Loss_s: 0.17556880414485931, Loss_u: 0.16429348289966583
INFO:root:Validation set mIOU: 82.44450975142449
INFO:root:Epoch: 10, Iteration: 111, Loss: 0.10223156958818436, Loss_s: 0.1671527624130249, Loss_u: 0.14924152195453644
INFO:root:Epoch: 10, Iteration: 112, Loss: 0.08752992004156113, Loss_s: 0.13082316517829895, Loss_u: 0.1769467145204544
INFO:root:Epoch: 10, Iteration: 113, Loss: 0.0924738422036171, Loss_s: 0.1406610757112503, Loss_u: 0.17714643478393555
INFO:root:Epoch: 10, Iteration: 114, Loss: 0.08908478170633316, Loss_s: 0.12724001705646515, Loss_u: 0.2037181854248047
INFO:root:Epoch: 10, Iteration: 115, Loss: 0.0843018889427185, Loss_s: 0.13732126355171204, Loss_u: 0.1251300722360611
