INFO:root:{'addition': 'circular_cutout',
 'backbone': 'resnet101',
 'batch_size': 16,
 'batch_size_consistency': 16,
 'conf_thres': 0.95,
 'config': 'configs/dataset2.yaml',
 'consistency_training': False,
 'crop_size': 320,
 'data_root': './',
 'dataset': 'dataset2',
 'epochs': 100,
 'labeled_id_path': 'dataset/splits/dataset2/1_4/split_random/labeled.txt',
 'lr': 0.0009,
 'model': 'pspnet',
 'ngpus': 1,
 'plus': False,
 'pseudo_consistency_mask_path': None,
 'pseudo_mask_path': 'outdir/pseudo_masks/dataset2/1_4/split_random/pspnet/resnet101/circular_cutout/self_training/non_consistency_training/first_time',
 'rand_thres': 0.8,
 'reliable_id_path': None,
 'save_path': 'outdir/models/dataset2/1_4/split_random/pspnet/resnet101/circular_cutout/self_training/non_consistency_training/first_time',
 'time': 1,
 'unlabeled_id_path': 'dataset/splits/dataset2/1_4/split_random/unlabeled.txt',
 'warm_up': 30}

INFO:root:Training supervised with consistency on unlabeled images
INFO:root:Epoch: 0, Iteration: 1, Loss: 1.2441356182098389
INFO:root:Epoch: 0, Iteration: 2, Loss: 0.7353444695472717
INFO:root:Validation set mIOU: 42.02387896296511
INFO:root:Epoch: 1, Iteration: 3, Loss: 0.6024177670478821
INFO:root:Epoch: 1, Iteration: 4, Loss: 0.390331894159317
INFO:root:Validation set mIOU: 56.905402579651444
INFO:root:Epoch: 2, Iteration: 5, Loss: 0.3584679365158081
INFO:root:Epoch: 2, Iteration: 6, Loss: 0.27553021907806396
INFO:root:Validation set mIOU: 65.30157245153447
INFO:root:Epoch: 3, Iteration: 7, Loss: 0.2673644721508026
INFO:root:Epoch: 3, Iteration: 8, Loss: 0.274149626493454
INFO:root:Validation set mIOU: 66.38463185122592
INFO:root:Epoch: 4, Iteration: 9, Loss: 0.2527405917644501
INFO:root:Epoch: 4, Iteration: 10, Loss: 0.2751554548740387
INFO:root:Validation set mIOU: 66.5076110503349
INFO:root:Epoch: 5, Iteration: 11, Loss: 0.22853349149227142
INFO:root:Epoch: 5, Iteration: 12, Loss: 0.3877533972263336
INFO:root:Validation set mIOU: 65.96289147276144
INFO:root:Epoch: 6, Iteration: 13, Loss: 0.22996756434440613
INFO:root:Epoch: 6, Iteration: 14, Loss: 0.23569442331790924
INFO:root:Validation set mIOU: 66.78251800328113
INFO:root:Epoch: 7, Iteration: 15, Loss: 0.1986590325832367
INFO:root:Epoch: 7, Iteration: 16, Loss: 0.3224339783191681
INFO:root:Validation set mIOU: 67.99051550865994
INFO:root:Epoch: 8, Iteration: 17, Loss: 0.22019417583942413
INFO:root:Epoch: 8, Iteration: 18, Loss: 0.1713085025548935
INFO:root:Validation set mIOU: 69.13768511901358
INFO:root:Epoch: 9, Iteration: 19, Loss: 0.22657649219036102
INFO:root:Epoch: 9, Iteration: 20, Loss: 0.1841394007205963
INFO:root:Validation set mIOU: 69.97548975928245
INFO:root:Epoch: 10, Iteration: 21, Loss: 0.18777909874916077
INFO:root:Epoch: 10, Iteration: 22, Loss: 0.20004156231880188
INFO:root:Validation set mIOU: 69.90613497488812
INFO:root:Epoch: 11, Iteration: 23, Loss: 0.16348044574260712
INFO:root:Epoch: 11, Iteration: 24, Loss: 0.21076413989067078
INFO:root:Validation set mIOU: 68.55825299985977
INFO:root:Epoch: 12, Iteration: 25, Loss: 0.1751714050769806
INFO:root:Epoch: 12, Iteration: 26, Loss: 0.16519643366336823
INFO:root:Validation set mIOU: 67.83177834264903
INFO:root:Epoch: 13, Iteration: 27, Loss: 0.14887389540672302
INFO:root:Epoch: 13, Iteration: 28, Loss: 0.14340314269065857
INFO:root:Validation set mIOU: 67.28937263127234
INFO:root:Epoch: 14, Iteration: 29, Loss: 0.14823225140571594
INFO:root:Epoch: 14, Iteration: 30, Loss: 0.16099300980567932
INFO:root:Validation set mIOU: 68.52494812483427
INFO:root:Epoch: 15, Iteration: 31, Loss: 0.17193502187728882
INFO:root:Epoch: 15, Iteration: 32, Loss: 0.18380193412303925
INFO:root:Validation set mIOU: 70.65143640668751
INFO:root:Epoch: 16, Iteration: 33, Loss: 0.15603861212730408
INFO:root:Epoch: 16, Iteration: 34, Loss: 0.16698239743709564
INFO:root:Validation set mIOU: 72.34902298599599
INFO:root:Epoch: 17, Iteration: 35, Loss: 0.15830229222774506
INFO:root:Epoch: 17, Iteration: 36, Loss: 0.15306884050369263
INFO:root:Validation set mIOU: 73.07137865902055
INFO:root:Epoch: 18, Iteration: 37, Loss: 0.1490846872329712
INFO:root:Epoch: 18, Iteration: 38, Loss: 0.14322201907634735
INFO:root:Validation set mIOU: 73.68324482865279
INFO:root:Epoch: 19, Iteration: 39, Loss: 0.12881265580654144
INFO:root:Epoch: 19, Iteration: 40, Loss: 0.14860007166862488
INFO:root:Validation set mIOU: 74.24812265157134
INFO:root:Epoch: 20, Iteration: 41, Loss: 0.14730969071388245
INFO:root:Epoch: 20, Iteration: 42, Loss: 0.1471368372440338
INFO:root:Validation set mIOU: 74.53022918955826
INFO:root:Epoch: 21, Iteration: 43, Loss: 0.1390976905822754
INFO:root:Epoch: 21, Iteration: 44, Loss: 0.14696893095970154
INFO:root:Validation set mIOU: 74.90221163397302
INFO:root:Epoch: 22, Iteration: 45, Loss: 0.1336478739976883
INFO:root:Epoch: 22, Iteration: 46, Loss: 0.12891660630702972
INFO:root:Validation set mIOU: 75.00408043017855
INFO:root:Epoch: 23, Iteration: 47, Loss: 0.13131806254386902
INFO:root:Epoch: 23, Iteration: 48, Loss: 0.14105409383773804
INFO:root:Validation set mIOU: 74.89843399352742
INFO:root:Epoch: 24, Iteration: 49, Loss: 0.13880130648612976
INFO:root:Epoch: 24, Iteration: 50, Loss: 0.1716262549161911
INFO:root:Validation set mIOU: 75.00601814472573
INFO:root:Epoch: 25, Iteration: 51, Loss: 0.13103130459785461
INFO:root:Epoch: 25, Iteration: 52, Loss: 0.12497667223215103
INFO:root:Validation set mIOU: 74.30842871426212
INFO:root:Epoch: 26, Iteration: 53, Loss: 0.14778052270412445
INFO:root:Epoch: 26, Iteration: 54, Loss: 0.12148524075746536
INFO:root:Validation set mIOU: 72.74976703274541
INFO:root:Epoch: 27, Iteration: 55, Loss: 0.13362473249435425
INFO:root:Epoch: 27, Iteration: 56, Loss: 0.12517543137073517
INFO:root:Validation set mIOU: 71.72377941490213
INFO:root:Epoch: 28, Iteration: 57, Loss: 0.21075959503650665
INFO:root:Epoch: 28, Iteration: 58, Loss: 0.11818230897188187
INFO:root:Validation set mIOU: 71.21797289207835
INFO:root:Epoch: 29, Iteration: 59, Loss: 0.12685400247573853
INFO:root:Epoch: 29, Iteration: 60, Loss: 0.1414264291524887
INFO:root:Validation set mIOU: 72.33399688741584
INFO:root:Epoch: 30, Iteration: 61, Loss: 0.13051657378673553
INFO:root:Epoch: 30, Iteration: 62, Loss: 0.12790048122406006
INFO:root:Validation set mIOU: 74.05173680290318
INFO:root:Epoch: 31, Iteration: 63, Loss: 0.14958839118480682
INFO:root:Epoch: 31, Iteration: 64, Loss: 0.13287313282489777
INFO:root:Validation set mIOU: 74.7764839926078
INFO:root:Epoch: 32, Iteration: 65, Loss: 0.12840653955936432
INFO:root:Epoch: 32, Iteration: 66, Loss: 0.11287856101989746
INFO:root:Validation set mIOU: 75.03246757677438
INFO:root:Epoch: 33, Iteration: 67, Loss: 0.1300911158323288
INFO:root:Epoch: 33, Iteration: 68, Loss: 0.10229218006134033
INFO:root:Validation set mIOU: 75.00332632005828
INFO:root:Epoch: 34, Iteration: 69, Loss: 0.11315236985683441
INFO:root:Epoch: 34, Iteration: 70, Loss: 0.12197238206863403
INFO:root:Validation set mIOU: 73.68607248710516
INFO:root:Epoch: 35, Iteration: 71, Loss: 0.11330966651439667
INFO:root:Epoch: 35, Iteration: 72, Loss: 0.11107627302408218
INFO:root:Validation set mIOU: 72.70476512164322
INFO:root:Epoch: 36, Iteration: 73, Loss: 0.10803048312664032
INFO:root:Epoch: 36, Iteration: 74, Loss: 0.1097349002957344
INFO:root:Validation set mIOU: 72.4910592112031
INFO:root:Epoch: 37, Iteration: 75, Loss: 0.12198865413665771
INFO:root:Epoch: 37, Iteration: 76, Loss: 0.10653246939182281
INFO:root:Validation set mIOU: 73.96297141027193
INFO:root:Epoch: 38, Iteration: 77, Loss: 0.14315971732139587
INFO:root:Epoch: 38, Iteration: 78, Loss: 0.11061064898967743
INFO:root:Validation set mIOU: 74.78293137448992
INFO:root:Epoch: 39, Iteration: 79, Loss: 0.10672037303447723
INFO:root:Epoch: 39, Iteration: 80, Loss: 0.14057064056396484
INFO:root:Validation set mIOU: 75.76534695997984
INFO:root:Epoch: 40, Iteration: 81, Loss: 0.112345390021801
INFO:root:Epoch: 40, Iteration: 82, Loss: 0.1094321608543396
INFO:root:Validation set mIOU: 76.7929338435473
INFO:root:Epoch: 41, Iteration: 83, Loss: 0.11634644120931625
INFO:root:Epoch: 41, Iteration: 84, Loss: 0.10211492329835892
INFO:root:Validation set mIOU: 77.32902789044468
INFO:root:Epoch: 42, Iteration: 85, Loss: 0.11739185452461243
INFO:root:Epoch: 42, Iteration: 86, Loss: 0.11042965948581696
INFO:root:Validation set mIOU: 77.53630658098633
INFO:root:Epoch: 43, Iteration: 87, Loss: 0.09910795837640762
INFO:root:Epoch: 43, Iteration: 88, Loss: 0.11423202604055405
INFO:root:Validation set mIOU: 77.4593898331318
INFO:root:Epoch: 44, Iteration: 89, Loss: 0.10825710743665695
INFO:root:Epoch: 44, Iteration: 90, Loss: 0.11906059086322784
INFO:root:Validation set mIOU: 77.07950867106206
INFO:root:Epoch: 45, Iteration: 91, Loss: 0.10120044648647308
INFO:root:Epoch: 45, Iteration: 92, Loss: 0.10788965225219727
INFO:root:Validation set mIOU: 76.55626835000427
INFO:root:Epoch: 46, Iteration: 93, Loss: 0.09960339218378067
INFO:root:Epoch: 46, Iteration: 94, Loss: 0.10354495048522949
INFO:root:Validation set mIOU: 76.57003138545315
INFO:root:Epoch: 47, Iteration: 95, Loss: 0.1141677275300026
INFO:root:Epoch: 47, Iteration: 96, Loss: 0.1411197930574417
INFO:root:Validation set mIOU: 75.88222815496275
INFO:root:Epoch: 48, Iteration: 97, Loss: 0.10509515553712845
INFO:root:Epoch: 48, Iteration: 98, Loss: 0.10428948700428009
INFO:root:Validation set mIOU: 75.94937824430978
INFO:root:Epoch: 49, Iteration: 99, Loss: 0.10293903201818466
INFO:root:Epoch: 49, Iteration: 100, Loss: 0.10659991204738617
INFO:root:Validation set mIOU: 76.05097494237843
INFO:root:Epoch: 50, Iteration: 101, Loss: 0.13108590245246887
INFO:root:Epoch: 50, Iteration: 102, Loss: 0.10540638118982315
INFO:root:Validation set mIOU: 75.91348459567313
INFO:root:Epoch: 51, Iteration: 103, Loss: 0.10695722699165344
INFO:root:Epoch: 51, Iteration: 104, Loss: 0.10288096964359283
INFO:root:Validation set mIOU: 76.12587481920926
INFO:root:Epoch: 52, Iteration: 105, Loss: 0.10730291157960892
INFO:root:Epoch: 52, Iteration: 106, Loss: 0.09426379203796387
INFO:root:Validation set mIOU: 76.77376114806984
INFO:root:Epoch: 53, Iteration: 107, Loss: 0.0972408577799797
INFO:root:Epoch: 53, Iteration: 108, Loss: 0.10883251577615738
INFO:root:Validation set mIOU: 77.44940866107264
INFO:root:Epoch: 54, Iteration: 109, Loss: 0.08774890005588531
INFO:root:Epoch: 54, Iteration: 110, Loss: 0.12277831137180328
INFO:root:Validation set mIOU: 77.66577415158233
INFO:root:Epoch: 55, Iteration: 111, Loss: 0.08725381642580032
INFO:root:Epoch: 55, Iteration: 112, Loss: 0.10556364059448242
INFO:root:Validation set mIOU: 77.92380741945449
INFO:root:Epoch: 56, Iteration: 113, Loss: 0.09710010141134262
INFO:root:Epoch: 56, Iteration: 114, Loss: 0.09795574098825455
INFO:root:Validation set mIOU: 77.93432907634097
INFO:root:Epoch: 57, Iteration: 115, Loss: 0.1043887585401535
INFO:root:Epoch: 57, Iteration: 116, Loss: 0.09264932572841644
INFO:root:Validation set mIOU: 77.78082426359614
INFO:root:Epoch: 58, Iteration: 117, Loss: 0.11120525002479553
INFO:root:Epoch: 58, Iteration: 118, Loss: 0.09687002003192902
INFO:root:Validation set mIOU: 77.42875023724444
INFO:root:Epoch: 59, Iteration: 119, Loss: 0.0930076465010643
INFO:root:Epoch: 59, Iteration: 120, Loss: 0.1049528568983078
INFO:root:Validation set mIOU: 77.09620157077933
INFO:root:Epoch: 60, Iteration: 121, Loss: 0.09967854619026184
INFO:root:Epoch: 60, Iteration: 122, Loss: 0.0981767326593399
INFO:root:Validation set mIOU: 76.63894398795281
INFO:root:Epoch: 61, Iteration: 123, Loss: 0.10353262722492218
INFO:root:Epoch: 61, Iteration: 124, Loss: 0.10650679469108582
INFO:root:Validation set mIOU: 76.30699923393492
INFO:root:Epoch: 62, Iteration: 125, Loss: 0.10230143368244171
INFO:root:Epoch: 62, Iteration: 126, Loss: 0.09627415984869003
INFO:root:Validation set mIOU: 76.6541628579671
INFO:root:Epoch: 63, Iteration: 127, Loss: 0.14536245167255402
INFO:root:Epoch: 63, Iteration: 128, Loss: 0.09335990995168686
INFO:root:Validation set mIOU: 77.47240743615124
INFO:root:Epoch: 64, Iteration: 129, Loss: 0.10534395277500153
INFO:root:Epoch: 64, Iteration: 130, Loss: 0.10001438856124878
INFO:root:Validation set mIOU: 77.73591697931217
INFO:root:Epoch: 65, Iteration: 131, Loss: 0.09054404497146606
INFO:root:Epoch: 65, Iteration: 132, Loss: 0.0877547562122345
INFO:root:Validation set mIOU: 78.21424785179883
INFO:root:Epoch: 66, Iteration: 133, Loss: 0.08622239530086517
INFO:root:Epoch: 66, Iteration: 134, Loss: 0.10448052734136581
INFO:root:Validation set mIOU: 78.27209617387166
INFO:root:Epoch: 67, Iteration: 135, Loss: 0.10065733641386032
INFO:root:Epoch: 67, Iteration: 136, Loss: 0.1040726825594902
INFO:root:Validation set mIOU: 78.18834019828071
INFO:root:Epoch: 68, Iteration: 137, Loss: 0.09318704903125763
INFO:root:Epoch: 68, Iteration: 138, Loss: 0.10357275605201721
INFO:root:Validation set mIOU: 78.26519774791788
INFO:root:Epoch: 69, Iteration: 139, Loss: 0.1113649532198906
INFO:root:Epoch: 69, Iteration: 140, Loss: 0.08399047702550888
INFO:root:Validation set mIOU: 78.35734029463529
INFO:root:Epoch: 70, Iteration: 141, Loss: 0.08945682644844055
INFO:root:Epoch: 70, Iteration: 142, Loss: 0.09386579692363739
INFO:root:Validation set mIOU: 78.59956388588323
INFO:root:Epoch: 71, Iteration: 143, Loss: 0.08678222447633743
INFO:root:Epoch: 71, Iteration: 144, Loss: 0.09503205865621567
INFO:root:Validation set mIOU: 78.82945500490193
INFO:root:Epoch: 72, Iteration: 145, Loss: 0.0870770812034607
INFO:root:Epoch: 72, Iteration: 146, Loss: 0.08835545927286148
INFO:root:Validation set mIOU: 79.08437998013662
INFO:root:Epoch: 73, Iteration: 147, Loss: 0.08957240730524063
INFO:root:Epoch: 73, Iteration: 148, Loss: 0.09724856168031693
INFO:root:Validation set mIOU: 79.23309266584003
INFO:root:Epoch: 74, Iteration: 149, Loss: 0.08310063183307648
INFO:root:Epoch: 74, Iteration: 150, Loss: 0.09350388497114182
INFO:root:Validation set mIOU: 79.15694682843602
INFO:root:Epoch: 75, Iteration: 151, Loss: 0.09153710305690765
INFO:root:Epoch: 75, Iteration: 152, Loss: 0.09297003597021103
INFO:root:Validation set mIOU: 79.06368332887133
INFO:root:Epoch: 76, Iteration: 153, Loss: 0.0865078791975975
INFO:root:Epoch: 76, Iteration: 154, Loss: 0.08690135180950165
INFO:root:Validation set mIOU: 78.85414685689494
INFO:root:Epoch: 77, Iteration: 155, Loss: 0.08540049940347672
INFO:root:Epoch: 77, Iteration: 156, Loss: 0.10197603702545166
INFO:root:Validation set mIOU: 78.81530377288327
INFO:root:Epoch: 78, Iteration: 157, Loss: 0.0985771045088768
INFO:root:Epoch: 78, Iteration: 158, Loss: 0.09447427093982697
INFO:root:Validation set mIOU: 78.60075961832528
INFO:root:Epoch: 79, Iteration: 159, Loss: 0.10319875925779343
INFO:root:Epoch: 79, Iteration: 160, Loss: 0.10709075629711151
INFO:root:Validation set mIOU: 78.54164452789796
INFO:root:Epoch: 80, Iteration: 161, Loss: 0.1403508186340332
INFO:root:Epoch: 80, Iteration: 162, Loss: 0.08014746755361557
INFO:root:Validation set mIOU: 78.39707514018396
INFO:root:Epoch: 81, Iteration: 163, Loss: 0.09001290053129196
INFO:root:Epoch: 81, Iteration: 164, Loss: 0.09397998452186584
INFO:root:Validation set mIOU: 78.49155675637887
INFO:root:Epoch: 82, Iteration: 165, Loss: 0.10251011699438095
INFO:root:Epoch: 82, Iteration: 166, Loss: 0.09266230463981628
INFO:root:Validation set mIOU: 78.55885318083607
INFO:root:Epoch: 83, Iteration: 167, Loss: 0.09613211452960968
INFO:root:Epoch: 83, Iteration: 168, Loss: 0.08815330266952515
INFO:root:Validation set mIOU: 78.62373166697873
INFO:root:Epoch: 84, Iteration: 169, Loss: 0.09795871376991272
INFO:root:Epoch: 84, Iteration: 170, Loss: 0.08168788999319077
INFO:root:Validation set mIOU: 78.87011886714798
INFO:root:Epoch: 85, Iteration: 171, Loss: 0.08660301566123962
INFO:root:Epoch: 85, Iteration: 172, Loss: 0.08950744569301605
INFO:root:Validation set mIOU: 78.8899001443882
INFO:root:Epoch: 86, Iteration: 173, Loss: 0.09227421134710312
INFO:root:Epoch: 86, Iteration: 174, Loss: 0.09575905650854111
INFO:root:Validation set mIOU: 79.06308934154262
INFO:root:Epoch: 87, Iteration: 175, Loss: 0.09477557241916656
INFO:root:Epoch: 87, Iteration: 176, Loss: 0.08827058225870132
INFO:root:Validation set mIOU: 79.36953017269639
INFO:root:Epoch: 88, Iteration: 177, Loss: 0.09916224330663681
INFO:root:Epoch: 88, Iteration: 178, Loss: 0.08838704228401184
INFO:root:Validation set mIOU: 79.41628049306175
INFO:root:Epoch: 89, Iteration: 179, Loss: 0.08011367172002792
INFO:root:Epoch: 89, Iteration: 180, Loss: 0.07676531374454498
INFO:root:Validation set mIOU: 79.4307822439918
INFO:root:Epoch: 90, Iteration: 181, Loss: 0.08515102416276932
INFO:root:Epoch: 90, Iteration: 182, Loss: 0.08260097354650497
INFO:root:Validation set mIOU: 79.51340604404787
INFO:root:Epoch: 91, Iteration: 183, Loss: 0.10569778829813004
INFO:root:Epoch: 91, Iteration: 184, Loss: 0.1074238196015358
INFO:root:Validation set mIOU: 79.43505650379933
INFO:root:Epoch: 92, Iteration: 185, Loss: 0.08915622532367706
INFO:root:Epoch: 92, Iteration: 186, Loss: 0.09319962561130524
INFO:root:Validation set mIOU: 79.39486147048372
INFO:root:Epoch: 93, Iteration: 187, Loss: 0.08838683366775513
INFO:root:Epoch: 93, Iteration: 188, Loss: 0.07850153744220734
INFO:root:Validation set mIOU: 79.39410423588458
INFO:root:Epoch: 94, Iteration: 189, Loss: 0.0918869748711586
INFO:root:Epoch: 94, Iteration: 190, Loss: 0.08588336408138275
INFO:root:Validation set mIOU: 79.21220006375424
INFO:root:Epoch: 95, Iteration: 191, Loss: 0.08742225170135498
INFO:root:Epoch: 95, Iteration: 192, Loss: 0.0989454984664917
INFO:root:Validation set mIOU: 79.428394796999
INFO:root:Epoch: 96, Iteration: 193, Loss: 0.09786718338727951
INFO:root:Epoch: 96, Iteration: 194, Loss: 0.07609790563583374
INFO:root:Validation set mIOU: 79.42638816464279
INFO:root:Epoch: 97, Iteration: 195, Loss: 0.09112262725830078
INFO:root:Epoch: 97, Iteration: 196, Loss: 0.10321900993585587
INFO:root:Validation set mIOU: 79.30298638240686
INFO:root:Epoch: 98, Iteration: 197, Loss: 0.07878037542104721
INFO:root:Epoch: 98, Iteration: 198, Loss: 0.11177971214056015
INFO:root:Validation set mIOU: 79.06736326038644
INFO:root:Epoch: 99, Iteration: 199, Loss: 0.10533776134252548
INFO:root:Epoch: 99, Iteration: 200, Loss: 0.07923154532909393
INFO:root:Validation set mIOU: 79.08742477843806
INFO:root:Semi-training
INFO:root:Epoch: 0, Iteration: 1, Loss: 1.0248093605041504
INFO:root:Epoch: 0, Iteration: 2, Loss: 0.6887352466583252
INFO:root:Epoch: 0, Iteration: 3, Loss: 0.5006035566329956
INFO:root:Epoch: 0, Iteration: 4, Loss: 0.4526423513889313
INFO:root:Epoch: 0, Iteration: 5, Loss: 0.4229673147201538
INFO:root:Epoch: 0, Iteration: 6, Loss: 0.3892749547958374
INFO:root:Epoch: 0, Iteration: 7, Loss: 0.49066367745399475
INFO:root:Validation set mIOU: 62.62154986408578
INFO:root:Epoch: 1, Iteration: 8, Loss: 0.40613076090812683
INFO:root:Epoch: 1, Iteration: 9, Loss: 0.37556982040405273
INFO:root:Epoch: 1, Iteration: 10, Loss: 0.3244245946407318
INFO:root:Epoch: 1, Iteration: 11, Loss: 0.3185063600540161
INFO:root:Epoch: 1, Iteration: 12, Loss: 0.27453169226646423
INFO:root:Epoch: 1, Iteration: 13, Loss: 0.2292468547821045
INFO:root:Epoch: 1, Iteration: 14, Loss: 0.3106224536895752
INFO:root:Validation set mIOU: 66.78554028435654
INFO:root:Epoch: 2, Iteration: 15, Loss: 0.25017595291137695
INFO:root:Epoch: 2, Iteration: 16, Loss: 0.2957237958908081
INFO:root:Epoch: 2, Iteration: 17, Loss: 0.2870562672615051
INFO:root:Epoch: 2, Iteration: 18, Loss: 0.22884756326675415
INFO:root:Epoch: 2, Iteration: 19, Loss: 0.28794416785240173
INFO:root:Epoch: 2, Iteration: 20, Loss: 0.21697135269641876
INFO:root:Epoch: 2, Iteration: 21, Loss: 0.2869778275489807
INFO:root:Validation set mIOU: 68.52880194109972
INFO:root:Epoch: 3, Iteration: 22, Loss: 0.20591813325881958
INFO:root:Epoch: 3, Iteration: 23, Loss: 0.2408582717180252
INFO:root:Epoch: 3, Iteration: 24, Loss: 0.2353607714176178
INFO:root:Epoch: 3, Iteration: 25, Loss: 0.19550569355487823
INFO:root:Epoch: 3, Iteration: 26, Loss: 0.22614577412605286
INFO:root:Epoch: 3, Iteration: 27, Loss: 0.2421693205833435
INFO:root:Epoch: 3, Iteration: 28, Loss: 0.29014647006988525
INFO:root:Validation set mIOU: 69.34430087704614
INFO:root:Epoch: 4, Iteration: 29, Loss: 0.20425081253051758
INFO:root:Epoch: 4, Iteration: 30, Loss: 0.202508345246315
INFO:root:Epoch: 4, Iteration: 31, Loss: 0.20231978595256805
INFO:root:Epoch: 4, Iteration: 32, Loss: 0.22437207400798798
INFO:root:Epoch: 4, Iteration: 33, Loss: 0.18158777058124542
INFO:root:Epoch: 4, Iteration: 34, Loss: 0.19693827629089355
INFO:root:Epoch: 4, Iteration: 35, Loss: 0.2419121116399765
INFO:root:Validation set mIOU: 72.54043485759917
INFO:root:Epoch: 5, Iteration: 36, Loss: 0.22626326978206635
INFO:root:Epoch: 5, Iteration: 37, Loss: 0.21810562908649445
INFO:root:Epoch: 5, Iteration: 38, Loss: 0.21532776951789856
INFO:root:Epoch: 5, Iteration: 39, Loss: 0.20993371307849884
INFO:root:Epoch: 5, Iteration: 40, Loss: 0.17872324585914612
INFO:root:Epoch: 5, Iteration: 41, Loss: 0.1989397257566452
INFO:root:Epoch: 5, Iteration: 42, Loss: 0.20260193943977356
INFO:root:Validation set mIOU: 72.79973515537664
INFO:root:Epoch: 6, Iteration: 43, Loss: 0.20407713949680328
INFO:root:Epoch: 6, Iteration: 44, Loss: 0.17663289606571198
INFO:root:Epoch: 6, Iteration: 45, Loss: 0.18911632895469666
INFO:root:Epoch: 6, Iteration: 46, Loss: 0.18419648706912994
INFO:root:Epoch: 6, Iteration: 47, Loss: 0.19402413070201874
INFO:root:Epoch: 6, Iteration: 48, Loss: 0.19429168105125427
INFO:root:Epoch: 6, Iteration: 49, Loss: 0.18934977054595947
INFO:root:Validation set mIOU: 71.36047952247851
INFO:root:Epoch: 7, Iteration: 50, Loss: 0.16468246281147003
INFO:root:Epoch: 7, Iteration: 51, Loss: 0.15267477929592133
INFO:root:Epoch: 7, Iteration: 52, Loss: 0.1975613385438919
INFO:root:Epoch: 7, Iteration: 53, Loss: 0.14787337183952332
INFO:root:Epoch: 7, Iteration: 54, Loss: 0.16717199981212616
INFO:root:Epoch: 7, Iteration: 55, Loss: 0.1514374315738678
INFO:root:Epoch: 7, Iteration: 56, Loss: 0.18889127671718597
INFO:root:Validation set mIOU: 73.62978348222319
INFO:root:Epoch: 8, Iteration: 57, Loss: 0.15825696289539337
INFO:root:Epoch: 8, Iteration: 58, Loss: 0.1630760133266449
INFO:root:Epoch: 8, Iteration: 59, Loss: 0.1994193196296692
INFO:root:Epoch: 8, Iteration: 60, Loss: 0.16700388491153717
INFO:root:Epoch: 8, Iteration: 61, Loss: 0.2735084295272827
INFO:root:Epoch: 8, Iteration: 62, Loss: 0.15603241324424744
INFO:root:Epoch: 8, Iteration: 63, Loss: 0.18192395567893982
INFO:root:Validation set mIOU: 75.51409277653539
INFO:root:Epoch: 9, Iteration: 64, Loss: 0.1783933937549591
INFO:root:Epoch: 9, Iteration: 65, Loss: 0.15210610628128052
INFO:root:Epoch: 9, Iteration: 66, Loss: 0.14009778201580048
INFO:root:Epoch: 9, Iteration: 67, Loss: 0.14970724284648895
INFO:root:Epoch: 9, Iteration: 68, Loss: 0.18070633709430695
INFO:root:Epoch: 9, Iteration: 69, Loss: 0.1562305986881256
INFO:root:Epoch: 9, Iteration: 70, Loss: 0.16846056282520294
INFO:root:Validation set mIOU: 75.41896428977043
INFO:root:Epoch: 10, Iteration: 71, Loss: 0.16380982100963593
INFO:root:Epoch: 10, Iteration: 72, Loss: 0.2641955614089966
INFO:root:Epoch: 10, Iteration: 73, Loss: 0.21337981522083282
INFO:root:Epoch: 10, Iteration: 74, Loss: 0.15176209807395935
INFO:root:Epoch: 10, Iteration: 75, Loss: 0.20425918698310852
INFO:root:Epoch: 10, Iteration: 76, Loss: 0.130496546626091
INFO:root:Epoch: 10, Iteration: 77, Loss: 0.17329010367393494
INFO:root:Validation set mIOU: 73.90834822366529
INFO:root:Epoch: 11, Iteration: 78, Loss: 0.17830699682235718
INFO:root:Epoch: 11, Iteration: 79, Loss: 0.1600634753704071
INFO:root:Epoch: 11, Iteration: 80, Loss: 0.12639953196048737
INFO:root:Epoch: 11, Iteration: 81, Loss: 0.14552031457424164
INFO:root:Epoch: 11, Iteration: 82, Loss: 0.128348246216774
INFO:root:Epoch: 11, Iteration: 83, Loss: 0.1496337503194809
INFO:root:Epoch: 11, Iteration: 84, Loss: 0.12486670166254044
INFO:root:Validation set mIOU: 73.6337458094532
INFO:root:Epoch: 12, Iteration: 85, Loss: 0.12547478079795837
INFO:root:Epoch: 12, Iteration: 86, Loss: 0.12838193774223328
INFO:root:Epoch: 12, Iteration: 87, Loss: 0.12272116541862488
INFO:root:Epoch: 12, Iteration: 88, Loss: 0.1446344256401062
INFO:root:Epoch: 12, Iteration: 89, Loss: 0.1917390525341034
INFO:root:Epoch: 12, Iteration: 90, Loss: 0.1389492005109787
INFO:root:Epoch: 12, Iteration: 91, Loss: 0.160833477973938
INFO:root:Validation set mIOU: 77.39709704996521
INFO:root:Epoch: 13, Iteration: 92, Loss: 0.11475511640310287
INFO:root:Epoch: 13, Iteration: 93, Loss: 0.16872961819171906
INFO:root:Epoch: 13, Iteration: 94, Loss: 0.14966633915901184
INFO:root:Epoch: 13, Iteration: 95, Loss: 0.12536612153053284
INFO:root:Epoch: 13, Iteration: 96, Loss: 0.1287909895181656
INFO:root:Epoch: 13, Iteration: 97, Loss: 0.1497218757867813
INFO:root:Epoch: 13, Iteration: 98, Loss: 0.14718323945999146
INFO:root:Validation set mIOU: 78.84170081943434
INFO:root:Epoch: 14, Iteration: 99, Loss: 0.1539718210697174
INFO:root:Epoch: 14, Iteration: 100, Loss: 0.18189358711242676
INFO:root:Epoch: 14, Iteration: 101, Loss: 0.13679783046245575
INFO:root:Epoch: 14, Iteration: 102, Loss: 0.1304330825805664
INFO:root:Epoch: 14, Iteration: 103, Loss: 0.15988871455192566
INFO:root:Epoch: 14, Iteration: 104, Loss: 0.1894923746585846
INFO:root:Epoch: 14, Iteration: 105, Loss: 0.11505664139986038
INFO:root:Validation set mIOU: 78.48274728375631
INFO:root:Epoch: 15, Iteration: 106, Loss: 0.12655432522296906
INFO:root:Epoch: 15, Iteration: 107, Loss: 0.13420768082141876
INFO:root:Epoch: 15, Iteration: 108, Loss: 0.1475236564874649
INFO:root:Epoch: 15, Iteration: 109, Loss: 0.14639469981193542
INFO:root:Epoch: 15, Iteration: 110, Loss: 0.17970500886440277
INFO:root:Epoch: 15, Iteration: 111, Loss: 0.15477465093135834
INFO:root:Epoch: 15, Iteration: 112, Loss: 0.19243338704109192
INFO:root:Validation set mIOU: 78.06362921576033
INFO:root:Epoch: 16, Iteration: 113, Loss: 0.1415611207485199
INFO:root:Epoch: 16, Iteration: 114, Loss: 0.1192680299282074
INFO:root:Epoch: 16, Iteration: 115, Loss: 0.18888020515441895
INFO:root:Epoch: 16, Iteration: 116, Loss: 0.1648157685995102
INFO:root:Epoch: 16, Iteration: 117, Loss: 0.14291498064994812
INFO:root:Epoch: 16, Iteration: 118, Loss: 0.24104106426239014
INFO:root:Epoch: 16, Iteration: 119, Loss: 0.14333342015743256
INFO:root:Validation set mIOU: 75.95673641592776
INFO:root:Epoch: 17, Iteration: 120, Loss: 0.11481337249279022
INFO:root:Epoch: 17, Iteration: 121, Loss: 0.12102830410003662
INFO:root:Epoch: 17, Iteration: 122, Loss: 0.13983221352100372
INFO:root:Epoch: 17, Iteration: 123, Loss: 0.13991008698940277
INFO:root:Epoch: 17, Iteration: 124, Loss: 0.1635165810585022
INFO:root:Epoch: 17, Iteration: 125, Loss: 0.12882791459560394
INFO:root:Epoch: 17, Iteration: 126, Loss: 0.17292547225952148
INFO:root:Validation set mIOU: 76.11176207964321
INFO:root:Epoch: 18, Iteration: 127, Loss: 0.12291008234024048
INFO:root:Epoch: 18, Iteration: 128, Loss: 0.14882823824882507
INFO:root:Epoch: 18, Iteration: 129, Loss: 0.1732800006866455
INFO:root:Epoch: 18, Iteration: 130, Loss: 0.1341896504163742
INFO:root:Epoch: 18, Iteration: 131, Loss: 0.12439976632595062
INFO:root:Epoch: 18, Iteration: 132, Loss: 0.1209249496459961
INFO:root:Epoch: 18, Iteration: 133, Loss: 0.18059183657169342
INFO:root:Validation set mIOU: 79.03490744762739
INFO:root:Epoch: 19, Iteration: 134, Loss: 0.1533091515302658
INFO:root:Epoch: 19, Iteration: 135, Loss: 0.15218281745910645
INFO:root:Epoch: 19, Iteration: 136, Loss: 0.12359955161809921
INFO:root:Epoch: 19, Iteration: 137, Loss: 0.16165012121200562
INFO:root:Epoch: 19, Iteration: 138, Loss: 0.1734858900308609
INFO:root:Epoch: 19, Iteration: 139, Loss: 0.11890408396720886
INFO:root:Epoch: 19, Iteration: 140, Loss: 0.12974990904331207
INFO:root:Validation set mIOU: 78.88861549988178
INFO:root:Epoch: 20, Iteration: 141, Loss: 0.14706911146640778
INFO:root:Epoch: 20, Iteration: 142, Loss: 0.11752209067344666
INFO:root:Epoch: 20, Iteration: 143, Loss: 0.13518626987934113
INFO:root:Epoch: 20, Iteration: 144, Loss: 0.12589193880558014
INFO:root:Epoch: 20, Iteration: 145, Loss: 0.12473057955503464
INFO:root:Epoch: 20, Iteration: 146, Loss: 0.1433151215314865
INFO:root:Epoch: 20, Iteration: 147, Loss: 0.10636398196220398
INFO:root:Validation set mIOU: 78.29148680496805
INFO:root:Epoch: 21, Iteration: 148, Loss: 0.11796525120735168
INFO:root:Epoch: 21, Iteration: 149, Loss: 0.10506127029657364
INFO:root:Epoch: 21, Iteration: 150, Loss: 0.11808682233095169
INFO:root:Epoch: 21, Iteration: 151, Loss: 0.12336575984954834
INFO:root:Epoch: 21, Iteration: 152, Loss: 0.12621164321899414
INFO:root:Epoch: 21, Iteration: 153, Loss: 0.13260217010974884
INFO:root:Epoch: 21, Iteration: 154, Loss: 0.13565756380558014
INFO:root:Validation set mIOU: 79.87023157209285
INFO:root:Epoch: 22, Iteration: 155, Loss: 0.16905225813388824
INFO:root:Epoch: 22, Iteration: 156, Loss: 0.13008704781532288
INFO:root:Epoch: 22, Iteration: 157, Loss: 0.1379370391368866
INFO:root:Epoch: 22, Iteration: 158, Loss: 0.09842318296432495
INFO:root:Epoch: 22, Iteration: 159, Loss: 0.0999409407377243
INFO:root:Epoch: 22, Iteration: 160, Loss: 0.1060342863202095
INFO:root:Epoch: 22, Iteration: 161, Loss: 0.11382245272397995
INFO:root:Validation set mIOU: 78.44700184283971
INFO:root:Epoch: 23, Iteration: 162, Loss: 0.1333886682987213
INFO:root:Epoch: 23, Iteration: 163, Loss: 0.13616783916950226
INFO:root:Epoch: 23, Iteration: 164, Loss: 0.10932984948158264
INFO:root:Epoch: 23, Iteration: 165, Loss: 0.12773273885250092
INFO:root:Epoch: 23, Iteration: 166, Loss: 0.13844667375087738
INFO:root:Epoch: 23, Iteration: 167, Loss: 0.13781356811523438
INFO:root:Epoch: 23, Iteration: 168, Loss: 0.14237886667251587
INFO:root:Validation set mIOU: 78.04372718061371
INFO:root:Epoch: 24, Iteration: 169, Loss: 0.1091930940747261
INFO:root:Epoch: 24, Iteration: 170, Loss: 0.13234233856201172
INFO:root:Epoch: 24, Iteration: 171, Loss: 0.13281483948230743
INFO:root:Epoch: 24, Iteration: 172, Loss: 0.10643719136714935
INFO:root:Epoch: 24, Iteration: 173, Loss: 0.1454487442970276
INFO:root:Epoch: 24, Iteration: 174, Loss: 0.1288118064403534
INFO:root:Epoch: 24, Iteration: 175, Loss: 0.1204596608877182
INFO:root:Validation set mIOU: 77.99556896447874
INFO:root:Epoch: 25, Iteration: 176, Loss: 0.11923951655626297
INFO:root:Epoch: 25, Iteration: 177, Loss: 0.11628618091344833
INFO:root:Epoch: 25, Iteration: 178, Loss: 0.1350959837436676
INFO:root:Epoch: 25, Iteration: 179, Loss: 0.10241664946079254
INFO:root:Epoch: 25, Iteration: 180, Loss: 0.11028748005628586
INFO:root:Epoch: 25, Iteration: 181, Loss: 0.13458620011806488
INFO:root:Epoch: 25, Iteration: 182, Loss: 0.19750554859638214
INFO:root:Validation set mIOU: 78.72678514736316
INFO:root:Epoch: 26, Iteration: 183, Loss: 0.11122992634773254
INFO:root:Epoch: 26, Iteration: 184, Loss: 0.1096302941441536
INFO:root:Epoch: 26, Iteration: 185, Loss: 0.11838439106941223
INFO:root:Epoch: 26, Iteration: 186, Loss: 0.14737407863140106
INFO:root:Epoch: 26, Iteration: 187, Loss: 0.16198289394378662
INFO:root:Epoch: 26, Iteration: 188, Loss: 0.10963040590286255
INFO:root:Epoch: 26, Iteration: 189, Loss: 0.13725312054157257
INFO:root:Validation set mIOU: 79.82305530367647
INFO:root:Epoch: 27, Iteration: 190, Loss: 0.1091473177075386
INFO:root:Epoch: 27, Iteration: 191, Loss: 0.12560410797595978
INFO:root:Epoch: 27, Iteration: 192, Loss: 0.10785175114870071
INFO:root:Epoch: 27, Iteration: 193, Loss: 0.11642932146787643
INFO:root:Epoch: 27, Iteration: 194, Loss: 0.13310524821281433
INFO:root:Epoch: 27, Iteration: 195, Loss: 0.10107684135437012
INFO:root:Epoch: 27, Iteration: 196, Loss: 0.10415445268154144
INFO:root:Validation set mIOU: 81.0567245412817
INFO:root:Epoch: 28, Iteration: 197, Loss: 0.11440182477235794
INFO:root:Epoch: 28, Iteration: 198, Loss: 0.1537364274263382
INFO:root:Epoch: 28, Iteration: 199, Loss: 0.11903148144483566
INFO:root:Epoch: 28, Iteration: 200, Loss: 0.10334612429141998
INFO:root:Epoch: 28, Iteration: 201, Loss: 0.11897395551204681
INFO:root:Epoch: 28, Iteration: 202, Loss: 0.12750902771949768
INFO:root:Epoch: 28, Iteration: 203, Loss: 0.14141860604286194
INFO:root:Validation set mIOU: 80.09462025970994
INFO:root:Epoch: 29, Iteration: 204, Loss: 0.15152357518672943
INFO:root:Epoch: 29, Iteration: 205, Loss: 0.09008834511041641
INFO:root:Epoch: 29, Iteration: 206, Loss: 0.1037759929895401
INFO:root:Epoch: 29, Iteration: 207, Loss: 0.10084248334169388
INFO:root:Epoch: 29, Iteration: 208, Loss: 0.1364024430513382
INFO:root:Epoch: 29, Iteration: 209, Loss: 0.11427166312932968
INFO:root:Epoch: 29, Iteration: 210, Loss: 0.11225304007530212
INFO:root:Validation set mIOU: 79.39131554397473
INFO:root:Epoch: 30, Iteration: 211, Loss: 0.0973535031080246
INFO:root:Epoch: 30, Iteration: 212, Loss: 0.11561962217092514
INFO:root:Epoch: 30, Iteration: 213, Loss: 0.11461909115314484
INFO:root:Epoch: 30, Iteration: 214, Loss: 0.1157042533159256
INFO:root:Epoch: 30, Iteration: 215, Loss: 0.11761637777090073
INFO:root:Epoch: 30, Iteration: 216, Loss: 0.12653891742229462
INFO:root:Epoch: 30, Iteration: 217, Loss: 0.10388973355293274
INFO:root:Validation set mIOU: 79.25809330516574
INFO:root:Epoch: 31, Iteration: 218, Loss: 0.09724553674459457
INFO:root:Epoch: 31, Iteration: 219, Loss: 0.1260763704776764
INFO:root:Epoch: 31, Iteration: 220, Loss: 0.09784595668315887
INFO:root:Epoch: 31, Iteration: 221, Loss: 0.11820919811725616
INFO:root:Epoch: 31, Iteration: 222, Loss: 0.10488177090883255
INFO:root:Epoch: 31, Iteration: 223, Loss: 0.12206629663705826
INFO:root:Epoch: 31, Iteration: 224, Loss: 0.0986456423997879
INFO:root:Validation set mIOU: 79.30697950401274
INFO:root:Epoch: 32, Iteration: 225, Loss: 0.10862504690885544
INFO:root:Epoch: 32, Iteration: 226, Loss: 0.12531988322734833
INFO:root:Epoch: 32, Iteration: 227, Loss: 0.10504256188869476
INFO:root:Epoch: 32, Iteration: 228, Loss: 0.0988527238368988
INFO:root:Epoch: 32, Iteration: 229, Loss: 0.1000644788146019
INFO:root:Epoch: 32, Iteration: 230, Loss: 0.15757237374782562
INFO:root:Epoch: 32, Iteration: 231, Loss: 0.10099993646144867
INFO:root:Validation set mIOU: 78.9710498462326
INFO:root:Epoch: 33, Iteration: 232, Loss: 0.1435634195804596
INFO:root:Epoch: 33, Iteration: 233, Loss: 0.1162765845656395
INFO:root:Epoch: 33, Iteration: 234, Loss: 0.12648597359657288
INFO:root:Epoch: 33, Iteration: 235, Loss: 0.09459344297647476
INFO:root:Epoch: 33, Iteration: 236, Loss: 0.15194343030452728
INFO:root:Epoch: 33, Iteration: 237, Loss: 0.12122094631195068
INFO:root:Epoch: 33, Iteration: 238, Loss: 0.09690094739198685
INFO:root:Validation set mIOU: 79.3489279814453
INFO:root:Epoch: 34, Iteration: 239, Loss: 0.09856211394071579
INFO:root:Epoch: 34, Iteration: 240, Loss: 0.15691979229450226
INFO:root:Epoch: 34, Iteration: 241, Loss: 0.09812582284212112
INFO:root:Epoch: 34, Iteration: 242, Loss: 0.1251760721206665
INFO:root:Epoch: 34, Iteration: 243, Loss: 0.0989205464720726
INFO:root:Epoch: 34, Iteration: 244, Loss: 0.13092510402202606
INFO:root:Epoch: 34, Iteration: 245, Loss: 0.1195465475320816
INFO:root:Validation set mIOU: 80.50238880828503
INFO:root:Epoch: 35, Iteration: 246, Loss: 0.09651198983192444
INFO:root:Epoch: 35, Iteration: 247, Loss: 0.12326154112815857
INFO:root:Epoch: 35, Iteration: 248, Loss: 0.12883837521076202
INFO:root:Epoch: 35, Iteration: 249, Loss: 0.11379120498895645
INFO:root:Epoch: 35, Iteration: 250, Loss: 0.10931073874235153
INFO:root:Epoch: 35, Iteration: 251, Loss: 0.1193566620349884
INFO:root:Epoch: 35, Iteration: 252, Loss: 0.09814000129699707
INFO:root:Validation set mIOU: 79.87170541953354
INFO:root:Epoch: 36, Iteration: 253, Loss: 0.10287345200777054
INFO:root:Epoch: 36, Iteration: 254, Loss: 0.08934622257947922
INFO:root:Epoch: 36, Iteration: 255, Loss: 0.12842348217964172
INFO:root:Epoch: 36, Iteration: 256, Loss: 0.09193778783082962
INFO:root:Epoch: 36, Iteration: 257, Loss: 0.11285671591758728
INFO:root:Epoch: 36, Iteration: 258, Loss: 0.09849462658166885
INFO:root:Epoch: 36, Iteration: 259, Loss: 0.15807028114795685
INFO:root:Validation set mIOU: 80.60633508809309
INFO:root:Epoch: 37, Iteration: 260, Loss: 0.0868983268737793
INFO:root:Epoch: 37, Iteration: 261, Loss: 0.10612241923809052
INFO:root:Epoch: 37, Iteration: 262, Loss: 0.1258750557899475
INFO:root:Epoch: 37, Iteration: 263, Loss: 0.10302438586950302
INFO:root:Epoch: 37, Iteration: 264, Loss: 0.11717772483825684
INFO:root:Epoch: 37, Iteration: 265, Loss: 0.23258529603481293
INFO:root:Epoch: 37, Iteration: 266, Loss: 0.11352049559354782
INFO:root:Validation set mIOU: 81.51745448815291
INFO:root:Epoch: 38, Iteration: 267, Loss: 0.1292162835597992
INFO:root:Epoch: 38, Iteration: 268, Loss: 0.09374319016933441
INFO:root:Epoch: 38, Iteration: 269, Loss: 0.11114940792322159
INFO:root:Epoch: 38, Iteration: 270, Loss: 0.09487466514110565
INFO:root:Epoch: 38, Iteration: 271, Loss: 0.10726386308670044
INFO:root:Epoch: 38, Iteration: 272, Loss: 0.14105750620365143
INFO:root:Epoch: 38, Iteration: 273, Loss: 0.1213746890425682
INFO:root:Validation set mIOU: 79.04950150491429
INFO:root:Epoch: 39, Iteration: 274, Loss: 0.11978238075971603
INFO:root:Epoch: 39, Iteration: 275, Loss: 0.13596205413341522
INFO:root:Epoch: 39, Iteration: 276, Loss: 0.17010203003883362
INFO:root:Epoch: 39, Iteration: 277, Loss: 0.0928608849644661
INFO:root:Epoch: 39, Iteration: 278, Loss: 0.10496143251657486
INFO:root:Epoch: 39, Iteration: 279, Loss: 0.11780473589897156
INFO:root:Epoch: 39, Iteration: 280, Loss: 0.1528247445821762
INFO:root:Validation set mIOU: 81.25087919849898
INFO:root:Epoch: 40, Iteration: 281, Loss: 0.11067161709070206
INFO:root:Epoch: 40, Iteration: 282, Loss: 0.0981995165348053
INFO:root:Epoch: 40, Iteration: 283, Loss: 0.10988113284111023
INFO:root:Epoch: 40, Iteration: 284, Loss: 0.0999969094991684
INFO:root:Epoch: 40, Iteration: 285, Loss: 0.10741282999515533
INFO:root:Epoch: 40, Iteration: 286, Loss: 0.10023932158946991
INFO:root:Epoch: 40, Iteration: 287, Loss: 0.11342562735080719
INFO:root:Validation set mIOU: 81.10821589942692
INFO:root:Epoch: 41, Iteration: 288, Loss: 0.1124429777264595
INFO:root:Epoch: 41, Iteration: 289, Loss: 0.12394242733716965
INFO:root:Epoch: 41, Iteration: 290, Loss: 0.10928326845169067
INFO:root:Epoch: 41, Iteration: 291, Loss: 0.0944724828004837
INFO:root:Epoch: 41, Iteration: 292, Loss: 0.10184184461832047
INFO:root:Epoch: 41, Iteration: 293, Loss: 0.13251946866512299
INFO:root:Epoch: 41, Iteration: 294, Loss: 0.09222115576267242
INFO:root:Validation set mIOU: 80.12590078349548
INFO:root:Epoch: 42, Iteration: 295, Loss: 0.15340974926948547
INFO:root:Epoch: 42, Iteration: 296, Loss: 0.09125714749097824
INFO:root:Epoch: 42, Iteration: 297, Loss: 0.10792164504528046
INFO:root:Epoch: 42, Iteration: 298, Loss: 0.10804108530282974
INFO:root:Epoch: 42, Iteration: 299, Loss: 0.10756964981555939
INFO:root:Epoch: 42, Iteration: 300, Loss: 0.08821259438991547
INFO:root:Epoch: 42, Iteration: 301, Loss: 0.09430556744337082
INFO:root:Validation set mIOU: 81.72678510288071
INFO:root:Epoch: 43, Iteration: 302, Loss: 0.11104680597782135
INFO:root:Epoch: 43, Iteration: 303, Loss: 0.10903814435005188
INFO:root:Epoch: 43, Iteration: 304, Loss: 0.09551765024662018
INFO:root:Epoch: 43, Iteration: 305, Loss: 0.10632655769586563
INFO:root:Epoch: 43, Iteration: 306, Loss: 0.14955778419971466
INFO:root:Epoch: 43, Iteration: 307, Loss: 0.0764845535159111
INFO:root:Epoch: 43, Iteration: 308, Loss: 0.09697382897138596
INFO:root:Validation set mIOU: 81.38606032130834
INFO:root:Epoch: 44, Iteration: 309, Loss: 0.09447935223579407
INFO:root:Epoch: 44, Iteration: 310, Loss: 0.16279195249080658
INFO:root:Epoch: 44, Iteration: 311, Loss: 0.10893936455249786
INFO:root:Epoch: 44, Iteration: 312, Loss: 0.10041095316410065
INFO:root:Epoch: 44, Iteration: 313, Loss: 0.09809157252311707
INFO:root:Epoch: 44, Iteration: 314, Loss: 0.09261619299650192
INFO:root:Epoch: 44, Iteration: 315, Loss: 0.10397984087467194
INFO:root:Validation set mIOU: 80.83396913033874
INFO:root:Epoch: 45, Iteration: 316, Loss: 0.11936784535646439
INFO:root:Epoch: 45, Iteration: 317, Loss: 0.09796545654535294
INFO:root:Epoch: 45, Iteration: 318, Loss: 0.13119985163211823
INFO:root:Epoch: 45, Iteration: 319, Loss: 0.07819189876317978
INFO:root:Epoch: 45, Iteration: 320, Loss: 0.10812900960445404
INFO:root:Epoch: 45, Iteration: 321, Loss: 0.08288189023733139
INFO:root:Epoch: 45, Iteration: 322, Loss: 0.13059212267398834
INFO:root:Validation set mIOU: 80.67578144868205
INFO:root:Epoch: 46, Iteration: 323, Loss: 0.10806046426296234
INFO:root:Epoch: 46, Iteration: 324, Loss: 0.15047486126422882
INFO:root:Epoch: 46, Iteration: 325, Loss: 0.0852678194642067
INFO:root:Epoch: 46, Iteration: 326, Loss: 0.10007042437791824
INFO:root:Epoch: 46, Iteration: 327, Loss: 0.10239987820386887
INFO:root:Epoch: 46, Iteration: 328, Loss: 0.11009296774864197
INFO:root:Epoch: 46, Iteration: 329, Loss: 0.13201242685317993
INFO:root:Validation set mIOU: 80.47914562473237
INFO:root:Epoch: 47, Iteration: 330, Loss: 0.08866822719573975
INFO:root:Epoch: 47, Iteration: 331, Loss: 0.11211348325014114
INFO:root:Epoch: 47, Iteration: 332, Loss: 0.10062199831008911
INFO:root:Epoch: 47, Iteration: 333, Loss: 0.10469701886177063
INFO:root:Epoch: 47, Iteration: 334, Loss: 0.08821957558393478
INFO:root:Epoch: 47, Iteration: 335, Loss: 0.10651738941669464
INFO:root:Epoch: 47, Iteration: 336, Loss: 0.08931034803390503
INFO:root:Validation set mIOU: 80.56068247764681
INFO:root:Epoch: 48, Iteration: 337, Loss: 0.08662844449281693
INFO:root:Epoch: 48, Iteration: 338, Loss: 0.09509776532649994
INFO:root:Epoch: 48, Iteration: 339, Loss: 0.111781544983387
INFO:root:Epoch: 48, Iteration: 340, Loss: 0.09050865471363068
INFO:root:Epoch: 48, Iteration: 341, Loss: 0.10800913721323013
INFO:root:Epoch: 48, Iteration: 342, Loss: 0.08708816021680832
INFO:root:Epoch: 48, Iteration: 343, Loss: 0.10926031321287155
INFO:root:Validation set mIOU: 80.75054752700007
INFO:root:Epoch: 49, Iteration: 344, Loss: 0.10419931262731552
INFO:root:Epoch: 49, Iteration: 345, Loss: 0.09758950024843216
INFO:root:Epoch: 49, Iteration: 346, Loss: 0.09072548896074295
INFO:root:Epoch: 49, Iteration: 347, Loss: 0.1106484979391098
INFO:root:Epoch: 49, Iteration: 348, Loss: 0.12530414760112762
INFO:root:Epoch: 49, Iteration: 349, Loss: 0.12374763935804367
INFO:root:Epoch: 49, Iteration: 350, Loss: 0.08251747488975525
INFO:root:Validation set mIOU: 80.53134762877193
INFO:root:Epoch: 50, Iteration: 351, Loss: 0.10511885583400726
INFO:root:Epoch: 50, Iteration: 352, Loss: 0.11833541095256805
INFO:root:Epoch: 50, Iteration: 353, Loss: 0.08661296218633652
INFO:root:Epoch: 50, Iteration: 354, Loss: 0.12762993574142456
INFO:root:Epoch: 50, Iteration: 355, Loss: 0.11815328896045685
INFO:root:Epoch: 50, Iteration: 356, Loss: 0.10223601758480072
INFO:root:Epoch: 50, Iteration: 357, Loss: 0.09581804275512695
INFO:root:Validation set mIOU: 80.7475875409874
INFO:root:Epoch: 51, Iteration: 358, Loss: 0.09986971318721771
INFO:root:Epoch: 51, Iteration: 359, Loss: 0.08149802684783936
INFO:root:Epoch: 51, Iteration: 360, Loss: 0.0993787944316864
INFO:root:Epoch: 51, Iteration: 361, Loss: 0.12260675430297852
INFO:root:Epoch: 51, Iteration: 362, Loss: 0.11636658757925034
INFO:root:Epoch: 51, Iteration: 363, Loss: 0.11894556134939194
INFO:root:Epoch: 51, Iteration: 364, Loss: 0.08047802001237869
INFO:root:Validation set mIOU: 81.63327037336116
INFO:root:Epoch: 52, Iteration: 365, Loss: 0.10405564308166504
INFO:root:Epoch: 52, Iteration: 366, Loss: 0.09566102176904678
INFO:root:Epoch: 52, Iteration: 367, Loss: 0.10375452041625977
INFO:root:Epoch: 52, Iteration: 368, Loss: 0.1417008638381958
INFO:root:Epoch: 52, Iteration: 369, Loss: 0.09120779484510422
INFO:root:Epoch: 52, Iteration: 370, Loss: 0.0867803692817688
INFO:root:Epoch: 52, Iteration: 371, Loss: 0.1174006387591362
INFO:root:Validation set mIOU: 81.35968585931312
INFO:root:Epoch: 53, Iteration: 372, Loss: 0.09726317971944809
INFO:root:Epoch: 53, Iteration: 373, Loss: 0.1393405944108963
INFO:root:Epoch: 53, Iteration: 374, Loss: 0.10434015840291977
INFO:root:Epoch: 53, Iteration: 375, Loss: 0.09907896816730499
INFO:root:Epoch: 53, Iteration: 376, Loss: 0.1497536450624466
INFO:root:Epoch: 53, Iteration: 377, Loss: 0.0784134492278099
INFO:root:Epoch: 53, Iteration: 378, Loss: 0.08117436617612839
INFO:root:Validation set mIOU: 81.40578749092991
INFO:root:Epoch: 54, Iteration: 379, Loss: 0.07975509017705917
INFO:root:Epoch: 54, Iteration: 380, Loss: 0.08304072171449661
INFO:root:Epoch: 54, Iteration: 381, Loss: 0.08688251674175262
INFO:root:Epoch: 54, Iteration: 382, Loss: 0.08120056241750717
INFO:root:Epoch: 54, Iteration: 383, Loss: 0.09425617754459381
INFO:root:Epoch: 54, Iteration: 384, Loss: 0.07673104107379913
INFO:root:Epoch: 54, Iteration: 385, Loss: 0.09512726962566376
INFO:root:Validation set mIOU: 81.6333422262773
INFO:root:Epoch: 55, Iteration: 386, Loss: 0.1121976301074028
INFO:root:Epoch: 55, Iteration: 387, Loss: 0.10598666220903397
INFO:root:Epoch: 55, Iteration: 388, Loss: 0.11414559185504913
INFO:root:Epoch: 55, Iteration: 389, Loss: 0.10682307183742523
INFO:root:Epoch: 55, Iteration: 390, Loss: 0.11129292100667953
INFO:root:Epoch: 55, Iteration: 391, Loss: 0.09450218826532364
INFO:root:Epoch: 55, Iteration: 392, Loss: 0.08673413842916489
INFO:root:Validation set mIOU: 82.05778040646128
INFO:root:Epoch: 56, Iteration: 393, Loss: 0.09354636073112488
INFO:root:Epoch: 56, Iteration: 394, Loss: 0.12052737176418304
INFO:root:Epoch: 56, Iteration: 395, Loss: 0.09324675798416138
INFO:root:Epoch: 56, Iteration: 396, Loss: 0.08508113771677017
INFO:root:Epoch: 56, Iteration: 397, Loss: 0.08630876243114471
INFO:root:Epoch: 56, Iteration: 398, Loss: 0.14296838641166687
INFO:root:Epoch: 56, Iteration: 399, Loss: 0.09259303659200668
INFO:root:Validation set mIOU: 82.09468402317907
INFO:root:Epoch: 57, Iteration: 400, Loss: 0.08997652679681778
INFO:root:Epoch: 57, Iteration: 401, Loss: 0.08897636085748672
INFO:root:Epoch: 57, Iteration: 402, Loss: 0.08732397854328156
INFO:root:Epoch: 57, Iteration: 403, Loss: 0.10218223929405212
INFO:root:Epoch: 57, Iteration: 404, Loss: 0.11169798672199249
INFO:root:Epoch: 57, Iteration: 405, Loss: 0.12868763506412506
INFO:root:Epoch: 57, Iteration: 406, Loss: 0.09218008816242218
INFO:root:Validation set mIOU: 82.1816430441448
INFO:root:Epoch: 58, Iteration: 407, Loss: 0.08452721685171127
INFO:root:Epoch: 58, Iteration: 408, Loss: 0.0859643816947937
INFO:root:Epoch: 58, Iteration: 409, Loss: 0.07978560775518417
INFO:root:Epoch: 58, Iteration: 410, Loss: 0.09187254309654236
INFO:root:Epoch: 58, Iteration: 411, Loss: 0.1000596433877945
INFO:root:Epoch: 58, Iteration: 412, Loss: 0.09481221437454224
INFO:root:Epoch: 58, Iteration: 413, Loss: 0.08189890533685684
INFO:root:Validation set mIOU: 81.52106340033365
INFO:root:Epoch: 59, Iteration: 414, Loss: 0.09179018437862396
INFO:root:Epoch: 59, Iteration: 415, Loss: 0.08988205343484879
INFO:root:Epoch: 59, Iteration: 416, Loss: 0.08338558673858643
INFO:root:Epoch: 59, Iteration: 417, Loss: 0.09257563948631287
INFO:root:Epoch: 59, Iteration: 418, Loss: 0.12187289446592331
INFO:root:Epoch: 59, Iteration: 419, Loss: 0.0962895080447197
INFO:root:Epoch: 59, Iteration: 420, Loss: 0.09664509445428848
INFO:root:Validation set mIOU: 80.97750975557437
INFO:root:Epoch: 60, Iteration: 421, Loss: 0.0853087529540062
INFO:root:Epoch: 60, Iteration: 422, Loss: 0.08741753548383713
INFO:root:Epoch: 60, Iteration: 423, Loss: 0.08553406596183777
INFO:root:Epoch: 60, Iteration: 424, Loss: 0.10002433508634567
INFO:root:Epoch: 60, Iteration: 425, Loss: 0.07948499917984009
INFO:root:Epoch: 60, Iteration: 426, Loss: 0.09607180953025818
INFO:root:Epoch: 60, Iteration: 427, Loss: 0.09791318327188492
INFO:root:Validation set mIOU: 81.72288683242778
INFO:root:Epoch: 61, Iteration: 428, Loss: 0.09317806363105774
INFO:root:Epoch: 61, Iteration: 429, Loss: 0.09462281316518784
INFO:root:Epoch: 61, Iteration: 430, Loss: 0.08978681266307831
INFO:root:Epoch: 61, Iteration: 431, Loss: 0.08462438732385635
INFO:root:Epoch: 61, Iteration: 432, Loss: 0.08737175911664963
INFO:root:Epoch: 61, Iteration: 433, Loss: 0.10263587534427643
INFO:root:Epoch: 61, Iteration: 434, Loss: 0.09018782526254654
INFO:root:Validation set mIOU: 82.38420771095653
INFO:root:Epoch: 62, Iteration: 435, Loss: 0.11737482994794846
INFO:root:Epoch: 62, Iteration: 436, Loss: 0.11914487928152084
INFO:root:Epoch: 62, Iteration: 437, Loss: 0.10813746601343155
INFO:root:Epoch: 62, Iteration: 438, Loss: 0.11816274374723434
INFO:root:Epoch: 62, Iteration: 439, Loss: 0.10130415111780167
INFO:root:Epoch: 62, Iteration: 440, Loss: 0.07015344500541687
INFO:root:Epoch: 62, Iteration: 441, Loss: 0.09345439821481705
INFO:root:Validation set mIOU: 81.07822982608577
INFO:root:Epoch: 63, Iteration: 442, Loss: 0.07834012806415558
INFO:root:Epoch: 63, Iteration: 443, Loss: 0.0981227457523346
INFO:root:Epoch: 63, Iteration: 444, Loss: 0.10065048187971115
INFO:root:Epoch: 63, Iteration: 445, Loss: 0.09824471920728683
INFO:root:Epoch: 63, Iteration: 446, Loss: 0.10401864349842072
INFO:root:Epoch: 63, Iteration: 447, Loss: 0.07210250198841095
INFO:root:Epoch: 63, Iteration: 448, Loss: 0.09152372181415558
INFO:root:Validation set mIOU: 81.22699327439692
INFO:root:Epoch: 64, Iteration: 449, Loss: 0.10218110680580139
INFO:root:Epoch: 64, Iteration: 450, Loss: 0.09673371911048889
INFO:root:Epoch: 64, Iteration: 451, Loss: 0.07587017863988876
INFO:root:Epoch: 64, Iteration: 452, Loss: 0.08390043675899506
INFO:root:Epoch: 64, Iteration: 453, Loss: 0.10117986053228378
INFO:root:Epoch: 64, Iteration: 454, Loss: 0.10353653877973557
INFO:root:Epoch: 64, Iteration: 455, Loss: 0.0904751867055893
INFO:root:Validation set mIOU: 81.54879764304262
INFO:root:Epoch: 65, Iteration: 456, Loss: 0.09316007792949677
INFO:root:Epoch: 65, Iteration: 457, Loss: 0.09225573390722275
INFO:root:Epoch: 65, Iteration: 458, Loss: 0.06582460552453995
INFO:root:Epoch: 65, Iteration: 459, Loss: 0.09184718877077103
INFO:root:Epoch: 65, Iteration: 460, Loss: 0.08006463944911957
INFO:root:Epoch: 65, Iteration: 461, Loss: 0.08385119587182999
INFO:root:Epoch: 65, Iteration: 462, Loss: 0.09883418679237366
INFO:root:Validation set mIOU: 81.93233440959892
INFO:root:Epoch: 66, Iteration: 463, Loss: 0.09470131248235703
INFO:root:Epoch: 66, Iteration: 464, Loss: 0.09202376008033752
INFO:root:Epoch: 66, Iteration: 465, Loss: 0.11574526876211166
INFO:root:Epoch: 66, Iteration: 466, Loss: 0.09202006459236145
INFO:root:Epoch: 66, Iteration: 467, Loss: 0.11080352216959
INFO:root:Epoch: 66, Iteration: 468, Loss: 0.09268057346343994
INFO:root:Epoch: 66, Iteration: 469, Loss: 0.09924593567848206
INFO:root:Validation set mIOU: 81.85463555017903
INFO:root:Epoch: 67, Iteration: 470, Loss: 0.136045441031456
INFO:root:Epoch: 67, Iteration: 471, Loss: 0.10858336091041565
INFO:root:Epoch: 67, Iteration: 472, Loss: 0.09340406209230423
INFO:root:Epoch: 67, Iteration: 473, Loss: 0.10442619770765305
INFO:root:Epoch: 67, Iteration: 474, Loss: 0.10746463388204575
INFO:root:Epoch: 67, Iteration: 475, Loss: 0.0920519307255745
INFO:root:Epoch: 67, Iteration: 476, Loss: 0.06937185674905777
INFO:root:Validation set mIOU: 81.66205209076783
INFO:root:Epoch: 68, Iteration: 477, Loss: 0.07308688014745712
INFO:root:Epoch: 68, Iteration: 478, Loss: 0.07968462258577347
INFO:root:Epoch: 68, Iteration: 479, Loss: 0.07101212441921234
INFO:root:Epoch: 68, Iteration: 480, Loss: 0.09365329891443253
INFO:root:Epoch: 68, Iteration: 481, Loss: 0.10284214466810226
INFO:root:Epoch: 68, Iteration: 482, Loss: 0.07217050343751907
INFO:root:Epoch: 68, Iteration: 483, Loss: 0.11423439532518387
INFO:root:Validation set mIOU: 81.81536992006303
INFO:root:Epoch: 69, Iteration: 484, Loss: 0.07846421003341675
INFO:root:Epoch: 69, Iteration: 485, Loss: 0.0870661586523056
INFO:root:Epoch: 69, Iteration: 486, Loss: 0.0880470722913742
INFO:root:Epoch: 69, Iteration: 487, Loss: 0.10638537257909775
INFO:root:Epoch: 69, Iteration: 488, Loss: 0.10878392308950424
INFO:root:Epoch: 69, Iteration: 489, Loss: 0.07815513759851456
INFO:root:Epoch: 69, Iteration: 490, Loss: 0.08897664397954941
INFO:root:Validation set mIOU: 81.94570554842345
INFO:root:Epoch: 70, Iteration: 491, Loss: 0.09028202295303345
INFO:root:Epoch: 70, Iteration: 492, Loss: 0.09584670513868332
INFO:root:Epoch: 70, Iteration: 493, Loss: 0.14799708127975464
INFO:root:Epoch: 70, Iteration: 494, Loss: 0.06836920976638794
INFO:root:Epoch: 70, Iteration: 495, Loss: 0.08326839655637741
INFO:root:Epoch: 70, Iteration: 496, Loss: 0.10162163525819778
INFO:root:Epoch: 70, Iteration: 497, Loss: 0.08334103226661682
INFO:root:Validation set mIOU: 82.23210720700537
INFO:root:Epoch: 71, Iteration: 498, Loss: 0.0722430944442749
INFO:root:Epoch: 71, Iteration: 499, Loss: 0.10974614322185516
INFO:root:Epoch: 71, Iteration: 500, Loss: 0.09991922974586487
INFO:root:Epoch: 71, Iteration: 501, Loss: 0.07085499167442322
INFO:root:Epoch: 71, Iteration: 502, Loss: 0.11942771077156067
INFO:root:Epoch: 71, Iteration: 503, Loss: 0.07410936802625656
INFO:root:Epoch: 71, Iteration: 504, Loss: 0.11082413047552109
INFO:root:Validation set mIOU: 82.14497040678017
INFO:root:Epoch: 72, Iteration: 505, Loss: 0.1475643664598465
INFO:root:Epoch: 72, Iteration: 506, Loss: 0.07743332535028458
INFO:root:Epoch: 72, Iteration: 507, Loss: 0.09407798200845718
INFO:root:Epoch: 72, Iteration: 508, Loss: 0.08275523036718369
INFO:root:Epoch: 72, Iteration: 509, Loss: 0.09419907629489899
INFO:root:Epoch: 72, Iteration: 510, Loss: 0.11295291036367416
INFO:root:Epoch: 72, Iteration: 511, Loss: 0.09892559796571732
INFO:root:Validation set mIOU: 81.82426317817507
INFO:root:Epoch: 73, Iteration: 512, Loss: 0.08205322921276093
INFO:root:Epoch: 73, Iteration: 513, Loss: 0.0983414426445961
INFO:root:Epoch: 73, Iteration: 514, Loss: 0.10253797471523285
INFO:root:Epoch: 73, Iteration: 515, Loss: 0.0910455733537674
INFO:root:Epoch: 73, Iteration: 516, Loss: 0.11276484280824661
INFO:root:Epoch: 73, Iteration: 517, Loss: 0.09275743365287781
INFO:root:Epoch: 73, Iteration: 518, Loss: 0.09231660515069962
INFO:root:Validation set mIOU: 82.07197039564514
INFO:root:Epoch: 74, Iteration: 519, Loss: 0.12985293567180634
INFO:root:Epoch: 74, Iteration: 520, Loss: 0.0930878072977066
INFO:root:Epoch: 74, Iteration: 521, Loss: 0.10249870270490646
INFO:root:Epoch: 74, Iteration: 522, Loss: 0.10412541031837463
INFO:root:Epoch: 74, Iteration: 523, Loss: 0.08247882127761841
INFO:root:Epoch: 74, Iteration: 524, Loss: 0.09411995112895966
INFO:root:Epoch: 74, Iteration: 525, Loss: 0.10849373042583466
INFO:root:Validation set mIOU: 81.68404744408897
INFO:root:Epoch: 75, Iteration: 526, Loss: 0.0795125812292099
INFO:root:Epoch: 75, Iteration: 527, Loss: 0.10784614831209183
INFO:root:Epoch: 75, Iteration: 528, Loss: 0.11699844896793365
INFO:root:Epoch: 75, Iteration: 529, Loss: 0.09666246920824051
INFO:root:Epoch: 75, Iteration: 530, Loss: 0.1040080115199089
INFO:root:Epoch: 75, Iteration: 531, Loss: 0.08494259417057037
INFO:root:Epoch: 75, Iteration: 532, Loss: 0.11353012174367905
INFO:root:Validation set mIOU: 81.68389964813554
INFO:root:Epoch: 76, Iteration: 533, Loss: 0.08179771155118942
INFO:root:Epoch: 76, Iteration: 534, Loss: 0.09792447835206985
INFO:root:Epoch: 76, Iteration: 535, Loss: 0.13440385460853577
INFO:root:Epoch: 76, Iteration: 536, Loss: 0.09691625833511353
INFO:root:Epoch: 76, Iteration: 537, Loss: 0.09576911479234695
INFO:root:Epoch: 76, Iteration: 538, Loss: 0.15729764103889465
INFO:root:Epoch: 76, Iteration: 539, Loss: 0.08277541399002075
INFO:root:Validation set mIOU: 81.73844018326312
INFO:root:Epoch: 77, Iteration: 540, Loss: 0.14228495955467224
INFO:root:Epoch: 77, Iteration: 541, Loss: 0.10172060877084732
INFO:root:Epoch: 77, Iteration: 542, Loss: 0.11074464023113251
INFO:root:Epoch: 77, Iteration: 543, Loss: 0.10091901570558548
INFO:root:Epoch: 77, Iteration: 544, Loss: 0.10377324372529984
INFO:root:Epoch: 77, Iteration: 545, Loss: 0.10022318363189697
INFO:root:Epoch: 77, Iteration: 546, Loss: 0.06871360540390015
INFO:root:Validation set mIOU: 82.24220439686509
INFO:root:Epoch: 78, Iteration: 547, Loss: 0.08661523461341858
INFO:root:Epoch: 78, Iteration: 548, Loss: 0.08087286353111267
INFO:root:Epoch: 78, Iteration: 549, Loss: 0.10487274080514908
INFO:root:Epoch: 78, Iteration: 550, Loss: 0.10736293345689774
INFO:root:Epoch: 78, Iteration: 551, Loss: 0.0963132232427597
INFO:root:Epoch: 78, Iteration: 552, Loss: 0.0931871309876442
INFO:root:Epoch: 78, Iteration: 553, Loss: 0.09563425928354263
INFO:root:Validation set mIOU: 82.66823310946133
INFO:root:Epoch: 79, Iteration: 554, Loss: 0.08817580342292786
INFO:root:Epoch: 79, Iteration: 555, Loss: 0.0875634178519249
INFO:root:Epoch: 79, Iteration: 556, Loss: 0.09170807898044586
INFO:root:Epoch: 79, Iteration: 557, Loss: 0.07512109726667404
INFO:root:Epoch: 79, Iteration: 558, Loss: 0.11685271561145782
INFO:root:Epoch: 79, Iteration: 559, Loss: 0.08819068968296051
INFO:root:Epoch: 79, Iteration: 560, Loss: 0.10597452521324158
INFO:root:Validation set mIOU: 83.0358000362227
INFO:root:Epoch: 80, Iteration: 561, Loss: 0.082902692258358
INFO:root:Epoch: 80, Iteration: 562, Loss: 0.10261917114257812
INFO:root:Epoch: 80, Iteration: 563, Loss: 0.1102685034275055
INFO:root:Epoch: 80, Iteration: 564, Loss: 0.09074019640684128
INFO:root:Epoch: 80, Iteration: 565, Loss: 0.09303660690784454
INFO:root:Epoch: 80, Iteration: 566, Loss: 0.08162149041891098
INFO:root:Epoch: 80, Iteration: 567, Loss: 0.12415695935487747
INFO:root:Validation set mIOU: 82.4443690095528
INFO:root:Epoch: 81, Iteration: 568, Loss: 0.08644088357686996
INFO:root:Epoch: 81, Iteration: 569, Loss: 0.10110785812139511
INFO:root:Epoch: 81, Iteration: 570, Loss: 0.1041828840970993
INFO:root:Epoch: 81, Iteration: 571, Loss: 0.09297598153352737
INFO:root:Epoch: 81, Iteration: 572, Loss: 0.08305595070123672
INFO:root:Epoch: 81, Iteration: 573, Loss: 0.09542981535196304
INFO:root:Epoch: 81, Iteration: 574, Loss: 0.07712186127901077
INFO:root:Validation set mIOU: 82.58689404420548
INFO:root:Epoch: 82, Iteration: 575, Loss: 0.08583102375268936
INFO:root:Epoch: 82, Iteration: 576, Loss: 0.07819464057683945
INFO:root:Epoch: 82, Iteration: 577, Loss: 0.0877896323800087
INFO:root:Epoch: 82, Iteration: 578, Loss: 0.089513398706913
INFO:root:Epoch: 82, Iteration: 579, Loss: 0.08888741582632065
INFO:root:Epoch: 82, Iteration: 580, Loss: 0.09114734828472137
INFO:root:Epoch: 82, Iteration: 581, Loss: 0.10348813235759735
INFO:root:Validation set mIOU: 82.75774008175568
INFO:root:Epoch: 83, Iteration: 582, Loss: 0.08952159434556961
INFO:root:Epoch: 83, Iteration: 583, Loss: 0.07399237155914307
INFO:root:Epoch: 83, Iteration: 584, Loss: 0.07822626829147339
INFO:root:Epoch: 83, Iteration: 585, Loss: 0.08924072235822678
INFO:root:Epoch: 83, Iteration: 586, Loss: 0.09317746013402939
INFO:root:Epoch: 83, Iteration: 587, Loss: 0.08462171256542206
INFO:root:Epoch: 83, Iteration: 588, Loss: 0.10658414661884308
INFO:root:Validation set mIOU: 82.33080380985915
INFO:root:Epoch: 84, Iteration: 589, Loss: 0.10943593084812164
INFO:root:Epoch: 84, Iteration: 590, Loss: 0.09179869294166565
INFO:root:Epoch: 84, Iteration: 591, Loss: 0.08822823315858841
INFO:root:Epoch: 84, Iteration: 592, Loss: 0.09122338145971298
INFO:root:Epoch: 84, Iteration: 593, Loss: 0.11856754869222641
INFO:root:Epoch: 84, Iteration: 594, Loss: 0.10328762233257294
INFO:root:Epoch: 84, Iteration: 595, Loss: 0.06912897527217865
INFO:root:Validation set mIOU: 81.86207903511998
INFO:root:Epoch: 85, Iteration: 596, Loss: 0.10795886069536209
INFO:root:Epoch: 85, Iteration: 597, Loss: 0.10546975582838058
INFO:root:Epoch: 85, Iteration: 598, Loss: 0.07551850378513336
INFO:root:Epoch: 85, Iteration: 599, Loss: 0.0984102264046669
INFO:root:Epoch: 85, Iteration: 600, Loss: 0.08294875919818878
INFO:root:Epoch: 85, Iteration: 601, Loss: 0.08351986110210419
INFO:root:Epoch: 85, Iteration: 602, Loss: 0.09002771228551865
INFO:root:Validation set mIOU: 82.2808806017931
INFO:root:Epoch: 86, Iteration: 603, Loss: 0.10302358120679855
INFO:root:Epoch: 86, Iteration: 604, Loss: 0.080364890396595
INFO:root:Epoch: 86, Iteration: 605, Loss: 0.08188013732433319
INFO:root:Epoch: 86, Iteration: 606, Loss: 0.07740069180727005
INFO:root:Epoch: 86, Iteration: 607, Loss: 0.16263867914676666
INFO:root:Epoch: 86, Iteration: 608, Loss: 0.09282868355512619
INFO:root:Epoch: 86, Iteration: 609, Loss: 0.09242944419384003
INFO:root:Validation set mIOU: 82.15331016247282
INFO:root:Epoch: 87, Iteration: 610, Loss: 0.10068903118371964
INFO:root:Epoch: 87, Iteration: 611, Loss: 0.09629754722118378
INFO:root:Epoch: 87, Iteration: 612, Loss: 0.09296631067991257
INFO:root:Epoch: 87, Iteration: 613, Loss: 0.09380431473255157
INFO:root:Epoch: 87, Iteration: 614, Loss: 0.09279286861419678
INFO:root:Epoch: 87, Iteration: 615, Loss: 0.07337333261966705
INFO:root:Epoch: 87, Iteration: 616, Loss: 0.09118593484163284
INFO:root:Validation set mIOU: 82.30831425133438
INFO:root:Epoch: 88, Iteration: 617, Loss: 0.09478920698165894
INFO:root:Epoch: 88, Iteration: 618, Loss: 0.07372785359621048
INFO:root:Epoch: 88, Iteration: 619, Loss: 0.0799192264676094
INFO:root:Epoch: 88, Iteration: 620, Loss: 0.10368813574314117
INFO:root:Epoch: 88, Iteration: 621, Loss: 0.09280551224946976
INFO:root:Epoch: 88, Iteration: 622, Loss: 0.08709455281496048
INFO:root:Epoch: 88, Iteration: 623, Loss: 0.08662683516740799
INFO:root:Validation set mIOU: 82.50573347634877
INFO:root:Epoch: 89, Iteration: 624, Loss: 0.07887560874223709
INFO:root:Epoch: 89, Iteration: 625, Loss: 0.08304215222597122
INFO:root:Epoch: 89, Iteration: 626, Loss: 0.08790899813175201
INFO:root:Epoch: 89, Iteration: 627, Loss: 0.07488606870174408
INFO:root:Epoch: 89, Iteration: 628, Loss: 0.08443594723939896
INFO:root:Epoch: 89, Iteration: 629, Loss: 0.08754304051399231
INFO:root:Epoch: 89, Iteration: 630, Loss: 0.1039358451962471
INFO:root:Validation set mIOU: 82.68038843424593
INFO:root:Epoch: 90, Iteration: 631, Loss: 0.10379202663898468
INFO:root:Epoch: 90, Iteration: 632, Loss: 0.07336527854204178
INFO:root:Epoch: 90, Iteration: 633, Loss: 0.10340940952301025
INFO:root:Epoch: 90, Iteration: 634, Loss: 0.08172689378261566
INFO:root:Epoch: 90, Iteration: 635, Loss: 0.10032957047224045
INFO:root:Epoch: 90, Iteration: 636, Loss: 0.07133634388446808
INFO:root:Epoch: 90, Iteration: 637, Loss: 0.08582432568073273
INFO:root:Validation set mIOU: 82.76076377605519
INFO:root:Epoch: 91, Iteration: 638, Loss: 0.0874846801161766
INFO:root:Epoch: 91, Iteration: 639, Loss: 0.1008182018995285
INFO:root:Epoch: 91, Iteration: 640, Loss: 0.11241927742958069
INFO:root:Epoch: 91, Iteration: 641, Loss: 0.07383831590414047
INFO:root:Epoch: 91, Iteration: 642, Loss: 0.09521176666021347
INFO:root:Epoch: 91, Iteration: 643, Loss: 0.08042503148317337
INFO:root:Epoch: 91, Iteration: 644, Loss: 0.11153320968151093
INFO:root:Validation set mIOU: 82.18623038679041
INFO:root:Epoch: 92, Iteration: 645, Loss: 0.08953766524791718
INFO:root:Epoch: 92, Iteration: 646, Loss: 0.07515878975391388
INFO:root:Epoch: 92, Iteration: 647, Loss: 0.08496629446744919
INFO:root:Epoch: 92, Iteration: 648, Loss: 0.12589751183986664
INFO:root:Epoch: 92, Iteration: 649, Loss: 0.09188821911811829
INFO:root:Epoch: 92, Iteration: 650, Loss: 0.09844480454921722
INFO:root:Epoch: 92, Iteration: 651, Loss: 0.0997694730758667
INFO:root:Validation set mIOU: 82.28976172143358
INFO:root:Epoch: 93, Iteration: 652, Loss: 0.09438088536262512
INFO:root:Epoch: 93, Iteration: 653, Loss: 0.08962470293045044
INFO:root:Epoch: 93, Iteration: 654, Loss: 0.11080785095691681
INFO:root:Epoch: 93, Iteration: 655, Loss: 0.08581025898456573
INFO:root:Epoch: 93, Iteration: 656, Loss: 0.08011431246995926
INFO:root:Epoch: 93, Iteration: 657, Loss: 0.08128577470779419
INFO:root:Epoch: 93, Iteration: 658, Loss: 0.07152270525693893
INFO:root:Validation set mIOU: 82.15612701714066
INFO:root:Epoch: 94, Iteration: 659, Loss: 0.0761631652712822
INFO:root:Epoch: 94, Iteration: 660, Loss: 0.07795136421918869
INFO:root:Epoch: 94, Iteration: 661, Loss: 0.07776478677988052
INFO:root:Epoch: 94, Iteration: 662, Loss: 0.08400801569223404
INFO:root:Epoch: 94, Iteration: 663, Loss: 0.08347638696432114
INFO:root:Epoch: 94, Iteration: 664, Loss: 0.16125215590000153
INFO:root:Epoch: 94, Iteration: 665, Loss: 0.09128417074680328
INFO:root:Validation set mIOU: 82.3180666116849
INFO:root:Epoch: 95, Iteration: 666, Loss: 0.10448571294546127
INFO:root:Epoch: 95, Iteration: 667, Loss: 0.06616310030221939
INFO:root:Epoch: 95, Iteration: 668, Loss: 0.07169423252344131
INFO:root:Epoch: 95, Iteration: 669, Loss: 0.07643034309148788
INFO:root:Epoch: 95, Iteration: 670, Loss: 0.10119931399822235
INFO:root:Epoch: 95, Iteration: 671, Loss: 0.08376540243625641
INFO:root:Epoch: 95, Iteration: 672, Loss: 0.11378917843103409
INFO:root:Validation set mIOU: 82.39727448600345
INFO:root:Epoch: 96, Iteration: 673, Loss: 0.09925136715173721
INFO:root:Epoch: 96, Iteration: 674, Loss: 0.10293405503034592
INFO:root:Epoch: 96, Iteration: 675, Loss: 0.08480170369148254
INFO:root:Epoch: 96, Iteration: 676, Loss: 0.08189849555492401
INFO:root:Epoch: 96, Iteration: 677, Loss: 0.07538675516843796
INFO:root:Epoch: 96, Iteration: 678, Loss: 0.08519411832094193
INFO:root:Epoch: 96, Iteration: 679, Loss: 0.08530613034963608
INFO:root:Validation set mIOU: 82.63080600897142
INFO:root:Epoch: 97, Iteration: 680, Loss: 0.08592867851257324
INFO:root:Epoch: 97, Iteration: 681, Loss: 0.0891074687242508
INFO:root:Epoch: 97, Iteration: 682, Loss: 0.07462620735168457
INFO:root:Epoch: 97, Iteration: 683, Loss: 0.11413484066724777
INFO:root:Epoch: 97, Iteration: 684, Loss: 0.13631203770637512
INFO:root:Epoch: 97, Iteration: 685, Loss: 0.08037608116865158
INFO:root:Epoch: 97, Iteration: 686, Loss: 0.08436858654022217
INFO:root:Validation set mIOU: 82.70420322779496
INFO:root:Epoch: 98, Iteration: 687, Loss: 0.07551182061433792
INFO:root:Epoch: 98, Iteration: 688, Loss: 0.08401187509298325
INFO:root:Epoch: 98, Iteration: 689, Loss: 0.08726169914007187
INFO:root:Epoch: 98, Iteration: 690, Loss: 0.14269734919071198
INFO:root:Epoch: 98, Iteration: 691, Loss: 0.0918126106262207
INFO:root:Epoch: 98, Iteration: 692, Loss: 0.08997704088687897
INFO:root:Epoch: 98, Iteration: 693, Loss: 0.08386529982089996
INFO:root:Validation set mIOU: 82.28130216572063
INFO:root:Epoch: 99, Iteration: 694, Loss: 0.09407521784305573
INFO:root:Epoch: 99, Iteration: 695, Loss: 0.08036429435014725
INFO:root:Epoch: 99, Iteration: 696, Loss: 0.08322200924158096
INFO:root:Epoch: 99, Iteration: 697, Loss: 0.0666603222489357
INFO:root:Epoch: 99, Iteration: 698, Loss: 0.08710379898548126
INFO:root:Epoch: 99, Iteration: 699, Loss: 0.08110404759645462
INFO:root:Epoch: 99, Iteration: 700, Loss: 0.08553684502840042
INFO:root:Validation set mIOU: 82.19389496195856
