INFO:root:{'addition': 'no_noisy',
 'backbone': 'resnet101',
 'batch_size': 16,
 'batch_size_consistency': 16,
 'conf_thres': 0.95,
 'config': 'configs/dataset2.yaml',
 'consistency_training': False,
 'crop_size': 320,
 'data_root': './',
 'dataset': 'dataset2',
 'epochs': 100,
 'labeled_id_path': 'dataset/splits/dataset2/1_4/split_no_noisy/labeled.txt',
 'lr': 0.0009,
 'model': 'pspnet',
 'ngpus': 1,
 'plus': False,
 'pseudo_consistency_mask_path': None,
 'pseudo_mask_path': 'outdir/pseudo_masks/dataset2/1_4/split_no_noisy/pspnet/resnet101/no_noisy/self_training/non_consistency_training/second_time',
 'rand_thres': 0.8,
 'reliable_id_path': None,
 'save_path': 'outdir/models/dataset2/1_4/split_no_noisy/pspnet/resnet101/no_noisy/self_training/non_consistency_training/second_time',
 'time': 2,
 'unlabeled_id_path': 'dataset/splits/dataset2/1_4/split_no_noisy/unlabeled.txt',
 'warm_up': 30}

INFO:root:Training supervised with consistency on unlabeled images
INFO:root:Epoch: 0, Iteration: 1, Loss: 1.1804946660995483
INFO:root:Epoch: 0, Iteration: 2, Loss: 0.7213432788848877
INFO:root:Validation set mIOU: 37.82279273064624
INFO:root:Epoch: 1, Iteration: 3, Loss: 0.4820418655872345
INFO:root:Epoch: 1, Iteration: 4, Loss: 0.34294530749320984
INFO:root:Validation set mIOU: 59.77146846123461
INFO:root:Epoch: 2, Iteration: 5, Loss: 0.3352813720703125
INFO:root:Epoch: 2, Iteration: 6, Loss: 0.31695643067359924
INFO:root:Validation set mIOU: 66.63016318334044
INFO:root:Epoch: 3, Iteration: 7, Loss: 0.3489111363887787
INFO:root:Epoch: 3, Iteration: 8, Loss: 0.29818496108055115
INFO:root:Validation set mIOU: 61.98674118200708
INFO:root:Epoch: 4, Iteration: 9, Loss: 0.2645353674888611
INFO:root:Epoch: 4, Iteration: 10, Loss: 0.24902606010437012
INFO:root:Validation set mIOU: 58.85174853900283
INFO:root:Epoch: 5, Iteration: 11, Loss: 0.2616767883300781
INFO:root:Epoch: 5, Iteration: 12, Loss: 0.25744950771331787
INFO:root:Validation set mIOU: 59.38269766214216
INFO:root:Epoch: 6, Iteration: 13, Loss: 0.25413909554481506
INFO:root:Epoch: 6, Iteration: 14, Loss: 0.23564033210277557
INFO:root:Validation set mIOU: 61.51746898994843
INFO:root:Epoch: 7, Iteration: 15, Loss: 0.2904265224933624
INFO:root:Epoch: 7, Iteration: 16, Loss: 0.17969772219657898
INFO:root:Validation set mIOU: 63.81009976210369
INFO:root:Epoch: 8, Iteration: 17, Loss: 0.18317492306232452
INFO:root:Epoch: 8, Iteration: 18, Loss: 0.269238144159317
INFO:root:Validation set mIOU: 64.23382722425482
INFO:root:Epoch: 9, Iteration: 19, Loss: 0.19251924753189087
INFO:root:Epoch: 9, Iteration: 20, Loss: 0.18285728991031647
INFO:root:Validation set mIOU: 65.36299046946856
INFO:root:Epoch: 10, Iteration: 21, Loss: 0.18388904631137848
INFO:root:Epoch: 10, Iteration: 22, Loss: 0.1945999264717102
INFO:root:Validation set mIOU: 68.05539019221982
INFO:root:Epoch: 11, Iteration: 23, Loss: 0.1889432966709137
INFO:root:Epoch: 11, Iteration: 24, Loss: 0.18974080681800842
INFO:root:Validation set mIOU: 70.47354351592779
INFO:root:Epoch: 12, Iteration: 25, Loss: 0.16591119766235352
INFO:root:Epoch: 12, Iteration: 26, Loss: 0.18124322593212128
INFO:root:Validation set mIOU: 71.61936517044055
INFO:root:Epoch: 13, Iteration: 27, Loss: 0.195230633020401
INFO:root:Epoch: 13, Iteration: 28, Loss: 0.17311391234397888
INFO:root:Validation set mIOU: 72.24380338660859
INFO:root:Epoch: 14, Iteration: 29, Loss: 0.15160225331783295
INFO:root:Epoch: 14, Iteration: 30, Loss: 0.17318479716777802
INFO:root:Validation set mIOU: 71.53546221681374
INFO:root:Epoch: 15, Iteration: 31, Loss: 0.1643572896718979
INFO:root:Epoch: 15, Iteration: 32, Loss: 0.16848161816596985
INFO:root:Validation set mIOU: 70.41230052992799
INFO:root:Epoch: 16, Iteration: 33, Loss: 0.16023410856723785
INFO:root:Epoch: 16, Iteration: 34, Loss: 0.16326530277729034
INFO:root:Validation set mIOU: 68.34841834115905
INFO:root:Epoch: 17, Iteration: 35, Loss: 0.17766809463500977
INFO:root:Epoch: 17, Iteration: 36, Loss: 0.1444379985332489
INFO:root:Validation set mIOU: 67.6824967248331
INFO:root:Epoch: 18, Iteration: 37, Loss: 0.17116665840148926
INFO:root:Epoch: 18, Iteration: 38, Loss: 0.13750120997428894
INFO:root:Validation set mIOU: 67.77294152024628
INFO:root:Epoch: 19, Iteration: 39, Loss: 0.1456361562013626
INFO:root:Epoch: 19, Iteration: 40, Loss: 0.13413628935813904
INFO:root:Validation set mIOU: 69.54377418242599
INFO:root:Epoch: 20, Iteration: 41, Loss: 0.12867330014705658
INFO:root:Epoch: 20, Iteration: 42, Loss: 0.19691486656665802
INFO:root:Validation set mIOU: 71.0439538365733
INFO:root:Epoch: 21, Iteration: 43, Loss: 0.14167922735214233
INFO:root:Epoch: 21, Iteration: 44, Loss: 0.14041121304035187
INFO:root:Validation set mIOU: 72.44222328804378
INFO:root:Epoch: 22, Iteration: 45, Loss: 0.134754940867424
INFO:root:Epoch: 22, Iteration: 46, Loss: 0.13099849224090576
INFO:root:Validation set mIOU: 73.6099781434873
INFO:root:Epoch: 23, Iteration: 47, Loss: 0.12729157507419586
INFO:root:Epoch: 23, Iteration: 48, Loss: 0.12355484068393707
INFO:root:Validation set mIOU: 74.17270850359552
INFO:root:Epoch: 24, Iteration: 49, Loss: 0.15171362459659576
INFO:root:Epoch: 24, Iteration: 50, Loss: 0.12858946621418
INFO:root:Validation set mIOU: 74.21358633650395
INFO:root:Epoch: 25, Iteration: 51, Loss: 0.11715737730264664
INFO:root:Epoch: 25, Iteration: 52, Loss: 0.13151516020298004
INFO:root:Validation set mIOU: 73.57039627885054
INFO:root:Epoch: 26, Iteration: 53, Loss: 0.1148078516125679
INFO:root:Epoch: 26, Iteration: 54, Loss: 0.10449680685997009
INFO:root:Validation set mIOU: 72.16951490474705
INFO:root:Epoch: 27, Iteration: 55, Loss: 0.1434098482131958
INFO:root:Epoch: 27, Iteration: 56, Loss: 0.1205800250172615
INFO:root:Validation set mIOU: 71.68565639015073
INFO:root:Epoch: 28, Iteration: 57, Loss: 0.11068721115589142
INFO:root:Epoch: 28, Iteration: 58, Loss: 0.12036223709583282
INFO:root:Validation set mIOU: 72.4831045118122
INFO:root:Epoch: 29, Iteration: 59, Loss: 0.1951732188463211
INFO:root:Epoch: 29, Iteration: 60, Loss: 0.13620269298553467
INFO:root:Validation set mIOU: 73.58574245554989
INFO:root:Epoch: 30, Iteration: 61, Loss: 0.13119839131832123
INFO:root:Epoch: 30, Iteration: 62, Loss: 0.11028723418712616
INFO:root:Validation set mIOU: 75.04505102216218
INFO:root:Epoch: 31, Iteration: 63, Loss: 0.13460732996463776
INFO:root:Epoch: 31, Iteration: 64, Loss: 0.10488211363554001
INFO:root:Validation set mIOU: 75.30508584755596
INFO:root:Epoch: 32, Iteration: 65, Loss: 0.11681211739778519
INFO:root:Epoch: 32, Iteration: 66, Loss: 0.11656206101179123
INFO:root:Validation set mIOU: 75.41541232085785
INFO:root:Epoch: 33, Iteration: 67, Loss: 0.12370143830776215
INFO:root:Epoch: 33, Iteration: 68, Loss: 0.1246182844042778
INFO:root:Validation set mIOU: 75.27395357093552
INFO:root:Epoch: 34, Iteration: 69, Loss: 0.113644540309906
INFO:root:Epoch: 34, Iteration: 70, Loss: 0.13520832359790802
INFO:root:Validation set mIOU: 74.7115280118628
INFO:root:Epoch: 35, Iteration: 71, Loss: 0.13502421975135803
INFO:root:Epoch: 35, Iteration: 72, Loss: 0.10421761125326157
INFO:root:Validation set mIOU: 74.71306245019171
INFO:root:Epoch: 36, Iteration: 73, Loss: 0.14740341901779175
INFO:root:Epoch: 36, Iteration: 74, Loss: 0.13999703526496887
INFO:root:Validation set mIOU: 75.06062144155989
INFO:root:Epoch: 37, Iteration: 75, Loss: 0.10871254652738571
INFO:root:Epoch: 37, Iteration: 76, Loss: 0.11401721835136414
INFO:root:Validation set mIOU: 75.34204769059694
INFO:root:Epoch: 38, Iteration: 77, Loss: 0.09648343920707703
INFO:root:Epoch: 38, Iteration: 78, Loss: 0.106861911714077
INFO:root:Validation set mIOU: 75.75529151217614
INFO:root:Epoch: 39, Iteration: 79, Loss: 0.10178561508655548
INFO:root:Epoch: 39, Iteration: 80, Loss: 0.09422162920236588
INFO:root:Validation set mIOU: 76.25168077075672
INFO:root:Epoch: 40, Iteration: 81, Loss: 0.11083343625068665
INFO:root:Epoch: 40, Iteration: 82, Loss: 0.09678380936384201
INFO:root:Validation set mIOU: 76.47457218966301
INFO:root:Epoch: 41, Iteration: 83, Loss: 0.11614503711462021
INFO:root:Epoch: 41, Iteration: 84, Loss: 0.10870824009180069
INFO:root:Validation set mIOU: 76.41106921093831
INFO:root:Epoch: 42, Iteration: 85, Loss: 0.09807292371988297
INFO:root:Epoch: 42, Iteration: 86, Loss: 0.11614199727773666
INFO:root:Validation set mIOU: 76.37909414689483
INFO:root:Epoch: 43, Iteration: 87, Loss: 0.10712140053510666
INFO:root:Epoch: 43, Iteration: 88, Loss: 0.09578882902860641
INFO:root:Validation set mIOU: 76.40281060756547
INFO:root:Epoch: 44, Iteration: 89, Loss: 0.11576133966445923
INFO:root:Epoch: 44, Iteration: 90, Loss: 0.10186262428760529
INFO:root:Validation set mIOU: 75.98415603252619
INFO:root:Epoch: 45, Iteration: 91, Loss: 0.1266290843486786
INFO:root:Epoch: 45, Iteration: 92, Loss: 0.09082686901092529
INFO:root:Validation set mIOU: 76.09838220612755
INFO:root:Epoch: 46, Iteration: 93, Loss: 0.12874507904052734
INFO:root:Epoch: 46, Iteration: 94, Loss: 0.11605877429246902
INFO:root:Validation set mIOU: 75.46116931484335
INFO:root:Epoch: 47, Iteration: 95, Loss: 0.10762467980384827
INFO:root:Epoch: 47, Iteration: 96, Loss: 0.10116200149059296
INFO:root:Validation set mIOU: 75.23958401256863
INFO:root:Epoch: 48, Iteration: 97, Loss: 0.10937655717134476
INFO:root:Epoch: 48, Iteration: 98, Loss: 0.10513415932655334
INFO:root:Validation set mIOU: 75.17008958431283
INFO:root:Epoch: 49, Iteration: 99, Loss: 0.11494997888803482
INFO:root:Epoch: 49, Iteration: 100, Loss: 0.1255347728729248
INFO:root:Validation set mIOU: 75.82064072165015
INFO:root:Epoch: 50, Iteration: 101, Loss: 0.10957493633031845
INFO:root:Epoch: 50, Iteration: 102, Loss: 0.10383179038763046
INFO:root:Validation set mIOU: 76.19434734670904
INFO:root:Epoch: 51, Iteration: 103, Loss: 0.10044392943382263
INFO:root:Epoch: 51, Iteration: 104, Loss: 0.0942617878317833
INFO:root:Validation set mIOU: 76.63243825667703
INFO:root:Epoch: 52, Iteration: 105, Loss: 0.11506478488445282
INFO:root:Epoch: 52, Iteration: 106, Loss: 0.09982393682003021
INFO:root:Validation set mIOU: 76.81315587530851
INFO:root:Epoch: 53, Iteration: 107, Loss: 0.10605806112289429
INFO:root:Epoch: 53, Iteration: 108, Loss: 0.09647006541490555
INFO:root:Validation set mIOU: 76.85034316959438
INFO:root:Epoch: 54, Iteration: 109, Loss: 0.09835309535264969
INFO:root:Epoch: 54, Iteration: 110, Loss: 0.10577399283647537
INFO:root:Validation set mIOU: 77.00747032161676
INFO:root:Epoch: 55, Iteration: 111, Loss: 0.10461241006851196
INFO:root:Epoch: 55, Iteration: 112, Loss: 0.09150762856006622
INFO:root:Validation set mIOU: 76.69747915849706
INFO:root:Epoch: 56, Iteration: 113, Loss: 0.09848743677139282
INFO:root:Epoch: 56, Iteration: 114, Loss: 0.08934243768453598
INFO:root:Validation set mIOU: 76.46724204631846
INFO:root:Epoch: 57, Iteration: 115, Loss: 0.10295814275741577
INFO:root:Epoch: 57, Iteration: 116, Loss: 0.08974981307983398
INFO:root:Validation set mIOU: 76.12779293185977
INFO:root:Epoch: 58, Iteration: 117, Loss: 0.0946003645658493
INFO:root:Epoch: 58, Iteration: 118, Loss: 0.10520824044942856
INFO:root:Validation set mIOU: 76.35290120018196
INFO:root:Epoch: 59, Iteration: 119, Loss: 0.09283456206321716
INFO:root:Epoch: 59, Iteration: 120, Loss: 0.11328050494194031
INFO:root:Validation set mIOU: 77.02734549581615
INFO:root:Epoch: 60, Iteration: 121, Loss: 0.1301494538784027
INFO:root:Epoch: 60, Iteration: 122, Loss: 0.08920621871948242
INFO:root:Validation set mIOU: 77.35314422771738
INFO:root:Epoch: 61, Iteration: 123, Loss: 0.08451096713542938
INFO:root:Epoch: 61, Iteration: 124, Loss: 0.1140236034989357
INFO:root:Validation set mIOU: 77.82029702520606
INFO:root:Epoch: 62, Iteration: 125, Loss: 0.09044434875249863
INFO:root:Epoch: 62, Iteration: 126, Loss: 0.11972033232450485
INFO:root:Validation set mIOU: 77.66910974218729
INFO:root:Epoch: 63, Iteration: 127, Loss: 0.1035584881901741
INFO:root:Epoch: 63, Iteration: 128, Loss: 0.09305427223443985
INFO:root:Validation set mIOU: 77.5753503843961
INFO:root:Epoch: 64, Iteration: 129, Loss: 0.11125928163528442
INFO:root:Epoch: 64, Iteration: 130, Loss: 0.08650293946266174
INFO:root:Validation set mIOU: 77.26617838656634
INFO:root:Epoch: 65, Iteration: 131, Loss: 0.10014285147190094
INFO:root:Epoch: 65, Iteration: 132, Loss: 0.08586759120225906
INFO:root:Validation set mIOU: 77.0719797184597
INFO:root:Epoch: 66, Iteration: 133, Loss: 0.09828492254018784
INFO:root:Epoch: 66, Iteration: 134, Loss: 0.09240415692329407
INFO:root:Validation set mIOU: 76.75944186344346
INFO:root:Epoch: 67, Iteration: 135, Loss: 0.10805516690015793
INFO:root:Epoch: 67, Iteration: 136, Loss: 0.09362133592367172
INFO:root:Validation set mIOU: 76.67965169711421
INFO:root:Epoch: 68, Iteration: 137, Loss: 0.08363882452249527
INFO:root:Epoch: 68, Iteration: 138, Loss: 0.10745663940906525
INFO:root:Validation set mIOU: 76.47459494474109
INFO:root:Epoch: 69, Iteration: 139, Loss: 0.10010401159524918
INFO:root:Epoch: 69, Iteration: 140, Loss: 0.10216204822063446
INFO:root:Validation set mIOU: 76.88840480885983
INFO:root:Epoch: 70, Iteration: 141, Loss: 0.09605736285448074
INFO:root:Epoch: 70, Iteration: 142, Loss: 0.0839565321803093
INFO:root:Validation set mIOU: 77.43329259557696
INFO:root:Epoch: 71, Iteration: 143, Loss: 0.08497925102710724
INFO:root:Epoch: 71, Iteration: 144, Loss: 0.10578060150146484
INFO:root:Validation set mIOU: 77.37187703024188
INFO:root:Epoch: 72, Iteration: 145, Loss: 0.08382338285446167
INFO:root:Epoch: 72, Iteration: 146, Loss: 0.09908891469240189
INFO:root:Validation set mIOU: 77.67330993856406
INFO:root:Epoch: 73, Iteration: 147, Loss: 0.10258559137582779
INFO:root:Epoch: 73, Iteration: 148, Loss: 0.09572085738182068
INFO:root:Validation set mIOU: 77.73014845839575
INFO:root:Epoch: 74, Iteration: 149, Loss: 0.08204492181539536
INFO:root:Epoch: 74, Iteration: 150, Loss: 0.09787880629301071
INFO:root:Validation set mIOU: 78.03639554334455
INFO:root:Epoch: 75, Iteration: 151, Loss: 0.08486928790807724
INFO:root:Epoch: 75, Iteration: 152, Loss: 0.09472014755010605
INFO:root:Validation set mIOU: 78.46182616099965
INFO:root:Epoch: 76, Iteration: 153, Loss: 0.08080039918422699
INFO:root:Epoch: 76, Iteration: 154, Loss: 0.09638486057519913
INFO:root:Validation set mIOU: 78.81946142597522
INFO:root:Epoch: 77, Iteration: 155, Loss: 0.08335985988378525
INFO:root:Epoch: 77, Iteration: 156, Loss: 0.11647254228591919
INFO:root:Validation set mIOU: 78.83979473450408
INFO:root:Epoch: 78, Iteration: 157, Loss: 0.08790001273155212
INFO:root:Epoch: 78, Iteration: 158, Loss: 0.09415068477392197
INFO:root:Validation set mIOU: 78.76355447643355
INFO:root:Epoch: 79, Iteration: 159, Loss: 0.11155017465353012
INFO:root:Epoch: 79, Iteration: 160, Loss: 0.08821626007556915
INFO:root:Validation set mIOU: 78.6861264867957
INFO:root:Epoch: 80, Iteration: 161, Loss: 0.10935334861278534
INFO:root:Epoch: 80, Iteration: 162, Loss: 0.0875057801604271
INFO:root:Validation set mIOU: 78.26810609126596
INFO:root:Epoch: 81, Iteration: 163, Loss: 0.09258382767438889
INFO:root:Epoch: 81, Iteration: 164, Loss: 0.10936187952756882
INFO:root:Validation set mIOU: 78.15313634106964
INFO:root:Epoch: 82, Iteration: 165, Loss: 0.07811500877141953
INFO:root:Epoch: 82, Iteration: 166, Loss: 0.08652673661708832
INFO:root:Validation set mIOU: 78.0298051309393
INFO:root:Epoch: 83, Iteration: 167, Loss: 0.08705315738916397
INFO:root:Epoch: 83, Iteration: 168, Loss: 0.0953197181224823
INFO:root:Validation set mIOU: 77.80655935951722
INFO:root:Epoch: 84, Iteration: 169, Loss: 0.0839855819940567
INFO:root:Epoch: 84, Iteration: 170, Loss: 0.09916867315769196
INFO:root:Validation set mIOU: 77.62038256407564
INFO:root:Epoch: 85, Iteration: 171, Loss: 0.08842271566390991
INFO:root:Epoch: 85, Iteration: 172, Loss: 0.11231626570224762
INFO:root:Validation set mIOU: 77.04768519836182
INFO:root:Epoch: 86, Iteration: 173, Loss: 0.08671925961971283
INFO:root:Epoch: 86, Iteration: 174, Loss: 0.08580765873193741
INFO:root:Validation set mIOU: 76.92000402419525
INFO:root:Epoch: 87, Iteration: 175, Loss: 0.09272415935993195
INFO:root:Epoch: 87, Iteration: 176, Loss: 0.09860969334840775
INFO:root:Validation set mIOU: 76.767671267135
INFO:root:Epoch: 88, Iteration: 177, Loss: 0.08528836816549301
INFO:root:Epoch: 88, Iteration: 178, Loss: 0.07936286181211472
INFO:root:Validation set mIOU: 76.941423212033
INFO:root:Epoch: 89, Iteration: 179, Loss: 0.08321688324213028
INFO:root:Epoch: 89, Iteration: 180, Loss: 0.10036836564540863
INFO:root:Validation set mIOU: 76.9726879123852
INFO:root:Epoch: 90, Iteration: 181, Loss: 0.08661063015460968
INFO:root:Epoch: 90, Iteration: 182, Loss: 0.09592027217149734
INFO:root:Validation set mIOU: 77.28019457955246
INFO:root:Epoch: 91, Iteration: 183, Loss: 0.09954351931810379
INFO:root:Epoch: 91, Iteration: 184, Loss: 0.08286554366350174
INFO:root:Validation set mIOU: 77.17755073552188
INFO:root:Epoch: 92, Iteration: 185, Loss: 0.08355578780174255
INFO:root:Epoch: 92, Iteration: 186, Loss: 0.1205795407295227
INFO:root:Validation set mIOU: 77.12323272174123
INFO:root:Epoch: 93, Iteration: 187, Loss: 0.08958952873945236
INFO:root:Epoch: 93, Iteration: 188, Loss: 0.09143118560314178
INFO:root:Validation set mIOU: 77.52650834077274
INFO:root:Epoch: 94, Iteration: 189, Loss: 0.08596852421760559
INFO:root:Epoch: 94, Iteration: 190, Loss: 0.08543656021356583
INFO:root:Validation set mIOU: 77.37986725784195
INFO:root:Epoch: 95, Iteration: 191, Loss: 0.08507745712995529
INFO:root:Epoch: 95, Iteration: 192, Loss: 0.09359652549028397
INFO:root:Validation set mIOU: 77.55531617750864
INFO:root:Epoch: 96, Iteration: 193, Loss: 0.08648357540369034
INFO:root:Epoch: 96, Iteration: 194, Loss: 0.09480899572372437
INFO:root:Validation set mIOU: 77.73163880931135
INFO:root:Epoch: 97, Iteration: 195, Loss: 0.08048414438962936
INFO:root:Epoch: 97, Iteration: 196, Loss: 0.07378648221492767
INFO:root:Validation set mIOU: 77.90985321488102
INFO:root:Epoch: 98, Iteration: 197, Loss: 0.10020947456359863
INFO:root:Epoch: 98, Iteration: 198, Loss: 0.0933154970407486
INFO:root:Validation set mIOU: 77.85436069882992
INFO:root:Epoch: 99, Iteration: 199, Loss: 0.08825279027223587
INFO:root:Epoch: 99, Iteration: 200, Loss: 0.09310389310121536
INFO:root:Validation set mIOU: 77.77553786705246
INFO:root:Semi-training
INFO:root:Epoch: 0, Iteration: 1, Loss: 1.0405601263046265
INFO:root:Epoch: 0, Iteration: 2, Loss: 0.8242502212524414
INFO:root:Epoch: 0, Iteration: 3, Loss: 0.5098182559013367
INFO:root:Epoch: 0, Iteration: 4, Loss: 0.4056186378002167
INFO:root:Epoch: 0, Iteration: 5, Loss: 0.35660216212272644
INFO:root:Epoch: 0, Iteration: 6, Loss: 0.4060311019420624
INFO:root:Epoch: 0, Iteration: 7, Loss: 0.3027092516422272
INFO:root:Validation set mIOU: 67.17792440649467
INFO:root:Epoch: 1, Iteration: 8, Loss: 0.2693791091442108
INFO:root:Epoch: 1, Iteration: 9, Loss: 0.301849365234375
INFO:root:Epoch: 1, Iteration: 10, Loss: 0.34444698691368103
INFO:root:Epoch: 1, Iteration: 11, Loss: 0.27430227398872375
INFO:root:Epoch: 1, Iteration: 12, Loss: 0.32824891805648804
INFO:root:Epoch: 1, Iteration: 13, Loss: 0.2435859888792038
INFO:root:Epoch: 1, Iteration: 14, Loss: 0.3156535029411316
INFO:root:Validation set mIOU: 69.39246484879776
INFO:root:Epoch: 2, Iteration: 15, Loss: 0.30790773034095764
INFO:root:Epoch: 2, Iteration: 16, Loss: 0.22966699302196503
INFO:root:Epoch: 2, Iteration: 17, Loss: 0.2811093032360077
INFO:root:Epoch: 2, Iteration: 18, Loss: 0.23195554316043854
INFO:root:Epoch: 2, Iteration: 19, Loss: 0.24183011054992676
INFO:root:Epoch: 2, Iteration: 20, Loss: 0.2601480484008789
INFO:root:Epoch: 2, Iteration: 21, Loss: 0.20039525628089905
INFO:root:Validation set mIOU: 70.96546759688445
INFO:root:Epoch: 3, Iteration: 22, Loss: 0.253551721572876
INFO:root:Epoch: 3, Iteration: 23, Loss: 0.23745007812976837
INFO:root:Epoch: 3, Iteration: 24, Loss: 0.20281442999839783
INFO:root:Epoch: 3, Iteration: 25, Loss: 0.2126055359840393
INFO:root:Epoch: 3, Iteration: 26, Loss: 0.25745970010757446
INFO:root:Epoch: 3, Iteration: 27, Loss: 0.2008133828639984
INFO:root:Epoch: 3, Iteration: 28, Loss: 0.18841834366321564
INFO:root:Validation set mIOU: 72.6945505753971
INFO:root:Epoch: 4, Iteration: 29, Loss: 0.2129332423210144
INFO:root:Epoch: 4, Iteration: 30, Loss: 0.19204366207122803
INFO:root:Epoch: 4, Iteration: 31, Loss: 0.1575494259595871
INFO:root:Epoch: 4, Iteration: 32, Loss: 0.32535815238952637
INFO:root:Epoch: 4, Iteration: 33, Loss: 0.21610598266124725
INFO:root:Epoch: 4, Iteration: 34, Loss: 0.19896762073040009
INFO:root:Epoch: 4, Iteration: 35, Loss: 0.2309381067752838
INFO:root:Validation set mIOU: 72.17501099404585
INFO:root:Epoch: 5, Iteration: 36, Loss: 0.17540234327316284
INFO:root:Epoch: 5, Iteration: 37, Loss: 0.22673015296459198
INFO:root:Epoch: 5, Iteration: 38, Loss: 0.18423156440258026
INFO:root:Epoch: 5, Iteration: 39, Loss: 0.1759352833032608
INFO:root:Epoch: 5, Iteration: 40, Loss: 0.22187687456607819
INFO:root:Epoch: 5, Iteration: 41, Loss: 0.21141277253627777
INFO:root:Epoch: 5, Iteration: 42, Loss: 0.1905447244644165
INFO:root:Validation set mIOU: 75.35686773079014
INFO:root:Epoch: 6, Iteration: 43, Loss: 0.19730950891971588
INFO:root:Epoch: 6, Iteration: 44, Loss: 0.1712619811296463
INFO:root:Epoch: 6, Iteration: 45, Loss: 0.1629699319601059
INFO:root:Epoch: 6, Iteration: 46, Loss: 0.25609901547431946
INFO:root:Epoch: 6, Iteration: 47, Loss: 0.1677003651857376
INFO:root:Epoch: 6, Iteration: 48, Loss: 0.20667415857315063
INFO:root:Epoch: 6, Iteration: 49, Loss: 0.21252480149269104
INFO:root:Validation set mIOU: 71.48960489417253
INFO:root:Epoch: 7, Iteration: 50, Loss: 0.16527317464351654
INFO:root:Epoch: 7, Iteration: 51, Loss: 0.23182334005832672
INFO:root:Epoch: 7, Iteration: 52, Loss: 0.14781978726387024
INFO:root:Epoch: 7, Iteration: 53, Loss: 0.16671638190746307
INFO:root:Epoch: 7, Iteration: 54, Loss: 0.2117045819759369
INFO:root:Epoch: 7, Iteration: 55, Loss: 0.17306679487228394
INFO:root:Epoch: 7, Iteration: 56, Loss: 0.1651892066001892
INFO:root:Validation set mIOU: 77.66968297674563
INFO:root:Epoch: 8, Iteration: 57, Loss: 0.155613511800766
INFO:root:Epoch: 8, Iteration: 58, Loss: 0.1872609257698059
INFO:root:Epoch: 8, Iteration: 59, Loss: 0.21319836378097534
INFO:root:Epoch: 8, Iteration: 60, Loss: 0.1776581108570099
INFO:root:Epoch: 8, Iteration: 61, Loss: 0.198221355676651
INFO:root:Epoch: 8, Iteration: 62, Loss: 0.16070009768009186
INFO:root:Epoch: 8, Iteration: 63, Loss: 0.14620722830295563
INFO:root:Validation set mIOU: 76.48906638016682
INFO:root:Epoch: 9, Iteration: 64, Loss: 0.19244860112667084
INFO:root:Epoch: 9, Iteration: 65, Loss: 0.17335033416748047
INFO:root:Epoch: 9, Iteration: 66, Loss: 0.1287125051021576
INFO:root:Epoch: 9, Iteration: 67, Loss: 0.20246894657611847
INFO:root:Epoch: 9, Iteration: 68, Loss: 0.2417028397321701
INFO:root:Epoch: 9, Iteration: 69, Loss: 0.15130876004695892
INFO:root:Epoch: 9, Iteration: 70, Loss: 0.13738380372524261
INFO:root:Validation set mIOU: 76.79336531948215
INFO:root:Epoch: 10, Iteration: 71, Loss: 0.16830554604530334
INFO:root:Epoch: 10, Iteration: 72, Loss: 0.17846904695034027
INFO:root:Epoch: 10, Iteration: 73, Loss: 0.1270391196012497
INFO:root:Epoch: 10, Iteration: 74, Loss: 0.1951259970664978
INFO:root:Epoch: 10, Iteration: 75, Loss: 0.15122035145759583
INFO:root:Epoch: 10, Iteration: 76, Loss: 0.16919444501399994
INFO:root:Epoch: 10, Iteration: 77, Loss: 0.11868972331285477
INFO:root:Validation set mIOU: 79.53645349876508
INFO:root:Epoch: 11, Iteration: 78, Loss: 0.15293259918689728
INFO:root:Epoch: 11, Iteration: 79, Loss: 0.23292136192321777
INFO:root:Epoch: 11, Iteration: 80, Loss: 0.15994812548160553
INFO:root:Epoch: 11, Iteration: 81, Loss: 0.16752326488494873
INFO:root:Epoch: 11, Iteration: 82, Loss: 0.1419469118118286
INFO:root:Epoch: 11, Iteration: 83, Loss: 0.14756105840206146
INFO:root:Epoch: 11, Iteration: 84, Loss: 0.15223728120326996
INFO:root:Validation set mIOU: 80.49954669732733
INFO:root:Epoch: 12, Iteration: 85, Loss: 0.16187572479248047
INFO:root:Epoch: 12, Iteration: 86, Loss: 0.1341056525707245
INFO:root:Epoch: 12, Iteration: 87, Loss: 0.15387360751628876
INFO:root:Epoch: 12, Iteration: 88, Loss: 0.14576385915279388
INFO:root:Epoch: 12, Iteration: 89, Loss: 0.15497013926506042
INFO:root:Epoch: 12, Iteration: 90, Loss: 0.13511498272418976
INFO:root:Epoch: 12, Iteration: 91, Loss: 0.22811008989810944
INFO:root:Validation set mIOU: 80.28008010018416
INFO:root:Epoch: 13, Iteration: 92, Loss: 0.12628969550132751
INFO:root:Epoch: 13, Iteration: 93, Loss: 0.1717270463705063
INFO:root:Epoch: 13, Iteration: 94, Loss: 0.23554277420043945
INFO:root:Epoch: 13, Iteration: 95, Loss: 0.14052878320217133
INFO:root:Epoch: 13, Iteration: 96, Loss: 0.15694136917591095
INFO:root:Epoch: 13, Iteration: 97, Loss: 0.14357782900333405
INFO:root:Epoch: 13, Iteration: 98, Loss: 0.1790887713432312
INFO:root:Validation set mIOU: 80.11574544416618
INFO:root:Epoch: 14, Iteration: 99, Loss: 0.14520658552646637
INFO:root:Epoch: 14, Iteration: 100, Loss: 0.1433517038822174
INFO:root:Epoch: 14, Iteration: 101, Loss: 0.16493189334869385
INFO:root:Epoch: 14, Iteration: 102, Loss: 0.15916354954242706
INFO:root:Epoch: 14, Iteration: 103, Loss: 0.15282823145389557
INFO:root:Epoch: 14, Iteration: 104, Loss: 0.15426576137542725
INFO:root:Epoch: 14, Iteration: 105, Loss: 0.1424374282360077
INFO:root:Validation set mIOU: 79.39052355725127
INFO:root:Epoch: 15, Iteration: 106, Loss: 0.17289862036705017
INFO:root:Epoch: 15, Iteration: 107, Loss: 0.13418544828891754
INFO:root:Epoch: 15, Iteration: 108, Loss: 0.10579101741313934
INFO:root:Epoch: 15, Iteration: 109, Loss: 0.14783087372779846
INFO:root:Epoch: 15, Iteration: 110, Loss: 0.1421298384666443
INFO:root:Epoch: 15, Iteration: 111, Loss: 0.12270936369895935
INFO:root:Epoch: 15, Iteration: 112, Loss: 0.1672455221414566
INFO:root:Validation set mIOU: 77.93059676681615
INFO:root:Epoch: 16, Iteration: 113, Loss: 0.14739330112934113
INFO:root:Epoch: 16, Iteration: 114, Loss: 0.13623850047588348
INFO:root:Epoch: 16, Iteration: 115, Loss: 0.16865450143814087
INFO:root:Epoch: 16, Iteration: 116, Loss: 0.14745751023292542
INFO:root:Epoch: 16, Iteration: 117, Loss: 0.1729401797056198
INFO:root:Epoch: 16, Iteration: 118, Loss: 0.17092326283454895
INFO:root:Epoch: 16, Iteration: 119, Loss: 0.13196861743927002
INFO:root:Validation set mIOU: 77.94741897789886
INFO:root:Epoch: 17, Iteration: 120, Loss: 0.13563813269138336
INFO:root:Epoch: 17, Iteration: 121, Loss: 0.12305691093206406
INFO:root:Epoch: 17, Iteration: 122, Loss: 0.15535272657871246
INFO:root:Epoch: 17, Iteration: 123, Loss: 0.14411766827106476
INFO:root:Epoch: 17, Iteration: 124, Loss: 0.11102453619241714
INFO:root:Epoch: 17, Iteration: 125, Loss: 0.16881906986236572
INFO:root:Epoch: 17, Iteration: 126, Loss: 0.14001618325710297
INFO:root:Validation set mIOU: 76.71863080420306
INFO:root:Epoch: 18, Iteration: 127, Loss: 0.11380580812692642
INFO:root:Epoch: 18, Iteration: 128, Loss: 0.14289675652980804
INFO:root:Epoch: 18, Iteration: 129, Loss: 0.1446695774793625
INFO:root:Epoch: 18, Iteration: 130, Loss: 0.14857500791549683
INFO:root:Epoch: 18, Iteration: 131, Loss: 0.19294874370098114
INFO:root:Epoch: 18, Iteration: 132, Loss: 0.11723578721284866
INFO:root:Epoch: 18, Iteration: 133, Loss: 0.1107073426246643
INFO:root:Validation set mIOU: 79.65152591849004
INFO:root:Epoch: 19, Iteration: 134, Loss: 0.13860668241977692
INFO:root:Epoch: 19, Iteration: 135, Loss: 0.1333911120891571
INFO:root:Epoch: 19, Iteration: 136, Loss: 0.12172216176986694
INFO:root:Epoch: 19, Iteration: 137, Loss: 0.1464056521654129
INFO:root:Epoch: 19, Iteration: 138, Loss: 0.11731339246034622
INFO:root:Epoch: 19, Iteration: 139, Loss: 0.13036976754665375
INFO:root:Epoch: 19, Iteration: 140, Loss: 0.12295518070459366
INFO:root:Validation set mIOU: 79.7616449090533
INFO:root:Epoch: 20, Iteration: 141, Loss: 0.1210499182343483
INFO:root:Epoch: 20, Iteration: 142, Loss: 0.10748526453971863
INFO:root:Epoch: 20, Iteration: 143, Loss: 0.13666610419750214
INFO:root:Epoch: 20, Iteration: 144, Loss: 0.11237753182649612
INFO:root:Epoch: 20, Iteration: 145, Loss: 0.13052748143672943
INFO:root:Epoch: 20, Iteration: 146, Loss: 0.09645210951566696
INFO:root:Epoch: 20, Iteration: 147, Loss: 0.15167313814163208
INFO:root:Validation set mIOU: 79.89229762689276
INFO:root:Epoch: 21, Iteration: 148, Loss: 0.10328280925750732
INFO:root:Epoch: 21, Iteration: 149, Loss: 0.14060236513614655
INFO:root:Epoch: 21, Iteration: 150, Loss: 0.13181765377521515
INFO:root:Epoch: 21, Iteration: 151, Loss: 0.12823989987373352
INFO:root:Epoch: 21, Iteration: 152, Loss: 0.1281217485666275
INFO:root:Epoch: 21, Iteration: 153, Loss: 0.14977610111236572
INFO:root:Epoch: 21, Iteration: 154, Loss: 0.12165633589029312
INFO:root:Validation set mIOU: 81.72213837944909
INFO:root:Epoch: 22, Iteration: 155, Loss: 0.1375335454940796
INFO:root:Epoch: 22, Iteration: 156, Loss: 0.11296068131923676
INFO:root:Epoch: 22, Iteration: 157, Loss: 0.10168027132749557
INFO:root:Epoch: 22, Iteration: 158, Loss: 0.14321833848953247
INFO:root:Epoch: 22, Iteration: 159, Loss: 0.15023928880691528
INFO:root:Epoch: 22, Iteration: 160, Loss: 0.11116982251405716
INFO:root:Epoch: 22, Iteration: 161, Loss: 0.13054780662059784
INFO:root:Validation set mIOU: 81.6852424033498
INFO:root:Epoch: 23, Iteration: 162, Loss: 0.11797058582305908
INFO:root:Epoch: 23, Iteration: 163, Loss: 0.11674121767282486
INFO:root:Epoch: 23, Iteration: 164, Loss: 0.1331849992275238
INFO:root:Epoch: 23, Iteration: 165, Loss: 0.10540354996919632
INFO:root:Epoch: 23, Iteration: 166, Loss: 0.14216555655002594
INFO:root:Epoch: 23, Iteration: 167, Loss: 0.14950916171073914
INFO:root:Epoch: 23, Iteration: 168, Loss: 0.13787050545215607
INFO:root:Validation set mIOU: 81.3727485736115
INFO:root:Epoch: 24, Iteration: 169, Loss: 0.11958968639373779
INFO:root:Epoch: 24, Iteration: 170, Loss: 0.09555841982364655
INFO:root:Epoch: 24, Iteration: 171, Loss: 0.1623949259519577
INFO:root:Epoch: 24, Iteration: 172, Loss: 0.10464203357696533
INFO:root:Epoch: 24, Iteration: 173, Loss: 0.11095774918794632
INFO:root:Epoch: 24, Iteration: 174, Loss: 0.13867545127868652
INFO:root:Epoch: 24, Iteration: 175, Loss: 0.12108242511749268
INFO:root:Validation set mIOU: 81.26140176363533
INFO:root:Epoch: 25, Iteration: 176, Loss: 0.10121125727891922
INFO:root:Epoch: 25, Iteration: 177, Loss: 0.11684317886829376
INFO:root:Epoch: 25, Iteration: 178, Loss: 0.12812618911266327
INFO:root:Epoch: 25, Iteration: 179, Loss: 0.16779063642024994
INFO:root:Epoch: 25, Iteration: 180, Loss: 0.10428191721439362
INFO:root:Epoch: 25, Iteration: 181, Loss: 0.10313362628221512
INFO:root:Epoch: 25, Iteration: 182, Loss: 0.1290826052427292
INFO:root:Validation set mIOU: 81.03158647682784
INFO:root:Epoch: 26, Iteration: 183, Loss: 0.11405439674854279
INFO:root:Epoch: 26, Iteration: 184, Loss: 0.10689722001552582
INFO:root:Epoch: 26, Iteration: 185, Loss: 0.13284838199615479
INFO:root:Epoch: 26, Iteration: 186, Loss: 0.11191432178020477
INFO:root:Epoch: 26, Iteration: 187, Loss: 0.13189202547073364
INFO:root:Epoch: 26, Iteration: 188, Loss: 0.11289402842521667
INFO:root:Epoch: 26, Iteration: 189, Loss: 0.10826773196458817
INFO:root:Validation set mIOU: 80.6941601331878
INFO:root:Epoch: 27, Iteration: 190, Loss: 0.15446415543556213
INFO:root:Epoch: 27, Iteration: 191, Loss: 0.11517799645662308
INFO:root:Epoch: 27, Iteration: 192, Loss: 0.1325531303882599
INFO:root:Epoch: 27, Iteration: 193, Loss: 0.09442250430583954
INFO:root:Epoch: 27, Iteration: 194, Loss: 0.0950845256447792
INFO:root:Epoch: 27, Iteration: 195, Loss: 0.10552525520324707
INFO:root:Epoch: 27, Iteration: 196, Loss: 0.1043722927570343
INFO:root:Validation set mIOU: 81.4718066759991
INFO:root:Epoch: 28, Iteration: 197, Loss: 0.13273508846759796
INFO:root:Epoch: 28, Iteration: 198, Loss: 0.0972161814570427
INFO:root:Epoch: 28, Iteration: 199, Loss: 0.11477063596248627
INFO:root:Epoch: 28, Iteration: 200, Loss: 0.12983624637126923
INFO:root:Epoch: 28, Iteration: 201, Loss: 0.14303424954414368
INFO:root:Epoch: 28, Iteration: 202, Loss: 0.10145185887813568
INFO:root:Epoch: 28, Iteration: 203, Loss: 0.12780973315238953
INFO:root:Validation set mIOU: 81.75654859050297
INFO:root:Epoch: 29, Iteration: 204, Loss: 0.14841881394386292
INFO:root:Epoch: 29, Iteration: 205, Loss: 0.09619321674108505
INFO:root:Epoch: 29, Iteration: 206, Loss: 0.11326968669891357
INFO:root:Epoch: 29, Iteration: 207, Loss: 0.11094284057617188
INFO:root:Epoch: 29, Iteration: 208, Loss: 0.09756569564342499
INFO:root:Epoch: 29, Iteration: 209, Loss: 0.13052931427955627
INFO:root:Epoch: 29, Iteration: 210, Loss: 0.09211397916078568
INFO:root:Validation set mIOU: 82.26283924573436
INFO:root:Epoch: 30, Iteration: 211, Loss: 0.10547218471765518
INFO:root:Epoch: 30, Iteration: 212, Loss: 0.10953406244516373
INFO:root:Epoch: 30, Iteration: 213, Loss: 0.11717551201581955
INFO:root:Epoch: 30, Iteration: 214, Loss: 0.11179571598768234
INFO:root:Epoch: 30, Iteration: 215, Loss: 0.15849865972995758
INFO:root:Epoch: 30, Iteration: 216, Loss: 0.13078925013542175
INFO:root:Epoch: 30, Iteration: 217, Loss: 0.11540521681308746
INFO:root:Validation set mIOU: 82.79579531226969
INFO:root:Epoch: 31, Iteration: 218, Loss: 0.12225577980279922
INFO:root:Epoch: 31, Iteration: 219, Loss: 0.12544681131839752
INFO:root:Epoch: 31, Iteration: 220, Loss: 0.12733376026153564
INFO:root:Epoch: 31, Iteration: 221, Loss: 0.10846401005983353
INFO:root:Epoch: 31, Iteration: 222, Loss: 0.11820273101329803
INFO:root:Epoch: 31, Iteration: 223, Loss: 0.12017969787120819
INFO:root:Epoch: 31, Iteration: 224, Loss: 0.11930026113986969
INFO:root:Validation set mIOU: 82.56415764800812
INFO:root:Epoch: 32, Iteration: 225, Loss: 0.09929998964071274
INFO:root:Epoch: 32, Iteration: 226, Loss: 0.11687532812356949
INFO:root:Epoch: 32, Iteration: 227, Loss: 0.12305672466754913
INFO:root:Epoch: 32, Iteration: 228, Loss: 0.14187362790107727
INFO:root:Epoch: 32, Iteration: 229, Loss: 0.12519700825214386
INFO:root:Epoch: 32, Iteration: 230, Loss: 0.1280500292778015
INFO:root:Epoch: 32, Iteration: 231, Loss: 0.09955871850252151
INFO:root:Validation set mIOU: 82.5081530307183
INFO:root:Epoch: 33, Iteration: 232, Loss: 0.11483965069055557
INFO:root:Epoch: 33, Iteration: 233, Loss: 0.09138951450586319
INFO:root:Epoch: 33, Iteration: 234, Loss: 0.10548146069049835
INFO:root:Epoch: 33, Iteration: 235, Loss: 0.14695335924625397
INFO:root:Epoch: 33, Iteration: 236, Loss: 0.1253722459077835
INFO:root:Epoch: 33, Iteration: 237, Loss: 0.10814543813467026
INFO:root:Epoch: 33, Iteration: 238, Loss: 0.14343951642513275
INFO:root:Validation set mIOU: 82.14947989933165
INFO:root:Epoch: 34, Iteration: 239, Loss: 0.11835326254367828
INFO:root:Epoch: 34, Iteration: 240, Loss: 0.1215360090136528
INFO:root:Epoch: 34, Iteration: 241, Loss: 0.11845133453607559
INFO:root:Epoch: 34, Iteration: 242, Loss: 0.10938623547554016
INFO:root:Epoch: 34, Iteration: 243, Loss: 0.11274459958076477
INFO:root:Epoch: 34, Iteration: 244, Loss: 0.12887093424797058
INFO:root:Epoch: 34, Iteration: 245, Loss: 0.13413798809051514
INFO:root:Validation set mIOU: 81.7724284242405
INFO:root:Epoch: 35, Iteration: 246, Loss: 0.12749674916267395
INFO:root:Epoch: 35, Iteration: 247, Loss: 0.12104515731334686
INFO:root:Epoch: 35, Iteration: 248, Loss: 0.09614390134811401
INFO:root:Epoch: 35, Iteration: 249, Loss: 0.11319097876548767
INFO:root:Epoch: 35, Iteration: 250, Loss: 0.11815299093723297
INFO:root:Epoch: 35, Iteration: 251, Loss: 0.09930334240198135
INFO:root:Epoch: 35, Iteration: 252, Loss: 0.13502052426338196
INFO:root:Validation set mIOU: 82.81363481477108
INFO:root:Epoch: 36, Iteration: 253, Loss: 0.11765532940626144
INFO:root:Epoch: 36, Iteration: 254, Loss: 0.10980557650327682
INFO:root:Epoch: 36, Iteration: 255, Loss: 0.12842796742916107
INFO:root:Epoch: 36, Iteration: 256, Loss: 0.12839935719966888
INFO:root:Epoch: 36, Iteration: 257, Loss: 0.10695266723632812
INFO:root:Epoch: 36, Iteration: 258, Loss: 0.0959528312087059
INFO:root:Epoch: 36, Iteration: 259, Loss: 0.09490633755922318
INFO:root:Validation set mIOU: 81.52987447754914
INFO:root:Epoch: 37, Iteration: 260, Loss: 0.11584887653589249
INFO:root:Epoch: 37, Iteration: 261, Loss: 0.10270147025585175
INFO:root:Epoch: 37, Iteration: 262, Loss: 0.13942044973373413
INFO:root:Epoch: 37, Iteration: 263, Loss: 0.09474796056747437
INFO:root:Epoch: 37, Iteration: 264, Loss: 0.12868614494800568
INFO:root:Epoch: 37, Iteration: 265, Loss: 0.0859842374920845
INFO:root:Epoch: 37, Iteration: 266, Loss: 0.08982601016759872
INFO:root:Validation set mIOU: 82.61423701411067
INFO:root:Epoch: 38, Iteration: 267, Loss: 0.13461050391197205
INFO:root:Epoch: 38, Iteration: 268, Loss: 0.13421392440795898
INFO:root:Epoch: 38, Iteration: 269, Loss: 0.1312796026468277
INFO:root:Epoch: 38, Iteration: 270, Loss: 0.1354091614484787
INFO:root:Epoch: 38, Iteration: 271, Loss: 0.10093168169260025
INFO:root:Epoch: 38, Iteration: 272, Loss: 0.12303855270147324
INFO:root:Epoch: 38, Iteration: 273, Loss: 0.09965851157903671
INFO:root:Validation set mIOU: 82.87263271993245
INFO:root:Epoch: 39, Iteration: 274, Loss: 0.09334172308444977
INFO:root:Epoch: 39, Iteration: 275, Loss: 0.0989300087094307
INFO:root:Epoch: 39, Iteration: 276, Loss: 0.11705761402845383
INFO:root:Epoch: 39, Iteration: 277, Loss: 0.1284342110157013
INFO:root:Epoch: 39, Iteration: 278, Loss: 0.09843128174543381
INFO:root:Epoch: 39, Iteration: 279, Loss: 0.1689615398645401
INFO:root:Epoch: 39, Iteration: 280, Loss: 0.1146930456161499
INFO:root:Validation set mIOU: 82.66024941282554
INFO:root:Epoch: 40, Iteration: 281, Loss: 0.10795415937900543
INFO:root:Epoch: 40, Iteration: 282, Loss: 0.13281460106372833
INFO:root:Epoch: 40, Iteration: 283, Loss: 0.09447259455919266
INFO:root:Epoch: 40, Iteration: 284, Loss: 0.12938423454761505
INFO:root:Epoch: 40, Iteration: 285, Loss: 0.10341354459524155
INFO:root:Epoch: 40, Iteration: 286, Loss: 0.11622413992881775
INFO:root:Epoch: 40, Iteration: 287, Loss: 0.09301923960447311
INFO:root:Validation set mIOU: 82.81784444134964
INFO:root:Epoch: 41, Iteration: 288, Loss: 0.10794828087091446
INFO:root:Epoch: 41, Iteration: 289, Loss: 0.08093639463186264
INFO:root:Epoch: 41, Iteration: 290, Loss: 0.11458489298820496
INFO:root:Epoch: 41, Iteration: 291, Loss: 0.0882418304681778
INFO:root:Epoch: 41, Iteration: 292, Loss: 0.10015006363391876
INFO:root:Epoch: 41, Iteration: 293, Loss: 0.12484864890575409
INFO:root:Epoch: 41, Iteration: 294, Loss: 0.1150023490190506
INFO:root:Validation set mIOU: 82.18371565681404
INFO:root:Epoch: 42, Iteration: 295, Loss: 0.10735633224248886
INFO:root:Epoch: 42, Iteration: 296, Loss: 0.10066239535808563
INFO:root:Epoch: 42, Iteration: 297, Loss: 0.09538992494344711
INFO:root:Epoch: 42, Iteration: 298, Loss: 0.10141777247190475
INFO:root:Epoch: 42, Iteration: 299, Loss: 0.10143379122018814
INFO:root:Epoch: 42, Iteration: 300, Loss: 0.10253893584012985
INFO:root:Epoch: 42, Iteration: 301, Loss: 0.10531829297542572
INFO:root:Validation set mIOU: 82.5346678692639
INFO:root:Epoch: 43, Iteration: 302, Loss: 0.13771405816078186
INFO:root:Epoch: 43, Iteration: 303, Loss: 0.08637834340333939
INFO:root:Epoch: 43, Iteration: 304, Loss: 0.14445243775844574
INFO:root:Epoch: 43, Iteration: 305, Loss: 0.10943729430437088
INFO:root:Epoch: 43, Iteration: 306, Loss: 0.11598676443099976
INFO:root:Epoch: 43, Iteration: 307, Loss: 0.1011679470539093
INFO:root:Epoch: 43, Iteration: 308, Loss: 0.07790064066648483
INFO:root:Validation set mIOU: 83.49541322133547
INFO:root:Epoch: 44, Iteration: 309, Loss: 0.14277257025241852
INFO:root:Epoch: 44, Iteration: 310, Loss: 0.10160394012928009
INFO:root:Epoch: 44, Iteration: 311, Loss: 0.15690049529075623
INFO:root:Epoch: 44, Iteration: 312, Loss: 0.11931843310594559
INFO:root:Epoch: 44, Iteration: 313, Loss: 0.10371480882167816
INFO:root:Epoch: 44, Iteration: 314, Loss: 0.10154557228088379
INFO:root:Epoch: 44, Iteration: 315, Loss: 0.10088200122117996
INFO:root:Validation set mIOU: 81.9141903642532
INFO:root:Epoch: 45, Iteration: 316, Loss: 0.11449185013771057
INFO:root:Epoch: 45, Iteration: 317, Loss: 0.09770413488149643
INFO:root:Epoch: 45, Iteration: 318, Loss: 0.11646027863025665
INFO:root:Epoch: 45, Iteration: 319, Loss: 0.11413372308015823
INFO:root:Epoch: 45, Iteration: 320, Loss: 0.13306497037410736
INFO:root:Epoch: 45, Iteration: 321, Loss: 0.11072706431150436
INFO:root:Epoch: 45, Iteration: 322, Loss: 0.10172726213932037
INFO:root:Validation set mIOU: 82.48377065746469
INFO:root:Epoch: 46, Iteration: 323, Loss: 0.09067727625370026
INFO:root:Epoch: 46, Iteration: 324, Loss: 0.09439293295145035
INFO:root:Epoch: 46, Iteration: 325, Loss: 0.15052101016044617
INFO:root:Epoch: 46, Iteration: 326, Loss: 0.14258642494678497
INFO:root:Epoch: 46, Iteration: 327, Loss: 0.09163543581962585
INFO:root:Epoch: 46, Iteration: 328, Loss: 0.11326052993535995
INFO:root:Epoch: 46, Iteration: 329, Loss: 0.10039080679416656
INFO:root:Validation set mIOU: 83.54915021402716
INFO:root:Epoch: 47, Iteration: 330, Loss: 0.10429118573665619
INFO:root:Epoch: 47, Iteration: 331, Loss: 0.10338567942380905
INFO:root:Epoch: 47, Iteration: 332, Loss: 0.1323309987783432
INFO:root:Epoch: 47, Iteration: 333, Loss: 0.0885094553232193
INFO:root:Epoch: 47, Iteration: 334, Loss: 0.11973193287849426
INFO:root:Epoch: 47, Iteration: 335, Loss: 0.10597619414329529
INFO:root:Epoch: 47, Iteration: 336, Loss: 0.11412227898836136
INFO:root:Validation set mIOU: 83.64914649845278
INFO:root:Epoch: 48, Iteration: 337, Loss: 0.08168421685695648
INFO:root:Epoch: 48, Iteration: 338, Loss: 0.12288400530815125
INFO:root:Epoch: 48, Iteration: 339, Loss: 0.102962426841259
INFO:root:Epoch: 48, Iteration: 340, Loss: 0.09691417217254639
INFO:root:Epoch: 48, Iteration: 341, Loss: 0.11032849550247192
INFO:root:Epoch: 48, Iteration: 342, Loss: 0.09777852147817612
INFO:root:Epoch: 48, Iteration: 343, Loss: 0.10665855556726456
INFO:root:Validation set mIOU: 83.4978716742139
INFO:root:Epoch: 49, Iteration: 344, Loss: 0.10953211784362793
INFO:root:Epoch: 49, Iteration: 345, Loss: 0.098734550178051
INFO:root:Epoch: 49, Iteration: 346, Loss: 0.11481791734695435
INFO:root:Epoch: 49, Iteration: 347, Loss: 0.07745954394340515
INFO:root:Epoch: 49, Iteration: 348, Loss: 0.11611126363277435
INFO:root:Epoch: 49, Iteration: 349, Loss: 0.1010303720831871
INFO:root:Epoch: 49, Iteration: 350, Loss: 0.10800395160913467
INFO:root:Validation set mIOU: 82.94242689799073
INFO:root:Epoch: 50, Iteration: 351, Loss: 0.08970235288143158
INFO:root:Epoch: 50, Iteration: 352, Loss: 0.12298252433538437
INFO:root:Epoch: 50, Iteration: 353, Loss: 0.11492953449487686
INFO:root:Epoch: 50, Iteration: 354, Loss: 0.07908780872821808
INFO:root:Epoch: 50, Iteration: 355, Loss: 0.09158739447593689
INFO:root:Epoch: 50, Iteration: 356, Loss: 0.15224109590053558
INFO:root:Epoch: 50, Iteration: 357, Loss: 0.09322068095207214
INFO:root:Validation set mIOU: 82.69646736306974
INFO:root:Epoch: 51, Iteration: 358, Loss: 0.1049555242061615
INFO:root:Epoch: 51, Iteration: 359, Loss: 0.10000533610582352
INFO:root:Epoch: 51, Iteration: 360, Loss: 0.09995569288730621
INFO:root:Epoch: 51, Iteration: 361, Loss: 0.10197562724351883
INFO:root:Epoch: 51, Iteration: 362, Loss: 0.09480662643909454
INFO:root:Epoch: 51, Iteration: 363, Loss: 0.10207103937864304
INFO:root:Epoch: 51, Iteration: 364, Loss: 0.10016763210296631
INFO:root:Validation set mIOU: 82.7516925341902
INFO:root:Epoch: 52, Iteration: 365, Loss: 0.11401680111885071
INFO:root:Epoch: 52, Iteration: 366, Loss: 0.1775931715965271
INFO:root:Epoch: 52, Iteration: 367, Loss: 0.11797671020030975
INFO:root:Epoch: 52, Iteration: 368, Loss: 0.10219460725784302
INFO:root:Epoch: 52, Iteration: 369, Loss: 0.1274503469467163
INFO:root:Epoch: 52, Iteration: 370, Loss: 0.08304045349359512
INFO:root:Epoch: 52, Iteration: 371, Loss: 0.10162004828453064
INFO:root:Validation set mIOU: 83.23365274413584
INFO:root:Epoch: 53, Iteration: 372, Loss: 0.10153805464506149
INFO:root:Epoch: 53, Iteration: 373, Loss: 0.08025936037302017
INFO:root:Epoch: 53, Iteration: 374, Loss: 0.09944668412208557
INFO:root:Epoch: 53, Iteration: 375, Loss: 0.10208581387996674
INFO:root:Epoch: 53, Iteration: 376, Loss: 0.10684385150671005
INFO:root:Epoch: 53, Iteration: 377, Loss: 0.11153613030910492
INFO:root:Epoch: 53, Iteration: 378, Loss: 0.11981826275587082
INFO:root:Validation set mIOU: 82.94350719548008
INFO:root:Epoch: 54, Iteration: 379, Loss: 0.08954821527004242
INFO:root:Epoch: 54, Iteration: 380, Loss: 0.09462321549654007
INFO:root:Epoch: 54, Iteration: 381, Loss: 0.07388772815465927
INFO:root:Epoch: 54, Iteration: 382, Loss: 0.08743415772914886
INFO:root:Epoch: 54, Iteration: 383, Loss: 0.08193343132734299
INFO:root:Epoch: 54, Iteration: 384, Loss: 0.10187657922506332
INFO:root:Epoch: 54, Iteration: 385, Loss: 0.07774971425533295
INFO:root:Validation set mIOU: 82.37455816915057
INFO:root:Epoch: 55, Iteration: 386, Loss: 0.08407348394393921
INFO:root:Epoch: 55, Iteration: 387, Loss: 0.10624376684427261
INFO:root:Epoch: 55, Iteration: 388, Loss: 0.0917041227221489
INFO:root:Epoch: 55, Iteration: 389, Loss: 0.08253445476293564
INFO:root:Epoch: 55, Iteration: 390, Loss: 0.10478504747152328
INFO:root:Epoch: 55, Iteration: 391, Loss: 0.12846428155899048
INFO:root:Epoch: 55, Iteration: 392, Loss: 0.14278815686702728
INFO:root:Validation set mIOU: 82.36050742026345
INFO:root:Epoch: 56, Iteration: 393, Loss: 0.08604734390974045
INFO:root:Epoch: 56, Iteration: 394, Loss: 0.09490659832954407
INFO:root:Epoch: 56, Iteration: 395, Loss: 0.1007765680551529
INFO:root:Epoch: 56, Iteration: 396, Loss: 0.1019994243979454
INFO:root:Epoch: 56, Iteration: 397, Loss: 0.12736301124095917
INFO:root:Epoch: 56, Iteration: 398, Loss: 0.12959806621074677
INFO:root:Epoch: 56, Iteration: 399, Loss: 0.09427061676979065
INFO:root:Validation set mIOU: 83.68024822356811
INFO:root:Epoch: 57, Iteration: 400, Loss: 0.12539440393447876
INFO:root:Epoch: 57, Iteration: 401, Loss: 0.11493421345949173
INFO:root:Epoch: 57, Iteration: 402, Loss: 0.10335701704025269
INFO:root:Epoch: 57, Iteration: 403, Loss: 0.1301020383834839
INFO:root:Epoch: 57, Iteration: 404, Loss: 0.11559326201677322
INFO:root:Epoch: 57, Iteration: 405, Loss: 0.08708194643259048
INFO:root:Epoch: 57, Iteration: 406, Loss: 0.08853787183761597
INFO:root:Validation set mIOU: 83.32773353354447
INFO:root:Epoch: 58, Iteration: 407, Loss: 0.10946810990571976
INFO:root:Epoch: 58, Iteration: 408, Loss: 0.21602681279182434
INFO:root:Epoch: 58, Iteration: 409, Loss: 0.1049463152885437
INFO:root:Epoch: 58, Iteration: 410, Loss: 0.10259187966585159
INFO:root:Epoch: 58, Iteration: 411, Loss: 0.08923094719648361
INFO:root:Epoch: 58, Iteration: 412, Loss: 0.08929543197154999
INFO:root:Epoch: 58, Iteration: 413, Loss: 0.12503843009471893
INFO:root:Validation set mIOU: 82.41744048705112
INFO:root:Epoch: 59, Iteration: 414, Loss: 0.09786605089902878
INFO:root:Epoch: 59, Iteration: 415, Loss: 0.10169587284326553
INFO:root:Epoch: 59, Iteration: 416, Loss: 0.08081520348787308
INFO:root:Epoch: 59, Iteration: 417, Loss: 0.0786379799246788
INFO:root:Epoch: 59, Iteration: 418, Loss: 0.10579752922058105
INFO:root:Epoch: 59, Iteration: 419, Loss: 0.10477053374052048
INFO:root:Epoch: 59, Iteration: 420, Loss: 0.08588751405477524
INFO:root:Validation set mIOU: 82.15157030326169
INFO:root:Epoch: 60, Iteration: 421, Loss: 0.09714550524950027
INFO:root:Epoch: 60, Iteration: 422, Loss: 0.12198690325021744
INFO:root:Epoch: 60, Iteration: 423, Loss: 0.09845930337905884
INFO:root:Epoch: 60, Iteration: 424, Loss: 0.11049579828977585
INFO:root:Epoch: 60, Iteration: 425, Loss: 0.08629053086042404
INFO:root:Epoch: 60, Iteration: 426, Loss: 0.0747377872467041
INFO:root:Epoch: 60, Iteration: 427, Loss: 0.10874884575605392
INFO:root:Validation set mIOU: 82.3629597499148
INFO:root:Epoch: 61, Iteration: 428, Loss: 0.08796194940805435
INFO:root:Epoch: 61, Iteration: 429, Loss: 0.1042257621884346
INFO:root:Epoch: 61, Iteration: 430, Loss: 0.07952509820461273
INFO:root:Epoch: 61, Iteration: 431, Loss: 0.09992899745702744
INFO:root:Epoch: 61, Iteration: 432, Loss: 0.09527219086885452
INFO:root:Epoch: 61, Iteration: 433, Loss: 0.13554005324840546
INFO:root:Epoch: 61, Iteration: 434, Loss: 0.11493423581123352
INFO:root:Validation set mIOU: 83.05653950501696
INFO:root:Epoch: 62, Iteration: 435, Loss: 0.10047947615385056
INFO:root:Epoch: 62, Iteration: 436, Loss: 0.07840912789106369
INFO:root:Epoch: 62, Iteration: 437, Loss: 0.09300240874290466
INFO:root:Epoch: 62, Iteration: 438, Loss: 0.12561096251010895
INFO:root:Epoch: 62, Iteration: 439, Loss: 0.09644059091806412
INFO:root:Epoch: 62, Iteration: 440, Loss: 0.1126287430524826
INFO:root:Epoch: 62, Iteration: 441, Loss: 0.09356532990932465
INFO:root:Validation set mIOU: 83.11858848124376
INFO:root:Epoch: 63, Iteration: 442, Loss: 0.09767083078622818
INFO:root:Epoch: 63, Iteration: 443, Loss: 0.10350858420133591
INFO:root:Epoch: 63, Iteration: 444, Loss: 0.08924274891614914
INFO:root:Epoch: 63, Iteration: 445, Loss: 0.08112471550703049
INFO:root:Epoch: 63, Iteration: 446, Loss: 0.09435898810625076
INFO:root:Epoch: 63, Iteration: 447, Loss: 0.1112673357129097
INFO:root:Epoch: 63, Iteration: 448, Loss: 0.10331804305315018
INFO:root:Validation set mIOU: 82.70984186668046
INFO:root:Epoch: 64, Iteration: 449, Loss: 0.07188113033771515
INFO:root:Epoch: 64, Iteration: 450, Loss: 0.1308581829071045
INFO:root:Epoch: 64, Iteration: 451, Loss: 0.09364552795886993
INFO:root:Epoch: 64, Iteration: 452, Loss: 0.11806479841470718
INFO:root:Epoch: 64, Iteration: 453, Loss: 0.09794832020998001
INFO:root:Epoch: 64, Iteration: 454, Loss: 0.08039259910583496
INFO:root:Epoch: 64, Iteration: 455, Loss: 0.09462235867977142
INFO:root:Validation set mIOU: 82.06711334729128
INFO:root:Epoch: 65, Iteration: 456, Loss: 0.1571952998638153
INFO:root:Epoch: 65, Iteration: 457, Loss: 0.0910089910030365
INFO:root:Epoch: 65, Iteration: 458, Loss: 0.09849220514297485
INFO:root:Epoch: 65, Iteration: 459, Loss: 0.0991719663143158
INFO:root:Epoch: 65, Iteration: 460, Loss: 0.11707834899425507
INFO:root:Epoch: 65, Iteration: 461, Loss: 0.09444447606801987
INFO:root:Epoch: 65, Iteration: 462, Loss: 0.09103035926818848
INFO:root:Validation set mIOU: 82.628656910172
INFO:root:Epoch: 66, Iteration: 463, Loss: 0.09227772057056427
INFO:root:Epoch: 66, Iteration: 464, Loss: 0.07275489717721939
INFO:root:Epoch: 66, Iteration: 465, Loss: 0.10129579156637192
INFO:root:Epoch: 66, Iteration: 466, Loss: 0.10459219664335251
INFO:root:Epoch: 66, Iteration: 467, Loss: 0.12048031389713287
INFO:root:Epoch: 66, Iteration: 468, Loss: 0.10300030559301376
INFO:root:Epoch: 66, Iteration: 469, Loss: 0.08181316405534744
INFO:root:Validation set mIOU: 82.66303298137284
INFO:root:Epoch: 67, Iteration: 470, Loss: 0.09829779714345932
INFO:root:Epoch: 67, Iteration: 471, Loss: 0.09805533289909363
INFO:root:Epoch: 67, Iteration: 472, Loss: 0.09211232513189316
INFO:root:Epoch: 67, Iteration: 473, Loss: 0.0781944990158081
INFO:root:Epoch: 67, Iteration: 474, Loss: 0.09790599346160889
INFO:root:Epoch: 67, Iteration: 475, Loss: 0.10102882236242294
INFO:root:Epoch: 67, Iteration: 476, Loss: 0.10072292387485504
INFO:root:Validation set mIOU: 82.36593635859654
INFO:root:Epoch: 68, Iteration: 477, Loss: 0.08210305124521255
INFO:root:Epoch: 68, Iteration: 478, Loss: 0.0982150286436081
INFO:root:Epoch: 68, Iteration: 479, Loss: 0.09686177223920822
INFO:root:Epoch: 68, Iteration: 480, Loss: 0.1056251972913742
INFO:root:Epoch: 68, Iteration: 481, Loss: 0.08328893035650253
INFO:root:Epoch: 68, Iteration: 482, Loss: 0.09720424562692642
INFO:root:Epoch: 68, Iteration: 483, Loss: 0.09902298450469971
INFO:root:Validation set mIOU: 82.41655428677002
INFO:root:Epoch: 69, Iteration: 484, Loss: 0.1149091050028801
INFO:root:Epoch: 69, Iteration: 485, Loss: 0.11187975853681564
INFO:root:Epoch: 69, Iteration: 486, Loss: 0.08835498988628387
INFO:root:Epoch: 69, Iteration: 487, Loss: 0.11680762469768524
INFO:root:Epoch: 69, Iteration: 488, Loss: 0.08365212380886078
INFO:root:Epoch: 69, Iteration: 489, Loss: 0.08275515586137772
INFO:root:Epoch: 69, Iteration: 490, Loss: 0.1039520874619484
INFO:root:Validation set mIOU: 82.62583136915079
INFO:root:Epoch: 70, Iteration: 491, Loss: 0.0893402025103569
INFO:root:Epoch: 70, Iteration: 492, Loss: 0.09081397205591202
INFO:root:Epoch: 70, Iteration: 493, Loss: 0.09665799885988235
INFO:root:Epoch: 70, Iteration: 494, Loss: 0.09464936703443527
INFO:root:Epoch: 70, Iteration: 495, Loss: 0.141715869307518
INFO:root:Epoch: 70, Iteration: 496, Loss: 0.10141156613826752
INFO:root:Epoch: 70, Iteration: 497, Loss: 0.10687686502933502
INFO:root:Validation set mIOU: 82.25086718358473
INFO:root:Epoch: 71, Iteration: 498, Loss: 0.11458790302276611
INFO:root:Epoch: 71, Iteration: 499, Loss: 0.09232934564352036
INFO:root:Epoch: 71, Iteration: 500, Loss: 0.10108610987663269
INFO:root:Epoch: 71, Iteration: 501, Loss: 0.09471972286701202
INFO:root:Epoch: 71, Iteration: 502, Loss: 0.07770122587680817
INFO:root:Epoch: 71, Iteration: 503, Loss: 0.10485363006591797
INFO:root:Epoch: 71, Iteration: 504, Loss: 0.1134771853685379
INFO:root:Validation set mIOU: 82.6671531011319
INFO:root:Epoch: 72, Iteration: 505, Loss: 0.10168235003948212
INFO:root:Epoch: 72, Iteration: 506, Loss: 0.10675562173128128
INFO:root:Epoch: 72, Iteration: 507, Loss: 0.09423185884952545
INFO:root:Epoch: 72, Iteration: 508, Loss: 0.09343782067298889
INFO:root:Epoch: 72, Iteration: 509, Loss: 0.09053260087966919
INFO:root:Epoch: 72, Iteration: 510, Loss: 0.08481656759977341
INFO:root:Epoch: 72, Iteration: 511, Loss: 0.09092947840690613
INFO:root:Validation set mIOU: 82.76836888628205
INFO:root:Epoch: 73, Iteration: 512, Loss: 0.10956142842769623
INFO:root:Epoch: 73, Iteration: 513, Loss: 0.10866647213697433
INFO:root:Epoch: 73, Iteration: 514, Loss: 0.07309583574533463
INFO:root:Epoch: 73, Iteration: 515, Loss: 0.08781883120536804
INFO:root:Epoch: 73, Iteration: 516, Loss: 0.09876495599746704
INFO:root:Epoch: 73, Iteration: 517, Loss: 0.1286238133907318
INFO:root:Epoch: 73, Iteration: 518, Loss: 0.08338385820388794
INFO:root:Validation set mIOU: 82.57054774420067
INFO:root:Epoch: 74, Iteration: 519, Loss: 0.09380777925252914
INFO:root:Epoch: 74, Iteration: 520, Loss: 0.08953948318958282
INFO:root:Epoch: 74, Iteration: 521, Loss: 0.09974100440740585
INFO:root:Epoch: 74, Iteration: 522, Loss: 0.10009827464818954
INFO:root:Epoch: 74, Iteration: 523, Loss: 0.07583439350128174
INFO:root:Epoch: 74, Iteration: 524, Loss: 0.09244164824485779
INFO:root:Epoch: 74, Iteration: 525, Loss: 0.08275512605905533
INFO:root:Validation set mIOU: 82.59097892742341
INFO:root:Epoch: 75, Iteration: 526, Loss: 0.07611828297376633
INFO:root:Epoch: 75, Iteration: 527, Loss: 0.09205789119005203
INFO:root:Epoch: 75, Iteration: 528, Loss: 0.16360080242156982
INFO:root:Epoch: 75, Iteration: 529, Loss: 0.07468398660421371
INFO:root:Epoch: 75, Iteration: 530, Loss: 0.1035415455698967
INFO:root:Epoch: 75, Iteration: 531, Loss: 0.06531088799238205
INFO:root:Epoch: 75, Iteration: 532, Loss: 0.11458908021450043
INFO:root:Validation set mIOU: 82.31928423880505
INFO:root:Epoch: 76, Iteration: 533, Loss: 0.10668546706438065
INFO:root:Epoch: 76, Iteration: 534, Loss: 0.07816574722528458
INFO:root:Epoch: 76, Iteration: 535, Loss: 0.12382429093122482
INFO:root:Epoch: 76, Iteration: 536, Loss: 0.08918136358261108
INFO:root:Epoch: 76, Iteration: 537, Loss: 0.09966333955526352
INFO:root:Epoch: 76, Iteration: 538, Loss: 0.08914247155189514
INFO:root:Epoch: 76, Iteration: 539, Loss: 0.08339614421129227
INFO:root:Validation set mIOU: 82.67215578937937
INFO:root:Epoch: 77, Iteration: 540, Loss: 0.09908857196569443
INFO:root:Epoch: 77, Iteration: 541, Loss: 0.09929852187633514
INFO:root:Epoch: 77, Iteration: 542, Loss: 0.07974376529455185
INFO:root:Epoch: 77, Iteration: 543, Loss: 0.0854676365852356
INFO:root:Epoch: 77, Iteration: 544, Loss: 0.08820194751024246
INFO:root:Epoch: 77, Iteration: 545, Loss: 0.09332624077796936
INFO:root:Epoch: 77, Iteration: 546, Loss: 0.1334591507911682
INFO:root:Validation set mIOU: 82.65841221340159
INFO:root:Epoch: 78, Iteration: 547, Loss: 0.08007676899433136
INFO:root:Epoch: 78, Iteration: 548, Loss: 0.09236068278551102
INFO:root:Epoch: 78, Iteration: 549, Loss: 0.10273630917072296
INFO:root:Epoch: 78, Iteration: 550, Loss: 0.11675340682268143
INFO:root:Epoch: 78, Iteration: 551, Loss: 0.0835772231221199
INFO:root:Epoch: 78, Iteration: 552, Loss: 0.11546295136213303
INFO:root:Epoch: 78, Iteration: 553, Loss: 0.07524606585502625
INFO:root:Validation set mIOU: 82.76175723032688
INFO:root:Epoch: 79, Iteration: 554, Loss: 0.08226094394922256
INFO:root:Epoch: 79, Iteration: 555, Loss: 0.10398583859205246
INFO:root:Epoch: 79, Iteration: 556, Loss: 0.08221282064914703
INFO:root:Epoch: 79, Iteration: 557, Loss: 0.13998039066791534
INFO:root:Epoch: 79, Iteration: 558, Loss: 0.0936068743467331
INFO:root:Epoch: 79, Iteration: 559, Loss: 0.1101820319890976
INFO:root:Epoch: 79, Iteration: 560, Loss: 0.10511232912540436
INFO:root:Validation set mIOU: 83.1150050370461
INFO:root:Epoch: 80, Iteration: 561, Loss: 0.10819625109434128
INFO:root:Epoch: 80, Iteration: 562, Loss: 0.0877649262547493
INFO:root:Epoch: 80, Iteration: 563, Loss: 0.11738432198762894
INFO:root:Epoch: 80, Iteration: 564, Loss: 0.08241245150566101
INFO:root:Epoch: 80, Iteration: 565, Loss: 0.10458523035049438
INFO:root:Epoch: 80, Iteration: 566, Loss: 0.07792932540178299
INFO:root:Epoch: 80, Iteration: 567, Loss: 0.08724870532751083
INFO:root:Validation set mIOU: 83.28487749041601
INFO:root:Epoch: 81, Iteration: 568, Loss: 0.08698036521673203
INFO:root:Epoch: 81, Iteration: 569, Loss: 0.09530529379844666
INFO:root:Epoch: 81, Iteration: 570, Loss: 0.08927727490663528
INFO:root:Epoch: 81, Iteration: 571, Loss: 0.07043620944023132
INFO:root:Epoch: 81, Iteration: 572, Loss: 0.10233532637357712
INFO:root:Epoch: 81, Iteration: 573, Loss: 0.09447109699249268
INFO:root:Epoch: 81, Iteration: 574, Loss: 0.10479772835969925
INFO:root:Validation set mIOU: 82.89186176415248
INFO:root:Epoch: 82, Iteration: 575, Loss: 0.09990882873535156
INFO:root:Epoch: 82, Iteration: 576, Loss: 0.08353719115257263
INFO:root:Epoch: 82, Iteration: 577, Loss: 0.11028602719306946
INFO:root:Epoch: 82, Iteration: 578, Loss: 0.07891721278429031
INFO:root:Epoch: 82, Iteration: 579, Loss: 0.1141124963760376
INFO:root:Epoch: 82, Iteration: 580, Loss: 0.0822279155254364
INFO:root:Epoch: 82, Iteration: 581, Loss: 0.07821871340274811
INFO:root:Validation set mIOU: 82.87526205285275
INFO:root:Epoch: 83, Iteration: 582, Loss: 0.11380978673696518
INFO:root:Epoch: 83, Iteration: 583, Loss: 0.10576844960451126
INFO:root:Epoch: 83, Iteration: 584, Loss: 0.09505830705165863
INFO:root:Epoch: 83, Iteration: 585, Loss: 0.11015422642230988
INFO:root:Epoch: 83, Iteration: 586, Loss: 0.09771142154932022
INFO:root:Epoch: 83, Iteration: 587, Loss: 0.10356537252664566
INFO:root:Epoch: 83, Iteration: 588, Loss: 0.08490168303251266
INFO:root:Validation set mIOU: 82.65206533792477
INFO:root:Epoch: 84, Iteration: 589, Loss: 0.08031484484672546
INFO:root:Epoch: 84, Iteration: 590, Loss: 0.08978420495986938
INFO:root:Epoch: 84, Iteration: 591, Loss: 0.09974975138902664
INFO:root:Epoch: 84, Iteration: 592, Loss: 0.08707480132579803
INFO:root:Epoch: 84, Iteration: 593, Loss: 0.09549029916524887
INFO:root:Epoch: 84, Iteration: 594, Loss: 0.08571023494005203
INFO:root:Epoch: 84, Iteration: 595, Loss: 0.1292521357536316
INFO:root:Validation set mIOU: 82.72044260459664
INFO:root:Epoch: 85, Iteration: 596, Loss: 0.08855924010276794
INFO:root:Epoch: 85, Iteration: 597, Loss: 0.1254769265651703
INFO:root:Epoch: 85, Iteration: 598, Loss: 0.07977410405874252
INFO:root:Epoch: 85, Iteration: 599, Loss: 0.10186169296503067
INFO:root:Epoch: 85, Iteration: 600, Loss: 0.09434637427330017
INFO:root:Epoch: 85, Iteration: 601, Loss: 0.08600153028964996
INFO:root:Epoch: 85, Iteration: 602, Loss: 0.10704144090414047
INFO:root:Validation set mIOU: 83.0678891281797
INFO:root:Epoch: 86, Iteration: 603, Loss: 0.08936186879873276
INFO:root:Epoch: 86, Iteration: 604, Loss: 0.0956854596734047
INFO:root:Epoch: 86, Iteration: 605, Loss: 0.07295290380716324
INFO:root:Epoch: 86, Iteration: 606, Loss: 0.0780501514673233
INFO:root:Epoch: 86, Iteration: 607, Loss: 0.10680744796991348
INFO:root:Epoch: 86, Iteration: 608, Loss: 0.11547394841909409
INFO:root:Epoch: 86, Iteration: 609, Loss: 0.09879450500011444
INFO:root:Validation set mIOU: 83.14449868001908
INFO:root:Epoch: 87, Iteration: 610, Loss: 0.09615732729434967
INFO:root:Epoch: 87, Iteration: 611, Loss: 0.1233506128191948
INFO:root:Epoch: 87, Iteration: 612, Loss: 0.0853487029671669
INFO:root:Epoch: 87, Iteration: 613, Loss: 0.0894845724105835
INFO:root:Epoch: 87, Iteration: 614, Loss: 0.11692152917385101
INFO:root:Epoch: 87, Iteration: 615, Loss: 0.07539571821689606
INFO:root:Epoch: 87, Iteration: 616, Loss: 0.08427844941616058
INFO:root:Validation set mIOU: 82.97253650496029
INFO:root:Epoch: 88, Iteration: 617, Loss: 0.12322099506855011
INFO:root:Epoch: 88, Iteration: 618, Loss: 0.08909311890602112
INFO:root:Epoch: 88, Iteration: 619, Loss: 0.09062176942825317
INFO:root:Epoch: 88, Iteration: 620, Loss: 0.1047694981098175
INFO:root:Epoch: 88, Iteration: 621, Loss: 0.0973871573805809
INFO:root:Epoch: 88, Iteration: 622, Loss: 0.07265768945217133
INFO:root:Epoch: 88, Iteration: 623, Loss: 0.12064721435308456
INFO:root:Validation set mIOU: 82.88345198681635
INFO:root:Epoch: 89, Iteration: 624, Loss: 0.09698574244976044
INFO:root:Epoch: 89, Iteration: 625, Loss: 0.068150095641613
INFO:root:Epoch: 89, Iteration: 626, Loss: 0.12024035304784775
INFO:root:Epoch: 89, Iteration: 627, Loss: 0.09724999964237213
INFO:root:Epoch: 89, Iteration: 628, Loss: 0.08765416592359543
INFO:root:Epoch: 89, Iteration: 629, Loss: 0.10573965311050415
INFO:root:Epoch: 89, Iteration: 630, Loss: 0.1157054677605629
INFO:root:Validation set mIOU: 82.80477278236096
INFO:root:Epoch: 90, Iteration: 631, Loss: 0.10892831534147263
INFO:root:Epoch: 90, Iteration: 632, Loss: 0.08764633536338806
INFO:root:Epoch: 90, Iteration: 633, Loss: 0.09322066605091095
INFO:root:Epoch: 90, Iteration: 634, Loss: 0.08547405898571014
INFO:root:Epoch: 90, Iteration: 635, Loss: 0.0987396240234375
INFO:root:Epoch: 90, Iteration: 636, Loss: 0.08160103857517242
INFO:root:Epoch: 90, Iteration: 637, Loss: 0.11446405202150345
INFO:root:Validation set mIOU: 83.13415639986734
INFO:root:Epoch: 91, Iteration: 638, Loss: 0.0857851579785347
INFO:root:Epoch: 91, Iteration: 639, Loss: 0.09564550966024399
INFO:root:Epoch: 91, Iteration: 640, Loss: 0.1083901971578598
INFO:root:Epoch: 91, Iteration: 641, Loss: 0.10647018998861313
INFO:root:Epoch: 91, Iteration: 642, Loss: 0.10990680009126663
INFO:root:Epoch: 91, Iteration: 643, Loss: 0.06236930936574936
INFO:root:Epoch: 91, Iteration: 644, Loss: 0.10675062239170074
INFO:root:Validation set mIOU: 83.11207830029268
INFO:root:Epoch: 92, Iteration: 645, Loss: 0.10620247572660446
INFO:root:Epoch: 92, Iteration: 646, Loss: 0.07656244933605194
INFO:root:Epoch: 92, Iteration: 647, Loss: 0.09188016504049301
INFO:root:Epoch: 92, Iteration: 648, Loss: 0.11350224167108536
INFO:root:Epoch: 92, Iteration: 649, Loss: 0.10118065029382706
INFO:root:Epoch: 92, Iteration: 650, Loss: 0.10721861571073532
INFO:root:Epoch: 92, Iteration: 651, Loss: 0.08188977092504501
INFO:root:Validation set mIOU: 83.09772751134977
INFO:root:Epoch: 93, Iteration: 652, Loss: 0.10945908725261688
INFO:root:Epoch: 93, Iteration: 653, Loss: 0.07551880180835724
INFO:root:Epoch: 93, Iteration: 654, Loss: 0.09722500294446945
INFO:root:Epoch: 93, Iteration: 655, Loss: 0.10991092026233673
INFO:root:Epoch: 93, Iteration: 656, Loss: 0.0749591514468193
INFO:root:Epoch: 93, Iteration: 657, Loss: 0.11119277030229568
INFO:root:Epoch: 93, Iteration: 658, Loss: 0.09665874391794205
INFO:root:Validation set mIOU: 83.07434232685404
INFO:root:Epoch: 94, Iteration: 659, Loss: 0.08841186761856079
INFO:root:Epoch: 94, Iteration: 660, Loss: 0.07392093539237976
INFO:root:Epoch: 94, Iteration: 661, Loss: 0.08281269669532776
INFO:root:Epoch: 94, Iteration: 662, Loss: 0.07963612675666809
INFO:root:Epoch: 94, Iteration: 663, Loss: 0.07862487435340881
INFO:root:Epoch: 94, Iteration: 664, Loss: 0.09360457211732864
INFO:root:Epoch: 94, Iteration: 665, Loss: 0.0916360467672348
INFO:root:Validation set mIOU: 83.2041796152153
INFO:root:Epoch: 95, Iteration: 666, Loss: 0.09425941854715347
INFO:root:Epoch: 95, Iteration: 667, Loss: 0.09006395190954208
INFO:root:Epoch: 95, Iteration: 668, Loss: 0.07893933355808258
INFO:root:Epoch: 95, Iteration: 669, Loss: 0.0812893807888031
INFO:root:Epoch: 95, Iteration: 670, Loss: 0.08879730850458145
INFO:root:Epoch: 95, Iteration: 671, Loss: 0.07213489711284637
INFO:root:Epoch: 95, Iteration: 672, Loss: 0.09454182535409927
INFO:root:Validation set mIOU: 82.99493763299569
INFO:root:Epoch: 96, Iteration: 673, Loss: 0.08339813351631165
INFO:root:Epoch: 96, Iteration: 674, Loss: 0.09016362577676773
INFO:root:Epoch: 96, Iteration: 675, Loss: 0.0808090791106224
INFO:root:Epoch: 96, Iteration: 676, Loss: 0.137164905667305
INFO:root:Epoch: 96, Iteration: 677, Loss: 0.12246209383010864
INFO:root:Epoch: 96, Iteration: 678, Loss: 0.09688834100961685
INFO:root:Epoch: 96, Iteration: 679, Loss: 0.0699840784072876
INFO:root:Validation set mIOU: 83.04310986348268
INFO:root:Epoch: 97, Iteration: 680, Loss: 0.10442604869604111
INFO:root:Epoch: 97, Iteration: 681, Loss: 0.07425158470869064
INFO:root:Epoch: 97, Iteration: 682, Loss: 0.09527336061000824
INFO:root:Epoch: 97, Iteration: 683, Loss: 0.11031101644039154
INFO:root:Epoch: 97, Iteration: 684, Loss: 0.07338519394397736
INFO:root:Epoch: 97, Iteration: 685, Loss: 0.09827319532632828
INFO:root:Epoch: 97, Iteration: 686, Loss: 0.0971512645483017
INFO:root:Validation set mIOU: 82.95956867091633
INFO:root:Epoch: 98, Iteration: 687, Loss: 0.085521399974823
INFO:root:Epoch: 98, Iteration: 688, Loss: 0.08319433033466339
INFO:root:Epoch: 98, Iteration: 689, Loss: 0.15102997422218323
INFO:root:Epoch: 98, Iteration: 690, Loss: 0.1513887494802475
INFO:root:Epoch: 98, Iteration: 691, Loss: 0.08632402867078781
INFO:root:Epoch: 98, Iteration: 692, Loss: 0.09266473352909088
INFO:root:Epoch: 98, Iteration: 693, Loss: 0.07431533187627792
INFO:root:Validation set mIOU: 83.14460228146828
INFO:root:Epoch: 99, Iteration: 694, Loss: 0.11226232349872589
INFO:root:Epoch: 99, Iteration: 695, Loss: 0.09571527689695358
INFO:root:Epoch: 99, Iteration: 696, Loss: 0.09588057547807693
INFO:root:Epoch: 99, Iteration: 697, Loss: 0.09763936698436737
INFO:root:Epoch: 99, Iteration: 698, Loss: 0.093388132750988
INFO:root:Epoch: 99, Iteration: 699, Loss: 0.08194838464260101
INFO:root:Epoch: 99, Iteration: 700, Loss: 0.14266273379325867
INFO:root:Validation set mIOU: 83.20606978741348
