INFO:root:{'addition': 'circular_cutout',
 'backbone': 'resnet101',
 'batch_size': 16,
 'batch_size_consistency': 16,
 'conf_thres': 0.95,
 'config': 'configs/dataset2.yaml',
 'consistency_training': False,
 'crop_size': 320,
 'data_root': './',
 'dataset': 'dataset2',
 'epochs': 100,
 'labeled_id_path': 'dataset/splits/dataset2/1_4/split_random/labeled.txt',
 'lr': 0.0009,
 'model': 'pspnet',
 'ngpus': 1,
 'plus': False,
 'pseudo_consistency_mask_path': None,
 'pseudo_mask_path': 'outdir/pseudo_masks/dataset2/1_4/split_random/pspnet/resnet101/circular_cutout/self_training/non_consistency_training/second_time',
 'rand_thres': 0.8,
 'reliable_id_path': None,
 'save_path': 'outdir/models/dataset2/1_4/split_random/pspnet/resnet101/circular_cutout/self_training/non_consistency_training/second_time',
 'time': 2,
 'unlabeled_id_path': 'dataset/splits/dataset2/1_4/split_random/unlabeled.txt',
 'warm_up': 30}

INFO:root:Training supervised with consistency on unlabeled images
INFO:root:Epoch: 0, Iteration: 1, Loss: 1.0813452005386353
INFO:root:Epoch: 0, Iteration: 2, Loss: 0.7590968608856201
INFO:root:Validation set mIOU: 46.97153698881255
INFO:root:Epoch: 1, Iteration: 3, Loss: 0.48499158024787903
INFO:root:Epoch: 1, Iteration: 4, Loss: 0.3550805449485779
INFO:root:Validation set mIOU: 61.66325849029756
INFO:root:Epoch: 2, Iteration: 5, Loss: 0.3266822099685669
INFO:root:Epoch: 2, Iteration: 6, Loss: 0.28500741720199585
INFO:root:Validation set mIOU: 63.22818813791221
INFO:root:Epoch: 3, Iteration: 7, Loss: 0.260847270488739
INFO:root:Epoch: 3, Iteration: 8, Loss: 0.2565004527568817
INFO:root:Validation set mIOU: 64.37238210667732
INFO:root:Epoch: 4, Iteration: 9, Loss: 0.260500431060791
INFO:root:Epoch: 4, Iteration: 10, Loss: 0.2318994253873825
INFO:root:Validation set mIOU: 64.25514254167966
INFO:root:Epoch: 5, Iteration: 11, Loss: 0.24488165974617004
INFO:root:Epoch: 5, Iteration: 12, Loss: 0.2200850397348404
INFO:root:Validation set mIOU: 65.45852582183038
INFO:root:Epoch: 6, Iteration: 13, Loss: 0.19665907323360443
INFO:root:Epoch: 6, Iteration: 14, Loss: 0.20831790566444397
INFO:root:Validation set mIOU: 67.4261156812257
INFO:root:Epoch: 7, Iteration: 15, Loss: 0.23581066727638245
INFO:root:Epoch: 7, Iteration: 16, Loss: 0.23092950880527496
INFO:root:Validation set mIOU: 68.33086767824531
INFO:root:Epoch: 8, Iteration: 17, Loss: 0.1870146542787552
INFO:root:Epoch: 8, Iteration: 18, Loss: 0.19209492206573486
INFO:root:Validation set mIOU: 68.29788011098388
INFO:root:Epoch: 9, Iteration: 19, Loss: 0.20154134929180145
INFO:root:Epoch: 9, Iteration: 20, Loss: 0.17704905569553375
INFO:root:Validation set mIOU: 67.77949177037429
INFO:root:Epoch: 10, Iteration: 21, Loss: 0.18786288797855377
INFO:root:Epoch: 10, Iteration: 22, Loss: 0.17342951893806458
INFO:root:Validation set mIOU: 66.26138530298728
INFO:root:Epoch: 11, Iteration: 23, Loss: 0.16712874174118042
INFO:root:Epoch: 11, Iteration: 24, Loss: 0.18406304717063904
INFO:root:Validation set mIOU: 64.90333538639422
INFO:root:Epoch: 12, Iteration: 25, Loss: 0.18067778646945953
INFO:root:Epoch: 12, Iteration: 26, Loss: 0.15796473622322083
INFO:root:Validation set mIOU: 65.90041819125099
INFO:root:Epoch: 13, Iteration: 27, Loss: 0.19166232645511627
INFO:root:Epoch: 13, Iteration: 28, Loss: 0.18135838210582733
INFO:root:Validation set mIOU: 67.43062271600019
INFO:root:Epoch: 14, Iteration: 29, Loss: 0.1729496270418167
INFO:root:Epoch: 14, Iteration: 30, Loss: 0.171726793050766
INFO:root:Validation set mIOU: 69.54017860279363
INFO:root:Epoch: 15, Iteration: 31, Loss: 0.15082316100597382
INFO:root:Epoch: 15, Iteration: 32, Loss: 0.16600988805294037
INFO:root:Validation set mIOU: 71.3050679693865
INFO:root:Epoch: 16, Iteration: 33, Loss: 0.17904335260391235
INFO:root:Epoch: 16, Iteration: 34, Loss: 0.1712864488363266
INFO:root:Validation set mIOU: 72.04059563609064
INFO:root:Epoch: 17, Iteration: 35, Loss: 0.15644775331020355
INFO:root:Epoch: 17, Iteration: 36, Loss: 0.1419302076101303
INFO:root:Validation set mIOU: 72.31077353521826
INFO:root:Epoch: 18, Iteration: 37, Loss: 0.13572773337364197
INFO:root:Epoch: 18, Iteration: 38, Loss: 0.12353553622961044
INFO:root:Validation set mIOU: 73.02800725400294
INFO:root:Epoch: 19, Iteration: 39, Loss: 0.13506227731704712
INFO:root:Epoch: 19, Iteration: 40, Loss: 0.14054180681705475
INFO:root:Validation set mIOU: 73.25013012210849
INFO:root:Epoch: 20, Iteration: 41, Loss: 0.14570936560630798
INFO:root:Epoch: 20, Iteration: 42, Loss: 0.12113785743713379
INFO:root:Validation set mIOU: 73.18135626070732
INFO:root:Epoch: 21, Iteration: 43, Loss: 0.11037231981754303
INFO:root:Epoch: 21, Iteration: 44, Loss: 0.16307973861694336
INFO:root:Validation set mIOU: 72.58638144748231
INFO:root:Epoch: 22, Iteration: 45, Loss: 0.12501110136508942
INFO:root:Epoch: 22, Iteration: 46, Loss: 0.13578170537948608
INFO:root:Validation set mIOU: 72.58777187986439
INFO:root:Epoch: 23, Iteration: 47, Loss: 0.11655805259943008
INFO:root:Epoch: 23, Iteration: 48, Loss: 0.17448455095291138
INFO:root:Validation set mIOU: 73.00171913331886
INFO:root:Epoch: 24, Iteration: 49, Loss: 0.1483420580625534
INFO:root:Epoch: 24, Iteration: 50, Loss: 0.11667010933160782
INFO:root:Validation set mIOU: 73.33158919307078
INFO:root:Epoch: 25, Iteration: 51, Loss: 0.13232986629009247
INFO:root:Epoch: 25, Iteration: 52, Loss: 0.11174160987138748
INFO:root:Validation set mIOU: 73.79834754714425
INFO:root:Epoch: 26, Iteration: 53, Loss: 0.10903897881507874
INFO:root:Epoch: 26, Iteration: 54, Loss: 0.11528867483139038
INFO:root:Validation set mIOU: 74.05302087080572
INFO:root:Epoch: 27, Iteration: 55, Loss: 0.12150730192661285
INFO:root:Epoch: 27, Iteration: 56, Loss: 0.12188657373189926
INFO:root:Validation set mIOU: 73.99162893548414
INFO:root:Epoch: 28, Iteration: 57, Loss: 0.12829619646072388
INFO:root:Epoch: 28, Iteration: 58, Loss: 0.1254640817642212
INFO:root:Validation set mIOU: 73.63827914018995
INFO:root:Epoch: 29, Iteration: 59, Loss: 0.10931003838777542
INFO:root:Epoch: 29, Iteration: 60, Loss: 0.14134684205055237
INFO:root:Validation set mIOU: 73.16618832142586
INFO:root:Epoch: 30, Iteration: 61, Loss: 0.1112295538187027
INFO:root:Epoch: 30, Iteration: 62, Loss: 0.12112654745578766
INFO:root:Validation set mIOU: 73.3687007367223
INFO:root:Epoch: 31, Iteration: 63, Loss: 0.11983155459165573
INFO:root:Epoch: 31, Iteration: 64, Loss: 0.10129975527524948
INFO:root:Validation set mIOU: 74.55364566967391
INFO:root:Epoch: 32, Iteration: 65, Loss: 0.09669915586709976
INFO:root:Epoch: 32, Iteration: 66, Loss: 0.11314193159341812
INFO:root:Validation set mIOU: 74.99105308808232
INFO:root:Epoch: 33, Iteration: 67, Loss: 0.14212043583393097
INFO:root:Epoch: 33, Iteration: 68, Loss: 0.10789402574300766
INFO:root:Validation set mIOU: 74.56483381607293
INFO:root:Epoch: 34, Iteration: 69, Loss: 0.11797294020652771
INFO:root:Epoch: 34, Iteration: 70, Loss: 0.11087242513895035
INFO:root:Validation set mIOU: 74.02990212934026
INFO:root:Epoch: 35, Iteration: 71, Loss: 0.11142001301050186
INFO:root:Epoch: 35, Iteration: 72, Loss: 0.1145402044057846
INFO:root:Validation set mIOU: 74.00176643121354
INFO:root:Epoch: 36, Iteration: 73, Loss: 0.11893006414175034
INFO:root:Epoch: 36, Iteration: 74, Loss: 0.1181897297501564
INFO:root:Validation set mIOU: 74.90537589060527
INFO:root:Epoch: 37, Iteration: 75, Loss: 0.13667795062065125
INFO:root:Epoch: 37, Iteration: 76, Loss: 0.12294716387987137
INFO:root:Validation set mIOU: 75.77967973979987
INFO:root:Epoch: 38, Iteration: 77, Loss: 0.0988759994506836
INFO:root:Epoch: 38, Iteration: 78, Loss: 0.11658643186092377
INFO:root:Validation set mIOU: 75.91631922257508
INFO:root:Epoch: 39, Iteration: 79, Loss: 0.10169809311628342
INFO:root:Epoch: 39, Iteration: 80, Loss: 0.12103567272424698
INFO:root:Validation set mIOU: 75.98038625627767
INFO:root:Epoch: 40, Iteration: 81, Loss: 0.11095654964447021
INFO:root:Epoch: 40, Iteration: 82, Loss: 0.16552577912807465
INFO:root:Validation set mIOU: 76.05061615668824
INFO:root:Epoch: 41, Iteration: 83, Loss: 0.11579789221286774
INFO:root:Epoch: 41, Iteration: 84, Loss: 0.10726281255483627
INFO:root:Validation set mIOU: 75.99029218813001
INFO:root:Epoch: 42, Iteration: 85, Loss: 0.09905873239040375
INFO:root:Epoch: 42, Iteration: 86, Loss: 0.11082922667264938
INFO:root:Validation set mIOU: 76.06612015996377
INFO:root:Epoch: 43, Iteration: 87, Loss: 0.10813170671463013
INFO:root:Epoch: 43, Iteration: 88, Loss: 0.11912259459495544
INFO:root:Validation set mIOU: 76.02404117213268
INFO:root:Epoch: 44, Iteration: 89, Loss: 0.09119223058223724
INFO:root:Epoch: 44, Iteration: 90, Loss: 0.12280937284231186
INFO:root:Validation set mIOU: 76.26819319299115
INFO:root:Epoch: 45, Iteration: 91, Loss: 0.12620186805725098
INFO:root:Epoch: 45, Iteration: 92, Loss: 0.12022556364536285
INFO:root:Validation set mIOU: 76.43868798378107
INFO:root:Epoch: 46, Iteration: 93, Loss: 0.1071738600730896
INFO:root:Epoch: 46, Iteration: 94, Loss: 0.11024834215641022
INFO:root:Validation set mIOU: 76.41588253886863
INFO:root:Epoch: 47, Iteration: 95, Loss: 0.1148165762424469
INFO:root:Epoch: 47, Iteration: 96, Loss: 0.11372076719999313
INFO:root:Validation set mIOU: 75.78357573966778
INFO:root:Epoch: 48, Iteration: 97, Loss: 0.09599211812019348
INFO:root:Epoch: 48, Iteration: 98, Loss: 0.09689008444547653
INFO:root:Validation set mIOU: 75.97382477984182
INFO:root:Epoch: 49, Iteration: 99, Loss: 0.09564267843961716
INFO:root:Epoch: 49, Iteration: 100, Loss: 0.09431750327348709
INFO:root:Validation set mIOU: 75.70972315751452
INFO:root:Epoch: 50, Iteration: 101, Loss: 0.11062176525592804
INFO:root:Epoch: 50, Iteration: 102, Loss: 0.08618403971195221
INFO:root:Validation set mIOU: 75.87213789003859
INFO:root:Epoch: 51, Iteration: 103, Loss: 0.11232464760541916
INFO:root:Epoch: 51, Iteration: 104, Loss: 0.08851432055234909
INFO:root:Validation set mIOU: 76.5090386769824
INFO:root:Epoch: 52, Iteration: 105, Loss: 0.09861408174037933
INFO:root:Epoch: 52, Iteration: 106, Loss: 0.0999903455376625
INFO:root:Validation set mIOU: 77.17628149204536
INFO:root:Epoch: 53, Iteration: 107, Loss: 0.12108422070741653
INFO:root:Epoch: 53, Iteration: 108, Loss: 0.09574829041957855
INFO:root:Validation set mIOU: 77.59904379313619
INFO:root:Epoch: 54, Iteration: 109, Loss: 0.08646450191736221
INFO:root:Epoch: 54, Iteration: 110, Loss: 0.09917867928743362
INFO:root:Validation set mIOU: 77.98926738700051
INFO:root:Epoch: 55, Iteration: 111, Loss: 0.10258649289608002
INFO:root:Epoch: 55, Iteration: 112, Loss: 0.08390336483716965
INFO:root:Validation set mIOU: 77.99159442946191
INFO:root:Epoch: 56, Iteration: 113, Loss: 0.11573438346385956
INFO:root:Epoch: 56, Iteration: 114, Loss: 0.09227097779512405
INFO:root:Validation set mIOU: 77.66452123352131
INFO:root:Epoch: 57, Iteration: 115, Loss: 0.09591205418109894
INFO:root:Epoch: 57, Iteration: 116, Loss: 0.10436645150184631
INFO:root:Validation set mIOU: 77.3098134132652
INFO:root:Epoch: 58, Iteration: 117, Loss: 0.09807323664426804
INFO:root:Epoch: 58, Iteration: 118, Loss: 0.08371426165103912
INFO:root:Validation set mIOU: 76.96849312821102
INFO:root:Epoch: 59, Iteration: 119, Loss: 0.08820068836212158
INFO:root:Epoch: 59, Iteration: 120, Loss: 0.08892858028411865
INFO:root:Validation set mIOU: 76.78129670541018
INFO:root:Epoch: 60, Iteration: 121, Loss: 0.1116054579615593
INFO:root:Epoch: 60, Iteration: 122, Loss: 0.09876691550016403
INFO:root:Validation set mIOU: 76.72005857703338
INFO:root:Epoch: 61, Iteration: 123, Loss: 0.08982345461845398
INFO:root:Epoch: 61, Iteration: 124, Loss: 0.09285545349121094
INFO:root:Validation set mIOU: 76.92066291192384
INFO:root:Epoch: 62, Iteration: 125, Loss: 0.10336839407682419
INFO:root:Epoch: 62, Iteration: 126, Loss: 0.09422672539949417
INFO:root:Validation set mIOU: 77.21567002385285
INFO:root:Epoch: 63, Iteration: 127, Loss: 0.08779590576887131
INFO:root:Epoch: 63, Iteration: 128, Loss: 0.08105015754699707
INFO:root:Validation set mIOU: 77.51437586533282
INFO:root:Epoch: 64, Iteration: 129, Loss: 0.09841931611299515
INFO:root:Epoch: 64, Iteration: 130, Loss: 0.10411007702350616
INFO:root:Validation set mIOU: 77.43858495330896
INFO:root:Epoch: 65, Iteration: 131, Loss: 0.09158793836832047
INFO:root:Epoch: 65, Iteration: 132, Loss: 0.08012181520462036
INFO:root:Validation set mIOU: 77.39532251985021
INFO:root:Epoch: 66, Iteration: 133, Loss: 0.08440496027469635
INFO:root:Epoch: 66, Iteration: 134, Loss: 0.0920790359377861
INFO:root:Validation set mIOU: 77.28672217772909
INFO:root:Epoch: 67, Iteration: 135, Loss: 0.08597543835639954
INFO:root:Epoch: 67, Iteration: 136, Loss: 0.09987781196832657
INFO:root:Validation set mIOU: 77.31380870387586
INFO:root:Epoch: 68, Iteration: 137, Loss: 0.09008622169494629
INFO:root:Epoch: 68, Iteration: 138, Loss: 0.1000380665063858
INFO:root:Validation set mIOU: 76.91781739242926
INFO:root:Epoch: 69, Iteration: 139, Loss: 0.10965597629547119
INFO:root:Epoch: 69, Iteration: 140, Loss: 0.08976064622402191
INFO:root:Validation set mIOU: 76.24838103287524
INFO:root:Epoch: 70, Iteration: 141, Loss: 0.08803138136863708
INFO:root:Epoch: 70, Iteration: 142, Loss: 0.09625447541475296
INFO:root:Validation set mIOU: 76.29801195252793
INFO:root:Epoch: 71, Iteration: 143, Loss: 0.08517058938741684
INFO:root:Epoch: 71, Iteration: 144, Loss: 0.07773075997829437
INFO:root:Validation set mIOU: 76.25759164703956
INFO:root:Epoch: 72, Iteration: 145, Loss: 0.09922270476818085
INFO:root:Epoch: 72, Iteration: 146, Loss: 0.11187524348497391
INFO:root:Validation set mIOU: 76.22782365425218
INFO:root:Epoch: 73, Iteration: 147, Loss: 0.10563459992408752
INFO:root:Epoch: 73, Iteration: 148, Loss: 0.0911594107747078
INFO:root:Validation set mIOU: 76.37119131589645
INFO:root:Epoch: 74, Iteration: 149, Loss: 0.08784112334251404
INFO:root:Epoch: 74, Iteration: 150, Loss: 0.10973763465881348
INFO:root:Validation set mIOU: 76.51428615876222
INFO:root:Epoch: 75, Iteration: 151, Loss: 0.08799663931131363
INFO:root:Epoch: 75, Iteration: 152, Loss: 0.08197101950645447
INFO:root:Validation set mIOU: 76.86177630397309
INFO:root:Epoch: 76, Iteration: 153, Loss: 0.08974906802177429
INFO:root:Epoch: 76, Iteration: 154, Loss: 0.08223593235015869
INFO:root:Validation set mIOU: 77.28015291755071
INFO:root:Epoch: 77, Iteration: 155, Loss: 0.08593402802944183
INFO:root:Epoch: 77, Iteration: 156, Loss: 0.09227433055639267
INFO:root:Validation set mIOU: 77.7259341472624
INFO:root:Epoch: 78, Iteration: 157, Loss: 0.09177342802286148
INFO:root:Epoch: 78, Iteration: 158, Loss: 0.08495959639549255
INFO:root:Validation set mIOU: 78.22159179141295
INFO:root:Epoch: 79, Iteration: 159, Loss: 0.0961821898818016
INFO:root:Epoch: 79, Iteration: 160, Loss: 0.08073300868272781
INFO:root:Validation set mIOU: 78.58636506845501
INFO:root:Epoch: 80, Iteration: 161, Loss: 0.08864805102348328
INFO:root:Epoch: 80, Iteration: 162, Loss: 0.0835675373673439
INFO:root:Validation set mIOU: 78.7106823574513
INFO:root:Epoch: 81, Iteration: 163, Loss: 0.0728730633854866
INFO:root:Epoch: 81, Iteration: 164, Loss: 0.10107691586017609
INFO:root:Validation set mIOU: 78.50874323609354
INFO:root:Epoch: 82, Iteration: 165, Loss: 0.09410594403743744
INFO:root:Epoch: 82, Iteration: 166, Loss: 0.08802984654903412
INFO:root:Validation set mIOU: 78.36508089093222
INFO:root:Epoch: 83, Iteration: 167, Loss: 0.08878596127033234
INFO:root:Epoch: 83, Iteration: 168, Loss: 0.12216546386480331
INFO:root:Validation set mIOU: 77.98765351956955
INFO:root:Epoch: 84, Iteration: 169, Loss: 0.09132625162601471
INFO:root:Epoch: 84, Iteration: 170, Loss: 0.09427487850189209
INFO:root:Validation set mIOU: 78.28060683269037
INFO:root:Epoch: 85, Iteration: 171, Loss: 0.10287785530090332
INFO:root:Epoch: 85, Iteration: 172, Loss: 0.09285560250282288
INFO:root:Validation set mIOU: 78.13613939193971
INFO:root:Epoch: 86, Iteration: 173, Loss: 0.0857350155711174
INFO:root:Epoch: 86, Iteration: 174, Loss: 0.1244100034236908
INFO:root:Validation set mIOU: 77.88137205503071
INFO:root:Epoch: 87, Iteration: 175, Loss: 0.08859404921531677
INFO:root:Epoch: 87, Iteration: 176, Loss: 0.08115248382091522
INFO:root:Validation set mIOU: 77.85739240500567
INFO:root:Epoch: 88, Iteration: 177, Loss: 0.08617208898067474
INFO:root:Epoch: 88, Iteration: 178, Loss: 0.09241442382335663
INFO:root:Validation set mIOU: 77.64347148852879
INFO:root:Epoch: 89, Iteration: 179, Loss: 0.1137092113494873
INFO:root:Epoch: 89, Iteration: 180, Loss: 0.0969482958316803
INFO:root:Validation set mIOU: 77.66604875981916
INFO:root:Epoch: 90, Iteration: 181, Loss: 0.08079817146062851
INFO:root:Epoch: 90, Iteration: 182, Loss: 0.09857507795095444
INFO:root:Validation set mIOU: 77.2000175542205
INFO:root:Epoch: 91, Iteration: 183, Loss: 0.0835762619972229
INFO:root:Epoch: 91, Iteration: 184, Loss: 0.10433365404605865
INFO:root:Validation set mIOU: 77.62278568474476
INFO:root:Epoch: 92, Iteration: 185, Loss: 0.0804232805967331
INFO:root:Epoch: 92, Iteration: 186, Loss: 0.08716680854558945
INFO:root:Validation set mIOU: 77.89783058677867
INFO:root:Epoch: 93, Iteration: 187, Loss: 0.10314470529556274
INFO:root:Epoch: 93, Iteration: 188, Loss: 0.0900215432047844
INFO:root:Validation set mIOU: 77.89440913588732
INFO:root:Epoch: 94, Iteration: 189, Loss: 0.09786129742860794
INFO:root:Epoch: 94, Iteration: 190, Loss: 0.08477698266506195
INFO:root:Validation set mIOU: 77.95047025428246
INFO:root:Epoch: 95, Iteration: 191, Loss: 0.07776883989572525
INFO:root:Epoch: 95, Iteration: 192, Loss: 0.08688158541917801
INFO:root:Validation set mIOU: 78.1625443669297
INFO:root:Epoch: 96, Iteration: 193, Loss: 0.0861574187874794
INFO:root:Epoch: 96, Iteration: 194, Loss: 0.09804583340883255
INFO:root:Validation set mIOU: 78.11736942703439
INFO:root:Epoch: 97, Iteration: 195, Loss: 0.09421743452548981
INFO:root:Epoch: 97, Iteration: 196, Loss: 0.07856611907482147
INFO:root:Validation set mIOU: 78.40148694820553
INFO:root:Epoch: 98, Iteration: 197, Loss: 0.09961249679327011
INFO:root:Epoch: 98, Iteration: 198, Loss: 0.10447641462087631
INFO:root:Validation set mIOU: 78.01295456098781
INFO:root:Epoch: 99, Iteration: 199, Loss: 0.09029573947191238
INFO:root:Epoch: 99, Iteration: 200, Loss: 0.06972668319940567
INFO:root:Validation set mIOU: 78.19091936097819
INFO:root:Semi-training
INFO:root:Epoch: 0, Iteration: 1, Loss: 1.2500369548797607
INFO:root:Epoch: 0, Iteration: 2, Loss: 0.9046207666397095
INFO:root:Epoch: 0, Iteration: 3, Loss: 0.5792561173439026
INFO:root:Epoch: 0, Iteration: 4, Loss: 0.36689409613609314
INFO:root:Epoch: 0, Iteration: 5, Loss: 0.3501758277416229
INFO:root:Epoch: 0, Iteration: 6, Loss: 0.44463080167770386
INFO:root:Epoch: 0, Iteration: 7, Loss: 0.31889650225639343
INFO:root:Validation set mIOU: 63.50220265193983
INFO:root:Epoch: 1, Iteration: 8, Loss: 0.28911033272743225
INFO:root:Epoch: 1, Iteration: 9, Loss: 0.32506537437438965
INFO:root:Epoch: 1, Iteration: 10, Loss: 0.3069954812526703
INFO:root:Epoch: 1, Iteration: 11, Loss: 0.2825235426425934
INFO:root:Epoch: 1, Iteration: 12, Loss: 0.3206294775009155
INFO:root:Epoch: 1, Iteration: 13, Loss: 0.28574317693710327
INFO:root:Epoch: 1, Iteration: 14, Loss: 0.2734765112400055
INFO:root:Validation set mIOU: 66.73144541040843
INFO:root:Epoch: 2, Iteration: 15, Loss: 0.24936088919639587
INFO:root:Epoch: 2, Iteration: 16, Loss: 0.30629998445510864
INFO:root:Epoch: 2, Iteration: 17, Loss: 0.401028573513031
INFO:root:Epoch: 2, Iteration: 18, Loss: 0.3200719952583313
INFO:root:Epoch: 2, Iteration: 19, Loss: 0.27645447850227356
INFO:root:Epoch: 2, Iteration: 20, Loss: 0.22468316555023193
INFO:root:Epoch: 2, Iteration: 21, Loss: 0.24488894641399384
INFO:root:Validation set mIOU: 67.85719122859462
INFO:root:Epoch: 3, Iteration: 22, Loss: 0.24248825013637543
INFO:root:Epoch: 3, Iteration: 23, Loss: 0.22437754273414612
INFO:root:Epoch: 3, Iteration: 24, Loss: 0.19956721365451813
INFO:root:Epoch: 3, Iteration: 25, Loss: 0.2797837555408478
INFO:root:Epoch: 3, Iteration: 26, Loss: 0.24414044618606567
INFO:root:Epoch: 3, Iteration: 27, Loss: 0.2905982732772827
INFO:root:Epoch: 3, Iteration: 28, Loss: 0.21564450860023499
INFO:root:Validation set mIOU: 64.2463091078146
INFO:root:Epoch: 4, Iteration: 29, Loss: 0.3890748620033264
INFO:root:Epoch: 4, Iteration: 30, Loss: 0.24812471866607666
INFO:root:Epoch: 4, Iteration: 31, Loss: 0.1896575391292572
INFO:root:Epoch: 4, Iteration: 32, Loss: 0.213553786277771
INFO:root:Epoch: 4, Iteration: 33, Loss: 0.25791093707084656
INFO:root:Epoch: 4, Iteration: 34, Loss: 0.21154920756816864
INFO:root:Epoch: 4, Iteration: 35, Loss: 0.16976384818553925
INFO:root:Validation set mIOU: 71.90566546046439
INFO:root:Epoch: 5, Iteration: 36, Loss: 0.23527199029922485
INFO:root:Epoch: 5, Iteration: 37, Loss: 0.19203408062458038
INFO:root:Epoch: 5, Iteration: 38, Loss: 0.18808883428573608
INFO:root:Epoch: 5, Iteration: 39, Loss: 0.24327008426189423
INFO:root:Epoch: 5, Iteration: 40, Loss: 0.22808122634887695
INFO:root:Epoch: 5, Iteration: 41, Loss: 0.21622607111930847
INFO:root:Epoch: 5, Iteration: 42, Loss: 0.2731313109397888
INFO:root:Validation set mIOU: 73.5176081452267
INFO:root:Epoch: 6, Iteration: 43, Loss: 0.2254101186990738
INFO:root:Epoch: 6, Iteration: 44, Loss: 0.1698044389486313
INFO:root:Epoch: 6, Iteration: 45, Loss: 0.19685029983520508
INFO:root:Epoch: 6, Iteration: 46, Loss: 0.24999387562274933
INFO:root:Epoch: 6, Iteration: 47, Loss: 0.19376586377620697
INFO:root:Epoch: 6, Iteration: 48, Loss: 0.20965693891048431
INFO:root:Epoch: 6, Iteration: 49, Loss: 0.21092388033866882
INFO:root:Validation set mIOU: 72.98043221112405
INFO:root:Epoch: 7, Iteration: 50, Loss: 0.21704509854316711
INFO:root:Epoch: 7, Iteration: 51, Loss: 0.16853362321853638
INFO:root:Epoch: 7, Iteration: 52, Loss: 0.2022082805633545
INFO:root:Epoch: 7, Iteration: 53, Loss: 0.17840810120105743
INFO:root:Epoch: 7, Iteration: 54, Loss: 0.16839800775051117
INFO:root:Epoch: 7, Iteration: 55, Loss: 0.19450350105762482
INFO:root:Epoch: 7, Iteration: 56, Loss: 0.17996075749397278
INFO:root:Validation set mIOU: 75.30570841555956
INFO:root:Epoch: 8, Iteration: 57, Loss: 0.15152761340141296
INFO:root:Epoch: 8, Iteration: 58, Loss: 0.17646116018295288
INFO:root:Epoch: 8, Iteration: 59, Loss: 0.17848721146583557
INFO:root:Epoch: 8, Iteration: 60, Loss: 0.1434006541967392
INFO:root:Epoch: 8, Iteration: 61, Loss: 0.1581619679927826
INFO:root:Epoch: 8, Iteration: 62, Loss: 0.17200864851474762
INFO:root:Epoch: 8, Iteration: 63, Loss: 0.14709195494651794
INFO:root:Validation set mIOU: 75.725233486419
INFO:root:Epoch: 9, Iteration: 64, Loss: 0.16260969638824463
INFO:root:Epoch: 9, Iteration: 65, Loss: 0.20134089887142181
INFO:root:Epoch: 9, Iteration: 66, Loss: 0.1711328774690628
INFO:root:Epoch: 9, Iteration: 67, Loss: 0.14647667109966278
INFO:root:Epoch: 9, Iteration: 68, Loss: 0.16583429276943207
INFO:root:Epoch: 9, Iteration: 69, Loss: 0.16167959570884705
INFO:root:Epoch: 9, Iteration: 70, Loss: 0.15902593731880188
INFO:root:Validation set mIOU: 77.73444122764954
INFO:root:Epoch: 10, Iteration: 71, Loss: 0.1537918746471405
INFO:root:Epoch: 10, Iteration: 72, Loss: 0.1429455727338791
INFO:root:Epoch: 10, Iteration: 73, Loss: 0.18126961588859558
INFO:root:Epoch: 10, Iteration: 74, Loss: 0.21439245343208313
INFO:root:Epoch: 10, Iteration: 75, Loss: 0.14895345270633698
INFO:root:Epoch: 10, Iteration: 76, Loss: 0.19427281618118286
INFO:root:Epoch: 10, Iteration: 77, Loss: 0.15467245876789093
INFO:root:Validation set mIOU: 75.32795820132522
INFO:root:Epoch: 11, Iteration: 78, Loss: 0.15061013400554657
INFO:root:Epoch: 11, Iteration: 79, Loss: 0.13818000257015228
INFO:root:Epoch: 11, Iteration: 80, Loss: 0.19145801663398743
INFO:root:Epoch: 11, Iteration: 81, Loss: 0.118532195687294
INFO:root:Epoch: 11, Iteration: 82, Loss: 0.11142738163471222
INFO:root:Epoch: 11, Iteration: 83, Loss: 0.1683182418346405
INFO:root:Epoch: 11, Iteration: 84, Loss: 0.15880627930164337
INFO:root:Validation set mIOU: 77.50379585262178
INFO:root:Epoch: 12, Iteration: 85, Loss: 0.16134707629680634
INFO:root:Epoch: 12, Iteration: 86, Loss: 0.1565200239419937
INFO:root:Epoch: 12, Iteration: 87, Loss: 0.12582308053970337
INFO:root:Epoch: 12, Iteration: 88, Loss: 0.16680751740932465
INFO:root:Epoch: 12, Iteration: 89, Loss: 0.13049650192260742
INFO:root:Epoch: 12, Iteration: 90, Loss: 0.195442333817482
INFO:root:Epoch: 12, Iteration: 91, Loss: 0.16993214190006256
INFO:root:Validation set mIOU: 77.76295327951769
INFO:root:Epoch: 13, Iteration: 92, Loss: 0.1428200602531433
INFO:root:Epoch: 13, Iteration: 93, Loss: 0.13200204074382782
INFO:root:Epoch: 13, Iteration: 94, Loss: 0.1864781677722931
INFO:root:Epoch: 13, Iteration: 95, Loss: 0.1363673061132431
INFO:root:Epoch: 13, Iteration: 96, Loss: 0.23942725360393524
INFO:root:Epoch: 13, Iteration: 97, Loss: 0.16451916098594666
INFO:root:Epoch: 13, Iteration: 98, Loss: 0.15273380279541016
INFO:root:Validation set mIOU: 79.29429192676992
INFO:root:Epoch: 14, Iteration: 99, Loss: 0.162014439702034
INFO:root:Epoch: 14, Iteration: 100, Loss: 0.1666133999824524
INFO:root:Epoch: 14, Iteration: 101, Loss: 0.14524999260902405
INFO:root:Epoch: 14, Iteration: 102, Loss: 0.13443739712238312
INFO:root:Epoch: 14, Iteration: 103, Loss: 0.1633777767419815
INFO:root:Epoch: 14, Iteration: 104, Loss: 0.17845506966114044
INFO:root:Epoch: 14, Iteration: 105, Loss: 0.1404024064540863
INFO:root:Validation set mIOU: 77.84910966372415
INFO:root:Epoch: 15, Iteration: 106, Loss: 0.13502390682697296
INFO:root:Epoch: 15, Iteration: 107, Loss: 0.1246526911854744
INFO:root:Epoch: 15, Iteration: 108, Loss: 0.15928742289543152
INFO:root:Epoch: 15, Iteration: 109, Loss: 0.15758223831653595
INFO:root:Epoch: 15, Iteration: 110, Loss: 0.1484135091304779
INFO:root:Epoch: 15, Iteration: 111, Loss: 0.1336190402507782
INFO:root:Epoch: 15, Iteration: 112, Loss: 0.14442867040634155
INFO:root:Validation set mIOU: 78.3417334203936
INFO:root:Epoch: 16, Iteration: 113, Loss: 0.1264769285917282
INFO:root:Epoch: 16, Iteration: 114, Loss: 0.12769299745559692
INFO:root:Epoch: 16, Iteration: 115, Loss: 0.18836215138435364
INFO:root:Epoch: 16, Iteration: 116, Loss: 0.15041381120681763
INFO:root:Epoch: 16, Iteration: 117, Loss: 0.16310463845729828
INFO:root:Epoch: 16, Iteration: 118, Loss: 0.13044452667236328
INFO:root:Epoch: 16, Iteration: 119, Loss: 0.13965749740600586
INFO:root:Validation set mIOU: 80.06831418124119
INFO:root:Epoch: 17, Iteration: 120, Loss: 0.13343475759029388
INFO:root:Epoch: 17, Iteration: 121, Loss: 0.13491471111774445
INFO:root:Epoch: 17, Iteration: 122, Loss: 0.15183418989181519
INFO:root:Epoch: 17, Iteration: 123, Loss: 0.1466667801141739
INFO:root:Epoch: 17, Iteration: 124, Loss: 0.14068762958049774
INFO:root:Epoch: 17, Iteration: 125, Loss: 0.11262767761945724
INFO:root:Epoch: 17, Iteration: 126, Loss: 0.13757339119911194
INFO:root:Validation set mIOU: 77.8752791790017
INFO:root:Epoch: 18, Iteration: 127, Loss: 0.12189672142267227
INFO:root:Epoch: 18, Iteration: 128, Loss: 0.2202470302581787
INFO:root:Epoch: 18, Iteration: 129, Loss: 0.1467936635017395
INFO:root:Epoch: 18, Iteration: 130, Loss: 0.14871859550476074
INFO:root:Epoch: 18, Iteration: 131, Loss: 0.16281303763389587
INFO:root:Epoch: 18, Iteration: 132, Loss: 0.11620426177978516
INFO:root:Epoch: 18, Iteration: 133, Loss: 0.1375075876712799
INFO:root:Validation set mIOU: 79.91657158546352
INFO:root:Epoch: 19, Iteration: 134, Loss: 0.1351194530725479
INFO:root:Epoch: 19, Iteration: 135, Loss: 0.1353038251399994
INFO:root:Epoch: 19, Iteration: 136, Loss: 0.1170237585902214
INFO:root:Epoch: 19, Iteration: 137, Loss: 0.12565071880817413
INFO:root:Epoch: 19, Iteration: 138, Loss: 0.13990682363510132
INFO:root:Epoch: 19, Iteration: 139, Loss: 0.14626485109329224
INFO:root:Epoch: 19, Iteration: 140, Loss: 0.1356353461742401
INFO:root:Validation set mIOU: 80.51196392976946
INFO:root:Epoch: 20, Iteration: 141, Loss: 0.11742052435874939
INFO:root:Epoch: 20, Iteration: 142, Loss: 0.11060702055692673
INFO:root:Epoch: 20, Iteration: 143, Loss: 0.22622421383857727
INFO:root:Epoch: 20, Iteration: 144, Loss: 0.11926107108592987
INFO:root:Epoch: 20, Iteration: 145, Loss: 0.16133378446102142
INFO:root:Epoch: 20, Iteration: 146, Loss: 0.11380123347043991
INFO:root:Epoch: 20, Iteration: 147, Loss: 0.14075882732868195
INFO:root:Validation set mIOU: 79.1727618748788
INFO:root:Epoch: 21, Iteration: 148, Loss: 0.1481882929801941
INFO:root:Epoch: 21, Iteration: 149, Loss: 0.10742078721523285
INFO:root:Epoch: 21, Iteration: 150, Loss: 0.1263289600610733
INFO:root:Epoch: 21, Iteration: 151, Loss: 0.1382971554994583
INFO:root:Epoch: 21, Iteration: 152, Loss: 0.14677174389362335
INFO:root:Epoch: 21, Iteration: 153, Loss: 0.17896012961864471
INFO:root:Epoch: 21, Iteration: 154, Loss: 0.13925209641456604
INFO:root:Validation set mIOU: 80.22654886479371
INFO:root:Epoch: 22, Iteration: 155, Loss: 0.11340846866369247
INFO:root:Epoch: 22, Iteration: 156, Loss: 0.12232831120491028
INFO:root:Epoch: 22, Iteration: 157, Loss: 0.13350002467632294
INFO:root:Epoch: 22, Iteration: 158, Loss: 0.1360580325126648
INFO:root:Epoch: 22, Iteration: 159, Loss: 0.10402825474739075
INFO:root:Epoch: 22, Iteration: 160, Loss: 0.10325247794389725
INFO:root:Epoch: 22, Iteration: 161, Loss: 0.18588803708553314
INFO:root:Validation set mIOU: 80.4578190849185
INFO:root:Epoch: 23, Iteration: 162, Loss: 0.12163247913122177
INFO:root:Epoch: 23, Iteration: 163, Loss: 0.10154513269662857
INFO:root:Epoch: 23, Iteration: 164, Loss: 0.12113534659147263
INFO:root:Epoch: 23, Iteration: 165, Loss: 0.11502574384212494
INFO:root:Epoch: 23, Iteration: 166, Loss: 0.10662418603897095
INFO:root:Epoch: 23, Iteration: 167, Loss: 0.10836485028266907
INFO:root:Epoch: 23, Iteration: 168, Loss: 0.14542745053768158
INFO:root:Validation set mIOU: 80.60973580949532
INFO:root:Epoch: 24, Iteration: 169, Loss: 0.10613641887903214
INFO:root:Epoch: 24, Iteration: 170, Loss: 0.11426318436861038
INFO:root:Epoch: 24, Iteration: 171, Loss: 0.12510107457637787
INFO:root:Epoch: 24, Iteration: 172, Loss: 0.09662104398012161
INFO:root:Epoch: 24, Iteration: 173, Loss: 0.13226531445980072
INFO:root:Epoch: 24, Iteration: 174, Loss: 0.1618509143590927
INFO:root:Epoch: 24, Iteration: 175, Loss: 0.14902715384960175
INFO:root:Validation set mIOU: 80.84409667499163
INFO:root:Epoch: 25, Iteration: 176, Loss: 0.09171422570943832
INFO:root:Epoch: 25, Iteration: 177, Loss: 0.1709970086812973
INFO:root:Epoch: 25, Iteration: 178, Loss: 0.13602858781814575
INFO:root:Epoch: 25, Iteration: 179, Loss: 0.114473856985569
INFO:root:Epoch: 25, Iteration: 180, Loss: 0.11090324074029922
INFO:root:Epoch: 25, Iteration: 181, Loss: 0.09554807841777802
INFO:root:Epoch: 25, Iteration: 182, Loss: 0.1151658296585083
INFO:root:Validation set mIOU: 81.8011671435439
INFO:root:Epoch: 26, Iteration: 183, Loss: 0.13063578307628632
INFO:root:Epoch: 26, Iteration: 184, Loss: 0.1280035823583603
INFO:root:Epoch: 26, Iteration: 185, Loss: 0.1032334491610527
INFO:root:Epoch: 26, Iteration: 186, Loss: 0.11902616918087006
INFO:root:Epoch: 26, Iteration: 187, Loss: 0.14545871317386627
INFO:root:Epoch: 26, Iteration: 188, Loss: 0.12400133907794952
INFO:root:Epoch: 26, Iteration: 189, Loss: 0.11607467383146286
INFO:root:Validation set mIOU: 81.56187028730062
INFO:root:Epoch: 27, Iteration: 190, Loss: 0.1786014884710312
INFO:root:Epoch: 27, Iteration: 191, Loss: 0.11775480955839157
INFO:root:Epoch: 27, Iteration: 192, Loss: 0.12213508039712906
INFO:root:Epoch: 27, Iteration: 193, Loss: 0.12663547694683075
INFO:root:Epoch: 27, Iteration: 194, Loss: 0.11417335271835327
INFO:root:Epoch: 27, Iteration: 195, Loss: 0.09686298668384552
INFO:root:Epoch: 27, Iteration: 196, Loss: 0.10030071437358856
INFO:root:Validation set mIOU: 80.91961897306491
INFO:root:Epoch: 28, Iteration: 197, Loss: 0.1419520229101181
INFO:root:Epoch: 28, Iteration: 198, Loss: 0.11957680433988571
INFO:root:Epoch: 28, Iteration: 199, Loss: 0.12377303093671799
INFO:root:Epoch: 28, Iteration: 200, Loss: 0.09822633862495422
INFO:root:Epoch: 28, Iteration: 201, Loss: 0.1116015762090683
INFO:root:Epoch: 28, Iteration: 202, Loss: 0.11346472799777985
INFO:root:Epoch: 28, Iteration: 203, Loss: 0.12340650707483292
INFO:root:Validation set mIOU: 80.5767278304157
INFO:root:Epoch: 29, Iteration: 204, Loss: 0.147301584482193
INFO:root:Epoch: 29, Iteration: 205, Loss: 0.11679434776306152
INFO:root:Epoch: 29, Iteration: 206, Loss: 0.10950146615505219
INFO:root:Epoch: 29, Iteration: 207, Loss: 0.12689633667469025
INFO:root:Epoch: 29, Iteration: 208, Loss: 0.09868580847978592
INFO:root:Epoch: 29, Iteration: 209, Loss: 0.13142278790473938
INFO:root:Epoch: 29, Iteration: 210, Loss: 0.12244520336389542
INFO:root:Validation set mIOU: 80.87730425362038
INFO:root:Epoch: 30, Iteration: 211, Loss: 0.11094790697097778
INFO:root:Epoch: 30, Iteration: 212, Loss: 0.12294850498437881
INFO:root:Epoch: 30, Iteration: 213, Loss: 0.11911386996507645
INFO:root:Epoch: 30, Iteration: 214, Loss: 0.12285570800304413
INFO:root:Epoch: 30, Iteration: 215, Loss: 0.10775378346443176
INFO:root:Epoch: 30, Iteration: 216, Loss: 0.1663493663072586
INFO:root:Epoch: 30, Iteration: 217, Loss: 0.11865951865911484
INFO:root:Validation set mIOU: 80.42935523284248
INFO:root:Epoch: 31, Iteration: 218, Loss: 0.138094961643219
INFO:root:Epoch: 31, Iteration: 219, Loss: 0.12411682307720184
INFO:root:Epoch: 31, Iteration: 220, Loss: 0.11006807535886765
INFO:root:Epoch: 31, Iteration: 221, Loss: 0.10774381458759308
INFO:root:Epoch: 31, Iteration: 222, Loss: 0.1133989617228508
INFO:root:Epoch: 31, Iteration: 223, Loss: 0.09737895429134369
INFO:root:Epoch: 31, Iteration: 224, Loss: 0.09970838576555252
INFO:root:Validation set mIOU: 81.01940746135446
INFO:root:Epoch: 32, Iteration: 225, Loss: 0.110379658639431
INFO:root:Epoch: 32, Iteration: 226, Loss: 0.10708991438150406
INFO:root:Epoch: 32, Iteration: 227, Loss: 0.14179573953151703
INFO:root:Epoch: 32, Iteration: 228, Loss: 0.10589811950922012
INFO:root:Epoch: 32, Iteration: 229, Loss: 0.15590104460716248
INFO:root:Epoch: 32, Iteration: 230, Loss: 0.09087838977575302
INFO:root:Epoch: 32, Iteration: 231, Loss: 0.11687757819890976
INFO:root:Validation set mIOU: 80.45102302745676
INFO:root:Epoch: 33, Iteration: 232, Loss: 0.11417670547962189
INFO:root:Epoch: 33, Iteration: 233, Loss: 0.11822054535150528
INFO:root:Epoch: 33, Iteration: 234, Loss: 0.13305793702602386
INFO:root:Epoch: 33, Iteration: 235, Loss: 0.10596925020217896
INFO:root:Epoch: 33, Iteration: 236, Loss: 0.12912079691886902
INFO:root:Epoch: 33, Iteration: 237, Loss: 0.1032051295042038
INFO:root:Epoch: 33, Iteration: 238, Loss: 0.10852306336164474
INFO:root:Validation set mIOU: 80.29488884619397
INFO:root:Epoch: 34, Iteration: 239, Loss: 0.125850111246109
INFO:root:Epoch: 34, Iteration: 240, Loss: 0.12174896895885468
INFO:root:Epoch: 34, Iteration: 241, Loss: 0.10500667244195938
INFO:root:Epoch: 34, Iteration: 242, Loss: 0.10876370966434479
INFO:root:Epoch: 34, Iteration: 243, Loss: 0.09607290476560593
INFO:root:Epoch: 34, Iteration: 244, Loss: 0.13922108709812164
INFO:root:Epoch: 34, Iteration: 245, Loss: 0.14531628787517548
INFO:root:Validation set mIOU: 79.83539204440284
INFO:root:Epoch: 35, Iteration: 246, Loss: 0.14204777777194977
INFO:root:Epoch: 35, Iteration: 247, Loss: 0.10553842037916183
INFO:root:Epoch: 35, Iteration: 248, Loss: 0.0956624373793602
INFO:root:Epoch: 35, Iteration: 249, Loss: 0.12201469391584396
INFO:root:Epoch: 35, Iteration: 250, Loss: 0.1041565090417862
INFO:root:Epoch: 35, Iteration: 251, Loss: 0.10647054761648178
INFO:root:Epoch: 35, Iteration: 252, Loss: 0.10646878182888031
INFO:root:Validation set mIOU: 80.16006408241013
INFO:root:Epoch: 36, Iteration: 253, Loss: 0.13020645081996918
INFO:root:Epoch: 36, Iteration: 254, Loss: 0.10798856616020203
INFO:root:Epoch: 36, Iteration: 255, Loss: 0.10615531355142593
INFO:root:Epoch: 36, Iteration: 256, Loss: 0.12792818248271942
INFO:root:Epoch: 36, Iteration: 257, Loss: 0.10623772442340851
INFO:root:Epoch: 36, Iteration: 258, Loss: 0.10721581429243088
INFO:root:Epoch: 36, Iteration: 259, Loss: 0.1147843599319458
INFO:root:Validation set mIOU: 80.5228549484431
INFO:root:Epoch: 37, Iteration: 260, Loss: 0.10781832784414291
INFO:root:Epoch: 37, Iteration: 261, Loss: 0.09874041378498077
INFO:root:Epoch: 37, Iteration: 262, Loss: 0.1045391783118248
INFO:root:Epoch: 37, Iteration: 263, Loss: 0.13074590265750885
INFO:root:Epoch: 37, Iteration: 264, Loss: 0.10156853497028351
INFO:root:Epoch: 37, Iteration: 265, Loss: 0.10476557165384293
INFO:root:Epoch: 37, Iteration: 266, Loss: 0.10457279533147812
INFO:root:Validation set mIOU: 80.42214398889618
INFO:root:Epoch: 38, Iteration: 267, Loss: 0.09984726458787918
INFO:root:Epoch: 38, Iteration: 268, Loss: 0.09231314063072205
INFO:root:Epoch: 38, Iteration: 269, Loss: 0.13811735808849335
INFO:root:Epoch: 38, Iteration: 270, Loss: 0.12501603364944458
INFO:root:Epoch: 38, Iteration: 271, Loss: 0.08953830599784851
INFO:root:Epoch: 38, Iteration: 272, Loss: 0.10207727551460266
INFO:root:Epoch: 38, Iteration: 273, Loss: 0.11342059075832367
INFO:root:Validation set mIOU: 80.1848229921333
INFO:root:Epoch: 39, Iteration: 274, Loss: 0.09281980246305466
INFO:root:Epoch: 39, Iteration: 275, Loss: 0.08645739406347275
INFO:root:Epoch: 39, Iteration: 276, Loss: 0.15165016055107117
INFO:root:Epoch: 39, Iteration: 277, Loss: 0.13798585534095764
INFO:root:Epoch: 39, Iteration: 278, Loss: 0.11946666240692139
INFO:root:Epoch: 39, Iteration: 279, Loss: 0.09536442160606384
INFO:root:Epoch: 39, Iteration: 280, Loss: 0.10774113237857819
INFO:root:Validation set mIOU: 81.32774408664645
INFO:root:Epoch: 40, Iteration: 281, Loss: 0.12745551764965057
INFO:root:Epoch: 40, Iteration: 282, Loss: 0.08972728997468948
INFO:root:Epoch: 40, Iteration: 283, Loss: 0.09599611163139343
INFO:root:Epoch: 40, Iteration: 284, Loss: 0.10122064501047134
INFO:root:Epoch: 40, Iteration: 285, Loss: 0.10558300465345383
INFO:root:Epoch: 40, Iteration: 286, Loss: 0.12038234621286392
INFO:root:Epoch: 40, Iteration: 287, Loss: 0.09941601753234863
INFO:root:Validation set mIOU: 81.12948327075664
INFO:root:Epoch: 41, Iteration: 288, Loss: 0.10070331394672394
INFO:root:Epoch: 41, Iteration: 289, Loss: 0.08226162195205688
INFO:root:Epoch: 41, Iteration: 290, Loss: 0.1647750735282898
INFO:root:Epoch: 41, Iteration: 291, Loss: 0.0869375616312027
INFO:root:Epoch: 41, Iteration: 292, Loss: 0.09694748371839523
INFO:root:Epoch: 41, Iteration: 293, Loss: 0.13098576664924622
INFO:root:Epoch: 41, Iteration: 294, Loss: 0.09644032269716263
INFO:root:Validation set mIOU: 80.52143191890715
INFO:root:Epoch: 42, Iteration: 295, Loss: 0.09251383692026138
INFO:root:Epoch: 42, Iteration: 296, Loss: 0.09984683245420456
INFO:root:Epoch: 42, Iteration: 297, Loss: 0.10050284117460251
INFO:root:Epoch: 42, Iteration: 298, Loss: 0.10333900153636932
INFO:root:Epoch: 42, Iteration: 299, Loss: 0.09805354475975037
INFO:root:Epoch: 42, Iteration: 300, Loss: 0.09016023576259613
INFO:root:Epoch: 42, Iteration: 301, Loss: 0.1098136156797409
INFO:root:Validation set mIOU: 81.08711457435552
INFO:root:Epoch: 43, Iteration: 302, Loss: 0.12643277645111084
INFO:root:Epoch: 43, Iteration: 303, Loss: 0.09378869831562042
INFO:root:Epoch: 43, Iteration: 304, Loss: 0.12000105530023575
INFO:root:Epoch: 43, Iteration: 305, Loss: 0.08724600821733475
INFO:root:Epoch: 43, Iteration: 306, Loss: 0.09778747707605362
INFO:root:Epoch: 43, Iteration: 307, Loss: 0.1073206290602684
INFO:root:Epoch: 43, Iteration: 308, Loss: 0.09960874170064926
INFO:root:Validation set mIOU: 80.87359974012068
INFO:root:Epoch: 44, Iteration: 309, Loss: 0.1187458410859108
INFO:root:Epoch: 44, Iteration: 310, Loss: 0.10812871903181076
INFO:root:Epoch: 44, Iteration: 311, Loss: 0.08248528093099594
INFO:root:Epoch: 44, Iteration: 312, Loss: 0.10457239300012589
INFO:root:Epoch: 44, Iteration: 313, Loss: 0.1502881795167923
INFO:root:Epoch: 44, Iteration: 314, Loss: 0.08628132939338684
INFO:root:Epoch: 44, Iteration: 315, Loss: 0.09040158987045288
INFO:root:Validation set mIOU: 81.15571290626423
INFO:root:Epoch: 45, Iteration: 316, Loss: 0.11798004806041718
INFO:root:Epoch: 45, Iteration: 317, Loss: 0.12142332643270493
INFO:root:Epoch: 45, Iteration: 318, Loss: 0.09435573220252991
INFO:root:Epoch: 45, Iteration: 319, Loss: 0.10314935445785522
INFO:root:Epoch: 45, Iteration: 320, Loss: 0.11671935766935349
INFO:root:Epoch: 45, Iteration: 321, Loss: 0.11771862208843231
INFO:root:Epoch: 45, Iteration: 322, Loss: 0.1055397242307663
INFO:root:Validation set mIOU: 80.83832653229737
INFO:root:Epoch: 46, Iteration: 323, Loss: 0.1253742128610611
INFO:root:Epoch: 46, Iteration: 324, Loss: 0.09193188697099686
INFO:root:Epoch: 46, Iteration: 325, Loss: 0.10761264711618423
INFO:root:Epoch: 46, Iteration: 326, Loss: 0.12242336571216583
INFO:root:Epoch: 46, Iteration: 327, Loss: 0.08655654639005661
INFO:root:Epoch: 46, Iteration: 328, Loss: 0.08994825184345245
INFO:root:Epoch: 46, Iteration: 329, Loss: 0.09802805632352829
INFO:root:Validation set mIOU: 81.42281435759834
INFO:root:Epoch: 47, Iteration: 330, Loss: 0.11628681421279907
INFO:root:Epoch: 47, Iteration: 331, Loss: 0.08531345427036285
INFO:root:Epoch: 47, Iteration: 332, Loss: 0.1129753515124321
INFO:root:Epoch: 47, Iteration: 333, Loss: 0.11018169671297073
INFO:root:Epoch: 47, Iteration: 334, Loss: 0.09555324167013168
INFO:root:Epoch: 47, Iteration: 335, Loss: 0.1543944925069809
INFO:root:Epoch: 47, Iteration: 336, Loss: 0.11272238940000534
INFO:root:Validation set mIOU: 81.4018958997126
INFO:root:Epoch: 48, Iteration: 337, Loss: 0.1081099733710289
INFO:root:Epoch: 48, Iteration: 338, Loss: 0.08911828696727753
INFO:root:Epoch: 48, Iteration: 339, Loss: 0.15661193430423737
INFO:root:Epoch: 48, Iteration: 340, Loss: 0.0943579375743866
INFO:root:Epoch: 48, Iteration: 341, Loss: 0.10077490657567978
INFO:root:Epoch: 48, Iteration: 342, Loss: 0.08653846383094788
INFO:root:Epoch: 48, Iteration: 343, Loss: 0.14822708070278168
INFO:root:Validation set mIOU: 81.86734253812538
INFO:root:Epoch: 49, Iteration: 344, Loss: 0.11436443030834198
INFO:root:Epoch: 49, Iteration: 345, Loss: 0.11224861443042755
INFO:root:Epoch: 49, Iteration: 346, Loss: 0.11704344302415848
INFO:root:Epoch: 49, Iteration: 347, Loss: 0.09324793517589569
INFO:root:Epoch: 49, Iteration: 348, Loss: 0.1241067573428154
INFO:root:Epoch: 49, Iteration: 349, Loss: 0.13417015969753265
INFO:root:Epoch: 49, Iteration: 350, Loss: 0.10360661894083023
INFO:root:Validation set mIOU: 81.58008764105033
INFO:root:Epoch: 50, Iteration: 351, Loss: 0.12830540537834167
INFO:root:Epoch: 50, Iteration: 352, Loss: 0.113874152302742
INFO:root:Epoch: 50, Iteration: 353, Loss: 0.08287183195352554
INFO:root:Epoch: 50, Iteration: 354, Loss: 0.10506962239742279
INFO:root:Epoch: 50, Iteration: 355, Loss: 0.1112450361251831
INFO:root:Epoch: 50, Iteration: 356, Loss: 0.0859779417514801
INFO:root:Epoch: 50, Iteration: 357, Loss: 0.13131600618362427
INFO:root:Validation set mIOU: 82.89246103058451
INFO:root:Epoch: 51, Iteration: 358, Loss: 0.09825607389211655
INFO:root:Epoch: 51, Iteration: 359, Loss: 0.08520744740962982
INFO:root:Epoch: 51, Iteration: 360, Loss: 0.1022808700799942
INFO:root:Epoch: 51, Iteration: 361, Loss: 0.08710291981697083
INFO:root:Epoch: 51, Iteration: 362, Loss: 0.08643513172864914
INFO:root:Epoch: 51, Iteration: 363, Loss: 0.09387215971946716
INFO:root:Epoch: 51, Iteration: 364, Loss: 0.1063712015748024
INFO:root:Validation set mIOU: 82.47880593621116
INFO:root:Epoch: 52, Iteration: 365, Loss: 0.165447399020195
INFO:root:Epoch: 52, Iteration: 366, Loss: 0.0787607952952385
INFO:root:Epoch: 52, Iteration: 367, Loss: 0.0969378724694252
INFO:root:Epoch: 52, Iteration: 368, Loss: 0.104826420545578
INFO:root:Epoch: 52, Iteration: 369, Loss: 0.07921675592660904
INFO:root:Epoch: 52, Iteration: 370, Loss: 0.10279872268438339
INFO:root:Epoch: 52, Iteration: 371, Loss: 0.08607006818056107
INFO:root:Validation set mIOU: 80.74337054100319
INFO:root:Epoch: 53, Iteration: 372, Loss: 0.08704634755849838
INFO:root:Epoch: 53, Iteration: 373, Loss: 0.08873654156923294
INFO:root:Epoch: 53, Iteration: 374, Loss: 0.10199861973524094
INFO:root:Epoch: 53, Iteration: 375, Loss: 0.13103221356868744
INFO:root:Epoch: 53, Iteration: 376, Loss: 0.11437997967004776
INFO:root:Epoch: 53, Iteration: 377, Loss: 0.10931645333766937
INFO:root:Epoch: 53, Iteration: 378, Loss: 0.10369043052196503
INFO:root:Validation set mIOU: 82.08408705383798
INFO:root:Epoch: 54, Iteration: 379, Loss: 0.08171293139457703
INFO:root:Epoch: 54, Iteration: 380, Loss: 0.11583523452281952
INFO:root:Epoch: 54, Iteration: 381, Loss: 0.08976110816001892
INFO:root:Epoch: 54, Iteration: 382, Loss: 0.1083679273724556
INFO:root:Epoch: 54, Iteration: 383, Loss: 0.12362715601921082
INFO:root:Epoch: 54, Iteration: 384, Loss: 0.08824753016233444
INFO:root:Epoch: 54, Iteration: 385, Loss: 0.0880056768655777
INFO:root:Validation set mIOU: 83.02548425714856
INFO:root:Epoch: 55, Iteration: 386, Loss: 0.11884376406669617
INFO:root:Epoch: 55, Iteration: 387, Loss: 0.09138582646846771
INFO:root:Epoch: 55, Iteration: 388, Loss: 0.07711687684059143
INFO:root:Epoch: 55, Iteration: 389, Loss: 0.10690270364284515
INFO:root:Epoch: 55, Iteration: 390, Loss: 0.07714685052633286
INFO:root:Epoch: 55, Iteration: 391, Loss: 0.10528550297021866
INFO:root:Epoch: 55, Iteration: 392, Loss: 0.08719693124294281
INFO:root:Validation set mIOU: 82.72374238925178
INFO:root:Epoch: 56, Iteration: 393, Loss: 0.10987560451030731
INFO:root:Epoch: 56, Iteration: 394, Loss: 0.12840105593204498
INFO:root:Epoch: 56, Iteration: 395, Loss: 0.09112238883972168
INFO:root:Epoch: 56, Iteration: 396, Loss: 0.12094556540250778
INFO:root:Epoch: 56, Iteration: 397, Loss: 0.1064126119017601
INFO:root:Epoch: 56, Iteration: 398, Loss: 0.110037662088871
INFO:root:Epoch: 56, Iteration: 399, Loss: 0.08770690858364105
INFO:root:Validation set mIOU: 82.06655801305746
INFO:root:Epoch: 57, Iteration: 400, Loss: 0.12149692326784134
INFO:root:Epoch: 57, Iteration: 401, Loss: 0.08369588106870651
INFO:root:Epoch: 57, Iteration: 402, Loss: 0.10191725939512253
INFO:root:Epoch: 57, Iteration: 403, Loss: 0.0907742828130722
INFO:root:Epoch: 57, Iteration: 404, Loss: 0.09976518154144287
INFO:root:Epoch: 57, Iteration: 405, Loss: 0.12801989912986755
INFO:root:Epoch: 57, Iteration: 406, Loss: 0.10153778642416
INFO:root:Validation set mIOU: 80.812497331852
INFO:root:Epoch: 58, Iteration: 407, Loss: 0.10775218904018402
INFO:root:Epoch: 58, Iteration: 408, Loss: 0.10101741552352905
INFO:root:Epoch: 58, Iteration: 409, Loss: 0.08970969170331955
INFO:root:Epoch: 58, Iteration: 410, Loss: 0.11458723247051239
INFO:root:Epoch: 58, Iteration: 411, Loss: 0.08614084869623184
INFO:root:Epoch: 58, Iteration: 412, Loss: 0.09933341294527054
INFO:root:Epoch: 58, Iteration: 413, Loss: 0.11710435897111893
INFO:root:Validation set mIOU: 81.69201672821568
INFO:root:Epoch: 59, Iteration: 414, Loss: 0.11335314065217972
INFO:root:Epoch: 59, Iteration: 415, Loss: 0.11350157856941223
INFO:root:Epoch: 59, Iteration: 416, Loss: 0.08373202383518219
INFO:root:Epoch: 59, Iteration: 417, Loss: 0.10488072782754898
INFO:root:Epoch: 59, Iteration: 418, Loss: 0.0993238165974617
INFO:root:Epoch: 59, Iteration: 419, Loss: 0.07406790554523468
INFO:root:Epoch: 59, Iteration: 420, Loss: 0.11858516186475754
INFO:root:Validation set mIOU: 82.34625466257249
INFO:root:Epoch: 60, Iteration: 421, Loss: 0.11430144309997559
INFO:root:Epoch: 60, Iteration: 422, Loss: 0.0749611109495163
INFO:root:Epoch: 60, Iteration: 423, Loss: 0.10606221854686737
INFO:root:Epoch: 60, Iteration: 424, Loss: 0.08822322636842728
INFO:root:Epoch: 60, Iteration: 425, Loss: 0.12247882783412933
INFO:root:Epoch: 60, Iteration: 426, Loss: 0.08653229475021362
INFO:root:Epoch: 60, Iteration: 427, Loss: 0.1189928874373436
INFO:root:Validation set mIOU: 82.47303664320302
INFO:root:Epoch: 61, Iteration: 428, Loss: 0.11821913719177246
INFO:root:Epoch: 61, Iteration: 429, Loss: 0.11318771541118622
INFO:root:Epoch: 61, Iteration: 430, Loss: 0.07509621232748032
INFO:root:Epoch: 61, Iteration: 431, Loss: 0.13379469513893127
INFO:root:Epoch: 61, Iteration: 432, Loss: 0.09019234776496887
INFO:root:Epoch: 61, Iteration: 433, Loss: 0.10879198461771011
INFO:root:Epoch: 61, Iteration: 434, Loss: 0.12184273451566696
INFO:root:Validation set mIOU: 82.23147591754052
INFO:root:Epoch: 62, Iteration: 435, Loss: 0.11286532878875732
INFO:root:Epoch: 62, Iteration: 436, Loss: 0.1289646476507187
INFO:root:Epoch: 62, Iteration: 437, Loss: 0.08436556160449982
INFO:root:Epoch: 62, Iteration: 438, Loss: 0.12378513067960739
INFO:root:Epoch: 62, Iteration: 439, Loss: 0.09892616420984268
INFO:root:Epoch: 62, Iteration: 440, Loss: 0.10478128492832184
INFO:root:Epoch: 62, Iteration: 441, Loss: 0.08456282317638397
INFO:root:Validation set mIOU: 82.99865200708388
INFO:root:Epoch: 63, Iteration: 442, Loss: 0.09457159042358398
INFO:root:Epoch: 63, Iteration: 443, Loss: 0.09156597405672073
INFO:root:Epoch: 63, Iteration: 444, Loss: 0.0884307324886322
INFO:root:Epoch: 63, Iteration: 445, Loss: 0.1002672016620636
INFO:root:Epoch: 63, Iteration: 446, Loss: 0.10236480087041855
INFO:root:Epoch: 63, Iteration: 447, Loss: 0.09215343743562698
INFO:root:Epoch: 63, Iteration: 448, Loss: 0.09849699586629868
INFO:root:Validation set mIOU: 83.28364340389331
INFO:root:Epoch: 64, Iteration: 449, Loss: 0.08105313032865524
INFO:root:Epoch: 64, Iteration: 450, Loss: 0.0949522852897644
INFO:root:Epoch: 64, Iteration: 451, Loss: 0.10836663842201233
INFO:root:Epoch: 64, Iteration: 452, Loss: 0.10006394982337952
INFO:root:Epoch: 64, Iteration: 453, Loss: 0.09610448032617569
INFO:root:Epoch: 64, Iteration: 454, Loss: 0.11914774030447006
INFO:root:Epoch: 64, Iteration: 455, Loss: 0.08118467777967453
INFO:root:Validation set mIOU: 82.56086644269442
INFO:root:Epoch: 65, Iteration: 456, Loss: 0.0851459875702858
INFO:root:Epoch: 65, Iteration: 457, Loss: 0.12366589903831482
INFO:root:Epoch: 65, Iteration: 458, Loss: 0.07260245084762573
INFO:root:Epoch: 65, Iteration: 459, Loss: 0.11181704699993134
INFO:root:Epoch: 65, Iteration: 460, Loss: 0.08065196871757507
INFO:root:Epoch: 65, Iteration: 461, Loss: 0.11180493235588074
INFO:root:Epoch: 65, Iteration: 462, Loss: 0.10171663016080856
INFO:root:Validation set mIOU: 81.76718221783406
INFO:root:Epoch: 66, Iteration: 463, Loss: 0.09085561335086823
INFO:root:Epoch: 66, Iteration: 464, Loss: 0.09993509948253632
INFO:root:Epoch: 66, Iteration: 465, Loss: 0.09086715430021286
INFO:root:Epoch: 66, Iteration: 466, Loss: 0.10931519418954849
INFO:root:Epoch: 66, Iteration: 467, Loss: 0.09930510818958282
INFO:root:Epoch: 66, Iteration: 468, Loss: 0.1115153506398201
INFO:root:Epoch: 66, Iteration: 469, Loss: 0.09243559837341309
INFO:root:Validation set mIOU: 82.59347738527426
INFO:root:Epoch: 67, Iteration: 470, Loss: 0.08268631249666214
INFO:root:Epoch: 67, Iteration: 471, Loss: 0.08480362594127655
INFO:root:Epoch: 67, Iteration: 472, Loss: 0.11106681823730469
INFO:root:Epoch: 67, Iteration: 473, Loss: 0.07065469771623611
INFO:root:Epoch: 67, Iteration: 474, Loss: 0.1010318174958229
INFO:root:Epoch: 67, Iteration: 475, Loss: 0.09730634838342667
INFO:root:Epoch: 67, Iteration: 476, Loss: 0.08686810731887817
INFO:root:Validation set mIOU: 83.05011373410137
INFO:root:Epoch: 68, Iteration: 477, Loss: 0.10407593101263046
INFO:root:Epoch: 68, Iteration: 478, Loss: 0.10597517341375351
INFO:root:Epoch: 68, Iteration: 479, Loss: 0.10438195616006851
INFO:root:Epoch: 68, Iteration: 480, Loss: 0.10102905333042145
INFO:root:Epoch: 68, Iteration: 481, Loss: 0.10026402026414871
INFO:root:Epoch: 68, Iteration: 482, Loss: 0.07739578187465668
INFO:root:Epoch: 68, Iteration: 483, Loss: 0.1224488765001297
INFO:root:Validation set mIOU: 82.72753091815889
INFO:root:Epoch: 69, Iteration: 484, Loss: 0.0879671573638916
INFO:root:Epoch: 69, Iteration: 485, Loss: 0.09743061661720276
INFO:root:Epoch: 69, Iteration: 486, Loss: 0.10932279378175735
INFO:root:Epoch: 69, Iteration: 487, Loss: 0.08181021362543106
INFO:root:Epoch: 69, Iteration: 488, Loss: 0.08007622510194778
INFO:root:Epoch: 69, Iteration: 489, Loss: 0.08583446592092514
INFO:root:Epoch: 69, Iteration: 490, Loss: 0.10969886183738708
INFO:root:Validation set mIOU: 81.49452687551073
INFO:root:Epoch: 70, Iteration: 491, Loss: 0.10454189777374268
INFO:root:Epoch: 70, Iteration: 492, Loss: 0.10066502541303635
INFO:root:Epoch: 70, Iteration: 493, Loss: 0.11648275703191757
INFO:root:Epoch: 70, Iteration: 494, Loss: 0.11568915098905563
INFO:root:Epoch: 70, Iteration: 495, Loss: 0.09962133318185806
INFO:root:Epoch: 70, Iteration: 496, Loss: 0.09220433980226517
INFO:root:Epoch: 70, Iteration: 497, Loss: 0.09302476793527603
INFO:root:Validation set mIOU: 81.80725342272191
INFO:root:Epoch: 71, Iteration: 498, Loss: 0.12287852168083191
INFO:root:Epoch: 71, Iteration: 499, Loss: 0.10213582962751389
INFO:root:Epoch: 71, Iteration: 500, Loss: 0.10962465405464172
INFO:root:Epoch: 71, Iteration: 501, Loss: 0.12967707216739655
INFO:root:Epoch: 71, Iteration: 502, Loss: 0.08941925317049026
INFO:root:Epoch: 71, Iteration: 503, Loss: 0.09050600230693817
INFO:root:Epoch: 71, Iteration: 504, Loss: 0.08118344098329544
INFO:root:Validation set mIOU: 82.42282344100715
INFO:root:Epoch: 72, Iteration: 505, Loss: 0.09035997837781906
INFO:root:Epoch: 72, Iteration: 506, Loss: 0.10861668735742569
INFO:root:Epoch: 72, Iteration: 507, Loss: 0.10131300240755081
INFO:root:Epoch: 72, Iteration: 508, Loss: 0.0783156082034111
INFO:root:Epoch: 72, Iteration: 509, Loss: 0.10471188277006149
INFO:root:Epoch: 72, Iteration: 510, Loss: 0.08970664441585541
INFO:root:Epoch: 72, Iteration: 511, Loss: 0.0979807898402214
INFO:root:Validation set mIOU: 81.90373716987934
INFO:root:Epoch: 73, Iteration: 512, Loss: 0.09037520736455917
INFO:root:Epoch: 73, Iteration: 513, Loss: 0.09168228507041931
INFO:root:Epoch: 73, Iteration: 514, Loss: 0.12360760569572449
INFO:root:Epoch: 73, Iteration: 515, Loss: 0.08830317854881287
INFO:root:Epoch: 73, Iteration: 516, Loss: 0.08734263479709625
INFO:root:Epoch: 73, Iteration: 517, Loss: 0.07788366824388504
INFO:root:Epoch: 73, Iteration: 518, Loss: 0.0937986820936203
INFO:root:Validation set mIOU: 81.57669935917022
INFO:root:Epoch: 74, Iteration: 519, Loss: 0.09107519686222076
INFO:root:Epoch: 74, Iteration: 520, Loss: 0.07887144386768341
INFO:root:Epoch: 74, Iteration: 521, Loss: 0.07180710881948471
INFO:root:Epoch: 74, Iteration: 522, Loss: 0.09263171255588531
INFO:root:Epoch: 74, Iteration: 523, Loss: 0.09891428053379059
INFO:root:Epoch: 74, Iteration: 524, Loss: 0.10347320139408112
INFO:root:Epoch: 74, Iteration: 525, Loss: 0.07976198941469193
INFO:root:Validation set mIOU: 82.21171286754104
INFO:root:Epoch: 75, Iteration: 526, Loss: 0.09252376854419708
INFO:root:Epoch: 75, Iteration: 527, Loss: 0.07126807421445847
INFO:root:Epoch: 75, Iteration: 528, Loss: 0.09914591163396835
INFO:root:Epoch: 75, Iteration: 529, Loss: 0.09759034216403961
INFO:root:Epoch: 75, Iteration: 530, Loss: 0.08542205393314362
INFO:root:Epoch: 75, Iteration: 531, Loss: 0.07012449204921722
INFO:root:Epoch: 75, Iteration: 532, Loss: 0.08925998210906982
INFO:root:Validation set mIOU: 82.32939839884106
INFO:root:Epoch: 76, Iteration: 533, Loss: 0.10736891627311707
INFO:root:Epoch: 76, Iteration: 534, Loss: 0.10063571482896805
INFO:root:Epoch: 76, Iteration: 535, Loss: 0.10115417838096619
INFO:root:Epoch: 76, Iteration: 536, Loss: 0.08488482236862183
INFO:root:Epoch: 76, Iteration: 537, Loss: 0.08143006265163422
INFO:root:Epoch: 76, Iteration: 538, Loss: 0.10441388189792633
INFO:root:Epoch: 76, Iteration: 539, Loss: 0.10313436388969421
INFO:root:Validation set mIOU: 83.06878073051723
INFO:root:Epoch: 77, Iteration: 540, Loss: 0.097215436398983
INFO:root:Epoch: 77, Iteration: 541, Loss: 0.11127415299415588
INFO:root:Epoch: 77, Iteration: 542, Loss: 0.0877407044172287
INFO:root:Epoch: 77, Iteration: 543, Loss: 0.08902855962514877
INFO:root:Epoch: 77, Iteration: 544, Loss: 0.08568810671567917
INFO:root:Epoch: 77, Iteration: 545, Loss: 0.08346336334943771
INFO:root:Epoch: 77, Iteration: 546, Loss: 0.11702334880828857
INFO:root:Validation set mIOU: 82.30762059332801
INFO:root:Epoch: 78, Iteration: 547, Loss: 0.09176283329725266
INFO:root:Epoch: 78, Iteration: 548, Loss: 0.11607519537210464
INFO:root:Epoch: 78, Iteration: 549, Loss: 0.08504627645015717
INFO:root:Epoch: 78, Iteration: 550, Loss: 0.08302044123411179
INFO:root:Epoch: 78, Iteration: 551, Loss: 0.0899452269077301
INFO:root:Epoch: 78, Iteration: 552, Loss: 0.08714796602725983
INFO:root:Epoch: 78, Iteration: 553, Loss: 0.08992039412260056
INFO:root:Validation set mIOU: 82.23579649828409
INFO:root:Epoch: 79, Iteration: 554, Loss: 0.09804193675518036
INFO:root:Epoch: 79, Iteration: 555, Loss: 0.09314163774251938
INFO:root:Epoch: 79, Iteration: 556, Loss: 0.09026625752449036
INFO:root:Epoch: 79, Iteration: 557, Loss: 0.06458909064531326
INFO:root:Epoch: 79, Iteration: 558, Loss: 0.08895416557788849
INFO:root:Epoch: 79, Iteration: 559, Loss: 0.10305515676736832
INFO:root:Epoch: 79, Iteration: 560, Loss: 0.17474964261054993
INFO:root:Validation set mIOU: 82.11224894154644
INFO:root:Epoch: 80, Iteration: 561, Loss: 0.12086201459169388
INFO:root:Epoch: 80, Iteration: 562, Loss: 0.08776602894067764
INFO:root:Epoch: 80, Iteration: 563, Loss: 0.10948383808135986
INFO:root:Epoch: 80, Iteration: 564, Loss: 0.09308378398418427
INFO:root:Epoch: 80, Iteration: 565, Loss: 0.08755717426538467
INFO:root:Epoch: 80, Iteration: 566, Loss: 0.11662774533033371
INFO:root:Epoch: 80, Iteration: 567, Loss: 0.08266623318195343
INFO:root:Validation set mIOU: 82.07594631066395
INFO:root:Epoch: 81, Iteration: 568, Loss: 0.08059696853160858
INFO:root:Epoch: 81, Iteration: 569, Loss: 0.09461649507284164
INFO:root:Epoch: 81, Iteration: 570, Loss: 0.09881723672151566
INFO:root:Epoch: 81, Iteration: 571, Loss: 0.08924491703510284
INFO:root:Epoch: 81, Iteration: 572, Loss: 0.07369883358478546
INFO:root:Epoch: 81, Iteration: 573, Loss: 0.0958663672208786
INFO:root:Epoch: 81, Iteration: 574, Loss: 0.06708163022994995
INFO:root:Validation set mIOU: 82.61463248533005
INFO:root:Epoch: 82, Iteration: 575, Loss: 0.07528940588235855
INFO:root:Epoch: 82, Iteration: 576, Loss: 0.08704888820648193
INFO:root:Epoch: 82, Iteration: 577, Loss: 0.11223100125789642
INFO:root:Epoch: 82, Iteration: 578, Loss: 0.09922970831394196
INFO:root:Epoch: 82, Iteration: 579, Loss: 0.08715057373046875
INFO:root:Epoch: 82, Iteration: 580, Loss: 0.06850400567054749
INFO:root:Epoch: 82, Iteration: 581, Loss: 0.09856628626585007
INFO:root:Validation set mIOU: 82.89523857728177
INFO:root:Epoch: 83, Iteration: 582, Loss: 0.08727532625198364
INFO:root:Epoch: 83, Iteration: 583, Loss: 0.10653029382228851
INFO:root:Epoch: 83, Iteration: 584, Loss: 0.09356177598237991
INFO:root:Epoch: 83, Iteration: 585, Loss: 0.08951131999492645
INFO:root:Epoch: 83, Iteration: 586, Loss: 0.0801125094294548
INFO:root:Epoch: 83, Iteration: 587, Loss: 0.09296759963035583
INFO:root:Epoch: 83, Iteration: 588, Loss: 0.11823897808790207
INFO:root:Validation set mIOU: 82.73788387184361
INFO:root:Epoch: 84, Iteration: 589, Loss: 0.09201831370592117
INFO:root:Epoch: 84, Iteration: 590, Loss: 0.10077749937772751
INFO:root:Epoch: 84, Iteration: 591, Loss: 0.12317433953285217
INFO:root:Epoch: 84, Iteration: 592, Loss: 0.09606397897005081
INFO:root:Epoch: 84, Iteration: 593, Loss: 0.07946851849555969
INFO:root:Epoch: 84, Iteration: 594, Loss: 0.0874972939491272
INFO:root:Epoch: 84, Iteration: 595, Loss: 0.12492674589157104
INFO:root:Validation set mIOU: 82.48427690954644
INFO:root:Epoch: 85, Iteration: 596, Loss: 0.0955338403582573
INFO:root:Epoch: 85, Iteration: 597, Loss: 0.08439742773771286
INFO:root:Epoch: 85, Iteration: 598, Loss: 0.07412588596343994
INFO:root:Epoch: 85, Iteration: 599, Loss: 0.09897739440202713
INFO:root:Epoch: 85, Iteration: 600, Loss: 0.09411866962909698
INFO:root:Epoch: 85, Iteration: 601, Loss: 0.09749302268028259
INFO:root:Epoch: 85, Iteration: 602, Loss: 0.09899444133043289
INFO:root:Validation set mIOU: 82.73442938255413
INFO:root:Epoch: 86, Iteration: 603, Loss: 0.09914414584636688
INFO:root:Epoch: 86, Iteration: 604, Loss: 0.06881768256425858
INFO:root:Epoch: 86, Iteration: 605, Loss: 0.07941388338804245
INFO:root:Epoch: 86, Iteration: 606, Loss: 0.09944178909063339
INFO:root:Epoch: 86, Iteration: 607, Loss: 0.1010405421257019
INFO:root:Epoch: 86, Iteration: 608, Loss: 0.09689158946275711
INFO:root:Epoch: 86, Iteration: 609, Loss: 0.08350784331560135
INFO:root:Validation set mIOU: 82.68345547939563
INFO:root:Epoch: 87, Iteration: 610, Loss: 0.0965423583984375
INFO:root:Epoch: 87, Iteration: 611, Loss: 0.0742887407541275
INFO:root:Epoch: 87, Iteration: 612, Loss: 0.08184134215116501
INFO:root:Epoch: 87, Iteration: 613, Loss: 0.11510492861270905
INFO:root:Epoch: 87, Iteration: 614, Loss: 0.09657550603151321
INFO:root:Epoch: 87, Iteration: 615, Loss: 0.08593390136957169
INFO:root:Epoch: 87, Iteration: 616, Loss: 0.08710150420665741
INFO:root:Validation set mIOU: 82.86238580227038
INFO:root:Epoch: 88, Iteration: 617, Loss: 0.08930587768554688
INFO:root:Epoch: 88, Iteration: 618, Loss: 0.08462078124284744
INFO:root:Epoch: 88, Iteration: 619, Loss: 0.12209150195121765
INFO:root:Epoch: 88, Iteration: 620, Loss: 0.09141163527965546
INFO:root:Epoch: 88, Iteration: 621, Loss: 0.07152734696865082
INFO:root:Epoch: 88, Iteration: 622, Loss: 0.09156288951635361
INFO:root:Epoch: 88, Iteration: 623, Loss: 0.08561108261346817
INFO:root:Validation set mIOU: 82.76513166769753
INFO:root:Epoch: 89, Iteration: 624, Loss: 0.11674975603818893
INFO:root:Epoch: 89, Iteration: 625, Loss: 0.0731503814458847
INFO:root:Epoch: 89, Iteration: 626, Loss: 0.0937158614397049
INFO:root:Epoch: 89, Iteration: 627, Loss: 0.08305326104164124
INFO:root:Epoch: 89, Iteration: 628, Loss: 0.08909453451633453
INFO:root:Epoch: 89, Iteration: 629, Loss: 0.07656975835561752
INFO:root:Epoch: 89, Iteration: 630, Loss: 0.09820524603128433
INFO:root:Validation set mIOU: 82.24546407570284
INFO:root:Epoch: 90, Iteration: 631, Loss: 0.09576716274023056
INFO:root:Epoch: 90, Iteration: 632, Loss: 0.08392612636089325
INFO:root:Epoch: 90, Iteration: 633, Loss: 0.09596046060323715
INFO:root:Epoch: 90, Iteration: 634, Loss: 0.10499122738838196
INFO:root:Epoch: 90, Iteration: 635, Loss: 0.09150313585996628
INFO:root:Epoch: 90, Iteration: 636, Loss: 0.10028675198554993
INFO:root:Epoch: 90, Iteration: 637, Loss: 0.08365973830223083
INFO:root:Validation set mIOU: 82.33306836700791
INFO:root:Epoch: 91, Iteration: 638, Loss: 0.09165537357330322
INFO:root:Epoch: 91, Iteration: 639, Loss: 0.10669437795877457
INFO:root:Epoch: 91, Iteration: 640, Loss: 0.09299611300230026
INFO:root:Epoch: 91, Iteration: 641, Loss: 0.071478471159935
INFO:root:Epoch: 91, Iteration: 642, Loss: 0.12316525727510452
INFO:root:Epoch: 91, Iteration: 643, Loss: 0.12316792458295822
INFO:root:Epoch: 91, Iteration: 644, Loss: 0.07765018939971924
INFO:root:Validation set mIOU: 82.68859467366941
INFO:root:Epoch: 92, Iteration: 645, Loss: 0.07969994097948074
INFO:root:Epoch: 92, Iteration: 646, Loss: 0.08607533574104309
INFO:root:Epoch: 92, Iteration: 647, Loss: 0.09314975887537003
INFO:root:Epoch: 92, Iteration: 648, Loss: 0.12310449033975601
INFO:root:Epoch: 92, Iteration: 649, Loss: 0.08645845949649811
INFO:root:Epoch: 92, Iteration: 650, Loss: 0.10206972062587738
INFO:root:Epoch: 92, Iteration: 651, Loss: 0.08758054673671722
INFO:root:Validation set mIOU: 82.57019979941657
INFO:root:Epoch: 93, Iteration: 652, Loss: 0.0724390372633934
INFO:root:Epoch: 93, Iteration: 653, Loss: 0.06976188719272614
INFO:root:Epoch: 93, Iteration: 654, Loss: 0.08198127895593643
INFO:root:Epoch: 93, Iteration: 655, Loss: 0.09666002541780472
INFO:root:Epoch: 93, Iteration: 656, Loss: 0.08105465024709702
INFO:root:Epoch: 93, Iteration: 657, Loss: 0.08841555565595627
INFO:root:Epoch: 93, Iteration: 658, Loss: 0.12679196894168854
INFO:root:Validation set mIOU: 82.45336639140511
INFO:root:Epoch: 94, Iteration: 659, Loss: 0.1118306890130043
INFO:root:Epoch: 94, Iteration: 660, Loss: 0.077811099588871
INFO:root:Epoch: 94, Iteration: 661, Loss: 0.09958358854055405
INFO:root:Epoch: 94, Iteration: 662, Loss: 0.07584264874458313
INFO:root:Epoch: 94, Iteration: 663, Loss: 0.08598198741674423
INFO:root:Epoch: 94, Iteration: 664, Loss: 0.08773552626371384
INFO:root:Epoch: 94, Iteration: 665, Loss: 0.08292344957590103
INFO:root:Validation set mIOU: 82.50863425506128
INFO:root:Epoch: 95, Iteration: 666, Loss: 0.08880766481161118
INFO:root:Epoch: 95, Iteration: 667, Loss: 0.09536691009998322
INFO:root:Epoch: 95, Iteration: 668, Loss: 0.0932665467262268
INFO:root:Epoch: 95, Iteration: 669, Loss: 0.07259880006313324
INFO:root:Epoch: 95, Iteration: 670, Loss: 0.1040443703532219
INFO:root:Epoch: 95, Iteration: 671, Loss: 0.07209410518407822
INFO:root:Epoch: 95, Iteration: 672, Loss: 0.11411213874816895
INFO:root:Validation set mIOU: 82.45016857560798
INFO:root:Epoch: 96, Iteration: 673, Loss: 0.079643115401268
INFO:root:Epoch: 96, Iteration: 674, Loss: 0.09443775564432144
INFO:root:Epoch: 96, Iteration: 675, Loss: 0.1140875369310379
INFO:root:Epoch: 96, Iteration: 676, Loss: 0.09866026788949966
INFO:root:Epoch: 96, Iteration: 677, Loss: 0.0964440181851387
INFO:root:Epoch: 96, Iteration: 678, Loss: 0.09960369020700455
INFO:root:Epoch: 96, Iteration: 679, Loss: 0.09428925812244415
INFO:root:Validation set mIOU: 82.23175121446164
INFO:root:Epoch: 97, Iteration: 680, Loss: 0.09266723692417145
INFO:root:Epoch: 97, Iteration: 681, Loss: 0.0755394995212555
INFO:root:Epoch: 97, Iteration: 682, Loss: 0.10530772060155869
INFO:root:Epoch: 97, Iteration: 683, Loss: 0.07028015702962875
INFO:root:Epoch: 97, Iteration: 684, Loss: 0.11727876216173172
INFO:root:Epoch: 97, Iteration: 685, Loss: 0.11419505625963211
INFO:root:Epoch: 97, Iteration: 686, Loss: 0.13551220297813416
INFO:root:Validation set mIOU: 82.07398859918095
INFO:root:Epoch: 98, Iteration: 687, Loss: 0.12347077578306198
INFO:root:Epoch: 98, Iteration: 688, Loss: 0.1902017891407013
INFO:root:Epoch: 98, Iteration: 689, Loss: 0.08861605077981949
INFO:root:Epoch: 98, Iteration: 690, Loss: 0.07911445200443268
INFO:root:Epoch: 98, Iteration: 691, Loss: 0.09314661473035812
INFO:root:Epoch: 98, Iteration: 692, Loss: 0.061852362006902695
INFO:root:Epoch: 98, Iteration: 693, Loss: 0.07811504602432251
INFO:root:Validation set mIOU: 82.34354014686895
INFO:root:Epoch: 99, Iteration: 694, Loss: 0.08107411116361618
INFO:root:Epoch: 99, Iteration: 695, Loss: 0.09221403300762177
INFO:root:Epoch: 99, Iteration: 696, Loss: 0.08565016835927963
INFO:root:Epoch: 99, Iteration: 697, Loss: 0.0861961767077446
INFO:root:Epoch: 99, Iteration: 698, Loss: 0.08927400410175323
INFO:root:Epoch: 99, Iteration: 699, Loss: 0.09077998250722885
INFO:root:Epoch: 99, Iteration: 700, Loss: 0.09074313193559647
INFO:root:Validation set mIOU: 82.46030240637654
