INFO:root:{'addition': 'no_noisy',
 'backbone': 'resnet50',
 'batch_size': 16,
 'batch_size_consistency': 16,
 'conf_thres': 0.95,
 'config': 'configs/dataset2.yaml',
 'consistency_training': False,
 'crop_size': 320,
 'data_root': './',
 'dataset': 'dataset2',
 'epochs': 100,
 'labeled_id_path': 'dataset/splits/dataset2/1_4/split_no_noisy/labeled.txt',
 'lr': 0.0009,
 'model': 'pspnet',
 'ngpus': 1,
 'plus': False,
 'pseudo_consistency_mask_path': None,
 'pseudo_mask_path': 'outdir/pseudo_masks/dataset2/1_4/split_no_noisy/pspnet/resnet50/no_noisy/self_training/non_consistency_training/second_time',
 'rand_thres': 0.8,
 'reliable_id_path': None,
 'save_path': 'outdir/models/dataset2/1_4/split_no_noisy/pspnet/resnet50/no_noisy/self_training/non_consistency_training/second_time',
 'time': 2,
 'unlabeled_id_path': 'dataset/splits/dataset2/1_4/split_no_noisy/unlabeled.txt',
 'warm_up': 30}

INFO:root:Training supervised with consistency on unlabeled images
INFO:root:Epoch: 0, Iteration: 1, Loss: 1.2075916528701782
INFO:root:Epoch: 0, Iteration: 2, Loss: 0.8098114728927612
INFO:root:Validation set mIOU: 37.80670657965535
INFO:root:Epoch: 1, Iteration: 3, Loss: 0.512628972530365
INFO:root:Epoch: 1, Iteration: 4, Loss: 0.43056952953338623
INFO:root:Validation set mIOU: 58.761293217213215
INFO:root:Epoch: 2, Iteration: 5, Loss: 0.4323961138725281
INFO:root:Epoch: 2, Iteration: 6, Loss: 0.3626288175582886
INFO:root:Validation set mIOU: 59.22492288519853
INFO:root:Epoch: 3, Iteration: 7, Loss: 0.3690214455127716
INFO:root:Epoch: 3, Iteration: 8, Loss: 0.2940407991409302
INFO:root:Validation set mIOU: 59.46826420663073
INFO:root:Epoch: 4, Iteration: 9, Loss: 0.24860669672489166
INFO:root:Epoch: 4, Iteration: 10, Loss: 0.2878412902355194
INFO:root:Validation set mIOU: 56.63922577250477
INFO:root:Epoch: 5, Iteration: 11, Loss: 0.24220958352088928
INFO:root:Epoch: 5, Iteration: 12, Loss: 0.2717815339565277
INFO:root:Validation set mIOU: 56.270166482150955
INFO:root:Epoch: 6, Iteration: 13, Loss: 0.2614806294441223
INFO:root:Epoch: 6, Iteration: 14, Loss: 0.22525687515735626
INFO:root:Validation set mIOU: 55.87207031536746
INFO:root:Epoch: 7, Iteration: 15, Loss: 0.21133139729499817
INFO:root:Epoch: 7, Iteration: 16, Loss: 0.23723743855953217
INFO:root:Validation set mIOU: 57.918080166005204
INFO:root:Epoch: 8, Iteration: 17, Loss: 0.22573955357074738
INFO:root:Epoch: 8, Iteration: 18, Loss: 0.19590473175048828
INFO:root:Validation set mIOU: 61.55828535690059
INFO:root:Epoch: 9, Iteration: 19, Loss: 0.21687866747379303
INFO:root:Epoch: 9, Iteration: 20, Loss: 0.2164340317249298
INFO:root:Validation set mIOU: 63.657036071172456
INFO:root:Epoch: 10, Iteration: 21, Loss: 0.20627853274345398
INFO:root:Epoch: 10, Iteration: 22, Loss: 0.2677782475948334
INFO:root:Validation set mIOU: 65.3729851090293
INFO:root:Epoch: 11, Iteration: 23, Loss: 0.19345149397850037
INFO:root:Epoch: 11, Iteration: 24, Loss: 0.18998512625694275
INFO:root:Validation set mIOU: 65.83277811112144
INFO:root:Epoch: 12, Iteration: 25, Loss: 0.18473504483699799
INFO:root:Epoch: 12, Iteration: 26, Loss: 0.19427236914634705
INFO:root:Validation set mIOU: 66.7598418233543
INFO:root:Epoch: 13, Iteration: 27, Loss: 0.18691197037696838
INFO:root:Epoch: 13, Iteration: 28, Loss: 0.17318737506866455
INFO:root:Validation set mIOU: 67.58764574324972
INFO:root:Epoch: 14, Iteration: 29, Loss: 0.1758996993303299
INFO:root:Epoch: 14, Iteration: 30, Loss: 0.1548362523317337
INFO:root:Validation set mIOU: 67.7124539598737
INFO:root:Epoch: 15, Iteration: 31, Loss: 0.16224198043346405
INFO:root:Epoch: 15, Iteration: 32, Loss: 0.170106440782547
INFO:root:Validation set mIOU: 67.31448678096893
INFO:root:Epoch: 16, Iteration: 33, Loss: 0.1672385036945343
INFO:root:Epoch: 16, Iteration: 34, Loss: 0.16710779070854187
INFO:root:Validation set mIOU: 67.75446232059896
INFO:root:Epoch: 17, Iteration: 35, Loss: 0.17357021570205688
INFO:root:Epoch: 17, Iteration: 36, Loss: 0.18459707498550415
INFO:root:Validation set mIOU: 67.79897890483748
INFO:root:Epoch: 18, Iteration: 37, Loss: 0.16339345276355743
INFO:root:Epoch: 18, Iteration: 38, Loss: 0.17191171646118164
INFO:root:Validation set mIOU: 68.00983133464024
INFO:root:Epoch: 19, Iteration: 39, Loss: 0.14836259186267853
INFO:root:Epoch: 19, Iteration: 40, Loss: 0.15263409912586212
INFO:root:Validation set mIOU: 67.06555843088618
INFO:root:Epoch: 20, Iteration: 41, Loss: 0.1661612093448639
INFO:root:Epoch: 20, Iteration: 42, Loss: 0.16258154809474945
INFO:root:Validation set mIOU: 66.61694795247998
INFO:root:Epoch: 21, Iteration: 43, Loss: 0.14162734150886536
INFO:root:Epoch: 21, Iteration: 44, Loss: 0.14980174601078033
INFO:root:Validation set mIOU: 67.73608682204461
INFO:root:Epoch: 22, Iteration: 45, Loss: 0.21024134755134583
INFO:root:Epoch: 22, Iteration: 46, Loss: 0.13607661426067352
INFO:root:Validation set mIOU: 68.79969895951129
INFO:root:Epoch: 23, Iteration: 47, Loss: 0.15610280632972717
INFO:root:Epoch: 23, Iteration: 48, Loss: 0.15190482139587402
INFO:root:Validation set mIOU: 69.43746038423593
INFO:root:Epoch: 24, Iteration: 49, Loss: 0.14063939452171326
INFO:root:Epoch: 24, Iteration: 50, Loss: 0.13517193496227264
INFO:root:Validation set mIOU: 68.92039636305583
INFO:root:Epoch: 25, Iteration: 51, Loss: 0.1479637324810028
INFO:root:Epoch: 25, Iteration: 52, Loss: 0.14231914281845093
INFO:root:Validation set mIOU: 68.60106263724822
INFO:root:Epoch: 26, Iteration: 53, Loss: 0.1727340817451477
INFO:root:Epoch: 26, Iteration: 54, Loss: 0.14261411130428314
INFO:root:Validation set mIOU: 69.76687569990796
INFO:root:Epoch: 27, Iteration: 55, Loss: 0.15270845592021942
INFO:root:Epoch: 27, Iteration: 56, Loss: 0.13569286465644836
INFO:root:Validation set mIOU: 69.25809788310869
INFO:root:Epoch: 28, Iteration: 57, Loss: 0.13036134839057922
INFO:root:Epoch: 28, Iteration: 58, Loss: 0.13152103126049042
INFO:root:Validation set mIOU: 68.87045386525944
INFO:root:Epoch: 29, Iteration: 59, Loss: 0.1175994724035263
INFO:root:Epoch: 29, Iteration: 60, Loss: 0.1494206339120865
INFO:root:Validation set mIOU: 69.38362831205337
INFO:root:Epoch: 30, Iteration: 61, Loss: 0.14526446163654327
INFO:root:Epoch: 30, Iteration: 62, Loss: 0.12028289586305618
INFO:root:Validation set mIOU: 70.12632799549331
INFO:root:Epoch: 31, Iteration: 63, Loss: 0.159338116645813
INFO:root:Epoch: 31, Iteration: 64, Loss: 0.1287027895450592
INFO:root:Validation set mIOU: 71.20088347446055
INFO:root:Epoch: 32, Iteration: 65, Loss: 0.19041922688484192
INFO:root:Epoch: 32, Iteration: 66, Loss: 0.1424398273229599
INFO:root:Validation set mIOU: 71.31931743811592
INFO:root:Epoch: 33, Iteration: 67, Loss: 0.16167737543582916
INFO:root:Epoch: 33, Iteration: 68, Loss: 0.13209345936775208
INFO:root:Validation set mIOU: 71.30366418138317
INFO:root:Epoch: 34, Iteration: 69, Loss: 0.1549091935157776
INFO:root:Epoch: 34, Iteration: 70, Loss: 0.12436685711145401
INFO:root:Validation set mIOU: 71.6258854179575
INFO:root:Epoch: 35, Iteration: 71, Loss: 0.11655517667531967
INFO:root:Epoch: 35, Iteration: 72, Loss: 0.11477013677358627
INFO:root:Validation set mIOU: 71.27969976551864
INFO:root:Epoch: 36, Iteration: 73, Loss: 0.17370499670505524
INFO:root:Epoch: 36, Iteration: 74, Loss: 0.14122484624385834
INFO:root:Validation set mIOU: 70.77508459005315
INFO:root:Epoch: 37, Iteration: 75, Loss: 0.12000223249197006
INFO:root:Epoch: 37, Iteration: 76, Loss: 0.13248147070407867
INFO:root:Validation set mIOU: 69.93398588627744
INFO:root:Epoch: 38, Iteration: 77, Loss: 0.11950390040874481
INFO:root:Epoch: 38, Iteration: 78, Loss: 0.11924176663160324
INFO:root:Validation set mIOU: 69.5852211539604
INFO:root:Epoch: 39, Iteration: 79, Loss: 0.1471945196390152
INFO:root:Epoch: 39, Iteration: 80, Loss: 0.12270321696996689
INFO:root:Validation set mIOU: 70.03682462762765
INFO:root:Epoch: 40, Iteration: 81, Loss: 0.12982158362865448
INFO:root:Epoch: 40, Iteration: 82, Loss: 0.14794646203517914
INFO:root:Validation set mIOU: 71.07128531051266
INFO:root:Epoch: 41, Iteration: 83, Loss: 0.10587766021490097
INFO:root:Epoch: 41, Iteration: 84, Loss: 0.12292825430631638
INFO:root:Validation set mIOU: 71.6216887535559
INFO:root:Epoch: 42, Iteration: 85, Loss: 0.1272573471069336
INFO:root:Epoch: 42, Iteration: 86, Loss: 0.12394674867391586
INFO:root:Validation set mIOU: 72.43637952516808
INFO:root:Epoch: 43, Iteration: 87, Loss: 0.13319674134254456
INFO:root:Epoch: 43, Iteration: 88, Loss: 0.11250780522823334
INFO:root:Validation set mIOU: 72.78044193476228
INFO:root:Epoch: 44, Iteration: 89, Loss: 0.10125771164894104
INFO:root:Epoch: 44, Iteration: 90, Loss: 0.11805280297994614
INFO:root:Validation set mIOU: 73.17265196034089
INFO:root:Epoch: 45, Iteration: 91, Loss: 0.12114482372999191
INFO:root:Epoch: 45, Iteration: 92, Loss: 0.1137588694691658
INFO:root:Validation set mIOU: 72.80812326867519
INFO:root:Epoch: 46, Iteration: 93, Loss: 0.11727500706911087
INFO:root:Epoch: 46, Iteration: 94, Loss: 0.11694223433732986
INFO:root:Validation set mIOU: 72.51212293258286
INFO:root:Epoch: 47, Iteration: 95, Loss: 0.11460288614034653
INFO:root:Epoch: 47, Iteration: 96, Loss: 0.11610528081655502
INFO:root:Validation set mIOU: 72.13179744530606
INFO:root:Epoch: 48, Iteration: 97, Loss: 0.144046813249588
INFO:root:Epoch: 48, Iteration: 98, Loss: 0.1136065423488617
INFO:root:Validation set mIOU: 71.50334355943522
INFO:root:Epoch: 49, Iteration: 99, Loss: 0.13476353883743286
INFO:root:Epoch: 49, Iteration: 100, Loss: 0.11782128363847733
INFO:root:Validation set mIOU: 70.93731911460986
INFO:root:Epoch: 50, Iteration: 101, Loss: 0.12520460784435272
INFO:root:Epoch: 50, Iteration: 102, Loss: 0.12848618626594543
INFO:root:Validation set mIOU: 70.7464283380372
INFO:root:Epoch: 51, Iteration: 103, Loss: 0.1236712634563446
INFO:root:Epoch: 51, Iteration: 104, Loss: 0.12097535282373428
INFO:root:Validation set mIOU: 70.9461797642262
INFO:root:Epoch: 52, Iteration: 105, Loss: 0.08853103220462799
INFO:root:Epoch: 52, Iteration: 106, Loss: 0.1218014508485794
INFO:root:Validation set mIOU: 71.527330762563
INFO:root:Epoch: 53, Iteration: 107, Loss: 0.10826326906681061
INFO:root:Epoch: 53, Iteration: 108, Loss: 0.11906544119119644
INFO:root:Validation set mIOU: 71.77127924111485
INFO:root:Epoch: 54, Iteration: 109, Loss: 0.11228405684232712
INFO:root:Epoch: 54, Iteration: 110, Loss: 0.10558650642633438
INFO:root:Validation set mIOU: 72.38486967629561
INFO:root:Epoch: 55, Iteration: 111, Loss: 0.12119495868682861
INFO:root:Epoch: 55, Iteration: 112, Loss: 0.1299045830965042
INFO:root:Validation set mIOU: 72.64743128735444
INFO:root:Epoch: 56, Iteration: 113, Loss: 0.10329504311084747
INFO:root:Epoch: 56, Iteration: 114, Loss: 0.13402517139911652
INFO:root:Validation set mIOU: 72.7649201093602
INFO:root:Epoch: 57, Iteration: 115, Loss: 0.09281396865844727
INFO:root:Epoch: 57, Iteration: 116, Loss: 0.11883515119552612
INFO:root:Validation set mIOU: 72.73949351457387
INFO:root:Epoch: 58, Iteration: 117, Loss: 0.1054186224937439
INFO:root:Epoch: 58, Iteration: 118, Loss: 0.11107596755027771
INFO:root:Validation set mIOU: 72.07829582183832
INFO:root:Epoch: 59, Iteration: 119, Loss: 0.10277213901281357
INFO:root:Epoch: 59, Iteration: 120, Loss: 0.13787899911403656
INFO:root:Validation set mIOU: 72.82100477669381
INFO:root:Epoch: 60, Iteration: 121, Loss: 0.10528679192066193
INFO:root:Epoch: 60, Iteration: 122, Loss: 0.10507578402757645
INFO:root:Validation set mIOU: 73.66830645270635
INFO:root:Epoch: 61, Iteration: 123, Loss: 0.11977186053991318
INFO:root:Epoch: 61, Iteration: 124, Loss: 0.10382027924060822
INFO:root:Validation set mIOU: 74.2979039871305
INFO:root:Epoch: 62, Iteration: 125, Loss: 0.10893121361732483
INFO:root:Epoch: 62, Iteration: 126, Loss: 0.1223626434803009
INFO:root:Validation set mIOU: 74.32560519017382
INFO:root:Epoch: 63, Iteration: 127, Loss: 0.09866956621408463
INFO:root:Epoch: 63, Iteration: 128, Loss: 0.10316158831119537
INFO:root:Validation set mIOU: 74.55129402624956
INFO:root:Epoch: 64, Iteration: 129, Loss: 0.10154641419649124
INFO:root:Epoch: 64, Iteration: 130, Loss: 0.13577641546726227
INFO:root:Validation set mIOU: 73.90017165525711
INFO:root:Epoch: 65, Iteration: 131, Loss: 0.09495549649000168
INFO:root:Epoch: 65, Iteration: 132, Loss: 0.11245101690292358
INFO:root:Validation set mIOU: 73.2695142102203
INFO:root:Epoch: 66, Iteration: 133, Loss: 0.09656798839569092
INFO:root:Epoch: 66, Iteration: 134, Loss: 0.11889073997735977
INFO:root:Validation set mIOU: 72.8164287268894
INFO:root:Epoch: 67, Iteration: 135, Loss: 0.09771125763654709
INFO:root:Epoch: 67, Iteration: 136, Loss: 0.11476854979991913
INFO:root:Validation set mIOU: 72.5847418721749
INFO:root:Epoch: 68, Iteration: 137, Loss: 0.11062698811292648
INFO:root:Epoch: 68, Iteration: 138, Loss: 0.10137033462524414
INFO:root:Validation set mIOU: 72.74911660566178
INFO:root:Epoch: 69, Iteration: 139, Loss: 0.08904833346605301
INFO:root:Epoch: 69, Iteration: 140, Loss: 0.10842110216617584
INFO:root:Validation set mIOU: 73.28544021201306
INFO:root:Epoch: 70, Iteration: 141, Loss: 0.1002381294965744
INFO:root:Epoch: 70, Iteration: 142, Loss: 0.0826408863067627
INFO:root:Validation set mIOU: 73.83101913145224
INFO:root:Epoch: 71, Iteration: 143, Loss: 0.10744404047727585
INFO:root:Epoch: 71, Iteration: 144, Loss: 0.0940629318356514
INFO:root:Validation set mIOU: 74.15202128878464
INFO:root:Epoch: 72, Iteration: 145, Loss: 0.12050075829029083
INFO:root:Epoch: 72, Iteration: 146, Loss: 0.10195694118738174
INFO:root:Validation set mIOU: 74.15988392025669
INFO:root:Epoch: 73, Iteration: 147, Loss: 0.1024237871170044
INFO:root:Epoch: 73, Iteration: 148, Loss: 0.10078909993171692
INFO:root:Validation set mIOU: 73.99527346509583
INFO:root:Epoch: 74, Iteration: 149, Loss: 0.12074857205152512
INFO:root:Epoch: 74, Iteration: 150, Loss: 0.10705652832984924
INFO:root:Validation set mIOU: 73.65206256274462
INFO:root:Epoch: 75, Iteration: 151, Loss: 0.11627396941184998
INFO:root:Epoch: 75, Iteration: 152, Loss: 0.11480207741260529
INFO:root:Validation set mIOU: 73.5388087822145
INFO:root:Epoch: 76, Iteration: 153, Loss: 0.13831067085266113
INFO:root:Epoch: 76, Iteration: 154, Loss: 0.09578574448823929
INFO:root:Validation set mIOU: 73.71079002764397
INFO:root:Epoch: 77, Iteration: 155, Loss: 0.10021673142910004
INFO:root:Epoch: 77, Iteration: 156, Loss: 0.10477607697248459
INFO:root:Validation set mIOU: 74.47124987884705
INFO:root:Epoch: 78, Iteration: 157, Loss: 0.09685187041759491
INFO:root:Epoch: 78, Iteration: 158, Loss: 0.1013486385345459
INFO:root:Validation set mIOU: 75.1793562993333
INFO:root:Epoch: 79, Iteration: 159, Loss: 0.12625181674957275
INFO:root:Epoch: 79, Iteration: 160, Loss: 0.08662918210029602
INFO:root:Validation set mIOU: 75.09055489844731
INFO:root:Epoch: 80, Iteration: 161, Loss: 0.08941822499036789
INFO:root:Epoch: 80, Iteration: 162, Loss: 0.09994388371706009
INFO:root:Validation set mIOU: 75.05115226858801
INFO:root:Epoch: 81, Iteration: 163, Loss: 0.09845767170190811
INFO:root:Epoch: 81, Iteration: 164, Loss: 0.13709861040115356
INFO:root:Validation set mIOU: 74.36886956829734
INFO:root:Epoch: 82, Iteration: 165, Loss: 0.11156116425991058
INFO:root:Epoch: 82, Iteration: 166, Loss: 0.09689129143953323
INFO:root:Validation set mIOU: 74.4812093209
INFO:root:Epoch: 83, Iteration: 167, Loss: 0.09005945920944214
INFO:root:Epoch: 83, Iteration: 168, Loss: 0.08949651569128036
INFO:root:Validation set mIOU: 74.80484008951721
INFO:root:Epoch: 84, Iteration: 169, Loss: 0.09551376104354858
INFO:root:Epoch: 84, Iteration: 170, Loss: 0.08947110921144485
INFO:root:Validation set mIOU: 75.00855469267984
INFO:root:Epoch: 85, Iteration: 171, Loss: 0.0895007774233818
INFO:root:Epoch: 85, Iteration: 172, Loss: 0.09466644376516342
INFO:root:Validation set mIOU: 75.11010408429955
INFO:root:Epoch: 86, Iteration: 173, Loss: 0.10950615257024765
INFO:root:Epoch: 86, Iteration: 174, Loss: 0.11004428565502167
INFO:root:Validation set mIOU: 75.27707028024872
INFO:root:Epoch: 87, Iteration: 175, Loss: 0.09884960204362869
INFO:root:Epoch: 87, Iteration: 176, Loss: 0.09311968088150024
INFO:root:Validation set mIOU: 75.6566486552107
INFO:root:Epoch: 88, Iteration: 177, Loss: 0.09490755200386047
INFO:root:Epoch: 88, Iteration: 178, Loss: 0.12002672255039215
INFO:root:Validation set mIOU: 75.62234613628712
INFO:root:Epoch: 89, Iteration: 179, Loss: 0.10195077210664749
INFO:root:Epoch: 89, Iteration: 180, Loss: 0.08829843997955322
INFO:root:Validation set mIOU: 75.40808843143387
INFO:root:Epoch: 90, Iteration: 181, Loss: 0.10978370159864426
INFO:root:Epoch: 90, Iteration: 182, Loss: 0.1095959022641182
INFO:root:Validation set mIOU: 75.56421859866406
INFO:root:Epoch: 91, Iteration: 183, Loss: 0.13246341049671173
INFO:root:Epoch: 91, Iteration: 184, Loss: 0.09564854204654694
INFO:root:Validation set mIOU: 75.29989237698462
INFO:root:Epoch: 92, Iteration: 185, Loss: 0.09447893500328064
INFO:root:Epoch: 92, Iteration: 186, Loss: 0.09406206011772156
INFO:root:Validation set mIOU: 75.0113290185822
INFO:root:Epoch: 93, Iteration: 187, Loss: 0.09044605493545532
INFO:root:Epoch: 93, Iteration: 188, Loss: 0.09848832339048386
INFO:root:Validation set mIOU: 74.87458940958894
INFO:root:Epoch: 94, Iteration: 189, Loss: 0.09195913374423981
INFO:root:Epoch: 94, Iteration: 190, Loss: 0.10203640908002853
INFO:root:Validation set mIOU: 74.87552984321204
INFO:root:Epoch: 95, Iteration: 191, Loss: 0.09779103100299835
INFO:root:Epoch: 95, Iteration: 192, Loss: 0.10306639224290848
INFO:root:Validation set mIOU: 74.50225723901954
INFO:root:Epoch: 96, Iteration: 193, Loss: 0.09932465106248856
INFO:root:Epoch: 96, Iteration: 194, Loss: 0.09788189828395844
INFO:root:Validation set mIOU: 74.76249297388934
INFO:root:Epoch: 97, Iteration: 195, Loss: 0.08510679751634598
INFO:root:Epoch: 97, Iteration: 196, Loss: 0.11398633569478989
INFO:root:Validation set mIOU: 74.87419566209014
INFO:root:Epoch: 98, Iteration: 197, Loss: 0.10782219469547272
INFO:root:Epoch: 98, Iteration: 198, Loss: 0.09781299531459808
INFO:root:Validation set mIOU: 74.73368692713362
INFO:root:Epoch: 99, Iteration: 199, Loss: 0.1016850546002388
INFO:root:Epoch: 99, Iteration: 200, Loss: 0.09454157948493958
INFO:root:Validation set mIOU: 74.47498554901034
INFO:root:Semi-training
INFO:root:Epoch: 0, Iteration: 1, Loss: 1.1791839599609375
INFO:root:Epoch: 0, Iteration: 2, Loss: 0.8161651492118835
INFO:root:Epoch: 0, Iteration: 3, Loss: 0.6221758723258972
INFO:root:Epoch: 0, Iteration: 4, Loss: 0.514152467250824
INFO:root:Epoch: 0, Iteration: 5, Loss: 0.35767340660095215
INFO:root:Epoch: 0, Iteration: 6, Loss: 0.34587404131889343
INFO:root:Epoch: 0, Iteration: 7, Loss: 0.3228100538253784
INFO:root:Validation set mIOU: 64.90652650955737
INFO:root:Epoch: 1, Iteration: 8, Loss: 0.3175203502178192
INFO:root:Epoch: 1, Iteration: 9, Loss: 0.3184691071510315
INFO:root:Epoch: 1, Iteration: 10, Loss: 0.2904011905193329
INFO:root:Epoch: 1, Iteration: 11, Loss: 0.35328951478004456
INFO:root:Epoch: 1, Iteration: 12, Loss: 0.29181140661239624
INFO:root:Epoch: 1, Iteration: 13, Loss: 0.37592813372612
INFO:root:Epoch: 1, Iteration: 14, Loss: 0.24289333820343018
INFO:root:Validation set mIOU: 65.5375809175306
INFO:root:Epoch: 2, Iteration: 15, Loss: 0.23109163343906403
INFO:root:Epoch: 2, Iteration: 16, Loss: 0.22790008783340454
INFO:root:Epoch: 2, Iteration: 17, Loss: 0.26100119948387146
INFO:root:Epoch: 2, Iteration: 18, Loss: 0.2705308198928833
INFO:root:Epoch: 2, Iteration: 19, Loss: 0.30646181106567383
INFO:root:Epoch: 2, Iteration: 20, Loss: 0.19810131192207336
INFO:root:Epoch: 2, Iteration: 21, Loss: 0.23361775279045105
INFO:root:Validation set mIOU: 65.98086651928516
INFO:root:Epoch: 3, Iteration: 22, Loss: 0.24882900714874268
INFO:root:Epoch: 3, Iteration: 23, Loss: 0.20671607553958893
INFO:root:Epoch: 3, Iteration: 24, Loss: 0.2498692125082016
INFO:root:Epoch: 3, Iteration: 25, Loss: 0.2416585236787796
INFO:root:Epoch: 3, Iteration: 26, Loss: 0.2179049700498581
INFO:root:Epoch: 3, Iteration: 27, Loss: 0.24500393867492676
INFO:root:Epoch: 3, Iteration: 28, Loss: 0.18601089715957642
INFO:root:Validation set mIOU: 69.16551409666579
INFO:root:Epoch: 4, Iteration: 29, Loss: 0.24834494292736053
INFO:root:Epoch: 4, Iteration: 30, Loss: 0.20780541002750397
INFO:root:Epoch: 4, Iteration: 31, Loss: 0.2818930447101593
INFO:root:Epoch: 4, Iteration: 32, Loss: 0.19928255677223206
INFO:root:Epoch: 4, Iteration: 33, Loss: 0.22841507196426392
INFO:root:Epoch: 4, Iteration: 34, Loss: 0.18132303655147552
INFO:root:Epoch: 4, Iteration: 35, Loss: 0.30687853693962097
INFO:root:Validation set mIOU: 70.57085749981027
INFO:root:Epoch: 5, Iteration: 36, Loss: 0.2016449272632599
INFO:root:Epoch: 5, Iteration: 37, Loss: 0.19672240316867828
INFO:root:Epoch: 5, Iteration: 38, Loss: 0.21635867655277252
INFO:root:Epoch: 5, Iteration: 39, Loss: 0.17061179876327515
INFO:root:Epoch: 5, Iteration: 40, Loss: 0.18526414036750793
INFO:root:Epoch: 5, Iteration: 41, Loss: 0.17147469520568848
INFO:root:Epoch: 5, Iteration: 42, Loss: 0.1992320418357849
INFO:root:Validation set mIOU: 74.00738275886697
INFO:root:Epoch: 6, Iteration: 43, Loss: 0.2121547907590866
INFO:root:Epoch: 6, Iteration: 44, Loss: 0.22509576380252838
INFO:root:Epoch: 6, Iteration: 45, Loss: 0.21017038822174072
INFO:root:Epoch: 6, Iteration: 46, Loss: 0.2065722942352295
INFO:root:Epoch: 6, Iteration: 47, Loss: 0.1616774946451187
INFO:root:Epoch: 6, Iteration: 48, Loss: 0.20009557902812958
INFO:root:Epoch: 6, Iteration: 49, Loss: 0.1693926304578781
INFO:root:Validation set mIOU: 72.91353511960251
INFO:root:Epoch: 7, Iteration: 50, Loss: 0.17895705997943878
INFO:root:Epoch: 7, Iteration: 51, Loss: 0.20607353746891022
INFO:root:Epoch: 7, Iteration: 52, Loss: 0.16924244165420532
INFO:root:Epoch: 7, Iteration: 53, Loss: 0.17125730216503143
INFO:root:Epoch: 7, Iteration: 54, Loss: 0.15778754651546478
INFO:root:Epoch: 7, Iteration: 55, Loss: 0.16796916723251343
INFO:root:Epoch: 7, Iteration: 56, Loss: 0.1723068803548813
INFO:root:Validation set mIOU: 75.05001928859393
INFO:root:Epoch: 8, Iteration: 57, Loss: 0.173073872923851
INFO:root:Epoch: 8, Iteration: 58, Loss: 0.22011245787143707
INFO:root:Epoch: 8, Iteration: 59, Loss: 0.1602385938167572
INFO:root:Epoch: 8, Iteration: 60, Loss: 0.17290446162223816
INFO:root:Epoch: 8, Iteration: 61, Loss: 0.17769016325473785
INFO:root:Epoch: 8, Iteration: 62, Loss: 0.1290827989578247
INFO:root:Epoch: 8, Iteration: 63, Loss: 0.20003144443035126
INFO:root:Validation set mIOU: 76.0555704760236
INFO:root:Epoch: 9, Iteration: 64, Loss: 0.20604448020458221
INFO:root:Epoch: 9, Iteration: 65, Loss: 0.16313442587852478
INFO:root:Epoch: 9, Iteration: 66, Loss: 0.22095385193824768
INFO:root:Epoch: 9, Iteration: 67, Loss: 0.15610966086387634
INFO:root:Epoch: 9, Iteration: 68, Loss: 0.1600361466407776
INFO:root:Epoch: 9, Iteration: 69, Loss: 0.18723471462726593
INFO:root:Epoch: 9, Iteration: 70, Loss: 0.17668628692626953
INFO:root:Validation set mIOU: 76.09938506229219
INFO:root:Epoch: 10, Iteration: 71, Loss: 0.17054525017738342
INFO:root:Epoch: 10, Iteration: 72, Loss: 0.15310731530189514
INFO:root:Epoch: 10, Iteration: 73, Loss: 0.16899175941944122
INFO:root:Epoch: 10, Iteration: 74, Loss: 0.15263532102108002
INFO:root:Epoch: 10, Iteration: 75, Loss: 0.17829449474811554
INFO:root:Epoch: 10, Iteration: 76, Loss: 0.1422363817691803
INFO:root:Epoch: 10, Iteration: 77, Loss: 0.1843814104795456
INFO:root:Validation set mIOU: 76.85875709766916
INFO:root:Epoch: 11, Iteration: 78, Loss: 0.20388196408748627
INFO:root:Epoch: 11, Iteration: 79, Loss: 0.1591537594795227
INFO:root:Epoch: 11, Iteration: 80, Loss: 0.14142107963562012
INFO:root:Epoch: 11, Iteration: 81, Loss: 0.1624198704957962
INFO:root:Epoch: 11, Iteration: 82, Loss: 0.14779137074947357
INFO:root:Epoch: 11, Iteration: 83, Loss: 0.14472061395645142
INFO:root:Epoch: 11, Iteration: 84, Loss: 0.1515430212020874
INFO:root:Validation set mIOU: 75.29261724715298
INFO:root:Epoch: 12, Iteration: 85, Loss: 0.17202314734458923
INFO:root:Epoch: 12, Iteration: 86, Loss: 0.14225633442401886
INFO:root:Epoch: 12, Iteration: 87, Loss: 0.21400092542171478
INFO:root:Epoch: 12, Iteration: 88, Loss: 0.14034391939640045
INFO:root:Epoch: 12, Iteration: 89, Loss: 0.15577025711536407
INFO:root:Epoch: 12, Iteration: 90, Loss: 0.1833096146583557
INFO:root:Epoch: 12, Iteration: 91, Loss: 0.1434008777141571
INFO:root:Validation set mIOU: 77.41702072004685
INFO:root:Epoch: 13, Iteration: 92, Loss: 0.1410294622182846
INFO:root:Epoch: 13, Iteration: 93, Loss: 0.15581263601779938
INFO:root:Epoch: 13, Iteration: 94, Loss: 0.15365652740001678
INFO:root:Epoch: 13, Iteration: 95, Loss: 0.12905263900756836
INFO:root:Epoch: 13, Iteration: 96, Loss: 0.17554977536201477
INFO:root:Epoch: 13, Iteration: 97, Loss: 0.17329563200473785
INFO:root:Epoch: 13, Iteration: 98, Loss: 0.12083609402179718
INFO:root:Validation set mIOU: 78.20692266094767
INFO:root:Epoch: 14, Iteration: 99, Loss: 0.14168840646743774
INFO:root:Epoch: 14, Iteration: 100, Loss: 0.14058203995227814
INFO:root:Epoch: 14, Iteration: 101, Loss: 0.1403278410434723
INFO:root:Epoch: 14, Iteration: 102, Loss: 0.16051356494426727
INFO:root:Epoch: 14, Iteration: 103, Loss: 0.15494461357593536
INFO:root:Epoch: 14, Iteration: 104, Loss: 0.1831030696630478
INFO:root:Epoch: 14, Iteration: 105, Loss: 0.14346985518932343
INFO:root:Validation set mIOU: 74.67788010014633
INFO:root:Epoch: 15, Iteration: 106, Loss: 0.16329823434352875
INFO:root:Epoch: 15, Iteration: 107, Loss: 0.12331724166870117
INFO:root:Epoch: 15, Iteration: 108, Loss: 0.16453740000724792
INFO:root:Epoch: 15, Iteration: 109, Loss: 0.13697205483913422
INFO:root:Epoch: 15, Iteration: 110, Loss: 0.15422333776950836
INFO:root:Epoch: 15, Iteration: 111, Loss: 0.14566411077976227
INFO:root:Epoch: 15, Iteration: 112, Loss: 0.1356736719608307
INFO:root:Validation set mIOU: 76.84038983797869
INFO:root:Epoch: 16, Iteration: 113, Loss: 0.1513436734676361
INFO:root:Epoch: 16, Iteration: 114, Loss: 0.12405629456043243
INFO:root:Epoch: 16, Iteration: 115, Loss: 0.13738206028938293
INFO:root:Epoch: 16, Iteration: 116, Loss: 0.14237795770168304
INFO:root:Epoch: 16, Iteration: 117, Loss: 0.14291337132453918
INFO:root:Epoch: 16, Iteration: 118, Loss: 0.13449542224407196
INFO:root:Epoch: 16, Iteration: 119, Loss: 0.12666550278663635
INFO:root:Validation set mIOU: 78.63392297747903
INFO:root:Epoch: 17, Iteration: 120, Loss: 0.18295221030712128
INFO:root:Epoch: 17, Iteration: 121, Loss: 0.14895781874656677
INFO:root:Epoch: 17, Iteration: 122, Loss: 0.15518677234649658
INFO:root:Epoch: 17, Iteration: 123, Loss: 0.13840250670909882
INFO:root:Epoch: 17, Iteration: 124, Loss: 0.1698082983493805
INFO:root:Epoch: 17, Iteration: 125, Loss: 0.18107175827026367
INFO:root:Epoch: 17, Iteration: 126, Loss: 0.1538901925086975
INFO:root:Validation set mIOU: 77.14562210857791
INFO:root:Epoch: 18, Iteration: 127, Loss: 0.17116595804691315
INFO:root:Epoch: 18, Iteration: 128, Loss: 0.15763919055461884
INFO:root:Epoch: 18, Iteration: 129, Loss: 0.13174699246883392
INFO:root:Epoch: 18, Iteration: 130, Loss: 0.12130987644195557
INFO:root:Epoch: 18, Iteration: 131, Loss: 0.13514384627342224
INFO:root:Epoch: 18, Iteration: 132, Loss: 0.19964128732681274
INFO:root:Epoch: 18, Iteration: 133, Loss: 0.13690447807312012
INFO:root:Validation set mIOU: 79.22809330854443
INFO:root:Epoch: 19, Iteration: 134, Loss: 0.16694891452789307
INFO:root:Epoch: 19, Iteration: 135, Loss: 0.15038937330245972
INFO:root:Epoch: 19, Iteration: 136, Loss: 0.1625993400812149
INFO:root:Epoch: 19, Iteration: 137, Loss: 0.14040960371494293
INFO:root:Epoch: 19, Iteration: 138, Loss: 0.14901567995548248
INFO:root:Epoch: 19, Iteration: 139, Loss: 0.18386392295360565
INFO:root:Epoch: 19, Iteration: 140, Loss: 0.11929411441087723
INFO:root:Validation set mIOU: 79.44540677511938
INFO:root:Epoch: 20, Iteration: 141, Loss: 0.11521468311548233
INFO:root:Epoch: 20, Iteration: 142, Loss: 0.1267944574356079
INFO:root:Epoch: 20, Iteration: 143, Loss: 0.1284445822238922
INFO:root:Epoch: 20, Iteration: 144, Loss: 0.13797856867313385
INFO:root:Epoch: 20, Iteration: 145, Loss: 0.15670040249824524
INFO:root:Epoch: 20, Iteration: 146, Loss: 0.1464288979768753
INFO:root:Epoch: 20, Iteration: 147, Loss: 0.13376331329345703
INFO:root:Validation set mIOU: 80.12966737170211
INFO:root:Epoch: 21, Iteration: 148, Loss: 0.12374614179134369
INFO:root:Epoch: 21, Iteration: 149, Loss: 0.1441488415002823
INFO:root:Epoch: 21, Iteration: 150, Loss: 0.1176568865776062
INFO:root:Epoch: 21, Iteration: 151, Loss: 0.12408168613910675
INFO:root:Epoch: 21, Iteration: 152, Loss: 0.10772987455129623
INFO:root:Epoch: 21, Iteration: 153, Loss: 0.12599650025367737
INFO:root:Epoch: 21, Iteration: 154, Loss: 0.2607453763484955
INFO:root:Validation set mIOU: 80.47534572766777
INFO:root:Epoch: 22, Iteration: 155, Loss: 0.12781545519828796
INFO:root:Epoch: 22, Iteration: 156, Loss: 0.13458484411239624
INFO:root:Epoch: 22, Iteration: 157, Loss: 0.181130513548851
INFO:root:Epoch: 22, Iteration: 158, Loss: 0.12454809993505478
INFO:root:Epoch: 22, Iteration: 159, Loss: 0.1157623901963234
INFO:root:Epoch: 22, Iteration: 160, Loss: 0.13458076119422913
INFO:root:Epoch: 22, Iteration: 161, Loss: 0.16716760396957397
INFO:root:Validation set mIOU: 78.02989676092554
INFO:root:Epoch: 23, Iteration: 162, Loss: 0.11168009787797928
INFO:root:Epoch: 23, Iteration: 163, Loss: 0.13310956954956055
INFO:root:Epoch: 23, Iteration: 164, Loss: 0.14438383281230927
INFO:root:Epoch: 23, Iteration: 165, Loss: 0.12184979766607285
INFO:root:Epoch: 23, Iteration: 166, Loss: 0.15255588293075562
INFO:root:Epoch: 23, Iteration: 167, Loss: 0.11678258329629898
INFO:root:Epoch: 23, Iteration: 168, Loss: 0.1496872752904892
INFO:root:Validation set mIOU: 80.08321862091621
INFO:root:Epoch: 24, Iteration: 169, Loss: 0.13773828744888306
INFO:root:Epoch: 24, Iteration: 170, Loss: 0.13452252745628357
INFO:root:Epoch: 24, Iteration: 171, Loss: 0.17315109074115753
INFO:root:Epoch: 24, Iteration: 172, Loss: 0.15831847488880157
INFO:root:Epoch: 24, Iteration: 173, Loss: 0.13290072977542877
INFO:root:Epoch: 24, Iteration: 174, Loss: 0.10998295247554779
INFO:root:Epoch: 24, Iteration: 175, Loss: 0.14209070801734924
INFO:root:Validation set mIOU: 80.81618741564179
INFO:root:Epoch: 25, Iteration: 176, Loss: 0.09920057654380798
INFO:root:Epoch: 25, Iteration: 177, Loss: 0.1059686690568924
INFO:root:Epoch: 25, Iteration: 178, Loss: 0.13373541831970215
INFO:root:Epoch: 25, Iteration: 179, Loss: 0.12821264564990997
INFO:root:Epoch: 25, Iteration: 180, Loss: 0.13357563316822052
INFO:root:Epoch: 25, Iteration: 181, Loss: 0.11887268722057343
INFO:root:Epoch: 25, Iteration: 182, Loss: 0.12166761606931686
INFO:root:Validation set mIOU: 81.10751861348736
INFO:root:Epoch: 26, Iteration: 183, Loss: 0.12792102992534637
INFO:root:Epoch: 26, Iteration: 184, Loss: 0.11269044876098633
INFO:root:Epoch: 26, Iteration: 185, Loss: 0.12153331935405731
INFO:root:Epoch: 26, Iteration: 186, Loss: 0.1509210765361786
INFO:root:Epoch: 26, Iteration: 187, Loss: 0.12748995423316956
INFO:root:Epoch: 26, Iteration: 188, Loss: 0.13147251307964325
INFO:root:Epoch: 26, Iteration: 189, Loss: 0.17740023136138916
INFO:root:Validation set mIOU: 80.94897405605052
INFO:root:Epoch: 27, Iteration: 190, Loss: 0.12042286992073059
INFO:root:Epoch: 27, Iteration: 191, Loss: 0.12357799708843231
INFO:root:Epoch: 27, Iteration: 192, Loss: 0.15440407395362854
INFO:root:Epoch: 27, Iteration: 193, Loss: 0.1480901688337326
INFO:root:Epoch: 27, Iteration: 194, Loss: 0.11264612525701523
INFO:root:Epoch: 27, Iteration: 195, Loss: 0.1697659194469452
INFO:root:Epoch: 27, Iteration: 196, Loss: 0.13771472871303558
INFO:root:Validation set mIOU: 77.94567204329415
INFO:root:Epoch: 28, Iteration: 197, Loss: 0.10696744173765182
INFO:root:Epoch: 28, Iteration: 198, Loss: 0.12746480107307434
INFO:root:Epoch: 28, Iteration: 199, Loss: 0.10672765970230103
INFO:root:Epoch: 28, Iteration: 200, Loss: 0.18667685985565186
INFO:root:Epoch: 28, Iteration: 201, Loss: 0.1287831813097
INFO:root:Epoch: 28, Iteration: 202, Loss: 0.10365129262208939
INFO:root:Epoch: 28, Iteration: 203, Loss: 0.13489705324172974
INFO:root:Validation set mIOU: 79.8118113940877
INFO:root:Epoch: 29, Iteration: 204, Loss: 0.12560896575450897
INFO:root:Epoch: 29, Iteration: 205, Loss: 0.12972669303417206
INFO:root:Epoch: 29, Iteration: 206, Loss: 0.117148756980896
INFO:root:Epoch: 29, Iteration: 207, Loss: 0.1504325568675995
INFO:root:Epoch: 29, Iteration: 208, Loss: 0.11477245390415192
INFO:root:Epoch: 29, Iteration: 209, Loss: 0.125714510679245
INFO:root:Epoch: 29, Iteration: 210, Loss: 0.13920074701309204
INFO:root:Validation set mIOU: 80.59826820967729
INFO:root:Epoch: 30, Iteration: 211, Loss: 0.11073566973209381
INFO:root:Epoch: 30, Iteration: 212, Loss: 0.13312816619873047
INFO:root:Epoch: 30, Iteration: 213, Loss: 0.1261288970708847
INFO:root:Epoch: 30, Iteration: 214, Loss: 0.11778460443019867
INFO:root:Epoch: 30, Iteration: 215, Loss: 0.10417181253433228
INFO:root:Epoch: 30, Iteration: 216, Loss: 0.14049163460731506
INFO:root:Epoch: 30, Iteration: 217, Loss: 0.11792761832475662
INFO:root:Validation set mIOU: 81.03580636335397
INFO:root:Epoch: 31, Iteration: 218, Loss: 0.18158914148807526
INFO:root:Epoch: 31, Iteration: 219, Loss: 0.12333536148071289
INFO:root:Epoch: 31, Iteration: 220, Loss: 0.14003029465675354
INFO:root:Epoch: 31, Iteration: 221, Loss: 0.16338473558425903
INFO:root:Epoch: 31, Iteration: 222, Loss: 0.13374988734722137
INFO:root:Epoch: 31, Iteration: 223, Loss: 0.09647756069898605
INFO:root:Epoch: 31, Iteration: 224, Loss: 0.12819522619247437
INFO:root:Validation set mIOU: 80.986438879855
INFO:root:Epoch: 32, Iteration: 225, Loss: 0.12438823282718658
INFO:root:Epoch: 32, Iteration: 226, Loss: 0.11438079178333282
INFO:root:Epoch: 32, Iteration: 227, Loss: 0.10908588021993637
INFO:root:Epoch: 32, Iteration: 228, Loss: 0.11709735542535782
INFO:root:Epoch: 32, Iteration: 229, Loss: 0.12213749438524246
INFO:root:Epoch: 32, Iteration: 230, Loss: 0.13696326315402985
INFO:root:Epoch: 32, Iteration: 231, Loss: 0.11313104629516602
INFO:root:Validation set mIOU: 81.08544035234591
INFO:root:Epoch: 33, Iteration: 232, Loss: 0.11139567196369171
INFO:root:Epoch: 33, Iteration: 233, Loss: 0.11948925256729126
INFO:root:Epoch: 33, Iteration: 234, Loss: 0.14210878312587738
INFO:root:Epoch: 33, Iteration: 235, Loss: 0.18512441217899323
INFO:root:Epoch: 33, Iteration: 236, Loss: 0.10094517469406128
INFO:root:Epoch: 33, Iteration: 237, Loss: 0.12086736410856247
INFO:root:Epoch: 33, Iteration: 238, Loss: 0.13686907291412354
INFO:root:Validation set mIOU: 80.4226400341105
INFO:root:Epoch: 34, Iteration: 239, Loss: 0.11848752200603485
INFO:root:Epoch: 34, Iteration: 240, Loss: 0.11301165819168091
INFO:root:Epoch: 34, Iteration: 241, Loss: 0.11096514761447906
INFO:root:Epoch: 34, Iteration: 242, Loss: 0.11441493034362793
INFO:root:Epoch: 34, Iteration: 243, Loss: 0.13729968667030334
INFO:root:Epoch: 34, Iteration: 244, Loss: 0.12279732525348663
INFO:root:Epoch: 34, Iteration: 245, Loss: 0.16962942481040955
INFO:root:Validation set mIOU: 80.71485575416543
INFO:root:Epoch: 35, Iteration: 246, Loss: 0.17407198250293732
INFO:root:Epoch: 35, Iteration: 247, Loss: 0.1252763569355011
INFO:root:Epoch: 35, Iteration: 248, Loss: 0.14303648471832275
INFO:root:Epoch: 35, Iteration: 249, Loss: 0.13012993335723877
INFO:root:Epoch: 35, Iteration: 250, Loss: 0.14332276582717896
INFO:root:Epoch: 35, Iteration: 251, Loss: 0.11298385262489319
INFO:root:Epoch: 35, Iteration: 252, Loss: 0.11739794909954071
INFO:root:Validation set mIOU: 80.57833183445808
INFO:root:Epoch: 36, Iteration: 253, Loss: 0.11294662952423096
INFO:root:Epoch: 36, Iteration: 254, Loss: 0.12024309486150742
INFO:root:Epoch: 36, Iteration: 255, Loss: 0.11870177090167999
INFO:root:Epoch: 36, Iteration: 256, Loss: 0.10454126447439194
INFO:root:Epoch: 36, Iteration: 257, Loss: 0.12006113678216934
INFO:root:Epoch: 36, Iteration: 258, Loss: 0.14148332178592682
INFO:root:Epoch: 36, Iteration: 259, Loss: 0.08885612338781357
INFO:root:Validation set mIOU: 79.6898888272451
INFO:root:Epoch: 37, Iteration: 260, Loss: 0.1363072246313095
INFO:root:Epoch: 37, Iteration: 261, Loss: 0.10544312000274658
INFO:root:Epoch: 37, Iteration: 262, Loss: 0.09219060838222504
INFO:root:Epoch: 37, Iteration: 263, Loss: 0.15173161029815674
INFO:root:Epoch: 37, Iteration: 264, Loss: 0.11380454897880554
INFO:root:Epoch: 37, Iteration: 265, Loss: 0.1108073890209198
INFO:root:Epoch: 37, Iteration: 266, Loss: 0.09329304099082947
INFO:root:Validation set mIOU: 81.20898704020544
INFO:root:Epoch: 38, Iteration: 267, Loss: 0.1523732841014862
INFO:root:Epoch: 38, Iteration: 268, Loss: 0.09868303686380386
INFO:root:Epoch: 38, Iteration: 269, Loss: 0.11519061774015427
INFO:root:Epoch: 38, Iteration: 270, Loss: 0.1067466214299202
INFO:root:Epoch: 38, Iteration: 271, Loss: 0.14401815831661224
INFO:root:Epoch: 38, Iteration: 272, Loss: 0.11166908591985703
INFO:root:Epoch: 38, Iteration: 273, Loss: 0.10029638558626175
INFO:root:Validation set mIOU: 81.38504772699031
INFO:root:Epoch: 39, Iteration: 274, Loss: 0.11661352217197418
INFO:root:Epoch: 39, Iteration: 275, Loss: 0.11728853732347488
INFO:root:Epoch: 39, Iteration: 276, Loss: 0.10094066709280014
INFO:root:Epoch: 39, Iteration: 277, Loss: 0.11735488474369049
INFO:root:Epoch: 39, Iteration: 278, Loss: 0.10833146423101425
INFO:root:Epoch: 39, Iteration: 279, Loss: 0.09925617277622223
INFO:root:Epoch: 39, Iteration: 280, Loss: 0.12859272956848145
INFO:root:Validation set mIOU: 81.5100287985731
INFO:root:Epoch: 40, Iteration: 281, Loss: 0.13527624309062958
INFO:root:Epoch: 40, Iteration: 282, Loss: 0.11854356527328491
INFO:root:Epoch: 40, Iteration: 283, Loss: 0.0944620668888092
INFO:root:Epoch: 40, Iteration: 284, Loss: 0.1282452642917633
INFO:root:Epoch: 40, Iteration: 285, Loss: 0.12299364805221558
INFO:root:Epoch: 40, Iteration: 286, Loss: 0.10322742909193039
INFO:root:Epoch: 40, Iteration: 287, Loss: 0.11256827414035797
INFO:root:Validation set mIOU: 82.01064168587848
INFO:root:Epoch: 41, Iteration: 288, Loss: 0.13244448602199554
INFO:root:Epoch: 41, Iteration: 289, Loss: 0.09659527987241745
INFO:root:Epoch: 41, Iteration: 290, Loss: 0.140098437666893
INFO:root:Epoch: 41, Iteration: 291, Loss: 0.1006675735116005
INFO:root:Epoch: 41, Iteration: 292, Loss: 0.09656419605016708
INFO:root:Epoch: 41, Iteration: 293, Loss: 0.12399569898843765
INFO:root:Epoch: 41, Iteration: 294, Loss: 0.12648311257362366
INFO:root:Validation set mIOU: 81.22572842062227
INFO:root:Epoch: 42, Iteration: 295, Loss: 0.20304501056671143
INFO:root:Epoch: 42, Iteration: 296, Loss: 0.09325478225946426
INFO:root:Epoch: 42, Iteration: 297, Loss: 0.08855587244033813
INFO:root:Epoch: 42, Iteration: 298, Loss: 0.1344304233789444
INFO:root:Epoch: 42, Iteration: 299, Loss: 0.0914975106716156
INFO:root:Epoch: 42, Iteration: 300, Loss: 0.15147817134857178
INFO:root:Epoch: 42, Iteration: 301, Loss: 0.11981172859668732
INFO:root:Validation set mIOU: 80.84629299189933
INFO:root:Epoch: 43, Iteration: 302, Loss: 0.09670272469520569
INFO:root:Epoch: 43, Iteration: 303, Loss: 0.10366560518741608
INFO:root:Epoch: 43, Iteration: 304, Loss: 0.10020343214273453
INFO:root:Epoch: 43, Iteration: 305, Loss: 0.09086880087852478
INFO:root:Epoch: 43, Iteration: 306, Loss: 0.10497039556503296
INFO:root:Epoch: 43, Iteration: 307, Loss: 0.11086905747652054
INFO:root:Epoch: 43, Iteration: 308, Loss: 0.09901043772697449
INFO:root:Validation set mIOU: 82.17774065686253
INFO:root:Epoch: 44, Iteration: 309, Loss: 0.10906604677438736
INFO:root:Epoch: 44, Iteration: 310, Loss: 0.10262104868888855
INFO:root:Epoch: 44, Iteration: 311, Loss: 0.0969381257891655
INFO:root:Epoch: 44, Iteration: 312, Loss: 0.09974748641252518
INFO:root:Epoch: 44, Iteration: 313, Loss: 0.09232284873723984
INFO:root:Epoch: 44, Iteration: 314, Loss: 0.12361586093902588
INFO:root:Epoch: 44, Iteration: 315, Loss: 0.10483673959970474
INFO:root:Validation set mIOU: 81.54873266856045
INFO:root:Epoch: 45, Iteration: 316, Loss: 0.13831640779972076
INFO:root:Epoch: 45, Iteration: 317, Loss: 0.10881922394037247
INFO:root:Epoch: 45, Iteration: 318, Loss: 0.13043494522571564
INFO:root:Epoch: 45, Iteration: 319, Loss: 0.1330367922782898
INFO:root:Epoch: 45, Iteration: 320, Loss: 0.13871584832668304
INFO:root:Epoch: 45, Iteration: 321, Loss: 0.09467413276433945
INFO:root:Epoch: 45, Iteration: 322, Loss: 0.11760344356298447
INFO:root:Validation set mIOU: 80.77445899136798
INFO:root:Epoch: 46, Iteration: 323, Loss: 0.09901142120361328
INFO:root:Epoch: 46, Iteration: 324, Loss: 0.14951610565185547
INFO:root:Epoch: 46, Iteration: 325, Loss: 0.1206914484500885
INFO:root:Epoch: 46, Iteration: 326, Loss: 0.10551729798316956
INFO:root:Epoch: 46, Iteration: 327, Loss: 0.13453945517539978
INFO:root:Epoch: 46, Iteration: 328, Loss: 0.09677553176879883
INFO:root:Epoch: 46, Iteration: 329, Loss: 0.14329078793525696
INFO:root:Validation set mIOU: 81.07248324539385
INFO:root:Epoch: 47, Iteration: 330, Loss: 0.0923653244972229
INFO:root:Epoch: 47, Iteration: 331, Loss: 0.11486708372831345
INFO:root:Epoch: 47, Iteration: 332, Loss: 0.11510444432497025
INFO:root:Epoch: 47, Iteration: 333, Loss: 0.10352622717618942
INFO:root:Epoch: 47, Iteration: 334, Loss: 0.10560208559036255
INFO:root:Epoch: 47, Iteration: 335, Loss: 0.11304391175508499
INFO:root:Epoch: 47, Iteration: 336, Loss: 0.11102128028869629
INFO:root:Validation set mIOU: 81.8071454235683
INFO:root:Epoch: 48, Iteration: 337, Loss: 0.14110617339611053
INFO:root:Epoch: 48, Iteration: 338, Loss: 0.1633632332086563
INFO:root:Epoch: 48, Iteration: 339, Loss: 0.11471820622682571
INFO:root:Epoch: 48, Iteration: 340, Loss: 0.12182726711034775
INFO:root:Epoch: 48, Iteration: 341, Loss: 0.10004767030477524
INFO:root:Epoch: 48, Iteration: 342, Loss: 0.10582174360752106
INFO:root:Epoch: 48, Iteration: 343, Loss: 0.11291651427745819
INFO:root:Validation set mIOU: 81.27004247194591
INFO:root:Epoch: 49, Iteration: 344, Loss: 0.11279658228158951
INFO:root:Epoch: 49, Iteration: 345, Loss: 0.09712683409452438
INFO:root:Epoch: 49, Iteration: 346, Loss: 0.10749419033527374
INFO:root:Epoch: 49, Iteration: 347, Loss: 0.09601116925477982
INFO:root:Epoch: 49, Iteration: 348, Loss: 0.10863964259624481
INFO:root:Epoch: 49, Iteration: 349, Loss: 0.10050318390130997
INFO:root:Epoch: 49, Iteration: 350, Loss: 0.1049409881234169
INFO:root:Validation set mIOU: 80.73149144844493
INFO:root:Epoch: 50, Iteration: 351, Loss: 0.09967020899057388
INFO:root:Epoch: 50, Iteration: 352, Loss: 0.09745757281780243
INFO:root:Epoch: 50, Iteration: 353, Loss: 0.12705650925636292
INFO:root:Epoch: 50, Iteration: 354, Loss: 0.10035879164934158
INFO:root:Epoch: 50, Iteration: 355, Loss: 0.11019928008317947
INFO:root:Epoch: 50, Iteration: 356, Loss: 0.1423770785331726
INFO:root:Epoch: 50, Iteration: 357, Loss: 0.08967567980289459
INFO:root:Validation set mIOU: 80.69402420522952
INFO:root:Epoch: 51, Iteration: 358, Loss: 0.19054685533046722
INFO:root:Epoch: 51, Iteration: 359, Loss: 0.11318124830722809
INFO:root:Epoch: 51, Iteration: 360, Loss: 0.11421100795269012
INFO:root:Epoch: 51, Iteration: 361, Loss: 0.10642583668231964
INFO:root:Epoch: 51, Iteration: 362, Loss: 0.09690830111503601
INFO:root:Epoch: 51, Iteration: 363, Loss: 0.08804856240749359
INFO:root:Epoch: 51, Iteration: 364, Loss: 0.09015187621116638
INFO:root:Validation set mIOU: 81.28678414947129
INFO:root:Epoch: 52, Iteration: 365, Loss: 0.1027953028678894
INFO:root:Epoch: 52, Iteration: 366, Loss: 0.12296415120363235
INFO:root:Epoch: 52, Iteration: 367, Loss: 0.1082768589258194
INFO:root:Epoch: 52, Iteration: 368, Loss: 0.11606626212596893
INFO:root:Epoch: 52, Iteration: 369, Loss: 0.08734690397977829
INFO:root:Epoch: 52, Iteration: 370, Loss: 0.10776161402463913
INFO:root:Epoch: 52, Iteration: 371, Loss: 0.11136787384748459
INFO:root:Validation set mIOU: 81.35801240384347
INFO:root:Epoch: 53, Iteration: 372, Loss: 0.10379166156053543
INFO:root:Epoch: 53, Iteration: 373, Loss: 0.09340043365955353
INFO:root:Epoch: 53, Iteration: 374, Loss: 0.11375589668750763
INFO:root:Epoch: 53, Iteration: 375, Loss: 0.10740213841199875
INFO:root:Epoch: 53, Iteration: 376, Loss: 0.12239401042461395
INFO:root:Epoch: 53, Iteration: 377, Loss: 0.11556768417358398
INFO:root:Epoch: 53, Iteration: 378, Loss: 0.09450429677963257
INFO:root:Validation set mIOU: 81.36022493128424
INFO:root:Epoch: 54, Iteration: 379, Loss: 0.10059506446123123
INFO:root:Epoch: 54, Iteration: 380, Loss: 0.1287962943315506
INFO:root:Epoch: 54, Iteration: 381, Loss: 0.13042102754116058
INFO:root:Epoch: 54, Iteration: 382, Loss: 0.09567631781101227
INFO:root:Epoch: 54, Iteration: 383, Loss: 0.11359928548336029
INFO:root:Epoch: 54, Iteration: 384, Loss: 0.09934664517641068
INFO:root:Epoch: 54, Iteration: 385, Loss: 0.0970861166715622
INFO:root:Validation set mIOU: 81.68612880328911
INFO:root:Epoch: 55, Iteration: 386, Loss: 0.09787243604660034
INFO:root:Epoch: 55, Iteration: 387, Loss: 0.10520097613334656
INFO:root:Epoch: 55, Iteration: 388, Loss: 0.09500860422849655
INFO:root:Epoch: 55, Iteration: 389, Loss: 0.1634567379951477
INFO:root:Epoch: 55, Iteration: 390, Loss: 0.10667257010936737
INFO:root:Epoch: 55, Iteration: 391, Loss: 0.12816159427165985
INFO:root:Epoch: 55, Iteration: 392, Loss: 0.1201009601354599
INFO:root:Validation set mIOU: 81.48615549654879
INFO:root:Epoch: 56, Iteration: 393, Loss: 0.1236744150519371
INFO:root:Epoch: 56, Iteration: 394, Loss: 0.12354017049074173
INFO:root:Epoch: 56, Iteration: 395, Loss: 0.0894482210278511
INFO:root:Epoch: 56, Iteration: 396, Loss: 0.0964844822883606
INFO:root:Epoch: 56, Iteration: 397, Loss: 0.09695092588663101
INFO:root:Epoch: 56, Iteration: 398, Loss: 0.09196466952562332
INFO:root:Epoch: 56, Iteration: 399, Loss: 0.08788764476776123
INFO:root:Validation set mIOU: 81.51935886298571
INFO:root:Epoch: 57, Iteration: 400, Loss: 0.1144590675830841
INFO:root:Epoch: 57, Iteration: 401, Loss: 0.18916267156600952
INFO:root:Epoch: 57, Iteration: 402, Loss: 0.09559626877307892
INFO:root:Epoch: 57, Iteration: 403, Loss: 0.09108540415763855
INFO:root:Epoch: 57, Iteration: 404, Loss: 0.09261660277843475
INFO:root:Epoch: 57, Iteration: 405, Loss: 0.09560169279575348
INFO:root:Epoch: 57, Iteration: 406, Loss: 0.09086856245994568
INFO:root:Validation set mIOU: 81.05733901843672
INFO:root:Epoch: 58, Iteration: 407, Loss: 0.11314284801483154
INFO:root:Epoch: 58, Iteration: 408, Loss: 0.10214931517839432
INFO:root:Epoch: 58, Iteration: 409, Loss: 0.09814369678497314
INFO:root:Epoch: 58, Iteration: 410, Loss: 0.0995451882481575
INFO:root:Epoch: 58, Iteration: 411, Loss: 0.12132298946380615
INFO:root:Epoch: 58, Iteration: 412, Loss: 0.11744502186775208
INFO:root:Epoch: 58, Iteration: 413, Loss: 0.09857609868049622
INFO:root:Validation set mIOU: 80.88690395947822
INFO:root:Epoch: 59, Iteration: 414, Loss: 0.08856555074453354
INFO:root:Epoch: 59, Iteration: 415, Loss: 0.10407987982034683
INFO:root:Epoch: 59, Iteration: 416, Loss: 0.1042061448097229
INFO:root:Epoch: 59, Iteration: 417, Loss: 0.10671540349721909
INFO:root:Epoch: 59, Iteration: 418, Loss: 0.1104876697063446
INFO:root:Epoch: 59, Iteration: 419, Loss: 0.12044013291597366
INFO:root:Epoch: 59, Iteration: 420, Loss: 0.11292411386966705
INFO:root:Validation set mIOU: 81.52129276714787
INFO:root:Epoch: 60, Iteration: 421, Loss: 0.08466331660747528
INFO:root:Epoch: 60, Iteration: 422, Loss: 0.12365101277828217
INFO:root:Epoch: 60, Iteration: 423, Loss: 0.1021585613489151
INFO:root:Epoch: 60, Iteration: 424, Loss: 0.1018606573343277
INFO:root:Epoch: 60, Iteration: 425, Loss: 0.10580693930387497
INFO:root:Epoch: 60, Iteration: 426, Loss: 0.09690769761800766
INFO:root:Epoch: 60, Iteration: 427, Loss: 0.09237027168273926
INFO:root:Validation set mIOU: 82.12998252445352
INFO:root:Epoch: 61, Iteration: 428, Loss: 0.0846814438700676
INFO:root:Epoch: 61, Iteration: 429, Loss: 0.14233630895614624
INFO:root:Epoch: 61, Iteration: 430, Loss: 0.1095796525478363
INFO:root:Epoch: 61, Iteration: 431, Loss: 0.15835018455982208
INFO:root:Epoch: 61, Iteration: 432, Loss: 0.0820312574505806
INFO:root:Epoch: 61, Iteration: 433, Loss: 0.11742908507585526
INFO:root:Epoch: 61, Iteration: 434, Loss: 0.12355924397706985
INFO:root:Validation set mIOU: 80.73442894049172
INFO:root:Epoch: 62, Iteration: 435, Loss: 0.13022637367248535
INFO:root:Epoch: 62, Iteration: 436, Loss: 0.10392379015684128
INFO:root:Epoch: 62, Iteration: 437, Loss: 0.10235351324081421
INFO:root:Epoch: 62, Iteration: 438, Loss: 0.09776057302951813
INFO:root:Epoch: 62, Iteration: 439, Loss: 0.11163069307804108
INFO:root:Epoch: 62, Iteration: 440, Loss: 0.10000006854534149
INFO:root:Epoch: 62, Iteration: 441, Loss: 0.09908250719308853
INFO:root:Validation set mIOU: 81.32514747629024
INFO:root:Epoch: 63, Iteration: 442, Loss: 0.13286156952381134
INFO:root:Epoch: 63, Iteration: 443, Loss: 0.10972493886947632
INFO:root:Epoch: 63, Iteration: 444, Loss: 0.09679260849952698
INFO:root:Epoch: 63, Iteration: 445, Loss: 0.10400556772947311
INFO:root:Epoch: 63, Iteration: 446, Loss: 0.09876570105552673
INFO:root:Epoch: 63, Iteration: 447, Loss: 0.10316205024719238
INFO:root:Epoch: 63, Iteration: 448, Loss: 0.09644440561532974
INFO:root:Validation set mIOU: 81.92968205542873
INFO:root:Epoch: 64, Iteration: 449, Loss: 0.10874572396278381
INFO:root:Epoch: 64, Iteration: 450, Loss: 0.11348272114992142
INFO:root:Epoch: 64, Iteration: 451, Loss: 0.0908755287528038
INFO:root:Epoch: 64, Iteration: 452, Loss: 0.1838364452123642
INFO:root:Epoch: 64, Iteration: 453, Loss: 0.10511312633752823
INFO:root:Epoch: 64, Iteration: 454, Loss: 0.09886307269334793
INFO:root:Epoch: 64, Iteration: 455, Loss: 0.12602655589580536
INFO:root:Validation set mIOU: 81.61292920900945
INFO:root:Epoch: 65, Iteration: 456, Loss: 0.09120842069387436
INFO:root:Epoch: 65, Iteration: 457, Loss: 0.10739417374134064
INFO:root:Epoch: 65, Iteration: 458, Loss: 0.10335834324359894
INFO:root:Epoch: 65, Iteration: 459, Loss: 0.1358238309621811
INFO:root:Epoch: 65, Iteration: 460, Loss: 0.10424121469259262
INFO:root:Epoch: 65, Iteration: 461, Loss: 0.15064191818237305
INFO:root:Epoch: 65, Iteration: 462, Loss: 0.10941387712955475
INFO:root:Validation set mIOU: 82.32146841878813
INFO:root:Epoch: 66, Iteration: 463, Loss: 0.10261906683444977
INFO:root:Epoch: 66, Iteration: 464, Loss: 0.09043323248624802
INFO:root:Epoch: 66, Iteration: 465, Loss: 0.12220270186662674
INFO:root:Epoch: 66, Iteration: 466, Loss: 0.09633778035640717
INFO:root:Epoch: 66, Iteration: 467, Loss: 0.09036441147327423
INFO:root:Epoch: 66, Iteration: 468, Loss: 0.11637495458126068
INFO:root:Epoch: 66, Iteration: 469, Loss: 0.09982123225927353
INFO:root:Validation set mIOU: 82.5266525027156
INFO:root:Epoch: 67, Iteration: 470, Loss: 0.08602036535739899
INFO:root:Epoch: 67, Iteration: 471, Loss: 0.1786438375711441
INFO:root:Epoch: 67, Iteration: 472, Loss: 0.11444754153490067
INFO:root:Epoch: 67, Iteration: 473, Loss: 0.1242155134677887
INFO:root:Epoch: 67, Iteration: 474, Loss: 0.10147790610790253
INFO:root:Epoch: 67, Iteration: 475, Loss: 0.0993720069527626
INFO:root:Epoch: 67, Iteration: 476, Loss: 0.08584695309400558
INFO:root:Validation set mIOU: 82.20786963208414
INFO:root:Epoch: 68, Iteration: 477, Loss: 0.09815394133329391
INFO:root:Epoch: 68, Iteration: 478, Loss: 0.14735297858715057
INFO:root:Epoch: 68, Iteration: 479, Loss: 0.08262864500284195
INFO:root:Epoch: 68, Iteration: 480, Loss: 0.09957645833492279
INFO:root:Epoch: 68, Iteration: 481, Loss: 0.09336395561695099
INFO:root:Epoch: 68, Iteration: 482, Loss: 0.13365894556045532
INFO:root:Epoch: 68, Iteration: 483, Loss: 0.13141128420829773
INFO:root:Validation set mIOU: 82.57964095038889
INFO:root:Epoch: 69, Iteration: 484, Loss: 0.09181328862905502
INFO:root:Epoch: 69, Iteration: 485, Loss: 0.11166691780090332
INFO:root:Epoch: 69, Iteration: 486, Loss: 0.0883452519774437
INFO:root:Epoch: 69, Iteration: 487, Loss: 0.09119582176208496
INFO:root:Epoch: 69, Iteration: 488, Loss: 0.09697211533784866
INFO:root:Epoch: 69, Iteration: 489, Loss: 0.11019676178693771
INFO:root:Epoch: 69, Iteration: 490, Loss: 0.08687743544578552
INFO:root:Validation set mIOU: 82.62905913631377
INFO:root:Epoch: 70, Iteration: 491, Loss: 0.09881779551506042
INFO:root:Epoch: 70, Iteration: 492, Loss: 0.07629764080047607
INFO:root:Epoch: 70, Iteration: 493, Loss: 0.13452665507793427
INFO:root:Epoch: 70, Iteration: 494, Loss: 0.15217988193035126
INFO:root:Epoch: 70, Iteration: 495, Loss: 0.1065344586968422
INFO:root:Epoch: 70, Iteration: 496, Loss: 0.0970199853181839
INFO:root:Epoch: 70, Iteration: 497, Loss: 0.1164328083395958
INFO:root:Validation set mIOU: 82.15913624782569
INFO:root:Epoch: 71, Iteration: 498, Loss: 0.11862766742706299
INFO:root:Epoch: 71, Iteration: 499, Loss: 0.11882384121417999
INFO:root:Epoch: 71, Iteration: 500, Loss: 0.09429966658353806
INFO:root:Epoch: 71, Iteration: 501, Loss: 0.08241752535104752
INFO:root:Epoch: 71, Iteration: 502, Loss: 0.09601233899593353
INFO:root:Epoch: 71, Iteration: 503, Loss: 0.09002059698104858
INFO:root:Epoch: 71, Iteration: 504, Loss: 0.12058517336845398
INFO:root:Validation set mIOU: 81.16341716776878
INFO:root:Epoch: 72, Iteration: 505, Loss: 0.09171612560749054
INFO:root:Epoch: 72, Iteration: 506, Loss: 0.13508839905261993
INFO:root:Epoch: 72, Iteration: 507, Loss: 0.10823152214288712
INFO:root:Epoch: 72, Iteration: 508, Loss: 0.11031407117843628
INFO:root:Epoch: 72, Iteration: 509, Loss: 0.08021490275859833
INFO:root:Epoch: 72, Iteration: 510, Loss: 0.08441321551799774
INFO:root:Epoch: 72, Iteration: 511, Loss: 0.0981411263346672
INFO:root:Validation set mIOU: 81.56490229167872
INFO:root:Epoch: 73, Iteration: 512, Loss: 0.09151123464107513
INFO:root:Epoch: 73, Iteration: 513, Loss: 0.11396751552820206
INFO:root:Epoch: 73, Iteration: 514, Loss: 0.08507492393255234
INFO:root:Epoch: 73, Iteration: 515, Loss: 0.08858587592840195
INFO:root:Epoch: 73, Iteration: 516, Loss: 0.10715863853693008
INFO:root:Epoch: 73, Iteration: 517, Loss: 0.09288234263658524
INFO:root:Epoch: 73, Iteration: 518, Loss: 0.10215022414922714
INFO:root:Validation set mIOU: 81.87215495640915
INFO:root:Epoch: 74, Iteration: 519, Loss: 0.08695729821920395
INFO:root:Epoch: 74, Iteration: 520, Loss: 0.11384189128875732
INFO:root:Epoch: 74, Iteration: 521, Loss: 0.12009905278682709
INFO:root:Epoch: 74, Iteration: 522, Loss: 0.1075732633471489
INFO:root:Epoch: 74, Iteration: 523, Loss: 0.10860805958509445
INFO:root:Epoch: 74, Iteration: 524, Loss: 0.0958031490445137
INFO:root:Epoch: 74, Iteration: 525, Loss: 0.11525006592273712
INFO:root:Validation set mIOU: 82.3730777562306
INFO:root:Epoch: 75, Iteration: 526, Loss: 0.10935639590024948
INFO:root:Epoch: 75, Iteration: 527, Loss: 0.09642960876226425
INFO:root:Epoch: 75, Iteration: 528, Loss: 0.0800263062119484
INFO:root:Epoch: 75, Iteration: 529, Loss: 0.08655708283185959
INFO:root:Epoch: 75, Iteration: 530, Loss: 0.0988302230834961
INFO:root:Epoch: 75, Iteration: 531, Loss: 0.1159401684999466
INFO:root:Epoch: 75, Iteration: 532, Loss: 0.08289685100317001
INFO:root:Validation set mIOU: 82.50494832383151
INFO:root:Epoch: 76, Iteration: 533, Loss: 0.08905330300331116
INFO:root:Epoch: 76, Iteration: 534, Loss: 0.09390391409397125
INFO:root:Epoch: 76, Iteration: 535, Loss: 0.09112472087144852
INFO:root:Epoch: 76, Iteration: 536, Loss: 0.09759571403265
INFO:root:Epoch: 76, Iteration: 537, Loss: 0.08225377649068832
INFO:root:Epoch: 76, Iteration: 538, Loss: 0.10765475034713745
INFO:root:Epoch: 76, Iteration: 539, Loss: 0.09865904599428177
INFO:root:Validation set mIOU: 82.53956560707456
INFO:root:Epoch: 77, Iteration: 540, Loss: 0.1128140315413475
INFO:root:Epoch: 77, Iteration: 541, Loss: 0.11653020977973938
INFO:root:Epoch: 77, Iteration: 542, Loss: 0.09229528903961182
INFO:root:Epoch: 77, Iteration: 543, Loss: 0.12782050669193268
INFO:root:Epoch: 77, Iteration: 544, Loss: 0.1369023323059082
INFO:root:Epoch: 77, Iteration: 545, Loss: 0.0885171890258789
INFO:root:Epoch: 77, Iteration: 546, Loss: 0.10292115807533264
INFO:root:Validation set mIOU: 82.24243851756498
INFO:root:Epoch: 78, Iteration: 547, Loss: 0.10048136115074158
INFO:root:Epoch: 78, Iteration: 548, Loss: 0.09310592710971832
INFO:root:Epoch: 78, Iteration: 549, Loss: 0.1338685005903244
INFO:root:Epoch: 78, Iteration: 550, Loss: 0.09289342910051346
INFO:root:Epoch: 78, Iteration: 551, Loss: 0.07563481479883194
INFO:root:Epoch: 78, Iteration: 552, Loss: 0.10951688140630722
INFO:root:Epoch: 78, Iteration: 553, Loss: 0.10989847779273987
INFO:root:Validation set mIOU: 81.83842155760756
INFO:root:Epoch: 79, Iteration: 554, Loss: 0.08083368092775345
INFO:root:Epoch: 79, Iteration: 555, Loss: 0.09663423150777817
INFO:root:Epoch: 79, Iteration: 556, Loss: 0.12470191717147827
INFO:root:Epoch: 79, Iteration: 557, Loss: 0.0925527811050415
INFO:root:Epoch: 79, Iteration: 558, Loss: 0.09487093240022659
INFO:root:Epoch: 79, Iteration: 559, Loss: 0.08947690576314926
INFO:root:Epoch: 79, Iteration: 560, Loss: 0.10195863246917725
INFO:root:Validation set mIOU: 81.87145076886205
INFO:root:Epoch: 80, Iteration: 561, Loss: 0.12694011628627777
INFO:root:Epoch: 80, Iteration: 562, Loss: 0.11068957298994064
INFO:root:Epoch: 80, Iteration: 563, Loss: 0.10687343776226044
INFO:root:Epoch: 80, Iteration: 564, Loss: 0.10746758431196213
INFO:root:Epoch: 80, Iteration: 565, Loss: 0.0814719870686531
INFO:root:Epoch: 80, Iteration: 566, Loss: 0.1073145791888237
INFO:root:Epoch: 80, Iteration: 567, Loss: 0.07228031754493713
INFO:root:Validation set mIOU: 81.82692703859539
INFO:root:Epoch: 81, Iteration: 568, Loss: 0.0994531512260437
INFO:root:Epoch: 81, Iteration: 569, Loss: 0.08135778456926346
INFO:root:Epoch: 81, Iteration: 570, Loss: 0.10950810462236404
INFO:root:Epoch: 81, Iteration: 571, Loss: 0.08090636879205704
INFO:root:Epoch: 81, Iteration: 572, Loss: 0.10455629229545593
INFO:root:Epoch: 81, Iteration: 573, Loss: 0.1075926423072815
INFO:root:Epoch: 81, Iteration: 574, Loss: 0.10848076641559601
INFO:root:Validation set mIOU: 81.92582965459182
INFO:root:Epoch: 82, Iteration: 575, Loss: 0.09717053920030594
INFO:root:Epoch: 82, Iteration: 576, Loss: 0.10111972689628601
INFO:root:Epoch: 82, Iteration: 577, Loss: 0.07576147466897964
INFO:root:Epoch: 82, Iteration: 578, Loss: 0.084632508456707
INFO:root:Epoch: 82, Iteration: 579, Loss: 0.08613332360982895
INFO:root:Epoch: 82, Iteration: 580, Loss: 0.09101971983909607
INFO:root:Epoch: 82, Iteration: 581, Loss: 0.08110777288675308
INFO:root:Validation set mIOU: 82.36276387701983
INFO:root:Epoch: 83, Iteration: 582, Loss: 0.08825637400150299
INFO:root:Epoch: 83, Iteration: 583, Loss: 0.09043271839618683
INFO:root:Epoch: 83, Iteration: 584, Loss: 0.1138312816619873
INFO:root:Epoch: 83, Iteration: 585, Loss: 0.09708423167467117
INFO:root:Epoch: 83, Iteration: 586, Loss: 0.07939714193344116
INFO:root:Epoch: 83, Iteration: 587, Loss: 0.08933817595243454
INFO:root:Epoch: 83, Iteration: 588, Loss: 0.11413093656301498
INFO:root:Validation set mIOU: 82.68268288404104
INFO:root:Epoch: 84, Iteration: 589, Loss: 0.11156028509140015
INFO:root:Epoch: 84, Iteration: 590, Loss: 0.09122592955827713
INFO:root:Epoch: 84, Iteration: 591, Loss: 0.13311128318309784
INFO:root:Epoch: 84, Iteration: 592, Loss: 0.10841041803359985
INFO:root:Epoch: 84, Iteration: 593, Loss: 0.09764107316732407
INFO:root:Epoch: 84, Iteration: 594, Loss: 0.07445160299539566
INFO:root:Epoch: 84, Iteration: 595, Loss: 0.08431123197078705
INFO:root:Validation set mIOU: 82.40574527894186
INFO:root:Epoch: 85, Iteration: 596, Loss: 0.10030058771371841
INFO:root:Epoch: 85, Iteration: 597, Loss: 0.09903213381767273
INFO:root:Epoch: 85, Iteration: 598, Loss: 0.09630412608385086
INFO:root:Epoch: 85, Iteration: 599, Loss: 0.08709260076284409
INFO:root:Epoch: 85, Iteration: 600, Loss: 0.12208447605371475
INFO:root:Epoch: 85, Iteration: 601, Loss: 0.08206434547901154
INFO:root:Epoch: 85, Iteration: 602, Loss: 0.09714753925800323
INFO:root:Validation set mIOU: 82.43360249965575
INFO:root:Epoch: 86, Iteration: 603, Loss: 0.08216205984354019
INFO:root:Epoch: 86, Iteration: 604, Loss: 0.09836269915103912
INFO:root:Epoch: 86, Iteration: 605, Loss: 0.09342848509550095
INFO:root:Epoch: 86, Iteration: 606, Loss: 0.10945073515176773
INFO:root:Epoch: 86, Iteration: 607, Loss: 0.14005544781684875
INFO:root:Epoch: 86, Iteration: 608, Loss: 0.09828360378742218
INFO:root:Epoch: 86, Iteration: 609, Loss: 0.10943672806024551
INFO:root:Validation set mIOU: 82.35104496005276
INFO:root:Epoch: 87, Iteration: 610, Loss: 0.10703970491886139
INFO:root:Epoch: 87, Iteration: 611, Loss: 0.0993342325091362
INFO:root:Epoch: 87, Iteration: 612, Loss: 0.10943818092346191
INFO:root:Epoch: 87, Iteration: 613, Loss: 0.08071724325418472
INFO:root:Epoch: 87, Iteration: 614, Loss: 0.09264432638883591
INFO:root:Epoch: 87, Iteration: 615, Loss: 0.10362955927848816
INFO:root:Epoch: 87, Iteration: 616, Loss: 0.10226322710514069
INFO:root:Validation set mIOU: 82.35092499021408
INFO:root:Epoch: 88, Iteration: 617, Loss: 0.09705106914043427
INFO:root:Epoch: 88, Iteration: 618, Loss: 0.0932198315858841
INFO:root:Epoch: 88, Iteration: 619, Loss: 0.12261131405830383
INFO:root:Epoch: 88, Iteration: 620, Loss: 0.09611401706933975
INFO:root:Epoch: 88, Iteration: 621, Loss: 0.09463620185852051
INFO:root:Epoch: 88, Iteration: 622, Loss: 0.07654319703578949
INFO:root:Epoch: 88, Iteration: 623, Loss: 0.07887668907642365
INFO:root:Validation set mIOU: 82.39761436394589
INFO:root:Epoch: 89, Iteration: 624, Loss: 0.10635291785001755
INFO:root:Epoch: 89, Iteration: 625, Loss: 0.11636226624250412
INFO:root:Epoch: 89, Iteration: 626, Loss: 0.11247710883617401
INFO:root:Epoch: 89, Iteration: 627, Loss: 0.1042751744389534
INFO:root:Epoch: 89, Iteration: 628, Loss: 0.07551466673612595
INFO:root:Epoch: 89, Iteration: 629, Loss: 0.08709463477134705
INFO:root:Epoch: 89, Iteration: 630, Loss: 0.09251895546913147
INFO:root:Validation set mIOU: 82.40679967382934
INFO:root:Epoch: 90, Iteration: 631, Loss: 0.08838075399398804
INFO:root:Epoch: 90, Iteration: 632, Loss: 0.09012603014707565
INFO:root:Epoch: 90, Iteration: 633, Loss: 0.10321076959371567
INFO:root:Epoch: 90, Iteration: 634, Loss: 0.09502644091844559
INFO:root:Epoch: 90, Iteration: 635, Loss: 0.09143334627151489
INFO:root:Epoch: 90, Iteration: 636, Loss: 0.07864495366811752
INFO:root:Epoch: 90, Iteration: 637, Loss: 0.1008080467581749
INFO:root:Validation set mIOU: 82.31274668214998
INFO:root:Epoch: 91, Iteration: 638, Loss: 0.11942131072282791
INFO:root:Epoch: 91, Iteration: 639, Loss: 0.09954356402158737
INFO:root:Epoch: 91, Iteration: 640, Loss: 0.0964685007929802
INFO:root:Epoch: 91, Iteration: 641, Loss: 0.08766854554414749
INFO:root:Epoch: 91, Iteration: 642, Loss: 0.09217212349176407
INFO:root:Epoch: 91, Iteration: 643, Loss: 0.08105026185512543
INFO:root:Epoch: 91, Iteration: 644, Loss: 0.13400843739509583
INFO:root:Validation set mIOU: 81.95478877406019
INFO:root:Epoch: 92, Iteration: 645, Loss: 0.10009054094552994
INFO:root:Epoch: 92, Iteration: 646, Loss: 0.09431014209985733
INFO:root:Epoch: 92, Iteration: 647, Loss: 0.08855868875980377
INFO:root:Epoch: 92, Iteration: 648, Loss: 0.12091691046953201
INFO:root:Epoch: 92, Iteration: 649, Loss: 0.07610591500997543
INFO:root:Epoch: 92, Iteration: 650, Loss: 0.10596267133951187
INFO:root:Epoch: 92, Iteration: 651, Loss: 0.09078864008188248
INFO:root:Validation set mIOU: 82.15055147776548
INFO:root:Epoch: 93, Iteration: 652, Loss: 0.09441733360290527
INFO:root:Epoch: 93, Iteration: 653, Loss: 0.08572937548160553
INFO:root:Epoch: 93, Iteration: 654, Loss: 0.08452486246824265
INFO:root:Epoch: 93, Iteration: 655, Loss: 0.10940125584602356
INFO:root:Epoch: 93, Iteration: 656, Loss: 0.0795576423406601
INFO:root:Epoch: 93, Iteration: 657, Loss: 0.10701968520879745
INFO:root:Epoch: 93, Iteration: 658, Loss: 0.09841816127300262
INFO:root:Validation set mIOU: 82.16571750658353
INFO:root:Epoch: 94, Iteration: 659, Loss: 0.10289662331342697
INFO:root:Epoch: 94, Iteration: 660, Loss: 0.10100173950195312
INFO:root:Epoch: 94, Iteration: 661, Loss: 0.15794336795806885
INFO:root:Epoch: 94, Iteration: 662, Loss: 0.08307697623968124
INFO:root:Epoch: 94, Iteration: 663, Loss: 0.08353054523468018
INFO:root:Epoch: 94, Iteration: 664, Loss: 0.09684053808450699
INFO:root:Epoch: 94, Iteration: 665, Loss: 0.09087739139795303
INFO:root:Validation set mIOU: 82.37179466722826
INFO:root:Epoch: 95, Iteration: 666, Loss: 0.08805394172668457
INFO:root:Epoch: 95, Iteration: 667, Loss: 0.10394780337810516
INFO:root:Epoch: 95, Iteration: 668, Loss: 0.07063189893960953
INFO:root:Epoch: 95, Iteration: 669, Loss: 0.08826489001512527
INFO:root:Epoch: 95, Iteration: 670, Loss: 0.08701182156801224
INFO:root:Epoch: 95, Iteration: 671, Loss: 0.11973852664232254
INFO:root:Epoch: 95, Iteration: 672, Loss: 0.0928775742650032
INFO:root:Validation set mIOU: 82.17319878638206
INFO:root:Epoch: 96, Iteration: 673, Loss: 0.07845895737409592
INFO:root:Epoch: 96, Iteration: 674, Loss: 0.08863659203052521
INFO:root:Epoch: 96, Iteration: 675, Loss: 0.11160481721162796
INFO:root:Epoch: 96, Iteration: 676, Loss: 0.10214434564113617
INFO:root:Epoch: 96, Iteration: 677, Loss: 0.10921946913003922
INFO:root:Epoch: 96, Iteration: 678, Loss: 0.09413035213947296
INFO:root:Epoch: 96, Iteration: 679, Loss: 0.09066735953092575
INFO:root:Validation set mIOU: 82.46364396518511
INFO:root:Epoch: 97, Iteration: 680, Loss: 0.09800122678279877
INFO:root:Epoch: 97, Iteration: 681, Loss: 0.08204477280378342
INFO:root:Epoch: 97, Iteration: 682, Loss: 0.0950826033949852
INFO:root:Epoch: 97, Iteration: 683, Loss: 0.1096503958106041
INFO:root:Epoch: 97, Iteration: 684, Loss: 0.110517717897892
INFO:root:Epoch: 97, Iteration: 685, Loss: 0.09362652897834778
INFO:root:Epoch: 97, Iteration: 686, Loss: 0.07795926183462143
INFO:root:Validation set mIOU: 82.47436259245683
INFO:root:Epoch: 98, Iteration: 687, Loss: 0.08207540959119797
INFO:root:Epoch: 98, Iteration: 688, Loss: 0.10209526121616364
INFO:root:Epoch: 98, Iteration: 689, Loss: 0.11654289811849594
INFO:root:Epoch: 98, Iteration: 690, Loss: 0.08389220386743546
INFO:root:Epoch: 98, Iteration: 691, Loss: 0.09330670535564423
INFO:root:Epoch: 98, Iteration: 692, Loss: 0.08454357087612152
INFO:root:Epoch: 98, Iteration: 693, Loss: 0.09523298591375351
INFO:root:Validation set mIOU: 82.2921177417554
INFO:root:Epoch: 99, Iteration: 694, Loss: 0.09373390674591064
INFO:root:Epoch: 99, Iteration: 695, Loss: 0.0927160382270813
INFO:root:Epoch: 99, Iteration: 696, Loss: 0.09131279587745667
INFO:root:Epoch: 99, Iteration: 697, Loss: 0.09878500550985336
INFO:root:Epoch: 99, Iteration: 698, Loss: 0.08283013850450516
INFO:root:Epoch: 99, Iteration: 699, Loss: 0.13484624028205872
INFO:root:Epoch: 99, Iteration: 700, Loss: 0.0885988175868988
INFO:root:Validation set mIOU: 82.54929105836139
