INFO:root:{'addition': 'circular_cutout',
 'backbone': 'resnet50',
 'batch_size': 16,
 'batch_size_consistency': 16,
 'conf_thres': 0.95,
 'config': 'configs/dataset2.yaml',
 'consistency_training': False,
 'crop_size': 320,
 'data_root': './',
 'dataset': 'dataset2',
 'epochs': 100,
 'labeled_id_path': 'dataset/splits/dataset2/1_4/split_random/labeled.txt',
 'lr': 0.0009,
 'model': 'pspnet',
 'ngpus': 1,
 'plus': False,
 'pseudo_consistency_mask_path': None,
 'pseudo_mask_path': 'outdir/pseudo_masks/dataset2/1_4/split_random/pspnet/resnet50/circular_cutout/self_training/non_consistency_training/second_time',
 'rand_thres': 0.8,
 'reliable_id_path': None,
 'save_path': 'outdir/models/dataset2/1_4/split_random/pspnet/resnet50/circular_cutout/self_training/non_consistency_training/second_time',
 'time': 2,
 'unlabeled_id_path': 'dataset/splits/dataset2/1_4/split_random/unlabeled.txt',
 'warm_up': 30}

INFO:root:Training supervised with consistency on unlabeled images
INFO:root:Epoch: 0, Iteration: 1, Loss: 1.1079930067062378
INFO:root:Epoch: 0, Iteration: 2, Loss: 0.7923848628997803
INFO:root:Validation set mIOU: 28.67634339002649
INFO:root:Epoch: 1, Iteration: 3, Loss: 0.5513204336166382
INFO:root:Epoch: 1, Iteration: 4, Loss: 0.45637476444244385
INFO:root:Validation set mIOU: 56.1386382020601
INFO:root:Epoch: 2, Iteration: 5, Loss: 0.38385704159736633
INFO:root:Epoch: 2, Iteration: 6, Loss: 0.34212034940719604
INFO:root:Validation set mIOU: 59.984006015290205
INFO:root:Epoch: 3, Iteration: 7, Loss: 0.34351518750190735
INFO:root:Epoch: 3, Iteration: 8, Loss: 0.33117079734802246
INFO:root:Validation set mIOU: 61.16333718629164
INFO:root:Epoch: 4, Iteration: 9, Loss: 0.2776266634464264
INFO:root:Epoch: 4, Iteration: 10, Loss: 0.2705118656158447
INFO:root:Validation set mIOU: 60.339525269575574
INFO:root:Epoch: 5, Iteration: 11, Loss: 0.312162309885025
INFO:root:Epoch: 5, Iteration: 12, Loss: 0.28410083055496216
INFO:root:Validation set mIOU: 59.45742346739499
INFO:root:Epoch: 6, Iteration: 13, Loss: 0.21828202903270721
INFO:root:Epoch: 6, Iteration: 14, Loss: 0.21415334939956665
INFO:root:Validation set mIOU: 58.19639201611854
INFO:root:Epoch: 7, Iteration: 15, Loss: 0.25548484921455383
INFO:root:Epoch: 7, Iteration: 16, Loss: 0.27610164880752563
INFO:root:Validation set mIOU: 60.11360148852112
INFO:root:Epoch: 8, Iteration: 17, Loss: 0.23219123482704163
INFO:root:Epoch: 8, Iteration: 18, Loss: 0.2607441544532776
INFO:root:Validation set mIOU: 63.48095228014695
INFO:root:Epoch: 9, Iteration: 19, Loss: 0.22173210978507996
INFO:root:Epoch: 9, Iteration: 20, Loss: 0.23779480159282684
INFO:root:Validation set mIOU: 66.99456770109062
INFO:root:Epoch: 10, Iteration: 21, Loss: 0.24496319890022278
INFO:root:Epoch: 10, Iteration: 22, Loss: 0.22727470099925995
INFO:root:Validation set mIOU: 68.1580218403043
INFO:root:Epoch: 11, Iteration: 23, Loss: 0.22016264498233795
INFO:root:Epoch: 11, Iteration: 24, Loss: 0.1960933655500412
INFO:root:Validation set mIOU: 68.39380734469502
INFO:root:Epoch: 12, Iteration: 25, Loss: 0.21104075014591217
INFO:root:Epoch: 12, Iteration: 26, Loss: 0.19274896383285522
INFO:root:Validation set mIOU: 67.73846866229464
INFO:root:Epoch: 13, Iteration: 27, Loss: 0.1848965734243393
INFO:root:Epoch: 13, Iteration: 28, Loss: 0.185321643948555
INFO:root:Validation set mIOU: 67.5819279692385
INFO:root:Epoch: 14, Iteration: 29, Loss: 0.18153171241283417
INFO:root:Epoch: 14, Iteration: 30, Loss: 0.19488461315631866
INFO:root:Validation set mIOU: 68.05681894594939
INFO:root:Epoch: 15, Iteration: 31, Loss: 0.15763431787490845
INFO:root:Epoch: 15, Iteration: 32, Loss: 0.1841895580291748
INFO:root:Validation set mIOU: 69.24690920149949
INFO:root:Epoch: 16, Iteration: 33, Loss: 0.18200522661209106
INFO:root:Epoch: 16, Iteration: 34, Loss: 0.16516725718975067
INFO:root:Validation set mIOU: 70.78045661085737
INFO:root:Epoch: 17, Iteration: 35, Loss: 0.2217765748500824
INFO:root:Epoch: 17, Iteration: 36, Loss: 0.14852209389209747
INFO:root:Validation set mIOU: 71.32866990553947
INFO:root:Epoch: 18, Iteration: 37, Loss: 0.1547771394252777
INFO:root:Epoch: 18, Iteration: 38, Loss: 0.1486198604106903
INFO:root:Validation set mIOU: 71.473191242762
INFO:root:Epoch: 19, Iteration: 39, Loss: 0.15342403948307037
INFO:root:Epoch: 19, Iteration: 40, Loss: 0.161372110247612
INFO:root:Validation set mIOU: 71.37525855396548
INFO:root:Epoch: 20, Iteration: 41, Loss: 0.15345938503742218
INFO:root:Epoch: 20, Iteration: 42, Loss: 0.14739331603050232
INFO:root:Validation set mIOU: 71.45366040784809
INFO:root:Epoch: 21, Iteration: 43, Loss: 0.14915718138217926
INFO:root:Epoch: 21, Iteration: 44, Loss: 0.15493334829807281
INFO:root:Validation set mIOU: 71.62605656554862
INFO:root:Epoch: 22, Iteration: 45, Loss: 0.16106265783309937
INFO:root:Epoch: 22, Iteration: 46, Loss: 0.18293564021587372
INFO:root:Validation set mIOU: 72.0068042157406
INFO:root:Epoch: 23, Iteration: 47, Loss: 0.15051135420799255
INFO:root:Epoch: 23, Iteration: 48, Loss: 0.1340635120868683
INFO:root:Validation set mIOU: 71.88013852308696
INFO:root:Epoch: 24, Iteration: 49, Loss: 0.14131340384483337
INFO:root:Epoch: 24, Iteration: 50, Loss: 0.13589778542518616
INFO:root:Validation set mIOU: 71.52886494635885
INFO:root:Epoch: 25, Iteration: 51, Loss: 0.12220549583435059
INFO:root:Epoch: 25, Iteration: 52, Loss: 0.18651005625724792
INFO:root:Validation set mIOU: 71.24936399661784
INFO:root:Epoch: 26, Iteration: 53, Loss: 0.1418205201625824
INFO:root:Epoch: 26, Iteration: 54, Loss: 0.13336211442947388
INFO:root:Validation set mIOU: 71.40089188390927
INFO:root:Epoch: 27, Iteration: 55, Loss: 0.17593605816364288
INFO:root:Epoch: 27, Iteration: 56, Loss: 0.13288386166095734
INFO:root:Validation set mIOU: 71.48493496993189
INFO:root:Epoch: 28, Iteration: 57, Loss: 0.13578931987285614
INFO:root:Epoch: 28, Iteration: 58, Loss: 0.14484243094921112
INFO:root:Validation set mIOU: 71.88819396986533
INFO:root:Epoch: 29, Iteration: 59, Loss: 0.13867314159870148
INFO:root:Epoch: 29, Iteration: 60, Loss: 0.12340791523456573
INFO:root:Validation set mIOU: 72.47009406040384
INFO:root:Epoch: 30, Iteration: 61, Loss: 0.13485926389694214
INFO:root:Epoch: 30, Iteration: 62, Loss: 0.16724354028701782
INFO:root:Validation set mIOU: 73.03948055464025
INFO:root:Epoch: 31, Iteration: 63, Loss: 0.142639622092247
INFO:root:Epoch: 31, Iteration: 64, Loss: 0.12364276498556137
INFO:root:Validation set mIOU: 73.60440942014256
INFO:root:Epoch: 32, Iteration: 65, Loss: 0.13945339620113373
INFO:root:Epoch: 32, Iteration: 66, Loss: 0.15446102619171143
INFO:root:Validation set mIOU: 73.77020034371228
INFO:root:Epoch: 33, Iteration: 67, Loss: 0.1303216516971588
INFO:root:Epoch: 33, Iteration: 68, Loss: 0.1398274451494217
INFO:root:Validation set mIOU: 73.78837742988958
INFO:root:Epoch: 34, Iteration: 69, Loss: 0.123951256275177
INFO:root:Epoch: 34, Iteration: 70, Loss: 0.12706099450588226
INFO:root:Validation set mIOU: 73.88263958026799
INFO:root:Epoch: 35, Iteration: 71, Loss: 0.12971845269203186
INFO:root:Epoch: 35, Iteration: 72, Loss: 0.13324318826198578
INFO:root:Validation set mIOU: 74.00127747987493
INFO:root:Epoch: 36, Iteration: 73, Loss: 0.12414088845252991
INFO:root:Epoch: 36, Iteration: 74, Loss: 0.13309723138809204
INFO:root:Validation set mIOU: 74.16960060908174
INFO:root:Epoch: 37, Iteration: 75, Loss: 0.1268574297428131
INFO:root:Epoch: 37, Iteration: 76, Loss: 0.13204488158226013
INFO:root:Validation set mIOU: 73.88667234112444
INFO:root:Epoch: 38, Iteration: 77, Loss: 0.10508610308170319
INFO:root:Epoch: 38, Iteration: 78, Loss: 0.1366529017686844
INFO:root:Validation set mIOU: 73.81354667530077
INFO:root:Epoch: 39, Iteration: 79, Loss: 0.11198975145816803
INFO:root:Epoch: 39, Iteration: 80, Loss: 0.11863666772842407
INFO:root:Validation set mIOU: 73.79418874180992
INFO:root:Epoch: 40, Iteration: 81, Loss: 0.12807884812355042
INFO:root:Epoch: 40, Iteration: 82, Loss: 0.12507307529449463
INFO:root:Validation set mIOU: 73.45874429137538
INFO:root:Epoch: 41, Iteration: 83, Loss: 0.11279087513685226
INFO:root:Epoch: 41, Iteration: 84, Loss: 0.13838478922843933
INFO:root:Validation set mIOU: 73.18575131190896
INFO:root:Epoch: 42, Iteration: 85, Loss: 0.11708763241767883
INFO:root:Epoch: 42, Iteration: 86, Loss: 0.1484498828649521
INFO:root:Validation set mIOU: 73.36255956626555
INFO:root:Epoch: 43, Iteration: 87, Loss: 0.12502020597457886
INFO:root:Epoch: 43, Iteration: 88, Loss: 0.1161794662475586
INFO:root:Validation set mIOU: 73.78978524817393
INFO:root:Epoch: 44, Iteration: 89, Loss: 0.12086974829435349
INFO:root:Epoch: 44, Iteration: 90, Loss: 0.11876127868890762
INFO:root:Validation set mIOU: 74.19908170362662
INFO:root:Epoch: 45, Iteration: 91, Loss: 0.11590943485498428
INFO:root:Epoch: 45, Iteration: 92, Loss: 0.14965017139911652
INFO:root:Validation set mIOU: 74.61770544076288
INFO:root:Epoch: 46, Iteration: 93, Loss: 0.10750120133161545
INFO:root:Epoch: 46, Iteration: 94, Loss: 0.11890135705471039
INFO:root:Validation set mIOU: 74.76289581054478
INFO:root:Epoch: 47, Iteration: 95, Loss: 0.12166526168584824
INFO:root:Epoch: 47, Iteration: 96, Loss: 0.11638186126947403
INFO:root:Validation set mIOU: 74.90075001616448
INFO:root:Epoch: 48, Iteration: 97, Loss: 0.11418581008911133
INFO:root:Epoch: 48, Iteration: 98, Loss: 0.15693382918834686
INFO:root:Validation set mIOU: 75.05039537860611
INFO:root:Epoch: 49, Iteration: 99, Loss: 0.11843425780534744
INFO:root:Epoch: 49, Iteration: 100, Loss: 0.10726673901081085
INFO:root:Validation set mIOU: 74.98152162679041
INFO:root:Epoch: 50, Iteration: 101, Loss: 0.11577412486076355
INFO:root:Epoch: 50, Iteration: 102, Loss: 0.14545167982578278
INFO:root:Validation set mIOU: 74.87640514979277
INFO:root:Epoch: 51, Iteration: 103, Loss: 0.12450474500656128
INFO:root:Epoch: 51, Iteration: 104, Loss: 0.12049458920955658
INFO:root:Validation set mIOU: 74.28876194668007
INFO:root:Epoch: 52, Iteration: 105, Loss: 0.15065324306488037
INFO:root:Epoch: 52, Iteration: 106, Loss: 0.15170013904571533
INFO:root:Validation set mIOU: 73.87229904146331
INFO:root:Epoch: 53, Iteration: 107, Loss: 0.11998362839221954
INFO:root:Epoch: 53, Iteration: 108, Loss: 0.11328910291194916
INFO:root:Validation set mIOU: 73.73358232969593
INFO:root:Epoch: 54, Iteration: 109, Loss: 0.11493656039237976
INFO:root:Epoch: 54, Iteration: 110, Loss: 0.1095467135310173
INFO:root:Validation set mIOU: 73.95782171528977
INFO:root:Epoch: 55, Iteration: 111, Loss: 0.11881931871175766
INFO:root:Epoch: 55, Iteration: 112, Loss: 0.116068534553051
INFO:root:Validation set mIOU: 74.14255724651943
INFO:root:Epoch: 56, Iteration: 113, Loss: 0.11066416651010513
INFO:root:Epoch: 56, Iteration: 114, Loss: 0.12460022419691086
INFO:root:Validation set mIOU: 74.3228468432926
INFO:root:Epoch: 57, Iteration: 115, Loss: 0.12351731956005096
INFO:root:Epoch: 57, Iteration: 116, Loss: 0.11721667647361755
INFO:root:Validation set mIOU: 74.21898776383756
INFO:root:Epoch: 58, Iteration: 117, Loss: 0.10792221128940582
INFO:root:Epoch: 58, Iteration: 118, Loss: 0.10596626996994019
INFO:root:Validation set mIOU: 74.55736926937658
INFO:root:Epoch: 59, Iteration: 119, Loss: 0.11826355755329132
INFO:root:Epoch: 59, Iteration: 120, Loss: 0.09625227749347687
INFO:root:Validation set mIOU: 74.99292581392177
INFO:root:Epoch: 60, Iteration: 121, Loss: 0.1124686524271965
INFO:root:Epoch: 60, Iteration: 122, Loss: 0.1140560656785965
INFO:root:Validation set mIOU: 75.2396677167662
INFO:root:Epoch: 61, Iteration: 123, Loss: 0.10449989885091782
INFO:root:Epoch: 61, Iteration: 124, Loss: 0.0956793799996376
INFO:root:Validation set mIOU: 75.57145434145073
INFO:root:Epoch: 62, Iteration: 125, Loss: 0.10402876138687134
INFO:root:Epoch: 62, Iteration: 126, Loss: 0.11863633990287781
INFO:root:Validation set mIOU: 75.76366553904101
INFO:root:Epoch: 63, Iteration: 127, Loss: 0.13220229744911194
INFO:root:Epoch: 63, Iteration: 128, Loss: 0.10733310878276825
INFO:root:Validation set mIOU: 75.77223558646092
INFO:root:Epoch: 64, Iteration: 129, Loss: 0.10635954886674881
INFO:root:Epoch: 64, Iteration: 130, Loss: 0.10298262536525726
INFO:root:Validation set mIOU: 75.82895530758265
INFO:root:Epoch: 65, Iteration: 131, Loss: 0.10045447200536728
INFO:root:Epoch: 65, Iteration: 132, Loss: 0.12259656190872192
INFO:root:Validation set mIOU: 75.86985750434744
INFO:root:Epoch: 66, Iteration: 133, Loss: 0.10291533917188644
INFO:root:Epoch: 66, Iteration: 134, Loss: 0.09326117485761642
INFO:root:Validation set mIOU: 76.06529005754145
INFO:root:Epoch: 67, Iteration: 135, Loss: 0.10242468118667603
INFO:root:Epoch: 67, Iteration: 136, Loss: 0.11921913921833038
INFO:root:Validation set mIOU: 76.16391560865569
INFO:root:Epoch: 68, Iteration: 137, Loss: 0.09476031363010406
INFO:root:Epoch: 68, Iteration: 138, Loss: 0.12220269441604614
INFO:root:Validation set mIOU: 76.07048047611066
INFO:root:Epoch: 69, Iteration: 139, Loss: 0.11979597806930542
INFO:root:Epoch: 69, Iteration: 140, Loss: 0.09941578656435013
INFO:root:Validation set mIOU: 76.01459507236567
INFO:root:Epoch: 70, Iteration: 141, Loss: 0.1194869726896286
INFO:root:Epoch: 70, Iteration: 142, Loss: 0.10847364366054535
INFO:root:Validation set mIOU: 75.85490532918459
INFO:root:Epoch: 71, Iteration: 143, Loss: 0.09490595757961273
INFO:root:Epoch: 71, Iteration: 144, Loss: 0.10230261087417603
INFO:root:Validation set mIOU: 75.9389208593115
INFO:root:Epoch: 72, Iteration: 145, Loss: 0.10259115695953369
INFO:root:Epoch: 72, Iteration: 146, Loss: 0.09704937785863876
INFO:root:Validation set mIOU: 75.99931557451278
INFO:root:Epoch: 73, Iteration: 147, Loss: 0.10384012013673782
INFO:root:Epoch: 73, Iteration: 148, Loss: 0.10719506442546844
INFO:root:Validation set mIOU: 75.99695932458715
INFO:root:Epoch: 74, Iteration: 149, Loss: 0.09615646302700043
INFO:root:Epoch: 74, Iteration: 150, Loss: 0.11183825135231018
INFO:root:Validation set mIOU: 75.95137926952418
INFO:root:Epoch: 75, Iteration: 151, Loss: 0.1162087619304657
INFO:root:Epoch: 75, Iteration: 152, Loss: 0.10723797976970673
INFO:root:Validation set mIOU: 76.00521085995457
INFO:root:Epoch: 76, Iteration: 153, Loss: 0.11446423083543777
INFO:root:Epoch: 76, Iteration: 154, Loss: 0.09811986237764359
INFO:root:Validation set mIOU: 76.0078779479863
INFO:root:Epoch: 77, Iteration: 155, Loss: 0.12135675549507141
INFO:root:Epoch: 77, Iteration: 156, Loss: 0.11492231488227844
INFO:root:Validation set mIOU: 76.21972777879508
INFO:root:Epoch: 78, Iteration: 157, Loss: 0.09890752285718918
INFO:root:Epoch: 78, Iteration: 158, Loss: 0.11550617218017578
INFO:root:Validation set mIOU: 76.09803472828061
INFO:root:Epoch: 79, Iteration: 159, Loss: 0.11731521785259247
INFO:root:Epoch: 79, Iteration: 160, Loss: 0.08984950929880142
INFO:root:Validation set mIOU: 76.24940027974316
INFO:root:Epoch: 80, Iteration: 161, Loss: 0.09921184182167053
INFO:root:Epoch: 80, Iteration: 162, Loss: 0.09781426191329956
INFO:root:Validation set mIOU: 76.23364875070486
INFO:root:Epoch: 81, Iteration: 163, Loss: 0.13805334270000458
INFO:root:Epoch: 81, Iteration: 164, Loss: 0.09681279212236404
INFO:root:Validation set mIOU: 76.11140475964491
INFO:root:Epoch: 82, Iteration: 165, Loss: 0.11006555706262589
INFO:root:Epoch: 82, Iteration: 166, Loss: 0.09630140662193298
INFO:root:Validation set mIOU: 76.37458933305803
INFO:root:Epoch: 83, Iteration: 167, Loss: 0.08669328689575195
INFO:root:Epoch: 83, Iteration: 168, Loss: 0.1157638356089592
INFO:root:Validation set mIOU: 76.41209641890926
INFO:root:Epoch: 84, Iteration: 169, Loss: 0.11064963042736053
INFO:root:Epoch: 84, Iteration: 170, Loss: 0.10851910710334778
INFO:root:Validation set mIOU: 76.41477463689124
INFO:root:Epoch: 85, Iteration: 171, Loss: 0.10172078758478165
INFO:root:Epoch: 85, Iteration: 172, Loss: 0.10152997821569443
INFO:root:Validation set mIOU: 76.51990270390753
INFO:root:Epoch: 86, Iteration: 173, Loss: 0.09059810638427734
INFO:root:Epoch: 86, Iteration: 174, Loss: 0.10456196218729019
INFO:root:Validation set mIOU: 76.610323806088
INFO:root:Epoch: 87, Iteration: 175, Loss: 0.09448134899139404
INFO:root:Epoch: 87, Iteration: 176, Loss: 0.10272437334060669
INFO:root:Validation set mIOU: 76.5798770838667
INFO:root:Epoch: 88, Iteration: 177, Loss: 0.0976894274353981
INFO:root:Epoch: 88, Iteration: 178, Loss: 0.09761028736829758
INFO:root:Validation set mIOU: 76.59400339034214
INFO:root:Epoch: 89, Iteration: 179, Loss: 0.09032449871301651
INFO:root:Epoch: 89, Iteration: 180, Loss: 0.09780650585889816
INFO:root:Validation set mIOU: 76.67297065758628
INFO:root:Epoch: 90, Iteration: 181, Loss: 0.11200176924467087
INFO:root:Epoch: 90, Iteration: 182, Loss: 0.097077377140522
INFO:root:Validation set mIOU: 76.58543360997477
INFO:root:Epoch: 91, Iteration: 183, Loss: 0.09506510943174362
INFO:root:Epoch: 91, Iteration: 184, Loss: 0.10030865669250488
INFO:root:Validation set mIOU: 76.67280418474753
INFO:root:Epoch: 92, Iteration: 185, Loss: 0.10202690958976746
INFO:root:Epoch: 92, Iteration: 186, Loss: 0.10484257340431213
INFO:root:Validation set mIOU: 76.5529208888029
INFO:root:Epoch: 93, Iteration: 187, Loss: 0.1334681510925293
INFO:root:Epoch: 93, Iteration: 188, Loss: 0.09235932677984238
INFO:root:Validation set mIOU: 76.48955153634554
INFO:root:Epoch: 94, Iteration: 189, Loss: 0.0984409898519516
INFO:root:Epoch: 94, Iteration: 190, Loss: 0.10804898291826248
INFO:root:Validation set mIOU: 76.41618986632456
INFO:root:Epoch: 95, Iteration: 191, Loss: 0.0930919349193573
INFO:root:Epoch: 95, Iteration: 192, Loss: 0.09542703628540039
INFO:root:Validation set mIOU: 76.52330744845973
INFO:root:Epoch: 96, Iteration: 193, Loss: 0.11058162152767181
INFO:root:Epoch: 96, Iteration: 194, Loss: 0.09217915683984756
INFO:root:Validation set mIOU: 76.61428218530206
INFO:root:Epoch: 97, Iteration: 195, Loss: 0.08843962848186493
INFO:root:Epoch: 97, Iteration: 196, Loss: 0.11198832839727402
INFO:root:Validation set mIOU: 76.65392944986247
INFO:root:Epoch: 98, Iteration: 197, Loss: 0.0965135246515274
INFO:root:Epoch: 98, Iteration: 198, Loss: 0.09434343874454498
INFO:root:Validation set mIOU: 76.62510107007927
INFO:root:Epoch: 99, Iteration: 199, Loss: 0.07755326479673386
INFO:root:Epoch: 99, Iteration: 200, Loss: 0.10507333278656006
INFO:root:Validation set mIOU: 76.64956982788952
INFO:root:Semi-training
INFO:root:Epoch: 0, Iteration: 1, Loss: 0.9825604557991028
INFO:root:Epoch: 0, Iteration: 2, Loss: 0.8188090920448303
INFO:root:Epoch: 0, Iteration: 3, Loss: 0.5549132823944092
INFO:root:Epoch: 0, Iteration: 4, Loss: 0.5231028199195862
INFO:root:Epoch: 0, Iteration: 5, Loss: 0.4340682327747345
INFO:root:Epoch: 0, Iteration: 6, Loss: 0.382269024848938
INFO:root:Epoch: 0, Iteration: 7, Loss: 0.39008697867393494
INFO:root:Validation set mIOU: 65.34225160813982
INFO:root:Epoch: 1, Iteration: 8, Loss: 0.35270729660987854
INFO:root:Epoch: 1, Iteration: 9, Loss: 0.3105083107948303
INFO:root:Epoch: 1, Iteration: 10, Loss: 0.26492640376091003
INFO:root:Epoch: 1, Iteration: 11, Loss: 0.3950843811035156
INFO:root:Epoch: 1, Iteration: 12, Loss: 0.3127693831920624
INFO:root:Epoch: 1, Iteration: 13, Loss: 0.305678129196167
INFO:root:Epoch: 1, Iteration: 14, Loss: 0.29945236444473267
INFO:root:Validation set mIOU: 66.57173051944886
INFO:root:Epoch: 2, Iteration: 15, Loss: 0.33916550874710083
INFO:root:Epoch: 2, Iteration: 16, Loss: 0.2867453992366791
INFO:root:Epoch: 2, Iteration: 17, Loss: 0.26437875628471375
INFO:root:Epoch: 2, Iteration: 18, Loss: 0.2408396154642105
INFO:root:Epoch: 2, Iteration: 19, Loss: 0.35184788703918457
INFO:root:Epoch: 2, Iteration: 20, Loss: 0.23229022324085236
INFO:root:Epoch: 2, Iteration: 21, Loss: 0.3026944100856781
INFO:root:Validation set mIOU: 67.44338009839684
INFO:root:Epoch: 3, Iteration: 22, Loss: 0.18952961266040802
INFO:root:Epoch: 3, Iteration: 23, Loss: 0.23872551321983337
INFO:root:Epoch: 3, Iteration: 24, Loss: 0.2550675868988037
INFO:root:Epoch: 3, Iteration: 25, Loss: 0.2403891682624817
INFO:root:Epoch: 3, Iteration: 26, Loss: 0.24578161537647247
INFO:root:Epoch: 3, Iteration: 27, Loss: 0.26662880182266235
INFO:root:Epoch: 3, Iteration: 28, Loss: 0.2322244495153427
INFO:root:Validation set mIOU: 64.64378128533212
INFO:root:Epoch: 4, Iteration: 29, Loss: 0.3191235661506653
INFO:root:Epoch: 4, Iteration: 30, Loss: 0.2234397679567337
INFO:root:Epoch: 4, Iteration: 31, Loss: 0.23012515902519226
INFO:root:Epoch: 4, Iteration: 32, Loss: 0.19927355647087097
INFO:root:Epoch: 4, Iteration: 33, Loss: 0.22383373975753784
INFO:root:Epoch: 4, Iteration: 34, Loss: 0.20094823837280273
INFO:root:Epoch: 4, Iteration: 35, Loss: 0.19370979070663452
INFO:root:Validation set mIOU: 71.703489495313
INFO:root:Epoch: 5, Iteration: 36, Loss: 0.22133469581604004
INFO:root:Epoch: 5, Iteration: 37, Loss: 0.15525732934474945
INFO:root:Epoch: 5, Iteration: 38, Loss: 0.19654543697834015
INFO:root:Epoch: 5, Iteration: 39, Loss: 0.18421299755573273
INFO:root:Epoch: 5, Iteration: 40, Loss: 0.1917451173067093
INFO:root:Epoch: 5, Iteration: 41, Loss: 0.21556462347507477
INFO:root:Epoch: 5, Iteration: 42, Loss: 0.22787690162658691
INFO:root:Validation set mIOU: 66.86053516538847
INFO:root:Epoch: 6, Iteration: 43, Loss: 0.21136324107646942
INFO:root:Epoch: 6, Iteration: 44, Loss: 0.2025652527809143
INFO:root:Epoch: 6, Iteration: 45, Loss: 0.20461612939834595
INFO:root:Epoch: 6, Iteration: 46, Loss: 0.21327336132526398
INFO:root:Epoch: 6, Iteration: 47, Loss: 0.23131980001926422
INFO:root:Epoch: 6, Iteration: 48, Loss: 0.18007667362689972
INFO:root:Epoch: 6, Iteration: 49, Loss: 0.16478142142295837
INFO:root:Validation set mIOU: 71.39039707028637
INFO:root:Epoch: 7, Iteration: 50, Loss: 0.19682715833187103
INFO:root:Epoch: 7, Iteration: 51, Loss: 0.17843231558799744
INFO:root:Epoch: 7, Iteration: 52, Loss: 0.18198546767234802
INFO:root:Epoch: 7, Iteration: 53, Loss: 0.18374021351337433
INFO:root:Epoch: 7, Iteration: 54, Loss: 0.223044291138649
INFO:root:Epoch: 7, Iteration: 55, Loss: 0.1977766752243042
INFO:root:Epoch: 7, Iteration: 56, Loss: 0.16440342366695404
INFO:root:Validation set mIOU: 70.37047255374867
INFO:root:Epoch: 8, Iteration: 57, Loss: 0.22277039289474487
INFO:root:Epoch: 8, Iteration: 58, Loss: 0.17248238623142242
INFO:root:Epoch: 8, Iteration: 59, Loss: 0.1863902509212494
INFO:root:Epoch: 8, Iteration: 60, Loss: 0.15274178981781006
INFO:root:Epoch: 8, Iteration: 61, Loss: 0.2072325050830841
INFO:root:Epoch: 8, Iteration: 62, Loss: 0.17214499413967133
INFO:root:Epoch: 8, Iteration: 63, Loss: 0.14629946649074554
INFO:root:Validation set mIOU: 75.63416614455394
INFO:root:Epoch: 9, Iteration: 64, Loss: 0.1759037971496582
INFO:root:Epoch: 9, Iteration: 65, Loss: 0.19011245667934418
INFO:root:Epoch: 9, Iteration: 66, Loss: 0.18100422620773315
INFO:root:Epoch: 9, Iteration: 67, Loss: 0.16132786870002747
INFO:root:Epoch: 9, Iteration: 68, Loss: 0.18941107392311096
INFO:root:Epoch: 9, Iteration: 69, Loss: 0.14555364847183228
INFO:root:Epoch: 9, Iteration: 70, Loss: 0.1549767553806305
INFO:root:Validation set mIOU: 75.07119056858559
INFO:root:Epoch: 10, Iteration: 71, Loss: 0.14053253829479218
INFO:root:Epoch: 10, Iteration: 72, Loss: 0.16893568634986877
INFO:root:Epoch: 10, Iteration: 73, Loss: 0.1610942929983139
INFO:root:Epoch: 10, Iteration: 74, Loss: 0.16209401190280914
INFO:root:Epoch: 10, Iteration: 75, Loss: 0.18168729543685913
INFO:root:Epoch: 10, Iteration: 76, Loss: 0.1906571090221405
INFO:root:Epoch: 10, Iteration: 77, Loss: 0.1447281390428543
INFO:root:Validation set mIOU: 75.26788338107372
INFO:root:Epoch: 11, Iteration: 78, Loss: 0.1354994773864746
INFO:root:Epoch: 11, Iteration: 79, Loss: 0.17849430441856384
INFO:root:Epoch: 11, Iteration: 80, Loss: 0.14912396669387817
INFO:root:Epoch: 11, Iteration: 81, Loss: 0.14127765595912933
INFO:root:Epoch: 11, Iteration: 82, Loss: 0.13102741539478302
INFO:root:Epoch: 11, Iteration: 83, Loss: 0.16765709221363068
INFO:root:Epoch: 11, Iteration: 84, Loss: 0.14077012240886688
INFO:root:Validation set mIOU: 76.90087456807441
INFO:root:Epoch: 12, Iteration: 85, Loss: 0.18323591351509094
INFO:root:Epoch: 12, Iteration: 86, Loss: 0.16146735846996307
INFO:root:Epoch: 12, Iteration: 87, Loss: 0.14671370387077332
INFO:root:Epoch: 12, Iteration: 88, Loss: 0.14525657892227173
INFO:root:Epoch: 12, Iteration: 89, Loss: 0.12284211814403534
INFO:root:Epoch: 12, Iteration: 90, Loss: 0.13915924727916718
INFO:root:Epoch: 12, Iteration: 91, Loss: 0.15559270977973938
INFO:root:Validation set mIOU: 77.61375646555852
INFO:root:Epoch: 13, Iteration: 92, Loss: 0.15158529579639435
INFO:root:Epoch: 13, Iteration: 93, Loss: 0.1448376476764679
INFO:root:Epoch: 13, Iteration: 94, Loss: 0.15119104087352753
INFO:root:Epoch: 13, Iteration: 95, Loss: 0.15600146353244781
INFO:root:Epoch: 13, Iteration: 96, Loss: 0.13816668093204498
INFO:root:Epoch: 13, Iteration: 97, Loss: 0.1530580371618271
INFO:root:Epoch: 13, Iteration: 98, Loss: 0.17658469080924988
INFO:root:Validation set mIOU: 77.90854438621291
INFO:root:Epoch: 14, Iteration: 99, Loss: 0.1663120687007904
INFO:root:Epoch: 14, Iteration: 100, Loss: 0.1255040466785431
INFO:root:Epoch: 14, Iteration: 101, Loss: 0.13744832575321198
INFO:root:Epoch: 14, Iteration: 102, Loss: 0.15403413772583008
INFO:root:Epoch: 14, Iteration: 103, Loss: 0.16377580165863037
INFO:root:Epoch: 14, Iteration: 104, Loss: 0.14454637467861176
INFO:root:Epoch: 14, Iteration: 105, Loss: 0.12322773784399033
INFO:root:Validation set mIOU: 78.72746768968129
INFO:root:Epoch: 15, Iteration: 106, Loss: 0.13954618573188782
INFO:root:Epoch: 15, Iteration: 107, Loss: 0.12549419701099396
INFO:root:Epoch: 15, Iteration: 108, Loss: 0.1327170431613922
INFO:root:Epoch: 15, Iteration: 109, Loss: 0.14409711956977844
INFO:root:Epoch: 15, Iteration: 110, Loss: 0.15126833319664001
INFO:root:Epoch: 15, Iteration: 111, Loss: 0.1617850661277771
INFO:root:Epoch: 15, Iteration: 112, Loss: 0.2501910328865051
INFO:root:Validation set mIOU: 77.78666972547325
INFO:root:Epoch: 16, Iteration: 113, Loss: 0.1873568743467331
INFO:root:Epoch: 16, Iteration: 114, Loss: 0.14617379009723663
INFO:root:Epoch: 16, Iteration: 115, Loss: 0.12466157972812653
INFO:root:Epoch: 16, Iteration: 116, Loss: 0.12600937485694885
INFO:root:Epoch: 16, Iteration: 117, Loss: 0.11725567281246185
INFO:root:Epoch: 16, Iteration: 118, Loss: 0.15219196677207947
INFO:root:Epoch: 16, Iteration: 119, Loss: 0.1616540253162384
INFO:root:Validation set mIOU: 78.71821191469243
INFO:root:Epoch: 17, Iteration: 120, Loss: 0.1285116970539093
INFO:root:Epoch: 17, Iteration: 121, Loss: 0.14291095733642578
INFO:root:Epoch: 17, Iteration: 122, Loss: 0.11936502903699875
INFO:root:Epoch: 17, Iteration: 123, Loss: 0.13837924599647522
INFO:root:Epoch: 17, Iteration: 124, Loss: 0.15539787709712982
INFO:root:Epoch: 17, Iteration: 125, Loss: 0.13918906450271606
INFO:root:Epoch: 17, Iteration: 126, Loss: 0.13372093439102173
INFO:root:Validation set mIOU: 77.38914563449569
INFO:root:Epoch: 18, Iteration: 127, Loss: 0.12502135336399078
INFO:root:Epoch: 18, Iteration: 128, Loss: 0.1222047507762909
INFO:root:Epoch: 18, Iteration: 129, Loss: 0.21425017714500427
INFO:root:Epoch: 18, Iteration: 130, Loss: 0.20958779752254486
INFO:root:Epoch: 18, Iteration: 131, Loss: 0.11925099790096283
INFO:root:Epoch: 18, Iteration: 132, Loss: 0.10661619156599045
INFO:root:Epoch: 18, Iteration: 133, Loss: 0.17415061593055725
INFO:root:Validation set mIOU: 78.13355209803964
INFO:root:Epoch: 19, Iteration: 134, Loss: 0.14876677095890045
INFO:root:Epoch: 19, Iteration: 135, Loss: 0.12058824300765991
INFO:root:Epoch: 19, Iteration: 136, Loss: 0.21718014776706696
INFO:root:Epoch: 19, Iteration: 137, Loss: 0.1397245228290558
INFO:root:Epoch: 19, Iteration: 138, Loss: 0.15792883932590485
INFO:root:Epoch: 19, Iteration: 139, Loss: 0.12399802356958389
INFO:root:Epoch: 19, Iteration: 140, Loss: 0.17954862117767334
INFO:root:Validation set mIOU: 78.91046949588763
INFO:root:Epoch: 20, Iteration: 141, Loss: 0.14537666738033295
INFO:root:Epoch: 20, Iteration: 142, Loss: 0.13978633284568787
INFO:root:Epoch: 20, Iteration: 143, Loss: 0.25955110788345337
INFO:root:Epoch: 20, Iteration: 144, Loss: 0.12860848009586334
INFO:root:Epoch: 20, Iteration: 145, Loss: 0.1197885200381279
INFO:root:Epoch: 20, Iteration: 146, Loss: 0.16596263647079468
INFO:root:Epoch: 20, Iteration: 147, Loss: 0.1795383244752884
INFO:root:Validation set mIOU: 75.94391366117588
INFO:root:Epoch: 21, Iteration: 148, Loss: 0.14404799044132233
INFO:root:Epoch: 21, Iteration: 149, Loss: 0.1879056692123413
INFO:root:Epoch: 21, Iteration: 150, Loss: 0.14480438828468323
INFO:root:Epoch: 21, Iteration: 151, Loss: 0.1301199048757553
INFO:root:Epoch: 21, Iteration: 152, Loss: 0.13368836045265198
INFO:root:Epoch: 21, Iteration: 153, Loss: 0.12974397838115692
INFO:root:Epoch: 21, Iteration: 154, Loss: 0.14057888090610504
INFO:root:Validation set mIOU: 78.61129551560892
INFO:root:Epoch: 22, Iteration: 155, Loss: 0.11034926027059555
INFO:root:Epoch: 22, Iteration: 156, Loss: 0.19698593020439148
INFO:root:Epoch: 22, Iteration: 157, Loss: 0.12728673219680786
INFO:root:Epoch: 22, Iteration: 158, Loss: 0.15954244136810303
INFO:root:Epoch: 22, Iteration: 159, Loss: 0.14793673157691956
INFO:root:Epoch: 22, Iteration: 160, Loss: 0.15335817635059357
INFO:root:Epoch: 22, Iteration: 161, Loss: 0.12646625936031342
INFO:root:Validation set mIOU: 79.31300391258192
INFO:root:Epoch: 23, Iteration: 162, Loss: 0.11905035376548767
INFO:root:Epoch: 23, Iteration: 163, Loss: 0.10758399218320847
INFO:root:Epoch: 23, Iteration: 164, Loss: 0.131951704621315
INFO:root:Epoch: 23, Iteration: 165, Loss: 0.13153307139873505
INFO:root:Epoch: 23, Iteration: 166, Loss: 0.12323208153247833
INFO:root:Epoch: 23, Iteration: 167, Loss: 0.13647408783435822
INFO:root:Epoch: 23, Iteration: 168, Loss: 0.11881840974092484
INFO:root:Validation set mIOU: 79.91206061041547
INFO:root:Epoch: 24, Iteration: 169, Loss: 0.17954294383525848
INFO:root:Epoch: 24, Iteration: 170, Loss: 0.12142329663038254
INFO:root:Epoch: 24, Iteration: 171, Loss: 0.11841502785682678
INFO:root:Epoch: 24, Iteration: 172, Loss: 0.15979936718940735
INFO:root:Epoch: 24, Iteration: 173, Loss: 0.1508851796388626
INFO:root:Epoch: 24, Iteration: 174, Loss: 0.12027712911367416
INFO:root:Epoch: 24, Iteration: 175, Loss: 0.10583022981882095
INFO:root:Validation set mIOU: 79.1716447871223
INFO:root:Epoch: 25, Iteration: 176, Loss: 0.13953723013401031
INFO:root:Epoch: 25, Iteration: 177, Loss: 0.1057482585310936
INFO:root:Epoch: 25, Iteration: 178, Loss: 0.12280931323766708
INFO:root:Epoch: 25, Iteration: 179, Loss: 0.11380551755428314
INFO:root:Epoch: 25, Iteration: 180, Loss: 0.15613125264644623
INFO:root:Epoch: 25, Iteration: 181, Loss: 0.12519916892051697
INFO:root:Epoch: 25, Iteration: 182, Loss: 0.21830089390277863
INFO:root:Validation set mIOU: 79.6338113324715
INFO:root:Epoch: 26, Iteration: 183, Loss: 0.142959326505661
INFO:root:Epoch: 26, Iteration: 184, Loss: 0.1303296983242035
INFO:root:Epoch: 26, Iteration: 185, Loss: 0.15809299051761627
INFO:root:Epoch: 26, Iteration: 186, Loss: 0.11421947181224823
INFO:root:Epoch: 26, Iteration: 187, Loss: 0.12480855733156204
INFO:root:Epoch: 26, Iteration: 188, Loss: 0.10857031494379044
INFO:root:Epoch: 26, Iteration: 189, Loss: 0.12615375220775604
INFO:root:Validation set mIOU: 79.92718948147365
INFO:root:Epoch: 27, Iteration: 190, Loss: 0.11420682817697525
INFO:root:Epoch: 27, Iteration: 191, Loss: 0.20977754890918732
INFO:root:Epoch: 27, Iteration: 192, Loss: 0.11579206585884094
INFO:root:Epoch: 27, Iteration: 193, Loss: 0.1511048674583435
INFO:root:Epoch: 27, Iteration: 194, Loss: 0.12999118864536285
INFO:root:Epoch: 27, Iteration: 195, Loss: 0.1306486874818802
INFO:root:Epoch: 27, Iteration: 196, Loss: 0.11720643937587738
INFO:root:Validation set mIOU: 78.17320878904042
INFO:root:Epoch: 28, Iteration: 197, Loss: 0.1358649581670761
INFO:root:Epoch: 28, Iteration: 198, Loss: 0.11367179453372955
INFO:root:Epoch: 28, Iteration: 199, Loss: 0.15109843015670776
INFO:root:Epoch: 28, Iteration: 200, Loss: 0.11947671324014664
INFO:root:Epoch: 28, Iteration: 201, Loss: 0.11785643547773361
INFO:root:Epoch: 28, Iteration: 202, Loss: 0.1652759313583374
INFO:root:Epoch: 28, Iteration: 203, Loss: 0.11331925541162491
INFO:root:Validation set mIOU: 80.04149377391808
INFO:root:Epoch: 29, Iteration: 204, Loss: 0.10441087186336517
INFO:root:Epoch: 29, Iteration: 205, Loss: 0.10699620097875595
INFO:root:Epoch: 29, Iteration: 206, Loss: 0.1399068385362625
INFO:root:Epoch: 29, Iteration: 207, Loss: 0.14757098257541656
INFO:root:Epoch: 29, Iteration: 208, Loss: 0.1528785675764084
INFO:root:Epoch: 29, Iteration: 209, Loss: 0.1397247016429901
INFO:root:Epoch: 29, Iteration: 210, Loss: 0.1581607311964035
INFO:root:Validation set mIOU: 80.86415690874101
INFO:root:Epoch: 30, Iteration: 211, Loss: 0.0964614525437355
INFO:root:Epoch: 30, Iteration: 212, Loss: 0.13113990426063538
INFO:root:Epoch: 30, Iteration: 213, Loss: 0.10049079358577728
INFO:root:Epoch: 30, Iteration: 214, Loss: 0.10573261976242065
INFO:root:Epoch: 30, Iteration: 215, Loss: 0.12759409844875336
INFO:root:Epoch: 30, Iteration: 216, Loss: 0.11423330008983612
INFO:root:Epoch: 30, Iteration: 217, Loss: 0.12101145833730698
INFO:root:Validation set mIOU: 80.30567499652662
INFO:root:Epoch: 31, Iteration: 218, Loss: 0.11530124396085739
INFO:root:Epoch: 31, Iteration: 219, Loss: 0.1058499813079834
INFO:root:Epoch: 31, Iteration: 220, Loss: 0.11299130320549011
INFO:root:Epoch: 31, Iteration: 221, Loss: 0.13097092509269714
INFO:root:Epoch: 31, Iteration: 222, Loss: 0.13198231160640717
INFO:root:Epoch: 31, Iteration: 223, Loss: 0.1535641849040985
INFO:root:Epoch: 31, Iteration: 224, Loss: 0.12313385307788849
INFO:root:Validation set mIOU: 80.49753457928107
INFO:root:Epoch: 32, Iteration: 225, Loss: 0.11169938743114471
INFO:root:Epoch: 32, Iteration: 226, Loss: 0.10747715830802917
INFO:root:Epoch: 32, Iteration: 227, Loss: 0.10998338460922241
INFO:root:Epoch: 32, Iteration: 228, Loss: 0.11455895006656647
INFO:root:Epoch: 32, Iteration: 229, Loss: 0.131324902176857
INFO:root:Epoch: 32, Iteration: 230, Loss: 0.1300569474697113
INFO:root:Epoch: 32, Iteration: 231, Loss: 0.14033401012420654
INFO:root:Validation set mIOU: 80.52692244548622
INFO:root:Epoch: 33, Iteration: 232, Loss: 0.11823701113462448
INFO:root:Epoch: 33, Iteration: 233, Loss: 0.1203286424279213
INFO:root:Epoch: 33, Iteration: 234, Loss: 0.11247825622558594
INFO:root:Epoch: 33, Iteration: 235, Loss: 0.10787174850702286
INFO:root:Epoch: 33, Iteration: 236, Loss: 0.1428360491991043
INFO:root:Epoch: 33, Iteration: 237, Loss: 0.10732948035001755
INFO:root:Epoch: 33, Iteration: 238, Loss: 0.15269699692726135
INFO:root:Validation set mIOU: 80.11875370206425
INFO:root:Epoch: 34, Iteration: 239, Loss: 0.11471528559923172
INFO:root:Epoch: 34, Iteration: 240, Loss: 0.15411582589149475
INFO:root:Epoch: 34, Iteration: 241, Loss: 0.12373245507478714
INFO:root:Epoch: 34, Iteration: 242, Loss: 0.12934230268001556
INFO:root:Epoch: 34, Iteration: 243, Loss: 0.12199234962463379
INFO:root:Epoch: 34, Iteration: 244, Loss: 0.10961563885211945
INFO:root:Epoch: 34, Iteration: 245, Loss: 0.09495896100997925
INFO:root:Validation set mIOU: 78.64617227923
INFO:root:Epoch: 35, Iteration: 246, Loss: 0.11350603401660919
INFO:root:Epoch: 35, Iteration: 247, Loss: 0.1023368164896965
INFO:root:Epoch: 35, Iteration: 248, Loss: 0.12942470610141754
INFO:root:Epoch: 35, Iteration: 249, Loss: 0.1528807133436203
INFO:root:Epoch: 35, Iteration: 250, Loss: 0.10769940167665482
INFO:root:Epoch: 35, Iteration: 251, Loss: 0.09801231324672699
INFO:root:Epoch: 35, Iteration: 252, Loss: 0.10699588805437088
INFO:root:Validation set mIOU: 81.45944593441335
INFO:root:Epoch: 36, Iteration: 253, Loss: 0.10288423299789429
INFO:root:Epoch: 36, Iteration: 254, Loss: 0.1035742536187172
INFO:root:Epoch: 36, Iteration: 255, Loss: 0.127916157245636
INFO:root:Epoch: 36, Iteration: 256, Loss: 0.11527600139379501
INFO:root:Epoch: 36, Iteration: 257, Loss: 0.11375977098941803
INFO:root:Epoch: 36, Iteration: 258, Loss: 0.09717851877212524
INFO:root:Epoch: 36, Iteration: 259, Loss: 0.19211320579051971
INFO:root:Validation set mIOU: 81.44270771144821
INFO:root:Epoch: 37, Iteration: 260, Loss: 0.11935385316610336
INFO:root:Epoch: 37, Iteration: 261, Loss: 0.1332731395959854
INFO:root:Epoch: 37, Iteration: 262, Loss: 0.1184905543923378
INFO:root:Epoch: 37, Iteration: 263, Loss: 0.1469195932149887
INFO:root:Epoch: 37, Iteration: 264, Loss: 0.13431145250797272
INFO:root:Epoch: 37, Iteration: 265, Loss: 0.11014669388532639
INFO:root:Epoch: 37, Iteration: 266, Loss: 0.10425593703985214
INFO:root:Validation set mIOU: 79.29105534174491
INFO:root:Epoch: 38, Iteration: 267, Loss: 0.10735136270523071
INFO:root:Epoch: 38, Iteration: 268, Loss: 0.11856979876756668
INFO:root:Epoch: 38, Iteration: 269, Loss: 0.11404076218605042
INFO:root:Epoch: 38, Iteration: 270, Loss: 0.20636260509490967
INFO:root:Epoch: 38, Iteration: 271, Loss: 0.12439465522766113
INFO:root:Epoch: 38, Iteration: 272, Loss: 0.11343830078840256
INFO:root:Epoch: 38, Iteration: 273, Loss: 0.09944895654916763
INFO:root:Validation set mIOU: 79.29079204616144
INFO:root:Epoch: 39, Iteration: 274, Loss: 0.12901456654071808
INFO:root:Epoch: 39, Iteration: 275, Loss: 0.10329623520374298
INFO:root:Epoch: 39, Iteration: 276, Loss: 0.1209559291601181
INFO:root:Epoch: 39, Iteration: 277, Loss: 0.10060074180364609
INFO:root:Epoch: 39, Iteration: 278, Loss: 0.10658667236566544
INFO:root:Epoch: 39, Iteration: 279, Loss: 0.14849789440631866
INFO:root:Epoch: 39, Iteration: 280, Loss: 0.10099882632493973
INFO:root:Validation set mIOU: 80.38321183897966
INFO:root:Epoch: 40, Iteration: 281, Loss: 0.10199395567178726
INFO:root:Epoch: 40, Iteration: 282, Loss: 0.12712113559246063
INFO:root:Epoch: 40, Iteration: 283, Loss: 0.10935724526643753
INFO:root:Epoch: 40, Iteration: 284, Loss: 0.13485188782215118
INFO:root:Epoch: 40, Iteration: 285, Loss: 0.13004009425640106
INFO:root:Epoch: 40, Iteration: 286, Loss: 0.09998040646314621
INFO:root:Epoch: 40, Iteration: 287, Loss: 0.11565758287906647
INFO:root:Validation set mIOU: 81.21144326454086
INFO:root:Epoch: 41, Iteration: 288, Loss: 0.10319897532463074
INFO:root:Epoch: 41, Iteration: 289, Loss: 0.10932395607233047
INFO:root:Epoch: 41, Iteration: 290, Loss: 0.13041900098323822
INFO:root:Epoch: 41, Iteration: 291, Loss: 0.09510404616594315
INFO:root:Epoch: 41, Iteration: 292, Loss: 0.12166990339756012
INFO:root:Epoch: 41, Iteration: 293, Loss: 0.11495903879404068
INFO:root:Epoch: 41, Iteration: 294, Loss: 0.10681397467851639
INFO:root:Validation set mIOU: 80.65138564102774
INFO:root:Epoch: 42, Iteration: 295, Loss: 0.10159974545240402
INFO:root:Epoch: 42, Iteration: 296, Loss: 0.11196384578943253
INFO:root:Epoch: 42, Iteration: 297, Loss: 0.09713645279407501
INFO:root:Epoch: 42, Iteration: 298, Loss: 0.08456118404865265
INFO:root:Epoch: 42, Iteration: 299, Loss: 0.10337746888399124
INFO:root:Epoch: 42, Iteration: 300, Loss: 0.1156419888138771
INFO:root:Epoch: 42, Iteration: 301, Loss: 0.13191059231758118
INFO:root:Validation set mIOU: 80.73642166118054
INFO:root:Epoch: 43, Iteration: 302, Loss: 0.09427586197853088
INFO:root:Epoch: 43, Iteration: 303, Loss: 0.10772477090358734
INFO:root:Epoch: 43, Iteration: 304, Loss: 0.1490938365459442
INFO:root:Epoch: 43, Iteration: 305, Loss: 0.10527076572179794
INFO:root:Epoch: 43, Iteration: 306, Loss: 0.10029041022062302
INFO:root:Epoch: 43, Iteration: 307, Loss: 0.13569821417331696
INFO:root:Epoch: 43, Iteration: 308, Loss: 0.13509877026081085
INFO:root:Validation set mIOU: 79.79788363451532
INFO:root:Epoch: 44, Iteration: 309, Loss: 0.105984166264534
INFO:root:Epoch: 44, Iteration: 310, Loss: 0.11346124112606049
INFO:root:Epoch: 44, Iteration: 311, Loss: 0.127742201089859
INFO:root:Epoch: 44, Iteration: 312, Loss: 0.09496979415416718
INFO:root:Epoch: 44, Iteration: 313, Loss: 0.10682670027017593
INFO:root:Epoch: 44, Iteration: 314, Loss: 0.13662080466747284
INFO:root:Epoch: 44, Iteration: 315, Loss: 0.11294068396091461
INFO:root:Validation set mIOU: 81.18073123241277
INFO:root:Epoch: 45, Iteration: 316, Loss: 0.10089320689439774
INFO:root:Epoch: 45, Iteration: 317, Loss: 0.13960716128349304
INFO:root:Epoch: 45, Iteration: 318, Loss: 0.0992005467414856
INFO:root:Epoch: 45, Iteration: 319, Loss: 0.10139643400907516
INFO:root:Epoch: 45, Iteration: 320, Loss: 0.11717843264341354
INFO:root:Epoch: 45, Iteration: 321, Loss: 0.11166021972894669
INFO:root:Epoch: 45, Iteration: 322, Loss: 0.08990254998207092
INFO:root:Validation set mIOU: 82.00388952583101
INFO:root:Epoch: 46, Iteration: 323, Loss: 0.10862978547811508
INFO:root:Epoch: 46, Iteration: 324, Loss: 0.11158183962106705
INFO:root:Epoch: 46, Iteration: 325, Loss: 0.10998273640871048
INFO:root:Epoch: 46, Iteration: 326, Loss: 0.1230151429772377
INFO:root:Epoch: 46, Iteration: 327, Loss: 0.10382557660341263
INFO:root:Epoch: 46, Iteration: 328, Loss: 0.10508798807859421
INFO:root:Epoch: 46, Iteration: 329, Loss: 0.12087796628475189
INFO:root:Validation set mIOU: 81.3748028771189
INFO:root:Epoch: 47, Iteration: 330, Loss: 0.11617209017276764
INFO:root:Epoch: 47, Iteration: 331, Loss: 0.10286065191030502
INFO:root:Epoch: 47, Iteration: 332, Loss: 0.0887126699090004
INFO:root:Epoch: 47, Iteration: 333, Loss: 0.12855035066604614
INFO:root:Epoch: 47, Iteration: 334, Loss: 0.1147417202591896
INFO:root:Epoch: 47, Iteration: 335, Loss: 0.10810539871454239
INFO:root:Epoch: 47, Iteration: 336, Loss: 0.1004444807767868
INFO:root:Validation set mIOU: 81.04702272592138
INFO:root:Epoch: 48, Iteration: 337, Loss: 0.12271030247211456
INFO:root:Epoch: 48, Iteration: 338, Loss: 0.12129507213830948
INFO:root:Epoch: 48, Iteration: 339, Loss: 0.11318907886743546
INFO:root:Epoch: 48, Iteration: 340, Loss: 0.08149582892656326
INFO:root:Epoch: 48, Iteration: 341, Loss: 0.10756396502256393
INFO:root:Epoch: 48, Iteration: 342, Loss: 0.09040551632642746
INFO:root:Epoch: 48, Iteration: 343, Loss: 0.09447389841079712
INFO:root:Validation set mIOU: 82.08432080993529
INFO:root:Epoch: 49, Iteration: 344, Loss: 0.08786693960428238
INFO:root:Epoch: 49, Iteration: 345, Loss: 0.10915042459964752
INFO:root:Epoch: 49, Iteration: 346, Loss: 0.10561291873455048
INFO:root:Epoch: 49, Iteration: 347, Loss: 0.11336689442396164
INFO:root:Epoch: 49, Iteration: 348, Loss: 0.11033390462398529
INFO:root:Epoch: 49, Iteration: 349, Loss: 0.09817362576723099
INFO:root:Epoch: 49, Iteration: 350, Loss: 0.1276010274887085
INFO:root:Validation set mIOU: 81.19220925574446
INFO:root:Epoch: 50, Iteration: 351, Loss: 0.0951189324259758
INFO:root:Epoch: 50, Iteration: 352, Loss: 0.08440114557743073
INFO:root:Epoch: 50, Iteration: 353, Loss: 0.10305151343345642
INFO:root:Epoch: 50, Iteration: 354, Loss: 0.13095346093177795
INFO:root:Epoch: 50, Iteration: 355, Loss: 0.13664327561855316
INFO:root:Epoch: 50, Iteration: 356, Loss: 0.0920335054397583
INFO:root:Epoch: 50, Iteration: 357, Loss: 0.10631109774112701
INFO:root:Validation set mIOU: 81.66923658881777
INFO:root:Epoch: 51, Iteration: 358, Loss: 0.1187785416841507
INFO:root:Epoch: 51, Iteration: 359, Loss: 0.11292944848537445
INFO:root:Epoch: 51, Iteration: 360, Loss: 0.11288538575172424
INFO:root:Epoch: 51, Iteration: 361, Loss: 0.1103086918592453
INFO:root:Epoch: 51, Iteration: 362, Loss: 0.08588903397321701
INFO:root:Epoch: 51, Iteration: 363, Loss: 0.10942362993955612
INFO:root:Epoch: 51, Iteration: 364, Loss: 0.09382594376802444
INFO:root:Validation set mIOU: 82.24917439312858
INFO:root:Epoch: 52, Iteration: 365, Loss: 0.09031166136264801
INFO:root:Epoch: 52, Iteration: 366, Loss: 0.08725111931562424
INFO:root:Epoch: 52, Iteration: 367, Loss: 0.11003990471363068
INFO:root:Epoch: 52, Iteration: 368, Loss: 0.09863387793302536
INFO:root:Epoch: 52, Iteration: 369, Loss: 0.13005360960960388
INFO:root:Epoch: 52, Iteration: 370, Loss: 0.09138184040784836
INFO:root:Epoch: 52, Iteration: 371, Loss: 0.11036663502454758
INFO:root:Validation set mIOU: 82.30330845891478
INFO:root:Epoch: 53, Iteration: 372, Loss: 0.11318294703960419
INFO:root:Epoch: 53, Iteration: 373, Loss: 0.12245292961597443
INFO:root:Epoch: 53, Iteration: 374, Loss: 0.09735918045043945
INFO:root:Epoch: 53, Iteration: 375, Loss: 0.09962271898984909
INFO:root:Epoch: 53, Iteration: 376, Loss: 0.10613993555307388
INFO:root:Epoch: 53, Iteration: 377, Loss: 0.10443674027919769
INFO:root:Epoch: 53, Iteration: 378, Loss: 0.0913432165980339
INFO:root:Validation set mIOU: 82.10115262005603
INFO:root:Epoch: 54, Iteration: 379, Loss: 0.13005293905735016
INFO:root:Epoch: 54, Iteration: 380, Loss: 0.12355020642280579
INFO:root:Epoch: 54, Iteration: 381, Loss: 0.12899945676326752
INFO:root:Epoch: 54, Iteration: 382, Loss: 0.1109907403588295
INFO:root:Epoch: 54, Iteration: 383, Loss: 0.09783553332090378
INFO:root:Epoch: 54, Iteration: 384, Loss: 0.08419064432382584
INFO:root:Epoch: 54, Iteration: 385, Loss: 0.09880081564188004
INFO:root:Validation set mIOU: 81.53789526338687
INFO:root:Epoch: 55, Iteration: 386, Loss: 0.09913409501314163
INFO:root:Epoch: 55, Iteration: 387, Loss: 0.1026327908039093
INFO:root:Epoch: 55, Iteration: 388, Loss: 0.10071320086717606
INFO:root:Epoch: 55, Iteration: 389, Loss: 0.14534369111061096
INFO:root:Epoch: 55, Iteration: 390, Loss: 0.13732896745204926
INFO:root:Epoch: 55, Iteration: 391, Loss: 0.11448784917593002
INFO:root:Epoch: 55, Iteration: 392, Loss: 0.1195865124464035
INFO:root:Validation set mIOU: 80.58312902927055
INFO:root:Epoch: 56, Iteration: 393, Loss: 0.09227748215198517
INFO:root:Epoch: 56, Iteration: 394, Loss: 0.08590560406446457
INFO:root:Epoch: 56, Iteration: 395, Loss: 0.09127163887023926
INFO:root:Epoch: 56, Iteration: 396, Loss: 0.0925569236278534
INFO:root:Epoch: 56, Iteration: 397, Loss: 0.1277860850095749
INFO:root:Epoch: 56, Iteration: 398, Loss: 0.10060019791126251
INFO:root:Epoch: 56, Iteration: 399, Loss: 0.100465789437294
INFO:root:Validation set mIOU: 81.96622383521964
INFO:root:Epoch: 57, Iteration: 400, Loss: 0.1057487428188324
INFO:root:Epoch: 57, Iteration: 401, Loss: 0.16230915486812592
INFO:root:Epoch: 57, Iteration: 402, Loss: 0.1235610842704773
INFO:root:Epoch: 57, Iteration: 403, Loss: 0.09298664331436157
INFO:root:Epoch: 57, Iteration: 404, Loss: 0.08604702353477478
INFO:root:Epoch: 57, Iteration: 405, Loss: 0.10693567991256714
INFO:root:Epoch: 57, Iteration: 406, Loss: 0.1172628179192543
INFO:root:Validation set mIOU: 82.29440214722649
INFO:root:Epoch: 58, Iteration: 407, Loss: 0.10965359956026077
INFO:root:Epoch: 58, Iteration: 408, Loss: 0.12377750873565674
INFO:root:Epoch: 58, Iteration: 409, Loss: 0.096742644906044
INFO:root:Epoch: 58, Iteration: 410, Loss: 0.14372527599334717
INFO:root:Epoch: 58, Iteration: 411, Loss: 0.10549868643283844
INFO:root:Epoch: 58, Iteration: 412, Loss: 0.09019893407821655
INFO:root:Epoch: 58, Iteration: 413, Loss: 0.10986349731683731
INFO:root:Validation set mIOU: 82.1746593129844
INFO:root:Epoch: 59, Iteration: 414, Loss: 0.1298060566186905
INFO:root:Epoch: 59, Iteration: 415, Loss: 0.12232937663793564
INFO:root:Epoch: 59, Iteration: 416, Loss: 0.07567938417196274
INFO:root:Epoch: 59, Iteration: 417, Loss: 0.11604832857847214
INFO:root:Epoch: 59, Iteration: 418, Loss: 0.08604294061660767
INFO:root:Epoch: 59, Iteration: 419, Loss: 0.10786648094654083
INFO:root:Epoch: 59, Iteration: 420, Loss: 0.09302373975515366
INFO:root:Validation set mIOU: 81.24254258520584
INFO:root:Epoch: 60, Iteration: 421, Loss: 0.12446257472038269
INFO:root:Epoch: 60, Iteration: 422, Loss: 0.08744273334741592
INFO:root:Epoch: 60, Iteration: 423, Loss: 0.09790465980768204
INFO:root:Epoch: 60, Iteration: 424, Loss: 0.08009044826030731
INFO:root:Epoch: 60, Iteration: 425, Loss: 0.11950648576021194
INFO:root:Epoch: 60, Iteration: 426, Loss: 0.11937292665243149
INFO:root:Epoch: 60, Iteration: 427, Loss: 0.09514724463224411
INFO:root:Validation set mIOU: 80.4563327126364
INFO:root:Epoch: 61, Iteration: 428, Loss: 0.12805114686489105
INFO:root:Epoch: 61, Iteration: 429, Loss: 0.0753559097647667
INFO:root:Epoch: 61, Iteration: 430, Loss: 0.11557553708553314
INFO:root:Epoch: 61, Iteration: 431, Loss: 0.0975140929222107
INFO:root:Epoch: 61, Iteration: 432, Loss: 0.07975909113883972
INFO:root:Epoch: 61, Iteration: 433, Loss: 0.07938549667596817
INFO:root:Epoch: 61, Iteration: 434, Loss: 0.11489375680685043
INFO:root:Validation set mIOU: 81.07347917136084
INFO:root:Epoch: 62, Iteration: 435, Loss: 0.09081130474805832
INFO:root:Epoch: 62, Iteration: 436, Loss: 0.08936772495508194
INFO:root:Epoch: 62, Iteration: 437, Loss: 0.0971553772687912
INFO:root:Epoch: 62, Iteration: 438, Loss: 0.10124597698450089
INFO:root:Epoch: 62, Iteration: 439, Loss: 0.1383642554283142
INFO:root:Epoch: 62, Iteration: 440, Loss: 0.17388944327831268
INFO:root:Epoch: 62, Iteration: 441, Loss: 0.09534145146608353
INFO:root:Validation set mIOU: 81.55343682039677
INFO:root:Epoch: 63, Iteration: 442, Loss: 0.09315740317106247
INFO:root:Epoch: 63, Iteration: 443, Loss: 0.097230464220047
INFO:root:Epoch: 63, Iteration: 444, Loss: 0.08932004123926163
INFO:root:Epoch: 63, Iteration: 445, Loss: 0.1042344868183136
INFO:root:Epoch: 63, Iteration: 446, Loss: 0.09869159758090973
INFO:root:Epoch: 63, Iteration: 447, Loss: 0.13721515238285065
INFO:root:Epoch: 63, Iteration: 448, Loss: 0.0857689380645752
INFO:root:Validation set mIOU: 81.56179388909986
INFO:root:Epoch: 64, Iteration: 449, Loss: 0.17509037256240845
INFO:root:Epoch: 64, Iteration: 450, Loss: 0.08748450130224228
INFO:root:Epoch: 64, Iteration: 451, Loss: 0.09244878590106964
INFO:root:Epoch: 64, Iteration: 452, Loss: 0.1449240744113922
INFO:root:Epoch: 64, Iteration: 453, Loss: 0.1426786631345749
INFO:root:Epoch: 64, Iteration: 454, Loss: 0.10684602707624435
INFO:root:Epoch: 64, Iteration: 455, Loss: 0.07691586762666702
INFO:root:Validation set mIOU: 81.57433004719455
INFO:root:Epoch: 65, Iteration: 456, Loss: 0.10934125632047653
INFO:root:Epoch: 65, Iteration: 457, Loss: 0.08646510541439056
INFO:root:Epoch: 65, Iteration: 458, Loss: 0.1069432720541954
INFO:root:Epoch: 65, Iteration: 459, Loss: 0.08759377151727676
INFO:root:Epoch: 65, Iteration: 460, Loss: 0.08693430572748184
INFO:root:Epoch: 65, Iteration: 461, Loss: 0.12197389453649521
INFO:root:Epoch: 65, Iteration: 462, Loss: 0.09165067225694656
INFO:root:Validation set mIOU: 82.13606229292321
INFO:root:Epoch: 66, Iteration: 463, Loss: 0.10659950971603394
INFO:root:Epoch: 66, Iteration: 464, Loss: 0.08835484832525253
INFO:root:Epoch: 66, Iteration: 465, Loss: 0.11752326041460037
INFO:root:Epoch: 66, Iteration: 466, Loss: 0.10490278899669647
INFO:root:Epoch: 66, Iteration: 467, Loss: 0.13442091643810272
INFO:root:Epoch: 66, Iteration: 468, Loss: 0.10069521516561508
INFO:root:Epoch: 66, Iteration: 469, Loss: 0.10202078521251678
INFO:root:Validation set mIOU: 81.25051590446114
INFO:root:Epoch: 67, Iteration: 470, Loss: 0.08531463891267776
INFO:root:Epoch: 67, Iteration: 471, Loss: 0.10176663100719452
INFO:root:Epoch: 67, Iteration: 472, Loss: 0.09418024122714996
INFO:root:Epoch: 67, Iteration: 473, Loss: 0.12020795047283173
INFO:root:Epoch: 67, Iteration: 474, Loss: 0.10202956199645996
INFO:root:Epoch: 67, Iteration: 475, Loss: 0.09521029889583588
INFO:root:Epoch: 67, Iteration: 476, Loss: 0.09752219915390015
INFO:root:Validation set mIOU: 81.40959433608404
INFO:root:Epoch: 68, Iteration: 477, Loss: 0.1275785118341446
INFO:root:Epoch: 68, Iteration: 478, Loss: 0.10543295741081238
INFO:root:Epoch: 68, Iteration: 479, Loss: 0.11124026030302048
INFO:root:Epoch: 68, Iteration: 480, Loss: 0.08847806602716446
INFO:root:Epoch: 68, Iteration: 481, Loss: 0.0883273109793663
INFO:root:Epoch: 68, Iteration: 482, Loss: 0.12919515371322632
INFO:root:Epoch: 68, Iteration: 483, Loss: 0.11002808809280396
INFO:root:Validation set mIOU: 82.6591072576481
INFO:root:Epoch: 69, Iteration: 484, Loss: 0.09957242757081985
INFO:root:Epoch: 69, Iteration: 485, Loss: 0.08928745239973068
INFO:root:Epoch: 69, Iteration: 486, Loss: 0.1294170618057251
INFO:root:Epoch: 69, Iteration: 487, Loss: 0.08093594014644623
INFO:root:Epoch: 69, Iteration: 488, Loss: 0.11860338598489761
INFO:root:Epoch: 69, Iteration: 489, Loss: 0.09390588849782944
INFO:root:Epoch: 69, Iteration: 490, Loss: 0.09876898676156998
INFO:root:Validation set mIOU: 82.62609636258392
INFO:root:Epoch: 70, Iteration: 491, Loss: 0.0942424088716507
INFO:root:Epoch: 70, Iteration: 492, Loss: 0.14836856722831726
INFO:root:Epoch: 70, Iteration: 493, Loss: 0.09480428695678711
INFO:root:Epoch: 70, Iteration: 494, Loss: 0.11295045167207718
INFO:root:Epoch: 70, Iteration: 495, Loss: 0.09970258921384811
INFO:root:Epoch: 70, Iteration: 496, Loss: 0.10128321498632431
INFO:root:Epoch: 70, Iteration: 497, Loss: 0.09562940150499344
INFO:root:Validation set mIOU: 82.70292684116592
INFO:root:Epoch: 71, Iteration: 498, Loss: 0.09085545688867569
INFO:root:Epoch: 71, Iteration: 499, Loss: 0.10868532210588455
INFO:root:Epoch: 71, Iteration: 500, Loss: 0.1319016069173813
INFO:root:Epoch: 71, Iteration: 501, Loss: 0.09448809176683426
INFO:root:Epoch: 71, Iteration: 502, Loss: 0.08098593354225159
INFO:root:Epoch: 71, Iteration: 503, Loss: 0.07831519097089767
INFO:root:Epoch: 71, Iteration: 504, Loss: 0.08575979620218277
INFO:root:Validation set mIOU: 82.4503913769855
INFO:root:Epoch: 72, Iteration: 505, Loss: 0.09626729786396027
INFO:root:Epoch: 72, Iteration: 506, Loss: 0.10136736929416656
INFO:root:Epoch: 72, Iteration: 507, Loss: 0.14683276414871216
INFO:root:Epoch: 72, Iteration: 508, Loss: 0.13294768333435059
INFO:root:Epoch: 72, Iteration: 509, Loss: 0.09103929251432419
INFO:root:Epoch: 72, Iteration: 510, Loss: 0.09906005859375
INFO:root:Epoch: 72, Iteration: 511, Loss: 0.08459481596946716
INFO:root:Validation set mIOU: 82.12845011896151
INFO:root:Epoch: 73, Iteration: 512, Loss: 0.09607498347759247
INFO:root:Epoch: 73, Iteration: 513, Loss: 0.10690280795097351
INFO:root:Epoch: 73, Iteration: 514, Loss: 0.11178646236658096
INFO:root:Epoch: 73, Iteration: 515, Loss: 0.09025362879037857
INFO:root:Epoch: 73, Iteration: 516, Loss: 0.10560967028141022
INFO:root:Epoch: 73, Iteration: 517, Loss: 0.09399546682834625
INFO:root:Epoch: 73, Iteration: 518, Loss: 0.09028556942939758
INFO:root:Validation set mIOU: 82.04168215098049
INFO:root:Epoch: 74, Iteration: 519, Loss: 0.07979398220777512
INFO:root:Epoch: 74, Iteration: 520, Loss: 0.0917184129357338
INFO:root:Epoch: 74, Iteration: 521, Loss: 0.11143793165683746
INFO:root:Epoch: 74, Iteration: 522, Loss: 0.1033857986330986
INFO:root:Epoch: 74, Iteration: 523, Loss: 0.09313807636499405
INFO:root:Epoch: 74, Iteration: 524, Loss: 0.0885561853647232
INFO:root:Epoch: 74, Iteration: 525, Loss: 0.08724396675825119
INFO:root:Validation set mIOU: 82.3113604329567
INFO:root:Epoch: 75, Iteration: 526, Loss: 0.10496126860380173
INFO:root:Epoch: 75, Iteration: 527, Loss: 0.10126972943544388
INFO:root:Epoch: 75, Iteration: 528, Loss: 0.09461004287004471
INFO:root:Epoch: 75, Iteration: 529, Loss: 0.10533810406923294
INFO:root:Epoch: 75, Iteration: 530, Loss: 0.09363570809364319
INFO:root:Epoch: 75, Iteration: 531, Loss: 0.09966819733381271
INFO:root:Epoch: 75, Iteration: 532, Loss: 0.07698441296815872
INFO:root:Validation set mIOU: 82.1533154267356
INFO:root:Epoch: 76, Iteration: 533, Loss: 0.10183550417423248
INFO:root:Epoch: 76, Iteration: 534, Loss: 0.10788358747959137
INFO:root:Epoch: 76, Iteration: 535, Loss: 0.08940305560827255
INFO:root:Epoch: 76, Iteration: 536, Loss: 0.08774923533201218
INFO:root:Epoch: 76, Iteration: 537, Loss: 0.09399677813053131
INFO:root:Epoch: 76, Iteration: 538, Loss: 0.11335285007953644
INFO:root:Epoch: 76, Iteration: 539, Loss: 0.09146350622177124
INFO:root:Validation set mIOU: 82.28899013865383
INFO:root:Epoch: 77, Iteration: 540, Loss: 0.09862769395112991
INFO:root:Epoch: 77, Iteration: 541, Loss: 0.08363644033670425
INFO:root:Epoch: 77, Iteration: 542, Loss: 0.08379963040351868
INFO:root:Epoch: 77, Iteration: 543, Loss: 0.0941140204668045
INFO:root:Epoch: 77, Iteration: 544, Loss: 0.0962284505367279
INFO:root:Epoch: 77, Iteration: 545, Loss: 0.09523799270391464
INFO:root:Epoch: 77, Iteration: 546, Loss: 0.09456216543912888
INFO:root:Validation set mIOU: 82.20556133530232
INFO:root:Epoch: 78, Iteration: 547, Loss: 0.11304592341184616
INFO:root:Epoch: 78, Iteration: 548, Loss: 0.08259676396846771
INFO:root:Epoch: 78, Iteration: 549, Loss: 0.0889793187379837
INFO:root:Epoch: 78, Iteration: 550, Loss: 0.09708936512470245
INFO:root:Epoch: 78, Iteration: 551, Loss: 0.09208734333515167
INFO:root:Epoch: 78, Iteration: 552, Loss: 0.07893062382936478
INFO:root:Epoch: 78, Iteration: 553, Loss: 0.10703787952661514
INFO:root:Validation set mIOU: 82.31182849834121
INFO:root:Epoch: 79, Iteration: 554, Loss: 0.08295446634292603
INFO:root:Epoch: 79, Iteration: 555, Loss: 0.08996012061834335
INFO:root:Epoch: 79, Iteration: 556, Loss: 0.09233631193637848
INFO:root:Epoch: 79, Iteration: 557, Loss: 0.09706445038318634
INFO:root:Epoch: 79, Iteration: 558, Loss: 0.0923272967338562
INFO:root:Epoch: 79, Iteration: 559, Loss: 0.08504405617713928
INFO:root:Epoch: 79, Iteration: 560, Loss: 0.10273761302232742
INFO:root:Validation set mIOU: 82.37230089562827
INFO:root:Epoch: 80, Iteration: 561, Loss: 0.08326902240514755
INFO:root:Epoch: 80, Iteration: 562, Loss: 0.08473807573318481
INFO:root:Epoch: 80, Iteration: 563, Loss: 0.08968696743249893
INFO:root:Epoch: 80, Iteration: 564, Loss: 0.08258314430713654
INFO:root:Epoch: 80, Iteration: 565, Loss: 0.0927855521440506
INFO:root:Epoch: 80, Iteration: 566, Loss: 0.11913242191076279
INFO:root:Epoch: 80, Iteration: 567, Loss: 0.07403340190649033
INFO:root:Validation set mIOU: 82.40183968277721
INFO:root:Epoch: 81, Iteration: 568, Loss: 0.08655446767807007
INFO:root:Epoch: 81, Iteration: 569, Loss: 0.07941652834415436
INFO:root:Epoch: 81, Iteration: 570, Loss: 0.11271177232265472
INFO:root:Epoch: 81, Iteration: 571, Loss: 0.08704064041376114
INFO:root:Epoch: 81, Iteration: 572, Loss: 0.09480004012584686
INFO:root:Epoch: 81, Iteration: 573, Loss: 0.11782538890838623
INFO:root:Epoch: 81, Iteration: 574, Loss: 0.09386685490608215
INFO:root:Validation set mIOU: 82.3690961468826
INFO:root:Epoch: 82, Iteration: 575, Loss: 0.10713613033294678
INFO:root:Epoch: 82, Iteration: 576, Loss: 0.0716695785522461
INFO:root:Epoch: 82, Iteration: 577, Loss: 0.10474829375743866
INFO:root:Epoch: 82, Iteration: 578, Loss: 0.08979759365320206
INFO:root:Epoch: 82, Iteration: 579, Loss: 0.12624491751194
INFO:root:Epoch: 82, Iteration: 580, Loss: 0.14660222828388214
INFO:root:Epoch: 82, Iteration: 581, Loss: 0.09796063601970673
INFO:root:Validation set mIOU: 81.79554558640382
INFO:root:Epoch: 83, Iteration: 582, Loss: 0.09458976238965988
INFO:root:Epoch: 83, Iteration: 583, Loss: 0.10682473331689835
INFO:root:Epoch: 83, Iteration: 584, Loss: 0.11094141751527786
INFO:root:Epoch: 83, Iteration: 585, Loss: 0.08934793621301651
INFO:root:Epoch: 83, Iteration: 586, Loss: 0.09500415623188019
INFO:root:Epoch: 83, Iteration: 587, Loss: 0.10950487107038498
INFO:root:Epoch: 83, Iteration: 588, Loss: 0.10371151566505432
INFO:root:Validation set mIOU: 81.79256890528256
INFO:root:Epoch: 84, Iteration: 589, Loss: 0.09701243042945862
INFO:root:Epoch: 84, Iteration: 590, Loss: 0.09854178875684738
INFO:root:Epoch: 84, Iteration: 591, Loss: 0.07991805672645569
INFO:root:Epoch: 84, Iteration: 592, Loss: 0.06926779448986053
INFO:root:Epoch: 84, Iteration: 593, Loss: 0.0984690710902214
INFO:root:Epoch: 84, Iteration: 594, Loss: 0.10646308213472366
INFO:root:Epoch: 84, Iteration: 595, Loss: 0.09281288087368011
INFO:root:Validation set mIOU: 82.31613352237724
INFO:root:Epoch: 85, Iteration: 596, Loss: 0.1337287724018097
INFO:root:Epoch: 85, Iteration: 597, Loss: 0.09107517451047897
INFO:root:Epoch: 85, Iteration: 598, Loss: 0.12722665071487427
INFO:root:Epoch: 85, Iteration: 599, Loss: 0.08585204929113388
INFO:root:Epoch: 85, Iteration: 600, Loss: 0.07454532384872437
INFO:root:Epoch: 85, Iteration: 601, Loss: 0.10350513458251953
INFO:root:Epoch: 85, Iteration: 602, Loss: 0.12293725460767746
INFO:root:Validation set mIOU: 82.6523869128748
INFO:root:Epoch: 86, Iteration: 603, Loss: 0.08396751433610916
INFO:root:Epoch: 86, Iteration: 604, Loss: 0.10170421749353409
INFO:root:Epoch: 86, Iteration: 605, Loss: 0.10702169686555862
INFO:root:Epoch: 86, Iteration: 606, Loss: 0.10757135599851608
INFO:root:Epoch: 86, Iteration: 607, Loss: 0.08902060985565186
INFO:root:Epoch: 86, Iteration: 608, Loss: 0.10944835096597672
INFO:root:Epoch: 86, Iteration: 609, Loss: 0.09131244570016861
INFO:root:Validation set mIOU: 82.8145552758034
INFO:root:Epoch: 87, Iteration: 610, Loss: 0.07629813253879547
INFO:root:Epoch: 87, Iteration: 611, Loss: 0.10516658425331116
INFO:root:Epoch: 87, Iteration: 612, Loss: 0.09410557150840759
INFO:root:Epoch: 87, Iteration: 613, Loss: 0.0748128890991211
INFO:root:Epoch: 87, Iteration: 614, Loss: 0.08086275309324265
INFO:root:Epoch: 87, Iteration: 615, Loss: 0.11673705279827118
INFO:root:Epoch: 87, Iteration: 616, Loss: 0.08917886018753052
INFO:root:Validation set mIOU: 82.38379840797778
INFO:root:Epoch: 88, Iteration: 617, Loss: 0.09168622642755508
INFO:root:Epoch: 88, Iteration: 618, Loss: 0.10615797340869904
INFO:root:Epoch: 88, Iteration: 619, Loss: 0.11171852797269821
INFO:root:Epoch: 88, Iteration: 620, Loss: 0.09112591296434402
INFO:root:Epoch: 88, Iteration: 621, Loss: 0.08601688593626022
INFO:root:Epoch: 88, Iteration: 622, Loss: 0.10143458843231201
INFO:root:Epoch: 88, Iteration: 623, Loss: 0.08725675195455551
INFO:root:Validation set mIOU: 82.26950144752058
INFO:root:Epoch: 89, Iteration: 624, Loss: 0.09991668909788132
INFO:root:Epoch: 89, Iteration: 625, Loss: 0.08968283981084824
INFO:root:Epoch: 89, Iteration: 626, Loss: 0.08178573101758957
INFO:root:Epoch: 89, Iteration: 627, Loss: 0.11855854094028473
INFO:root:Epoch: 89, Iteration: 628, Loss: 0.08913485705852509
INFO:root:Epoch: 89, Iteration: 629, Loss: 0.07734398543834686
INFO:root:Epoch: 89, Iteration: 630, Loss: 0.09041102230548859
INFO:root:Validation set mIOU: 82.3139911794158
INFO:root:Epoch: 90, Iteration: 631, Loss: 0.08667737990617752
INFO:root:Epoch: 90, Iteration: 632, Loss: 0.12221677601337433
INFO:root:Epoch: 90, Iteration: 633, Loss: 0.12178373336791992
INFO:root:Epoch: 90, Iteration: 634, Loss: 0.08974050730466843
INFO:root:Epoch: 90, Iteration: 635, Loss: 0.0874427855014801
INFO:root:Epoch: 90, Iteration: 636, Loss: 0.09510673582553864
INFO:root:Epoch: 90, Iteration: 637, Loss: 0.10509603470563889
INFO:root:Validation set mIOU: 82.40648647590874
INFO:root:Epoch: 91, Iteration: 638, Loss: 0.10115921497344971
INFO:root:Epoch: 91, Iteration: 639, Loss: 0.08092303574085236
INFO:root:Epoch: 91, Iteration: 640, Loss: 0.0778861790895462
INFO:root:Epoch: 91, Iteration: 641, Loss: 0.15236791968345642
INFO:root:Epoch: 91, Iteration: 642, Loss: 0.08678922057151794
INFO:root:Epoch: 91, Iteration: 643, Loss: 0.0739072933793068
INFO:root:Epoch: 91, Iteration: 644, Loss: 0.08393070101737976
INFO:root:Validation set mIOU: 82.43118259729061
INFO:root:Epoch: 92, Iteration: 645, Loss: 0.11212748289108276
INFO:root:Epoch: 92, Iteration: 646, Loss: 0.07640436291694641
INFO:root:Epoch: 92, Iteration: 647, Loss: 0.09897904098033905
INFO:root:Epoch: 92, Iteration: 648, Loss: 0.09326442331075668
INFO:root:Epoch: 92, Iteration: 649, Loss: 0.09969969838857651
INFO:root:Epoch: 92, Iteration: 650, Loss: 0.08216246217489243
INFO:root:Epoch: 92, Iteration: 651, Loss: 0.09221981465816498
INFO:root:Validation set mIOU: 82.14940599897766
INFO:root:Epoch: 93, Iteration: 652, Loss: 0.1116052120923996
INFO:root:Epoch: 93, Iteration: 653, Loss: 0.08449362218379974
INFO:root:Epoch: 93, Iteration: 654, Loss: 0.10530684143304825
INFO:root:Epoch: 93, Iteration: 655, Loss: 0.15003624558448792
INFO:root:Epoch: 93, Iteration: 656, Loss: 0.09976932406425476
INFO:root:Epoch: 93, Iteration: 657, Loss: 0.10054536163806915
INFO:root:Epoch: 93, Iteration: 658, Loss: 0.09338364005088806
INFO:root:Validation set mIOU: 82.2696635139336
INFO:root:Epoch: 94, Iteration: 659, Loss: 0.09521044045686722
INFO:root:Epoch: 94, Iteration: 660, Loss: 0.08479335159063339
INFO:root:Epoch: 94, Iteration: 661, Loss: 0.10432647168636322
INFO:root:Epoch: 94, Iteration: 662, Loss: 0.09253306686878204
INFO:root:Epoch: 94, Iteration: 663, Loss: 0.08746160566806793
INFO:root:Epoch: 94, Iteration: 664, Loss: 0.10211575776338577
INFO:root:Epoch: 94, Iteration: 665, Loss: 0.10906015336513519
INFO:root:Validation set mIOU: 82.4662758845807
INFO:root:Epoch: 95, Iteration: 666, Loss: 0.09228069335222244
INFO:root:Epoch: 95, Iteration: 667, Loss: 0.10048189759254456
INFO:root:Epoch: 95, Iteration: 668, Loss: 0.0982060357928276
INFO:root:Epoch: 95, Iteration: 669, Loss: 0.09750961512327194
INFO:root:Epoch: 95, Iteration: 670, Loss: 0.09126754105091095
INFO:root:Epoch: 95, Iteration: 671, Loss: 0.09161357581615448
INFO:root:Epoch: 95, Iteration: 672, Loss: 0.09943423420190811
INFO:root:Validation set mIOU: 82.44604312114036
INFO:root:Epoch: 96, Iteration: 673, Loss: 0.08522703498601913
INFO:root:Epoch: 96, Iteration: 674, Loss: 0.09365938603878021
INFO:root:Epoch: 96, Iteration: 675, Loss: 0.10352728515863419
INFO:root:Epoch: 96, Iteration: 676, Loss: 0.10234921425580978
INFO:root:Epoch: 96, Iteration: 677, Loss: 0.09215787053108215
INFO:root:Epoch: 96, Iteration: 678, Loss: 0.10774005204439163
INFO:root:Epoch: 96, Iteration: 679, Loss: 0.13391292095184326
INFO:root:Validation set mIOU: 82.60041361596807
INFO:root:Epoch: 97, Iteration: 680, Loss: 0.10395695269107819
INFO:root:Epoch: 97, Iteration: 681, Loss: 0.08009874075651169
INFO:root:Epoch: 97, Iteration: 682, Loss: 0.10788048803806305
INFO:root:Epoch: 97, Iteration: 683, Loss: 0.08777593076229095
INFO:root:Epoch: 97, Iteration: 684, Loss: 0.08407190442085266
INFO:root:Epoch: 97, Iteration: 685, Loss: 0.08070030063390732
INFO:root:Epoch: 97, Iteration: 686, Loss: 0.10851358622312546
INFO:root:Validation set mIOU: 82.52728883516511
INFO:root:Epoch: 98, Iteration: 687, Loss: 0.08951892703771591
INFO:root:Epoch: 98, Iteration: 688, Loss: 0.10294949263334274
INFO:root:Epoch: 98, Iteration: 689, Loss: 0.10449347645044327
INFO:root:Epoch: 98, Iteration: 690, Loss: 0.10519155859947205
INFO:root:Epoch: 98, Iteration: 691, Loss: 0.0863846093416214
INFO:root:Epoch: 98, Iteration: 692, Loss: 0.09132365882396698
INFO:root:Epoch: 98, Iteration: 693, Loss: 0.09719647467136383
INFO:root:Validation set mIOU: 82.56674098861409
INFO:root:Epoch: 99, Iteration: 694, Loss: 0.08550965785980225
INFO:root:Epoch: 99, Iteration: 695, Loss: 0.07840164005756378
INFO:root:Epoch: 99, Iteration: 696, Loss: 0.08652812987565994
INFO:root:Epoch: 99, Iteration: 697, Loss: 0.11073377728462219
INFO:root:Epoch: 99, Iteration: 698, Loss: 0.10543273389339447
INFO:root:Epoch: 99, Iteration: 699, Loss: 0.10904429107904434
INFO:root:Epoch: 99, Iteration: 700, Loss: 0.08464936912059784
INFO:root:Validation set mIOU: 82.56443978976854
