INFO:root:{'addition': 'no_noisy',
 'backbone': 'resnet101',
 'batch_size': 16,
 'batch_size_consistency': 16,
 'conf_thres': 0.95,
 'config': 'configs/dataset2.yaml',
 'consistency_training': False,
 'crop_size': 320,
 'data_root': './',
 'dataset': 'dataset2',
 'epochs': 100,
 'labeled_id_path': 'dataset/splits/dataset2/1_4/split_no_noisy/labeled.txt',
 'lr': 0.0009,
 'model': 'deeplabv3plus',
 'ngpus': 1,
 'plus': False,
 'pseudo_consistency_mask_path': None,
 'pseudo_mask_path': 'outdir/pseudo_masks/dataset2/1_4/split_no_noisy/deeplabv3plus/resnet101/no_noisy/self_training/non_consistency_training/first_time',
 'rand_thres': 0.8,
 'reliable_id_path': None,
 'save_path': 'outdir/models/dataset2/1_4/split_no_noisy/deeplabv3plus/resnet101/no_noisy/self_training/non_consistency_training/first_time',
 'time': 1,
 'unlabeled_id_path': 'dataset/splits/dataset2/1_4/split_no_noisy/unlabeled.txt',
 'warm_up': 30}

INFO:root:Training supervised with consistency on unlabeled images
INFO:root:Epoch: 0, Iteration: 1, Loss: 1.1544266939163208
INFO:root:Epoch: 0, Iteration: 2, Loss: 1.0551799535751343
INFO:root:Validation set mIOU: 14.152831565597626
INFO:root:Epoch: 1, Iteration: 3, Loss: 0.9039376974105835
INFO:root:Epoch: 1, Iteration: 4, Loss: 0.7588750720024109
INFO:root:Validation set mIOU: 51.63298248016376
INFO:root:Epoch: 2, Iteration: 5, Loss: 0.6938814520835876
INFO:root:Epoch: 2, Iteration: 6, Loss: 0.4937853217124939
INFO:root:Validation set mIOU: 49.9842085893615
INFO:root:Epoch: 3, Iteration: 7, Loss: 0.4461632966995239
INFO:root:Epoch: 3, Iteration: 8, Loss: 0.4091565012931824
INFO:root:Validation set mIOU: 53.35416559902163
INFO:root:Epoch: 4, Iteration: 9, Loss: 0.37579676508903503
INFO:root:Epoch: 4, Iteration: 10, Loss: 0.28251439332962036
INFO:root:Validation set mIOU: 52.80522942013638
INFO:root:Epoch: 5, Iteration: 11, Loss: 0.2846185564994812
INFO:root:Epoch: 5, Iteration: 12, Loss: 0.35647785663604736
INFO:root:Validation set mIOU: 58.89091411037965
INFO:root:Epoch: 6, Iteration: 13, Loss: 0.25007423758506775
INFO:root:Epoch: 6, Iteration: 14, Loss: 0.20250818133354187
INFO:root:Validation set mIOU: 67.17450888779663
INFO:root:Epoch: 7, Iteration: 15, Loss: 0.20477421581745148
INFO:root:Epoch: 7, Iteration: 16, Loss: 0.21868756413459778
INFO:root:Validation set mIOU: 72.93086288587975
INFO:root:Epoch: 8, Iteration: 17, Loss: 0.20513960719108582
INFO:root:Epoch: 8, Iteration: 18, Loss: 0.21603970229625702
INFO:root:Validation set mIOU: 75.08789386645263
INFO:root:Epoch: 9, Iteration: 19, Loss: 0.18621176481246948
INFO:root:Epoch: 9, Iteration: 20, Loss: 0.14166510105133057
INFO:root:Validation set mIOU: 76.84339460185005
INFO:root:Epoch: 10, Iteration: 21, Loss: 0.17022818326950073
INFO:root:Epoch: 10, Iteration: 22, Loss: 0.15854917466640472
INFO:root:Validation set mIOU: 78.7651705313073
INFO:root:Epoch: 11, Iteration: 23, Loss: 0.15150117874145508
INFO:root:Epoch: 11, Iteration: 24, Loss: 0.130405992269516
INFO:root:Validation set mIOU: 80.33906459478048
INFO:root:Epoch: 12, Iteration: 25, Loss: 0.15327465534210205
INFO:root:Epoch: 12, Iteration: 26, Loss: 0.12952202558517456
INFO:root:Validation set mIOU: 81.11812909284596
INFO:root:Epoch: 13, Iteration: 27, Loss: 0.11490792781114578
INFO:root:Epoch: 13, Iteration: 28, Loss: 0.1203291118144989
INFO:root:Validation set mIOU: 81.73297695375744
INFO:root:Epoch: 14, Iteration: 29, Loss: 0.13162413239479065
INFO:root:Epoch: 14, Iteration: 30, Loss: 0.10578104853630066
INFO:root:Validation set mIOU: 81.83589458791326
INFO:root:Epoch: 15, Iteration: 31, Loss: 0.12342684715986252
INFO:root:Epoch: 15, Iteration: 32, Loss: 0.0892687737941742
INFO:root:Validation set mIOU: 82.33960285898826
INFO:root:Epoch: 16, Iteration: 33, Loss: 0.1045878529548645
INFO:root:Epoch: 16, Iteration: 34, Loss: 0.08368615806102753
INFO:root:Validation set mIOU: 83.01184696251165
INFO:root:Epoch: 17, Iteration: 35, Loss: 0.09117943048477173
INFO:root:Epoch: 17, Iteration: 36, Loss: 0.10348878800868988
INFO:root:Validation set mIOU: 83.12324229006302
INFO:root:Epoch: 18, Iteration: 37, Loss: 0.10244592279195786
INFO:root:Epoch: 18, Iteration: 38, Loss: 0.06866379827260971
INFO:root:Validation set mIOU: 83.21750483143305
INFO:root:Epoch: 19, Iteration: 39, Loss: 0.10182467103004456
INFO:root:Epoch: 19, Iteration: 40, Loss: 0.09110929816961288
INFO:root:Validation set mIOU: 83.39820542455178
INFO:root:Epoch: 20, Iteration: 41, Loss: 0.08675482869148254
INFO:root:Epoch: 20, Iteration: 42, Loss: 0.1626403033733368
INFO:root:Validation set mIOU: 83.57321250260517
INFO:root:Epoch: 21, Iteration: 43, Loss: 0.10803107917308807
INFO:root:Epoch: 21, Iteration: 44, Loss: 0.13756747543811798
INFO:root:Validation set mIOU: 83.86720073929985
INFO:root:Epoch: 22, Iteration: 45, Loss: 0.07435444742441177
INFO:root:Epoch: 22, Iteration: 46, Loss: 0.08854252099990845
INFO:root:Validation set mIOU: 83.60346858255613
INFO:root:Epoch: 23, Iteration: 47, Loss: 0.08237846195697784
INFO:root:Epoch: 23, Iteration: 48, Loss: 0.11217954009771347
INFO:root:Validation set mIOU: 82.95622800935968
INFO:root:Epoch: 24, Iteration: 49, Loss: 0.10269639641046524
INFO:root:Epoch: 24, Iteration: 50, Loss: 0.10251698642969131
INFO:root:Validation set mIOU: 83.62167988543305
INFO:root:Epoch: 25, Iteration: 51, Loss: 0.0709390789270401
INFO:root:Epoch: 25, Iteration: 52, Loss: 0.10262003540992737
INFO:root:Validation set mIOU: 84.07648535347967
INFO:root:Epoch: 26, Iteration: 53, Loss: 0.09725387394428253
INFO:root:Epoch: 26, Iteration: 54, Loss: 0.08121762424707413
INFO:root:Validation set mIOU: 84.56780621842758
INFO:root:Epoch: 27, Iteration: 55, Loss: 0.10910593718290329
INFO:root:Epoch: 27, Iteration: 56, Loss: 0.07107050716876984
INFO:root:Validation set mIOU: 85.03870748165858
INFO:root:Epoch: 28, Iteration: 57, Loss: 0.07748188823461533
INFO:root:Epoch: 28, Iteration: 58, Loss: 0.07430184632539749
INFO:root:Validation set mIOU: 85.17532568942562
INFO:root:Epoch: 29, Iteration: 59, Loss: 0.07919498533010483
INFO:root:Epoch: 29, Iteration: 60, Loss: 0.08547859638929367
INFO:root:Validation set mIOU: 85.0358578214478
INFO:root:Epoch: 30, Iteration: 61, Loss: 0.08129166066646576
INFO:root:Epoch: 30, Iteration: 62, Loss: 0.06986051052808762
INFO:root:Validation set mIOU: 84.90125410900563
INFO:root:Epoch: 31, Iteration: 63, Loss: 0.07495428621768951
INFO:root:Epoch: 31, Iteration: 64, Loss: 0.06457707285881042
INFO:root:Validation set mIOU: 84.97511872882123
INFO:root:Epoch: 32, Iteration: 65, Loss: 0.06124264746904373
INFO:root:Epoch: 32, Iteration: 66, Loss: 0.07312262058258057
INFO:root:Validation set mIOU: 85.00710742004264
INFO:root:Epoch: 33, Iteration: 67, Loss: 0.09035127609968185
INFO:root:Epoch: 33, Iteration: 68, Loss: 0.06143442913889885
INFO:root:Validation set mIOU: 84.87968912410074
INFO:root:Epoch: 34, Iteration: 69, Loss: 0.07593795657157898
INFO:root:Epoch: 34, Iteration: 70, Loss: 0.08705398440361023
INFO:root:Validation set mIOU: 84.63109538183704
INFO:root:Epoch: 35, Iteration: 71, Loss: 0.06735523790121078
INFO:root:Epoch: 35, Iteration: 72, Loss: 0.07235655933618546
INFO:root:Validation set mIOU: 84.67732055249289
INFO:root:Epoch: 36, Iteration: 73, Loss: 0.06513848155736923
INFO:root:Epoch: 36, Iteration: 74, Loss: 0.06934807449579239
INFO:root:Validation set mIOU: 84.53520715667379
INFO:root:Epoch: 37, Iteration: 75, Loss: 0.07518546283245087
INFO:root:Epoch: 37, Iteration: 76, Loss: 0.057095967233181
INFO:root:Validation set mIOU: 84.29416144307797
INFO:root:Epoch: 38, Iteration: 77, Loss: 0.07934189587831497
INFO:root:Epoch: 38, Iteration: 78, Loss: 0.06426358222961426
INFO:root:Validation set mIOU: 84.29559732820351
INFO:root:Epoch: 39, Iteration: 79, Loss: 0.07644819468259811
INFO:root:Epoch: 39, Iteration: 80, Loss: 0.061835650354623795
INFO:root:Validation set mIOU: 84.37200028890693
INFO:root:Epoch: 40, Iteration: 81, Loss: 0.06666542589664459
INFO:root:Epoch: 40, Iteration: 82, Loss: 0.07869388908147812
INFO:root:Validation set mIOU: 84.45653655404615
INFO:root:Epoch: 41, Iteration: 83, Loss: 0.06063232198357582
INFO:root:Epoch: 41, Iteration: 84, Loss: 0.0662209689617157
INFO:root:Validation set mIOU: 84.62412925426915
INFO:root:Epoch: 42, Iteration: 85, Loss: 0.07383554428815842
INFO:root:Epoch: 42, Iteration: 86, Loss: 0.07069826871156693
INFO:root:Validation set mIOU: 84.79571806725134
INFO:root:Epoch: 43, Iteration: 87, Loss: 0.06329180300235748
INFO:root:Epoch: 43, Iteration: 88, Loss: 0.06495805084705353
INFO:root:Validation set mIOU: 84.93399453768853
INFO:root:Epoch: 44, Iteration: 89, Loss: 0.07866179943084717
INFO:root:Epoch: 44, Iteration: 90, Loss: 0.05695677548646927
INFO:root:Validation set mIOU: 84.97185673752912
INFO:root:Epoch: 45, Iteration: 91, Loss: 0.05831482261419296
INFO:root:Epoch: 45, Iteration: 92, Loss: 0.07489164918661118
INFO:root:Validation set mIOU: 85.02662571021573
INFO:root:Epoch: 46, Iteration: 93, Loss: 0.05672133341431618
INFO:root:Epoch: 46, Iteration: 94, Loss: 0.057179223746061325
INFO:root:Validation set mIOU: 84.98579372581356
INFO:root:Epoch: 47, Iteration: 95, Loss: 0.06058114767074585
INFO:root:Epoch: 47, Iteration: 96, Loss: 0.06133396178483963
INFO:root:Validation set mIOU: 84.96329554310547
INFO:root:Epoch: 48, Iteration: 97, Loss: 0.07075433433055878
INFO:root:Epoch: 48, Iteration: 98, Loss: 0.06343897432088852
INFO:root:Validation set mIOU: 84.94245099066032
INFO:root:Epoch: 49, Iteration: 99, Loss: 0.08088041841983795
INFO:root:Epoch: 49, Iteration: 100, Loss: 0.06530723720788956
INFO:root:Validation set mIOU: 84.76169263017431
INFO:root:Epoch: 50, Iteration: 101, Loss: 0.08649112284183502
INFO:root:Epoch: 50, Iteration: 102, Loss: 0.06853257119655609
INFO:root:Validation set mIOU: 84.51955350803338
INFO:root:Epoch: 51, Iteration: 103, Loss: 0.06003289669752121
INFO:root:Epoch: 51, Iteration: 104, Loss: 0.07983868569135666
INFO:root:Validation set mIOU: 84.25181973591141
INFO:root:Epoch: 52, Iteration: 105, Loss: 0.0707220658659935
INFO:root:Epoch: 52, Iteration: 106, Loss: 0.06259169429540634
INFO:root:Validation set mIOU: 84.22845056219796
INFO:root:Epoch: 53, Iteration: 107, Loss: 0.07996997237205505
INFO:root:Epoch: 53, Iteration: 108, Loss: 0.07397567480802536
INFO:root:Validation set mIOU: 84.43095874471203
INFO:root:Epoch: 54, Iteration: 109, Loss: 0.0592772401869297
INFO:root:Epoch: 54, Iteration: 110, Loss: 0.07722669839859009
INFO:root:Validation set mIOU: 85.03089727783396
INFO:root:Epoch: 55, Iteration: 111, Loss: 0.05711140111088753
INFO:root:Epoch: 55, Iteration: 112, Loss: 0.07332376390695572
INFO:root:Validation set mIOU: 85.39924543985055
INFO:root:Epoch: 56, Iteration: 113, Loss: 0.06215294450521469
INFO:root:Epoch: 56, Iteration: 114, Loss: 0.06558866798877716
INFO:root:Validation set mIOU: 85.82308855700646
INFO:root:Epoch: 57, Iteration: 115, Loss: 0.06000383198261261
INFO:root:Epoch: 57, Iteration: 116, Loss: 0.0716606080532074
INFO:root:Validation set mIOU: 86.23921394098154
INFO:root:Epoch: 58, Iteration: 117, Loss: 0.06519053131341934
INFO:root:Epoch: 58, Iteration: 118, Loss: 0.05792933702468872
INFO:root:Validation set mIOU: 86.38093286135683
INFO:root:Epoch: 59, Iteration: 119, Loss: 0.05081811919808388
INFO:root:Epoch: 59, Iteration: 120, Loss: 0.06283584237098694
INFO:root:Validation set mIOU: 86.16682461079509
INFO:root:Epoch: 60, Iteration: 121, Loss: 0.06128717586398125
INFO:root:Epoch: 60, Iteration: 122, Loss: 0.05842377245426178
INFO:root:Validation set mIOU: 85.97417005003395
INFO:root:Epoch: 61, Iteration: 123, Loss: 0.06886182725429535
INFO:root:Epoch: 61, Iteration: 124, Loss: 0.057412952184677124
INFO:root:Validation set mIOU: 85.7866133565092
INFO:root:Epoch: 62, Iteration: 125, Loss: 0.05364204943180084
INFO:root:Epoch: 62, Iteration: 126, Loss: 0.07073954492807388
INFO:root:Validation set mIOU: 85.64889429994764
INFO:root:Epoch: 63, Iteration: 127, Loss: 0.14622808992862701
INFO:root:Epoch: 63, Iteration: 128, Loss: 0.07840681821107864
INFO:root:Validation set mIOU: 85.46425238950079
INFO:root:Epoch: 64, Iteration: 129, Loss: 0.06500045210123062
INFO:root:Epoch: 64, Iteration: 130, Loss: 0.07089024037122726
INFO:root:Validation set mIOU: 85.54376079932308
INFO:root:Epoch: 65, Iteration: 131, Loss: 0.057508647441864014
INFO:root:Epoch: 65, Iteration: 132, Loss: 0.06900239735841751
INFO:root:Validation set mIOU: 85.5476872030227
INFO:root:Epoch: 66, Iteration: 133, Loss: 0.06694092601537704
INFO:root:Epoch: 66, Iteration: 134, Loss: 0.05851078778505325
INFO:root:Validation set mIOU: 85.46035491898203
INFO:root:Epoch: 67, Iteration: 135, Loss: 0.07862544059753418
INFO:root:Epoch: 67, Iteration: 136, Loss: 0.05053701251745224
INFO:root:Validation set mIOU: 85.38226000924648
INFO:root:Epoch: 68, Iteration: 137, Loss: 0.05682215839624405
INFO:root:Epoch: 68, Iteration: 138, Loss: 0.05242098122835159
INFO:root:Validation set mIOU: 85.37500490419893
INFO:root:Epoch: 69, Iteration: 139, Loss: 0.05849048122763634
INFO:root:Epoch: 69, Iteration: 140, Loss: 0.05133415013551712
INFO:root:Validation set mIOU: 85.38581103857977
INFO:root:Epoch: 70, Iteration: 141, Loss: 0.06298193335533142
INFO:root:Epoch: 70, Iteration: 142, Loss: 0.05114756524562836
INFO:root:Validation set mIOU: 85.27433105528634
INFO:root:Epoch: 71, Iteration: 143, Loss: 0.057681936770677567
INFO:root:Epoch: 71, Iteration: 144, Loss: 0.10731681436300278
INFO:root:Validation set mIOU: 85.02020627426404
INFO:root:Epoch: 72, Iteration: 145, Loss: 0.09235692024230957
INFO:root:Epoch: 72, Iteration: 146, Loss: 0.06353405117988586
INFO:root:Validation set mIOU: 85.1548941420749
INFO:root:Epoch: 73, Iteration: 147, Loss: 0.0752701610326767
INFO:root:Epoch: 73, Iteration: 148, Loss: 0.04804125055670738
INFO:root:Validation set mIOU: 85.40894688887502
INFO:root:Epoch: 74, Iteration: 149, Loss: 0.08050035685300827
INFO:root:Epoch: 74, Iteration: 150, Loss: 0.05225883424282074
INFO:root:Validation set mIOU: 85.54320919421198
INFO:root:Epoch: 75, Iteration: 151, Loss: 0.07214202731847763
INFO:root:Epoch: 75, Iteration: 152, Loss: 0.05034636706113815
INFO:root:Validation set mIOU: 85.6867397559884
INFO:root:Epoch: 76, Iteration: 153, Loss: 0.07060428708791733
INFO:root:Epoch: 76, Iteration: 154, Loss: 0.06499681621789932
INFO:root:Validation set mIOU: 85.58869780228481
INFO:root:Epoch: 77, Iteration: 155, Loss: 0.05862210690975189
INFO:root:Epoch: 77, Iteration: 156, Loss: 0.05918475240468979
INFO:root:Validation set mIOU: 85.65480031594568
INFO:root:Epoch: 78, Iteration: 157, Loss: 0.06833820044994354
INFO:root:Epoch: 78, Iteration: 158, Loss: 0.059529997408390045
INFO:root:Validation set mIOU: 85.73050547199391
INFO:root:Epoch: 79, Iteration: 159, Loss: 0.06896786391735077
INFO:root:Epoch: 79, Iteration: 160, Loss: 0.051262401044368744
INFO:root:Validation set mIOU: 85.62611392395281
INFO:root:Epoch: 80, Iteration: 161, Loss: 0.06632228940725327
INFO:root:Epoch: 80, Iteration: 162, Loss: 0.05783986672759056
INFO:root:Validation set mIOU: 85.52179638748618
INFO:root:Epoch: 81, Iteration: 163, Loss: 0.06547310948371887
INFO:root:Epoch: 81, Iteration: 164, Loss: 0.06688075512647629
INFO:root:Validation set mIOU: 85.47762381432942
INFO:root:Epoch: 82, Iteration: 165, Loss: 0.06371679902076721
INFO:root:Epoch: 82, Iteration: 166, Loss: 0.05833788588643074
INFO:root:Validation set mIOU: 85.49046588654294
INFO:root:Epoch: 83, Iteration: 167, Loss: 0.05931340530514717
INFO:root:Epoch: 83, Iteration: 168, Loss: 0.09604247659444809
INFO:root:Validation set mIOU: 85.61028713002678
INFO:root:Epoch: 84, Iteration: 169, Loss: 0.06073503941297531
INFO:root:Epoch: 84, Iteration: 170, Loss: 0.05157521367073059
INFO:root:Validation set mIOU: 85.64213586282676
INFO:root:Epoch: 85, Iteration: 171, Loss: 0.04770145192742348
INFO:root:Epoch: 85, Iteration: 172, Loss: 0.05634872615337372
INFO:root:Validation set mIOU: 85.69649390352146
INFO:root:Epoch: 86, Iteration: 173, Loss: 0.05951932072639465
INFO:root:Epoch: 86, Iteration: 174, Loss: 0.06683804094791412
INFO:root:Validation set mIOU: 85.54502282900445
INFO:root:Epoch: 87, Iteration: 175, Loss: 0.04791313409805298
INFO:root:Epoch: 87, Iteration: 176, Loss: 0.061268530786037445
INFO:root:Validation set mIOU: 85.57439470498531
INFO:root:Epoch: 88, Iteration: 177, Loss: 0.07174883782863617
INFO:root:Epoch: 88, Iteration: 178, Loss: 0.051079392433166504
INFO:root:Validation set mIOU: 85.57721747746734
INFO:root:Epoch: 89, Iteration: 179, Loss: 0.0477454774081707
INFO:root:Epoch: 89, Iteration: 180, Loss: 0.06510041654109955
INFO:root:Validation set mIOU: 85.4975129817358
INFO:root:Epoch: 90, Iteration: 181, Loss: 0.048594243824481964
INFO:root:Epoch: 90, Iteration: 182, Loss: 0.0667407363653183
INFO:root:Validation set mIOU: 85.49879283413459
INFO:root:Epoch: 91, Iteration: 183, Loss: 0.06143118441104889
INFO:root:Epoch: 91, Iteration: 184, Loss: 0.0522768571972847
INFO:root:Validation set mIOU: 85.61130341123707
INFO:root:Epoch: 92, Iteration: 185, Loss: 0.05342187359929085
INFO:root:Epoch: 92, Iteration: 186, Loss: 0.060876693576574326
INFO:root:Validation set mIOU: 85.61845661613222
INFO:root:Epoch: 93, Iteration: 187, Loss: 0.05600712448358536
INFO:root:Epoch: 93, Iteration: 188, Loss: 0.0496598519384861
INFO:root:Validation set mIOU: 85.62946971452054
INFO:root:Epoch: 94, Iteration: 189, Loss: 0.059002574533224106
INFO:root:Epoch: 94, Iteration: 190, Loss: 0.05281403288245201
INFO:root:Validation set mIOU: 85.60113431562594
INFO:root:Epoch: 95, Iteration: 191, Loss: 0.04940320551395416
INFO:root:Epoch: 95, Iteration: 192, Loss: 0.06867076456546783
INFO:root:Validation set mIOU: 85.56194558038726
INFO:root:Epoch: 96, Iteration: 193, Loss: 0.05499676242470741
INFO:root:Epoch: 96, Iteration: 194, Loss: 0.06815223395824432
INFO:root:Validation set mIOU: 85.45097068164503
INFO:root:Epoch: 97, Iteration: 195, Loss: 0.07033058255910873
INFO:root:Epoch: 97, Iteration: 196, Loss: 0.043215569108724594
INFO:root:Validation set mIOU: 85.60113629216843
INFO:root:Epoch: 98, Iteration: 197, Loss: 0.06408252567052841
INFO:root:Epoch: 98, Iteration: 198, Loss: 0.07503027468919754
INFO:root:Validation set mIOU: 85.6182716064391
INFO:root:Epoch: 99, Iteration: 199, Loss: 0.045379266142845154
INFO:root:Epoch: 99, Iteration: 200, Loss: 0.07630027830600739
INFO:root:Validation set mIOU: 85.62179517331994
INFO:root:Semi-training
INFO:root:Epoch: 0, Iteration: 1, Loss: 1.0657962560653687
INFO:root:Epoch: 0, Iteration: 2, Loss: 0.9843188524246216
INFO:root:Epoch: 0, Iteration: 3, Loss: 0.8761731386184692
INFO:root:Epoch: 0, Iteration: 4, Loss: 0.7772921919822693
INFO:root:Epoch: 0, Iteration: 5, Loss: 0.6258518695831299
INFO:root:Epoch: 0, Iteration: 6, Loss: 0.6721118688583374
INFO:root:Epoch: 0, Iteration: 7, Loss: 0.6106180548667908
INFO:root:Validation set mIOU: 41.06869942896205
INFO:root:Epoch: 1, Iteration: 8, Loss: 0.4823565185070038
INFO:root:Epoch: 1, Iteration: 9, Loss: 0.3540462255477905
INFO:root:Epoch: 1, Iteration: 10, Loss: 0.40738818049430847
INFO:root:Epoch: 1, Iteration: 11, Loss: 0.3875476121902466
INFO:root:Epoch: 1, Iteration: 12, Loss: 0.36249828338623047
INFO:root:Epoch: 1, Iteration: 13, Loss: 0.30384647846221924
INFO:root:Epoch: 1, Iteration: 14, Loss: 0.362275630235672
INFO:root:Validation set mIOU: 60.34263682903622
INFO:root:Epoch: 2, Iteration: 15, Loss: 0.26345232129096985
INFO:root:Epoch: 2, Iteration: 16, Loss: 0.25582119822502136
INFO:root:Epoch: 2, Iteration: 17, Loss: 0.28294944763183594
INFO:root:Epoch: 2, Iteration: 18, Loss: 0.2773185670375824
INFO:root:Epoch: 2, Iteration: 19, Loss: 0.27384671568870544
INFO:root:Epoch: 2, Iteration: 20, Loss: 0.2146061360836029
INFO:root:Epoch: 2, Iteration: 21, Loss: 0.14998793601989746
INFO:root:Validation set mIOU: 67.97365868898387
INFO:root:Epoch: 3, Iteration: 22, Loss: 0.2391650676727295
INFO:root:Epoch: 3, Iteration: 23, Loss: 0.19966140389442444
INFO:root:Epoch: 3, Iteration: 24, Loss: 0.2712557911872864
INFO:root:Epoch: 3, Iteration: 25, Loss: 0.2308983951807022
INFO:root:Epoch: 3, Iteration: 26, Loss: 0.28097447752952576
INFO:root:Epoch: 3, Iteration: 27, Loss: 0.14380159974098206
INFO:root:Epoch: 3, Iteration: 28, Loss: 0.26769959926605225
INFO:root:Validation set mIOU: 73.08131424256895
INFO:root:Epoch: 4, Iteration: 29, Loss: 0.2166595160961151
INFO:root:Epoch: 4, Iteration: 30, Loss: 0.14600756764411926
INFO:root:Epoch: 4, Iteration: 31, Loss: 0.15288232266902924
INFO:root:Epoch: 4, Iteration: 32, Loss: 0.19434809684753418
INFO:root:Epoch: 4, Iteration: 33, Loss: 0.14349238574504852
INFO:root:Epoch: 4, Iteration: 34, Loss: 0.17618510127067566
INFO:root:Epoch: 4, Iteration: 35, Loss: 0.40401044487953186
INFO:root:Validation set mIOU: 74.27310915668878
INFO:root:Epoch: 5, Iteration: 36, Loss: 0.24063654243946075
INFO:root:Epoch: 5, Iteration: 37, Loss: 0.14575448632240295
INFO:root:Epoch: 5, Iteration: 38, Loss: 0.1834094524383545
INFO:root:Epoch: 5, Iteration: 39, Loss: 0.20978739857673645
INFO:root:Epoch: 5, Iteration: 40, Loss: 0.13504214584827423
INFO:root:Epoch: 5, Iteration: 41, Loss: 0.20329751074314117
INFO:root:Epoch: 5, Iteration: 42, Loss: 0.16906583309173584
INFO:root:Validation set mIOU: 80.83157416185865
INFO:root:Epoch: 6, Iteration: 43, Loss: 0.15073519945144653
INFO:root:Epoch: 6, Iteration: 44, Loss: 0.1737109124660492
INFO:root:Epoch: 6, Iteration: 45, Loss: 0.21404330432415009
INFO:root:Epoch: 6, Iteration: 46, Loss: 0.1818951666355133
INFO:root:Epoch: 6, Iteration: 47, Loss: 0.15278537571430206
INFO:root:Epoch: 6, Iteration: 48, Loss: 0.1780920773744583
INFO:root:Epoch: 6, Iteration: 49, Loss: 0.2170838713645935
INFO:root:Validation set mIOU: 78.89390751373452
INFO:root:Epoch: 7, Iteration: 50, Loss: 0.13810963928699493
INFO:root:Epoch: 7, Iteration: 51, Loss: 0.17103169858455658
INFO:root:Epoch: 7, Iteration: 52, Loss: 0.1333663910627365
INFO:root:Epoch: 7, Iteration: 53, Loss: 0.16527396440505981
INFO:root:Epoch: 7, Iteration: 54, Loss: 0.14419102668762207
INFO:root:Epoch: 7, Iteration: 55, Loss: 0.13176926970481873
INFO:root:Epoch: 7, Iteration: 56, Loss: 0.17848806083202362
INFO:root:Validation set mIOU: 82.90758620563042
INFO:root:Epoch: 8, Iteration: 57, Loss: 0.21496666967868805
INFO:root:Epoch: 8, Iteration: 58, Loss: 0.1263921707868576
INFO:root:Epoch: 8, Iteration: 59, Loss: 0.19254682958126068
INFO:root:Epoch: 8, Iteration: 60, Loss: 0.2737547755241394
INFO:root:Epoch: 8, Iteration: 61, Loss: 0.140248104929924
INFO:root:Epoch: 8, Iteration: 62, Loss: 0.12936271727085114
INFO:root:Epoch: 8, Iteration: 63, Loss: 0.11876329779624939
INFO:root:Validation set mIOU: 82.87698324194453
INFO:root:Epoch: 9, Iteration: 64, Loss: 0.23101793229579926
INFO:root:Epoch: 9, Iteration: 65, Loss: 0.23448210954666138
INFO:root:Epoch: 9, Iteration: 66, Loss: 0.1625935435295105
INFO:root:Epoch: 9, Iteration: 67, Loss: 0.1402626633644104
INFO:root:Epoch: 9, Iteration: 68, Loss: 0.20875626802444458
INFO:root:Epoch: 9, Iteration: 69, Loss: 0.15090271830558777
INFO:root:Epoch: 9, Iteration: 70, Loss: 0.13793860375881195
INFO:root:Validation set mIOU: 83.38003966589068
INFO:root:Epoch: 10, Iteration: 71, Loss: 0.1357385814189911
INFO:root:Epoch: 10, Iteration: 72, Loss: 0.11883647739887238
INFO:root:Epoch: 10, Iteration: 73, Loss: 0.15993286669254303
INFO:root:Epoch: 10, Iteration: 74, Loss: 0.12105760723352432
INFO:root:Epoch: 10, Iteration: 75, Loss: 0.10339248180389404
INFO:root:Epoch: 10, Iteration: 76, Loss: 0.16131632030010223
INFO:root:Epoch: 10, Iteration: 77, Loss: 0.13172054290771484
INFO:root:Validation set mIOU: 84.532748134401
INFO:root:Epoch: 11, Iteration: 78, Loss: 0.11362186819314957
INFO:root:Epoch: 11, Iteration: 79, Loss: 0.1636330634355545
INFO:root:Epoch: 11, Iteration: 80, Loss: 0.2361920028924942
INFO:root:Epoch: 11, Iteration: 81, Loss: 0.11898572742938995
INFO:root:Epoch: 11, Iteration: 82, Loss: 0.14509236812591553
INFO:root:Epoch: 11, Iteration: 83, Loss: 0.20744352042675018
INFO:root:Epoch: 11, Iteration: 84, Loss: 0.1071692556142807
INFO:root:Validation set mIOU: 84.06232477343222
INFO:root:Epoch: 12, Iteration: 85, Loss: 0.10768313705921173
INFO:root:Epoch: 12, Iteration: 86, Loss: 0.15462926030158997
INFO:root:Epoch: 12, Iteration: 87, Loss: 0.10993475466966629
INFO:root:Epoch: 12, Iteration: 88, Loss: 0.17267687618732452
INFO:root:Epoch: 12, Iteration: 89, Loss: 0.19304139912128448
INFO:root:Epoch: 12, Iteration: 90, Loss: 0.12131067365407944
INFO:root:Epoch: 12, Iteration: 91, Loss: 0.1702110320329666
INFO:root:Validation set mIOU: 84.87183556471139
INFO:root:Epoch: 13, Iteration: 92, Loss: 0.2499288022518158
INFO:root:Epoch: 13, Iteration: 93, Loss: 0.19466185569763184
INFO:root:Epoch: 13, Iteration: 94, Loss: 0.11171410977840424
INFO:root:Epoch: 13, Iteration: 95, Loss: 0.13916189968585968
INFO:root:Epoch: 13, Iteration: 96, Loss: 0.15623839199543
INFO:root:Epoch: 13, Iteration: 97, Loss: 0.13744723796844482
INFO:root:Epoch: 13, Iteration: 98, Loss: 0.10245515406131744
INFO:root:Validation set mIOU: 86.13978377438741
INFO:root:Epoch: 14, Iteration: 99, Loss: 0.13146157562732697
INFO:root:Epoch: 14, Iteration: 100, Loss: 0.11861433833837509
INFO:root:Epoch: 14, Iteration: 101, Loss: 0.1277863085269928
INFO:root:Epoch: 14, Iteration: 102, Loss: 0.1840662658214569
INFO:root:Epoch: 14, Iteration: 103, Loss: 0.09825576096773148
INFO:root:Epoch: 14, Iteration: 104, Loss: 0.15298372507095337
INFO:root:Epoch: 14, Iteration: 105, Loss: 0.1269119828939438
INFO:root:Validation set mIOU: 82.60721976276008
INFO:root:Epoch: 15, Iteration: 106, Loss: 0.14681829512119293
INFO:root:Epoch: 15, Iteration: 107, Loss: 0.12176096439361572
INFO:root:Epoch: 15, Iteration: 108, Loss: 0.09351562708616257
INFO:root:Epoch: 15, Iteration: 109, Loss: 0.1088881641626358
INFO:root:Epoch: 15, Iteration: 110, Loss: 0.14284151792526245
INFO:root:Epoch: 15, Iteration: 111, Loss: 0.11130348592996597
INFO:root:Epoch: 15, Iteration: 112, Loss: 0.17860403656959534
INFO:root:Validation set mIOU: 83.37858615903203
INFO:root:Epoch: 16, Iteration: 113, Loss: 0.1391492486000061
INFO:root:Epoch: 16, Iteration: 114, Loss: 0.09610555320978165
INFO:root:Epoch: 16, Iteration: 115, Loss: 0.13556940853595734
INFO:root:Epoch: 16, Iteration: 116, Loss: 0.08278834074735641
INFO:root:Epoch: 16, Iteration: 117, Loss: 0.1108875423669815
INFO:root:Epoch: 16, Iteration: 118, Loss: 0.11515097320079803
INFO:root:Epoch: 16, Iteration: 119, Loss: 0.16697286069393158
INFO:root:Validation set mIOU: 85.21305113681268
INFO:root:Epoch: 17, Iteration: 120, Loss: 0.15294580161571503
INFO:root:Epoch: 17, Iteration: 121, Loss: 0.12675538659095764
INFO:root:Epoch: 17, Iteration: 122, Loss: 0.11661854386329651
INFO:root:Epoch: 17, Iteration: 123, Loss: 0.11630818247795105
INFO:root:Epoch: 17, Iteration: 124, Loss: 0.10596711933612823
INFO:root:Epoch: 17, Iteration: 125, Loss: 0.10836663097143173
INFO:root:Epoch: 17, Iteration: 126, Loss: 0.09092383831739426
INFO:root:Validation set mIOU: 85.72996017351073
INFO:root:Epoch: 18, Iteration: 127, Loss: 0.11108569800853729
INFO:root:Epoch: 18, Iteration: 128, Loss: 0.1728905290365219
INFO:root:Epoch: 18, Iteration: 129, Loss: 0.12445090711116791
INFO:root:Epoch: 18, Iteration: 130, Loss: 0.10707740485668182
INFO:root:Epoch: 18, Iteration: 131, Loss: 0.1399838626384735
INFO:root:Epoch: 18, Iteration: 132, Loss: 0.11126764863729477
INFO:root:Epoch: 18, Iteration: 133, Loss: 0.13563168048858643
INFO:root:Validation set mIOU: 83.60706762938342
INFO:root:Epoch: 19, Iteration: 134, Loss: 0.10436904430389404
INFO:root:Epoch: 19, Iteration: 135, Loss: 0.12927144765853882
INFO:root:Epoch: 19, Iteration: 136, Loss: 0.14685185253620148
INFO:root:Epoch: 19, Iteration: 137, Loss: 0.11242697387933731
INFO:root:Epoch: 19, Iteration: 138, Loss: 0.12087949365377426
INFO:root:Epoch: 19, Iteration: 139, Loss: 0.08215481787919998
INFO:root:Epoch: 19, Iteration: 140, Loss: 0.08690676093101501
INFO:root:Validation set mIOU: 85.18159979564771
INFO:root:Epoch: 20, Iteration: 141, Loss: 0.12702986598014832
INFO:root:Epoch: 20, Iteration: 142, Loss: 0.10859452933073044
INFO:root:Epoch: 20, Iteration: 143, Loss: 0.119428850710392
INFO:root:Epoch: 20, Iteration: 144, Loss: 0.12274391204118729
INFO:root:Epoch: 20, Iteration: 145, Loss: 0.10192614048719406
INFO:root:Epoch: 20, Iteration: 146, Loss: 0.09485360980033875
INFO:root:Epoch: 20, Iteration: 147, Loss: 0.17250564694404602
INFO:root:Validation set mIOU: 85.90213140265875
INFO:root:Epoch: 21, Iteration: 148, Loss: 0.11218017339706421
INFO:root:Epoch: 21, Iteration: 149, Loss: 0.09214005619287491
INFO:root:Epoch: 21, Iteration: 150, Loss: 0.10095241665840149
INFO:root:Epoch: 21, Iteration: 151, Loss: 0.1473197042942047
INFO:root:Epoch: 21, Iteration: 152, Loss: 0.10642878711223602
INFO:root:Epoch: 21, Iteration: 153, Loss: 0.11970522254705429
INFO:root:Epoch: 21, Iteration: 154, Loss: 0.16006675362586975
INFO:root:Validation set mIOU: 85.58408316966995
INFO:root:Epoch: 22, Iteration: 155, Loss: 0.1122833713889122
INFO:root:Epoch: 22, Iteration: 156, Loss: 0.1048634797334671
INFO:root:Epoch: 22, Iteration: 157, Loss: 0.07359945774078369
INFO:root:Epoch: 22, Iteration: 158, Loss: 0.09392540156841278
INFO:root:Epoch: 22, Iteration: 159, Loss: 0.12240292876958847
INFO:root:Epoch: 22, Iteration: 160, Loss: 0.22737231850624084
INFO:root:Epoch: 22, Iteration: 161, Loss: 0.11011414974927902
INFO:root:Validation set mIOU: 85.2723498057701
INFO:root:Epoch: 23, Iteration: 162, Loss: 0.16864027082920074
INFO:root:Epoch: 23, Iteration: 163, Loss: 0.10627812147140503
INFO:root:Epoch: 23, Iteration: 164, Loss: 0.16311068832874298
INFO:root:Epoch: 23, Iteration: 165, Loss: 0.09097842872142792
INFO:root:Epoch: 23, Iteration: 166, Loss: 0.10495896637439728
INFO:root:Epoch: 23, Iteration: 167, Loss: 0.11374346911907196
INFO:root:Epoch: 23, Iteration: 168, Loss: 0.10868619382381439
INFO:root:Validation set mIOU: 85.54549788670117
INFO:root:Epoch: 24, Iteration: 169, Loss: 0.13599082827568054
INFO:root:Epoch: 24, Iteration: 170, Loss: 0.08618452399969101
INFO:root:Epoch: 24, Iteration: 171, Loss: 0.10949757695198059
INFO:root:Epoch: 24, Iteration: 172, Loss: 0.09519277513027191
INFO:root:Epoch: 24, Iteration: 173, Loss: 0.11194778233766556
INFO:root:Epoch: 24, Iteration: 174, Loss: 0.09773393720388412
INFO:root:Epoch: 24, Iteration: 175, Loss: 0.11066127568483353
INFO:root:Validation set mIOU: 85.64648153352857
INFO:root:Epoch: 25, Iteration: 176, Loss: 0.10595247894525528
INFO:root:Epoch: 25, Iteration: 177, Loss: 0.09495539218187332
INFO:root:Epoch: 25, Iteration: 178, Loss: 0.10314684361219406
INFO:root:Epoch: 25, Iteration: 179, Loss: 0.08309507369995117
INFO:root:Epoch: 25, Iteration: 180, Loss: 0.07680776715278625
INFO:root:Epoch: 25, Iteration: 181, Loss: 0.09629206359386444
INFO:root:Epoch: 25, Iteration: 182, Loss: 0.08871787786483765
INFO:root:Validation set mIOU: 85.40860258711973
INFO:root:Epoch: 26, Iteration: 183, Loss: 0.07720635086297989
INFO:root:Epoch: 26, Iteration: 184, Loss: 0.10471103340387344
INFO:root:Epoch: 26, Iteration: 185, Loss: 0.10655423253774643
INFO:root:Epoch: 26, Iteration: 186, Loss: 0.07411244511604309
INFO:root:Epoch: 26, Iteration: 187, Loss: 0.104886993765831
INFO:root:Epoch: 26, Iteration: 188, Loss: 0.12273483723402023
INFO:root:Epoch: 26, Iteration: 189, Loss: 0.25537946820259094
INFO:root:Validation set mIOU: 85.25161480463956
INFO:root:Epoch: 27, Iteration: 190, Loss: 0.08728440850973129
INFO:root:Epoch: 27, Iteration: 191, Loss: 0.11029532551765442
INFO:root:Epoch: 27, Iteration: 192, Loss: 0.07977191358804703
INFO:root:Epoch: 27, Iteration: 193, Loss: 0.10790974646806717
INFO:root:Epoch: 27, Iteration: 194, Loss: 0.11866559833288193
INFO:root:Epoch: 27, Iteration: 195, Loss: 0.1108756959438324
INFO:root:Epoch: 27, Iteration: 196, Loss: 0.10352848470211029
INFO:root:Validation set mIOU: 85.62333603881562
INFO:root:Epoch: 28, Iteration: 197, Loss: 0.09952942281961441
INFO:root:Epoch: 28, Iteration: 198, Loss: 0.08911994099617004
INFO:root:Epoch: 28, Iteration: 199, Loss: 0.12065894156694412
INFO:root:Epoch: 28, Iteration: 200, Loss: 0.15932007133960724
INFO:root:Epoch: 28, Iteration: 201, Loss: 0.10443662852048874
INFO:root:Epoch: 28, Iteration: 202, Loss: 0.15158452093601227
INFO:root:Epoch: 28, Iteration: 203, Loss: 0.09589850902557373
INFO:root:Validation set mIOU: 85.99989150591959
INFO:root:Epoch: 29, Iteration: 204, Loss: 0.1025208830833435
INFO:root:Epoch: 29, Iteration: 205, Loss: 0.07690085470676422
INFO:root:Epoch: 29, Iteration: 206, Loss: 0.09360329806804657
INFO:root:Epoch: 29, Iteration: 207, Loss: 0.1193067878484726
INFO:root:Epoch: 29, Iteration: 208, Loss: 0.0800422802567482
INFO:root:Epoch: 29, Iteration: 209, Loss: 0.08940782397985458
INFO:root:Epoch: 29, Iteration: 210, Loss: 0.1094290092587471
INFO:root:Validation set mIOU: 86.0003604926443
INFO:root:Epoch: 30, Iteration: 211, Loss: 0.10416572540998459
INFO:root:Epoch: 30, Iteration: 212, Loss: 0.07284004986286163
INFO:root:Epoch: 30, Iteration: 213, Loss: 0.09415873140096664
INFO:root:Epoch: 30, Iteration: 214, Loss: 0.10451456904411316
INFO:root:Epoch: 30, Iteration: 215, Loss: 0.13233114778995514
INFO:root:Epoch: 30, Iteration: 216, Loss: 0.0956064760684967
INFO:root:Epoch: 30, Iteration: 217, Loss: 0.12800763547420502
INFO:root:Validation set mIOU: 86.21698376826029
INFO:root:Epoch: 31, Iteration: 218, Loss: 0.10943061113357544
INFO:root:Epoch: 31, Iteration: 219, Loss: 0.1170368418097496
INFO:root:Epoch: 31, Iteration: 220, Loss: 0.09956663846969604
INFO:root:Epoch: 31, Iteration: 221, Loss: 0.09282922744750977
INFO:root:Epoch: 31, Iteration: 222, Loss: 0.15051232278347015
INFO:root:Epoch: 31, Iteration: 223, Loss: 0.09197311848402023
INFO:root:Epoch: 31, Iteration: 224, Loss: 0.07192350924015045
INFO:root:Validation set mIOU: 86.2262095241107
INFO:root:Epoch: 32, Iteration: 225, Loss: 0.08935441821813583
INFO:root:Epoch: 32, Iteration: 226, Loss: 0.08984843641519547
INFO:root:Epoch: 32, Iteration: 227, Loss: 0.08007753640413284
INFO:root:Epoch: 32, Iteration: 228, Loss: 0.07471054047346115
INFO:root:Epoch: 32, Iteration: 229, Loss: 0.10438720136880875
INFO:root:Epoch: 32, Iteration: 230, Loss: 0.10721675306558609
INFO:root:Epoch: 32, Iteration: 231, Loss: 0.10776779800653458
INFO:root:Validation set mIOU: 85.96689946508236
INFO:root:Epoch: 33, Iteration: 232, Loss: 0.0792839527130127
INFO:root:Epoch: 33, Iteration: 233, Loss: 0.09356541186571121
INFO:root:Epoch: 33, Iteration: 234, Loss: 0.1606159806251526
INFO:root:Epoch: 33, Iteration: 235, Loss: 0.10041061788797379
INFO:root:Epoch: 33, Iteration: 236, Loss: 0.08321912586688995
INFO:root:Epoch: 33, Iteration: 237, Loss: 0.07965642958879471
INFO:root:Epoch: 33, Iteration: 238, Loss: 0.08872244507074356
INFO:root:Validation set mIOU: 86.16868623851451
INFO:root:Epoch: 34, Iteration: 239, Loss: 0.08315060287714005
INFO:root:Epoch: 34, Iteration: 240, Loss: 0.08097631484270096
INFO:root:Epoch: 34, Iteration: 241, Loss: 0.06607548147439957
INFO:root:Epoch: 34, Iteration: 242, Loss: 0.08404027670621872
INFO:root:Epoch: 34, Iteration: 243, Loss: 0.07766954600811005
INFO:root:Epoch: 34, Iteration: 244, Loss: 0.10114490985870361
INFO:root:Epoch: 34, Iteration: 245, Loss: 0.14209266006946564
INFO:root:Validation set mIOU: 86.7912075080005
INFO:root:Epoch: 35, Iteration: 246, Loss: 0.0823124423623085
INFO:root:Epoch: 35, Iteration: 247, Loss: 0.07647876441478729
INFO:root:Epoch: 35, Iteration: 248, Loss: 0.08453056961297989
INFO:root:Epoch: 35, Iteration: 249, Loss: 0.10029420256614685
INFO:root:Epoch: 35, Iteration: 250, Loss: 0.1252562254667282
INFO:root:Epoch: 35, Iteration: 251, Loss: 0.11276150494813919
INFO:root:Epoch: 35, Iteration: 252, Loss: 0.0965711921453476
INFO:root:Validation set mIOU: 86.36790016095875
INFO:root:Epoch: 36, Iteration: 253, Loss: 0.07926817983388901
INFO:root:Epoch: 36, Iteration: 254, Loss: 0.10012564808130264
INFO:root:Epoch: 36, Iteration: 255, Loss: 0.09600067138671875
INFO:root:Epoch: 36, Iteration: 256, Loss: 0.08846880495548248
INFO:root:Epoch: 36, Iteration: 257, Loss: 0.1423131227493286
INFO:root:Epoch: 36, Iteration: 258, Loss: 0.076681949198246
INFO:root:Epoch: 36, Iteration: 259, Loss: 0.0857444480061531
INFO:root:Validation set mIOU: 86.36711327687608
INFO:root:Epoch: 37, Iteration: 260, Loss: 0.07528868317604065
INFO:root:Epoch: 37, Iteration: 261, Loss: 0.1288488209247589
INFO:root:Epoch: 37, Iteration: 262, Loss: 0.09163488447666168
INFO:root:Epoch: 37, Iteration: 263, Loss: 0.09235956519842148
INFO:root:Epoch: 37, Iteration: 264, Loss: 0.07952740788459778
INFO:root:Epoch: 37, Iteration: 265, Loss: 0.11512633413076401
INFO:root:Epoch: 37, Iteration: 266, Loss: 0.08494728803634644
INFO:root:Validation set mIOU: 86.46733491922377
INFO:root:Epoch: 38, Iteration: 267, Loss: 0.07278438657522202
INFO:root:Epoch: 38, Iteration: 268, Loss: 0.09432020038366318
INFO:root:Epoch: 38, Iteration: 269, Loss: 0.08629315346479416
INFO:root:Epoch: 38, Iteration: 270, Loss: 0.09249985218048096
INFO:root:Epoch: 38, Iteration: 271, Loss: 0.08925753086805344
INFO:root:Epoch: 38, Iteration: 272, Loss: 0.07855129987001419
INFO:root:Epoch: 38, Iteration: 273, Loss: 0.1189594715833664
INFO:root:Validation set mIOU: 85.63531133681242
INFO:root:Epoch: 39, Iteration: 274, Loss: 0.12415686249732971
INFO:root:Epoch: 39, Iteration: 275, Loss: 0.12274422496557236
INFO:root:Epoch: 39, Iteration: 276, Loss: 0.10240297019481659
INFO:root:Epoch: 39, Iteration: 277, Loss: 0.09605670720338821
INFO:root:Epoch: 39, Iteration: 278, Loss: 0.0784871056675911
INFO:root:Epoch: 39, Iteration: 279, Loss: 0.08899606764316559
INFO:root:Epoch: 39, Iteration: 280, Loss: 0.1372777372598648
INFO:root:Validation set mIOU: 85.63959493069285
INFO:root:Epoch: 40, Iteration: 281, Loss: 0.06685087829828262
INFO:root:Epoch: 40, Iteration: 282, Loss: 0.11181693524122238
INFO:root:Epoch: 40, Iteration: 283, Loss: 0.10917054861783981
INFO:root:Epoch: 40, Iteration: 284, Loss: 0.10483435541391373
INFO:root:Epoch: 40, Iteration: 285, Loss: 0.07566531002521515
INFO:root:Epoch: 40, Iteration: 286, Loss: 0.08031873404979706
INFO:root:Epoch: 40, Iteration: 287, Loss: 0.10503669083118439
INFO:root:Validation set mIOU: 86.57649740237989
INFO:root:Epoch: 41, Iteration: 288, Loss: 0.08595889061689377
INFO:root:Epoch: 41, Iteration: 289, Loss: 0.10859106481075287
INFO:root:Epoch: 41, Iteration: 290, Loss: 0.1236213743686676
INFO:root:Epoch: 41, Iteration: 291, Loss: 0.11395733058452606
INFO:root:Epoch: 41, Iteration: 292, Loss: 0.06612240523099899
INFO:root:Epoch: 41, Iteration: 293, Loss: 0.07750634104013443
INFO:root:Epoch: 41, Iteration: 294, Loss: 0.06674352288246155
INFO:root:Validation set mIOU: 86.86084063913086
INFO:root:Epoch: 42, Iteration: 295, Loss: 0.10190200805664062
INFO:root:Epoch: 42, Iteration: 296, Loss: 0.10641472041606903
INFO:root:Epoch: 42, Iteration: 297, Loss: 0.10469575226306915
INFO:root:Epoch: 42, Iteration: 298, Loss: 0.11954393982887268
INFO:root:Epoch: 42, Iteration: 299, Loss: 0.1010233461856842
INFO:root:Epoch: 42, Iteration: 300, Loss: 0.06704343855381012
INFO:root:Epoch: 42, Iteration: 301, Loss: 0.09172661602497101
INFO:root:Validation set mIOU: 86.52945248096432
INFO:root:Epoch: 43, Iteration: 302, Loss: 0.06312704086303711
INFO:root:Epoch: 43, Iteration: 303, Loss: 0.13427239656448364
INFO:root:Epoch: 43, Iteration: 304, Loss: 0.09627267718315125
INFO:root:Epoch: 43, Iteration: 305, Loss: 0.08172869682312012
INFO:root:Epoch: 43, Iteration: 306, Loss: 0.06108735874295235
INFO:root:Epoch: 43, Iteration: 307, Loss: 0.09257081151008606
INFO:root:Epoch: 43, Iteration: 308, Loss: 0.09685380011796951
INFO:root:Validation set mIOU: 86.88554251995056
INFO:root:Epoch: 44, Iteration: 309, Loss: 0.0901741161942482
INFO:root:Epoch: 44, Iteration: 310, Loss: 0.07680481672286987
INFO:root:Epoch: 44, Iteration: 311, Loss: 0.10829689353704453
INFO:root:Epoch: 44, Iteration: 312, Loss: 0.07421427965164185
INFO:root:Epoch: 44, Iteration: 313, Loss: 0.11701492965221405
INFO:root:Epoch: 44, Iteration: 314, Loss: 0.14014193415641785
INFO:root:Epoch: 44, Iteration: 315, Loss: 0.08504810929298401
INFO:root:Validation set mIOU: 86.73574591089896
INFO:root:Epoch: 45, Iteration: 316, Loss: 0.09895932674407959
INFO:root:Epoch: 45, Iteration: 317, Loss: 0.12541504204273224
INFO:root:Epoch: 45, Iteration: 318, Loss: 0.10104764252901077
INFO:root:Epoch: 45, Iteration: 319, Loss: 0.09140321612358093
INFO:root:Epoch: 45, Iteration: 320, Loss: 0.06852617114782333
INFO:root:Epoch: 45, Iteration: 321, Loss: 0.1115456223487854
INFO:root:Epoch: 45, Iteration: 322, Loss: 0.11546443402767181
INFO:root:Validation set mIOU: 86.8281692558542
INFO:root:Epoch: 46, Iteration: 323, Loss: 0.07868745177984238
INFO:root:Epoch: 46, Iteration: 324, Loss: 0.07197435945272446
INFO:root:Epoch: 46, Iteration: 325, Loss: 0.11171374469995499
INFO:root:Epoch: 46, Iteration: 326, Loss: 0.08554352074861526
INFO:root:Epoch: 46, Iteration: 327, Loss: 0.08241235464811325
INFO:root:Epoch: 46, Iteration: 328, Loss: 0.06685721129179001
INFO:root:Epoch: 46, Iteration: 329, Loss: 0.09592331945896149
INFO:root:Validation set mIOU: 86.69823957886548
INFO:root:Epoch: 47, Iteration: 330, Loss: 0.09120245277881622
INFO:root:Epoch: 47, Iteration: 331, Loss: 0.10533171147108078
INFO:root:Epoch: 47, Iteration: 332, Loss: 0.10724993050098419
INFO:root:Epoch: 47, Iteration: 333, Loss: 0.061792850494384766
INFO:root:Epoch: 47, Iteration: 334, Loss: 0.08583950251340866
INFO:root:Epoch: 47, Iteration: 335, Loss: 0.0958993211388588
INFO:root:Epoch: 47, Iteration: 336, Loss: 0.12069404870271683
INFO:root:Validation set mIOU: 85.85889174761574
INFO:root:Epoch: 48, Iteration: 337, Loss: 0.12288486957550049
INFO:root:Epoch: 48, Iteration: 338, Loss: 0.07958716154098511
INFO:root:Epoch: 48, Iteration: 339, Loss: 0.10535094887018204
INFO:root:Epoch: 48, Iteration: 340, Loss: 0.08367787301540375
INFO:root:Epoch: 48, Iteration: 341, Loss: 0.07876057922840118
INFO:root:Epoch: 48, Iteration: 342, Loss: 0.07229136675596237
INFO:root:Epoch: 48, Iteration: 343, Loss: 0.08610755950212479
INFO:root:Validation set mIOU: 86.34819266263437
INFO:root:Epoch: 49, Iteration: 344, Loss: 0.0910632386803627
INFO:root:Epoch: 49, Iteration: 345, Loss: 0.10525280982255936
INFO:root:Epoch: 49, Iteration: 346, Loss: 0.113337941467762
INFO:root:Epoch: 49, Iteration: 347, Loss: 0.0617116317152977
INFO:root:Epoch: 49, Iteration: 348, Loss: 0.05955048277974129
INFO:root:Epoch: 49, Iteration: 349, Loss: 0.06492482125759125
INFO:root:Epoch: 49, Iteration: 350, Loss: 0.1007969081401825
INFO:root:Validation set mIOU: 87.03792680597576
INFO:root:Epoch: 50, Iteration: 351, Loss: 0.07805031538009644
INFO:root:Epoch: 50, Iteration: 352, Loss: 0.14891143143177032
INFO:root:Epoch: 50, Iteration: 353, Loss: 0.11632785201072693
INFO:root:Epoch: 50, Iteration: 354, Loss: 0.0669063925743103
INFO:root:Epoch: 50, Iteration: 355, Loss: 0.1023014485836029
INFO:root:Epoch: 50, Iteration: 356, Loss: 0.08810462802648544
INFO:root:Epoch: 50, Iteration: 357, Loss: 0.06131833419203758
INFO:root:Validation set mIOU: 86.84177066773599
INFO:root:Epoch: 51, Iteration: 358, Loss: 0.10072038322687149
INFO:root:Epoch: 51, Iteration: 359, Loss: 0.08128222823143005
INFO:root:Epoch: 51, Iteration: 360, Loss: 0.09182164072990417
INFO:root:Epoch: 51, Iteration: 361, Loss: 0.08310458064079285
INFO:root:Epoch: 51, Iteration: 362, Loss: 0.09757115691900253
INFO:root:Epoch: 51, Iteration: 363, Loss: 0.06513843685388565
INFO:root:Epoch: 51, Iteration: 364, Loss: 0.06247526407241821
INFO:root:Validation set mIOU: 86.75799638781979
INFO:root:Epoch: 52, Iteration: 365, Loss: 0.08320773392915726
INFO:root:Epoch: 52, Iteration: 366, Loss: 0.0989774689078331
INFO:root:Epoch: 52, Iteration: 367, Loss: 0.08599116653203964
INFO:root:Epoch: 52, Iteration: 368, Loss: 0.07276096940040588
INFO:root:Epoch: 52, Iteration: 369, Loss: 0.07839113473892212
INFO:root:Epoch: 52, Iteration: 370, Loss: 0.083145871758461
INFO:root:Epoch: 52, Iteration: 371, Loss: 0.07070590555667877
INFO:root:Validation set mIOU: 86.83271482338816
INFO:root:Epoch: 53, Iteration: 372, Loss: 0.08132035285234451
INFO:root:Epoch: 53, Iteration: 373, Loss: 0.07850532233715057
INFO:root:Epoch: 53, Iteration: 374, Loss: 0.10645581781864166
INFO:root:Epoch: 53, Iteration: 375, Loss: 0.10963378101587296
INFO:root:Epoch: 53, Iteration: 376, Loss: 0.08281274884939194
INFO:root:Epoch: 53, Iteration: 377, Loss: 0.07860584557056427
INFO:root:Epoch: 53, Iteration: 378, Loss: 0.12597407400608063
INFO:root:Validation set mIOU: 86.80887112204407
INFO:root:Epoch: 54, Iteration: 379, Loss: 0.0867614820599556
INFO:root:Epoch: 54, Iteration: 380, Loss: 0.07504909485578537
INFO:root:Epoch: 54, Iteration: 381, Loss: 0.12255410850048065
INFO:root:Epoch: 54, Iteration: 382, Loss: 0.10517667979001999
INFO:root:Epoch: 54, Iteration: 383, Loss: 0.06454537063837051
INFO:root:Epoch: 54, Iteration: 384, Loss: 0.1050519049167633
INFO:root:Epoch: 54, Iteration: 385, Loss: 0.07411957532167435
INFO:root:Validation set mIOU: 86.70551135064134
INFO:root:Epoch: 55, Iteration: 386, Loss: 0.10101282596588135
INFO:root:Epoch: 55, Iteration: 387, Loss: 0.09752655029296875
INFO:root:Epoch: 55, Iteration: 388, Loss: 0.06532786786556244
INFO:root:Epoch: 55, Iteration: 389, Loss: 0.06959214061498642
INFO:root:Epoch: 55, Iteration: 390, Loss: 0.05587181821465492
INFO:root:Epoch: 55, Iteration: 391, Loss: 0.11097627133131027
INFO:root:Epoch: 55, Iteration: 392, Loss: 0.0964394137263298
INFO:root:Validation set mIOU: 87.11800581879461
INFO:root:Epoch: 56, Iteration: 393, Loss: 0.08380628377199173
INFO:root:Epoch: 56, Iteration: 394, Loss: 0.15777750313282013
INFO:root:Epoch: 56, Iteration: 395, Loss: 0.08281948417425156
INFO:root:Epoch: 56, Iteration: 396, Loss: 0.0712532103061676
INFO:root:Epoch: 56, Iteration: 397, Loss: 0.10184405744075775
INFO:root:Epoch: 56, Iteration: 398, Loss: 0.07560465484857559
INFO:root:Epoch: 56, Iteration: 399, Loss: 0.07310852408409119
INFO:root:Validation set mIOU: 87.29432918025424
INFO:root:Epoch: 57, Iteration: 400, Loss: 0.06879062205553055
INFO:root:Epoch: 57, Iteration: 401, Loss: 0.09485378861427307
INFO:root:Epoch: 57, Iteration: 402, Loss: 0.06084655597805977
INFO:root:Epoch: 57, Iteration: 403, Loss: 0.06455225497484207
INFO:root:Epoch: 57, Iteration: 404, Loss: 0.13660059869289398
INFO:root:Epoch: 57, Iteration: 405, Loss: 0.07971768081188202
INFO:root:Epoch: 57, Iteration: 406, Loss: 0.09675434231758118
INFO:root:Validation set mIOU: 87.62190665702524
INFO:root:Epoch: 58, Iteration: 407, Loss: 0.07867147773504257
INFO:root:Epoch: 58, Iteration: 408, Loss: 0.09328711777925491
INFO:root:Epoch: 58, Iteration: 409, Loss: 0.09174025803804398
INFO:root:Epoch: 58, Iteration: 410, Loss: 0.11186469346284866
INFO:root:Epoch: 58, Iteration: 411, Loss: 0.06447790563106537
INFO:root:Epoch: 58, Iteration: 412, Loss: 0.06856203824281693
INFO:root:Epoch: 58, Iteration: 413, Loss: 0.12211467325687408
INFO:root:Validation set mIOU: 87.38243611803408
INFO:root:Epoch: 59, Iteration: 414, Loss: 0.12264324724674225
INFO:root:Epoch: 59, Iteration: 415, Loss: 0.0801658108830452
INFO:root:Epoch: 59, Iteration: 416, Loss: 0.17276369035243988
INFO:root:Epoch: 59, Iteration: 417, Loss: 0.06203155964612961
INFO:root:Epoch: 59, Iteration: 418, Loss: 0.0920725017786026
INFO:root:Epoch: 59, Iteration: 419, Loss: 0.06882017105817795
INFO:root:Epoch: 59, Iteration: 420, Loss: 0.07328493148088455
INFO:root:Validation set mIOU: 87.81822605633735
INFO:root:Epoch: 60, Iteration: 421, Loss: 0.05383596941828728
INFO:root:Epoch: 60, Iteration: 422, Loss: 0.09145676344633102
INFO:root:Epoch: 60, Iteration: 423, Loss: 0.07970083504915237
INFO:root:Epoch: 60, Iteration: 424, Loss: 0.09186477959156036
INFO:root:Epoch: 60, Iteration: 425, Loss: 0.07830112427473068
INFO:root:Epoch: 60, Iteration: 426, Loss: 0.08493850380182266
INFO:root:Epoch: 60, Iteration: 427, Loss: 0.1147225871682167
INFO:root:Validation set mIOU: 87.79690648733018
INFO:root:Epoch: 61, Iteration: 428, Loss: 0.07993020862340927
INFO:root:Epoch: 61, Iteration: 429, Loss: 0.06749992072582245
INFO:root:Epoch: 61, Iteration: 430, Loss: 0.06595809757709503
INFO:root:Epoch: 61, Iteration: 431, Loss: 0.10456670820713043
INFO:root:Epoch: 61, Iteration: 432, Loss: 0.1076992079615593
INFO:root:Epoch: 61, Iteration: 433, Loss: 0.09488312155008316
INFO:root:Epoch: 61, Iteration: 434, Loss: 0.06922894716262817
INFO:root:Validation set mIOU: 87.54169584426052
INFO:root:Epoch: 62, Iteration: 435, Loss: 0.07388100028038025
INFO:root:Epoch: 62, Iteration: 436, Loss: 0.07861898839473724
INFO:root:Epoch: 62, Iteration: 437, Loss: 0.09497537463903427
INFO:root:Epoch: 62, Iteration: 438, Loss: 0.07235383987426758
INFO:root:Epoch: 62, Iteration: 439, Loss: 0.07060254365205765
INFO:root:Epoch: 62, Iteration: 440, Loss: 0.10830438137054443
INFO:root:Epoch: 62, Iteration: 441, Loss: 0.06956629455089569
INFO:root:Validation set mIOU: 87.05072510011375
INFO:root:Epoch: 63, Iteration: 442, Loss: 0.13722312450408936
INFO:root:Epoch: 63, Iteration: 443, Loss: 0.11238030344247818
INFO:root:Epoch: 63, Iteration: 444, Loss: 0.068712517619133
INFO:root:Epoch: 63, Iteration: 445, Loss: 0.056262534111738205
INFO:root:Epoch: 63, Iteration: 446, Loss: 0.11711808294057846
INFO:root:Epoch: 63, Iteration: 447, Loss: 0.08205338567495346
INFO:root:Epoch: 63, Iteration: 448, Loss: 0.07141357660293579
INFO:root:Validation set mIOU: 87.01909047530606
INFO:root:Epoch: 64, Iteration: 449, Loss: 0.0807214081287384
INFO:root:Epoch: 64, Iteration: 450, Loss: 0.0895938128232956
INFO:root:Epoch: 64, Iteration: 451, Loss: 0.12839892506599426
INFO:root:Epoch: 64, Iteration: 452, Loss: 0.05693253129720688
INFO:root:Epoch: 64, Iteration: 453, Loss: 0.11379148066043854
INFO:root:Epoch: 64, Iteration: 454, Loss: 0.07190026342868805
INFO:root:Epoch: 64, Iteration: 455, Loss: 0.0869947075843811
INFO:root:Validation set mIOU: 87.0003217801304
INFO:root:Epoch: 65, Iteration: 456, Loss: 0.10340363532304764
INFO:root:Epoch: 65, Iteration: 457, Loss: 0.0764385461807251
INFO:root:Epoch: 65, Iteration: 458, Loss: 0.06553757935762405
INFO:root:Epoch: 65, Iteration: 459, Loss: 0.08808115869760513
INFO:root:Epoch: 65, Iteration: 460, Loss: 0.09532104432582855
INFO:root:Epoch: 65, Iteration: 461, Loss: 0.09073460847139359
INFO:root:Epoch: 65, Iteration: 462, Loss: 0.057113830000162125
INFO:root:Validation set mIOU: 87.01730542068412
INFO:root:Epoch: 66, Iteration: 463, Loss: 0.09265013784170151
INFO:root:Epoch: 66, Iteration: 464, Loss: 0.09323089569807053
INFO:root:Epoch: 66, Iteration: 465, Loss: 0.07474835216999054
INFO:root:Epoch: 66, Iteration: 466, Loss: 0.09263931214809418
INFO:root:Epoch: 66, Iteration: 467, Loss: 0.09851968288421631
INFO:root:Epoch: 66, Iteration: 468, Loss: 0.0743148997426033
INFO:root:Epoch: 66, Iteration: 469, Loss: 0.09290760010480881
INFO:root:Validation set mIOU: 86.5914218815651
INFO:root:Epoch: 67, Iteration: 470, Loss: 0.0784885436296463
INFO:root:Epoch: 67, Iteration: 471, Loss: 0.07662632316350937
INFO:root:Epoch: 67, Iteration: 472, Loss: 0.06338167190551758
INFO:root:Epoch: 67, Iteration: 473, Loss: 0.10052911937236786
INFO:root:Epoch: 67, Iteration: 474, Loss: 0.09041866660118103
INFO:root:Epoch: 67, Iteration: 475, Loss: 0.09468678385019302
INFO:root:Epoch: 67, Iteration: 476, Loss: 0.08047765493392944
INFO:root:Validation set mIOU: 86.74646544612102
INFO:root:Epoch: 68, Iteration: 477, Loss: 0.0834258496761322
INFO:root:Epoch: 68, Iteration: 478, Loss: 0.08251819014549255
INFO:root:Epoch: 68, Iteration: 479, Loss: 0.08824360370635986
INFO:root:Epoch: 68, Iteration: 480, Loss: 0.06405805051326752
INFO:root:Epoch: 68, Iteration: 481, Loss: 0.08858033269643784
INFO:root:Epoch: 68, Iteration: 482, Loss: 0.07870742678642273
INFO:root:Epoch: 68, Iteration: 483, Loss: 0.08802329003810883
INFO:root:Validation set mIOU: 86.91258036724139
INFO:root:Epoch: 69, Iteration: 484, Loss: 0.08838710188865662
INFO:root:Epoch: 69, Iteration: 485, Loss: 0.06107548996806145
INFO:root:Epoch: 69, Iteration: 486, Loss: 0.09432939440011978
INFO:root:Epoch: 69, Iteration: 487, Loss: 0.07397947460412979
INFO:root:Epoch: 69, Iteration: 488, Loss: 0.0918407067656517
INFO:root:Epoch: 69, Iteration: 489, Loss: 0.10167854279279709
INFO:root:Epoch: 69, Iteration: 490, Loss: 0.09697189927101135
INFO:root:Validation set mIOU: 87.48199181497705
INFO:root:Epoch: 70, Iteration: 491, Loss: 0.06937750428915024
INFO:root:Epoch: 70, Iteration: 492, Loss: 0.1307685673236847
INFO:root:Epoch: 70, Iteration: 493, Loss: 0.07338961958885193
INFO:root:Epoch: 70, Iteration: 494, Loss: 0.06567904353141785
INFO:root:Epoch: 70, Iteration: 495, Loss: 0.11101185530424118
INFO:root:Epoch: 70, Iteration: 496, Loss: 0.08691833913326263
INFO:root:Epoch: 70, Iteration: 497, Loss: 0.10252127796411514
INFO:root:Validation set mIOU: 87.38326912799978
INFO:root:Epoch: 71, Iteration: 498, Loss: 0.07254284620285034
INFO:root:Epoch: 71, Iteration: 499, Loss: 0.06020338833332062
INFO:root:Epoch: 71, Iteration: 500, Loss: 0.06054326891899109
INFO:root:Epoch: 71, Iteration: 501, Loss: 0.06150713562965393
INFO:root:Epoch: 71, Iteration: 502, Loss: 0.06768093258142471
INFO:root:Epoch: 71, Iteration: 503, Loss: 0.08630134910345078
INFO:root:Epoch: 71, Iteration: 504, Loss: 0.09328456223011017
INFO:root:Validation set mIOU: 86.95526100014116
INFO:root:Epoch: 72, Iteration: 505, Loss: 0.09290638566017151
INFO:root:Epoch: 72, Iteration: 506, Loss: 0.06686824560165405
INFO:root:Epoch: 72, Iteration: 507, Loss: 0.07179495692253113
INFO:root:Epoch: 72, Iteration: 508, Loss: 0.12653063237667084
INFO:root:Epoch: 72, Iteration: 509, Loss: 0.100152887403965
INFO:root:Epoch: 72, Iteration: 510, Loss: 0.08799014240503311
INFO:root:Epoch: 72, Iteration: 511, Loss: 0.0758228525519371
INFO:root:Validation set mIOU: 86.6919154846372
INFO:root:Epoch: 73, Iteration: 512, Loss: 0.09445209056138992
INFO:root:Epoch: 73, Iteration: 513, Loss: 0.09815309196710587
INFO:root:Epoch: 73, Iteration: 514, Loss: 0.07770676165819168
INFO:root:Epoch: 73, Iteration: 515, Loss: 0.07689918577671051
INFO:root:Epoch: 73, Iteration: 516, Loss: 0.07708726823329926
INFO:root:Epoch: 73, Iteration: 517, Loss: 0.12240421772003174
INFO:root:Epoch: 73, Iteration: 518, Loss: 0.06037957966327667
INFO:root:Validation set mIOU: 86.97823368431573
INFO:root:Epoch: 74, Iteration: 519, Loss: 0.08323606848716736
INFO:root:Epoch: 74, Iteration: 520, Loss: 0.06561382114887238
INFO:root:Epoch: 74, Iteration: 521, Loss: 0.08207912743091583
INFO:root:Epoch: 74, Iteration: 522, Loss: 0.06745041906833649
INFO:root:Epoch: 74, Iteration: 523, Loss: 0.07456890493631363
INFO:root:Epoch: 74, Iteration: 524, Loss: 0.06414904445409775
INFO:root:Epoch: 74, Iteration: 525, Loss: 0.1123819500207901
INFO:root:Validation set mIOU: 87.05900723820054
INFO:root:Epoch: 75, Iteration: 526, Loss: 0.0534978061914444
INFO:root:Epoch: 75, Iteration: 527, Loss: 0.0637957751750946
INFO:root:Epoch: 75, Iteration: 528, Loss: 0.09854055941104889
INFO:root:Epoch: 75, Iteration: 529, Loss: 0.07820241153240204
INFO:root:Epoch: 75, Iteration: 530, Loss: 0.08393540233373642
INFO:root:Epoch: 75, Iteration: 531, Loss: 0.07608776539564133
INFO:root:Epoch: 75, Iteration: 532, Loss: 0.07997705042362213
INFO:root:Validation set mIOU: 86.97336773338192
INFO:root:Epoch: 76, Iteration: 533, Loss: 0.09341636300086975
INFO:root:Epoch: 76, Iteration: 534, Loss: 0.11516797542572021
INFO:root:Epoch: 76, Iteration: 535, Loss: 0.08591723442077637
INFO:root:Epoch: 76, Iteration: 536, Loss: 0.07628600299358368
INFO:root:Epoch: 76, Iteration: 537, Loss: 0.09091636538505554
INFO:root:Epoch: 76, Iteration: 538, Loss: 0.09358236193656921
INFO:root:Epoch: 76, Iteration: 539, Loss: 0.06823109835386276
INFO:root:Validation set mIOU: 87.14822761606317
INFO:root:Epoch: 77, Iteration: 540, Loss: 0.11090041697025299
INFO:root:Epoch: 77, Iteration: 541, Loss: 0.06031085550785065
INFO:root:Epoch: 77, Iteration: 542, Loss: 0.061760738492012024
INFO:root:Epoch: 77, Iteration: 543, Loss: 0.07486210018396378
INFO:root:Epoch: 77, Iteration: 544, Loss: 0.06105523928999901
INFO:root:Epoch: 77, Iteration: 545, Loss: 0.08344872295856476
INFO:root:Epoch: 77, Iteration: 546, Loss: 0.10369139164686203
INFO:root:Validation set mIOU: 87.21386186705581
INFO:root:Epoch: 78, Iteration: 547, Loss: 0.0863746702671051
INFO:root:Epoch: 78, Iteration: 548, Loss: 0.1214788556098938
INFO:root:Epoch: 78, Iteration: 549, Loss: 0.06471741944551468
INFO:root:Epoch: 78, Iteration: 550, Loss: 0.06551659852266312
INFO:root:Epoch: 78, Iteration: 551, Loss: 0.08521533012390137
INFO:root:Epoch: 78, Iteration: 552, Loss: 0.07404648512601852
INFO:root:Epoch: 78, Iteration: 553, Loss: 0.0644896849989891
INFO:root:Validation set mIOU: 87.19640404492748
INFO:root:Epoch: 79, Iteration: 554, Loss: 0.06683773547410965
INFO:root:Epoch: 79, Iteration: 555, Loss: 0.07563276588916779
INFO:root:Epoch: 79, Iteration: 556, Loss: 0.10599333047866821
INFO:root:Epoch: 79, Iteration: 557, Loss: 0.07993391901254654
INFO:root:Epoch: 79, Iteration: 558, Loss: 0.08146713674068451
INFO:root:Epoch: 79, Iteration: 559, Loss: 0.09009812027215958
INFO:root:Epoch: 79, Iteration: 560, Loss: 0.0933997705578804
INFO:root:Validation set mIOU: 86.66662698481957
INFO:root:Epoch: 80, Iteration: 561, Loss: 0.06126730889081955
INFO:root:Epoch: 80, Iteration: 562, Loss: 0.06002512574195862
INFO:root:Epoch: 80, Iteration: 563, Loss: 0.07355062663555145
INFO:root:Epoch: 80, Iteration: 564, Loss: 0.11148481070995331
INFO:root:Epoch: 80, Iteration: 565, Loss: 0.07565189152956009
INFO:root:Epoch: 80, Iteration: 566, Loss: 0.09059978276491165
INFO:root:Epoch: 80, Iteration: 567, Loss: 0.049543652683496475
INFO:root:Validation set mIOU: 86.88065060991059
INFO:root:Epoch: 81, Iteration: 568, Loss: 0.08365786075592041
INFO:root:Epoch: 81, Iteration: 569, Loss: 0.07217971980571747
INFO:root:Epoch: 81, Iteration: 570, Loss: 0.09696758538484573
INFO:root:Epoch: 81, Iteration: 571, Loss: 0.08833320438861847
INFO:root:Epoch: 81, Iteration: 572, Loss: 0.07001923769712448
INFO:root:Epoch: 81, Iteration: 573, Loss: 0.12727223336696625
INFO:root:Epoch: 81, Iteration: 574, Loss: 0.0521872453391552
INFO:root:Validation set mIOU: 86.73821357763765
INFO:root:Epoch: 82, Iteration: 575, Loss: 0.09401179105043411
INFO:root:Epoch: 82, Iteration: 576, Loss: 0.07343431562185287
INFO:root:Epoch: 82, Iteration: 577, Loss: 0.08696766197681427
INFO:root:Epoch: 82, Iteration: 578, Loss: 0.0776844471693039
INFO:root:Epoch: 82, Iteration: 579, Loss: 0.09243328869342804
INFO:root:Epoch: 82, Iteration: 580, Loss: 0.0664471834897995
INFO:root:Epoch: 82, Iteration: 581, Loss: 0.06534024327993393
INFO:root:Validation set mIOU: 87.02811596368983
INFO:root:Epoch: 83, Iteration: 582, Loss: 0.07921053469181061
INFO:root:Epoch: 83, Iteration: 583, Loss: 0.05719008296728134
INFO:root:Epoch: 83, Iteration: 584, Loss: 0.05800529569387436
INFO:root:Epoch: 83, Iteration: 585, Loss: 0.08232951164245605
INFO:root:Epoch: 83, Iteration: 586, Loss: 0.15250399708747864
INFO:root:Epoch: 83, Iteration: 587, Loss: 0.09833049774169922
INFO:root:Epoch: 83, Iteration: 588, Loss: 0.07707487046718597
INFO:root:Validation set mIOU: 86.82978464187264
INFO:root:Epoch: 84, Iteration: 589, Loss: 0.07277912646532059
INFO:root:Epoch: 84, Iteration: 590, Loss: 0.0659840926527977
INFO:root:Epoch: 84, Iteration: 591, Loss: 0.0919136330485344
INFO:root:Epoch: 84, Iteration: 592, Loss: 0.07275787740945816
INFO:root:Epoch: 84, Iteration: 593, Loss: 0.08029183745384216
INFO:root:Epoch: 84, Iteration: 594, Loss: 0.10249032825231552
INFO:root:Epoch: 84, Iteration: 595, Loss: 0.06009369716048241
INFO:root:Validation set mIOU: 86.9291552653683
INFO:root:Epoch: 85, Iteration: 596, Loss: 0.07935678213834763
INFO:root:Epoch: 85, Iteration: 597, Loss: 0.07126838713884354
INFO:root:Epoch: 85, Iteration: 598, Loss: 0.05676838755607605
INFO:root:Epoch: 85, Iteration: 599, Loss: 0.08351839333772659
INFO:root:Epoch: 85, Iteration: 600, Loss: 0.07135023921728134
INFO:root:Epoch: 85, Iteration: 601, Loss: 0.08867476880550385
INFO:root:Epoch: 85, Iteration: 602, Loss: 0.08326832205057144
INFO:root:Validation set mIOU: 86.67166351215886
INFO:root:Epoch: 86, Iteration: 603, Loss: 0.08163030445575714
INFO:root:Epoch: 86, Iteration: 604, Loss: 0.07307079434394836
INFO:root:Epoch: 86, Iteration: 605, Loss: 0.12301252782344818
INFO:root:Epoch: 86, Iteration: 606, Loss: 0.049945078790187836
INFO:root:Epoch: 86, Iteration: 607, Loss: 0.06986671686172485
INFO:root:Epoch: 86, Iteration: 608, Loss: 0.10359668731689453
INFO:root:Epoch: 86, Iteration: 609, Loss: 0.08858916908502579
INFO:root:Validation set mIOU: 86.0673220143743
INFO:root:Epoch: 87, Iteration: 610, Loss: 0.05045662075281143
INFO:root:Epoch: 87, Iteration: 611, Loss: 0.06511875987052917
INFO:root:Epoch: 87, Iteration: 612, Loss: 0.09364620596170425
INFO:root:Epoch: 87, Iteration: 613, Loss: 0.06836957484483719
INFO:root:Epoch: 87, Iteration: 614, Loss: 0.0698891133069992
INFO:root:Epoch: 87, Iteration: 615, Loss: 0.07212971150875092
INFO:root:Epoch: 87, Iteration: 616, Loss: 0.07841286808252335
INFO:root:Validation set mIOU: 86.55381314745388
INFO:root:Epoch: 88, Iteration: 617, Loss: 0.08715113252401352
INFO:root:Epoch: 88, Iteration: 618, Loss: 0.10068558901548386
INFO:root:Epoch: 88, Iteration: 619, Loss: 0.07262734323740005
INFO:root:Epoch: 88, Iteration: 620, Loss: 0.08025484532117844
INFO:root:Epoch: 88, Iteration: 621, Loss: 0.08187802881002426
INFO:root:Epoch: 88, Iteration: 622, Loss: 0.09944601356983185
INFO:root:Epoch: 88, Iteration: 623, Loss: 0.0807340145111084
INFO:root:Validation set mIOU: 86.7785293969649
INFO:root:Epoch: 89, Iteration: 624, Loss: 0.06403183192014694
INFO:root:Epoch: 89, Iteration: 625, Loss: 0.055395472794771194
INFO:root:Epoch: 89, Iteration: 626, Loss: 0.06677525490522385
INFO:root:Epoch: 89, Iteration: 627, Loss: 0.08662142604589462
INFO:root:Epoch: 89, Iteration: 628, Loss: 0.05668435990810394
INFO:root:Epoch: 89, Iteration: 629, Loss: 0.08210565149784088
INFO:root:Epoch: 89, Iteration: 630, Loss: 0.07249137759208679
INFO:root:Validation set mIOU: 86.95777993547212
INFO:root:Epoch: 90, Iteration: 631, Loss: 0.077931709587574
INFO:root:Epoch: 90, Iteration: 632, Loss: 0.0596749410033226
INFO:root:Epoch: 90, Iteration: 633, Loss: 0.06562069058418274
INFO:root:Epoch: 90, Iteration: 634, Loss: 0.07971605658531189
INFO:root:Epoch: 90, Iteration: 635, Loss: 0.08395300805568695
INFO:root:Epoch: 90, Iteration: 636, Loss: 0.0827135369181633
INFO:root:Epoch: 90, Iteration: 637, Loss: 0.06807917356491089
INFO:root:Validation set mIOU: 87.11922850276696
INFO:root:Epoch: 91, Iteration: 638, Loss: 0.0575086809694767
INFO:root:Epoch: 91, Iteration: 639, Loss: 0.11637207120656967
INFO:root:Epoch: 91, Iteration: 640, Loss: 0.06015531346201897
INFO:root:Epoch: 91, Iteration: 641, Loss: 0.08462105691432953
INFO:root:Epoch: 91, Iteration: 642, Loss: 0.08497778326272964
INFO:root:Epoch: 91, Iteration: 643, Loss: 0.06185866892337799
INFO:root:Epoch: 91, Iteration: 644, Loss: 0.0826437771320343
INFO:root:Validation set mIOU: 86.82644434217895
INFO:root:Epoch: 92, Iteration: 645, Loss: 0.07847941666841507
INFO:root:Epoch: 92, Iteration: 646, Loss: 0.07919762283563614
INFO:root:Epoch: 92, Iteration: 647, Loss: 0.08632158488035202
INFO:root:Epoch: 92, Iteration: 648, Loss: 0.08460079878568649
INFO:root:Epoch: 92, Iteration: 649, Loss: 0.06400647759437561
INFO:root:Epoch: 92, Iteration: 650, Loss: 0.08827193081378937
INFO:root:Epoch: 92, Iteration: 651, Loss: 0.061603713780641556
INFO:root:Validation set mIOU: 87.0107269450474
INFO:root:Epoch: 93, Iteration: 652, Loss: 0.08808209747076035
INFO:root:Epoch: 93, Iteration: 653, Loss: 0.07259290665388107
INFO:root:Epoch: 93, Iteration: 654, Loss: 0.07711531221866608
INFO:root:Epoch: 93, Iteration: 655, Loss: 0.06932138651609421
INFO:root:Epoch: 93, Iteration: 656, Loss: 0.08290451765060425
INFO:root:Epoch: 93, Iteration: 657, Loss: 0.09631998836994171
INFO:root:Epoch: 93, Iteration: 658, Loss: 0.07785683125257492
INFO:root:Validation set mIOU: 86.74337202476715
INFO:root:Epoch: 94, Iteration: 659, Loss: 0.10127320140600204
INFO:root:Epoch: 94, Iteration: 660, Loss: 0.08401239663362503
INFO:root:Epoch: 94, Iteration: 661, Loss: 0.09766536951065063
INFO:root:Epoch: 94, Iteration: 662, Loss: 0.08667486906051636
INFO:root:Epoch: 94, Iteration: 663, Loss: 0.08583231270313263
INFO:root:Epoch: 94, Iteration: 664, Loss: 0.06217482313513756
INFO:root:Epoch: 94, Iteration: 665, Loss: 0.0736357569694519
INFO:root:Validation set mIOU: 87.12546751017418
INFO:root:Epoch: 95, Iteration: 666, Loss: 0.0704452320933342
INFO:root:Epoch: 95, Iteration: 667, Loss: 0.07856673747301102
INFO:root:Epoch: 95, Iteration: 668, Loss: 0.08682378381490707
INFO:root:Epoch: 95, Iteration: 669, Loss: 0.07369021326303482
INFO:root:Epoch: 95, Iteration: 670, Loss: 0.08012572675943375
INFO:root:Epoch: 95, Iteration: 671, Loss: 0.07283727824687958
INFO:root:Epoch: 95, Iteration: 672, Loss: 0.12390134483575821
INFO:root:Validation set mIOU: 87.0653177363444
INFO:root:Epoch: 96, Iteration: 673, Loss: 0.07761737704277039
INFO:root:Epoch: 96, Iteration: 674, Loss: 0.07685964554548264
INFO:root:Epoch: 96, Iteration: 675, Loss: 0.08418527245521545
INFO:root:Epoch: 96, Iteration: 676, Loss: 0.0691513866186142
INFO:root:Epoch: 96, Iteration: 677, Loss: 0.06297508627176285
INFO:root:Epoch: 96, Iteration: 678, Loss: 0.06294360011816025
INFO:root:Epoch: 96, Iteration: 679, Loss: 0.05779699236154556
INFO:root:Validation set mIOU: 86.94760261616912
INFO:root:Epoch: 97, Iteration: 680, Loss: 0.06295811384916306
INFO:root:Epoch: 97, Iteration: 681, Loss: 0.09241050481796265
INFO:root:Epoch: 97, Iteration: 682, Loss: 0.08178729563951492
INFO:root:Epoch: 97, Iteration: 683, Loss: 0.069369375705719
INFO:root:Epoch: 97, Iteration: 684, Loss: 0.06597720831632614
INFO:root:Epoch: 97, Iteration: 685, Loss: 0.07394394278526306
INFO:root:Epoch: 97, Iteration: 686, Loss: 0.05414719879627228
INFO:root:Validation set mIOU: 86.95190203764294
INFO:root:Epoch: 98, Iteration: 687, Loss: 0.04785124212503433
INFO:root:Epoch: 98, Iteration: 688, Loss: 0.08334578573703766
INFO:root:Epoch: 98, Iteration: 689, Loss: 0.0647611916065216
INFO:root:Epoch: 98, Iteration: 690, Loss: 0.06580790877342224
INFO:root:Epoch: 98, Iteration: 691, Loss: 0.06832097470760345
INFO:root:Epoch: 98, Iteration: 692, Loss: 0.07748984545469284
INFO:root:Epoch: 98, Iteration: 693, Loss: 0.06408045440912247
INFO:root:Validation set mIOU: 87.02927857079906
INFO:root:Epoch: 99, Iteration: 694, Loss: 0.06996378302574158
INFO:root:Epoch: 99, Iteration: 695, Loss: 0.0809522196650505
INFO:root:Epoch: 99, Iteration: 696, Loss: 0.05674409493803978
INFO:root:Epoch: 99, Iteration: 697, Loss: 0.07538381218910217
INFO:root:Epoch: 99, Iteration: 698, Loss: 0.06639542430639267
INFO:root:Epoch: 99, Iteration: 699, Loss: 0.062166862189769745
INFO:root:Epoch: 99, Iteration: 700, Loss: 0.12809333205223083
INFO:root:Validation set mIOU: 86.91470448710007
