INFO:root:{'addition': 'circular_cutout',
 'backbone': 'resnet101',
 'batch_size': 16,
 'batch_size_consistency': 16,
 'conf_thres': 0.95,
 'config': 'configs/dataset2.yaml',
 'consistency_training': False,
 'crop_size': 320,
 'data_root': './',
 'dataset': 'dataset2',
 'epochs': 100,
 'labeled_id_path': 'dataset/splits/dataset2/1_4/split_random/labeled.txt',
 'lr': 0.0009,
 'model': 'deeplabv3plus',
 'ngpus': 1,
 'plus': False,
 'pseudo_consistency_mask_path': None,
 'pseudo_mask_path': 'outdir/pseudo_masks/dataset2/1_4/split_random/deeplabv3plus/resnet101/circular_cutout/self_training/non_consistency_training/first_time',
 'rand_thres': 0.8,
 'reliable_id_path': None,
 'save_path': 'outdir/models/dataset2/1_4/split_random/deeplabv3plus/resnet101/circular_cutout/self_training/non_consistency_training/first_time',
 'time': 1,
 'unlabeled_id_path': 'dataset/splits/dataset2/1_4/split_random/unlabeled.txt',
 'warm_up': 30}

INFO:root:Training supervised with consistency on unlabeled images
INFO:root:Epoch: 0, Iteration: 1, Loss: 1.2326369285583496
INFO:root:Epoch: 0, Iteration: 2, Loss: 1.124319076538086
INFO:root:Validation set mIOU: 34.299065648595324
INFO:root:Epoch: 1, Iteration: 3, Loss: 0.9505723714828491
INFO:root:Epoch: 1, Iteration: 4, Loss: 0.7771685719490051
INFO:root:Validation set mIOU: 25.451709714310272
INFO:root:Epoch: 2, Iteration: 5, Loss: 0.6261181831359863
INFO:root:Epoch: 2, Iteration: 6, Loss: 0.6178216338157654
INFO:root:Validation set mIOU: 25.451709714310272
INFO:root:Epoch: 3, Iteration: 7, Loss: 0.5444298982620239
INFO:root:Epoch: 3, Iteration: 8, Loss: 0.5124611854553223
INFO:root:Validation set mIOU: 34.584765488350435
INFO:root:Epoch: 4, Iteration: 9, Loss: 0.38189297914505005
INFO:root:Epoch: 4, Iteration: 10, Loss: 0.356616735458374
INFO:root:Validation set mIOU: 55.27720255742473
INFO:root:Epoch: 5, Iteration: 11, Loss: 0.29272645711898804
INFO:root:Epoch: 5, Iteration: 12, Loss: 0.29301717877388
INFO:root:Validation set mIOU: 70.94821629603204
INFO:root:Epoch: 6, Iteration: 13, Loss: 0.2266184687614441
INFO:root:Epoch: 6, Iteration: 14, Loss: 0.24538938701152802
INFO:root:Validation set mIOU: 75.2728959964
INFO:root:Epoch: 7, Iteration: 15, Loss: 0.249591663479805
INFO:root:Epoch: 7, Iteration: 16, Loss: 0.19731181859970093
INFO:root:Validation set mIOU: 74.32691384619723
INFO:root:Epoch: 8, Iteration: 17, Loss: 0.2042710930109024
INFO:root:Epoch: 8, Iteration: 18, Loss: 0.17807221412658691
INFO:root:Validation set mIOU: 73.7435438386469
INFO:root:Epoch: 9, Iteration: 19, Loss: 0.16293102502822876
INFO:root:Epoch: 9, Iteration: 20, Loss: 0.16405323147773743
INFO:root:Validation set mIOU: 76.12516260086313
INFO:root:Epoch: 10, Iteration: 21, Loss: 0.16678526997566223
INFO:root:Epoch: 10, Iteration: 22, Loss: 0.13891193270683289
INFO:root:Validation set mIOU: 78.2636113406094
INFO:root:Epoch: 11, Iteration: 23, Loss: 0.11080540716648102
INFO:root:Epoch: 11, Iteration: 24, Loss: 0.12705464661121368
INFO:root:Validation set mIOU: 78.83504525832011
INFO:root:Epoch: 12, Iteration: 25, Loss: 0.10207520425319672
INFO:root:Epoch: 12, Iteration: 26, Loss: 0.10021728277206421
INFO:root:Validation set mIOU: 79.26648793953348
INFO:root:Epoch: 13, Iteration: 27, Loss: 0.11617708951234818
INFO:root:Epoch: 13, Iteration: 28, Loss: 0.1033053994178772
INFO:root:Validation set mIOU: 79.83314145061847
INFO:root:Epoch: 14, Iteration: 29, Loss: 0.11449144780635834
INFO:root:Epoch: 14, Iteration: 30, Loss: 0.11508725583553314
INFO:root:Validation set mIOU: 80.26937713683436
INFO:root:Epoch: 15, Iteration: 31, Loss: 0.11779089272022247
INFO:root:Epoch: 15, Iteration: 32, Loss: 0.09137076139450073
INFO:root:Validation set mIOU: 80.83205943205284
INFO:root:Epoch: 16, Iteration: 33, Loss: 0.10770682990550995
INFO:root:Epoch: 16, Iteration: 34, Loss: 0.10358572751283646
INFO:root:Validation set mIOU: 81.27406144995085
INFO:root:Epoch: 17, Iteration: 35, Loss: 0.09671568870544434
INFO:root:Epoch: 17, Iteration: 36, Loss: 0.11060864478349686
INFO:root:Validation set mIOU: 81.5922592460895
INFO:root:Epoch: 18, Iteration: 37, Loss: 0.07704523205757141
INFO:root:Epoch: 18, Iteration: 38, Loss: 0.09524637460708618
INFO:root:Validation set mIOU: 81.74485761361593
INFO:root:Epoch: 19, Iteration: 39, Loss: 0.14180278778076172
INFO:root:Epoch: 19, Iteration: 40, Loss: 0.08632013201713562
INFO:root:Validation set mIOU: 82.02266857063499
INFO:root:Epoch: 20, Iteration: 41, Loss: 0.07805144786834717
INFO:root:Epoch: 20, Iteration: 42, Loss: 0.09446553885936737
INFO:root:Validation set mIOU: 82.40808568697537
INFO:root:Epoch: 21, Iteration: 43, Loss: 0.09246653318405151
INFO:root:Epoch: 21, Iteration: 44, Loss: 0.07717994600534439
INFO:root:Validation set mIOU: 82.84750629316814
INFO:root:Epoch: 22, Iteration: 45, Loss: 0.07740858197212219
INFO:root:Epoch: 22, Iteration: 46, Loss: 0.16144423186779022
INFO:root:Validation set mIOU: 83.34940495622547
INFO:root:Epoch: 23, Iteration: 47, Loss: 0.07567521184682846
INFO:root:Epoch: 23, Iteration: 48, Loss: 0.07038132846355438
INFO:root:Validation set mIOU: 83.60196399773866
INFO:root:Epoch: 24, Iteration: 49, Loss: 0.0825318917632103
INFO:root:Epoch: 24, Iteration: 50, Loss: 0.07601555436849594
INFO:root:Validation set mIOU: 83.77866152643526
INFO:root:Epoch: 25, Iteration: 51, Loss: 0.10223208367824554
INFO:root:Epoch: 25, Iteration: 52, Loss: 0.09706291556358337
INFO:root:Validation set mIOU: 83.72767945119041
INFO:root:Epoch: 26, Iteration: 53, Loss: 0.10667149722576141
INFO:root:Epoch: 26, Iteration: 54, Loss: 0.06573660671710968
INFO:root:Validation set mIOU: 84.28133375718949
INFO:root:Epoch: 27, Iteration: 55, Loss: 0.09607595950365067
INFO:root:Epoch: 27, Iteration: 56, Loss: 0.07667160034179688
INFO:root:Validation set mIOU: 84.33925662498503
INFO:root:Epoch: 28, Iteration: 57, Loss: 0.0685574859380722
INFO:root:Epoch: 28, Iteration: 58, Loss: 0.0781831294298172
INFO:root:Validation set mIOU: 84.55543364037213
INFO:root:Epoch: 29, Iteration: 59, Loss: 0.07646229863166809
INFO:root:Epoch: 29, Iteration: 60, Loss: 0.09827004373073578
INFO:root:Validation set mIOU: 84.57375946114814
INFO:root:Epoch: 30, Iteration: 61, Loss: 0.06628381460905075
INFO:root:Epoch: 30, Iteration: 62, Loss: 0.07792828977108002
INFO:root:Validation set mIOU: 84.6829836135
INFO:root:Epoch: 31, Iteration: 63, Loss: 0.08316577970981598
INFO:root:Epoch: 31, Iteration: 64, Loss: 0.05863632634282112
INFO:root:Validation set mIOU: 84.57725146430496
INFO:root:Epoch: 32, Iteration: 65, Loss: 0.054661914706230164
INFO:root:Epoch: 32, Iteration: 66, Loss: 0.0654212161898613
INFO:root:Validation set mIOU: 84.31657868317717
INFO:root:Epoch: 33, Iteration: 67, Loss: 0.08511581271886826
INFO:root:Epoch: 33, Iteration: 68, Loss: 0.06581223011016846
INFO:root:Validation set mIOU: 84.05411648984753
INFO:root:Epoch: 34, Iteration: 69, Loss: 0.07731325179338455
INFO:root:Epoch: 34, Iteration: 70, Loss: 0.06454500555992126
INFO:root:Validation set mIOU: 83.84481714764503
INFO:root:Epoch: 35, Iteration: 71, Loss: 0.06789906322956085
INFO:root:Epoch: 35, Iteration: 72, Loss: 0.08274940401315689
INFO:root:Validation set mIOU: 83.60727234865647
INFO:root:Epoch: 36, Iteration: 73, Loss: 0.0668126791715622
INFO:root:Epoch: 36, Iteration: 74, Loss: 0.07635090500116348
INFO:root:Validation set mIOU: 83.4613930112341
INFO:root:Epoch: 37, Iteration: 75, Loss: 0.0681828185915947
INFO:root:Epoch: 37, Iteration: 76, Loss: 0.07512243837118149
INFO:root:Validation set mIOU: 83.54417239142049
INFO:root:Epoch: 38, Iteration: 77, Loss: 0.08824978023767471
INFO:root:Epoch: 38, Iteration: 78, Loss: 0.07455389201641083
INFO:root:Validation set mIOU: 83.69472916635706
INFO:root:Epoch: 39, Iteration: 79, Loss: 0.08766850084066391
INFO:root:Epoch: 39, Iteration: 80, Loss: 0.06517068296670914
INFO:root:Validation set mIOU: 83.8047456293856
INFO:root:Epoch: 40, Iteration: 81, Loss: 0.08168648928403854
INFO:root:Epoch: 40, Iteration: 82, Loss: 0.07894780486822128
INFO:root:Validation set mIOU: 83.82435925977775
INFO:root:Epoch: 41, Iteration: 83, Loss: 0.07249549776315689
INFO:root:Epoch: 41, Iteration: 84, Loss: 0.0705346092581749
INFO:root:Validation set mIOU: 83.88225302729589
INFO:root:Epoch: 42, Iteration: 85, Loss: 0.06486617773771286
INFO:root:Epoch: 42, Iteration: 86, Loss: 0.10100224614143372
INFO:root:Validation set mIOU: 83.98978089096481
INFO:root:Epoch: 43, Iteration: 87, Loss: 0.06272712349891663
INFO:root:Epoch: 43, Iteration: 88, Loss: 0.07019052654504776
INFO:root:Validation set mIOU: 84.27907692163168
INFO:root:Epoch: 44, Iteration: 89, Loss: 0.058843061327934265
INFO:root:Epoch: 44, Iteration: 90, Loss: 0.07554502040147781
INFO:root:Validation set mIOU: 84.37002501708143
INFO:root:Epoch: 45, Iteration: 91, Loss: 0.06474625319242477
INFO:root:Epoch: 45, Iteration: 92, Loss: 0.07095656543970108
INFO:root:Validation set mIOU: 84.29596488896891
INFO:root:Epoch: 46, Iteration: 93, Loss: 0.061134446412324905
INFO:root:Epoch: 46, Iteration: 94, Loss: 0.06886977702379227
INFO:root:Validation set mIOU: 84.21060438670405
INFO:root:Epoch: 47, Iteration: 95, Loss: 0.06194044277071953
INFO:root:Epoch: 47, Iteration: 96, Loss: 0.06851153820753098
INFO:root:Validation set mIOU: 84.24866682317611
INFO:root:Epoch: 48, Iteration: 97, Loss: 0.054015785455703735
INFO:root:Epoch: 48, Iteration: 98, Loss: 0.08442462980747223
INFO:root:Validation set mIOU: 84.14497047653117
INFO:root:Epoch: 49, Iteration: 99, Loss: 0.0650704950094223
INFO:root:Epoch: 49, Iteration: 100, Loss: 0.06324911117553711
INFO:root:Validation set mIOU: 84.17876590208012
INFO:root:Epoch: 50, Iteration: 101, Loss: 0.051819223910570145
INFO:root:Epoch: 50, Iteration: 102, Loss: 0.062490805983543396
INFO:root:Validation set mIOU: 84.23820445746689
INFO:root:Epoch: 51, Iteration: 103, Loss: 0.06395543366670609
INFO:root:Epoch: 51, Iteration: 104, Loss: 0.0639992281794548
INFO:root:Validation set mIOU: 84.2510028227054
INFO:root:Epoch: 52, Iteration: 105, Loss: 0.06964514404535294
INFO:root:Epoch: 52, Iteration: 106, Loss: 0.07399820536375046
INFO:root:Validation set mIOU: 84.22714899758202
INFO:root:Epoch: 53, Iteration: 107, Loss: 0.06292039155960083
INFO:root:Epoch: 53, Iteration: 108, Loss: 0.046770352870225906
INFO:root:Validation set mIOU: 84.21218570212969
INFO:root:Epoch: 54, Iteration: 109, Loss: 0.06397531181573868
INFO:root:Epoch: 54, Iteration: 110, Loss: 0.0661013275384903
INFO:root:Validation set mIOU: 84.34841074405314
INFO:root:Epoch: 55, Iteration: 111, Loss: 0.06471499800682068
INFO:root:Epoch: 55, Iteration: 112, Loss: 0.0518185980618
INFO:root:Validation set mIOU: 84.43405315005172
INFO:root:Epoch: 56, Iteration: 113, Loss: 0.05178593099117279
INFO:root:Epoch: 56, Iteration: 114, Loss: 0.06681066751480103
INFO:root:Validation set mIOU: 84.55181927978659
INFO:root:Epoch: 57, Iteration: 115, Loss: 0.05152783915400505
INFO:root:Epoch: 57, Iteration: 116, Loss: 0.05212745442986488
INFO:root:Validation set mIOU: 84.7541395818857
INFO:root:Epoch: 58, Iteration: 117, Loss: 0.06955373287200928
INFO:root:Epoch: 58, Iteration: 118, Loss: 0.04553893581032753
INFO:root:Validation set mIOU: 84.6761305403867
INFO:root:Epoch: 59, Iteration: 119, Loss: 0.05832929164171219
INFO:root:Epoch: 59, Iteration: 120, Loss: 0.058259788900613785
INFO:root:Validation set mIOU: 84.67556361380545
INFO:root:Epoch: 60, Iteration: 121, Loss: 0.05100880563259125
INFO:root:Epoch: 60, Iteration: 122, Loss: 0.05690031871199608
INFO:root:Validation set mIOU: 84.59515125467628
INFO:root:Epoch: 61, Iteration: 123, Loss: 0.09053958207368851
INFO:root:Epoch: 61, Iteration: 124, Loss: 0.055797699838876724
INFO:root:Validation set mIOU: 84.4529022583663
INFO:root:Epoch: 62, Iteration: 125, Loss: 0.0766834169626236
INFO:root:Epoch: 62, Iteration: 126, Loss: 0.07921615988016129
INFO:root:Validation set mIOU: 83.97396247650506
INFO:root:Epoch: 63, Iteration: 127, Loss: 0.06004250794649124
INFO:root:Epoch: 63, Iteration: 128, Loss: 0.05831534415483475
INFO:root:Validation set mIOU: 83.92250994434987
INFO:root:Epoch: 64, Iteration: 129, Loss: 0.053160279989242554
INFO:root:Epoch: 64, Iteration: 130, Loss: 0.06187384948134422
INFO:root:Validation set mIOU: 83.96262730786071
INFO:root:Epoch: 65, Iteration: 131, Loss: 0.06305442750453949
INFO:root:Epoch: 65, Iteration: 132, Loss: 0.05754243955016136
INFO:root:Validation set mIOU: 84.10181700806581
INFO:root:Epoch: 66, Iteration: 133, Loss: 0.05912899598479271
INFO:root:Epoch: 66, Iteration: 134, Loss: 0.06807919591665268
INFO:root:Validation set mIOU: 84.39226939125346
INFO:root:Epoch: 67, Iteration: 135, Loss: 0.06282027810811996
INFO:root:Epoch: 67, Iteration: 136, Loss: 0.06019487604498863
INFO:root:Validation set mIOU: 84.26856272938235
INFO:root:Epoch: 68, Iteration: 137, Loss: 0.06004299595952034
INFO:root:Epoch: 68, Iteration: 138, Loss: 0.05566292256116867
INFO:root:Validation set mIOU: 84.21557480494037
INFO:root:Epoch: 69, Iteration: 139, Loss: 0.06527797132730484
INFO:root:Epoch: 69, Iteration: 140, Loss: 0.08421502262353897
INFO:root:Validation set mIOU: 84.20095136296025
INFO:root:Epoch: 70, Iteration: 141, Loss: 0.07833961397409439
INFO:root:Epoch: 70, Iteration: 142, Loss: 0.06253941357135773
INFO:root:Validation set mIOU: 84.19935313698933
INFO:root:Epoch: 71, Iteration: 143, Loss: 0.05186616629362106
INFO:root:Epoch: 71, Iteration: 144, Loss: 0.05906696617603302
INFO:root:Validation set mIOU: 84.31320450052962
INFO:root:Epoch: 72, Iteration: 145, Loss: 0.05785822123289108
INFO:root:Epoch: 72, Iteration: 146, Loss: 0.05212339013814926
INFO:root:Validation set mIOU: 84.36375569225912
INFO:root:Epoch: 73, Iteration: 147, Loss: 0.04491979256272316
INFO:root:Epoch: 73, Iteration: 148, Loss: 0.07756181061267853
INFO:root:Validation set mIOU: 84.49336682063058
INFO:root:Epoch: 74, Iteration: 149, Loss: 0.06578336656093597
INFO:root:Epoch: 74, Iteration: 150, Loss: 0.07124574482440948
INFO:root:Validation set mIOU: 84.67944785741452
INFO:root:Epoch: 75, Iteration: 151, Loss: 0.056269291788339615
INFO:root:Epoch: 75, Iteration: 152, Loss: 0.09493854641914368
INFO:root:Validation set mIOU: 84.4480271525405
INFO:root:Epoch: 76, Iteration: 153, Loss: 0.059518564492464066
INFO:root:Epoch: 76, Iteration: 154, Loss: 0.06438300758600235
INFO:root:Validation set mIOU: 84.3728401586448
INFO:root:Epoch: 77, Iteration: 155, Loss: 0.05873806029558182
INFO:root:Epoch: 77, Iteration: 156, Loss: 0.05181745067238808
INFO:root:Validation set mIOU: 84.59808864613542
INFO:root:Epoch: 78, Iteration: 157, Loss: 0.07625331729650497
INFO:root:Epoch: 78, Iteration: 158, Loss: 0.05679521709680557
INFO:root:Validation set mIOU: 84.53740965316348
INFO:root:Epoch: 79, Iteration: 159, Loss: 0.0656440407037735
INFO:root:Epoch: 79, Iteration: 160, Loss: 0.04414970055222511
INFO:root:Validation set mIOU: 84.52933810943125
INFO:root:Epoch: 80, Iteration: 161, Loss: 0.05334889143705368
INFO:root:Epoch: 80, Iteration: 162, Loss: 0.05116425082087517
INFO:root:Validation set mIOU: 84.45024721894832
INFO:root:Epoch: 81, Iteration: 163, Loss: 0.05937962979078293
INFO:root:Epoch: 81, Iteration: 164, Loss: 0.05739834904670715
INFO:root:Validation set mIOU: 84.59945194291019
INFO:root:Epoch: 82, Iteration: 165, Loss: 0.053595416247844696
INFO:root:Epoch: 82, Iteration: 166, Loss: 0.06696767359972
INFO:root:Validation set mIOU: 84.56392185250353
INFO:root:Epoch: 83, Iteration: 167, Loss: 0.05114034563302994
INFO:root:Epoch: 83, Iteration: 168, Loss: 0.05461544916033745
INFO:root:Validation set mIOU: 84.60166725715086
INFO:root:Epoch: 84, Iteration: 169, Loss: 0.05704301968216896
INFO:root:Epoch: 84, Iteration: 170, Loss: 0.04668973386287689
INFO:root:Validation set mIOU: 84.65795313926388
INFO:root:Epoch: 85, Iteration: 171, Loss: 0.05176621302962303
INFO:root:Epoch: 85, Iteration: 172, Loss: 0.05711522325873375
INFO:root:Validation set mIOU: 84.55909739062913
INFO:root:Epoch: 86, Iteration: 173, Loss: 0.055502749979496
INFO:root:Epoch: 86, Iteration: 174, Loss: 0.06683024764060974
INFO:root:Validation set mIOU: 84.54500137835318
INFO:root:Epoch: 87, Iteration: 175, Loss: 0.04769740253686905
INFO:root:Epoch: 87, Iteration: 176, Loss: 0.06074593588709831
INFO:root:Validation set mIOU: 84.4822637584914
INFO:root:Epoch: 88, Iteration: 177, Loss: 0.04681798443198204
INFO:root:Epoch: 88, Iteration: 178, Loss: 0.05904337018728256
INFO:root:Validation set mIOU: 84.37427339962453
INFO:root:Epoch: 89, Iteration: 179, Loss: 0.0783064216375351
INFO:root:Epoch: 89, Iteration: 180, Loss: 0.05745543912053108
INFO:root:Validation set mIOU: 84.46329506493134
INFO:root:Epoch: 90, Iteration: 181, Loss: 0.047393884509801865
INFO:root:Epoch: 90, Iteration: 182, Loss: 0.046955931931734085
INFO:root:Validation set mIOU: 84.35224808294495
INFO:root:Epoch: 91, Iteration: 183, Loss: 0.05044223368167877
INFO:root:Epoch: 91, Iteration: 184, Loss: 0.04924837499856949
INFO:root:Validation set mIOU: 84.21045012564319
INFO:root:Epoch: 92, Iteration: 185, Loss: 0.0619257427752018
INFO:root:Epoch: 92, Iteration: 186, Loss: 0.05375515669584274
INFO:root:Validation set mIOU: 84.23950222334182
INFO:root:Epoch: 93, Iteration: 187, Loss: 0.05572331324219704
INFO:root:Epoch: 93, Iteration: 188, Loss: 0.054027099162340164
INFO:root:Validation set mIOU: 84.2995951555134
INFO:root:Epoch: 94, Iteration: 189, Loss: 0.060516711324453354
INFO:root:Epoch: 94, Iteration: 190, Loss: 0.05132799223065376
INFO:root:Validation set mIOU: 84.26160641278976
INFO:root:Epoch: 95, Iteration: 191, Loss: 0.06380405277013779
INFO:root:Epoch: 95, Iteration: 192, Loss: 0.053185708820819855
INFO:root:Validation set mIOU: 84.314161579271
INFO:root:Epoch: 96, Iteration: 193, Loss: 0.053886014968156815
INFO:root:Epoch: 96, Iteration: 194, Loss: 0.04190637543797493
INFO:root:Validation set mIOU: 84.26466411539721
INFO:root:Epoch: 97, Iteration: 195, Loss: 0.04792694374918938
INFO:root:Epoch: 97, Iteration: 196, Loss: 0.06175525486469269
INFO:root:Validation set mIOU: 84.17526412357313
INFO:root:Epoch: 98, Iteration: 197, Loss: 0.06576851010322571
INFO:root:Epoch: 98, Iteration: 198, Loss: 0.0414406880736351
INFO:root:Validation set mIOU: 84.20603596438889
INFO:root:Epoch: 99, Iteration: 199, Loss: 0.061784375458955765
INFO:root:Epoch: 99, Iteration: 200, Loss: 0.05830128490924835
INFO:root:Validation set mIOU: 84.08598497562996
INFO:root:Semi-training
INFO:root:Epoch: 0, Iteration: 1, Loss: 1.0695202350616455
INFO:root:Epoch: 0, Iteration: 2, Loss: 0.9372309446334839
INFO:root:Epoch: 0, Iteration: 3, Loss: 0.9181782603263855
INFO:root:Epoch: 0, Iteration: 4, Loss: 0.8764771819114685
INFO:root:Epoch: 0, Iteration: 5, Loss: 0.714542031288147
INFO:root:Epoch: 0, Iteration: 6, Loss: 0.6583629846572876
INFO:root:Epoch: 0, Iteration: 7, Loss: 0.571840226650238
INFO:root:Validation set mIOU: 36.57738360023597
INFO:root:Epoch: 1, Iteration: 8, Loss: 0.6112260818481445
INFO:root:Epoch: 1, Iteration: 9, Loss: 0.4446953237056732
INFO:root:Epoch: 1, Iteration: 10, Loss: 0.4500545859336853
INFO:root:Epoch: 1, Iteration: 11, Loss: 0.3366645276546478
INFO:root:Epoch: 1, Iteration: 12, Loss: 0.2987983524799347
INFO:root:Epoch: 1, Iteration: 13, Loss: 0.3188728988170624
INFO:root:Epoch: 1, Iteration: 14, Loss: 0.3353806734085083
INFO:root:Validation set mIOU: 68.58202043192281
INFO:root:Epoch: 2, Iteration: 15, Loss: 0.29069215059280396
INFO:root:Epoch: 2, Iteration: 16, Loss: 0.27828264236450195
INFO:root:Epoch: 2, Iteration: 17, Loss: 0.2952720820903778
INFO:root:Epoch: 2, Iteration: 18, Loss: 0.2881442904472351
INFO:root:Epoch: 2, Iteration: 19, Loss: 0.2840505838394165
INFO:root:Epoch: 2, Iteration: 20, Loss: 0.22047123312950134
INFO:root:Epoch: 2, Iteration: 21, Loss: 0.22671234607696533
INFO:root:Validation set mIOU: 70.91622403720908
INFO:root:Epoch: 3, Iteration: 22, Loss: 0.18072088062763214
INFO:root:Epoch: 3, Iteration: 23, Loss: 0.20306695997714996
INFO:root:Epoch: 3, Iteration: 24, Loss: 0.26143020391464233
INFO:root:Epoch: 3, Iteration: 25, Loss: 0.2201506644487381
INFO:root:Epoch: 3, Iteration: 26, Loss: 0.2934846580028534
INFO:root:Epoch: 3, Iteration: 27, Loss: 0.23497383296489716
INFO:root:Epoch: 3, Iteration: 28, Loss: 0.22645190358161926
INFO:root:Validation set mIOU: 74.84286074567427
INFO:root:Epoch: 4, Iteration: 29, Loss: 0.19525739550590515
INFO:root:Epoch: 4, Iteration: 30, Loss: 0.24750161170959473
INFO:root:Epoch: 4, Iteration: 31, Loss: 0.14216387271881104
INFO:root:Epoch: 4, Iteration: 32, Loss: 0.13395947217941284
INFO:root:Epoch: 4, Iteration: 33, Loss: 0.17135174572467804
INFO:root:Epoch: 4, Iteration: 34, Loss: 0.20185327529907227
INFO:root:Epoch: 4, Iteration: 35, Loss: 0.2150224894285202
INFO:root:Validation set mIOU: 76.43479719843779
INFO:root:Epoch: 5, Iteration: 36, Loss: 0.14546358585357666
INFO:root:Epoch: 5, Iteration: 37, Loss: 0.17040812969207764
INFO:root:Epoch: 5, Iteration: 38, Loss: 0.1481461375951767
INFO:root:Epoch: 5, Iteration: 39, Loss: 0.20685435831546783
INFO:root:Epoch: 5, Iteration: 40, Loss: 0.23243448138237
INFO:root:Epoch: 5, Iteration: 41, Loss: 0.21780097484588623
INFO:root:Epoch: 5, Iteration: 42, Loss: 0.3010863661766052
INFO:root:Validation set mIOU: 78.01197293781638
INFO:root:Epoch: 6, Iteration: 43, Loss: 0.1861119121313095
INFO:root:Epoch: 6, Iteration: 44, Loss: 0.16417568922042847
INFO:root:Epoch: 6, Iteration: 45, Loss: 0.24234260618686676
INFO:root:Epoch: 6, Iteration: 46, Loss: 0.2489352822303772
INFO:root:Epoch: 6, Iteration: 47, Loss: 0.19368328154087067
INFO:root:Epoch: 6, Iteration: 48, Loss: 0.17432111501693726
INFO:root:Epoch: 6, Iteration: 49, Loss: 0.20523712038993835
INFO:root:Validation set mIOU: 78.19143809431253
INFO:root:Epoch: 7, Iteration: 50, Loss: 0.15201513469219208
INFO:root:Epoch: 7, Iteration: 51, Loss: 0.15116967260837555
INFO:root:Epoch: 7, Iteration: 52, Loss: 0.164821058511734
INFO:root:Epoch: 7, Iteration: 53, Loss: 0.14749298989772797
INFO:root:Epoch: 7, Iteration: 54, Loss: 0.11278736591339111
INFO:root:Epoch: 7, Iteration: 55, Loss: 0.14697621762752533
INFO:root:Epoch: 7, Iteration: 56, Loss: 0.1623835265636444
INFO:root:Validation set mIOU: 77.47491184387535
INFO:root:Epoch: 8, Iteration: 57, Loss: 0.17622534930706024
INFO:root:Epoch: 8, Iteration: 58, Loss: 0.1824042648077011
INFO:root:Epoch: 8, Iteration: 59, Loss: 0.16875453293323517
INFO:root:Epoch: 8, Iteration: 60, Loss: 0.11499056965112686
INFO:root:Epoch: 8, Iteration: 61, Loss: 0.10407231003046036
INFO:root:Epoch: 8, Iteration: 62, Loss: 0.1619436889886856
INFO:root:Epoch: 8, Iteration: 63, Loss: 0.15687431395053864
INFO:root:Validation set mIOU: 80.0273732823316
INFO:root:Epoch: 9, Iteration: 64, Loss: 0.147645965218544
INFO:root:Epoch: 9, Iteration: 65, Loss: 0.1609613448381424
INFO:root:Epoch: 9, Iteration: 66, Loss: 0.1476777195930481
INFO:root:Epoch: 9, Iteration: 67, Loss: 0.14051885902881622
INFO:root:Epoch: 9, Iteration: 68, Loss: 0.16489562392234802
INFO:root:Epoch: 9, Iteration: 69, Loss: 0.13000047206878662
INFO:root:Epoch: 9, Iteration: 70, Loss: 0.18282157182693481
INFO:root:Validation set mIOU: 82.82236713837166
INFO:root:Epoch: 10, Iteration: 71, Loss: 0.12840357422828674
INFO:root:Epoch: 10, Iteration: 72, Loss: 0.12332955002784729
INFO:root:Epoch: 10, Iteration: 73, Loss: 0.14148466289043427
INFO:root:Epoch: 10, Iteration: 74, Loss: 0.1323273628950119
INFO:root:Epoch: 10, Iteration: 75, Loss: 0.10675466060638428
INFO:root:Epoch: 10, Iteration: 76, Loss: 0.17682121694087982
INFO:root:Epoch: 10, Iteration: 77, Loss: 0.15333403646945953
INFO:root:Validation set mIOU: 79.48008418852547
INFO:root:Epoch: 11, Iteration: 78, Loss: 0.12044135481119156
INFO:root:Epoch: 11, Iteration: 79, Loss: 0.2019689828157425
INFO:root:Epoch: 11, Iteration: 80, Loss: 0.16800181567668915
INFO:root:Epoch: 11, Iteration: 81, Loss: 0.1667778640985489
INFO:root:Epoch: 11, Iteration: 82, Loss: 0.1292475312948227
INFO:root:Epoch: 11, Iteration: 83, Loss: 0.10070842504501343
INFO:root:Epoch: 11, Iteration: 84, Loss: 0.1173245832324028
INFO:root:Validation set mIOU: 82.6901993379809
INFO:root:Epoch: 12, Iteration: 85, Loss: 0.09897269308567047
INFO:root:Epoch: 12, Iteration: 86, Loss: 0.152683824300766
INFO:root:Epoch: 12, Iteration: 87, Loss: 0.12544499337673187
INFO:root:Epoch: 12, Iteration: 88, Loss: 0.1577923446893692
INFO:root:Epoch: 12, Iteration: 89, Loss: 0.12666821479797363
INFO:root:Epoch: 12, Iteration: 90, Loss: 0.1398639976978302
INFO:root:Epoch: 12, Iteration: 91, Loss: 0.1366402506828308
INFO:root:Validation set mIOU: 83.87533904497414
INFO:root:Epoch: 13, Iteration: 92, Loss: 0.12220688164234161
INFO:root:Epoch: 13, Iteration: 93, Loss: 0.1235911026597023
INFO:root:Epoch: 13, Iteration: 94, Loss: 0.1157919317483902
INFO:root:Epoch: 13, Iteration: 95, Loss: 0.11976799368858337
INFO:root:Epoch: 13, Iteration: 96, Loss: 0.11413046717643738
INFO:root:Epoch: 13, Iteration: 97, Loss: 0.16608630120754242
INFO:root:Epoch: 13, Iteration: 98, Loss: 0.10603009909391403
INFO:root:Validation set mIOU: 83.28683677767943
INFO:root:Epoch: 14, Iteration: 99, Loss: 0.09824586659669876
INFO:root:Epoch: 14, Iteration: 100, Loss: 0.1488455832004547
INFO:root:Epoch: 14, Iteration: 101, Loss: 0.11470656841993332
INFO:root:Epoch: 14, Iteration: 102, Loss: 0.09246184676885605
INFO:root:Epoch: 14, Iteration: 103, Loss: 0.11571553349494934
INFO:root:Epoch: 14, Iteration: 104, Loss: 0.12363728135824203
INFO:root:Epoch: 14, Iteration: 105, Loss: 0.10855671018362045
INFO:root:Validation set mIOU: 83.72364200228756
INFO:root:Epoch: 15, Iteration: 106, Loss: 0.11812760680913925
INFO:root:Epoch: 15, Iteration: 107, Loss: 0.10449051856994629
INFO:root:Epoch: 15, Iteration: 108, Loss: 0.21569205820560455
INFO:root:Epoch: 15, Iteration: 109, Loss: 0.11954879015684128
INFO:root:Epoch: 15, Iteration: 110, Loss: 0.12886357307434082
INFO:root:Epoch: 15, Iteration: 111, Loss: 0.157982736825943
INFO:root:Epoch: 15, Iteration: 112, Loss: 0.1103430837392807
INFO:root:Validation set mIOU: 84.79782452357823
INFO:root:Epoch: 16, Iteration: 113, Loss: 0.0922125056385994
INFO:root:Epoch: 16, Iteration: 114, Loss: 0.11225468665361404
INFO:root:Epoch: 16, Iteration: 115, Loss: 0.11116649955511093
INFO:root:Epoch: 16, Iteration: 116, Loss: 0.10460957884788513
INFO:root:Epoch: 16, Iteration: 117, Loss: 0.1602512001991272
INFO:root:Epoch: 16, Iteration: 118, Loss: 0.1819680780172348
INFO:root:Epoch: 16, Iteration: 119, Loss: 0.11221366375684738
INFO:root:Validation set mIOU: 84.08919046153007
INFO:root:Epoch: 17, Iteration: 120, Loss: 0.10593236982822418
INFO:root:Epoch: 17, Iteration: 121, Loss: 0.10080719739198685
INFO:root:Epoch: 17, Iteration: 122, Loss: 0.11084921658039093
INFO:root:Epoch: 17, Iteration: 123, Loss: 0.10805024206638336
INFO:root:Epoch: 17, Iteration: 124, Loss: 0.10694451630115509
INFO:root:Epoch: 17, Iteration: 125, Loss: 0.09982430189847946
INFO:root:Epoch: 17, Iteration: 126, Loss: 0.12701402604579926
INFO:root:Validation set mIOU: 83.10016221365152
INFO:root:Epoch: 18, Iteration: 127, Loss: 0.12120594084262848
INFO:root:Epoch: 18, Iteration: 128, Loss: 0.09542819112539291
INFO:root:Epoch: 18, Iteration: 129, Loss: 0.11826097965240479
INFO:root:Epoch: 18, Iteration: 130, Loss: 0.11411751061677933
INFO:root:Epoch: 18, Iteration: 131, Loss: 0.20022545754909515
INFO:root:Epoch: 18, Iteration: 132, Loss: 0.09606772661209106
INFO:root:Epoch: 18, Iteration: 133, Loss: 0.13214366137981415
INFO:root:Validation set mIOU: 82.93756442058262
INFO:root:Epoch: 19, Iteration: 134, Loss: 0.10864093899726868
INFO:root:Epoch: 19, Iteration: 135, Loss: 0.08054721355438232
INFO:root:Epoch: 19, Iteration: 136, Loss: 0.11718053370714188
INFO:root:Epoch: 19, Iteration: 137, Loss: 0.12993694841861725
INFO:root:Epoch: 19, Iteration: 138, Loss: 0.11420583724975586
INFO:root:Epoch: 19, Iteration: 139, Loss: 0.10856302082538605
INFO:root:Epoch: 19, Iteration: 140, Loss: 0.10156209766864777
INFO:root:Validation set mIOU: 82.58971562589838
INFO:root:Epoch: 20, Iteration: 141, Loss: 0.10112875699996948
INFO:root:Epoch: 20, Iteration: 142, Loss: 0.09081437438726425
INFO:root:Epoch: 20, Iteration: 143, Loss: 0.11763005703687668
INFO:root:Epoch: 20, Iteration: 144, Loss: 0.12714925408363342
INFO:root:Epoch: 20, Iteration: 145, Loss: 0.08548606932163239
INFO:root:Epoch: 20, Iteration: 146, Loss: 0.16146139800548553
INFO:root:Epoch: 20, Iteration: 147, Loss: 0.11893046647310257
INFO:root:Validation set mIOU: 84.47085468787559
INFO:root:Epoch: 21, Iteration: 148, Loss: 0.08307880163192749
INFO:root:Epoch: 21, Iteration: 149, Loss: 0.07430191338062286
INFO:root:Epoch: 21, Iteration: 150, Loss: 0.08958610892295837
INFO:root:Epoch: 21, Iteration: 151, Loss: 0.0817616879940033
INFO:root:Epoch: 21, Iteration: 152, Loss: 0.11339516192674637
INFO:root:Epoch: 21, Iteration: 153, Loss: 0.15616606175899506
INFO:root:Epoch: 21, Iteration: 154, Loss: 0.18507348001003265
INFO:root:Validation set mIOU: 85.11939546752201
INFO:root:Epoch: 22, Iteration: 155, Loss: 0.10069529712200165
INFO:root:Epoch: 22, Iteration: 156, Loss: 0.11491261422634125
INFO:root:Epoch: 22, Iteration: 157, Loss: 0.11810477077960968
INFO:root:Epoch: 22, Iteration: 158, Loss: 0.10602635145187378
INFO:root:Epoch: 22, Iteration: 159, Loss: 0.13930025696754456
INFO:root:Epoch: 22, Iteration: 160, Loss: 0.11751031875610352
INFO:root:Epoch: 22, Iteration: 161, Loss: 0.08918919414281845
INFO:root:Validation set mIOU: 85.69568767252721
INFO:root:Epoch: 23, Iteration: 162, Loss: 0.17851833999156952
INFO:root:Epoch: 23, Iteration: 163, Loss: 0.0952942818403244
INFO:root:Epoch: 23, Iteration: 164, Loss: 0.11452055722475052
INFO:root:Epoch: 23, Iteration: 165, Loss: 0.07712207734584808
INFO:root:Epoch: 23, Iteration: 166, Loss: 0.09549546241760254
INFO:root:Epoch: 23, Iteration: 167, Loss: 0.10131220519542694
INFO:root:Epoch: 23, Iteration: 168, Loss: 0.10757848620414734
INFO:root:Validation set mIOU: 85.17266085393919
INFO:root:Epoch: 24, Iteration: 169, Loss: 0.12468963116407394
INFO:root:Epoch: 24, Iteration: 170, Loss: 0.11133653670549393
INFO:root:Epoch: 24, Iteration: 171, Loss: 0.10442780703306198
INFO:root:Epoch: 24, Iteration: 172, Loss: 0.10645988583564758
INFO:root:Epoch: 24, Iteration: 173, Loss: 0.1137704998254776
INFO:root:Epoch: 24, Iteration: 174, Loss: 0.11794422566890717
INFO:root:Epoch: 24, Iteration: 175, Loss: 0.07617468386888504
INFO:root:Validation set mIOU: 84.7691268982874
INFO:root:Epoch: 25, Iteration: 176, Loss: 0.07899685204029083
INFO:root:Epoch: 25, Iteration: 177, Loss: 0.16800785064697266
INFO:root:Epoch: 25, Iteration: 178, Loss: 0.09399031102657318
INFO:root:Epoch: 25, Iteration: 179, Loss: 0.09403468668460846
INFO:root:Epoch: 25, Iteration: 180, Loss: 0.1059991717338562
INFO:root:Epoch: 25, Iteration: 181, Loss: 0.11109378188848495
INFO:root:Epoch: 25, Iteration: 182, Loss: 0.12756182253360748
INFO:root:Validation set mIOU: 84.21194436458485
INFO:root:Epoch: 26, Iteration: 183, Loss: 0.0809592753648758
INFO:root:Epoch: 26, Iteration: 184, Loss: 0.09565860033035278
INFO:root:Epoch: 26, Iteration: 185, Loss: 0.12573151290416718
INFO:root:Epoch: 26, Iteration: 186, Loss: 0.1005462184548378
INFO:root:Epoch: 26, Iteration: 187, Loss: 0.09450504183769226
INFO:root:Epoch: 26, Iteration: 188, Loss: 0.0920291393995285
INFO:root:Epoch: 26, Iteration: 189, Loss: 0.10755125433206558
INFO:root:Validation set mIOU: 85.00837133075022
INFO:root:Epoch: 27, Iteration: 190, Loss: 0.08228334784507751
INFO:root:Epoch: 27, Iteration: 191, Loss: 0.11388039588928223
INFO:root:Epoch: 27, Iteration: 192, Loss: 0.1257307380437851
INFO:root:Epoch: 27, Iteration: 193, Loss: 0.10413237661123276
INFO:root:Epoch: 27, Iteration: 194, Loss: 0.15844611823558807
INFO:root:Epoch: 27, Iteration: 195, Loss: 0.0831175222992897
INFO:root:Epoch: 27, Iteration: 196, Loss: 0.14170995354652405
INFO:root:Validation set mIOU: 84.94676158562568
INFO:root:Epoch: 28, Iteration: 197, Loss: 0.07283176481723785
INFO:root:Epoch: 28, Iteration: 198, Loss: 0.09997882694005966
INFO:root:Epoch: 28, Iteration: 199, Loss: 0.08295592665672302
INFO:root:Epoch: 28, Iteration: 200, Loss: 0.1323278397321701
INFO:root:Epoch: 28, Iteration: 201, Loss: 0.09815029054880142
INFO:root:Epoch: 28, Iteration: 202, Loss: 0.07935407757759094
INFO:root:Epoch: 28, Iteration: 203, Loss: 0.10482972860336304
INFO:root:Validation set mIOU: 84.66333498152409
INFO:root:Epoch: 29, Iteration: 204, Loss: 0.07942589372396469
INFO:root:Epoch: 29, Iteration: 205, Loss: 0.08963142335414886
INFO:root:Epoch: 29, Iteration: 206, Loss: 0.11692425608634949
INFO:root:Epoch: 29, Iteration: 207, Loss: 0.07875484228134155
INFO:root:Epoch: 29, Iteration: 208, Loss: 0.11062192916870117
INFO:root:Epoch: 29, Iteration: 209, Loss: 0.12686625123023987
INFO:root:Epoch: 29, Iteration: 210, Loss: 0.10434747487306595
INFO:root:Validation set mIOU: 83.97514715706943
INFO:root:Epoch: 30, Iteration: 211, Loss: 0.09362860769033432
INFO:root:Epoch: 30, Iteration: 212, Loss: 0.1067105084657669
INFO:root:Epoch: 30, Iteration: 213, Loss: 0.07790273427963257
INFO:root:Epoch: 30, Iteration: 214, Loss: 0.0847611352801323
INFO:root:Epoch: 30, Iteration: 215, Loss: 0.14446839690208435
INFO:root:Epoch: 30, Iteration: 216, Loss: 0.07803387194871902
INFO:root:Epoch: 30, Iteration: 217, Loss: 0.09916544705629349
INFO:root:Validation set mIOU: 84.38823164415943
INFO:root:Epoch: 31, Iteration: 218, Loss: 0.09363526105880737
INFO:root:Epoch: 31, Iteration: 219, Loss: 0.23580503463745117
INFO:root:Epoch: 31, Iteration: 220, Loss: 0.10230323672294617
INFO:root:Epoch: 31, Iteration: 221, Loss: 0.10509052872657776
INFO:root:Epoch: 31, Iteration: 222, Loss: 0.1264202892780304
INFO:root:Epoch: 31, Iteration: 223, Loss: 0.0805375799536705
INFO:root:Epoch: 31, Iteration: 224, Loss: 0.09113426506519318
INFO:root:Validation set mIOU: 83.12366716925307
INFO:root:Epoch: 32, Iteration: 225, Loss: 0.1355481743812561
INFO:root:Epoch: 32, Iteration: 226, Loss: 0.10680600255727768
INFO:root:Epoch: 32, Iteration: 227, Loss: 0.07964272052049637
INFO:root:Epoch: 32, Iteration: 228, Loss: 0.09752070903778076
INFO:root:Epoch: 32, Iteration: 229, Loss: 0.11434994637966156
INFO:root:Epoch: 32, Iteration: 230, Loss: 0.08152681589126587
INFO:root:Epoch: 32, Iteration: 231, Loss: 0.07569542527198792
INFO:root:Validation set mIOU: 84.07016054902118
INFO:root:Epoch: 33, Iteration: 232, Loss: 0.0900205671787262
INFO:root:Epoch: 33, Iteration: 233, Loss: 0.07631371915340424
INFO:root:Epoch: 33, Iteration: 234, Loss: 0.11831751465797424
INFO:root:Epoch: 33, Iteration: 235, Loss: 0.08988924324512482
INFO:root:Epoch: 33, Iteration: 236, Loss: 0.06404052674770355
INFO:root:Epoch: 33, Iteration: 237, Loss: 0.0889493003487587
INFO:root:Epoch: 33, Iteration: 238, Loss: 0.10829659551382065
INFO:root:Validation set mIOU: 84.41951335321343
INFO:root:Epoch: 34, Iteration: 239, Loss: 0.08669572323560715
INFO:root:Epoch: 34, Iteration: 240, Loss: 0.12558422982692719
INFO:root:Epoch: 34, Iteration: 241, Loss: 0.11341456323862076
INFO:root:Epoch: 34, Iteration: 242, Loss: 0.08315733820199966
INFO:root:Epoch: 34, Iteration: 243, Loss: 0.08523724973201752
INFO:root:Epoch: 34, Iteration: 244, Loss: 0.11096218228340149
INFO:root:Epoch: 34, Iteration: 245, Loss: 0.0924045667052269
INFO:root:Validation set mIOU: 84.36941231032117
INFO:root:Epoch: 35, Iteration: 246, Loss: 0.0897250771522522
INFO:root:Epoch: 35, Iteration: 247, Loss: 0.07066744565963745
INFO:root:Epoch: 35, Iteration: 248, Loss: 0.11969681084156036
INFO:root:Epoch: 35, Iteration: 249, Loss: 0.10490462929010391
INFO:root:Epoch: 35, Iteration: 250, Loss: 0.07710736244916916
INFO:root:Epoch: 35, Iteration: 251, Loss: 0.0949152335524559
INFO:root:Epoch: 35, Iteration: 252, Loss: 0.08515582978725433
INFO:root:Validation set mIOU: 84.96358281364893
INFO:root:Epoch: 36, Iteration: 253, Loss: 0.09444263577461243
INFO:root:Epoch: 36, Iteration: 254, Loss: 0.07784025371074677
INFO:root:Epoch: 36, Iteration: 255, Loss: 0.08677356690168381
INFO:root:Epoch: 36, Iteration: 256, Loss: 0.10770164430141449
INFO:root:Epoch: 36, Iteration: 257, Loss: 0.10104753822088242
INFO:root:Epoch: 36, Iteration: 258, Loss: 0.0787290707230568
INFO:root:Epoch: 36, Iteration: 259, Loss: 0.15122954547405243
INFO:root:Validation set mIOU: 84.84142360066853
INFO:root:Epoch: 37, Iteration: 260, Loss: 0.10643237084150314
INFO:root:Epoch: 37, Iteration: 261, Loss: 0.09670257568359375
INFO:root:Epoch: 37, Iteration: 262, Loss: 0.11086687445640564
INFO:root:Epoch: 37, Iteration: 263, Loss: 0.09094718098640442
INFO:root:Epoch: 37, Iteration: 264, Loss: 0.10888928174972534
INFO:root:Epoch: 37, Iteration: 265, Loss: 0.09954570233821869
INFO:root:Epoch: 37, Iteration: 266, Loss: 0.07539600133895874
INFO:root:Validation set mIOU: 85.1851710338417
INFO:root:Epoch: 38, Iteration: 267, Loss: 0.09171627461910248
INFO:root:Epoch: 38, Iteration: 268, Loss: 0.09139148145914078
INFO:root:Epoch: 38, Iteration: 269, Loss: 0.08534970879554749
INFO:root:Epoch: 38, Iteration: 270, Loss: 0.07172902673482895
INFO:root:Epoch: 38, Iteration: 271, Loss: 0.12511871755123138
INFO:root:Epoch: 38, Iteration: 272, Loss: 0.10104164481163025
INFO:root:Epoch: 38, Iteration: 273, Loss: 0.08486669510602951
INFO:root:Validation set mIOU: 84.67116241480626
INFO:root:Epoch: 39, Iteration: 274, Loss: 0.0854254812002182
INFO:root:Epoch: 39, Iteration: 275, Loss: 0.08114566653966904
INFO:root:Epoch: 39, Iteration: 276, Loss: 0.10856025665998459
INFO:root:Epoch: 39, Iteration: 277, Loss: 0.08177600800991058
INFO:root:Epoch: 39, Iteration: 278, Loss: 0.1163102388381958
INFO:root:Epoch: 39, Iteration: 279, Loss: 0.15705986320972443
INFO:root:Epoch: 39, Iteration: 280, Loss: 0.09613674879074097
INFO:root:Validation set mIOU: 85.65190693213745
INFO:root:Epoch: 40, Iteration: 281, Loss: 0.09811896085739136
INFO:root:Epoch: 40, Iteration: 282, Loss: 0.10480228811502457
INFO:root:Epoch: 40, Iteration: 283, Loss: 0.0603741854429245
INFO:root:Epoch: 40, Iteration: 284, Loss: 0.13018211722373962
INFO:root:Epoch: 40, Iteration: 285, Loss: 0.12596605718135834
INFO:root:Epoch: 40, Iteration: 286, Loss: 0.08872617036104202
INFO:root:Epoch: 40, Iteration: 287, Loss: 0.06935875117778778
INFO:root:Validation set mIOU: 85.87582536317107
INFO:root:Epoch: 41, Iteration: 288, Loss: 0.09650839865207672
INFO:root:Epoch: 41, Iteration: 289, Loss: 0.06912191212177277
INFO:root:Epoch: 41, Iteration: 290, Loss: 0.09280867874622345
INFO:root:Epoch: 41, Iteration: 291, Loss: 0.09856957942247391
INFO:root:Epoch: 41, Iteration: 292, Loss: 0.08099614083766937
INFO:root:Epoch: 41, Iteration: 293, Loss: 0.1489548683166504
INFO:root:Epoch: 41, Iteration: 294, Loss: 0.109698586165905
INFO:root:Validation set mIOU: 84.84179072274421
INFO:root:Epoch: 42, Iteration: 295, Loss: 0.09848471730947495
INFO:root:Epoch: 42, Iteration: 296, Loss: 0.1013844832777977
INFO:root:Epoch: 42, Iteration: 297, Loss: 0.09116905927658081
INFO:root:Epoch: 42, Iteration: 298, Loss: 0.08426474034786224
INFO:root:Epoch: 42, Iteration: 299, Loss: 0.09353228658437729
INFO:root:Epoch: 42, Iteration: 300, Loss: 0.06847932934761047
INFO:root:Epoch: 42, Iteration: 301, Loss: 0.08241485059261322
INFO:root:Validation set mIOU: 84.08666403686182
INFO:root:Epoch: 43, Iteration: 302, Loss: 0.08194679766893387
INFO:root:Epoch: 43, Iteration: 303, Loss: 0.08986758440732956
INFO:root:Epoch: 43, Iteration: 304, Loss: 0.08963713049888611
INFO:root:Epoch: 43, Iteration: 305, Loss: 0.11325930058956146
INFO:root:Epoch: 43, Iteration: 306, Loss: 0.09221479296684265
INFO:root:Epoch: 43, Iteration: 307, Loss: 0.07195492088794708
INFO:root:Epoch: 43, Iteration: 308, Loss: 0.0790100246667862
INFO:root:Validation set mIOU: 84.31104169520668
INFO:root:Epoch: 44, Iteration: 309, Loss: 0.08379881083965302
INFO:root:Epoch: 44, Iteration: 310, Loss: 0.08557643741369247
INFO:root:Epoch: 44, Iteration: 311, Loss: 0.19737783074378967
INFO:root:Epoch: 44, Iteration: 312, Loss: 0.11416741460561752
INFO:root:Epoch: 44, Iteration: 313, Loss: 0.07484269887208939
INFO:root:Epoch: 44, Iteration: 314, Loss: 0.08399345725774765
INFO:root:Epoch: 44, Iteration: 315, Loss: 0.08755090087652206
INFO:root:Validation set mIOU: 84.24907916943019
INFO:root:Epoch: 45, Iteration: 316, Loss: 0.06745043396949768
INFO:root:Epoch: 45, Iteration: 317, Loss: 0.10367178171873093
INFO:root:Epoch: 45, Iteration: 318, Loss: 0.13474041223526
INFO:root:Epoch: 45, Iteration: 319, Loss: 0.0982845276594162
INFO:root:Epoch: 45, Iteration: 320, Loss: 0.06636349856853485
INFO:root:Epoch: 45, Iteration: 321, Loss: 0.09183397144079208
INFO:root:Epoch: 45, Iteration: 322, Loss: 0.07814595103263855
INFO:root:Validation set mIOU: 84.71197654648844
INFO:root:Epoch: 46, Iteration: 323, Loss: 0.09265028685331345
INFO:root:Epoch: 46, Iteration: 324, Loss: 0.08636511862277985
INFO:root:Epoch: 46, Iteration: 325, Loss: 0.10696698725223541
INFO:root:Epoch: 46, Iteration: 326, Loss: 0.07763499766588211
INFO:root:Epoch: 46, Iteration: 327, Loss: 0.057691559195518494
INFO:root:Epoch: 46, Iteration: 328, Loss: 0.07093397527933121
INFO:root:Epoch: 46, Iteration: 329, Loss: 0.09711652249097824
INFO:root:Validation set mIOU: 84.4616161184108
INFO:root:Epoch: 47, Iteration: 330, Loss: 0.12429080158472061
INFO:root:Epoch: 47, Iteration: 331, Loss: 0.09899398684501648
INFO:root:Epoch: 47, Iteration: 332, Loss: 0.08240283280611038
INFO:root:Epoch: 47, Iteration: 333, Loss: 0.04992224648594856
INFO:root:Epoch: 47, Iteration: 334, Loss: 0.06891989707946777
INFO:root:Epoch: 47, Iteration: 335, Loss: 0.08114438503980637
INFO:root:Epoch: 47, Iteration: 336, Loss: 0.09241653978824615
INFO:root:Validation set mIOU: 84.7703753618105
INFO:root:Epoch: 48, Iteration: 337, Loss: 0.13268816471099854
INFO:root:Epoch: 48, Iteration: 338, Loss: 0.06495300680398941
INFO:root:Epoch: 48, Iteration: 339, Loss: 0.08736669272184372
INFO:root:Epoch: 48, Iteration: 340, Loss: 0.0685947984457016
INFO:root:Epoch: 48, Iteration: 341, Loss: 0.09350661188364029
INFO:root:Epoch: 48, Iteration: 342, Loss: 0.1283390372991562
INFO:root:Epoch: 48, Iteration: 343, Loss: 0.10122315585613251
INFO:root:Validation set mIOU: 85.65253257518336
INFO:root:Epoch: 49, Iteration: 344, Loss: 0.08186718076467514
INFO:root:Epoch: 49, Iteration: 345, Loss: 0.08196035027503967
INFO:root:Epoch: 49, Iteration: 346, Loss: 0.0869431421160698
INFO:root:Epoch: 49, Iteration: 347, Loss: 0.09755128622055054
INFO:root:Epoch: 49, Iteration: 348, Loss: 0.08718599379062653
INFO:root:Epoch: 49, Iteration: 349, Loss: 0.08610548824071884
INFO:root:Epoch: 49, Iteration: 350, Loss: 0.11214840412139893
INFO:root:Validation set mIOU: 85.08592151874909
INFO:root:Epoch: 50, Iteration: 351, Loss: 0.06845362484455109
INFO:root:Epoch: 50, Iteration: 352, Loss: 0.0627681240439415
INFO:root:Epoch: 50, Iteration: 353, Loss: 0.0860564187169075
INFO:root:Epoch: 50, Iteration: 354, Loss: 0.07439939677715302
INFO:root:Epoch: 50, Iteration: 355, Loss: 0.10832283645868301
INFO:root:Epoch: 50, Iteration: 356, Loss: 0.10252615064382553
INFO:root:Epoch: 50, Iteration: 357, Loss: 0.07821168750524521
INFO:root:Validation set mIOU: 85.496299620217
INFO:root:Epoch: 51, Iteration: 358, Loss: 0.0698162093758583
INFO:root:Epoch: 51, Iteration: 359, Loss: 0.06206781789660454
INFO:root:Epoch: 51, Iteration: 360, Loss: 0.08589796721935272
INFO:root:Epoch: 51, Iteration: 361, Loss: 0.09417892247438431
INFO:root:Epoch: 51, Iteration: 362, Loss: 0.10707750171422958
INFO:root:Epoch: 51, Iteration: 363, Loss: 0.0816056877374649
INFO:root:Epoch: 51, Iteration: 364, Loss: 0.10883770138025284
INFO:root:Validation set mIOU: 85.5182149489297
INFO:root:Epoch: 52, Iteration: 365, Loss: 0.06291262060403824
INFO:root:Epoch: 52, Iteration: 366, Loss: 0.08838092535734177
INFO:root:Epoch: 52, Iteration: 367, Loss: 0.10247135162353516
INFO:root:Epoch: 52, Iteration: 368, Loss: 0.09613404422998428
INFO:root:Epoch: 52, Iteration: 369, Loss: 0.16127879917621613
INFO:root:Epoch: 52, Iteration: 370, Loss: 0.086516372859478
INFO:root:Epoch: 52, Iteration: 371, Loss: 0.07255013287067413
INFO:root:Validation set mIOU: 85.51958794190816
INFO:root:Epoch: 53, Iteration: 372, Loss: 0.053834784775972366
INFO:root:Epoch: 53, Iteration: 373, Loss: 0.08826251327991486
INFO:root:Epoch: 53, Iteration: 374, Loss: 0.09742928296327591
INFO:root:Epoch: 53, Iteration: 375, Loss: 0.0713137611746788
INFO:root:Epoch: 53, Iteration: 376, Loss: 0.05617120862007141
INFO:root:Epoch: 53, Iteration: 377, Loss: 0.22807279229164124
INFO:root:Epoch: 53, Iteration: 378, Loss: 0.09494736045598984
INFO:root:Validation set mIOU: 85.20387781955856
INFO:root:Epoch: 54, Iteration: 379, Loss: 0.09764773398637772
INFO:root:Epoch: 54, Iteration: 380, Loss: 0.0569220632314682
INFO:root:Epoch: 54, Iteration: 381, Loss: 0.13520103693008423
INFO:root:Epoch: 54, Iteration: 382, Loss: 0.08243239670991898
INFO:root:Epoch: 54, Iteration: 383, Loss: 0.0671677365899086
INFO:root:Epoch: 54, Iteration: 384, Loss: 0.09722036123275757
INFO:root:Epoch: 54, Iteration: 385, Loss: 0.05494803562760353
INFO:root:Validation set mIOU: 85.71728832427769
INFO:root:Epoch: 55, Iteration: 386, Loss: 0.0755511224269867
INFO:root:Epoch: 55, Iteration: 387, Loss: 0.09869978576898575
INFO:root:Epoch: 55, Iteration: 388, Loss: 0.11398792266845703
INFO:root:Epoch: 55, Iteration: 389, Loss: 0.08675854653120041
INFO:root:Epoch: 55, Iteration: 390, Loss: 0.07179181277751923
INFO:root:Epoch: 55, Iteration: 391, Loss: 0.10545477271080017
INFO:root:Epoch: 55, Iteration: 392, Loss: 0.0808587446808815
INFO:root:Validation set mIOU: 85.70547750346263
INFO:root:Epoch: 56, Iteration: 393, Loss: 0.07528625428676605
INFO:root:Epoch: 56, Iteration: 394, Loss: 0.1361752599477768
INFO:root:Epoch: 56, Iteration: 395, Loss: 0.10150758922100067
INFO:root:Epoch: 56, Iteration: 396, Loss: 0.08329525589942932
INFO:root:Epoch: 56, Iteration: 397, Loss: 0.09633930772542953
INFO:root:Epoch: 56, Iteration: 398, Loss: 0.09027495235204697
INFO:root:Epoch: 56, Iteration: 399, Loss: 0.07431252300739288
INFO:root:Validation set mIOU: 85.65541358372654
INFO:root:Epoch: 57, Iteration: 400, Loss: 0.06998901069164276
INFO:root:Epoch: 57, Iteration: 401, Loss: 0.08586356043815613
INFO:root:Epoch: 57, Iteration: 402, Loss: 0.10472892224788666
INFO:root:Epoch: 57, Iteration: 403, Loss: 0.08047764748334885
INFO:root:Epoch: 57, Iteration: 404, Loss: 0.08078901469707489
INFO:root:Epoch: 57, Iteration: 405, Loss: 0.10503584146499634
INFO:root:Epoch: 57, Iteration: 406, Loss: 0.1267683207988739
INFO:root:Validation set mIOU: 85.06010500821942
INFO:root:Epoch: 58, Iteration: 407, Loss: 0.06386591494083405
INFO:root:Epoch: 58, Iteration: 408, Loss: 0.0704830065369606
INFO:root:Epoch: 58, Iteration: 409, Loss: 0.12741218507289886
INFO:root:Epoch: 58, Iteration: 410, Loss: 0.06852458417415619
INFO:root:Epoch: 58, Iteration: 411, Loss: 0.07306735962629318
INFO:root:Epoch: 58, Iteration: 412, Loss: 0.09460800141096115
INFO:root:Epoch: 58, Iteration: 413, Loss: 0.06777852028608322
INFO:root:Validation set mIOU: 84.74218371704971
INFO:root:Epoch: 59, Iteration: 414, Loss: 0.08851471543312073
INFO:root:Epoch: 59, Iteration: 415, Loss: 0.06405375897884369
INFO:root:Epoch: 59, Iteration: 416, Loss: 0.08412391692399979
INFO:root:Epoch: 59, Iteration: 417, Loss: 0.13171854615211487
INFO:root:Epoch: 59, Iteration: 418, Loss: 0.11270558089017868
INFO:root:Epoch: 59, Iteration: 419, Loss: 0.07490643858909607
INFO:root:Epoch: 59, Iteration: 420, Loss: 0.08477181941270828
INFO:root:Validation set mIOU: 84.71714898257974
INFO:root:Epoch: 60, Iteration: 421, Loss: 0.09139362722635269
INFO:root:Epoch: 60, Iteration: 422, Loss: 0.10145114362239838
INFO:root:Epoch: 60, Iteration: 423, Loss: 0.0743064433336258
INFO:root:Epoch: 60, Iteration: 424, Loss: 0.07133819162845612
INFO:root:Epoch: 60, Iteration: 425, Loss: 0.07107888162136078
INFO:root:Epoch: 60, Iteration: 426, Loss: 0.07255152612924576
INFO:root:Epoch: 60, Iteration: 427, Loss: 0.1398967057466507
INFO:root:Validation set mIOU: 85.49249107844746
INFO:root:Epoch: 61, Iteration: 428, Loss: 0.07114334404468536
INFO:root:Epoch: 61, Iteration: 429, Loss: 0.09186310321092606
INFO:root:Epoch: 61, Iteration: 430, Loss: 0.07824094593524933
INFO:root:Epoch: 61, Iteration: 431, Loss: 0.0972815528512001
INFO:root:Epoch: 61, Iteration: 432, Loss: 0.06491035223007202
INFO:root:Epoch: 61, Iteration: 433, Loss: 0.11025997251272202
INFO:root:Epoch: 61, Iteration: 434, Loss: 0.09928866475820541
INFO:root:Validation set mIOU: 85.48331294580822
INFO:root:Epoch: 62, Iteration: 435, Loss: 0.10284744203090668
INFO:root:Epoch: 62, Iteration: 436, Loss: 0.06300657242536545
INFO:root:Epoch: 62, Iteration: 437, Loss: 0.07096788287162781
INFO:root:Epoch: 62, Iteration: 438, Loss: 0.07286064326763153
INFO:root:Epoch: 62, Iteration: 439, Loss: 0.12801235914230347
INFO:root:Epoch: 62, Iteration: 440, Loss: 0.07565854489803314
INFO:root:Epoch: 62, Iteration: 441, Loss: 0.08680681139230728
INFO:root:Validation set mIOU: 85.01687440405696
INFO:root:Epoch: 63, Iteration: 442, Loss: 0.08640769124031067
INFO:root:Epoch: 63, Iteration: 443, Loss: 0.09949078410863876
INFO:root:Epoch: 63, Iteration: 444, Loss: 0.07333452999591827
INFO:root:Epoch: 63, Iteration: 445, Loss: 0.05995938181877136
INFO:root:Epoch: 63, Iteration: 446, Loss: 0.0708092749118805
INFO:root:Epoch: 63, Iteration: 447, Loss: 0.06968870013952255
INFO:root:Epoch: 63, Iteration: 448, Loss: 0.07239553332328796
INFO:root:Validation set mIOU: 85.10429994064695
INFO:root:Epoch: 64, Iteration: 449, Loss: 0.09015853703022003
INFO:root:Epoch: 64, Iteration: 450, Loss: 0.13372547924518585
INFO:root:Epoch: 64, Iteration: 451, Loss: 0.08579817414283752
INFO:root:Epoch: 64, Iteration: 452, Loss: 0.0728238970041275
INFO:root:Epoch: 64, Iteration: 453, Loss: 0.09242932498455048
INFO:root:Epoch: 64, Iteration: 454, Loss: 0.07037750631570816
INFO:root:Epoch: 64, Iteration: 455, Loss: 0.10071373730897903
INFO:root:Validation set mIOU: 85.19539519058425
INFO:root:Epoch: 65, Iteration: 456, Loss: 0.09836854785680771
INFO:root:Epoch: 65, Iteration: 457, Loss: 0.08542899042367935
INFO:root:Epoch: 65, Iteration: 458, Loss: 0.06828531622886658
INFO:root:Epoch: 65, Iteration: 459, Loss: 0.0891217440366745
INFO:root:Epoch: 65, Iteration: 460, Loss: 0.05577230080962181
INFO:root:Epoch: 65, Iteration: 461, Loss: 0.09217289090156555
INFO:root:Epoch: 65, Iteration: 462, Loss: 0.09956032782793045
INFO:root:Validation set mIOU: 85.18014471390978
INFO:root:Epoch: 66, Iteration: 463, Loss: 0.06804018467664719
INFO:root:Epoch: 66, Iteration: 464, Loss: 0.09886766970157623
INFO:root:Epoch: 66, Iteration: 465, Loss: 0.08110838383436203
INFO:root:Epoch: 66, Iteration: 466, Loss: 0.0763314813375473
INFO:root:Epoch: 66, Iteration: 467, Loss: 0.06609871983528137
INFO:root:Epoch: 66, Iteration: 468, Loss: 0.07893171906471252
INFO:root:Epoch: 66, Iteration: 469, Loss: 0.06710514426231384
INFO:root:Validation set mIOU: 85.26740532287094
INFO:root:Epoch: 67, Iteration: 470, Loss: 0.07216504961252213
INFO:root:Epoch: 67, Iteration: 471, Loss: 0.09957118332386017
INFO:root:Epoch: 67, Iteration: 472, Loss: 0.0630919486284256
INFO:root:Epoch: 67, Iteration: 473, Loss: 0.07932306081056595
INFO:root:Epoch: 67, Iteration: 474, Loss: 0.0756378173828125
INFO:root:Epoch: 67, Iteration: 475, Loss: 0.10221800953149796
INFO:root:Epoch: 67, Iteration: 476, Loss: 0.054214272648096085
INFO:root:Validation set mIOU: 85.26057317616788
INFO:root:Epoch: 68, Iteration: 477, Loss: 0.08943197876214981
INFO:root:Epoch: 68, Iteration: 478, Loss: 0.103508859872818
INFO:root:Epoch: 68, Iteration: 479, Loss: 0.08372732996940613
INFO:root:Epoch: 68, Iteration: 480, Loss: 0.06544360518455505
INFO:root:Epoch: 68, Iteration: 481, Loss: 0.07738073915243149
INFO:root:Epoch: 68, Iteration: 482, Loss: 0.06721191108226776
INFO:root:Epoch: 68, Iteration: 483, Loss: 0.07643216103315353
INFO:root:Validation set mIOU: 85.11249115264476
INFO:root:Epoch: 69, Iteration: 484, Loss: 0.11778974533081055
INFO:root:Epoch: 69, Iteration: 485, Loss: 0.06140260025858879
INFO:root:Epoch: 69, Iteration: 486, Loss: 0.06130804866552353
INFO:root:Epoch: 69, Iteration: 487, Loss: 0.06250204145908356
INFO:root:Epoch: 69, Iteration: 488, Loss: 0.0693606361746788
INFO:root:Epoch: 69, Iteration: 489, Loss: 0.10398834943771362
INFO:root:Epoch: 69, Iteration: 490, Loss: 0.09806841611862183
INFO:root:Validation set mIOU: 85.39049293335758
INFO:root:Epoch: 70, Iteration: 491, Loss: 0.1353185623884201
INFO:root:Epoch: 70, Iteration: 492, Loss: 0.0790066197514534
INFO:root:Epoch: 70, Iteration: 493, Loss: 0.0745326355099678
INFO:root:Epoch: 70, Iteration: 494, Loss: 0.08849450200796127
INFO:root:Epoch: 70, Iteration: 495, Loss: 0.09219590574502945
INFO:root:Epoch: 70, Iteration: 496, Loss: 0.07904388755559921
INFO:root:Epoch: 70, Iteration: 497, Loss: 0.1028447300195694
INFO:root:Validation set mIOU: 85.36228620273386
INFO:root:Epoch: 71, Iteration: 498, Loss: 0.05957772582769394
INFO:root:Epoch: 71, Iteration: 499, Loss: 0.0860481783747673
INFO:root:Epoch: 71, Iteration: 500, Loss: 0.07386857271194458
INFO:root:Epoch: 71, Iteration: 501, Loss: 0.07272099703550339
INFO:root:Epoch: 71, Iteration: 502, Loss: 0.068722203373909
INFO:root:Epoch: 71, Iteration: 503, Loss: 0.08649984747171402
INFO:root:Epoch: 71, Iteration: 504, Loss: 0.07079204171895981
INFO:root:Validation set mIOU: 85.71600306555621
INFO:root:Epoch: 72, Iteration: 505, Loss: 0.0732104703783989
INFO:root:Epoch: 72, Iteration: 506, Loss: 0.06196549907326698
INFO:root:Epoch: 72, Iteration: 507, Loss: 0.09816060960292816
INFO:root:Epoch: 72, Iteration: 508, Loss: 0.07746049761772156
INFO:root:Epoch: 72, Iteration: 509, Loss: 0.10784309357404709
INFO:root:Epoch: 72, Iteration: 510, Loss: 0.10107998549938202
INFO:root:Epoch: 72, Iteration: 511, Loss: 0.0840769112110138
INFO:root:Validation set mIOU: 85.73149417776177
INFO:root:Epoch: 73, Iteration: 512, Loss: 0.0759899690747261
INFO:root:Epoch: 73, Iteration: 513, Loss: 0.0791161060333252
INFO:root:Epoch: 73, Iteration: 514, Loss: 0.10036468505859375
INFO:root:Epoch: 73, Iteration: 515, Loss: 0.067524254322052
INFO:root:Epoch: 73, Iteration: 516, Loss: 0.06739211827516556
INFO:root:Epoch: 73, Iteration: 517, Loss: 0.07260213792324066
INFO:root:Epoch: 73, Iteration: 518, Loss: 0.07300249487161636
INFO:root:Validation set mIOU: 85.08836390369217
INFO:root:Epoch: 74, Iteration: 519, Loss: 0.07346588373184204
INFO:root:Epoch: 74, Iteration: 520, Loss: 0.0786714106798172
INFO:root:Epoch: 74, Iteration: 521, Loss: 0.10837247222661972
INFO:root:Epoch: 74, Iteration: 522, Loss: 0.09168389439582825
INFO:root:Epoch: 74, Iteration: 523, Loss: 0.07223504781723022
INFO:root:Epoch: 74, Iteration: 524, Loss: 0.08770989626646042
INFO:root:Epoch: 74, Iteration: 525, Loss: 0.07417593151330948
INFO:root:Validation set mIOU: 84.45420758048249
INFO:root:Epoch: 75, Iteration: 526, Loss: 0.08149924129247665
INFO:root:Epoch: 75, Iteration: 527, Loss: 0.07984668761491776
INFO:root:Epoch: 75, Iteration: 528, Loss: 0.05977353826165199
INFO:root:Epoch: 75, Iteration: 529, Loss: 0.08741988241672516
INFO:root:Epoch: 75, Iteration: 530, Loss: 0.07662702351808548
INFO:root:Epoch: 75, Iteration: 531, Loss: 0.1640063375234604
INFO:root:Epoch: 75, Iteration: 532, Loss: 0.0719587504863739
INFO:root:Validation set mIOU: 83.73074158212567
INFO:root:Epoch: 76, Iteration: 533, Loss: 0.057532697916030884
INFO:root:Epoch: 76, Iteration: 534, Loss: 0.07343949377536774
INFO:root:Epoch: 76, Iteration: 535, Loss: 0.08856712281703949
INFO:root:Epoch: 76, Iteration: 536, Loss: 0.08286739885807037
INFO:root:Epoch: 76, Iteration: 537, Loss: 0.07973121106624603
INFO:root:Epoch: 76, Iteration: 538, Loss: 0.08742392808198929
INFO:root:Epoch: 76, Iteration: 539, Loss: 0.10085423290729523
INFO:root:Validation set mIOU: 84.45748450670268
INFO:root:Epoch: 77, Iteration: 540, Loss: 0.10081125795841217
INFO:root:Epoch: 77, Iteration: 541, Loss: 0.06154180318117142
INFO:root:Epoch: 77, Iteration: 542, Loss: 0.0698215514421463
INFO:root:Epoch: 77, Iteration: 543, Loss: 0.0961364209651947
INFO:root:Epoch: 77, Iteration: 544, Loss: 0.09486322849988937
INFO:root:Epoch: 77, Iteration: 545, Loss: 0.06850875169038773
INFO:root:Epoch: 77, Iteration: 546, Loss: 0.09777645021677017
INFO:root:Validation set mIOU: 85.27772503066714
INFO:root:Epoch: 78, Iteration: 547, Loss: 0.05935891717672348
INFO:root:Epoch: 78, Iteration: 548, Loss: 0.11357979476451874
INFO:root:Epoch: 78, Iteration: 549, Loss: 0.10861857980489731
INFO:root:Epoch: 78, Iteration: 550, Loss: 0.07511503994464874
INFO:root:Epoch: 78, Iteration: 551, Loss: 0.07747743278741837
INFO:root:Epoch: 78, Iteration: 552, Loss: 0.06145498529076576
INFO:root:Epoch: 78, Iteration: 553, Loss: 0.0887906476855278
INFO:root:Validation set mIOU: 85.03259402602443
INFO:root:Epoch: 79, Iteration: 554, Loss: 0.07550855726003647
INFO:root:Epoch: 79, Iteration: 555, Loss: 0.08005650341510773
INFO:root:Epoch: 79, Iteration: 556, Loss: 0.1019921824336052
INFO:root:Epoch: 79, Iteration: 557, Loss: 0.0948980301618576
INFO:root:Epoch: 79, Iteration: 558, Loss: 0.052763309329748154
INFO:root:Epoch: 79, Iteration: 559, Loss: 0.07176420837640762
INFO:root:Epoch: 79, Iteration: 560, Loss: 0.08899780362844467
INFO:root:Validation set mIOU: 85.13845437596956
INFO:root:Epoch: 80, Iteration: 561, Loss: 0.07525290548801422
INFO:root:Epoch: 80, Iteration: 562, Loss: 0.0892537459731102
INFO:root:Epoch: 80, Iteration: 563, Loss: 0.07183370739221573
INFO:root:Epoch: 80, Iteration: 564, Loss: 0.0620017871260643
INFO:root:Epoch: 80, Iteration: 565, Loss: 0.07991918176412582
INFO:root:Epoch: 80, Iteration: 566, Loss: 0.08934544026851654
INFO:root:Epoch: 80, Iteration: 567, Loss: 0.07318368554115295
INFO:root:Validation set mIOU: 85.09949644598966
INFO:root:Epoch: 81, Iteration: 568, Loss: 0.11689753830432892
INFO:root:Epoch: 81, Iteration: 569, Loss: 0.052119579166173935
INFO:root:Epoch: 81, Iteration: 570, Loss: 0.09754224121570587
INFO:root:Epoch: 81, Iteration: 571, Loss: 0.07013755291700363
INFO:root:Epoch: 81, Iteration: 572, Loss: 0.0776297077536583
INFO:root:Epoch: 81, Iteration: 573, Loss: 0.08742734789848328
INFO:root:Epoch: 81, Iteration: 574, Loss: 0.07236186414957047
INFO:root:Validation set mIOU: 85.46460548281549
INFO:root:Epoch: 82, Iteration: 575, Loss: 0.07711371034383774
INFO:root:Epoch: 82, Iteration: 576, Loss: 0.06240048632025719
INFO:root:Epoch: 82, Iteration: 577, Loss: 0.07423724979162216
INFO:root:Epoch: 82, Iteration: 578, Loss: 0.09141901135444641
INFO:root:Epoch: 82, Iteration: 579, Loss: 0.10901383310556412
INFO:root:Epoch: 82, Iteration: 580, Loss: 0.11985701322555542
INFO:root:Epoch: 82, Iteration: 581, Loss: 0.08918057382106781
INFO:root:Validation set mIOU: 84.95836825343864
INFO:root:Epoch: 83, Iteration: 582, Loss: 0.06635962426662445
INFO:root:Epoch: 83, Iteration: 583, Loss: 0.08365502208471298
INFO:root:Epoch: 83, Iteration: 584, Loss: 0.07584727555513382
INFO:root:Epoch: 83, Iteration: 585, Loss: 0.06805940717458725
INFO:root:Epoch: 83, Iteration: 586, Loss: 0.06955106556415558
INFO:root:Epoch: 83, Iteration: 587, Loss: 0.08590202778577805
INFO:root:Epoch: 83, Iteration: 588, Loss: 0.09753258526325226
INFO:root:Validation set mIOU: 85.61098089037112
INFO:root:Epoch: 84, Iteration: 589, Loss: 0.053714267909526825
INFO:root:Epoch: 84, Iteration: 590, Loss: 0.07434813678264618
INFO:root:Epoch: 84, Iteration: 591, Loss: 0.06703590601682663
INFO:root:Epoch: 84, Iteration: 592, Loss: 0.0770043432712555
INFO:root:Epoch: 84, Iteration: 593, Loss: 0.06432641297578812
INFO:root:Epoch: 84, Iteration: 594, Loss: 0.08447446674108505
INFO:root:Epoch: 84, Iteration: 595, Loss: 0.08881652355194092
INFO:root:Validation set mIOU: 85.46960018445697
INFO:root:Epoch: 85, Iteration: 596, Loss: 0.06794650107622147
INFO:root:Epoch: 85, Iteration: 597, Loss: 0.052953846752643585
INFO:root:Epoch: 85, Iteration: 598, Loss: 0.08001712709665298
INFO:root:Epoch: 85, Iteration: 599, Loss: 0.07222042977809906
INFO:root:Epoch: 85, Iteration: 600, Loss: 0.09691956639289856
INFO:root:Epoch: 85, Iteration: 601, Loss: 0.12010688334703445
INFO:root:Epoch: 85, Iteration: 602, Loss: 0.07442324608564377
INFO:root:Validation set mIOU: 84.74102661436272
INFO:root:Epoch: 86, Iteration: 603, Loss: 0.06436484307050705
INFO:root:Epoch: 86, Iteration: 604, Loss: 0.08843061327934265
INFO:root:Epoch: 86, Iteration: 605, Loss: 0.08436909317970276
INFO:root:Epoch: 86, Iteration: 606, Loss: 0.08117663115262985
INFO:root:Epoch: 86, Iteration: 607, Loss: 0.06302256137132645
INFO:root:Epoch: 86, Iteration: 608, Loss: 0.06568274646997452
INFO:root:Epoch: 86, Iteration: 609, Loss: 0.08315663784742355
INFO:root:Validation set mIOU: 84.7738602646289
INFO:root:Epoch: 87, Iteration: 610, Loss: 0.0657304972410202
INFO:root:Epoch: 87, Iteration: 611, Loss: 0.08266592025756836
INFO:root:Epoch: 87, Iteration: 612, Loss: 0.08772953599691391
INFO:root:Epoch: 87, Iteration: 613, Loss: 0.06362386792898178
INFO:root:Epoch: 87, Iteration: 614, Loss: 0.0640789046883583
INFO:root:Epoch: 87, Iteration: 615, Loss: 0.10344401746988297
INFO:root:Epoch: 87, Iteration: 616, Loss: 0.11636462807655334
INFO:root:Validation set mIOU: 85.36511031757007
INFO:root:Epoch: 88, Iteration: 617, Loss: 0.07913437485694885
INFO:root:Epoch: 88, Iteration: 618, Loss: 0.09219583123922348
INFO:root:Epoch: 88, Iteration: 619, Loss: 0.07560015469789505
INFO:root:Epoch: 88, Iteration: 620, Loss: 0.06460583209991455
INFO:root:Epoch: 88, Iteration: 621, Loss: 0.07580200582742691
INFO:root:Epoch: 88, Iteration: 622, Loss: 0.0743357464671135
INFO:root:Epoch: 88, Iteration: 623, Loss: 0.11140018701553345
INFO:root:Validation set mIOU: 85.8084414804387
INFO:root:Epoch: 89, Iteration: 624, Loss: 0.07716819643974304
INFO:root:Epoch: 89, Iteration: 625, Loss: 0.09023696184158325
INFO:root:Epoch: 89, Iteration: 626, Loss: 0.06138383224606514
INFO:root:Epoch: 89, Iteration: 627, Loss: 0.0709683895111084
INFO:root:Epoch: 89, Iteration: 628, Loss: 0.07067997008562088
INFO:root:Epoch: 89, Iteration: 629, Loss: 0.053224828094244
INFO:root:Epoch: 89, Iteration: 630, Loss: 0.05706627666950226
INFO:root:Validation set mIOU: 85.39910656743301
INFO:root:Epoch: 90, Iteration: 631, Loss: 0.07379758358001709
INFO:root:Epoch: 90, Iteration: 632, Loss: 0.0596415251493454
INFO:root:Epoch: 90, Iteration: 633, Loss: 0.06533703207969666
INFO:root:Epoch: 90, Iteration: 634, Loss: 0.08531709760427475
INFO:root:Epoch: 90, Iteration: 635, Loss: 0.07510427385568619
INFO:root:Epoch: 90, Iteration: 636, Loss: 0.06972631812095642
INFO:root:Epoch: 90, Iteration: 637, Loss: 0.06348511576652527
INFO:root:Validation set mIOU: 85.28731965766622
INFO:root:Epoch: 91, Iteration: 638, Loss: 0.07722144573926926
INFO:root:Epoch: 91, Iteration: 639, Loss: 0.09666121006011963
INFO:root:Epoch: 91, Iteration: 640, Loss: 0.13578519225120544
INFO:root:Epoch: 91, Iteration: 641, Loss: 0.06643345206975937
INFO:root:Epoch: 91, Iteration: 642, Loss: 0.07366175204515457
INFO:root:Epoch: 91, Iteration: 643, Loss: 0.09554100036621094
INFO:root:Epoch: 91, Iteration: 644, Loss: 0.07316960394382477
INFO:root:Validation set mIOU: 85.24800225431609
INFO:root:Epoch: 92, Iteration: 645, Loss: 0.0677122101187706
INFO:root:Epoch: 92, Iteration: 646, Loss: 0.1255788803100586
INFO:root:Epoch: 92, Iteration: 647, Loss: 0.06884338706731796
INFO:root:Epoch: 92, Iteration: 648, Loss: 0.07016777992248535
INFO:root:Epoch: 92, Iteration: 649, Loss: 0.08134167641401291
INFO:root:Epoch: 92, Iteration: 650, Loss: 0.06543093174695969
INFO:root:Epoch: 92, Iteration: 651, Loss: 0.0870971754193306
INFO:root:Validation set mIOU: 85.48480647510284
INFO:root:Epoch: 93, Iteration: 652, Loss: 0.09540427476167679
INFO:root:Epoch: 93, Iteration: 653, Loss: 0.11306553333997726
INFO:root:Epoch: 93, Iteration: 654, Loss: 0.09881344437599182
INFO:root:Epoch: 93, Iteration: 655, Loss: 0.06662704795598984
INFO:root:Epoch: 93, Iteration: 656, Loss: 0.06541231274604797
INFO:root:Epoch: 93, Iteration: 657, Loss: 0.09602627158164978
INFO:root:Epoch: 93, Iteration: 658, Loss: 0.10282915830612183
INFO:root:Validation set mIOU: 85.16942737928278
INFO:root:Epoch: 94, Iteration: 659, Loss: 0.08775943517684937
INFO:root:Epoch: 94, Iteration: 660, Loss: 0.06536804884672165
INFO:root:Epoch: 94, Iteration: 661, Loss: 0.05701443552970886
INFO:root:Epoch: 94, Iteration: 662, Loss: 0.07127447426319122
INFO:root:Epoch: 94, Iteration: 663, Loss: 0.07810217887163162
INFO:root:Epoch: 94, Iteration: 664, Loss: 0.055251285433769226
INFO:root:Epoch: 94, Iteration: 665, Loss: 0.08820432424545288
INFO:root:Validation set mIOU: 85.62771257116113
INFO:root:Epoch: 95, Iteration: 666, Loss: 0.1405511498451233
INFO:root:Epoch: 95, Iteration: 667, Loss: 0.07064320892095566
INFO:root:Epoch: 95, Iteration: 668, Loss: 0.06559251248836517
INFO:root:Epoch: 95, Iteration: 669, Loss: 0.0821901261806488
INFO:root:Epoch: 95, Iteration: 670, Loss: 0.06317351758480072
INFO:root:Epoch: 95, Iteration: 671, Loss: 0.07583753764629364
INFO:root:Epoch: 95, Iteration: 672, Loss: 0.06132922321557999
INFO:root:Validation set mIOU: 85.45202246012123
INFO:root:Epoch: 96, Iteration: 673, Loss: 0.08927799761295319
INFO:root:Epoch: 96, Iteration: 674, Loss: 0.08125970512628555
INFO:root:Epoch: 96, Iteration: 675, Loss: 0.07635609805583954
INFO:root:Epoch: 96, Iteration: 676, Loss: 0.08783145993947983
INFO:root:Epoch: 96, Iteration: 677, Loss: 0.07553508132696152
INFO:root:Epoch: 96, Iteration: 678, Loss: 0.06583341956138611
INFO:root:Epoch: 96, Iteration: 679, Loss: 0.08823993057012558
INFO:root:Validation set mIOU: 85.53587559644073
INFO:root:Epoch: 97, Iteration: 680, Loss: 0.06984695792198181
INFO:root:Epoch: 97, Iteration: 681, Loss: 0.07743529975414276
INFO:root:Epoch: 97, Iteration: 682, Loss: 0.08676546066999435
INFO:root:Epoch: 97, Iteration: 683, Loss: 0.09999187290668488
INFO:root:Epoch: 97, Iteration: 684, Loss: 0.07629506289958954
INFO:root:Epoch: 97, Iteration: 685, Loss: 0.08558390289545059
INFO:root:Epoch: 97, Iteration: 686, Loss: 0.052847787737846375
INFO:root:Validation set mIOU: 85.37491051334955
INFO:root:Epoch: 98, Iteration: 687, Loss: 0.10286594927310944
INFO:root:Epoch: 98, Iteration: 688, Loss: 0.08904212713241577
INFO:root:Epoch: 98, Iteration: 689, Loss: 0.05977514386177063
INFO:root:Epoch: 98, Iteration: 690, Loss: 0.09888368099927902
INFO:root:Epoch: 98, Iteration: 691, Loss: 0.06381585448980331
INFO:root:Epoch: 98, Iteration: 692, Loss: 0.0799127146601677
INFO:root:Epoch: 98, Iteration: 693, Loss: 0.0784432664513588
INFO:root:Validation set mIOU: 85.03523026519653
INFO:root:Epoch: 99, Iteration: 694, Loss: 0.08309204131364822
INFO:root:Epoch: 99, Iteration: 695, Loss: 0.09413903206586838
INFO:root:Epoch: 99, Iteration: 696, Loss: 0.0874311700463295
INFO:root:Epoch: 99, Iteration: 697, Loss: 0.14847871661186218
INFO:root:Epoch: 99, Iteration: 698, Loss: 0.07581299543380737
INFO:root:Epoch: 99, Iteration: 699, Loss: 0.05509810522198677
INFO:root:Epoch: 99, Iteration: 700, Loss: 0.0702764242887497
INFO:root:Validation set mIOU: 85.18524252536608
