INFO:root:{'addition': 'nothing_old_mean_std',
 'backbone': 'resnet101',
 'batch_size': 16,
 'batch_size_consistency': 16,
 'conf_thres': 0.95,
 'config': 'configs/dataset2.yaml',
 'consistency_training': False,
 'crop_size': 320,
 'data_root': './',
 'dataset': 'dataset2',
 'epochs': 100,
 'labeled_id_path': 'dataset/splits/dataset2/1_4/split_random/labeled.txt',
 'lr': 0.0009,
 'model': 'deeplabv3plus',
 'ngpus': 1,
 'plus': False,
 'pseudo_consistency_mask_path': None,
 'pseudo_mask_path': 'outdir/pseudo_masks/dataset2/1_4/split_random/deeplabv3plus/resnet101/nothing_old_mean_std/self_training/non_consistency_training/first_time',
 'rand_thres': 0.8,
 'reliable_id_path': None,
 'save_path': 'outdir/models/dataset2/1_4/split_random/deeplabv3plus/resnet101/nothing_old_mean_std/self_training/non_consistency_training/first_time',
 'time': 1,
 'unlabeled_id_path': 'dataset/splits/dataset2/1_4/split_random/unlabeled.txt',
 'warm_up': 30}

INFO:root:Training supervised with consistency on unlabeled images
INFO:root:{'addition': 'nothing_old_mean_std',
 'backbone': 'resnet101',
 'batch_size': 16,
 'batch_size_consistency': 16,
 'conf_thres': 0.95,
 'config': 'configs/dataset2.yaml',
 'consistency_training': False,
 'crop_size': 320,
 'data_root': './',
 'dataset': 'dataset2',
 'epochs': 100,
 'labeled_id_path': 'dataset/splits/dataset2/1_4/split_random/labeled.txt',
 'lr': 0.0009,
 'model': 'deeplabv3plus',
 'ngpus': 1,
 'plus': False,
 'pseudo_consistency_mask_path': None,
 'pseudo_mask_path': 'outdir/pseudo_masks/dataset2/1_4/split_random/deeplabv3plus/resnet101/nothing_old_mean_std/self_training/non_consistency_training/first_time',
 'rand_thres': 0.8,
 'reliable_id_path': None,
 'save_path': 'outdir/models/dataset2/1_4/split_random/deeplabv3plus/resnet101/nothing_old_mean_std/self_training/non_consistency_training/first_time',
 'time': 1,
 'unlabeled_id_path': 'dataset/splits/dataset2/1_4/split_random/unlabeled.txt',
 'warm_up': 30}

INFO:root:Training supervised with consistency on unlabeled images
INFO:root:Epoch: 0, Iteration: 1, Loss: 1.045134425163269
INFO:root:Epoch: 0, Iteration: 2, Loss: 0.9547231793403625
INFO:root:Validation set mIOU: 3.2439956781448447
INFO:root:Epoch: 1, Iteration: 3, Loss: 0.8012957572937012
INFO:root:Epoch: 1, Iteration: 4, Loss: 0.7175968885421753
INFO:root:Validation set mIOU: 48.55010801684568
INFO:root:Epoch: 2, Iteration: 5, Loss: 0.6632184982299805
INFO:root:Epoch: 2, Iteration: 6, Loss: 0.49655523896217346
INFO:root:Validation set mIOU: 38.96505000475622
INFO:root:Epoch: 3, Iteration: 7, Loss: 0.41105660796165466
INFO:root:Epoch: 3, Iteration: 8, Loss: 0.4019071161746979
INFO:root:Validation set mIOU: 48.780985197920465
INFO:root:Epoch: 4, Iteration: 9, Loss: 0.33436131477355957
INFO:root:Epoch: 4, Iteration: 10, Loss: 0.36036601662635803
INFO:root:Validation set mIOU: 52.85177987991929
INFO:root:Epoch: 5, Iteration: 11, Loss: 0.40318846702575684
INFO:root:Epoch: 5, Iteration: 12, Loss: 0.2581569254398346
INFO:root:Validation set mIOU: 59.33693906592733
INFO:root:Epoch: 6, Iteration: 13, Loss: 0.24347233772277832
INFO:root:Epoch: 6, Iteration: 14, Loss: 0.23259826004505157
INFO:root:Validation set mIOU: 67.95279802243478
INFO:root:Epoch: 7, Iteration: 15, Loss: 0.25289076566696167
INFO:root:Epoch: 7, Iteration: 16, Loss: 0.1903771013021469
INFO:root:Validation set mIOU: 72.89458380061343
INFO:root:Epoch: 8, Iteration: 17, Loss: 0.1744532734155655
INFO:root:Epoch: 8, Iteration: 18, Loss: 0.19616913795471191
INFO:root:Validation set mIOU: 74.9726310276222
INFO:root:Epoch: 9, Iteration: 19, Loss: 0.17549553513526917
INFO:root:Epoch: 9, Iteration: 20, Loss: 0.15154701471328735
INFO:root:Validation set mIOU: 74.34628605487941
INFO:root:Epoch: 10, Iteration: 21, Loss: 0.17115692794322968
INFO:root:Epoch: 10, Iteration: 22, Loss: 0.1558883786201477
INFO:root:Validation set mIOU: 73.01843253042378
INFO:root:Epoch: 11, Iteration: 23, Loss: 0.11815948039293289
INFO:root:Epoch: 11, Iteration: 24, Loss: 0.1273595094680786
INFO:root:Validation set mIOU: 70.56669301185313
INFO:root:Epoch: 12, Iteration: 25, Loss: 0.1271262764930725
INFO:root:Epoch: 12, Iteration: 26, Loss: 0.17224174737930298
INFO:root:Validation set mIOU: 69.03634432036975
INFO:root:Epoch: 13, Iteration: 27, Loss: 0.11070611327886581
INFO:root:Epoch: 13, Iteration: 28, Loss: 0.12481977045536041
INFO:root:Validation set mIOU: 70.55226894187219
INFO:root:Epoch: 14, Iteration: 29, Loss: 0.1687396913766861
INFO:root:Epoch: 14, Iteration: 30, Loss: 0.09470204263925552
INFO:root:Validation set mIOU: 72.97956340761823
INFO:root:Epoch: 15, Iteration: 31, Loss: 0.12114573270082474
INFO:root:Epoch: 15, Iteration: 32, Loss: 0.08996240049600601
INFO:root:Validation set mIOU: 76.49441854329254
INFO:root:Epoch: 16, Iteration: 33, Loss: 0.15278267860412598
INFO:root:Epoch: 16, Iteration: 34, Loss: 0.1102229654788971
INFO:root:Validation set mIOU: 80.4838376829241
INFO:root:Epoch: 17, Iteration: 35, Loss: 0.09666100889444351
INFO:root:Epoch: 17, Iteration: 36, Loss: 0.10942670702934265
INFO:root:Validation set mIOU: 82.46056493294263
INFO:root:Epoch: 18, Iteration: 37, Loss: 0.1041693389415741
INFO:root:Epoch: 18, Iteration: 38, Loss: 0.1091277226805687
INFO:root:Validation set mIOU: 83.25156980103844
INFO:root:Epoch: 19, Iteration: 39, Loss: 0.08885886520147324
INFO:root:Epoch: 19, Iteration: 40, Loss: 0.10141852498054504
INFO:root:Validation set mIOU: 83.84136856763479
INFO:root:Epoch: 20, Iteration: 41, Loss: 0.10547084361314774
INFO:root:Epoch: 20, Iteration: 42, Loss: 0.0885656327009201
INFO:root:Validation set mIOU: 84.27153836173257
INFO:root:Epoch: 21, Iteration: 43, Loss: 0.07920416444540024
INFO:root:Epoch: 21, Iteration: 44, Loss: 0.09099481254816055
INFO:root:Validation set mIOU: 84.34005561622989
INFO:root:Epoch: 22, Iteration: 45, Loss: 0.07570646703243256
INFO:root:Epoch: 22, Iteration: 46, Loss: 0.0866653099656105
INFO:root:Validation set mIOU: 84.6041197485505
INFO:root:Epoch: 23, Iteration: 47, Loss: 0.07870957255363464
INFO:root:Epoch: 23, Iteration: 48, Loss: 0.08492864668369293
INFO:root:Validation set mIOU: 84.7182691863571
INFO:root:Epoch: 24, Iteration: 49, Loss: 0.08698894828557968
INFO:root:Epoch: 24, Iteration: 50, Loss: 0.09447146207094193
INFO:root:Validation set mIOU: 84.77357336809057
INFO:root:Epoch: 25, Iteration: 51, Loss: 0.10339891165494919
INFO:root:Epoch: 25, Iteration: 52, Loss: 0.08972612768411636
INFO:root:Validation set mIOU: 84.52502585762275
INFO:root:Epoch: 26, Iteration: 53, Loss: 0.08481277525424957
INFO:root:Epoch: 26, Iteration: 54, Loss: 0.07410537451505661
INFO:root:Validation set mIOU: 84.77700013981723
INFO:root:Epoch: 27, Iteration: 55, Loss: 0.08845600485801697
INFO:root:Epoch: 27, Iteration: 56, Loss: 0.0760708600282669
INFO:root:Validation set mIOU: 84.75982529880575
INFO:root:Epoch: 28, Iteration: 57, Loss: 0.08833108097314835
INFO:root:Epoch: 28, Iteration: 58, Loss: 0.07944070547819138
INFO:root:Validation set mIOU: 84.65052697524534
INFO:root:Epoch: 29, Iteration: 59, Loss: 0.10287804156541824
INFO:root:Epoch: 29, Iteration: 60, Loss: 0.08093206584453583
INFO:root:Validation set mIOU: 84.70430574615455
INFO:root:Epoch: 30, Iteration: 61, Loss: 0.08044467121362686
INFO:root:Epoch: 30, Iteration: 62, Loss: 0.11212960630655289
INFO:root:Validation set mIOU: 84.97201897406451
INFO:root:Epoch: 31, Iteration: 63, Loss: 0.08434731513261795
INFO:root:Epoch: 31, Iteration: 64, Loss: 0.08229919523000717
INFO:root:Validation set mIOU: 85.13096381502571
INFO:root:Epoch: 32, Iteration: 65, Loss: 0.0699392557144165
INFO:root:Epoch: 32, Iteration: 66, Loss: 0.08953972160816193
INFO:root:Validation set mIOU: 84.76156815522768
INFO:root:Epoch: 33, Iteration: 67, Loss: 0.08280865848064423
INFO:root:Epoch: 33, Iteration: 68, Loss: 0.0823751837015152
INFO:root:Validation set mIOU: 84.24397812595222
INFO:root:Epoch: 34, Iteration: 69, Loss: 0.07611194998025894
INFO:root:Epoch: 34, Iteration: 70, Loss: 0.07123739272356033
INFO:root:Validation set mIOU: 84.58688635987667
INFO:root:Epoch: 35, Iteration: 71, Loss: 0.07796412706375122
INFO:root:Epoch: 35, Iteration: 72, Loss: 0.06530387699604034
INFO:root:Validation set mIOU: 85.15085783147005
INFO:root:Epoch: 36, Iteration: 73, Loss: 0.07021480798721313
INFO:root:Epoch: 36, Iteration: 74, Loss: 0.07697214931249619
INFO:root:Validation set mIOU: 85.4219247059256
INFO:root:Epoch: 37, Iteration: 75, Loss: 0.08330749720335007
INFO:root:Epoch: 37, Iteration: 76, Loss: 0.06386628746986389
INFO:root:Validation set mIOU: 85.45826709690779
INFO:root:Epoch: 38, Iteration: 77, Loss: 0.09132982045412064
INFO:root:Epoch: 38, Iteration: 78, Loss: 0.05983735993504524
INFO:root:Validation set mIOU: 85.45593495186469
INFO:root:Epoch: 39, Iteration: 79, Loss: 0.08070781081914902
INFO:root:Epoch: 39, Iteration: 80, Loss: 0.06800529360771179
INFO:root:Validation set mIOU: 85.58028953101632
INFO:root:Epoch: 40, Iteration: 81, Loss: 0.06898550689220428
INFO:root:Epoch: 40, Iteration: 82, Loss: 0.07575193792581558
INFO:root:Validation set mIOU: 85.49040614328082
INFO:root:Epoch: 41, Iteration: 83, Loss: 0.06301868706941605
INFO:root:Epoch: 41, Iteration: 84, Loss: 0.0742783173918724
INFO:root:Validation set mIOU: 85.44392918862175
INFO:root:Epoch: 42, Iteration: 85, Loss: 0.06908544898033142
INFO:root:Epoch: 42, Iteration: 86, Loss: 0.07210613042116165
INFO:root:Validation set mIOU: 85.28892001500806
INFO:root:Epoch: 43, Iteration: 87, Loss: 0.09283650666475296
INFO:root:Epoch: 43, Iteration: 88, Loss: 0.05442726984620094
INFO:root:Validation set mIOU: 85.42413027160919
INFO:root:Epoch: 44, Iteration: 89, Loss: 0.07587941735982895
INFO:root:Epoch: 44, Iteration: 90, Loss: 0.05244896560907364
INFO:root:Validation set mIOU: 85.49232363222458
INFO:root:Epoch: 45, Iteration: 91, Loss: 0.06266694515943527
INFO:root:Epoch: 45, Iteration: 92, Loss: 0.06863788515329361
INFO:root:Validation set mIOU: 85.44860868520381
INFO:root:Epoch: 46, Iteration: 93, Loss: 0.07205316424369812
INFO:root:Epoch: 46, Iteration: 94, Loss: 0.059476353228092194
INFO:root:Validation set mIOU: 85.32158256466289
INFO:root:Epoch: 47, Iteration: 95, Loss: 0.08063869178295135
INFO:root:Epoch: 47, Iteration: 96, Loss: 0.06025158241391182
INFO:root:Validation set mIOU: 85.26083440177011
INFO:root:Epoch: 48, Iteration: 97, Loss: 0.05810822173953056
INFO:root:Epoch: 48, Iteration: 98, Loss: 0.07510025799274445
INFO:root:Validation set mIOU: 85.33421890735161
INFO:root:Epoch: 49, Iteration: 99, Loss: 0.06497521698474884
INFO:root:Epoch: 49, Iteration: 100, Loss: 0.059189651161432266
INFO:root:Validation set mIOU: 85.30736195871671
INFO:root:Epoch: 50, Iteration: 101, Loss: 0.05865383520722389
INFO:root:Epoch: 50, Iteration: 102, Loss: 0.060716934502124786
INFO:root:Validation set mIOU: 85.24057284275636
INFO:root:Epoch: 51, Iteration: 103, Loss: 0.050357636064291
INFO:root:Epoch: 51, Iteration: 104, Loss: 0.10935813933610916
INFO:root:Validation set mIOU: 85.0826827578334
INFO:root:Epoch: 52, Iteration: 105, Loss: 0.06427504867315292
INFO:root:Epoch: 52, Iteration: 106, Loss: 0.08188428729772568
INFO:root:Validation set mIOU: 85.2034630189661
INFO:root:Epoch: 53, Iteration: 107, Loss: 0.06029631569981575
INFO:root:Epoch: 53, Iteration: 108, Loss: 0.0664302334189415
INFO:root:Validation set mIOU: 85.09292689261663
INFO:root:Epoch: 54, Iteration: 109, Loss: 0.05522230640053749
INFO:root:Epoch: 54, Iteration: 110, Loss: 0.12180989235639572
INFO:root:Validation set mIOU: 84.89807786716823
INFO:root:Epoch: 55, Iteration: 111, Loss: 0.06331975013017654
INFO:root:Epoch: 55, Iteration: 112, Loss: 0.05840323120355606
INFO:root:Validation set mIOU: 85.21431845955867
INFO:root:Epoch: 56, Iteration: 113, Loss: 0.05907834321260452
INFO:root:Epoch: 56, Iteration: 114, Loss: 0.05482810363173485
INFO:root:Validation set mIOU: 85.3205480154235
INFO:root:Epoch: 57, Iteration: 115, Loss: 0.05950069800019264
INFO:root:Epoch: 57, Iteration: 116, Loss: 0.07600923627614975
INFO:root:Validation set mIOU: 85.5572021658959
INFO:root:Epoch: 58, Iteration: 117, Loss: 0.06242293119430542
INFO:root:Epoch: 58, Iteration: 118, Loss: 0.06476502120494843
INFO:root:Validation set mIOU: 85.40599810226475
INFO:root:Epoch: 59, Iteration: 119, Loss: 0.05550336092710495
INFO:root:Epoch: 59, Iteration: 120, Loss: 0.05355873331427574
INFO:root:Validation set mIOU: 85.40394159473297
INFO:root:Epoch: 60, Iteration: 121, Loss: 0.07110121846199036
INFO:root:Epoch: 60, Iteration: 122, Loss: 0.07523692399263382
INFO:root:Validation set mIOU: 85.18505729843156
INFO:root:Epoch: 61, Iteration: 123, Loss: 0.07498090714216232
INFO:root:Epoch: 61, Iteration: 124, Loss: 0.06358571350574493
INFO:root:Validation set mIOU: 85.18420581019109
INFO:root:Epoch: 62, Iteration: 125, Loss: 0.06538436561822891
INFO:root:Epoch: 62, Iteration: 126, Loss: 0.0738089457154274
INFO:root:Validation set mIOU: 84.97717552967484
INFO:root:Epoch: 63, Iteration: 127, Loss: 0.05245879665017128
INFO:root:Epoch: 63, Iteration: 128, Loss: 0.0730324238538742
INFO:root:Validation set mIOU: 85.16702310061306
INFO:root:Epoch: 64, Iteration: 129, Loss: 0.05983484908938408
INFO:root:Epoch: 64, Iteration: 130, Loss: 0.05778481066226959
INFO:root:Validation set mIOU: 85.03157601253228
INFO:root:Epoch: 65, Iteration: 131, Loss: 0.06161056086421013
INFO:root:Epoch: 65, Iteration: 132, Loss: 0.06143081560730934
INFO:root:Validation set mIOU: 85.14815422255892
INFO:root:Epoch: 66, Iteration: 133, Loss: 0.07293546199798584
INFO:root:Epoch: 66, Iteration: 134, Loss: 0.049847714602947235
INFO:root:Validation set mIOU: 85.18363048463353
INFO:root:Epoch: 67, Iteration: 135, Loss: 0.06136232241988182
INFO:root:Epoch: 67, Iteration: 136, Loss: 0.057075921446084976
INFO:root:Validation set mIOU: 85.31125899076484
INFO:root:Epoch: 68, Iteration: 137, Loss: 0.0589841790497303
INFO:root:Epoch: 68, Iteration: 138, Loss: 0.08624481409788132
INFO:root:Validation set mIOU: 85.14104397448502
INFO:root:Epoch: 69, Iteration: 139, Loss: 0.06731145828962326
INFO:root:Epoch: 69, Iteration: 140, Loss: 0.05551904812455177
INFO:root:Validation set mIOU: 85.36496812462126
INFO:root:Epoch: 70, Iteration: 141, Loss: 0.06683038175106049
INFO:root:Epoch: 70, Iteration: 142, Loss: 0.060750484466552734
INFO:root:Validation set mIOU: 85.27122511682816
INFO:root:Epoch: 71, Iteration: 143, Loss: 0.054113175719976425
INFO:root:Epoch: 71, Iteration: 144, Loss: 0.06954798102378845
INFO:root:Validation set mIOU: 85.20154338733948
INFO:root:Epoch: 72, Iteration: 145, Loss: 0.05496587976813316
INFO:root:Epoch: 72, Iteration: 146, Loss: 0.06547918915748596
INFO:root:Validation set mIOU: 85.19100781613118
INFO:root:Epoch: 73, Iteration: 147, Loss: 0.06279776245355606
INFO:root:Epoch: 73, Iteration: 148, Loss: 0.05119846388697624
INFO:root:Validation set mIOU: 85.30976679772682
INFO:root:Epoch: 74, Iteration: 149, Loss: 0.060229502618312836
INFO:root:Epoch: 74, Iteration: 150, Loss: 0.053726088255643845
INFO:root:Validation set mIOU: 85.36539303618765
INFO:root:Epoch: 75, Iteration: 151, Loss: 0.04886360839009285
INFO:root:Epoch: 75, Iteration: 152, Loss: 0.05550812557339668
INFO:root:Validation set mIOU: 85.31720895261202
INFO:root:Epoch: 76, Iteration: 153, Loss: 0.0568104051053524
INFO:root:Epoch: 76, Iteration: 154, Loss: 0.058842070400714874
INFO:root:Validation set mIOU: 85.10888594950785
INFO:root:Epoch: 77, Iteration: 155, Loss: 0.06426408886909485
INFO:root:Epoch: 77, Iteration: 156, Loss: 0.05569716542959213
INFO:root:Validation set mIOU: 85.06520788424169
INFO:root:Epoch: 78, Iteration: 157, Loss: 0.05336926504969597
INFO:root:Epoch: 78, Iteration: 158, Loss: 0.05632537975907326
INFO:root:Validation set mIOU: 85.22367112823956
INFO:root:Epoch: 79, Iteration: 159, Loss: 0.04662930220365524
INFO:root:Epoch: 79, Iteration: 160, Loss: 0.05809600651264191
INFO:root:Validation set mIOU: 85.37691449827652
INFO:root:Epoch: 80, Iteration: 161, Loss: 0.05279291793704033
INFO:root:Epoch: 80, Iteration: 162, Loss: 0.07609278708696365
INFO:root:Validation set mIOU: 85.52966955622013
INFO:root:Epoch: 81, Iteration: 163, Loss: 0.05771554633975029
INFO:root:Epoch: 81, Iteration: 164, Loss: 0.05704747140407562
INFO:root:Validation set mIOU: 85.42696772281388
INFO:root:Epoch: 82, Iteration: 165, Loss: 0.06876172125339508
INFO:root:Epoch: 82, Iteration: 166, Loss: 0.04957566037774086
INFO:root:Validation set mIOU: 85.3440758796578
INFO:root:Epoch: 83, Iteration: 167, Loss: 0.05345840007066727
INFO:root:Epoch: 83, Iteration: 168, Loss: 0.05693678930401802
INFO:root:Validation set mIOU: 85.29430109135106
INFO:root:Epoch: 84, Iteration: 169, Loss: 0.05624883621931076
INFO:root:Epoch: 84, Iteration: 170, Loss: 0.05446884036064148
INFO:root:Validation set mIOU: 85.36058838756753
INFO:root:Epoch: 85, Iteration: 171, Loss: 0.06776672601699829
INFO:root:Epoch: 85, Iteration: 172, Loss: 0.05709348991513252
INFO:root:Validation set mIOU: 85.51966218806216
INFO:root:Epoch: 86, Iteration: 173, Loss: 0.09605707973241806
INFO:root:Epoch: 86, Iteration: 174, Loss: 0.05596046522259712
INFO:root:Validation set mIOU: 85.34563126927056
INFO:root:Epoch: 87, Iteration: 175, Loss: 0.07507767528295517
INFO:root:Epoch: 87, Iteration: 176, Loss: 0.05324341356754303
INFO:root:Validation set mIOU: 85.20395528924229
INFO:root:Epoch: 88, Iteration: 177, Loss: 0.047235582023859024
INFO:root:Epoch: 88, Iteration: 178, Loss: 0.04975864291191101
INFO:root:Validation set mIOU: 85.2746734400888
INFO:root:Epoch: 89, Iteration: 179, Loss: 0.05314680188894272
INFO:root:Epoch: 89, Iteration: 180, Loss: 0.059746261686086655
INFO:root:Validation set mIOU: 85.39107147389844
INFO:root:Epoch: 90, Iteration: 181, Loss: 0.05778447538614273
INFO:root:Epoch: 90, Iteration: 182, Loss: 0.05213167145848274
INFO:root:Validation set mIOU: 85.39786312583473
INFO:root:Epoch: 91, Iteration: 183, Loss: 0.05896871164441109
INFO:root:Epoch: 91, Iteration: 184, Loss: 0.048175230622291565
INFO:root:Validation set mIOU: 85.28031802251762
INFO:root:Epoch: 92, Iteration: 185, Loss: 0.04987943172454834
INFO:root:Epoch: 92, Iteration: 186, Loss: 0.05893877148628235
INFO:root:Validation set mIOU: 85.39458893167078
INFO:root:Epoch: 93, Iteration: 187, Loss: 0.05442638322710991
INFO:root:Epoch: 93, Iteration: 188, Loss: 0.07039790600538254
INFO:root:Validation set mIOU: 85.308919803266
INFO:root:Epoch: 94, Iteration: 189, Loss: 0.05523514747619629
INFO:root:Epoch: 94, Iteration: 190, Loss: 0.10108456015586853
INFO:root:Validation set mIOU: 85.03030318639703
INFO:root:Epoch: 95, Iteration: 191, Loss: 0.05719533562660217
INFO:root:Epoch: 95, Iteration: 192, Loss: 0.050709839910268784
INFO:root:Validation set mIOU: 85.19031922840661
INFO:root:Epoch: 96, Iteration: 193, Loss: 0.09007363766431808
INFO:root:Epoch: 96, Iteration: 194, Loss: 0.10811949521303177
INFO:root:Validation set mIOU: 84.67020788274492
INFO:root:Epoch: 97, Iteration: 195, Loss: 0.05200748145580292
INFO:root:Epoch: 97, Iteration: 196, Loss: 0.04520587995648384
INFO:root:Validation set mIOU: 85.06045587611251
INFO:root:Epoch: 98, Iteration: 197, Loss: 0.0539088100194931
INFO:root:Epoch: 98, Iteration: 198, Loss: 0.05184251070022583
INFO:root:Validation set mIOU: 85.04935364165812
INFO:root:Epoch: 99, Iteration: 199, Loss: 0.060786664485931396
INFO:root:Epoch: 99, Iteration: 200, Loss: 0.05677352100610733
INFO:root:Validation set mIOU: 84.96365043770064
INFO:root:Semi-training
INFO:root:Epoch: 0, Iteration: 1, Loss: 1.1531742811203003
INFO:root:Epoch: 0, Iteration: 2, Loss: 1.065817952156067
INFO:root:Epoch: 0, Iteration: 3, Loss: 0.934464693069458
INFO:root:Epoch: 0, Iteration: 4, Loss: 0.7790105938911438
INFO:root:Epoch: 0, Iteration: 5, Loss: 0.6987920999526978
INFO:root:Epoch: 0, Iteration: 6, Loss: 0.5429368019104004
INFO:root:Epoch: 0, Iteration: 7, Loss: 0.5927685499191284
INFO:root:Validation set mIOU: 25.489011873016093
INFO:root:Epoch: 1, Iteration: 8, Loss: 0.3968926966190338
INFO:root:Epoch: 1, Iteration: 9, Loss: 0.37390610575675964
INFO:root:Epoch: 1, Iteration: 10, Loss: 0.3197694420814514
INFO:root:Epoch: 1, Iteration: 11, Loss: 0.3737357556819916
INFO:root:Epoch: 1, Iteration: 12, Loss: 0.34811803698539734
INFO:root:Epoch: 1, Iteration: 13, Loss: 0.27643269300460815
INFO:root:Epoch: 1, Iteration: 14, Loss: 0.341458261013031
INFO:root:Validation set mIOU: 65.822958004827
INFO:root:Epoch: 2, Iteration: 15, Loss: 0.24722382426261902
INFO:root:Epoch: 2, Iteration: 16, Loss: 0.2847243547439575
INFO:root:Epoch: 2, Iteration: 17, Loss: 0.36909234523773193
INFO:root:Epoch: 2, Iteration: 18, Loss: 0.27843227982521057
INFO:root:Epoch: 2, Iteration: 19, Loss: 0.20914624631404877
INFO:root:Epoch: 2, Iteration: 20, Loss: 0.36066320538520813
INFO:root:Epoch: 2, Iteration: 21, Loss: 0.19899199903011322
INFO:root:Validation set mIOU: 64.72856053154925
INFO:root:Epoch: 3, Iteration: 22, Loss: 0.25041961669921875
INFO:root:Epoch: 3, Iteration: 23, Loss: 0.22816883027553558
INFO:root:Epoch: 3, Iteration: 24, Loss: 0.1564057469367981
INFO:root:Epoch: 3, Iteration: 25, Loss: 0.19186531007289886
INFO:root:Epoch: 3, Iteration: 26, Loss: 0.22025448083877563
INFO:root:Epoch: 3, Iteration: 27, Loss: 0.24707092344760895
INFO:root:Epoch: 3, Iteration: 28, Loss: 0.21498651802539825
INFO:root:Validation set mIOU: 77.34806264401577
INFO:root:Epoch: 4, Iteration: 29, Loss: 0.18827006220817566
INFO:root:Epoch: 4, Iteration: 30, Loss: 0.15658403933048248
INFO:root:Epoch: 4, Iteration: 31, Loss: 0.17631849646568298
INFO:root:Epoch: 4, Iteration: 32, Loss: 0.18269266188144684
INFO:root:Epoch: 4, Iteration: 33, Loss: 0.2392665296792984
INFO:root:Epoch: 4, Iteration: 34, Loss: 0.22190745174884796
INFO:root:Epoch: 4, Iteration: 35, Loss: 0.17949990928173065
INFO:root:Validation set mIOU: 79.26379482396885
INFO:root:Epoch: 5, Iteration: 36, Loss: 0.1879541277885437
INFO:root:Epoch: 5, Iteration: 37, Loss: 0.20299912989139557
INFO:root:Epoch: 5, Iteration: 38, Loss: 0.1937265843153
INFO:root:Epoch: 5, Iteration: 39, Loss: 0.2085268795490265
INFO:root:Epoch: 5, Iteration: 40, Loss: 0.16719424724578857
INFO:root:Epoch: 5, Iteration: 41, Loss: 0.24123655259609222
INFO:root:Epoch: 5, Iteration: 42, Loss: 0.25809481739997864
INFO:root:Validation set mIOU: 77.56287754179482
INFO:root:Epoch: 6, Iteration: 43, Loss: 0.1618279069662094
INFO:root:Epoch: 6, Iteration: 44, Loss: 0.1560867428779602
INFO:root:Epoch: 6, Iteration: 45, Loss: 0.1351318657398224
INFO:root:Epoch: 6, Iteration: 46, Loss: 0.13281294703483582
INFO:root:Epoch: 6, Iteration: 47, Loss: 0.11901097744703293
INFO:root:Epoch: 6, Iteration: 48, Loss: 0.21027489006519318
INFO:root:Epoch: 6, Iteration: 49, Loss: 0.2157534956932068
INFO:root:Validation set mIOU: 80.5381698320501
INFO:root:Epoch: 7, Iteration: 50, Loss: 0.1719541996717453
INFO:root:Epoch: 7, Iteration: 51, Loss: 0.2739177942276001
INFO:root:Epoch: 7, Iteration: 52, Loss: 0.12774798274040222
INFO:root:Epoch: 7, Iteration: 53, Loss: 0.28388628363609314
INFO:root:Epoch: 7, Iteration: 54, Loss: 0.17777957022190094
INFO:root:Epoch: 7, Iteration: 55, Loss: 0.14393450319766998
INFO:root:Epoch: 7, Iteration: 56, Loss: 0.14750398695468903
INFO:root:Validation set mIOU: 80.69882363788766
INFO:root:Epoch: 8, Iteration: 57, Loss: 0.15537182986736298
INFO:root:Epoch: 8, Iteration: 58, Loss: 0.1530960500240326
INFO:root:Epoch: 8, Iteration: 59, Loss: 0.1494847983121872
INFO:root:Epoch: 8, Iteration: 60, Loss: 0.153122678399086
INFO:root:Epoch: 8, Iteration: 61, Loss: 0.16271144151687622
INFO:root:Epoch: 8, Iteration: 62, Loss: 0.15180212259292603
INFO:root:Epoch: 8, Iteration: 63, Loss: 0.10131709277629852
INFO:root:Validation set mIOU: 77.76748430959213
INFO:root:Epoch: 9, Iteration: 64, Loss: 0.15904441475868225
INFO:root:Epoch: 9, Iteration: 65, Loss: 0.1555355340242386
INFO:root:Epoch: 9, Iteration: 66, Loss: 0.19886191189289093
INFO:root:Epoch: 9, Iteration: 67, Loss: 0.11954831331968307
INFO:root:Epoch: 9, Iteration: 68, Loss: 0.13387149572372437
INFO:root:Epoch: 9, Iteration: 69, Loss: 0.13915109634399414
INFO:root:Epoch: 9, Iteration: 70, Loss: 0.13214987516403198
INFO:root:Validation set mIOU: 80.99568946480251
INFO:root:Epoch: 10, Iteration: 71, Loss: 0.19682414829730988
INFO:root:Epoch: 10, Iteration: 72, Loss: 0.15326468646526337
INFO:root:Epoch: 10, Iteration: 73, Loss: 0.11778903752565384
INFO:root:Epoch: 10, Iteration: 74, Loss: 0.1599591225385666
INFO:root:Epoch: 10, Iteration: 75, Loss: 0.14662064611911774
INFO:root:Epoch: 10, Iteration: 76, Loss: 0.147933691740036
INFO:root:Epoch: 10, Iteration: 77, Loss: 0.1481902301311493
INFO:root:Validation set mIOU: 82.86622608619413
INFO:root:Epoch: 11, Iteration: 78, Loss: 0.1522737592458725
INFO:root:Epoch: 11, Iteration: 79, Loss: 0.12333782017230988
INFO:root:Epoch: 11, Iteration: 80, Loss: 0.11086064577102661
INFO:root:Epoch: 11, Iteration: 81, Loss: 0.10826043039560318
INFO:root:Epoch: 11, Iteration: 82, Loss: 0.12566903233528137
INFO:root:Epoch: 11, Iteration: 83, Loss: 0.13436086475849152
INFO:root:Epoch: 11, Iteration: 84, Loss: 0.122002013027668
INFO:root:Validation set mIOU: 84.04710043558012
INFO:root:Epoch: 12, Iteration: 85, Loss: 0.20057141780853271
INFO:root:Epoch: 12, Iteration: 86, Loss: 0.13600121438503265
INFO:root:Epoch: 12, Iteration: 87, Loss: 0.10082041472196579
INFO:root:Epoch: 12, Iteration: 88, Loss: 0.12531538307666779
INFO:root:Epoch: 12, Iteration: 89, Loss: 0.14848385751247406
INFO:root:Epoch: 12, Iteration: 90, Loss: 0.10752131044864655
INFO:root:Epoch: 12, Iteration: 91, Loss: 0.11605598777532578
INFO:root:Validation set mIOU: 83.57782225228219
INFO:root:Epoch: 13, Iteration: 92, Loss: 0.17559431493282318
INFO:root:Epoch: 13, Iteration: 93, Loss: 0.1331627070903778
INFO:root:Epoch: 13, Iteration: 94, Loss: 0.13694268465042114
INFO:root:Epoch: 13, Iteration: 95, Loss: 0.13738425076007843
INFO:root:Epoch: 13, Iteration: 96, Loss: 0.13874079287052155
INFO:root:Epoch: 13, Iteration: 97, Loss: 0.09976353496313095
INFO:root:Epoch: 13, Iteration: 98, Loss: 0.14533618092536926
INFO:root:Validation set mIOU: 83.07429994196434
INFO:root:Epoch: 14, Iteration: 99, Loss: 0.16038066148757935
INFO:root:Epoch: 14, Iteration: 100, Loss: 0.1412762552499771
INFO:root:Epoch: 14, Iteration: 101, Loss: 0.0953633114695549
INFO:root:Epoch: 14, Iteration: 102, Loss: 0.11005838215351105
INFO:root:Epoch: 14, Iteration: 103, Loss: 0.10897154361009598
INFO:root:Epoch: 14, Iteration: 104, Loss: 0.1067795604467392
INFO:root:Epoch: 14, Iteration: 105, Loss: 0.099751777946949
INFO:root:Validation set mIOU: 82.44925398430375
INFO:root:Epoch: 15, Iteration: 106, Loss: 0.13926120102405548
INFO:root:Epoch: 15, Iteration: 107, Loss: 0.14160509407520294
INFO:root:Epoch: 15, Iteration: 108, Loss: 0.13460026681423187
INFO:root:Epoch: 15, Iteration: 109, Loss: 0.14314112067222595
INFO:root:Epoch: 15, Iteration: 110, Loss: 0.11542119085788727
INFO:root:Epoch: 15, Iteration: 111, Loss: 0.12045211344957352
INFO:root:Epoch: 15, Iteration: 112, Loss: 0.10030253231525421
INFO:root:Validation set mIOU: 84.78341772803034
INFO:root:Epoch: 16, Iteration: 113, Loss: 0.11804918199777603
INFO:root:Epoch: 16, Iteration: 114, Loss: 0.08759358525276184
INFO:root:Epoch: 16, Iteration: 115, Loss: 0.12187536060810089
INFO:root:Epoch: 16, Iteration: 116, Loss: 0.14993739128112793
INFO:root:Epoch: 16, Iteration: 117, Loss: 0.1323866993188858
INFO:root:Epoch: 16, Iteration: 118, Loss: 0.12416304647922516
INFO:root:Epoch: 16, Iteration: 119, Loss: 0.10208971798419952
INFO:root:Validation set mIOU: 84.85257064085462
INFO:root:Epoch: 17, Iteration: 120, Loss: 0.11748480051755905
INFO:root:Epoch: 17, Iteration: 121, Loss: 0.10512080788612366
INFO:root:Epoch: 17, Iteration: 122, Loss: 0.13045522570610046
INFO:root:Epoch: 17, Iteration: 123, Loss: 0.15215831995010376
INFO:root:Epoch: 17, Iteration: 124, Loss: 0.10657240450382233
INFO:root:Epoch: 17, Iteration: 125, Loss: 0.08350305259227753
INFO:root:Epoch: 17, Iteration: 126, Loss: 0.14425522089004517
INFO:root:Validation set mIOU: 84.64029651478062
INFO:root:Epoch: 18, Iteration: 127, Loss: 0.13318520784378052
INFO:root:Epoch: 18, Iteration: 128, Loss: 0.1056341677904129
INFO:root:Epoch: 18, Iteration: 129, Loss: 0.13311141729354858
INFO:root:Epoch: 18, Iteration: 130, Loss: 0.09859941899776459
INFO:root:Epoch: 18, Iteration: 131, Loss: 0.11181308329105377
INFO:root:Epoch: 18, Iteration: 132, Loss: 0.11642234027385712
INFO:root:Epoch: 18, Iteration: 133, Loss: 0.09669067710638046
INFO:root:Validation set mIOU: 84.41290401144357
INFO:root:Epoch: 19, Iteration: 134, Loss: 0.1432092785835266
INFO:root:Epoch: 19, Iteration: 135, Loss: 0.09157434850931168
INFO:root:Epoch: 19, Iteration: 136, Loss: 0.11636479198932648
INFO:root:Epoch: 19, Iteration: 137, Loss: 0.1202717125415802
INFO:root:Epoch: 19, Iteration: 138, Loss: 0.12953628599643707
INFO:root:Epoch: 19, Iteration: 139, Loss: 0.12133896350860596
INFO:root:Epoch: 19, Iteration: 140, Loss: 0.1128278598189354
INFO:root:Validation set mIOU: 84.62042016522201
INFO:root:Epoch: 20, Iteration: 141, Loss: 0.09594486653804779
INFO:root:Epoch: 20, Iteration: 142, Loss: 0.0982886254787445
INFO:root:Epoch: 20, Iteration: 143, Loss: 0.1094435304403305
INFO:root:Epoch: 20, Iteration: 144, Loss: 0.10023517906665802
INFO:root:Epoch: 20, Iteration: 145, Loss: 0.11455608904361725
INFO:root:Epoch: 20, Iteration: 146, Loss: 0.17097724974155426
INFO:root:Epoch: 20, Iteration: 147, Loss: 0.10682258754968643
INFO:root:Validation set mIOU: 83.82903018725688
INFO:root:Epoch: 21, Iteration: 148, Loss: 0.0764991044998169
INFO:root:Epoch: 21, Iteration: 149, Loss: 0.12200291454792023
INFO:root:Epoch: 21, Iteration: 150, Loss: 0.1213405504822731
INFO:root:Epoch: 21, Iteration: 151, Loss: 0.09593760222196579
INFO:root:Epoch: 21, Iteration: 152, Loss: 0.12020687758922577
INFO:root:Epoch: 21, Iteration: 153, Loss: 0.09062551707029343
INFO:root:Epoch: 21, Iteration: 154, Loss: 0.242005854845047
INFO:root:Validation set mIOU: 84.94867946674219
INFO:root:Epoch: 22, Iteration: 155, Loss: 0.1229255348443985
INFO:root:Epoch: 22, Iteration: 156, Loss: 0.17765875160694122
INFO:root:Epoch: 22, Iteration: 157, Loss: 0.10041005909442902
INFO:root:Epoch: 22, Iteration: 158, Loss: 0.1231321319937706
INFO:root:Epoch: 22, Iteration: 159, Loss: 0.12125726789236069
INFO:root:Epoch: 22, Iteration: 160, Loss: 0.12431575357913971
INFO:root:Epoch: 22, Iteration: 161, Loss: 0.0944664403796196
INFO:root:Validation set mIOU: 84.39955557296356
INFO:root:Epoch: 23, Iteration: 162, Loss: 0.09145700931549072
INFO:root:Epoch: 23, Iteration: 163, Loss: 0.09148851037025452
INFO:root:Epoch: 23, Iteration: 164, Loss: 0.11222688853740692
INFO:root:Epoch: 23, Iteration: 165, Loss: 0.10903657972812653
INFO:root:Epoch: 23, Iteration: 166, Loss: 0.1175931990146637
INFO:root:Epoch: 23, Iteration: 167, Loss: 0.1212226003408432
INFO:root:Epoch: 23, Iteration: 168, Loss: 0.09640537947416306
INFO:root:Validation set mIOU: 82.81775005829616
INFO:root:Epoch: 24, Iteration: 169, Loss: 0.11589517444372177
INFO:root:Epoch: 24, Iteration: 170, Loss: 0.10548011213541031
INFO:root:Epoch: 24, Iteration: 171, Loss: 0.12482316792011261
INFO:root:Epoch: 24, Iteration: 172, Loss: 0.09570591896772385
INFO:root:Epoch: 24, Iteration: 173, Loss: 0.09083515405654907
INFO:root:Epoch: 24, Iteration: 174, Loss: 0.09382376819849014
INFO:root:Epoch: 24, Iteration: 175, Loss: 0.12350188940763474
INFO:root:Validation set mIOU: 83.1500167568861
INFO:root:Epoch: 25, Iteration: 176, Loss: 0.0898154079914093
INFO:root:Epoch: 25, Iteration: 177, Loss: 0.12818144261837006
INFO:root:Epoch: 25, Iteration: 178, Loss: 0.10238964110612869
INFO:root:Epoch: 25, Iteration: 179, Loss: 0.11588803678750992
INFO:root:Epoch: 25, Iteration: 180, Loss: 0.09522674977779388
INFO:root:Epoch: 25, Iteration: 181, Loss: 0.12656976282596588
INFO:root:Epoch: 25, Iteration: 182, Loss: 0.08375275880098343
INFO:root:Validation set mIOU: 84.81638141367685
INFO:root:Epoch: 26, Iteration: 183, Loss: 0.08811281621456146
INFO:root:Epoch: 26, Iteration: 184, Loss: 0.09838446974754333
INFO:root:Epoch: 26, Iteration: 185, Loss: 0.08725935220718384
INFO:root:Epoch: 26, Iteration: 186, Loss: 0.08035128563642502
INFO:root:Epoch: 26, Iteration: 187, Loss: 0.16797290742397308
INFO:root:Epoch: 26, Iteration: 188, Loss: 0.1145947203040123
INFO:root:Epoch: 26, Iteration: 189, Loss: 0.10958623886108398
INFO:root:Validation set mIOU: 84.3126337039236
INFO:root:Epoch: 27, Iteration: 190, Loss: 0.14645801484584808
INFO:root:Epoch: 27, Iteration: 191, Loss: 0.13420259952545166
INFO:root:Epoch: 27, Iteration: 192, Loss: 0.09202608466148376
INFO:root:Epoch: 27, Iteration: 193, Loss: 0.12135643512010574
INFO:root:Epoch: 27, Iteration: 194, Loss: 0.13685598969459534
INFO:root:Epoch: 27, Iteration: 195, Loss: 0.12379065155982971
INFO:root:Epoch: 27, Iteration: 196, Loss: 0.09571358561515808
INFO:root:Validation set mIOU: 83.48621317652308
INFO:root:Epoch: 28, Iteration: 197, Loss: 0.12157414108514786
INFO:root:Epoch: 28, Iteration: 198, Loss: 0.1317911297082901
INFO:root:Epoch: 28, Iteration: 199, Loss: 0.09286623448133469
INFO:root:Epoch: 28, Iteration: 200, Loss: 0.08404769748449326
INFO:root:Epoch: 28, Iteration: 201, Loss: 0.07409211993217468
INFO:root:Epoch: 28, Iteration: 202, Loss: 0.07886669039726257
INFO:root:Epoch: 28, Iteration: 203, Loss: 0.09383644163608551
INFO:root:Validation set mIOU: 84.56800695660954
INFO:root:Epoch: 29, Iteration: 204, Loss: 0.07576240599155426
INFO:root:Epoch: 29, Iteration: 205, Loss: 0.09297820180654526
INFO:root:Epoch: 29, Iteration: 206, Loss: 0.11677969247102737
INFO:root:Epoch: 29, Iteration: 207, Loss: 0.08940127491950989
INFO:root:Epoch: 29, Iteration: 208, Loss: 0.13594627380371094
INFO:root:Epoch: 29, Iteration: 209, Loss: 0.10379772633314133
INFO:root:Epoch: 29, Iteration: 210, Loss: 0.1075643002986908
INFO:root:Validation set mIOU: 84.61818833916213
INFO:root:Epoch: 30, Iteration: 211, Loss: 0.13018032908439636
INFO:root:Epoch: 30, Iteration: 212, Loss: 0.07466807961463928
INFO:root:Epoch: 30, Iteration: 213, Loss: 0.11480796337127686
INFO:root:Epoch: 30, Iteration: 214, Loss: 0.1363408863544464
INFO:root:Epoch: 30, Iteration: 215, Loss: 0.07167654484510422
INFO:root:Epoch: 30, Iteration: 216, Loss: 0.1169714704155922
INFO:root:Epoch: 30, Iteration: 217, Loss: 0.13646097481250763
INFO:root:Validation set mIOU: 85.79396189186322
INFO:root:Epoch: 31, Iteration: 218, Loss: 0.11037012189626694
INFO:root:Epoch: 31, Iteration: 219, Loss: 0.09112145751714706
INFO:root:Epoch: 31, Iteration: 220, Loss: 0.07236551493406296
INFO:root:Epoch: 31, Iteration: 221, Loss: 0.11055123060941696
INFO:root:Epoch: 31, Iteration: 222, Loss: 0.08005419373512268
INFO:root:Epoch: 31, Iteration: 223, Loss: 0.10669723898172379
INFO:root:Epoch: 31, Iteration: 224, Loss: 0.07363588362932205
INFO:root:Validation set mIOU: 85.63850540102855
INFO:root:Epoch: 32, Iteration: 225, Loss: 0.0749402791261673
INFO:root:Epoch: 32, Iteration: 226, Loss: 0.09225035458803177
INFO:root:Epoch: 32, Iteration: 227, Loss: 0.1051366999745369
INFO:root:Epoch: 32, Iteration: 228, Loss: 0.09662660211324692
INFO:root:Epoch: 32, Iteration: 229, Loss: 0.09225942194461823
INFO:root:Epoch: 32, Iteration: 230, Loss: 0.07775714993476868
INFO:root:Epoch: 32, Iteration: 231, Loss: 0.09587965160608292
INFO:root:Validation set mIOU: 85.50937943127155
INFO:root:Epoch: 33, Iteration: 232, Loss: 0.08536628633737564
INFO:root:Epoch: 33, Iteration: 233, Loss: 0.11480187624692917
INFO:root:Epoch: 33, Iteration: 234, Loss: 0.07344070076942444
INFO:root:Epoch: 33, Iteration: 235, Loss: 0.10901613533496857
INFO:root:Epoch: 33, Iteration: 236, Loss: 0.0770171508193016
INFO:root:Epoch: 33, Iteration: 237, Loss: 0.10197363793849945
INFO:root:Epoch: 33, Iteration: 238, Loss: 0.0862598791718483
INFO:root:Validation set mIOU: 85.57481117962455
INFO:root:Epoch: 34, Iteration: 239, Loss: 0.08930163085460663
INFO:root:Epoch: 34, Iteration: 240, Loss: 0.13535328209400177
INFO:root:Epoch: 34, Iteration: 241, Loss: 0.07722943276166916
INFO:root:Epoch: 34, Iteration: 242, Loss: 0.1348588913679123
INFO:root:Epoch: 34, Iteration: 243, Loss: 0.20308567583560944
INFO:root:Epoch: 34, Iteration: 244, Loss: 0.11846510320901871
INFO:root:Epoch: 34, Iteration: 245, Loss: 0.06785841286182404
INFO:root:Validation set mIOU: 85.34252021613534
INFO:root:Epoch: 35, Iteration: 246, Loss: 0.08805699646472931
INFO:root:Epoch: 35, Iteration: 247, Loss: 0.077458955347538
INFO:root:Epoch: 35, Iteration: 248, Loss: 0.110491544008255
INFO:root:Epoch: 35, Iteration: 249, Loss: 0.0807146206498146
INFO:root:Epoch: 35, Iteration: 250, Loss: 0.090947724878788
INFO:root:Epoch: 35, Iteration: 251, Loss: 0.10938898473978043
INFO:root:Epoch: 35, Iteration: 252, Loss: 0.09085167199373245
INFO:root:Validation set mIOU: 85.02804796964774
INFO:root:Epoch: 36, Iteration: 253, Loss: 0.11364246904850006
INFO:root:Epoch: 36, Iteration: 254, Loss: 0.10105887055397034
INFO:root:Epoch: 36, Iteration: 255, Loss: 0.11386029422283173
INFO:root:Epoch: 36, Iteration: 256, Loss: 0.08347559720277786
INFO:root:Epoch: 36, Iteration: 257, Loss: 0.11317433416843414
INFO:root:Epoch: 36, Iteration: 258, Loss: 0.06590906530618668
INFO:root:Epoch: 36, Iteration: 259, Loss: 0.11450465768575668
INFO:root:Validation set mIOU: 85.32783325053656
INFO:root:Epoch: 37, Iteration: 260, Loss: 0.10328276455402374
INFO:root:Epoch: 37, Iteration: 261, Loss: 0.10350967198610306
INFO:root:Epoch: 37, Iteration: 262, Loss: 0.1137363463640213
INFO:root:Epoch: 37, Iteration: 263, Loss: 0.09930223971605301
INFO:root:Epoch: 37, Iteration: 264, Loss: 0.09895578771829605
INFO:root:Epoch: 37, Iteration: 265, Loss: 0.0704343244433403
INFO:root:Epoch: 37, Iteration: 266, Loss: 0.08117783069610596
INFO:root:Validation set mIOU: 84.29060306600812
INFO:root:Epoch: 38, Iteration: 267, Loss: 0.08897023648023605
INFO:root:Epoch: 38, Iteration: 268, Loss: 0.0973489060997963
INFO:root:Epoch: 38, Iteration: 269, Loss: 0.0841510221362114
INFO:root:Epoch: 38, Iteration: 270, Loss: 0.07378879934549332
INFO:root:Epoch: 38, Iteration: 271, Loss: 0.09085176885128021
INFO:root:Epoch: 38, Iteration: 272, Loss: 0.0840587466955185
INFO:root:Epoch: 38, Iteration: 273, Loss: 0.09735353291034698
INFO:root:Validation set mIOU: 84.91746013151923
INFO:root:Epoch: 39, Iteration: 274, Loss: 0.10792370140552521
INFO:root:Epoch: 39, Iteration: 275, Loss: 0.13401111960411072
INFO:root:Epoch: 39, Iteration: 276, Loss: 0.10114016383886337
INFO:root:Epoch: 39, Iteration: 277, Loss: 0.09482314437627792
INFO:root:Epoch: 39, Iteration: 278, Loss: 0.12892089784145355
INFO:root:Epoch: 39, Iteration: 279, Loss: 0.10433412343263626
INFO:root:Epoch: 39, Iteration: 280, Loss: 0.08966363221406937
INFO:root:Validation set mIOU: 85.65894047010659
INFO:root:Epoch: 40, Iteration: 281, Loss: 0.09586390852928162
INFO:root:Epoch: 40, Iteration: 282, Loss: 0.08604934811592102
INFO:root:Epoch: 40, Iteration: 283, Loss: 0.06573938578367233
INFO:root:Epoch: 40, Iteration: 284, Loss: 0.07670009881258011
INFO:root:Epoch: 40, Iteration: 285, Loss: 0.10013538599014282
INFO:root:Epoch: 40, Iteration: 286, Loss: 0.10312516987323761
INFO:root:Epoch: 40, Iteration: 287, Loss: 0.0692424550652504
INFO:root:Validation set mIOU: 85.60309967928808
INFO:root:Epoch: 41, Iteration: 288, Loss: 0.08250357210636139
INFO:root:Epoch: 41, Iteration: 289, Loss: 0.078154556453228
INFO:root:Epoch: 41, Iteration: 290, Loss: 0.09401832520961761
INFO:root:Epoch: 41, Iteration: 291, Loss: 0.06693827360868454
INFO:root:Epoch: 41, Iteration: 292, Loss: 0.07934392243623734
INFO:root:Epoch: 41, Iteration: 293, Loss: 0.07042733579874039
INFO:root:Epoch: 41, Iteration: 294, Loss: 0.10204283893108368
INFO:root:Validation set mIOU: 85.59633858611616
INFO:root:Epoch: 42, Iteration: 295, Loss: 0.10435149818658829
INFO:root:Epoch: 42, Iteration: 296, Loss: 0.10015565901994705
INFO:root:Epoch: 42, Iteration: 297, Loss: 0.06914632022380829
INFO:root:Epoch: 42, Iteration: 298, Loss: 0.06423556059598923
INFO:root:Epoch: 42, Iteration: 299, Loss: 0.15186166763305664
INFO:root:Epoch: 42, Iteration: 300, Loss: 0.09994737803936005
INFO:root:Epoch: 42, Iteration: 301, Loss: 0.0890556275844574
INFO:root:Validation set mIOU: 85.46477900487601
INFO:root:Epoch: 43, Iteration: 302, Loss: 0.10843221843242645
INFO:root:Epoch: 43, Iteration: 303, Loss: 0.09325522929430008
INFO:root:Epoch: 43, Iteration: 304, Loss: 0.07443364709615707
INFO:root:Epoch: 43, Iteration: 305, Loss: 0.08743509650230408
INFO:root:Epoch: 43, Iteration: 306, Loss: 0.09948213398456573
INFO:root:Epoch: 43, Iteration: 307, Loss: 0.09298361092805862
INFO:root:Epoch: 43, Iteration: 308, Loss: 0.09183600544929504
INFO:root:Validation set mIOU: 84.87412386980519
INFO:root:Epoch: 44, Iteration: 309, Loss: 0.1028134897351265
INFO:root:Epoch: 44, Iteration: 310, Loss: 0.10940983146429062
INFO:root:Epoch: 44, Iteration: 311, Loss: 0.07241995632648468
INFO:root:Epoch: 44, Iteration: 312, Loss: 0.0888998806476593
INFO:root:Epoch: 44, Iteration: 313, Loss: 0.08691804111003876
INFO:root:Epoch: 44, Iteration: 314, Loss: 0.06132841110229492
INFO:root:Epoch: 44, Iteration: 315, Loss: 0.12169770151376724
INFO:root:Validation set mIOU: 84.16426420824331
INFO:root:Epoch: 45, Iteration: 316, Loss: 0.07939662784337997
INFO:root:Epoch: 45, Iteration: 317, Loss: 0.0875348299741745
INFO:root:Epoch: 45, Iteration: 318, Loss: 0.09438871592283249
INFO:root:Epoch: 45, Iteration: 319, Loss: 0.11930163949728012
INFO:root:Epoch: 45, Iteration: 320, Loss: 0.08608348667621613
INFO:root:Epoch: 45, Iteration: 321, Loss: 0.09342537820339203
INFO:root:Epoch: 45, Iteration: 322, Loss: 0.09075771272182465
INFO:root:Validation set mIOU: 84.14475427805739
INFO:root:Epoch: 46, Iteration: 323, Loss: 0.06568524241447449
INFO:root:Epoch: 46, Iteration: 324, Loss: 0.11073516309261322
INFO:root:Epoch: 46, Iteration: 325, Loss: 0.09834656864404678
INFO:root:Epoch: 46, Iteration: 326, Loss: 0.08908643573522568
INFO:root:Epoch: 46, Iteration: 327, Loss: 0.0607842281460762
INFO:root:Epoch: 46, Iteration: 328, Loss: 0.07887816429138184
INFO:root:Epoch: 46, Iteration: 329, Loss: 0.08875992149114609
INFO:root:Validation set mIOU: 84.3228610239364
INFO:root:Epoch: 47, Iteration: 330, Loss: 0.07406800240278244
INFO:root:Epoch: 47, Iteration: 331, Loss: 0.07315439730882645
INFO:root:Epoch: 47, Iteration: 332, Loss: 0.08154237270355225
INFO:root:Epoch: 47, Iteration: 333, Loss: 0.07396847754716873
INFO:root:Epoch: 47, Iteration: 334, Loss: 0.11927083134651184
INFO:root:Epoch: 47, Iteration: 335, Loss: 0.07176871597766876
INFO:root:Epoch: 47, Iteration: 336, Loss: 0.09788382053375244
INFO:root:Validation set mIOU: 84.51176980402116
INFO:root:Epoch: 48, Iteration: 337, Loss: 0.08447109907865524
INFO:root:Epoch: 48, Iteration: 338, Loss: 0.07097397744655609
INFO:root:Epoch: 48, Iteration: 339, Loss: 0.07265280932188034
INFO:root:Epoch: 48, Iteration: 340, Loss: 0.08263763785362244
INFO:root:Epoch: 48, Iteration: 341, Loss: 0.056943584233522415
INFO:root:Epoch: 48, Iteration: 342, Loss: 0.09884446859359741
INFO:root:Epoch: 48, Iteration: 343, Loss: 0.14148880541324615
INFO:root:Validation set mIOU: 84.98082056768838
INFO:root:Epoch: 49, Iteration: 344, Loss: 0.09742545336484909
INFO:root:Epoch: 49, Iteration: 345, Loss: 0.12046000361442566
INFO:root:Epoch: 49, Iteration: 346, Loss: 0.07913317531347275
INFO:root:Epoch: 49, Iteration: 347, Loss: 0.0845150575041771
INFO:root:Epoch: 49, Iteration: 348, Loss: 0.07388141006231308
INFO:root:Epoch: 49, Iteration: 349, Loss: 0.09301542490720749
INFO:root:Epoch: 49, Iteration: 350, Loss: 0.07840170711278915
INFO:root:Validation set mIOU: 85.11180378331406
INFO:root:Epoch: 50, Iteration: 351, Loss: 0.12198048830032349
INFO:root:Epoch: 50, Iteration: 352, Loss: 0.07698452472686768
INFO:root:Epoch: 50, Iteration: 353, Loss: 0.08184900879859924
INFO:root:Epoch: 50, Iteration: 354, Loss: 0.061729125678539276
INFO:root:Epoch: 50, Iteration: 355, Loss: 0.10538387298583984
INFO:root:Epoch: 50, Iteration: 356, Loss: 0.09431236982345581
INFO:root:Epoch: 50, Iteration: 357, Loss: 0.06954065710306168
INFO:root:Validation set mIOU: 85.26785360949341
INFO:root:Epoch: 51, Iteration: 358, Loss: 0.15937292575836182
INFO:root:Epoch: 51, Iteration: 359, Loss: 0.08666253834962845
INFO:root:Epoch: 51, Iteration: 360, Loss: 0.058787863701581955
INFO:root:Epoch: 51, Iteration: 361, Loss: 0.09652374684810638
INFO:root:Epoch: 51, Iteration: 362, Loss: 0.0772084891796112
INFO:root:Epoch: 51, Iteration: 363, Loss: 0.16195042431354523
INFO:root:Epoch: 51, Iteration: 364, Loss: 0.06372448801994324
INFO:root:Validation set mIOU: 84.6691899188258
INFO:root:Epoch: 52, Iteration: 365, Loss: 0.1238730400800705
INFO:root:Epoch: 52, Iteration: 366, Loss: 0.11118361353874207
INFO:root:Epoch: 52, Iteration: 367, Loss: 0.07264187932014465
INFO:root:Epoch: 52, Iteration: 368, Loss: 0.08038394153118134
INFO:root:Epoch: 52, Iteration: 369, Loss: 0.07423844188451767
INFO:root:Epoch: 52, Iteration: 370, Loss: 0.09567958861589432
INFO:root:Epoch: 52, Iteration: 371, Loss: 0.0824703574180603
INFO:root:Validation set mIOU: 84.87908331203421
INFO:root:Epoch: 53, Iteration: 372, Loss: 0.09993045032024384
INFO:root:Epoch: 53, Iteration: 373, Loss: 0.0822407677769661
INFO:root:Epoch: 53, Iteration: 374, Loss: 0.11187195777893066
INFO:root:Epoch: 53, Iteration: 375, Loss: 0.07671993225812912
INFO:root:Epoch: 53, Iteration: 376, Loss: 0.07694584131240845
INFO:root:Epoch: 53, Iteration: 377, Loss: 0.08454015851020813
INFO:root:Epoch: 53, Iteration: 378, Loss: 0.08842997252941132
INFO:root:Validation set mIOU: 85.64305238998546
INFO:root:Epoch: 54, Iteration: 379, Loss: 0.06711587309837341
INFO:root:Epoch: 54, Iteration: 380, Loss: 0.10375404357910156
INFO:root:Epoch: 54, Iteration: 381, Loss: 0.10306625068187714
INFO:root:Epoch: 54, Iteration: 382, Loss: 0.09214669466018677
INFO:root:Epoch: 54, Iteration: 383, Loss: 0.0729435384273529
INFO:root:Epoch: 54, Iteration: 384, Loss: 0.07445909827947617
INFO:root:Epoch: 54, Iteration: 385, Loss: 0.07174357026815414
INFO:root:Validation set mIOU: 85.86765778090185
INFO:root:Epoch: 55, Iteration: 386, Loss: 0.06353413313627243
INFO:root:Epoch: 55, Iteration: 387, Loss: 0.07956452667713165
INFO:root:Epoch: 55, Iteration: 388, Loss: 0.11273887008428574
INFO:root:Epoch: 55, Iteration: 389, Loss: 0.07363763451576233
INFO:root:Epoch: 55, Iteration: 390, Loss: 0.10897284746170044
INFO:root:Epoch: 55, Iteration: 391, Loss: 0.09702198207378387
INFO:root:Epoch: 55, Iteration: 392, Loss: 0.08291549235582352
INFO:root:Validation set mIOU: 85.91195354664171
INFO:root:Epoch: 56, Iteration: 393, Loss: 0.09872126579284668
INFO:root:Epoch: 56, Iteration: 394, Loss: 0.08789341151714325
INFO:root:Epoch: 56, Iteration: 395, Loss: 0.09021419286727905
INFO:root:Epoch: 56, Iteration: 396, Loss: 0.09007348865270615
INFO:root:Epoch: 56, Iteration: 397, Loss: 0.086278036236763
INFO:root:Epoch: 56, Iteration: 398, Loss: 0.10288257896900177
INFO:root:Epoch: 56, Iteration: 399, Loss: 0.07826438546180725
INFO:root:Validation set mIOU: 86.31273582658889
INFO:root:Epoch: 57, Iteration: 400, Loss: 0.10513829439878464
INFO:root:Epoch: 57, Iteration: 401, Loss: 0.10872747749090195
INFO:root:Epoch: 57, Iteration: 402, Loss: 0.06914844363927841
INFO:root:Epoch: 57, Iteration: 403, Loss: 0.13040684163570404
INFO:root:Epoch: 57, Iteration: 404, Loss: 0.07804056257009506
INFO:root:Epoch: 57, Iteration: 405, Loss: 0.08955110609531403
INFO:root:Epoch: 57, Iteration: 406, Loss: 0.09681669622659683
INFO:root:Validation set mIOU: 85.37036246244809
INFO:root:Epoch: 58, Iteration: 407, Loss: 0.09949122369289398
INFO:root:Epoch: 58, Iteration: 408, Loss: 0.08297253400087357
INFO:root:Epoch: 58, Iteration: 409, Loss: 0.07283464819192886
INFO:root:Epoch: 58, Iteration: 410, Loss: 0.11223407089710236
INFO:root:Epoch: 58, Iteration: 411, Loss: 0.0687788724899292
INFO:root:Epoch: 58, Iteration: 412, Loss: 0.05883673578500748
INFO:root:Epoch: 58, Iteration: 413, Loss: 0.10363266617059708
INFO:root:Validation set mIOU: 85.18097745642496
INFO:root:Epoch: 59, Iteration: 414, Loss: 0.10033596307039261
INFO:root:Epoch: 59, Iteration: 415, Loss: 0.0858345627784729
INFO:root:Epoch: 59, Iteration: 416, Loss: 0.07882802188396454
INFO:root:Epoch: 59, Iteration: 417, Loss: 0.13235197961330414
INFO:root:Epoch: 59, Iteration: 418, Loss: 0.1274794191122055
INFO:root:Epoch: 59, Iteration: 419, Loss: 0.09913457185029984
INFO:root:Epoch: 59, Iteration: 420, Loss: 0.09691095352172852
INFO:root:Validation set mIOU: 84.86829559857591
INFO:root:Epoch: 60, Iteration: 421, Loss: 0.09544400870800018
INFO:root:Epoch: 60, Iteration: 422, Loss: 0.07862939685583115
INFO:root:Epoch: 60, Iteration: 423, Loss: 0.06789415329694748
INFO:root:Epoch: 60, Iteration: 424, Loss: 0.11777368932962418
INFO:root:Epoch: 60, Iteration: 425, Loss: 0.08261412382125854
INFO:root:Epoch: 60, Iteration: 426, Loss: 0.08717354387044907
INFO:root:Epoch: 60, Iteration: 427, Loss: 0.08045446872711182
INFO:root:Validation set mIOU: 85.88202625007226
INFO:root:Epoch: 61, Iteration: 428, Loss: 0.10206068307161331
INFO:root:Epoch: 61, Iteration: 429, Loss: 0.0803668349981308
INFO:root:Epoch: 61, Iteration: 430, Loss: 0.08559221774339676
INFO:root:Epoch: 61, Iteration: 431, Loss: 0.08884153515100479
INFO:root:Epoch: 61, Iteration: 432, Loss: 0.06694507598876953
INFO:root:Epoch: 61, Iteration: 433, Loss: 0.08365319669246674
INFO:root:Epoch: 61, Iteration: 434, Loss: 0.07918748259544373
INFO:root:Validation set mIOU: 86.04366556989777
INFO:root:Epoch: 62, Iteration: 435, Loss: 0.06979477405548096
INFO:root:Epoch: 62, Iteration: 436, Loss: 0.07192501425743103
INFO:root:Epoch: 62, Iteration: 437, Loss: 0.07244795560836792
INFO:root:Epoch: 62, Iteration: 438, Loss: 0.08764347434043884
INFO:root:Epoch: 62, Iteration: 439, Loss: 0.08408024907112122
INFO:root:Epoch: 62, Iteration: 440, Loss: 0.09525468200445175
INFO:root:Epoch: 62, Iteration: 441, Loss: 0.07454711198806763
INFO:root:Validation set mIOU: 86.04125411923191
INFO:root:Epoch: 63, Iteration: 442, Loss: 0.07467824220657349
INFO:root:Epoch: 63, Iteration: 443, Loss: 0.0909678116440773
INFO:root:Epoch: 63, Iteration: 444, Loss: 0.058850836008787155
INFO:root:Epoch: 63, Iteration: 445, Loss: 0.07687577605247498
INFO:root:Epoch: 63, Iteration: 446, Loss: 0.08137836307287216
INFO:root:Epoch: 63, Iteration: 447, Loss: 0.07265172153711319
INFO:root:Epoch: 63, Iteration: 448, Loss: 0.08855461329221725
INFO:root:Validation set mIOU: 86.03601848206034
INFO:root:Epoch: 64, Iteration: 449, Loss: 0.09079738706350327
INFO:root:Epoch: 64, Iteration: 450, Loss: 0.09476426988840103
INFO:root:Epoch: 64, Iteration: 451, Loss: 0.16468796133995056
INFO:root:Epoch: 64, Iteration: 452, Loss: 0.0684845894575119
INFO:root:Epoch: 64, Iteration: 453, Loss: 0.09336718916893005
INFO:root:Epoch: 64, Iteration: 454, Loss: 0.05823342129588127
INFO:root:Epoch: 64, Iteration: 455, Loss: 0.12071995437145233
INFO:root:Validation set mIOU: 85.45060635439022
INFO:root:Epoch: 65, Iteration: 456, Loss: 0.05785692110657692
INFO:root:Epoch: 65, Iteration: 457, Loss: 0.09147341549396515
INFO:root:Epoch: 65, Iteration: 458, Loss: 0.08606824278831482
INFO:root:Epoch: 65, Iteration: 459, Loss: 0.0840030163526535
INFO:root:Epoch: 65, Iteration: 460, Loss: 0.07740763574838638
INFO:root:Epoch: 65, Iteration: 461, Loss: 0.08605169504880905
INFO:root:Epoch: 65, Iteration: 462, Loss: 0.07566260546445847
INFO:root:Validation set mIOU: 85.6984904184185
INFO:root:Epoch: 66, Iteration: 463, Loss: 0.0665072500705719
INFO:root:Epoch: 66, Iteration: 464, Loss: 0.11319829523563385
INFO:root:Epoch: 66, Iteration: 465, Loss: 0.08723864704370499
INFO:root:Epoch: 66, Iteration: 466, Loss: 0.09334223717451096
INFO:root:Epoch: 66, Iteration: 467, Loss: 0.06537017971277237
INFO:root:Epoch: 66, Iteration: 468, Loss: 0.07983312010765076
INFO:root:Epoch: 66, Iteration: 469, Loss: 0.07058469951152802
INFO:root:Validation set mIOU: 85.07572786361978
INFO:root:Epoch: 67, Iteration: 470, Loss: 0.11370193213224411
INFO:root:Epoch: 67, Iteration: 471, Loss: 0.10484849661588669
INFO:root:Epoch: 67, Iteration: 472, Loss: 0.10592944175004959
INFO:root:Epoch: 67, Iteration: 473, Loss: 0.15193988382816315
INFO:root:Epoch: 67, Iteration: 474, Loss: 0.08830749988555908
INFO:root:Epoch: 67, Iteration: 475, Loss: 0.09521440416574478
INFO:root:Epoch: 67, Iteration: 476, Loss: 0.06721055507659912
INFO:root:Validation set mIOU: 85.38823674162575
INFO:root:Epoch: 68, Iteration: 477, Loss: 0.09941057860851288
INFO:root:Epoch: 68, Iteration: 478, Loss: 0.08497580885887146
INFO:root:Epoch: 68, Iteration: 479, Loss: 0.09533455222845078
INFO:root:Epoch: 68, Iteration: 480, Loss: 0.15880297124385834
INFO:root:Epoch: 68, Iteration: 481, Loss: 0.1072879359126091
INFO:root:Epoch: 68, Iteration: 482, Loss: 0.0740402415394783
INFO:root:Epoch: 68, Iteration: 483, Loss: 0.06233299896121025
INFO:root:Validation set mIOU: 84.76899563627684
INFO:root:Epoch: 69, Iteration: 484, Loss: 0.09175252914428711
INFO:root:Epoch: 69, Iteration: 485, Loss: 0.09788663685321808
INFO:root:Epoch: 69, Iteration: 486, Loss: 0.08121396601200104
INFO:root:Epoch: 69, Iteration: 487, Loss: 0.05851428955793381
INFO:root:Epoch: 69, Iteration: 488, Loss: 0.08700187504291534
INFO:root:Epoch: 69, Iteration: 489, Loss: 0.08911175280809402
INFO:root:Epoch: 69, Iteration: 490, Loss: 0.09740697592496872
INFO:root:Validation set mIOU: 84.68608651248823
INFO:root:Epoch: 70, Iteration: 491, Loss: 0.1172332838177681
INFO:root:Epoch: 70, Iteration: 492, Loss: 0.07330003380775452
INFO:root:Epoch: 70, Iteration: 493, Loss: 0.10353153198957443
INFO:root:Epoch: 70, Iteration: 494, Loss: 0.09719957411289215
INFO:root:Epoch: 70, Iteration: 495, Loss: 0.11076001077890396
INFO:root:Epoch: 70, Iteration: 496, Loss: 0.08071018755435944
INFO:root:Epoch: 70, Iteration: 497, Loss: 0.12447705119848251
INFO:root:Validation set mIOU: 84.54353943218123
INFO:root:Epoch: 71, Iteration: 498, Loss: 0.07950295507907867
INFO:root:Epoch: 71, Iteration: 499, Loss: 0.08269498497247696
INFO:root:Epoch: 71, Iteration: 500, Loss: 0.07475925981998444
INFO:root:Epoch: 71, Iteration: 501, Loss: 0.07052682340145111
INFO:root:Epoch: 71, Iteration: 502, Loss: 0.06698621064424515
INFO:root:Epoch: 71, Iteration: 503, Loss: 0.07339823991060257
INFO:root:Epoch: 71, Iteration: 504, Loss: 0.08883296698331833
INFO:root:Validation set mIOU: 85.35417726809001
INFO:root:Epoch: 72, Iteration: 505, Loss: 0.103445865213871
INFO:root:Epoch: 72, Iteration: 506, Loss: 0.08414369821548462
INFO:root:Epoch: 72, Iteration: 507, Loss: 0.0762382298707962
INFO:root:Epoch: 72, Iteration: 508, Loss: 0.05992675945162773
INFO:root:Epoch: 72, Iteration: 509, Loss: 0.08081120252609253
INFO:root:Epoch: 72, Iteration: 510, Loss: 0.10612442344427109
INFO:root:Epoch: 72, Iteration: 511, Loss: 0.07180984318256378
INFO:root:Validation set mIOU: 85.15806254604217
INFO:root:Epoch: 73, Iteration: 512, Loss: 0.0671047568321228
INFO:root:Epoch: 73, Iteration: 513, Loss: 0.08028331398963928
INFO:root:Epoch: 73, Iteration: 514, Loss: 0.06779798120260239
INFO:root:Epoch: 73, Iteration: 515, Loss: 0.09821360558271408
INFO:root:Epoch: 73, Iteration: 516, Loss: 0.0758768692612648
INFO:root:Epoch: 73, Iteration: 517, Loss: 0.0529022179543972
INFO:root:Epoch: 73, Iteration: 518, Loss: 0.09566332399845123
INFO:root:Validation set mIOU: 85.23499205801843
INFO:root:Epoch: 74, Iteration: 519, Loss: 0.10823860764503479
INFO:root:Epoch: 74, Iteration: 520, Loss: 0.05696989968419075
INFO:root:Epoch: 74, Iteration: 521, Loss: 0.08781325817108154
INFO:root:Epoch: 74, Iteration: 522, Loss: 0.0879540964961052
INFO:root:Epoch: 74, Iteration: 523, Loss: 0.09450890868902206
INFO:root:Epoch: 74, Iteration: 524, Loss: 0.09487605094909668
INFO:root:Epoch: 74, Iteration: 525, Loss: 0.08366557210683823
INFO:root:Validation set mIOU: 85.01335846883697
INFO:root:Epoch: 75, Iteration: 526, Loss: 0.07833295315504074
INFO:root:Epoch: 75, Iteration: 527, Loss: 0.07452832907438278
INFO:root:Epoch: 75, Iteration: 528, Loss: 0.08002301305532455
INFO:root:Epoch: 75, Iteration: 529, Loss: 0.08499597758054733
INFO:root:Epoch: 75, Iteration: 530, Loss: 0.08002226054668427
INFO:root:Epoch: 75, Iteration: 531, Loss: 0.11987430602312088
INFO:root:Epoch: 75, Iteration: 532, Loss: 0.06948912888765335
INFO:root:Validation set mIOU: 84.72657421614981
INFO:root:Epoch: 76, Iteration: 533, Loss: 0.07348386943340302
INFO:root:Epoch: 76, Iteration: 534, Loss: 0.09469042718410492
INFO:root:Epoch: 76, Iteration: 535, Loss: 0.054122284054756165
INFO:root:Epoch: 76, Iteration: 536, Loss: 0.15135890245437622
INFO:root:Epoch: 76, Iteration: 537, Loss: 0.09531328082084656
INFO:root:Epoch: 76, Iteration: 538, Loss: 0.0663076639175415
INFO:root:Epoch: 76, Iteration: 539, Loss: 0.08450131863355637
INFO:root:Validation set mIOU: 84.4009823257425
INFO:root:Epoch: 77, Iteration: 540, Loss: 0.08957906067371368
INFO:root:Epoch: 77, Iteration: 541, Loss: 0.06718479841947556
INFO:root:Epoch: 77, Iteration: 542, Loss: 0.10960610210895538
INFO:root:Epoch: 77, Iteration: 543, Loss: 0.08226784318685532
INFO:root:Epoch: 77, Iteration: 544, Loss: 0.06751144677400589
INFO:root:Epoch: 77, Iteration: 545, Loss: 0.112678162753582
INFO:root:Epoch: 77, Iteration: 546, Loss: 0.08678072690963745
INFO:root:Validation set mIOU: 85.28192113048885
INFO:root:Epoch: 78, Iteration: 547, Loss: 0.138749897480011
INFO:root:Epoch: 78, Iteration: 548, Loss: 0.14515887200832367
INFO:root:Epoch: 78, Iteration: 549, Loss: 0.05375352129340172
INFO:root:Epoch: 78, Iteration: 550, Loss: 0.08530836552381516
INFO:root:Epoch: 78, Iteration: 551, Loss: 0.13805943727493286
INFO:root:Epoch: 78, Iteration: 552, Loss: 0.08877933025360107
INFO:root:Epoch: 78, Iteration: 553, Loss: 0.06046735867857933
INFO:root:Validation set mIOU: 85.21843065430708
INFO:root:Epoch: 79, Iteration: 554, Loss: 0.14252400398254395
INFO:root:Epoch: 79, Iteration: 555, Loss: 0.07893268764019012
INFO:root:Epoch: 79, Iteration: 556, Loss: 0.08700544387102127
INFO:root:Epoch: 79, Iteration: 557, Loss: 0.11570149660110474
INFO:root:Epoch: 79, Iteration: 558, Loss: 0.07728475332260132
INFO:root:Epoch: 79, Iteration: 559, Loss: 0.08333075791597366
INFO:root:Epoch: 79, Iteration: 560, Loss: 0.05667829513549805
INFO:root:Validation set mIOU: 85.0049278732705
INFO:root:Epoch: 80, Iteration: 561, Loss: 0.0691298171877861
INFO:root:Epoch: 80, Iteration: 562, Loss: 0.07992612570524216
INFO:root:Epoch: 80, Iteration: 563, Loss: 0.07342570275068283
INFO:root:Epoch: 80, Iteration: 564, Loss: 0.08366628736257553
INFO:root:Epoch: 80, Iteration: 565, Loss: 0.09774886816740036
INFO:root:Epoch: 80, Iteration: 566, Loss: 0.07452601939439774
INFO:root:Epoch: 80, Iteration: 567, Loss: 0.060709480196237564
INFO:root:Validation set mIOU: 84.93660079383697
INFO:root:Epoch: 81, Iteration: 568, Loss: 0.08253040164709091
INFO:root:Epoch: 81, Iteration: 569, Loss: 0.09936369955539703
INFO:root:Epoch: 81, Iteration: 570, Loss: 0.08586408942937851
INFO:root:Epoch: 81, Iteration: 571, Loss: 0.05818371847271919
INFO:root:Epoch: 81, Iteration: 572, Loss: 0.0800982341170311
INFO:root:Epoch: 81, Iteration: 573, Loss: 0.09106822311878204
INFO:root:Epoch: 81, Iteration: 574, Loss: 0.058032698929309845
INFO:root:Validation set mIOU: 84.50760655737054
INFO:root:Epoch: 82, Iteration: 575, Loss: 0.06845323741436005
INFO:root:Epoch: 82, Iteration: 576, Loss: 0.09921771287918091
INFO:root:Epoch: 82, Iteration: 577, Loss: 0.08613616973161697
INFO:root:Epoch: 82, Iteration: 578, Loss: 0.060498882085084915
INFO:root:Epoch: 82, Iteration: 579, Loss: 0.0570710264146328
INFO:root:Epoch: 82, Iteration: 580, Loss: 0.08820343762636185
INFO:root:Epoch: 82, Iteration: 581, Loss: 0.06509102880954742
INFO:root:Validation set mIOU: 84.6831464200292
INFO:root:Epoch: 83, Iteration: 582, Loss: 0.0884360671043396
INFO:root:Epoch: 83, Iteration: 583, Loss: 0.07423759251832962
INFO:root:Epoch: 83, Iteration: 584, Loss: 0.06963793188333511
INFO:root:Epoch: 83, Iteration: 585, Loss: 0.06304427981376648
INFO:root:Epoch: 83, Iteration: 586, Loss: 0.08325913548469543
INFO:root:Epoch: 83, Iteration: 587, Loss: 0.08199679106473923
INFO:root:Epoch: 83, Iteration: 588, Loss: 0.07005471736192703
INFO:root:Validation set mIOU: 84.72205837477942
INFO:root:Epoch: 84, Iteration: 589, Loss: 0.09823132306337357
INFO:root:Epoch: 84, Iteration: 590, Loss: 0.06911718845367432
INFO:root:Epoch: 84, Iteration: 591, Loss: 0.07359271496534348
INFO:root:Epoch: 84, Iteration: 592, Loss: 0.0678967535495758
INFO:root:Epoch: 84, Iteration: 593, Loss: 0.08822328597307205
INFO:root:Epoch: 84, Iteration: 594, Loss: 0.0682654157280922
INFO:root:Epoch: 84, Iteration: 595, Loss: 0.05872810259461403
INFO:root:Validation set mIOU: 85.05312681063502
INFO:root:Epoch: 85, Iteration: 596, Loss: 0.07539203763008118
INFO:root:Epoch: 85, Iteration: 597, Loss: 0.07206619530916214
INFO:root:Epoch: 85, Iteration: 598, Loss: 0.0645824745297432
INFO:root:Epoch: 85, Iteration: 599, Loss: 0.10521470755338669
INFO:root:Epoch: 85, Iteration: 600, Loss: 0.06643527001142502
INFO:root:Epoch: 85, Iteration: 601, Loss: 0.08982904255390167
INFO:root:Epoch: 85, Iteration: 602, Loss: 0.1010570079088211
INFO:root:Validation set mIOU: 85.18635736992987
INFO:root:Epoch: 86, Iteration: 603, Loss: 0.10889703780412674
INFO:root:Epoch: 86, Iteration: 604, Loss: 0.08235873281955719
INFO:root:Epoch: 86, Iteration: 605, Loss: 0.06997997313737869
INFO:root:Epoch: 86, Iteration: 606, Loss: 0.060553524643182755
INFO:root:Epoch: 86, Iteration: 607, Loss: 0.10666345804929733
INFO:root:Epoch: 86, Iteration: 608, Loss: 0.06133994087576866
INFO:root:Epoch: 86, Iteration: 609, Loss: 0.06321363896131516
INFO:root:Validation set mIOU: 85.24233973088009
INFO:root:Epoch: 87, Iteration: 610, Loss: 0.056724030524492264
INFO:root:Epoch: 87, Iteration: 611, Loss: 0.06759209930896759
INFO:root:Epoch: 87, Iteration: 612, Loss: 0.09462924301624298
INFO:root:Epoch: 87, Iteration: 613, Loss: 0.07076229900121689
INFO:root:Epoch: 87, Iteration: 614, Loss: 0.09823974221944809
INFO:root:Epoch: 87, Iteration: 615, Loss: 0.09744483977556229
INFO:root:Epoch: 87, Iteration: 616, Loss: 0.0690566673874855
INFO:root:Validation set mIOU: 85.19280707429286
INFO:root:Epoch: 88, Iteration: 617, Loss: 0.08023769408464432
INFO:root:Epoch: 88, Iteration: 618, Loss: 0.10728270560503006
INFO:root:Epoch: 88, Iteration: 619, Loss: 0.10088656842708588
INFO:root:Epoch: 88, Iteration: 620, Loss: 0.06602858006954193
INFO:root:Epoch: 88, Iteration: 621, Loss: 0.07972458750009537
INFO:root:Epoch: 88, Iteration: 622, Loss: 0.06393697112798691
INFO:root:Epoch: 88, Iteration: 623, Loss: 0.0937192440032959
INFO:root:Validation set mIOU: 85.03107472270676
INFO:root:Epoch: 89, Iteration: 624, Loss: 0.06237788125872612
INFO:root:Epoch: 89, Iteration: 625, Loss: 0.06812887638807297
INFO:root:Epoch: 89, Iteration: 626, Loss: 0.08677762746810913
INFO:root:Epoch: 89, Iteration: 627, Loss: 0.08314036577939987
INFO:root:Epoch: 89, Iteration: 628, Loss: 0.09868479520082474
INFO:root:Epoch: 89, Iteration: 629, Loss: 0.07858775556087494
INFO:root:Epoch: 89, Iteration: 630, Loss: 0.09091836959123611
INFO:root:Validation set mIOU: 84.8463818497491
INFO:root:Epoch: 90, Iteration: 631, Loss: 0.08514895290136337
INFO:root:Epoch: 90, Iteration: 632, Loss: 0.07454146444797516
INFO:root:Epoch: 90, Iteration: 633, Loss: 0.072036974132061
INFO:root:Epoch: 90, Iteration: 634, Loss: 0.1244748905301094
INFO:root:Epoch: 90, Iteration: 635, Loss: 0.06760641932487488
INFO:root:Epoch: 90, Iteration: 636, Loss: 0.07426284998655319
INFO:root:Epoch: 90, Iteration: 637, Loss: 0.06526239216327667
INFO:root:Validation set mIOU: 84.73499801542009
INFO:root:Epoch: 91, Iteration: 638, Loss: 0.07224877923727036
INFO:root:Epoch: 91, Iteration: 639, Loss: 0.10458928346633911
INFO:root:Epoch: 91, Iteration: 640, Loss: 0.05810026451945305
INFO:root:Epoch: 91, Iteration: 641, Loss: 0.10989910364151001
INFO:root:Epoch: 91, Iteration: 642, Loss: 0.07081398367881775
INFO:root:Epoch: 91, Iteration: 643, Loss: 0.06721842288970947
INFO:root:Epoch: 91, Iteration: 644, Loss: 0.07911444455385208
INFO:root:Validation set mIOU: 85.24772395267357
INFO:root:Epoch: 92, Iteration: 645, Loss: 0.056347936391830444
INFO:root:Epoch: 92, Iteration: 646, Loss: 0.11822760105133057
INFO:root:Epoch: 92, Iteration: 647, Loss: 0.1145767942070961
INFO:root:Epoch: 92, Iteration: 648, Loss: 0.056357961148023605
INFO:root:Epoch: 92, Iteration: 649, Loss: 0.111554816365242
INFO:root:Epoch: 92, Iteration: 650, Loss: 0.08358689397573471
INFO:root:Epoch: 92, Iteration: 651, Loss: 0.08828696608543396
INFO:root:Validation set mIOU: 84.89277387999898
INFO:root:Epoch: 93, Iteration: 652, Loss: 0.08927581459283829
INFO:root:Epoch: 93, Iteration: 653, Loss: 0.0612182579934597
INFO:root:Epoch: 93, Iteration: 654, Loss: 0.07842979580163956
INFO:root:Epoch: 93, Iteration: 655, Loss: 0.07560877501964569
INFO:root:Epoch: 93, Iteration: 656, Loss: 0.0649762898683548
INFO:root:Epoch: 93, Iteration: 657, Loss: 0.07010931521654129
INFO:root:Epoch: 93, Iteration: 658, Loss: 0.09171858429908752
INFO:root:Validation set mIOU: 84.79697824103697
INFO:root:Epoch: 94, Iteration: 659, Loss: 0.068044513463974
INFO:root:Epoch: 94, Iteration: 660, Loss: 0.07389012724161148
INFO:root:Epoch: 94, Iteration: 661, Loss: 0.09106225520372391
INFO:root:Epoch: 94, Iteration: 662, Loss: 0.0970207080245018
INFO:root:Epoch: 94, Iteration: 663, Loss: 0.07696912437677383
INFO:root:Epoch: 94, Iteration: 664, Loss: 0.07107105851173401
INFO:root:Epoch: 94, Iteration: 665, Loss: 0.059791531413793564
INFO:root:Validation set mIOU: 85.17190493132439
INFO:root:Epoch: 95, Iteration: 666, Loss: 0.09803985059261322
INFO:root:Epoch: 95, Iteration: 667, Loss: 0.10310352593660355
INFO:root:Epoch: 95, Iteration: 668, Loss: 0.08775212615728378
INFO:root:Epoch: 95, Iteration: 669, Loss: 0.10937193781137466
INFO:root:Epoch: 95, Iteration: 670, Loss: 0.09965253621339798
INFO:root:Epoch: 95, Iteration: 671, Loss: 0.09032603353261948
INFO:root:Epoch: 95, Iteration: 672, Loss: 0.0619385726749897
INFO:root:Validation set mIOU: 84.84787127925367
INFO:root:Epoch: 96, Iteration: 673, Loss: 0.07829488813877106
INFO:root:Epoch: 96, Iteration: 674, Loss: 0.0746622383594513
INFO:root:Epoch: 96, Iteration: 675, Loss: 0.07448439300060272
INFO:root:Epoch: 96, Iteration: 676, Loss: 0.08005136251449585
INFO:root:Epoch: 96, Iteration: 677, Loss: 0.07600314170122147
INFO:root:Epoch: 96, Iteration: 678, Loss: 0.07352230697870255
INFO:root:Epoch: 96, Iteration: 679, Loss: 0.08108668774366379
INFO:root:Validation set mIOU: 84.83713921455104
INFO:root:Epoch: 97, Iteration: 680, Loss: 0.07717470079660416
INFO:root:Epoch: 97, Iteration: 681, Loss: 0.06657874584197998
INFO:root:Epoch: 97, Iteration: 682, Loss: 0.0826784297823906
INFO:root:Epoch: 97, Iteration: 683, Loss: 0.08480805158615112
INFO:root:Epoch: 97, Iteration: 684, Loss: 0.05523025989532471
INFO:root:Epoch: 97, Iteration: 685, Loss: 0.09044401347637177
INFO:root:Epoch: 97, Iteration: 686, Loss: 0.07756293565034866
INFO:root:Validation set mIOU: 84.81276415340444
INFO:root:Epoch: 98, Iteration: 687, Loss: 0.1096821129322052
INFO:root:Epoch: 98, Iteration: 688, Loss: 0.07890144735574722
INFO:root:Epoch: 98, Iteration: 689, Loss: 0.07791634649038315
INFO:root:Epoch: 98, Iteration: 690, Loss: 0.0608544796705246
INFO:root:Epoch: 98, Iteration: 691, Loss: 0.11236538738012314
INFO:root:Epoch: 98, Iteration: 692, Loss: 0.05458049103617668
INFO:root:Epoch: 98, Iteration: 693, Loss: 0.09483475238084793
INFO:root:Validation set mIOU: 84.7540846514251
INFO:root:Epoch: 99, Iteration: 694, Loss: 0.06797932833433151
INFO:root:Epoch: 99, Iteration: 695, Loss: 0.07993718981742859
INFO:root:Epoch: 99, Iteration: 696, Loss: 0.04939256235957146
INFO:root:Epoch: 99, Iteration: 697, Loss: 0.07430949807167053
INFO:root:Epoch: 99, Iteration: 698, Loss: 0.10932350158691406
INFO:root:Epoch: 99, Iteration: 699, Loss: 0.07847382128238678
INFO:root:Epoch: 99, Iteration: 700, Loss: 0.062184881418943405
INFO:root:Validation set mIOU: 84.85711841429826
