INFO:root:{'addition': 'circular_cutout',
 'backbone': 'resnet101',
 'batch_size': 16,
 'batch_size_consistency': 16,
 'conf_thres': 0.95,
 'config': 'configs/dataset2.yaml',
 'consistency_training': False,
 'crop_size': 320,
 'data_root': './',
 'dataset': 'dataset2',
 'epochs': 100,
 'labeled_id_path': 'dataset/splits/dataset2/1_4/split_random/labeled.txt',
 'lr': 0.0009,
 'model': 'deeplabv2',
 'ngpus': 1,
 'plus': False,
 'pseudo_consistency_mask_path': None,
 'pseudo_mask_path': 'outdir/pseudo_masks/dataset2/1_4/split_random/deeplabv2/resnet101/circular_cutout/self_training/non_consistency_training/second_time',
 'rand_thres': 0.8,
 'reliable_id_path': None,
 'save_path': 'outdir/models/dataset2/1_4/split_random/deeplabv2/resnet101/circular_cutout/self_training/non_consistency_training/second_time',
 'time': 2,
 'unlabeled_id_path': 'dataset/splits/dataset2/1_4/split_random/unlabeled.txt',
 'warm_up': 30}

INFO:root:Training supervised with consistency on unlabeled images
INFO:root:Epoch: 0, Iteration: 1, Loss: 1.9511393308639526
INFO:root:Epoch: 0, Iteration: 2, Loss: 1.5109236240386963
INFO:root:Validation set mIOU: 26.577390379251625
INFO:root:Epoch: 1, Iteration: 3, Loss: 1.6776477098464966
INFO:root:Epoch: 1, Iteration: 4, Loss: 1.1427230834960938
INFO:root:Validation set mIOU: 20.49010604071386
INFO:root:Epoch: 2, Iteration: 5, Loss: 1.2096343040466309
INFO:root:Epoch: 2, Iteration: 6, Loss: 0.9723178744316101
INFO:root:Validation set mIOU: 42.295308708894126
INFO:root:Epoch: 3, Iteration: 7, Loss: 0.8193649053573608
INFO:root:Epoch: 3, Iteration: 8, Loss: 0.7079999446868896
INFO:root:Validation set mIOU: 48.02236074910579
INFO:root:Epoch: 4, Iteration: 9, Loss: 0.7512824535369873
INFO:root:Epoch: 4, Iteration: 10, Loss: 0.5022713541984558
INFO:root:Validation set mIOU: 46.73590960593696
INFO:root:Epoch: 5, Iteration: 11, Loss: 0.6070036888122559
INFO:root:Epoch: 5, Iteration: 12, Loss: 0.5479151010513306
INFO:root:Validation set mIOU: 44.38785069487383
INFO:root:Epoch: 6, Iteration: 13, Loss: 0.46420174837112427
INFO:root:Epoch: 6, Iteration: 14, Loss: 0.39681705832481384
INFO:root:Validation set mIOU: 53.09091190880969
INFO:root:Epoch: 7, Iteration: 15, Loss: 0.38016679883003235
INFO:root:Epoch: 7, Iteration: 16, Loss: 0.3713831305503845
INFO:root:Validation set mIOU: 58.98093813061601
INFO:root:Epoch: 8, Iteration: 17, Loss: 0.40913912653923035
INFO:root:Epoch: 8, Iteration: 18, Loss: 0.30137673020362854
INFO:root:Validation set mIOU: 59.33279018651799
INFO:root:Epoch: 9, Iteration: 19, Loss: 0.31137189269065857
INFO:root:Epoch: 9, Iteration: 20, Loss: 0.3236386179924011
INFO:root:Validation set mIOU: 56.315157168384076
INFO:root:Epoch: 10, Iteration: 21, Loss: 0.28821948170661926
INFO:root:Epoch: 10, Iteration: 22, Loss: 0.3326224088668823
INFO:root:Validation set mIOU: 57.8213965981127
INFO:root:Epoch: 11, Iteration: 23, Loss: 0.3065040707588196
INFO:root:Epoch: 11, Iteration: 24, Loss: 0.3203837275505066
INFO:root:Validation set mIOU: 60.277133501100124
INFO:root:Epoch: 12, Iteration: 25, Loss: 0.26997265219688416
INFO:root:Epoch: 12, Iteration: 26, Loss: 0.30903762578964233
INFO:root:Validation set mIOU: 63.82363305224121
INFO:root:Epoch: 13, Iteration: 27, Loss: 0.2483714073896408
INFO:root:Epoch: 13, Iteration: 28, Loss: 0.22634492814540863
INFO:root:Validation set mIOU: 64.98383418077991
INFO:root:Epoch: 14, Iteration: 29, Loss: 0.230118066072464
INFO:root:Epoch: 14, Iteration: 30, Loss: 0.24343016743659973
INFO:root:Validation set mIOU: 64.85988112426982
INFO:root:Epoch: 15, Iteration: 31, Loss: 0.26575005054473877
INFO:root:Epoch: 15, Iteration: 32, Loss: 0.2645457983016968
INFO:root:Validation set mIOU: 66.77504023925485
INFO:root:Epoch: 16, Iteration: 33, Loss: 0.25815579295158386
INFO:root:Epoch: 16, Iteration: 34, Loss: 0.1875716745853424
INFO:root:Validation set mIOU: 67.79521758942343
INFO:root:Epoch: 17, Iteration: 35, Loss: 0.21461698412895203
INFO:root:Epoch: 17, Iteration: 36, Loss: 0.20963186025619507
INFO:root:Validation set mIOU: 67.99286969447871
INFO:root:Epoch: 18, Iteration: 37, Loss: 0.25796398520469666
INFO:root:Epoch: 18, Iteration: 38, Loss: 0.21743100881576538
INFO:root:Validation set mIOU: 68.11960032701944
INFO:root:Epoch: 19, Iteration: 39, Loss: 0.2260056734085083
INFO:root:Epoch: 19, Iteration: 40, Loss: 0.23843282461166382
INFO:root:Validation set mIOU: 68.45020998475498
INFO:root:Epoch: 20, Iteration: 41, Loss: 0.21137462556362152
INFO:root:Epoch: 20, Iteration: 42, Loss: 0.2161250114440918
INFO:root:Validation set mIOU: 69.58157811355188
INFO:root:Epoch: 21, Iteration: 43, Loss: 0.2620263993740082
INFO:root:Epoch: 21, Iteration: 44, Loss: 0.19902053475379944
INFO:root:Validation set mIOU: 70.22491117366411
INFO:root:Epoch: 22, Iteration: 45, Loss: 0.2097129076719284
INFO:root:Epoch: 22, Iteration: 46, Loss: 0.22223445773124695
INFO:root:Validation set mIOU: 70.2616825676625
INFO:root:Epoch: 23, Iteration: 47, Loss: 0.21440236270427704
INFO:root:Epoch: 23, Iteration: 48, Loss: 0.21949239075183868
INFO:root:Validation set mIOU: 70.33806973604638
INFO:root:Epoch: 24, Iteration: 49, Loss: 0.22443422675132751
INFO:root:Epoch: 24, Iteration: 50, Loss: 0.202976793050766
INFO:root:Validation set mIOU: 69.42769569212265
INFO:root:Epoch: 25, Iteration: 51, Loss: 0.20882558822631836
INFO:root:Epoch: 25, Iteration: 52, Loss: 0.19701842963695526
INFO:root:Validation set mIOU: 68.50945953727287
INFO:root:Epoch: 26, Iteration: 53, Loss: 0.19133193790912628
INFO:root:Epoch: 26, Iteration: 54, Loss: 0.17424529790878296
INFO:root:Validation set mIOU: 69.68803463289142
INFO:root:Epoch: 27, Iteration: 55, Loss: 0.15745092928409576
INFO:root:Epoch: 27, Iteration: 56, Loss: 0.17950722575187683
INFO:root:Validation set mIOU: 69.98713266556415
INFO:root:Epoch: 28, Iteration: 57, Loss: 0.17742788791656494
INFO:root:Epoch: 28, Iteration: 58, Loss: 0.16069407761096954
INFO:root:Validation set mIOU: 70.46688625529089
INFO:root:Epoch: 29, Iteration: 59, Loss: 0.1504887193441391
INFO:root:Epoch: 29, Iteration: 60, Loss: 0.22693409025669098
INFO:root:Validation set mIOU: 71.2662605202415
INFO:root:Epoch: 30, Iteration: 61, Loss: 0.19294653832912445
INFO:root:Epoch: 30, Iteration: 62, Loss: 0.23921620845794678
INFO:root:Validation set mIOU: 70.77595974524114
INFO:root:Epoch: 31, Iteration: 63, Loss: 0.16617907583713531
INFO:root:Epoch: 31, Iteration: 64, Loss: 0.1798553317785263
INFO:root:Validation set mIOU: 69.5602073664
INFO:root:Epoch: 32, Iteration: 65, Loss: 0.17303434014320374
INFO:root:Epoch: 32, Iteration: 66, Loss: 0.15762601792812347
INFO:root:Validation set mIOU: 70.38053721022492
INFO:root:Epoch: 33, Iteration: 67, Loss: 0.17806483805179596
INFO:root:Epoch: 33, Iteration: 68, Loss: 0.12821343541145325
INFO:root:Validation set mIOU: 71.06338430467358
INFO:root:Epoch: 34, Iteration: 69, Loss: 0.18422898650169373
INFO:root:Epoch: 34, Iteration: 70, Loss: 0.1630275547504425
INFO:root:Validation set mIOU: 71.82661441358562
INFO:root:Epoch: 35, Iteration: 71, Loss: 0.16376420855522156
INFO:root:Epoch: 35, Iteration: 72, Loss: 0.14879721403121948
INFO:root:Validation set mIOU: 71.83432299057738
INFO:root:Epoch: 36, Iteration: 73, Loss: 0.13689027726650238
INFO:root:Epoch: 36, Iteration: 74, Loss: 0.16998350620269775
INFO:root:Validation set mIOU: 71.72518521308663
INFO:root:Epoch: 37, Iteration: 75, Loss: 0.1388884335756302
INFO:root:Epoch: 37, Iteration: 76, Loss: 0.18573860824108124
INFO:root:Validation set mIOU: 72.3680965559144
INFO:root:Epoch: 38, Iteration: 77, Loss: 0.14564327895641327
INFO:root:Epoch: 38, Iteration: 78, Loss: 0.1790967434644699
INFO:root:Validation set mIOU: 73.18682287027023
INFO:root:Epoch: 39, Iteration: 79, Loss: 0.16097480058670044
INFO:root:Epoch: 39, Iteration: 80, Loss: 0.1602642983198166
INFO:root:Validation set mIOU: 73.73840642462936
INFO:root:Epoch: 40, Iteration: 81, Loss: 0.2235375940799713
INFO:root:Epoch: 40, Iteration: 82, Loss: 0.14721912145614624
INFO:root:Validation set mIOU: 73.74961267296993
INFO:root:Epoch: 41, Iteration: 83, Loss: 0.14484664797782898
INFO:root:Epoch: 41, Iteration: 84, Loss: 0.18000757694244385
INFO:root:Validation set mIOU: 72.34786447275611
INFO:root:Epoch: 42, Iteration: 85, Loss: 0.218438059091568
INFO:root:Epoch: 42, Iteration: 86, Loss: 0.1587468981742859
INFO:root:Validation set mIOU: 70.6572911340877
INFO:root:Epoch: 43, Iteration: 87, Loss: 0.19461482763290405
INFO:root:Epoch: 43, Iteration: 88, Loss: 0.15013405680656433
INFO:root:Validation set mIOU: 71.44376375271447
INFO:root:Epoch: 44, Iteration: 89, Loss: 0.14404824376106262
INFO:root:Epoch: 44, Iteration: 90, Loss: 0.15269310772418976
INFO:root:Validation set mIOU: 73.31134338524645
INFO:root:Epoch: 45, Iteration: 91, Loss: 0.13697288930416107
INFO:root:Epoch: 45, Iteration: 92, Loss: 0.1371345967054367
INFO:root:Validation set mIOU: 73.94920473811756
INFO:root:Epoch: 46, Iteration: 93, Loss: 0.1606013923883438
INFO:root:Epoch: 46, Iteration: 94, Loss: 0.12346475571393967
INFO:root:Validation set mIOU: 73.4679381533356
INFO:root:Epoch: 47, Iteration: 95, Loss: 0.1292017549276352
INFO:root:Epoch: 47, Iteration: 96, Loss: 0.15019051730632782
INFO:root:Validation set mIOU: 73.4270693718342
INFO:root:Epoch: 48, Iteration: 97, Loss: 0.1447843313217163
INFO:root:Epoch: 48, Iteration: 98, Loss: 0.19303332269191742
INFO:root:Validation set mIOU: 73.96678316436521
INFO:root:Epoch: 49, Iteration: 99, Loss: 0.1411585509777069
INFO:root:Epoch: 49, Iteration: 100, Loss: 0.11597311496734619
INFO:root:Validation set mIOU: 73.76630574448663
INFO:root:Epoch: 50, Iteration: 101, Loss: 0.14861908555030823
INFO:root:Epoch: 50, Iteration: 102, Loss: 0.11495547741651535
INFO:root:Validation set mIOU: 73.64786602086313
INFO:root:Epoch: 51, Iteration: 103, Loss: 0.12542696297168732
INFO:root:Epoch: 51, Iteration: 104, Loss: 0.19272078573703766
INFO:root:Validation set mIOU: 73.93840452523749
INFO:root:Epoch: 52, Iteration: 105, Loss: 0.1670490950345993
INFO:root:Epoch: 52, Iteration: 106, Loss: 0.11388348788022995
INFO:root:Validation set mIOU: 74.4545184039719
INFO:root:Epoch: 53, Iteration: 107, Loss: 0.12548525631427765
INFO:root:Epoch: 53, Iteration: 108, Loss: 0.1471119225025177
INFO:root:Validation set mIOU: 74.74755563833365
INFO:root:Epoch: 54, Iteration: 109, Loss: 0.1370411217212677
INFO:root:Epoch: 54, Iteration: 110, Loss: 0.22901234030723572
INFO:root:Validation set mIOU: 74.7538776107348
INFO:root:Epoch: 55, Iteration: 111, Loss: 0.1428479552268982
INFO:root:Epoch: 55, Iteration: 112, Loss: 0.12863947451114655
INFO:root:Validation set mIOU: 74.86660020900577
INFO:root:Epoch: 56, Iteration: 113, Loss: 0.1371135413646698
INFO:root:Epoch: 56, Iteration: 114, Loss: 0.11642961204051971
INFO:root:Validation set mIOU: 74.9095723884635
INFO:root:Epoch: 57, Iteration: 115, Loss: 0.132721945643425
INFO:root:Epoch: 57, Iteration: 116, Loss: 0.13016341626644135
INFO:root:Validation set mIOU: 74.77396097666306
INFO:root:Epoch: 58, Iteration: 117, Loss: 0.14661000669002533
INFO:root:Epoch: 58, Iteration: 118, Loss: 0.11138498038053513
INFO:root:Validation set mIOU: 74.6329568916184
INFO:root:Epoch: 59, Iteration: 119, Loss: 0.1664130687713623
INFO:root:Epoch: 59, Iteration: 120, Loss: 0.12473882734775543
INFO:root:Validation set mIOU: 74.25458378233655
INFO:root:Epoch: 60, Iteration: 121, Loss: 0.1354648768901825
INFO:root:Epoch: 60, Iteration: 122, Loss: 0.1214238777756691
INFO:root:Validation set mIOU: 74.47080330589432
INFO:root:Epoch: 61, Iteration: 123, Loss: 0.11566708981990814
INFO:root:Epoch: 61, Iteration: 124, Loss: 0.15399760007858276
INFO:root:Validation set mIOU: 75.00568958401178
INFO:root:Epoch: 62, Iteration: 125, Loss: 0.13034763932228088
INFO:root:Epoch: 62, Iteration: 126, Loss: 0.13314424455165863
INFO:root:Validation set mIOU: 75.44465255916926
INFO:root:Epoch: 63, Iteration: 127, Loss: 0.1395697295665741
INFO:root:Epoch: 63, Iteration: 128, Loss: 0.1190912052989006
INFO:root:Validation set mIOU: 75.67892158635897
INFO:root:Epoch: 64, Iteration: 129, Loss: 0.1340821385383606
INFO:root:Epoch: 64, Iteration: 130, Loss: 0.11344025284051895
INFO:root:Validation set mIOU: 75.62450765339439
INFO:root:Epoch: 65, Iteration: 131, Loss: 0.13029368221759796
INFO:root:Epoch: 65, Iteration: 132, Loss: 0.1660645604133606
INFO:root:Validation set mIOU: 75.50997880060825
INFO:root:Epoch: 66, Iteration: 133, Loss: 0.12430951744318008
INFO:root:Epoch: 66, Iteration: 134, Loss: 0.12257110327482224
INFO:root:Validation set mIOU: 75.46758367657807
INFO:root:Epoch: 67, Iteration: 135, Loss: 0.1329079121351242
INFO:root:Epoch: 67, Iteration: 136, Loss: 0.11778456717729568
INFO:root:Validation set mIOU: 75.68680194995162
INFO:root:Epoch: 68, Iteration: 137, Loss: 0.11275354027748108
INFO:root:Epoch: 68, Iteration: 138, Loss: 0.1289057731628418
INFO:root:Validation set mIOU: 75.67421263032853
INFO:root:Epoch: 69, Iteration: 139, Loss: 0.11650093644857407
INFO:root:Epoch: 69, Iteration: 140, Loss: 0.13903295993804932
INFO:root:Validation set mIOU: 75.39736128078007
INFO:root:Epoch: 70, Iteration: 141, Loss: 0.11212433129549026
INFO:root:Epoch: 70, Iteration: 142, Loss: 0.12103182822465897
INFO:root:Validation set mIOU: 75.464367383133
INFO:root:Epoch: 71, Iteration: 143, Loss: 0.11959979683160782
INFO:root:Epoch: 71, Iteration: 144, Loss: 0.12587347626686096
INFO:root:Validation set mIOU: 75.74220611557722
INFO:root:Epoch: 72, Iteration: 145, Loss: 0.12412755191326141
INFO:root:Epoch: 72, Iteration: 146, Loss: 0.11882872879505157
INFO:root:Validation set mIOU: 75.87730774572806
INFO:root:Epoch: 73, Iteration: 147, Loss: 0.12147289514541626
INFO:root:Epoch: 73, Iteration: 148, Loss: 0.18195514380931854
INFO:root:Validation set mIOU: 75.80204656684612
INFO:root:Epoch: 74, Iteration: 149, Loss: 0.12778091430664062
INFO:root:Epoch: 74, Iteration: 150, Loss: 0.18149824440479279
INFO:root:Validation set mIOU: 75.76142586819608
INFO:root:Epoch: 75, Iteration: 151, Loss: 0.12025094032287598
INFO:root:Epoch: 75, Iteration: 152, Loss: 0.12080782651901245
INFO:root:Validation set mIOU: 76.05608749325498
INFO:root:Epoch: 76, Iteration: 153, Loss: 0.1600358784198761
INFO:root:Epoch: 76, Iteration: 154, Loss: 0.11516116559505463
INFO:root:Validation set mIOU: 76.25043315211437
INFO:root:Epoch: 77, Iteration: 155, Loss: 0.1268097311258316
INFO:root:Epoch: 77, Iteration: 156, Loss: 0.1347513049840927
INFO:root:Validation set mIOU: 76.28431041103254
INFO:root:Epoch: 78, Iteration: 157, Loss: 0.17808730900287628
INFO:root:Epoch: 78, Iteration: 158, Loss: 0.11701933294534683
INFO:root:Validation set mIOU: 75.96806391430476
INFO:root:Epoch: 79, Iteration: 159, Loss: 0.13745026290416718
INFO:root:Epoch: 79, Iteration: 160, Loss: 0.13184410333633423
INFO:root:Validation set mIOU: 75.67335531460412
INFO:root:Epoch: 80, Iteration: 161, Loss: 0.12849266827106476
INFO:root:Epoch: 80, Iteration: 162, Loss: 0.14294639229774475
INFO:root:Validation set mIOU: 75.99889195389396
INFO:root:Epoch: 81, Iteration: 163, Loss: 0.13971981406211853
INFO:root:Epoch: 81, Iteration: 164, Loss: 0.15477801859378815
INFO:root:Validation set mIOU: 75.97549204543634
INFO:root:Epoch: 82, Iteration: 165, Loss: 0.13232293725013733
INFO:root:Epoch: 82, Iteration: 166, Loss: 0.1318342685699463
INFO:root:Validation set mIOU: 75.82652002134692
INFO:root:Epoch: 83, Iteration: 167, Loss: 0.12743574380874634
INFO:root:Epoch: 83, Iteration: 168, Loss: 0.12622354924678802
INFO:root:Validation set mIOU: 75.94784432999259
INFO:root:Epoch: 84, Iteration: 169, Loss: 0.13910190761089325
INFO:root:Epoch: 84, Iteration: 170, Loss: 0.10528760403394699
INFO:root:Validation set mIOU: 75.8756359208162
INFO:root:Epoch: 85, Iteration: 171, Loss: 0.1234079897403717
INFO:root:Epoch: 85, Iteration: 172, Loss: 0.10631167888641357
INFO:root:Validation set mIOU: 75.89631903349822
INFO:root:Epoch: 86, Iteration: 173, Loss: 0.13251706957817078
INFO:root:Epoch: 86, Iteration: 174, Loss: 0.11520072817802429
INFO:root:Validation set mIOU: 75.97196966926057
INFO:root:Epoch: 87, Iteration: 175, Loss: 0.11871801316738129
INFO:root:Epoch: 87, Iteration: 176, Loss: 0.12902045249938965
INFO:root:Validation set mIOU: 76.13016708131029
INFO:root:Epoch: 88, Iteration: 177, Loss: 0.1413668394088745
INFO:root:Epoch: 88, Iteration: 178, Loss: 0.11620762944221497
INFO:root:Validation set mIOU: 76.17255987837794
INFO:root:Epoch: 89, Iteration: 179, Loss: 0.10479423403739929
INFO:root:Epoch: 89, Iteration: 180, Loss: 0.12138781696557999
INFO:root:Validation set mIOU: 76.44625284800682
INFO:root:Epoch: 90, Iteration: 181, Loss: 0.12088189274072647
INFO:root:Epoch: 90, Iteration: 182, Loss: 0.11995387822389603
INFO:root:Validation set mIOU: 76.63939131107614
INFO:root:Epoch: 91, Iteration: 183, Loss: 0.13679803907871246
INFO:root:Epoch: 91, Iteration: 184, Loss: 0.10643136501312256
INFO:root:Validation set mIOU: 76.56700900274545
INFO:root:Epoch: 92, Iteration: 185, Loss: 0.13572444021701813
INFO:root:Epoch: 92, Iteration: 186, Loss: 0.11580712348222733
INFO:root:Validation set mIOU: 76.64988936346947
INFO:root:Epoch: 93, Iteration: 187, Loss: 0.10806549340486526
INFO:root:Epoch: 93, Iteration: 188, Loss: 0.12998102605342865
INFO:root:Validation set mIOU: 76.70146038208574
INFO:root:Epoch: 94, Iteration: 189, Loss: 0.11371645331382751
INFO:root:Epoch: 94, Iteration: 190, Loss: 0.12105829268693924
INFO:root:Validation set mIOU: 76.7161434560983
INFO:root:Epoch: 95, Iteration: 191, Loss: 0.11999186128377914
INFO:root:Epoch: 95, Iteration: 192, Loss: 0.14814674854278564
INFO:root:Validation set mIOU: 76.60481499023352
INFO:root:Epoch: 96, Iteration: 193, Loss: 0.11984341591596603
INFO:root:Epoch: 96, Iteration: 194, Loss: 0.12128032743930817
INFO:root:Validation set mIOU: 76.60283190614118
INFO:root:Epoch: 97, Iteration: 195, Loss: 0.10975980758666992
INFO:root:Epoch: 97, Iteration: 196, Loss: 0.1582355797290802
INFO:root:Validation set mIOU: 76.32840366522487
INFO:root:Epoch: 98, Iteration: 197, Loss: 0.12869052588939667
INFO:root:Epoch: 98, Iteration: 198, Loss: 0.12553945183753967
INFO:root:Validation set mIOU: 76.28603045589264
INFO:root:Epoch: 99, Iteration: 199, Loss: 0.10518370568752289
INFO:root:Epoch: 99, Iteration: 200, Loss: 0.10811106115579605
INFO:root:Validation set mIOU: 76.32678185473445
INFO:root:Semi-training
INFO:root:Epoch: 0, Iteration: 1, Loss: 2.9114956855773926
INFO:root:Epoch: 0, Iteration: 2, Loss: 1.6442760229110718
INFO:root:Epoch: 0, Iteration: 3, Loss: 2.926208734512329
INFO:root:Epoch: 0, Iteration: 4, Loss: 2.651566982269287
INFO:root:Epoch: 0, Iteration: 5, Loss: 2.8864223957061768
INFO:root:Epoch: 0, Iteration: 6, Loss: 1.4464086294174194
INFO:root:Epoch: 0, Iteration: 7, Loss: 0.8079648613929749
INFO:root:Validation set mIOU: 35.64894161792406
INFO:root:Epoch: 1, Iteration: 8, Loss: 1.7679193019866943
INFO:root:Epoch: 1, Iteration: 9, Loss: 1.678849458694458
INFO:root:Epoch: 1, Iteration: 10, Loss: 0.898884117603302
INFO:root:Epoch: 1, Iteration: 11, Loss: 1.0601592063903809
INFO:root:Epoch: 1, Iteration: 12, Loss: 0.8511143922805786
INFO:root:Epoch: 1, Iteration: 13, Loss: 0.8670188188552856
INFO:root:Epoch: 1, Iteration: 14, Loss: 0.852806031703949
INFO:root:Validation set mIOU: 50.33076785767624
INFO:root:Epoch: 2, Iteration: 15, Loss: 0.6579263210296631
INFO:root:Epoch: 2, Iteration: 16, Loss: 0.632548451423645
INFO:root:Epoch: 2, Iteration: 17, Loss: 0.7250096201896667
INFO:root:Epoch: 2, Iteration: 18, Loss: 0.6997738480567932
INFO:root:Epoch: 2, Iteration: 19, Loss: 0.389126181602478
INFO:root:Epoch: 2, Iteration: 20, Loss: 0.43681201338768005
INFO:root:Epoch: 2, Iteration: 21, Loss: 0.6141691207885742
INFO:root:Validation set mIOU: 53.90753538734268
INFO:root:Epoch: 3, Iteration: 22, Loss: 0.43923458456993103
INFO:root:Epoch: 3, Iteration: 23, Loss: 0.5218148827552795
INFO:root:Epoch: 3, Iteration: 24, Loss: 0.42717882990837097
INFO:root:Epoch: 3, Iteration: 25, Loss: 0.5142115950584412
INFO:root:Epoch: 3, Iteration: 26, Loss: 0.40944230556488037
INFO:root:Epoch: 3, Iteration: 27, Loss: 0.33893904089927673
INFO:root:Epoch: 3, Iteration: 28, Loss: 0.30461618304252625
INFO:root:Validation set mIOU: 61.51980662115929
INFO:root:Epoch: 4, Iteration: 29, Loss: 0.4665956199169159
INFO:root:Epoch: 4, Iteration: 30, Loss: 0.6626859903335571
INFO:root:Epoch: 4, Iteration: 31, Loss: 0.534087598323822
INFO:root:Epoch: 4, Iteration: 32, Loss: 0.2597579061985016
INFO:root:Epoch: 4, Iteration: 33, Loss: 0.363413006067276
INFO:root:Epoch: 4, Iteration: 34, Loss: 0.34863194823265076
INFO:root:Epoch: 4, Iteration: 35, Loss: 0.38127580285072327
INFO:root:Validation set mIOU: 69.53881836049261
INFO:root:Epoch: 5, Iteration: 36, Loss: 0.3532974123954773
INFO:root:Epoch: 5, Iteration: 37, Loss: 0.2679241895675659
INFO:root:Epoch: 5, Iteration: 38, Loss: 0.27000105381011963
INFO:root:Epoch: 5, Iteration: 39, Loss: 0.3103248178958893
INFO:root:Epoch: 5, Iteration: 40, Loss: 0.29480189085006714
INFO:root:Epoch: 5, Iteration: 41, Loss: 0.3406777083873749
INFO:root:Epoch: 5, Iteration: 42, Loss: 0.232881560921669
INFO:root:Validation set mIOU: 69.83714555857935
INFO:root:Epoch: 6, Iteration: 43, Loss: 0.2882675528526306
INFO:root:Epoch: 6, Iteration: 44, Loss: 0.2967633903026581
INFO:root:Epoch: 6, Iteration: 45, Loss: 0.248936727643013
INFO:root:Epoch: 6, Iteration: 46, Loss: 0.23047971725463867
INFO:root:Epoch: 6, Iteration: 47, Loss: 0.20541206002235413
INFO:root:Epoch: 6, Iteration: 48, Loss: 0.26344311237335205
INFO:root:Epoch: 6, Iteration: 49, Loss: 0.27477458119392395
INFO:root:Validation set mIOU: 68.74905718952061
INFO:root:Epoch: 7, Iteration: 50, Loss: 0.25362610816955566
INFO:root:Epoch: 7, Iteration: 51, Loss: 0.22775650024414062
INFO:root:Epoch: 7, Iteration: 52, Loss: 0.2553095519542694
INFO:root:Epoch: 7, Iteration: 53, Loss: 0.2926795184612274
INFO:root:Epoch: 7, Iteration: 54, Loss: 0.24099192023277283
INFO:root:Epoch: 7, Iteration: 55, Loss: 0.20262078940868378
INFO:root:Epoch: 7, Iteration: 56, Loss: 0.22906950116157532
INFO:root:Validation set mIOU: 72.70306539727223
INFO:root:Epoch: 8, Iteration: 57, Loss: 0.24845567345619202
INFO:root:Epoch: 8, Iteration: 58, Loss: 0.2595134675502777
INFO:root:Epoch: 8, Iteration: 59, Loss: 0.20658957958221436
INFO:root:Epoch: 8, Iteration: 60, Loss: 0.1756628155708313
INFO:root:Epoch: 8, Iteration: 61, Loss: 0.2559772729873657
INFO:root:Epoch: 8, Iteration: 62, Loss: 0.18252630531787872
INFO:root:Epoch: 8, Iteration: 63, Loss: 0.18557697534561157
INFO:root:Validation set mIOU: 69.5629293834125
INFO:root:Epoch: 9, Iteration: 64, Loss: 0.22595646977424622
INFO:root:Epoch: 9, Iteration: 65, Loss: 0.3074122369289398
INFO:root:Epoch: 9, Iteration: 66, Loss: 0.22923332452774048
INFO:root:Epoch: 9, Iteration: 67, Loss: 0.16873173415660858
INFO:root:Epoch: 9, Iteration: 68, Loss: 0.24727651476860046
INFO:root:Epoch: 9, Iteration: 69, Loss: 0.26251959800720215
INFO:root:Epoch: 9, Iteration: 70, Loss: 0.2343675047159195
INFO:root:Validation set mIOU: 73.17359832686215
INFO:root:Epoch: 10, Iteration: 71, Loss: 0.21623682975769043
INFO:root:Epoch: 10, Iteration: 72, Loss: 0.17517156898975372
INFO:root:Epoch: 10, Iteration: 73, Loss: 0.23797035217285156
INFO:root:Epoch: 10, Iteration: 74, Loss: 0.2162024825811386
INFO:root:Epoch: 10, Iteration: 75, Loss: 0.22407978773117065
INFO:root:Epoch: 10, Iteration: 76, Loss: 0.2064950317144394
INFO:root:Epoch: 10, Iteration: 77, Loss: 0.19677171111106873
INFO:root:Validation set mIOU: 72.91087604070518
INFO:root:Epoch: 11, Iteration: 78, Loss: 0.21338234841823578
INFO:root:Epoch: 11, Iteration: 79, Loss: 0.25696176290512085
INFO:root:Epoch: 11, Iteration: 80, Loss: 0.18605391681194305
INFO:root:Epoch: 11, Iteration: 81, Loss: 0.18100883066654205
INFO:root:Epoch: 11, Iteration: 82, Loss: 0.18299493193626404
INFO:root:Epoch: 11, Iteration: 83, Loss: 0.192079097032547
INFO:root:Epoch: 11, Iteration: 84, Loss: 0.15373675525188446
INFO:root:Validation set mIOU: 73.35286436565559
INFO:root:Epoch: 12, Iteration: 85, Loss: 0.18789763748645782
INFO:root:Epoch: 12, Iteration: 86, Loss: 0.23897498846054077
INFO:root:Epoch: 12, Iteration: 87, Loss: 0.27756795287132263
INFO:root:Epoch: 12, Iteration: 88, Loss: 0.20305024087429047
INFO:root:Epoch: 12, Iteration: 89, Loss: 0.2215317338705063
INFO:root:Epoch: 12, Iteration: 90, Loss: 0.1662389189004898
INFO:root:Epoch: 12, Iteration: 91, Loss: 0.23256461322307587
INFO:root:Validation set mIOU: 74.40703768325059
INFO:root:Epoch: 13, Iteration: 92, Loss: 0.19595864415168762
INFO:root:Epoch: 13, Iteration: 93, Loss: 0.2374570220708847
INFO:root:Epoch: 13, Iteration: 94, Loss: 0.20871950685977936
INFO:root:Epoch: 13, Iteration: 95, Loss: 0.17813953757286072
INFO:root:Epoch: 13, Iteration: 96, Loss: 0.18682821094989777
INFO:root:Epoch: 13, Iteration: 97, Loss: 0.21242406964302063
INFO:root:Epoch: 13, Iteration: 98, Loss: 0.1890602707862854
INFO:root:Validation set mIOU: 72.03776118184557
INFO:root:Epoch: 14, Iteration: 99, Loss: 0.25491705536842346
INFO:root:Epoch: 14, Iteration: 100, Loss: 0.2251986414194107
INFO:root:Epoch: 14, Iteration: 101, Loss: 0.21940158307552338
INFO:root:Epoch: 14, Iteration: 102, Loss: 0.20208995044231415
INFO:root:Epoch: 14, Iteration: 103, Loss: 0.1912333369255066
INFO:root:Epoch: 14, Iteration: 104, Loss: 0.2007373422384262
INFO:root:Epoch: 14, Iteration: 105, Loss: 0.24228104948997498
INFO:root:Validation set mIOU: 75.00952372656383
INFO:root:Epoch: 15, Iteration: 106, Loss: 0.21995548903942108
INFO:root:Epoch: 15, Iteration: 107, Loss: 0.15664395689964294
INFO:root:Epoch: 15, Iteration: 108, Loss: 0.18846271932125092
INFO:root:Epoch: 15, Iteration: 109, Loss: 0.23015473783016205
INFO:root:Epoch: 15, Iteration: 110, Loss: 0.22122620046138763
INFO:root:Epoch: 15, Iteration: 111, Loss: 0.1781061291694641
INFO:root:Epoch: 15, Iteration: 112, Loss: 0.2394735962152481
INFO:root:Validation set mIOU: 73.96763859703526
INFO:root:Epoch: 16, Iteration: 113, Loss: 0.16404646635055542
INFO:root:Epoch: 16, Iteration: 114, Loss: 0.2486651986837387
INFO:root:Epoch: 16, Iteration: 115, Loss: 0.20940658450126648
INFO:root:Epoch: 16, Iteration: 116, Loss: 0.207163006067276
INFO:root:Epoch: 16, Iteration: 117, Loss: 0.1617007851600647
INFO:root:Epoch: 16, Iteration: 118, Loss: 0.1906769573688507
INFO:root:Epoch: 16, Iteration: 119, Loss: 0.19066666066646576
INFO:root:Validation set mIOU: 76.13594136613501
INFO:root:Epoch: 17, Iteration: 120, Loss: 0.1814790964126587
INFO:root:Epoch: 17, Iteration: 121, Loss: 0.17536626756191254
INFO:root:Epoch: 17, Iteration: 122, Loss: 0.1748974621295929
INFO:root:Epoch: 17, Iteration: 123, Loss: 0.19133184850215912
INFO:root:Epoch: 17, Iteration: 124, Loss: 0.1561170369386673
INFO:root:Epoch: 17, Iteration: 125, Loss: 0.19258952140808105
INFO:root:Epoch: 17, Iteration: 126, Loss: 0.16000834107398987
INFO:root:Validation set mIOU: 74.74624233069642
INFO:root:Epoch: 18, Iteration: 127, Loss: 0.17980986833572388
INFO:root:Epoch: 18, Iteration: 128, Loss: 0.18613582849502563
INFO:root:Epoch: 18, Iteration: 129, Loss: 0.22922465205192566
INFO:root:Epoch: 18, Iteration: 130, Loss: 0.20585380494594574
INFO:root:Epoch: 18, Iteration: 131, Loss: 0.19915033876895905
INFO:root:Epoch: 18, Iteration: 132, Loss: 0.15500713884830475
INFO:root:Epoch: 18, Iteration: 133, Loss: 0.20024782419204712
INFO:root:Validation set mIOU: 76.50807475465075
INFO:root:Epoch: 19, Iteration: 134, Loss: 0.14054204523563385
INFO:root:Epoch: 19, Iteration: 135, Loss: 0.16483551263809204
INFO:root:Epoch: 19, Iteration: 136, Loss: 0.21269869804382324
INFO:root:Epoch: 19, Iteration: 137, Loss: 0.1648629754781723
INFO:root:Epoch: 19, Iteration: 138, Loss: 0.33720147609710693
INFO:root:Epoch: 19, Iteration: 139, Loss: 0.1517218053340912
INFO:root:Epoch: 19, Iteration: 140, Loss: 0.1788874864578247
INFO:root:Validation set mIOU: 75.95277290446609
INFO:root:Epoch: 20, Iteration: 141, Loss: 0.16195040941238403
INFO:root:Epoch: 20, Iteration: 142, Loss: 0.16708260774612427
INFO:root:Epoch: 20, Iteration: 143, Loss: 0.18579645454883575
INFO:root:Epoch: 20, Iteration: 144, Loss: 0.17230524122714996
INFO:root:Epoch: 20, Iteration: 145, Loss: 0.14516454935073853
INFO:root:Epoch: 20, Iteration: 146, Loss: 0.25287726521492004
INFO:root:Epoch: 20, Iteration: 147, Loss: 0.14131811261177063
INFO:root:Validation set mIOU: 76.85618844756564
INFO:root:Epoch: 21, Iteration: 148, Loss: 0.23091833293437958
INFO:root:Epoch: 21, Iteration: 149, Loss: 0.16959509253501892
INFO:root:Epoch: 21, Iteration: 150, Loss: 0.15635213255882263
INFO:root:Epoch: 21, Iteration: 151, Loss: 0.15586739778518677
INFO:root:Epoch: 21, Iteration: 152, Loss: 0.16084197163581848
INFO:root:Epoch: 21, Iteration: 153, Loss: 0.15552565455436707
INFO:root:Epoch: 21, Iteration: 154, Loss: 0.15328139066696167
INFO:root:Validation set mIOU: 78.15021525920525
INFO:root:Epoch: 22, Iteration: 155, Loss: 0.18666116893291473
INFO:root:Epoch: 22, Iteration: 156, Loss: 0.1583004891872406
INFO:root:Epoch: 22, Iteration: 157, Loss: 0.1924750655889511
INFO:root:Epoch: 22, Iteration: 158, Loss: 0.1491476148366928
INFO:root:Epoch: 22, Iteration: 159, Loss: 0.16544808447360992
INFO:root:Epoch: 22, Iteration: 160, Loss: 0.15986017882823944
INFO:root:Epoch: 22, Iteration: 161, Loss: 0.18291456997394562
INFO:root:Validation set mIOU: 77.4123728951924
INFO:root:Epoch: 23, Iteration: 162, Loss: 0.19037145376205444
INFO:root:Epoch: 23, Iteration: 163, Loss: 0.16247540712356567
INFO:root:Epoch: 23, Iteration: 164, Loss: 0.1439865678548813
INFO:root:Epoch: 23, Iteration: 165, Loss: 0.18891488015651703
INFO:root:Epoch: 23, Iteration: 166, Loss: 0.13124774396419525
INFO:root:Epoch: 23, Iteration: 167, Loss: 0.14465902745723724
INFO:root:Epoch: 23, Iteration: 168, Loss: 0.19649487733840942
INFO:root:Validation set mIOU: 78.28131302072148
INFO:root:Epoch: 24, Iteration: 169, Loss: 0.1283000409603119
INFO:root:Epoch: 24, Iteration: 170, Loss: 0.21291843056678772
INFO:root:Epoch: 24, Iteration: 171, Loss: 0.12999573349952698
INFO:root:Epoch: 24, Iteration: 172, Loss: 0.18439620733261108
INFO:root:Epoch: 24, Iteration: 173, Loss: 0.15668416023254395
INFO:root:Epoch: 24, Iteration: 174, Loss: 0.1152774840593338
INFO:root:Epoch: 24, Iteration: 175, Loss: 0.14734570682048798
INFO:root:Validation set mIOU: 77.96344513773411
INFO:root:Epoch: 25, Iteration: 176, Loss: 0.1575821042060852
INFO:root:Epoch: 25, Iteration: 177, Loss: 0.138705313205719
INFO:root:Epoch: 25, Iteration: 178, Loss: 0.14101921021938324
INFO:root:Epoch: 25, Iteration: 179, Loss: 0.12541653215885162
INFO:root:Epoch: 25, Iteration: 180, Loss: 0.1665945202112198
INFO:root:Epoch: 25, Iteration: 181, Loss: 0.15273736417293549
INFO:root:Epoch: 25, Iteration: 182, Loss: 0.14936615526676178
INFO:root:Validation set mIOU: 78.89842121693779
INFO:root:Epoch: 26, Iteration: 183, Loss: 0.14899301528930664
INFO:root:Epoch: 26, Iteration: 184, Loss: 0.1812540739774704
INFO:root:Epoch: 26, Iteration: 185, Loss: 0.2185283899307251
INFO:root:Epoch: 26, Iteration: 186, Loss: 0.13579747080802917
INFO:root:Epoch: 26, Iteration: 187, Loss: 0.1944040060043335
INFO:root:Epoch: 26, Iteration: 188, Loss: 0.1893644779920578
INFO:root:Epoch: 26, Iteration: 189, Loss: 0.17555496096611023
INFO:root:Validation set mIOU: 78.70693571573591
INFO:root:Epoch: 27, Iteration: 190, Loss: 0.16538318991661072
INFO:root:Epoch: 27, Iteration: 191, Loss: 0.12197798490524292
INFO:root:Epoch: 27, Iteration: 192, Loss: 0.24245798587799072
INFO:root:Epoch: 27, Iteration: 193, Loss: 0.18441034853458405
INFO:root:Epoch: 27, Iteration: 194, Loss: 0.12623174488544464
INFO:root:Epoch: 27, Iteration: 195, Loss: 0.1335802972316742
INFO:root:Epoch: 27, Iteration: 196, Loss: 0.15373234450817108
INFO:root:Validation set mIOU: 78.13300140680597
INFO:root:Epoch: 28, Iteration: 197, Loss: 0.14561785757541656
INFO:root:Epoch: 28, Iteration: 198, Loss: 0.17642568051815033
INFO:root:Epoch: 28, Iteration: 199, Loss: 0.1501668393611908
INFO:root:Epoch: 28, Iteration: 200, Loss: 0.146885484457016
INFO:root:Epoch: 28, Iteration: 201, Loss: 0.1580256223678589
INFO:root:Epoch: 28, Iteration: 202, Loss: 0.15840135514736176
INFO:root:Epoch: 28, Iteration: 203, Loss: 0.16681627929210663
INFO:root:Validation set mIOU: 78.40556698567468
INFO:root:Epoch: 29, Iteration: 204, Loss: 0.1614164412021637
INFO:root:Epoch: 29, Iteration: 205, Loss: 0.1630130112171173
INFO:root:Epoch: 29, Iteration: 206, Loss: 0.14559508860111237
INFO:root:Epoch: 29, Iteration: 207, Loss: 0.11972193419933319
INFO:root:Epoch: 29, Iteration: 208, Loss: 0.1178407296538353
INFO:root:Epoch: 29, Iteration: 209, Loss: 0.15583503246307373
INFO:root:Epoch: 29, Iteration: 210, Loss: 0.14287622272968292
INFO:root:Validation set mIOU: 79.17999400113621
INFO:root:Epoch: 30, Iteration: 211, Loss: 0.16903813183307648
INFO:root:Epoch: 30, Iteration: 212, Loss: 0.14782077074050903
INFO:root:Epoch: 30, Iteration: 213, Loss: 0.11096581816673279
INFO:root:Epoch: 30, Iteration: 214, Loss: 0.12993906438350677
INFO:root:Epoch: 30, Iteration: 215, Loss: 0.14198072254657745
INFO:root:Epoch: 30, Iteration: 216, Loss: 0.1909855306148529
INFO:root:Epoch: 30, Iteration: 217, Loss: 0.10905908048152924
INFO:root:Validation set mIOU: 78.9796754791401
INFO:root:Epoch: 31, Iteration: 218, Loss: 0.16349008679389954
INFO:root:Epoch: 31, Iteration: 219, Loss: 0.18978124856948853
INFO:root:Epoch: 31, Iteration: 220, Loss: 0.13650526106357574
INFO:root:Epoch: 31, Iteration: 221, Loss: 0.13185301423072815
INFO:root:Epoch: 31, Iteration: 222, Loss: 0.12979736924171448
INFO:root:Epoch: 31, Iteration: 223, Loss: 0.13884489238262177
INFO:root:Epoch: 31, Iteration: 224, Loss: 0.12972909212112427
INFO:root:Validation set mIOU: 78.83313973832227
INFO:root:Epoch: 32, Iteration: 225, Loss: 0.14353635907173157
INFO:root:Epoch: 32, Iteration: 226, Loss: 0.16492190957069397
INFO:root:Epoch: 32, Iteration: 227, Loss: 0.10811338573694229
INFO:root:Epoch: 32, Iteration: 228, Loss: 0.1304587721824646
INFO:root:Epoch: 32, Iteration: 229, Loss: 0.13192132115364075
INFO:root:Epoch: 32, Iteration: 230, Loss: 0.14499999582767487
INFO:root:Epoch: 32, Iteration: 231, Loss: 0.15279535949230194
INFO:root:Validation set mIOU: 78.85933320764157
INFO:root:Epoch: 33, Iteration: 232, Loss: 0.13278743624687195
INFO:root:Epoch: 33, Iteration: 233, Loss: 0.12682145833969116
INFO:root:Epoch: 33, Iteration: 234, Loss: 0.1247817650437355
INFO:root:Epoch: 33, Iteration: 235, Loss: 0.14249558746814728
INFO:root:Epoch: 33, Iteration: 236, Loss: 0.12592262029647827
INFO:root:Epoch: 33, Iteration: 237, Loss: 0.1431489735841751
INFO:root:Epoch: 33, Iteration: 238, Loss: 0.14911748468875885
INFO:root:Validation set mIOU: 79.51646194955767
INFO:root:Epoch: 34, Iteration: 239, Loss: 0.1298416405916214
INFO:root:Epoch: 34, Iteration: 240, Loss: 0.1608847826719284
INFO:root:Epoch: 34, Iteration: 241, Loss: 0.13963378965854645
INFO:root:Epoch: 34, Iteration: 242, Loss: 0.14748428761959076
INFO:root:Epoch: 34, Iteration: 243, Loss: 0.12904100120067596
INFO:root:Epoch: 34, Iteration: 244, Loss: 0.12888078391551971
INFO:root:Epoch: 34, Iteration: 245, Loss: 0.1438092440366745
INFO:root:Validation set mIOU: 79.07166832807717
INFO:root:Epoch: 35, Iteration: 246, Loss: 0.14247922599315643
INFO:root:Epoch: 35, Iteration: 247, Loss: 0.1714448481798172
INFO:root:Epoch: 35, Iteration: 248, Loss: 0.1699480563402176
INFO:root:Epoch: 35, Iteration: 249, Loss: 0.13786429166793823
INFO:root:Epoch: 35, Iteration: 250, Loss: 0.12512147426605225
INFO:root:Epoch: 35, Iteration: 251, Loss: 0.23595377802848816
INFO:root:Epoch: 35, Iteration: 252, Loss: 0.15123972296714783
INFO:root:Validation set mIOU: 79.78887701021237
INFO:root:Epoch: 36, Iteration: 253, Loss: 0.13555395603179932
INFO:root:Epoch: 36, Iteration: 254, Loss: 0.13993579149246216
INFO:root:Epoch: 36, Iteration: 255, Loss: 0.1430172622203827
INFO:root:Epoch: 36, Iteration: 256, Loss: 0.13913452625274658
INFO:root:Epoch: 36, Iteration: 257, Loss: 0.12690947949886322
INFO:root:Epoch: 36, Iteration: 258, Loss: 0.12069512903690338
INFO:root:Epoch: 36, Iteration: 259, Loss: 0.1570928394794464
INFO:root:Validation set mIOU: 80.00194222062106
INFO:root:Epoch: 37, Iteration: 260, Loss: 0.14161750674247742
INFO:root:Epoch: 37, Iteration: 261, Loss: 0.11696846038103104
INFO:root:Epoch: 37, Iteration: 262, Loss: 0.14095517992973328
INFO:root:Epoch: 37, Iteration: 263, Loss: 0.12519647181034088
INFO:root:Epoch: 37, Iteration: 264, Loss: 0.11456247419118881
INFO:root:Epoch: 37, Iteration: 265, Loss: 0.21371331810951233
INFO:root:Epoch: 37, Iteration: 266, Loss: 0.14110010862350464
INFO:root:Validation set mIOU: 79.84716488393987
INFO:root:Epoch: 38, Iteration: 267, Loss: 0.18748459219932556
INFO:root:Epoch: 38, Iteration: 268, Loss: 0.12712377309799194
INFO:root:Epoch: 38, Iteration: 269, Loss: 0.16699431836605072
INFO:root:Epoch: 38, Iteration: 270, Loss: 0.14311496913433075
INFO:root:Epoch: 38, Iteration: 271, Loss: 0.14632166922092438
INFO:root:Epoch: 38, Iteration: 272, Loss: 0.13424085080623627
INFO:root:Epoch: 38, Iteration: 273, Loss: 0.14295242726802826
INFO:root:Validation set mIOU: 80.2683556392326
INFO:root:Epoch: 39, Iteration: 274, Loss: 0.12775667011737823
INFO:root:Epoch: 39, Iteration: 275, Loss: 0.13502797484397888
INFO:root:Epoch: 39, Iteration: 276, Loss: 0.124065101146698
INFO:root:Epoch: 39, Iteration: 277, Loss: 0.11810406297445297
INFO:root:Epoch: 39, Iteration: 278, Loss: 0.16071316599845886
INFO:root:Epoch: 39, Iteration: 279, Loss: 0.10773348063230515
INFO:root:Epoch: 39, Iteration: 280, Loss: 0.11545467376708984
INFO:root:Validation set mIOU: 79.66642920463129
INFO:root:Epoch: 40, Iteration: 281, Loss: 0.16261222958564758
INFO:root:Epoch: 40, Iteration: 282, Loss: 0.17122839391231537
INFO:root:Epoch: 40, Iteration: 283, Loss: 0.17130176723003387
INFO:root:Epoch: 40, Iteration: 284, Loss: 0.140213742852211
INFO:root:Epoch: 40, Iteration: 285, Loss: 0.12283624708652496
INFO:root:Epoch: 40, Iteration: 286, Loss: 0.1405690610408783
INFO:root:Epoch: 40, Iteration: 287, Loss: 0.15828289091587067
INFO:root:Validation set mIOU: 80.74338910069932
INFO:root:Epoch: 41, Iteration: 288, Loss: 0.16577798128128052
INFO:root:Epoch: 41, Iteration: 289, Loss: 0.11133493483066559
INFO:root:Epoch: 41, Iteration: 290, Loss: 0.11452703177928925
INFO:root:Epoch: 41, Iteration: 291, Loss: 0.15659582614898682
INFO:root:Epoch: 41, Iteration: 292, Loss: 0.14184223115444183
INFO:root:Epoch: 41, Iteration: 293, Loss: 0.108718141913414
INFO:root:Epoch: 41, Iteration: 294, Loss: 0.13207605481147766
INFO:root:Validation set mIOU: 80.00199745617475
INFO:root:Epoch: 42, Iteration: 295, Loss: 0.14115694165229797
INFO:root:Epoch: 42, Iteration: 296, Loss: 0.11770885437726974
INFO:root:Epoch: 42, Iteration: 297, Loss: 0.12699267268180847
INFO:root:Epoch: 42, Iteration: 298, Loss: 0.1360606998205185
INFO:root:Epoch: 42, Iteration: 299, Loss: 0.1668977290391922
INFO:root:Epoch: 42, Iteration: 300, Loss: 0.11683733016252518
INFO:root:Epoch: 42, Iteration: 301, Loss: 0.10280580073595047
INFO:root:Validation set mIOU: 80.44551349087197
INFO:root:Epoch: 43, Iteration: 302, Loss: 0.13124120235443115
INFO:root:Epoch: 43, Iteration: 303, Loss: 0.10731187462806702
INFO:root:Epoch: 43, Iteration: 304, Loss: 0.1265581250190735
INFO:root:Epoch: 43, Iteration: 305, Loss: 0.11310750246047974
INFO:root:Epoch: 43, Iteration: 306, Loss: 0.13275039196014404
INFO:root:Epoch: 43, Iteration: 307, Loss: 0.11069588363170624
INFO:root:Epoch: 43, Iteration: 308, Loss: 0.1748286783695221
INFO:root:Validation set mIOU: 80.89928375107614
INFO:root:Epoch: 44, Iteration: 309, Loss: 0.10682552307844162
INFO:root:Epoch: 44, Iteration: 310, Loss: 0.13222819566726685
INFO:root:Epoch: 44, Iteration: 311, Loss: 0.16030840575695038
INFO:root:Epoch: 44, Iteration: 312, Loss: 0.1533556431531906
INFO:root:Epoch: 44, Iteration: 313, Loss: 0.1817859709262848
INFO:root:Epoch: 44, Iteration: 314, Loss: 0.13812297582626343
INFO:root:Epoch: 44, Iteration: 315, Loss: 0.10988067090511322
INFO:root:Validation set mIOU: 80.52514629783843
INFO:root:Epoch: 45, Iteration: 316, Loss: 0.14422647655010223
INFO:root:Epoch: 45, Iteration: 317, Loss: 0.12864795327186584
INFO:root:Epoch: 45, Iteration: 318, Loss: 0.11405852437019348
INFO:root:Epoch: 45, Iteration: 319, Loss: 0.12979023158550262
INFO:root:Epoch: 45, Iteration: 320, Loss: 0.12752628326416016
INFO:root:Epoch: 45, Iteration: 321, Loss: 0.16238780319690704
INFO:root:Epoch: 45, Iteration: 322, Loss: 0.133294939994812
INFO:root:Validation set mIOU: 80.91869364964998
INFO:root:Epoch: 46, Iteration: 323, Loss: 0.16258326172828674
INFO:root:Epoch: 46, Iteration: 324, Loss: 0.16330711543560028
INFO:root:Epoch: 46, Iteration: 325, Loss: 0.14090260863304138
INFO:root:Epoch: 46, Iteration: 326, Loss: 0.1333547979593277
INFO:root:Epoch: 46, Iteration: 327, Loss: 0.12340966612100601
INFO:root:Epoch: 46, Iteration: 328, Loss: 0.1202029287815094
INFO:root:Epoch: 46, Iteration: 329, Loss: 0.1431322544813156
INFO:root:Validation set mIOU: 80.80365971884481
INFO:root:Epoch: 47, Iteration: 330, Loss: 0.1398259550333023
INFO:root:Epoch: 47, Iteration: 331, Loss: 0.10922445356845856
INFO:root:Epoch: 47, Iteration: 332, Loss: 0.11805815249681473
INFO:root:Epoch: 47, Iteration: 333, Loss: 0.133544921875
INFO:root:Epoch: 47, Iteration: 334, Loss: 0.10553820431232452
INFO:root:Epoch: 47, Iteration: 335, Loss: 0.12289103865623474
INFO:root:Epoch: 47, Iteration: 336, Loss: 0.1532692313194275
INFO:root:Validation set mIOU: 80.81595931642983
INFO:root:Epoch: 48, Iteration: 337, Loss: 0.104672372341156
INFO:root:Epoch: 48, Iteration: 338, Loss: 0.11859901994466782
INFO:root:Epoch: 48, Iteration: 339, Loss: 0.12559862434864044
INFO:root:Epoch: 48, Iteration: 340, Loss: 0.1106727197766304
INFO:root:Epoch: 48, Iteration: 341, Loss: 0.161651611328125
INFO:root:Epoch: 48, Iteration: 342, Loss: 0.18284083902835846
INFO:root:Epoch: 48, Iteration: 343, Loss: 0.12699252367019653
INFO:root:Validation set mIOU: 80.72644925393021
INFO:root:Epoch: 49, Iteration: 344, Loss: 0.11402370035648346
INFO:root:Epoch: 49, Iteration: 345, Loss: 0.16247151792049408
INFO:root:Epoch: 49, Iteration: 346, Loss: 0.1454993486404419
INFO:root:Epoch: 49, Iteration: 347, Loss: 0.11428966373205185
INFO:root:Epoch: 49, Iteration: 348, Loss: 0.10935989767313004
INFO:root:Epoch: 49, Iteration: 349, Loss: 0.1697298288345337
INFO:root:Epoch: 49, Iteration: 350, Loss: 0.1339869350194931
INFO:root:Validation set mIOU: 80.61823931776101
INFO:root:Epoch: 50, Iteration: 351, Loss: 0.1352304220199585
INFO:root:Epoch: 50, Iteration: 352, Loss: 0.13583038747310638
INFO:root:Epoch: 50, Iteration: 353, Loss: 0.12333262711763382
INFO:root:Epoch: 50, Iteration: 354, Loss: 0.10020159184932709
INFO:root:Epoch: 50, Iteration: 355, Loss: 0.1542009711265564
INFO:root:Epoch: 50, Iteration: 356, Loss: 0.1361769288778305
INFO:root:Epoch: 50, Iteration: 357, Loss: 0.12976007163524628
INFO:root:Validation set mIOU: 81.02373077018474
INFO:root:Epoch: 51, Iteration: 358, Loss: 0.11477237194776535
INFO:root:Epoch: 51, Iteration: 359, Loss: 0.15267279744148254
INFO:root:Epoch: 51, Iteration: 360, Loss: 0.11195941269397736
INFO:root:Epoch: 51, Iteration: 361, Loss: 0.11300545185804367
INFO:root:Epoch: 51, Iteration: 362, Loss: 0.12407702952623367
INFO:root:Epoch: 51, Iteration: 363, Loss: 0.11328577250242233
INFO:root:Epoch: 51, Iteration: 364, Loss: 0.15464557707309723
INFO:root:Validation set mIOU: 81.0485131199688
INFO:root:Epoch: 52, Iteration: 365, Loss: 0.17778979241847992
INFO:root:Epoch: 52, Iteration: 366, Loss: 0.11755194514989853
INFO:root:Epoch: 52, Iteration: 367, Loss: 0.11127012223005295
INFO:root:Epoch: 52, Iteration: 368, Loss: 0.1367618590593338
INFO:root:Epoch: 52, Iteration: 369, Loss: 0.14102007448673248
INFO:root:Epoch: 52, Iteration: 370, Loss: 0.1070333793759346
INFO:root:Epoch: 52, Iteration: 371, Loss: 0.14137858152389526
INFO:root:Validation set mIOU: 81.11942261567006
INFO:root:Epoch: 53, Iteration: 372, Loss: 0.14112567901611328
INFO:root:Epoch: 53, Iteration: 373, Loss: 0.12711754441261292
INFO:root:Epoch: 53, Iteration: 374, Loss: 0.13396048545837402
INFO:root:Epoch: 53, Iteration: 375, Loss: 0.1489143967628479
INFO:root:Epoch: 53, Iteration: 376, Loss: 0.12694260478019714
INFO:root:Epoch: 53, Iteration: 377, Loss: 0.14527012407779694
INFO:root:Epoch: 53, Iteration: 378, Loss: 0.14481239020824432
INFO:root:Validation set mIOU: 81.03566135438382
INFO:root:Epoch: 54, Iteration: 379, Loss: 0.11126405745744705
INFO:root:Epoch: 54, Iteration: 380, Loss: 0.1258065402507782
INFO:root:Epoch: 54, Iteration: 381, Loss: 0.13623066246509552
INFO:root:Epoch: 54, Iteration: 382, Loss: 0.14302466809749603
INFO:root:Epoch: 54, Iteration: 383, Loss: 0.1384713053703308
INFO:root:Epoch: 54, Iteration: 384, Loss: 0.08651018142700195
INFO:root:Epoch: 54, Iteration: 385, Loss: 0.12254823744297028
INFO:root:Validation set mIOU: 81.13574920678064
INFO:root:Epoch: 55, Iteration: 386, Loss: 0.09962921589612961
INFO:root:Epoch: 55, Iteration: 387, Loss: 0.1458626240491867
INFO:root:Epoch: 55, Iteration: 388, Loss: 0.10482141375541687
INFO:root:Epoch: 55, Iteration: 389, Loss: 0.14923174679279327
INFO:root:Epoch: 55, Iteration: 390, Loss: 0.1249564066529274
INFO:root:Epoch: 55, Iteration: 391, Loss: 0.12353887408971786
INFO:root:Epoch: 55, Iteration: 392, Loss: 0.15032954514026642
INFO:root:Validation set mIOU: 81.63767450518846
INFO:root:Epoch: 56, Iteration: 393, Loss: 0.11590427905321121
INFO:root:Epoch: 56, Iteration: 394, Loss: 0.1789172887802124
INFO:root:Epoch: 56, Iteration: 395, Loss: 0.12010969966650009
INFO:root:Epoch: 56, Iteration: 396, Loss: 0.10965490341186523
INFO:root:Epoch: 56, Iteration: 397, Loss: 0.12626244127750397
INFO:root:Epoch: 56, Iteration: 398, Loss: 0.11776217073202133
INFO:root:Epoch: 56, Iteration: 399, Loss: 0.15720853209495544
INFO:root:Validation set mIOU: 81.47300486460229
INFO:root:Epoch: 57, Iteration: 400, Loss: 0.10638397932052612
INFO:root:Epoch: 57, Iteration: 401, Loss: 0.1203189268708229
INFO:root:Epoch: 57, Iteration: 402, Loss: 0.10999339073896408
INFO:root:Epoch: 57, Iteration: 403, Loss: 0.1385265588760376
INFO:root:Epoch: 57, Iteration: 404, Loss: 0.10458089411258698
INFO:root:Epoch: 57, Iteration: 405, Loss: 0.11246268451213837
INFO:root:Epoch: 57, Iteration: 406, Loss: 0.11861135065555573
INFO:root:Validation set mIOU: 81.60150280974668
INFO:root:Epoch: 58, Iteration: 407, Loss: 0.12432266771793365
INFO:root:Epoch: 58, Iteration: 408, Loss: 0.14327462017536163
INFO:root:Epoch: 58, Iteration: 409, Loss: 0.11835972964763641
INFO:root:Epoch: 58, Iteration: 410, Loss: 0.12377151101827621
INFO:root:Epoch: 58, Iteration: 411, Loss: 0.12135870009660721
INFO:root:Epoch: 58, Iteration: 412, Loss: 0.11276578158140182
INFO:root:Epoch: 58, Iteration: 413, Loss: 0.08992097526788712
INFO:root:Validation set mIOU: 81.33822642459052
INFO:root:Epoch: 59, Iteration: 414, Loss: 0.11715897917747498
INFO:root:Epoch: 59, Iteration: 415, Loss: 0.1185682862997055
INFO:root:Epoch: 59, Iteration: 416, Loss: 0.12864960730075836
INFO:root:Epoch: 59, Iteration: 417, Loss: 0.12635020911693573
INFO:root:Epoch: 59, Iteration: 418, Loss: 0.1294398009777069
INFO:root:Epoch: 59, Iteration: 419, Loss: 0.20223625004291534
INFO:root:Epoch: 59, Iteration: 420, Loss: 0.12493972480297089
INFO:root:Validation set mIOU: 81.47991038502308
INFO:root:Epoch: 60, Iteration: 421, Loss: 0.11627727001905441
INFO:root:Epoch: 60, Iteration: 422, Loss: 0.1129867359995842
INFO:root:Epoch: 60, Iteration: 423, Loss: 0.11685695499181747
INFO:root:Epoch: 60, Iteration: 424, Loss: 0.11224951595067978
INFO:root:Epoch: 60, Iteration: 425, Loss: 0.13787204027175903
INFO:root:Epoch: 60, Iteration: 426, Loss: 0.0915258377790451
INFO:root:Epoch: 60, Iteration: 427, Loss: 0.14059345424175262
INFO:root:Validation set mIOU: 81.61442845491308
INFO:root:Epoch: 61, Iteration: 428, Loss: 0.11765512079000473
INFO:root:Epoch: 61, Iteration: 429, Loss: 0.12020483613014221
INFO:root:Epoch: 61, Iteration: 430, Loss: 0.11564970761537552
INFO:root:Epoch: 61, Iteration: 431, Loss: 0.12242639809846878
INFO:root:Epoch: 61, Iteration: 432, Loss: 0.1177477017045021
INFO:root:Epoch: 61, Iteration: 433, Loss: 0.10645537823438644
INFO:root:Epoch: 61, Iteration: 434, Loss: 0.12287989258766174
INFO:root:Validation set mIOU: 80.98656006038387
INFO:root:Epoch: 62, Iteration: 435, Loss: 0.09876121580600739
INFO:root:Epoch: 62, Iteration: 436, Loss: 0.1789860874414444
INFO:root:Epoch: 62, Iteration: 437, Loss: 0.2512202560901642
INFO:root:Epoch: 62, Iteration: 438, Loss: 0.12370544672012329
INFO:root:Epoch: 62, Iteration: 439, Loss: 0.10831891745328903
INFO:root:Epoch: 62, Iteration: 440, Loss: 0.11279744654893875
INFO:root:Epoch: 62, Iteration: 441, Loss: 0.13614237308502197
INFO:root:Validation set mIOU: 81.7108697246831
INFO:root:Epoch: 63, Iteration: 442, Loss: 0.11120662093162537
INFO:root:Epoch: 63, Iteration: 443, Loss: 0.126043900847435
INFO:root:Epoch: 63, Iteration: 444, Loss: 0.1460283249616623
INFO:root:Epoch: 63, Iteration: 445, Loss: 0.12843555212020874
INFO:root:Epoch: 63, Iteration: 446, Loss: 0.1010429859161377
INFO:root:Epoch: 63, Iteration: 447, Loss: 0.12496306747198105
INFO:root:Epoch: 63, Iteration: 448, Loss: 0.12244075536727905
INFO:root:Validation set mIOU: 81.50392432174048
INFO:root:Epoch: 64, Iteration: 449, Loss: 0.13684207201004028
INFO:root:Epoch: 64, Iteration: 450, Loss: 0.10661482810974121
INFO:root:Epoch: 64, Iteration: 451, Loss: 0.1279149055480957
INFO:root:Epoch: 64, Iteration: 452, Loss: 0.11237782984972
INFO:root:Epoch: 64, Iteration: 453, Loss: 0.16339489817619324
INFO:root:Epoch: 64, Iteration: 454, Loss: 0.1430245190858841
INFO:root:Epoch: 64, Iteration: 455, Loss: 0.1151711568236351
INFO:root:Validation set mIOU: 81.11042514032661
INFO:root:Epoch: 65, Iteration: 456, Loss: 0.11983362585306168
INFO:root:Epoch: 65, Iteration: 457, Loss: 0.12736831605434418
INFO:root:Epoch: 65, Iteration: 458, Loss: 0.12575022876262665
INFO:root:Epoch: 65, Iteration: 459, Loss: 0.13714100420475006
INFO:root:Epoch: 65, Iteration: 460, Loss: 0.12600025534629822
INFO:root:Epoch: 65, Iteration: 461, Loss: 0.09827546775341034
INFO:root:Epoch: 65, Iteration: 462, Loss: 0.1304473727941513
INFO:root:Validation set mIOU: 81.5639934089127
INFO:root:Epoch: 66, Iteration: 463, Loss: 0.1175088882446289
INFO:root:Epoch: 66, Iteration: 464, Loss: 0.11545944958925247
INFO:root:Epoch: 66, Iteration: 465, Loss: 0.09714258462190628
INFO:root:Epoch: 66, Iteration: 466, Loss: 0.1420866996049881
INFO:root:Epoch: 66, Iteration: 467, Loss: 0.14609456062316895
INFO:root:Epoch: 66, Iteration: 468, Loss: 0.15664641559123993
INFO:root:Epoch: 66, Iteration: 469, Loss: 0.10703420639038086
INFO:root:Validation set mIOU: 81.58463963576409
INFO:root:Epoch: 67, Iteration: 470, Loss: 0.11260628700256348
INFO:root:Epoch: 67, Iteration: 471, Loss: 0.10785633325576782
INFO:root:Epoch: 67, Iteration: 472, Loss: 0.14012309908866882
INFO:root:Epoch: 67, Iteration: 473, Loss: 0.11092488467693329
INFO:root:Epoch: 67, Iteration: 474, Loss: 0.12210763990879059
INFO:root:Epoch: 67, Iteration: 475, Loss: 0.10975503921508789
INFO:root:Epoch: 67, Iteration: 476, Loss: 0.1143532544374466
INFO:root:Validation set mIOU: 81.61120007013226
INFO:root:Epoch: 68, Iteration: 477, Loss: 0.12263376265764236
INFO:root:Epoch: 68, Iteration: 478, Loss: 0.16093851625919342
INFO:root:Epoch: 68, Iteration: 479, Loss: 0.09227893501520157
INFO:root:Epoch: 68, Iteration: 480, Loss: 0.10803614556789398
INFO:root:Epoch: 68, Iteration: 481, Loss: 0.10712730139493942
INFO:root:Epoch: 68, Iteration: 482, Loss: 0.1552084982395172
INFO:root:Epoch: 68, Iteration: 483, Loss: 0.10837418586015701
INFO:root:Validation set mIOU: 81.72147912688138
INFO:root:Epoch: 69, Iteration: 484, Loss: 0.10746660828590393
INFO:root:Epoch: 69, Iteration: 485, Loss: 0.11847715079784393
INFO:root:Epoch: 69, Iteration: 486, Loss: 0.1249503642320633
INFO:root:Epoch: 69, Iteration: 487, Loss: 0.12777790427207947
INFO:root:Epoch: 69, Iteration: 488, Loss: 0.10547268390655518
INFO:root:Epoch: 69, Iteration: 489, Loss: 0.12518851459026337
INFO:root:Epoch: 69, Iteration: 490, Loss: 0.12415621429681778
INFO:root:Validation set mIOU: 81.26625929980696
INFO:root:Epoch: 70, Iteration: 491, Loss: 0.12974707782268524
INFO:root:Epoch: 70, Iteration: 492, Loss: 0.1118805930018425
INFO:root:Epoch: 70, Iteration: 493, Loss: 0.135191410779953
INFO:root:Epoch: 70, Iteration: 494, Loss: 0.08447004109621048
INFO:root:Epoch: 70, Iteration: 495, Loss: 0.15069107711315155
INFO:root:Epoch: 70, Iteration: 496, Loss: 0.10694477707147598
INFO:root:Epoch: 70, Iteration: 497, Loss: 0.12181136012077332
INFO:root:Validation set mIOU: 81.59325955859383
INFO:root:Epoch: 71, Iteration: 498, Loss: 0.10504123568534851
INFO:root:Epoch: 71, Iteration: 499, Loss: 0.09323973953723907
INFO:root:Epoch: 71, Iteration: 500, Loss: 0.09424199908971786
INFO:root:Epoch: 71, Iteration: 501, Loss: 0.11840458959341049
INFO:root:Epoch: 71, Iteration: 502, Loss: 0.17435216903686523
INFO:root:Epoch: 71, Iteration: 503, Loss: 0.1322769820690155
INFO:root:Epoch: 71, Iteration: 504, Loss: 0.11966529488563538
INFO:root:Validation set mIOU: 81.90744550220307
INFO:root:Epoch: 72, Iteration: 505, Loss: 0.12122181057929993
INFO:root:Epoch: 72, Iteration: 506, Loss: 0.108213871717453
INFO:root:Epoch: 72, Iteration: 507, Loss: 0.11005452275276184
INFO:root:Epoch: 72, Iteration: 508, Loss: 0.1260550320148468
INFO:root:Epoch: 72, Iteration: 509, Loss: 0.11651378124952316
INFO:root:Epoch: 72, Iteration: 510, Loss: 0.11126559227705002
INFO:root:Epoch: 72, Iteration: 511, Loss: 0.14139004051685333
INFO:root:Validation set mIOU: 81.63210332991507
INFO:root:Epoch: 73, Iteration: 512, Loss: 0.08613438904285431
INFO:root:Epoch: 73, Iteration: 513, Loss: 0.1535402238368988
INFO:root:Epoch: 73, Iteration: 514, Loss: 0.123834989964962
INFO:root:Epoch: 73, Iteration: 515, Loss: 0.10687816888093948
INFO:root:Epoch: 73, Iteration: 516, Loss: 0.11536416411399841
INFO:root:Epoch: 73, Iteration: 517, Loss: 0.09672756493091583
INFO:root:Epoch: 73, Iteration: 518, Loss: 0.11412840336561203
INFO:root:Validation set mIOU: 81.95638315924808
INFO:root:Epoch: 74, Iteration: 519, Loss: 0.11329211294651031
INFO:root:Epoch: 74, Iteration: 520, Loss: 0.08361642062664032
INFO:root:Epoch: 74, Iteration: 521, Loss: 0.11712457239627838
INFO:root:Epoch: 74, Iteration: 522, Loss: 0.14058122038841248
INFO:root:Epoch: 74, Iteration: 523, Loss: 0.18683438003063202
INFO:root:Epoch: 74, Iteration: 524, Loss: 0.08848787844181061
INFO:root:Epoch: 74, Iteration: 525, Loss: 0.0870274156332016
INFO:root:Validation set mIOU: 81.78343024770163
INFO:root:Epoch: 75, Iteration: 526, Loss: 0.18183818459510803
INFO:root:Epoch: 75, Iteration: 527, Loss: 0.12084487825632095
INFO:root:Epoch: 75, Iteration: 528, Loss: 0.11947346478700638
INFO:root:Epoch: 75, Iteration: 529, Loss: 0.11538099497556686
INFO:root:Epoch: 75, Iteration: 530, Loss: 0.13809062540531158
INFO:root:Epoch: 75, Iteration: 531, Loss: 0.10974332690238953
INFO:root:Epoch: 75, Iteration: 532, Loss: 0.12239731848239899
INFO:root:Validation set mIOU: 81.7821922546868
INFO:root:Epoch: 76, Iteration: 533, Loss: 0.10308992117643356
INFO:root:Epoch: 76, Iteration: 534, Loss: 0.09956547617912292
INFO:root:Epoch: 76, Iteration: 535, Loss: 0.11100160330533981
INFO:root:Epoch: 76, Iteration: 536, Loss: 0.15022456645965576
INFO:root:Epoch: 76, Iteration: 537, Loss: 0.1196124479174614
INFO:root:Epoch: 76, Iteration: 538, Loss: 0.12786957621574402
INFO:root:Epoch: 76, Iteration: 539, Loss: 0.10892597585916519
INFO:root:Validation set mIOU: 81.45290435516345
INFO:root:Epoch: 77, Iteration: 540, Loss: 0.11644629389047623
INFO:root:Epoch: 77, Iteration: 541, Loss: 0.10786701738834381
INFO:root:Epoch: 77, Iteration: 542, Loss: 0.12334760278463364
INFO:root:Epoch: 77, Iteration: 543, Loss: 0.13148435950279236
INFO:root:Epoch: 77, Iteration: 544, Loss: 0.23930475115776062
INFO:root:Epoch: 77, Iteration: 545, Loss: 0.10114213079214096
INFO:root:Epoch: 77, Iteration: 546, Loss: 0.11663084477186203
INFO:root:Validation set mIOU: 81.46552432310709
INFO:root:Epoch: 78, Iteration: 547, Loss: 0.08431039750576019
INFO:root:Epoch: 78, Iteration: 548, Loss: 0.09991973638534546
INFO:root:Epoch: 78, Iteration: 549, Loss: 0.14684508740901947
INFO:root:Epoch: 78, Iteration: 550, Loss: 0.11673136055469513
INFO:root:Epoch: 78, Iteration: 551, Loss: 0.15556485950946808
INFO:root:Epoch: 78, Iteration: 552, Loss: 0.11735699325799942
INFO:root:Epoch: 78, Iteration: 553, Loss: 0.11505451053380966
INFO:root:Validation set mIOU: 82.08326717674458
INFO:root:Epoch: 79, Iteration: 554, Loss: 0.11017703264951706
INFO:root:Epoch: 79, Iteration: 555, Loss: 0.14050346612930298
INFO:root:Epoch: 79, Iteration: 556, Loss: 0.1223236545920372
INFO:root:Epoch: 79, Iteration: 557, Loss: 0.1285860389471054
INFO:root:Epoch: 79, Iteration: 558, Loss: 0.1044028252363205
INFO:root:Epoch: 79, Iteration: 559, Loss: 0.1158689334988594
INFO:root:Epoch: 79, Iteration: 560, Loss: 0.10937528312206268
INFO:root:Validation set mIOU: 82.04683235639435
INFO:root:Epoch: 80, Iteration: 561, Loss: 0.09440522640943527
INFO:root:Epoch: 80, Iteration: 562, Loss: 0.14468266069889069
INFO:root:Epoch: 80, Iteration: 563, Loss: 0.10285334289073944
INFO:root:Epoch: 80, Iteration: 564, Loss: 0.09472514688968658
INFO:root:Epoch: 80, Iteration: 565, Loss: 0.14051997661590576
INFO:root:Epoch: 80, Iteration: 566, Loss: 0.1514086276292801
INFO:root:Epoch: 80, Iteration: 567, Loss: 0.12701044976711273
INFO:root:Validation set mIOU: 81.9181386655092
INFO:root:Epoch: 81, Iteration: 568, Loss: 0.14386600255966187
INFO:root:Epoch: 81, Iteration: 569, Loss: 0.18010421097278595
INFO:root:Epoch: 81, Iteration: 570, Loss: 0.11495683342218399
INFO:root:Epoch: 81, Iteration: 571, Loss: 0.11264493316411972
INFO:root:Epoch: 81, Iteration: 572, Loss: 0.08799248933792114
INFO:root:Epoch: 81, Iteration: 573, Loss: 0.12984389066696167
INFO:root:Epoch: 81, Iteration: 574, Loss: 0.11541669070720673
INFO:root:Validation set mIOU: 81.78288763471117
INFO:root:Epoch: 82, Iteration: 575, Loss: 0.1598767340183258
INFO:root:Epoch: 82, Iteration: 576, Loss: 0.14023549854755402
INFO:root:Epoch: 82, Iteration: 577, Loss: 0.09960633516311646
INFO:root:Epoch: 82, Iteration: 578, Loss: 0.10020164400339127
INFO:root:Epoch: 82, Iteration: 579, Loss: 0.1072663962841034
INFO:root:Epoch: 82, Iteration: 580, Loss: 0.10985879600048065
INFO:root:Epoch: 82, Iteration: 581, Loss: 0.11961840093135834
INFO:root:Validation set mIOU: 81.86683380462783
INFO:root:Epoch: 83, Iteration: 582, Loss: 0.110508993268013
INFO:root:Epoch: 83, Iteration: 583, Loss: 0.12724000215530396
INFO:root:Epoch: 83, Iteration: 584, Loss: 0.12103858590126038
INFO:root:Epoch: 83, Iteration: 585, Loss: 0.12247669696807861
INFO:root:Epoch: 83, Iteration: 586, Loss: 0.09629855304956436
INFO:root:Epoch: 83, Iteration: 587, Loss: 0.20843082666397095
INFO:root:Epoch: 83, Iteration: 588, Loss: 0.11183681339025497
INFO:root:Validation set mIOU: 81.95889673885827
INFO:root:Epoch: 84, Iteration: 589, Loss: 0.09853606671094894
INFO:root:Epoch: 84, Iteration: 590, Loss: 0.13483794033527374
INFO:root:Epoch: 84, Iteration: 591, Loss: 0.128505140542984
INFO:root:Epoch: 84, Iteration: 592, Loss: 0.15508507192134857
INFO:root:Epoch: 84, Iteration: 593, Loss: 0.09944231808185577
INFO:root:Epoch: 84, Iteration: 594, Loss: 0.1093662902712822
INFO:root:Epoch: 84, Iteration: 595, Loss: 0.11213279515504837
INFO:root:Validation set mIOU: 82.0365064042838
INFO:root:Epoch: 85, Iteration: 596, Loss: 0.10822547972202301
INFO:root:Epoch: 85, Iteration: 597, Loss: 0.1134301945567131
INFO:root:Epoch: 85, Iteration: 598, Loss: 0.09543000906705856
INFO:root:Epoch: 85, Iteration: 599, Loss: 0.12177570164203644
INFO:root:Epoch: 85, Iteration: 600, Loss: 0.13483700156211853
INFO:root:Epoch: 85, Iteration: 601, Loss: 0.13097751140594482
INFO:root:Epoch: 85, Iteration: 602, Loss: 0.1340055763721466
INFO:root:Validation set mIOU: 81.7017499596429
INFO:root:Epoch: 86, Iteration: 603, Loss: 0.11175428330898285
INFO:root:Epoch: 86, Iteration: 604, Loss: 0.09713776409626007
INFO:root:Epoch: 86, Iteration: 605, Loss: 0.12616130709648132
INFO:root:Epoch: 86, Iteration: 606, Loss: 0.14199039340019226
INFO:root:Epoch: 86, Iteration: 607, Loss: 0.15545465052127838
INFO:root:Epoch: 86, Iteration: 608, Loss: 0.10719757527112961
INFO:root:Epoch: 86, Iteration: 609, Loss: 0.11690051108598709
INFO:root:Validation set mIOU: 81.95950702802682
INFO:root:Epoch: 87, Iteration: 610, Loss: 0.09826818853616714
INFO:root:Epoch: 87, Iteration: 611, Loss: 0.11666946858167648
INFO:root:Epoch: 87, Iteration: 612, Loss: 0.1025824025273323
INFO:root:Epoch: 87, Iteration: 613, Loss: 0.08992209285497665
INFO:root:Epoch: 87, Iteration: 614, Loss: 0.12374918162822723
INFO:root:Epoch: 87, Iteration: 615, Loss: 0.17318041622638702
INFO:root:Epoch: 87, Iteration: 616, Loss: 0.1311444193124771
INFO:root:Validation set mIOU: 82.0745963112425
INFO:root:Epoch: 88, Iteration: 617, Loss: 0.11318593472242355
INFO:root:Epoch: 88, Iteration: 618, Loss: 0.09650030732154846
INFO:root:Epoch: 88, Iteration: 619, Loss: 0.08825234323740005
INFO:root:Epoch: 88, Iteration: 620, Loss: 0.12126246839761734
INFO:root:Epoch: 88, Iteration: 621, Loss: 0.13135844469070435
INFO:root:Epoch: 88, Iteration: 622, Loss: 0.10515216737985611
INFO:root:Epoch: 88, Iteration: 623, Loss: 0.15228278934955597
INFO:root:Validation set mIOU: 82.15778405338746
INFO:root:Epoch: 89, Iteration: 624, Loss: 0.12661637365818024
INFO:root:Epoch: 89, Iteration: 625, Loss: 0.12632718682289124
INFO:root:Epoch: 89, Iteration: 626, Loss: 0.17340995371341705
INFO:root:Epoch: 89, Iteration: 627, Loss: 0.11419834941625595
INFO:root:Epoch: 89, Iteration: 628, Loss: 0.12079432606697083
INFO:root:Epoch: 89, Iteration: 629, Loss: 0.0966562032699585
INFO:root:Epoch: 89, Iteration: 630, Loss: 0.14404040575027466
INFO:root:Validation set mIOU: 81.94453642947423
INFO:root:Epoch: 90, Iteration: 631, Loss: 0.23438332974910736
INFO:root:Epoch: 90, Iteration: 632, Loss: 0.11246456950902939
INFO:root:Epoch: 90, Iteration: 633, Loss: 0.1070135161280632
INFO:root:Epoch: 90, Iteration: 634, Loss: 0.11576264351606369
INFO:root:Epoch: 90, Iteration: 635, Loss: 0.12721769511699677
INFO:root:Epoch: 90, Iteration: 636, Loss: 0.11308159679174423
INFO:root:Epoch: 90, Iteration: 637, Loss: 0.10214102268218994
INFO:root:Validation set mIOU: 82.06931438482668
INFO:root:Epoch: 91, Iteration: 638, Loss: 0.11293444037437439
INFO:root:Epoch: 91, Iteration: 639, Loss: 0.10629678517580032
INFO:root:Epoch: 91, Iteration: 640, Loss: 0.11300944536924362
INFO:root:Epoch: 91, Iteration: 641, Loss: 0.12812554836273193
INFO:root:Epoch: 91, Iteration: 642, Loss: 0.09275840222835541
INFO:root:Epoch: 91, Iteration: 643, Loss: 0.14837369322776794
INFO:root:Epoch: 91, Iteration: 644, Loss: 0.13811755180358887
INFO:root:Validation set mIOU: 82.21152294562513
INFO:root:Epoch: 92, Iteration: 645, Loss: 0.10708359628915787
INFO:root:Epoch: 92, Iteration: 646, Loss: 0.11908045411109924
INFO:root:Epoch: 92, Iteration: 647, Loss: 0.13787703216075897
INFO:root:Epoch: 92, Iteration: 648, Loss: 0.10560812056064606
INFO:root:Epoch: 92, Iteration: 649, Loss: 0.11034145206212997
INFO:root:Epoch: 92, Iteration: 650, Loss: 0.10712458938360214
INFO:root:Epoch: 92, Iteration: 651, Loss: 0.13987231254577637
INFO:root:Validation set mIOU: 82.0442813554271
INFO:root:Epoch: 93, Iteration: 652, Loss: 0.11196698248386383
INFO:root:Epoch: 93, Iteration: 653, Loss: 0.1003267839550972
INFO:root:Epoch: 93, Iteration: 654, Loss: 0.1374843865633011
INFO:root:Epoch: 93, Iteration: 655, Loss: 0.10498011112213135
INFO:root:Epoch: 93, Iteration: 656, Loss: 0.10201957821846008
INFO:root:Epoch: 93, Iteration: 657, Loss: 0.15418024361133575
INFO:root:Epoch: 93, Iteration: 658, Loss: 0.10830830037593842
INFO:root:Validation set mIOU: 82.06708911243311
INFO:root:Epoch: 94, Iteration: 659, Loss: 0.10056281834840775
INFO:root:Epoch: 94, Iteration: 660, Loss: 0.1360335350036621
INFO:root:Epoch: 94, Iteration: 661, Loss: 0.11174511164426804
INFO:root:Epoch: 94, Iteration: 662, Loss: 0.1612720787525177
INFO:root:Epoch: 94, Iteration: 663, Loss: 0.11060715466737747
INFO:root:Epoch: 94, Iteration: 664, Loss: 0.10189330577850342
INFO:root:Epoch: 94, Iteration: 665, Loss: 0.13274803757667542
INFO:root:Validation set mIOU: 81.99005896704716
INFO:root:Epoch: 95, Iteration: 666, Loss: 0.11634061485528946
INFO:root:Epoch: 95, Iteration: 667, Loss: 0.10472587496042252
INFO:root:Epoch: 95, Iteration: 668, Loss: 0.11372389644384384
INFO:root:Epoch: 95, Iteration: 669, Loss: 0.13233429193496704
INFO:root:Epoch: 95, Iteration: 670, Loss: 0.1106209009885788
INFO:root:Epoch: 95, Iteration: 671, Loss: 0.09277994930744171
INFO:root:Epoch: 95, Iteration: 672, Loss: 0.1899574249982834
INFO:root:Validation set mIOU: 81.5922963415059
INFO:root:Epoch: 96, Iteration: 673, Loss: 0.11303634196519852
INFO:root:Epoch: 96, Iteration: 674, Loss: 0.11482493579387665
INFO:root:Epoch: 96, Iteration: 675, Loss: 0.1320636123418808
INFO:root:Epoch: 96, Iteration: 676, Loss: 0.08718965202569962
INFO:root:Epoch: 96, Iteration: 677, Loss: 0.117063008248806
INFO:root:Epoch: 96, Iteration: 678, Loss: 0.10755974799394608
INFO:root:Epoch: 96, Iteration: 679, Loss: 0.1059812679886818
INFO:root:Validation set mIOU: 82.02245432465037
INFO:root:Epoch: 97, Iteration: 680, Loss: 0.13484007120132446
INFO:root:Epoch: 97, Iteration: 681, Loss: 0.11441394686698914
INFO:root:Epoch: 97, Iteration: 682, Loss: 0.1432204693555832
INFO:root:Epoch: 97, Iteration: 683, Loss: 0.08098029345273972
INFO:root:Epoch: 97, Iteration: 684, Loss: 0.13035768270492554
INFO:root:Epoch: 97, Iteration: 685, Loss: 0.1147330105304718
INFO:root:Epoch: 97, Iteration: 686, Loss: 0.10311562567949295
INFO:root:Validation set mIOU: 82.04349568244896
INFO:root:Epoch: 98, Iteration: 687, Loss: 0.1200530007481575
INFO:root:Epoch: 98, Iteration: 688, Loss: 0.0818701982498169
INFO:root:Epoch: 98, Iteration: 689, Loss: 0.19906491041183472
INFO:root:Epoch: 98, Iteration: 690, Loss: 0.1048886775970459
INFO:root:Epoch: 98, Iteration: 691, Loss: 0.1322765201330185
INFO:root:Epoch: 98, Iteration: 692, Loss: 0.11320768296718597
INFO:root:Epoch: 98, Iteration: 693, Loss: 0.09962157905101776
INFO:root:Validation set mIOU: 82.21280863567912
INFO:root:Epoch: 99, Iteration: 694, Loss: 0.12798191606998444
INFO:root:Epoch: 99, Iteration: 695, Loss: 0.11527612060308456
INFO:root:Epoch: 99, Iteration: 696, Loss: 0.1387396901845932
INFO:root:Epoch: 99, Iteration: 697, Loss: 0.16442006826400757
INFO:root:Epoch: 99, Iteration: 698, Loss: 0.13254904747009277
INFO:root:Epoch: 99, Iteration: 699, Loss: 0.09473171830177307
INFO:root:Epoch: 99, Iteration: 700, Loss: 0.09393207728862762
INFO:root:Validation set mIOU: 82.2395558206488
