INFO:root:{'addition': 'no_noisy',
 'backbone': 'resnet101',
 'batch_size': 16,
 'batch_size_consistency': 16,
 'conf_thres': 0.95,
 'config': 'configs/dataset2.yaml',
 'consistency_training': False,
 'crop_size': 320,
 'data_root': './',
 'dataset': 'dataset2',
 'epochs': 100,
 'labeled_id_path': 'dataset/splits/dataset2/1_4/split_no_noisy/labeled.txt',
 'lr': 0.0009,
 'model': 'deeplabv2',
 'ngpus': 1,
 'plus': False,
 'pseudo_consistency_mask_path': None,
 'pseudo_mask_path': 'outdir/pseudo_masks/dataset2/1_4/split_no_noisy/deeplabv2/resnet101/no_noisy/self_training/non_consistency_training/second_time',
 'rand_thres': 0.8,
 'reliable_id_path': None,
 'save_path': 'outdir/models/dataset2/1_4/split_no_noisy/deeplabv2/resnet101/no_noisy/self_training/non_consistency_training/second_time',
 'time': 2,
 'unlabeled_id_path': 'dataset/splits/dataset2/1_4/split_no_noisy/unlabeled.txt',
 'warm_up': 30}

INFO:root:Training supervised with consistency on unlabeled images
INFO:root:Epoch: 0, Iteration: 1, Loss: 1.8618674278259277
INFO:root:Epoch: 0, Iteration: 2, Loss: 1.3786699771881104
INFO:root:Validation set mIOU: 24.051693633978395
INFO:root:Epoch: 1, Iteration: 3, Loss: 1.9274146556854248
INFO:root:Epoch: 1, Iteration: 4, Loss: 1.1180367469787598
INFO:root:Validation set mIOU: 27.998858091964934
INFO:root:Epoch: 2, Iteration: 5, Loss: 1.1992650032043457
INFO:root:Epoch: 2, Iteration: 6, Loss: 0.9388206005096436
INFO:root:Validation set mIOU: 40.93081187312056
INFO:root:Epoch: 3, Iteration: 7, Loss: 0.68146151304245
INFO:root:Epoch: 3, Iteration: 8, Loss: 0.9201810359954834
INFO:root:Validation set mIOU: 42.15893770543471
INFO:root:Epoch: 4, Iteration: 9, Loss: 0.5622543096542358
INFO:root:Epoch: 4, Iteration: 10, Loss: 0.5344206690788269
INFO:root:Validation set mIOU: 54.02445641002792
INFO:root:Epoch: 5, Iteration: 11, Loss: 0.446259468793869
INFO:root:Epoch: 5, Iteration: 12, Loss: 0.48851561546325684
INFO:root:Validation set mIOU: 53.55946377112325
INFO:root:Epoch: 6, Iteration: 13, Loss: 0.5360091328620911
INFO:root:Epoch: 6, Iteration: 14, Loss: 0.39106205105781555
INFO:root:Validation set mIOU: 54.80089227483852
INFO:root:Epoch: 7, Iteration: 15, Loss: 0.39192402362823486
INFO:root:Epoch: 7, Iteration: 16, Loss: 0.4261643588542938
INFO:root:Validation set mIOU: 58.20776705533432
INFO:root:Epoch: 8, Iteration: 17, Loss: 0.343342661857605
INFO:root:Epoch: 8, Iteration: 18, Loss: 0.4571102559566498
INFO:root:Validation set mIOU: 60.52232456031127
INFO:root:Epoch: 9, Iteration: 19, Loss: 0.34426262974739075
INFO:root:Epoch: 9, Iteration: 20, Loss: 0.2733258903026581
INFO:root:Validation set mIOU: 59.61289134262696
INFO:root:Epoch: 10, Iteration: 21, Loss: 0.2668416202068329
INFO:root:Epoch: 10, Iteration: 22, Loss: 0.2939748764038086
INFO:root:Validation set mIOU: 56.890734160074565
INFO:root:Epoch: 11, Iteration: 23, Loss: 0.2476925551891327
INFO:root:Epoch: 11, Iteration: 24, Loss: 0.3178708553314209
INFO:root:Validation set mIOU: 62.303473071113444
INFO:root:Epoch: 12, Iteration: 25, Loss: 0.4147088825702667
INFO:root:Epoch: 12, Iteration: 26, Loss: 0.29882702231407166
INFO:root:Validation set mIOU: 63.64306413674557
INFO:root:Epoch: 13, Iteration: 27, Loss: 0.336198091506958
INFO:root:Epoch: 13, Iteration: 28, Loss: 0.32294338941574097
INFO:root:Validation set mIOU: 63.99556438038814
INFO:root:Epoch: 14, Iteration: 29, Loss: 0.4047825336456299
INFO:root:Epoch: 14, Iteration: 30, Loss: 0.2554103136062622
INFO:root:Validation set mIOU: 59.96446514446777
INFO:root:Epoch: 15, Iteration: 31, Loss: 0.2374342381954193
INFO:root:Epoch: 15, Iteration: 32, Loss: 0.2849837839603424
INFO:root:Validation set mIOU: 60.74138785884438
INFO:root:Epoch: 16, Iteration: 33, Loss: 0.195973202586174
INFO:root:Epoch: 16, Iteration: 34, Loss: 0.2644897699356079
INFO:root:Validation set mIOU: 64.50172275277004
INFO:root:Epoch: 17, Iteration: 35, Loss: 0.2169184684753418
INFO:root:Epoch: 17, Iteration: 36, Loss: 0.2182764708995819
INFO:root:Validation set mIOU: 64.6447999504696
INFO:root:Epoch: 18, Iteration: 37, Loss: 0.2085842788219452
INFO:root:Epoch: 18, Iteration: 38, Loss: 0.24274516105651855
INFO:root:Validation set mIOU: 66.01166701679398
INFO:root:Epoch: 19, Iteration: 39, Loss: 0.22455261647701263
INFO:root:Epoch: 19, Iteration: 40, Loss: 0.21190474927425385
INFO:root:Validation set mIOU: 65.42604067273898
INFO:root:Epoch: 20, Iteration: 41, Loss: 0.17315509915351868
INFO:root:Epoch: 20, Iteration: 42, Loss: 0.19746099412441254
INFO:root:Validation set mIOU: 64.74767413299855
INFO:root:Epoch: 21, Iteration: 43, Loss: 0.1891453117132187
INFO:root:Epoch: 21, Iteration: 44, Loss: 0.21146658062934875
INFO:root:Validation set mIOU: 65.99554061222706
INFO:root:Epoch: 22, Iteration: 45, Loss: 0.18200083076953888
INFO:root:Epoch: 22, Iteration: 46, Loss: 0.1847693771123886
INFO:root:Validation set mIOU: 68.10071774486643
INFO:root:Epoch: 23, Iteration: 47, Loss: 0.1817065179347992
INFO:root:Epoch: 23, Iteration: 48, Loss: 0.1661301553249359
INFO:root:Validation set mIOU: 68.79369616461432
INFO:root:Epoch: 24, Iteration: 49, Loss: 0.18906743824481964
INFO:root:Epoch: 24, Iteration: 50, Loss: 0.1885657012462616
INFO:root:Validation set mIOU: 68.85506200525839
INFO:root:Epoch: 25, Iteration: 51, Loss: 0.18572458624839783
INFO:root:Epoch: 25, Iteration: 52, Loss: 0.1481042355298996
INFO:root:Validation set mIOU: 68.83602962310897
INFO:root:Epoch: 26, Iteration: 53, Loss: 0.16857899725437164
INFO:root:Epoch: 26, Iteration: 54, Loss: 0.16278766095638275
INFO:root:Validation set mIOU: 69.14397694857192
INFO:root:Epoch: 27, Iteration: 55, Loss: 0.16666080057621002
INFO:root:Epoch: 27, Iteration: 56, Loss: 0.16465029120445251
INFO:root:Validation set mIOU: 69.60103334296129
INFO:root:Epoch: 28, Iteration: 57, Loss: 0.16587409377098083
INFO:root:Epoch: 28, Iteration: 58, Loss: 0.18094158172607422
INFO:root:Validation set mIOU: 70.54280456106753
INFO:root:Epoch: 29, Iteration: 59, Loss: 0.16685423254966736
INFO:root:Epoch: 29, Iteration: 60, Loss: 0.20634740591049194
INFO:root:Validation set mIOU: 71.0913558839931
INFO:root:Epoch: 30, Iteration: 61, Loss: 0.20160485804080963
INFO:root:Epoch: 30, Iteration: 62, Loss: 0.16926546394824982
INFO:root:Validation set mIOU: 70.86908936234222
INFO:root:Epoch: 31, Iteration: 63, Loss: 0.17803512513637543
INFO:root:Epoch: 31, Iteration: 64, Loss: 0.13675779104232788
INFO:root:Validation set mIOU: 70.66578323673829
INFO:root:Epoch: 32, Iteration: 65, Loss: 0.1633405238389969
INFO:root:Epoch: 32, Iteration: 66, Loss: 0.14129535853862762
INFO:root:Validation set mIOU: 70.92044276600394
INFO:root:Epoch: 33, Iteration: 67, Loss: 0.14836640655994415
INFO:root:Epoch: 33, Iteration: 68, Loss: 0.14743202924728394
INFO:root:Validation set mIOU: 70.8395467276842
INFO:root:Epoch: 34, Iteration: 69, Loss: 0.14450351893901825
INFO:root:Epoch: 34, Iteration: 70, Loss: 0.15129663050174713
INFO:root:Validation set mIOU: 70.48818947201319
INFO:root:Epoch: 35, Iteration: 71, Loss: 0.13483643531799316
INFO:root:Epoch: 35, Iteration: 72, Loss: 0.14432428777217865
INFO:root:Validation set mIOU: 70.3091188310368
INFO:root:Epoch: 36, Iteration: 73, Loss: 0.14632081985473633
INFO:root:Epoch: 36, Iteration: 74, Loss: 0.1390959471464157
INFO:root:Validation set mIOU: 70.46361915652541
INFO:root:Epoch: 37, Iteration: 75, Loss: 0.16160695254802704
INFO:root:Epoch: 37, Iteration: 76, Loss: 0.1346355527639389
INFO:root:Validation set mIOU: 71.17978975003373
INFO:root:Epoch: 38, Iteration: 77, Loss: 0.13504138588905334
INFO:root:Epoch: 38, Iteration: 78, Loss: 0.16357114911079407
INFO:root:Validation set mIOU: 71.51086696256415
INFO:root:Epoch: 39, Iteration: 79, Loss: 0.14313413202762604
INFO:root:Epoch: 39, Iteration: 80, Loss: 0.12547098100185394
INFO:root:Validation set mIOU: 72.05281483059261
INFO:root:Epoch: 40, Iteration: 81, Loss: 0.14818814396858215
INFO:root:Epoch: 40, Iteration: 82, Loss: 0.12888628244400024
INFO:root:Validation set mIOU: 71.79538542046573
INFO:root:Epoch: 41, Iteration: 83, Loss: 0.14353497326374054
INFO:root:Epoch: 41, Iteration: 84, Loss: 0.15577644109725952
INFO:root:Validation set mIOU: 71.55781527661809
INFO:root:Epoch: 42, Iteration: 85, Loss: 0.14467975497245789
INFO:root:Epoch: 42, Iteration: 86, Loss: 0.13692224025726318
INFO:root:Validation set mIOU: 71.85951628417641
INFO:root:Epoch: 43, Iteration: 87, Loss: 0.1527179330587387
INFO:root:Epoch: 43, Iteration: 88, Loss: 0.14814579486846924
INFO:root:Validation set mIOU: 72.20680362481528
INFO:root:Epoch: 44, Iteration: 89, Loss: 0.14984358847141266
INFO:root:Epoch: 44, Iteration: 90, Loss: 0.1556709110736847
INFO:root:Validation set mIOU: 72.40190304659025
INFO:root:Epoch: 45, Iteration: 91, Loss: 0.13822732865810394
INFO:root:Epoch: 45, Iteration: 92, Loss: 0.12678803503513336
INFO:root:Validation set mIOU: 72.93997838011502
INFO:root:Epoch: 46, Iteration: 93, Loss: 0.22357970476150513
INFO:root:Epoch: 46, Iteration: 94, Loss: 0.15316520631313324
INFO:root:Validation set mIOU: 73.06177228679061
INFO:root:Epoch: 47, Iteration: 95, Loss: 0.14218491315841675
INFO:root:Epoch: 47, Iteration: 96, Loss: 0.1181323453783989
INFO:root:Validation set mIOU: 73.0414200461201
INFO:root:Epoch: 48, Iteration: 97, Loss: 0.12385297566652298
INFO:root:Epoch: 48, Iteration: 98, Loss: 0.16895431280136108
INFO:root:Validation set mIOU: 72.53548478477153
INFO:root:Epoch: 49, Iteration: 99, Loss: 0.13220171630382538
INFO:root:Epoch: 49, Iteration: 100, Loss: 0.1434386670589447
INFO:root:Validation set mIOU: 71.59197418295818
INFO:root:Epoch: 50, Iteration: 101, Loss: 0.13922230899333954
INFO:root:Epoch: 50, Iteration: 102, Loss: 0.11896829307079315
INFO:root:Validation set mIOU: 71.34375425767497
INFO:root:Epoch: 51, Iteration: 103, Loss: 0.12370387464761734
INFO:root:Epoch: 51, Iteration: 104, Loss: 0.14858129620552063
INFO:root:Validation set mIOU: 71.42006295968743
INFO:root:Epoch: 52, Iteration: 105, Loss: 0.125405952334404
INFO:root:Epoch: 52, Iteration: 106, Loss: 0.1218314990401268
INFO:root:Validation set mIOU: 71.90194457921562
INFO:root:Epoch: 53, Iteration: 107, Loss: 0.13726051151752472
INFO:root:Epoch: 53, Iteration: 108, Loss: 0.1503927856683731
INFO:root:Validation set mIOU: 72.09216714702778
INFO:root:Epoch: 54, Iteration: 109, Loss: 0.12762442231178284
INFO:root:Epoch: 54, Iteration: 110, Loss: 0.12926368415355682
INFO:root:Validation set mIOU: 72.56370072659973
INFO:root:Epoch: 55, Iteration: 111, Loss: 0.11788907647132874
INFO:root:Epoch: 55, Iteration: 112, Loss: 0.1345110535621643
INFO:root:Validation set mIOU: 73.05340298314636
INFO:root:Epoch: 56, Iteration: 113, Loss: 0.1488553136587143
INFO:root:Epoch: 56, Iteration: 114, Loss: 0.1383151412010193
INFO:root:Validation set mIOU: 73.25512122218987
INFO:root:Epoch: 57, Iteration: 115, Loss: 0.12328897416591644
INFO:root:Epoch: 57, Iteration: 116, Loss: 0.11856640130281448
INFO:root:Validation set mIOU: 73.5581925601989
INFO:root:Epoch: 58, Iteration: 117, Loss: 0.12182824313640594
INFO:root:Epoch: 58, Iteration: 118, Loss: 0.12971436977386475
INFO:root:Validation set mIOU: 73.1226382045306
INFO:root:Epoch: 59, Iteration: 119, Loss: 0.12472321838140488
INFO:root:Epoch: 59, Iteration: 120, Loss: 0.14701659977436066
INFO:root:Validation set mIOU: 72.74958028794859
INFO:root:Epoch: 60, Iteration: 121, Loss: 0.12548749148845673
INFO:root:Epoch: 60, Iteration: 122, Loss: 0.10874985158443451
INFO:root:Validation set mIOU: 72.6144031441193
INFO:root:Epoch: 61, Iteration: 123, Loss: 0.14286375045776367
INFO:root:Epoch: 61, Iteration: 124, Loss: 0.14314812421798706
INFO:root:Validation set mIOU: 72.50804250414272
INFO:root:Epoch: 62, Iteration: 125, Loss: 0.15180428326129913
INFO:root:Epoch: 62, Iteration: 126, Loss: 0.12146329879760742
INFO:root:Validation set mIOU: 72.7754497505324
INFO:root:Epoch: 63, Iteration: 127, Loss: 0.12927402555942535
INFO:root:Epoch: 63, Iteration: 128, Loss: 0.11680394411087036
INFO:root:Validation set mIOU: 73.07553749571389
INFO:root:Epoch: 64, Iteration: 129, Loss: 0.13565078377723694
INFO:root:Epoch: 64, Iteration: 130, Loss: 0.11701178550720215
INFO:root:Validation set mIOU: 73.41670993359425
INFO:root:Epoch: 65, Iteration: 131, Loss: 0.1413021981716156
INFO:root:Epoch: 65, Iteration: 132, Loss: 0.1127360537648201
INFO:root:Validation set mIOU: 73.55023960076682
INFO:root:Epoch: 66, Iteration: 133, Loss: 0.12022052705287933
INFO:root:Epoch: 66, Iteration: 134, Loss: 0.10651552677154541
INFO:root:Validation set mIOU: 73.54917561088875
INFO:root:Epoch: 67, Iteration: 135, Loss: 0.12594181299209595
INFO:root:Epoch: 67, Iteration: 136, Loss: 0.11406272649765015
INFO:root:Validation set mIOU: 73.71275090440102
INFO:root:Epoch: 68, Iteration: 137, Loss: 0.12338505685329437
INFO:root:Epoch: 68, Iteration: 138, Loss: 0.12784554064273834
INFO:root:Validation set mIOU: 73.57311638463202
INFO:root:Epoch: 69, Iteration: 139, Loss: 0.12824425101280212
INFO:root:Epoch: 69, Iteration: 140, Loss: 0.12262339144945145
INFO:root:Validation set mIOU: 73.58809416446962
INFO:root:Epoch: 70, Iteration: 141, Loss: 0.1335604339838028
INFO:root:Epoch: 70, Iteration: 142, Loss: 0.11575188487768173
INFO:root:Validation set mIOU: 73.76624533731325
INFO:root:Epoch: 71, Iteration: 143, Loss: 0.1205606758594513
INFO:root:Epoch: 71, Iteration: 144, Loss: 0.10913412272930145
INFO:root:Validation set mIOU: 73.86684018909607
INFO:root:Epoch: 72, Iteration: 145, Loss: 0.12504012882709503
INFO:root:Epoch: 72, Iteration: 146, Loss: 0.1502847820520401
INFO:root:Validation set mIOU: 73.60239083899418
INFO:root:Epoch: 73, Iteration: 147, Loss: 0.12004446983337402
INFO:root:Epoch: 73, Iteration: 148, Loss: 0.1260971873998642
INFO:root:Validation set mIOU: 73.82607372308473
INFO:root:Epoch: 74, Iteration: 149, Loss: 0.1192694827914238
INFO:root:Epoch: 74, Iteration: 150, Loss: 0.10448892414569855
INFO:root:Validation set mIOU: 74.13201224934531
INFO:root:Epoch: 75, Iteration: 151, Loss: 0.12327980995178223
INFO:root:Epoch: 75, Iteration: 152, Loss: 0.10697950422763824
INFO:root:Validation set mIOU: 74.39630161654108
INFO:root:Epoch: 76, Iteration: 153, Loss: 0.125071719288826
INFO:root:Epoch: 76, Iteration: 154, Loss: 0.133352130651474
INFO:root:Validation set mIOU: 74.3085585058671
INFO:root:Epoch: 77, Iteration: 155, Loss: 0.11340249329805374
INFO:root:Epoch: 77, Iteration: 156, Loss: 0.11899014562368393
INFO:root:Validation set mIOU: 74.25943764206382
INFO:root:Epoch: 78, Iteration: 157, Loss: 0.1129646748304367
INFO:root:Epoch: 78, Iteration: 158, Loss: 0.11118946224451065
INFO:root:Validation set mIOU: 74.10966532021055
INFO:root:Epoch: 79, Iteration: 159, Loss: 0.1282625049352646
INFO:root:Epoch: 79, Iteration: 160, Loss: 0.13273769617080688
INFO:root:Validation set mIOU: 73.54552527839466
INFO:root:Epoch: 80, Iteration: 161, Loss: 0.11450227349996567
INFO:root:Epoch: 80, Iteration: 162, Loss: 0.15381279587745667
INFO:root:Validation set mIOU: 73.0203843413185
INFO:root:Epoch: 81, Iteration: 163, Loss: 0.12322846800088882
INFO:root:Epoch: 81, Iteration: 164, Loss: 0.10023508220911026
INFO:root:Validation set mIOU: 73.14959938375189
INFO:root:Epoch: 82, Iteration: 165, Loss: 0.13640515506267548
INFO:root:Epoch: 82, Iteration: 166, Loss: 0.1286553144454956
INFO:root:Validation set mIOU: 73.30810244462302
INFO:root:Epoch: 83, Iteration: 167, Loss: 0.12372566759586334
INFO:root:Epoch: 83, Iteration: 168, Loss: 0.10303071141242981
INFO:root:Validation set mIOU: 73.74240178162589
INFO:root:Epoch: 84, Iteration: 169, Loss: 0.12250059098005295
INFO:root:Epoch: 84, Iteration: 170, Loss: 0.09878874570131302
INFO:root:Validation set mIOU: 73.80260986180014
INFO:root:Epoch: 85, Iteration: 171, Loss: 0.12185662239789963
INFO:root:Epoch: 85, Iteration: 172, Loss: 0.10619249194860458
INFO:root:Validation set mIOU: 74.10809385409246
INFO:root:Epoch: 86, Iteration: 173, Loss: 0.11764627695083618
INFO:root:Epoch: 86, Iteration: 174, Loss: 0.11764510720968246
INFO:root:Validation set mIOU: 74.16559808484531
INFO:root:Epoch: 87, Iteration: 175, Loss: 0.11636289954185486
INFO:root:Epoch: 87, Iteration: 176, Loss: 0.1262037307024002
INFO:root:Validation set mIOU: 74.10379167749235
INFO:root:Epoch: 88, Iteration: 177, Loss: 0.11209496855735779
INFO:root:Epoch: 88, Iteration: 178, Loss: 0.12057887762784958
INFO:root:Validation set mIOU: 74.22786563235486
INFO:root:Epoch: 89, Iteration: 179, Loss: 0.14522525668144226
INFO:root:Epoch: 89, Iteration: 180, Loss: 0.22412696480751038
INFO:root:Validation set mIOU: 73.68271383481435
INFO:root:Epoch: 90, Iteration: 181, Loss: 0.1047263815999031
INFO:root:Epoch: 90, Iteration: 182, Loss: 0.14738954603672028
INFO:root:Validation set mIOU: 74.02018251581674
INFO:root:Epoch: 91, Iteration: 183, Loss: 0.10447491705417633
INFO:root:Epoch: 91, Iteration: 184, Loss: 0.1233329176902771
INFO:root:Validation set mIOU: 74.30662812561158
INFO:root:Epoch: 92, Iteration: 185, Loss: 0.1138816550374031
INFO:root:Epoch: 92, Iteration: 186, Loss: 0.13330867886543274
INFO:root:Validation set mIOU: 74.23422651416573
INFO:root:Epoch: 93, Iteration: 187, Loss: 0.12206704914569855
INFO:root:Epoch: 93, Iteration: 188, Loss: 0.1106140986084938
INFO:root:Validation set mIOU: 74.17843798127751
INFO:root:Epoch: 94, Iteration: 189, Loss: 0.10970504581928253
INFO:root:Epoch: 94, Iteration: 190, Loss: 0.11601217836141586
INFO:root:Validation set mIOU: 74.30316112481631
INFO:root:Epoch: 95, Iteration: 191, Loss: 0.10323917865753174
INFO:root:Epoch: 95, Iteration: 192, Loss: 0.12015194445848465
INFO:root:Validation set mIOU: 74.42939705186348
INFO:root:Epoch: 96, Iteration: 193, Loss: 0.12957780063152313
INFO:root:Epoch: 96, Iteration: 194, Loss: 0.1194525957107544
INFO:root:Validation set mIOU: 74.52605788130022
INFO:root:Epoch: 97, Iteration: 195, Loss: 0.11956436932086945
INFO:root:Epoch: 97, Iteration: 196, Loss: 0.11993623524904251
INFO:root:Validation set mIOU: 74.55956787563129
INFO:root:Epoch: 98, Iteration: 197, Loss: 0.11421850323677063
INFO:root:Epoch: 98, Iteration: 198, Loss: 0.11759349703788757
INFO:root:Validation set mIOU: 74.56576951549586
INFO:root:Epoch: 99, Iteration: 199, Loss: 0.14446337521076202
INFO:root:Epoch: 99, Iteration: 200, Loss: 0.10373198986053467
INFO:root:Validation set mIOU: 74.90575340169285
INFO:root:Semi-training
INFO:root:Epoch: 0, Iteration: 1, Loss: 1.4680676460266113
INFO:root:Epoch: 0, Iteration: 2, Loss: 1.400025486946106
INFO:root:Epoch: 0, Iteration: 3, Loss: 1.3948473930358887
INFO:root:Epoch: 0, Iteration: 4, Loss: 1.0935269594192505
INFO:root:Epoch: 0, Iteration: 5, Loss: 0.9699599742889404
INFO:root:Epoch: 0, Iteration: 6, Loss: 0.9055776000022888
INFO:root:Epoch: 0, Iteration: 7, Loss: 0.862773060798645
INFO:root:Validation set mIOU: 42.66279114496137
INFO:root:Epoch: 1, Iteration: 8, Loss: 0.6743902564048767
INFO:root:Epoch: 1, Iteration: 9, Loss: 0.694081723690033
INFO:root:Epoch: 1, Iteration: 10, Loss: 0.6072157025337219
INFO:root:Epoch: 1, Iteration: 11, Loss: 0.7208054661750793
INFO:root:Epoch: 1, Iteration: 12, Loss: 0.7193298935890198
INFO:root:Epoch: 1, Iteration: 13, Loss: 0.5499266982078552
INFO:root:Epoch: 1, Iteration: 14, Loss: 0.4326989948749542
INFO:root:Validation set mIOU: 54.65174988570081
INFO:root:Epoch: 2, Iteration: 15, Loss: 0.43661993741989136
INFO:root:Epoch: 2, Iteration: 16, Loss: 0.7878549098968506
INFO:root:Epoch: 2, Iteration: 17, Loss: 0.4046497941017151
INFO:root:Epoch: 2, Iteration: 18, Loss: 0.44969382882118225
INFO:root:Epoch: 2, Iteration: 19, Loss: 0.52420973777771
INFO:root:Epoch: 2, Iteration: 20, Loss: 0.5406717658042908
INFO:root:Epoch: 2, Iteration: 21, Loss: 0.4558066725730896
INFO:root:Validation set mIOU: 55.764473772442344
INFO:root:Epoch: 3, Iteration: 22, Loss: 0.4753628075122833
INFO:root:Epoch: 3, Iteration: 23, Loss: 0.37795883417129517
INFO:root:Epoch: 3, Iteration: 24, Loss: 0.423971951007843
INFO:root:Epoch: 3, Iteration: 25, Loss: 0.3953024446964264
INFO:root:Epoch: 3, Iteration: 26, Loss: 0.33510491251945496
INFO:root:Epoch: 3, Iteration: 27, Loss: 0.29158762097358704
INFO:root:Epoch: 3, Iteration: 28, Loss: 0.37346339225769043
INFO:root:Validation set mIOU: 60.16896314659361
INFO:root:Epoch: 4, Iteration: 29, Loss: 0.36424437165260315
INFO:root:Epoch: 4, Iteration: 30, Loss: 0.239456444978714
INFO:root:Epoch: 4, Iteration: 31, Loss: 0.2612346112728119
INFO:root:Epoch: 4, Iteration: 32, Loss: 0.354497492313385
INFO:root:Epoch: 4, Iteration: 33, Loss: 0.36957862973213196
INFO:root:Epoch: 4, Iteration: 34, Loss: 0.34419283270835876
INFO:root:Epoch: 4, Iteration: 35, Loss: 0.35740891098976135
INFO:root:Validation set mIOU: 65.94548321910207
INFO:root:Epoch: 5, Iteration: 36, Loss: 0.3189379572868347
INFO:root:Epoch: 5, Iteration: 37, Loss: 0.22534111142158508
INFO:root:Epoch: 5, Iteration: 38, Loss: 0.33223584294319153
INFO:root:Epoch: 5, Iteration: 39, Loss: 0.28318315744400024
INFO:root:Epoch: 5, Iteration: 40, Loss: 0.26631614565849304
INFO:root:Epoch: 5, Iteration: 41, Loss: 0.25996771454811096
INFO:root:Epoch: 5, Iteration: 42, Loss: 0.2778615951538086
INFO:root:Validation set mIOU: 69.7460132433187
INFO:root:Epoch: 6, Iteration: 43, Loss: 0.36338678002357483
INFO:root:Epoch: 6, Iteration: 44, Loss: 0.25560715794563293
INFO:root:Epoch: 6, Iteration: 45, Loss: 0.3571755886077881
INFO:root:Epoch: 6, Iteration: 46, Loss: 0.2631053626537323
INFO:root:Epoch: 6, Iteration: 47, Loss: 0.3024502992630005
INFO:root:Epoch: 6, Iteration: 48, Loss: 0.2151651680469513
INFO:root:Epoch: 6, Iteration: 49, Loss: 0.22326791286468506
INFO:root:Validation set mIOU: 70.9400495889909
INFO:root:Epoch: 7, Iteration: 50, Loss: 0.2603050768375397
INFO:root:Epoch: 7, Iteration: 51, Loss: 0.22140249609947205
INFO:root:Epoch: 7, Iteration: 52, Loss: 0.2590417265892029
INFO:root:Epoch: 7, Iteration: 53, Loss: 0.23993390798568726
INFO:root:Epoch: 7, Iteration: 54, Loss: 0.23349489271640778
INFO:root:Epoch: 7, Iteration: 55, Loss: 0.19130484759807587
INFO:root:Epoch: 7, Iteration: 56, Loss: 0.20988063514232635
INFO:root:Validation set mIOU: 72.93584280133528
INFO:root:Epoch: 8, Iteration: 57, Loss: 0.18542705476284027
INFO:root:Epoch: 8, Iteration: 58, Loss: 0.18977561593055725
INFO:root:Epoch: 8, Iteration: 59, Loss: 0.35346853733062744
INFO:root:Epoch: 8, Iteration: 60, Loss: 0.3649469017982483
INFO:root:Epoch: 8, Iteration: 61, Loss: 0.17562037706375122
INFO:root:Epoch: 8, Iteration: 62, Loss: 0.22503536939620972
INFO:root:Epoch: 8, Iteration: 63, Loss: 0.24717558920383453
INFO:root:Validation set mIOU: 73.46581908750441
INFO:root:Epoch: 9, Iteration: 64, Loss: 0.2561804950237274
INFO:root:Epoch: 9, Iteration: 65, Loss: 0.24343901872634888
INFO:root:Epoch: 9, Iteration: 66, Loss: 0.19517116248607635
INFO:root:Epoch: 9, Iteration: 67, Loss: 0.20344582200050354
INFO:root:Epoch: 9, Iteration: 68, Loss: 0.24840080738067627
INFO:root:Epoch: 9, Iteration: 69, Loss: 0.23308426141738892
INFO:root:Epoch: 9, Iteration: 70, Loss: 0.2593652009963989
INFO:root:Validation set mIOU: 73.23860846680138
INFO:root:Epoch: 10, Iteration: 71, Loss: 0.21195049583911896
INFO:root:Epoch: 10, Iteration: 72, Loss: 0.19030793011188507
INFO:root:Epoch: 10, Iteration: 73, Loss: 0.2445034384727478
INFO:root:Epoch: 10, Iteration: 74, Loss: 0.19943419098854065
INFO:root:Epoch: 10, Iteration: 75, Loss: 0.19945389032363892
INFO:root:Epoch: 10, Iteration: 76, Loss: 0.2158193737268448
INFO:root:Epoch: 10, Iteration: 77, Loss: 0.21097691357135773
INFO:root:Validation set mIOU: 73.78147597819373
INFO:root:Epoch: 11, Iteration: 78, Loss: 0.2196989208459854
INFO:root:Epoch: 11, Iteration: 79, Loss: 0.19491641223430634
INFO:root:Epoch: 11, Iteration: 80, Loss: 0.18938015401363373
INFO:root:Epoch: 11, Iteration: 81, Loss: 0.1785251349210739
INFO:root:Epoch: 11, Iteration: 82, Loss: 0.18866917490959167
INFO:root:Epoch: 11, Iteration: 83, Loss: 0.2087104469537735
INFO:root:Epoch: 11, Iteration: 84, Loss: 0.17583239078521729
INFO:root:Validation set mIOU: 73.7275484497885
INFO:root:Epoch: 12, Iteration: 85, Loss: 0.18690305948257446
INFO:root:Epoch: 12, Iteration: 86, Loss: 0.21065323054790497
INFO:root:Epoch: 12, Iteration: 87, Loss: 0.19431215524673462
INFO:root:Epoch: 12, Iteration: 88, Loss: 0.18805329501628876
INFO:root:Epoch: 12, Iteration: 89, Loss: 0.18285095691680908
INFO:root:Epoch: 12, Iteration: 90, Loss: 0.26719215512275696
INFO:root:Epoch: 12, Iteration: 91, Loss: 0.17201775312423706
INFO:root:Validation set mIOU: 74.02065905720954
INFO:root:Epoch: 13, Iteration: 92, Loss: 0.21372883021831512
INFO:root:Epoch: 13, Iteration: 93, Loss: 0.2026638686656952
INFO:root:Epoch: 13, Iteration: 94, Loss: 0.26272502541542053
INFO:root:Epoch: 13, Iteration: 95, Loss: 0.17339372634887695
INFO:root:Epoch: 13, Iteration: 96, Loss: 0.19100995361804962
INFO:root:Epoch: 13, Iteration: 97, Loss: 0.1611744910478592
INFO:root:Epoch: 13, Iteration: 98, Loss: 0.19669725000858307
INFO:root:Validation set mIOU: 75.8904043141066
INFO:root:Epoch: 14, Iteration: 99, Loss: 0.17931196093559265
INFO:root:Epoch: 14, Iteration: 100, Loss: 0.2191118746995926
INFO:root:Epoch: 14, Iteration: 101, Loss: 0.16606345772743225
INFO:root:Epoch: 14, Iteration: 102, Loss: 0.2035251408815384
INFO:root:Epoch: 14, Iteration: 103, Loss: 0.20778608322143555
INFO:root:Epoch: 14, Iteration: 104, Loss: 0.19250637292861938
INFO:root:Epoch: 14, Iteration: 105, Loss: 0.2779728174209595
INFO:root:Validation set mIOU: 76.26201616423293
INFO:root:Epoch: 15, Iteration: 106, Loss: 0.2953922152519226
INFO:root:Epoch: 15, Iteration: 107, Loss: 0.19418536126613617
INFO:root:Epoch: 15, Iteration: 108, Loss: 0.2212059497833252
INFO:root:Epoch: 15, Iteration: 109, Loss: 0.24117468297481537
INFO:root:Epoch: 15, Iteration: 110, Loss: 0.24004340171813965
INFO:root:Epoch: 15, Iteration: 111, Loss: 0.18632972240447998
INFO:root:Epoch: 15, Iteration: 112, Loss: 0.2063499540090561
INFO:root:Validation set mIOU: 74.52720068388386
INFO:root:Epoch: 16, Iteration: 113, Loss: 0.18386505544185638
INFO:root:Epoch: 16, Iteration: 114, Loss: 0.18570668995380402
INFO:root:Epoch: 16, Iteration: 115, Loss: 0.20681984722614288
INFO:root:Epoch: 16, Iteration: 116, Loss: 0.20237454771995544
INFO:root:Epoch: 16, Iteration: 117, Loss: 0.1531282365322113
INFO:root:Epoch: 16, Iteration: 118, Loss: 0.215983584523201
INFO:root:Epoch: 16, Iteration: 119, Loss: 0.18127483129501343
INFO:root:Validation set mIOU: 74.11876207605496
INFO:root:Epoch: 17, Iteration: 120, Loss: 0.18739943206310272
INFO:root:Epoch: 17, Iteration: 121, Loss: 0.1754666268825531
INFO:root:Epoch: 17, Iteration: 122, Loss: 0.17443710565567017
INFO:root:Epoch: 17, Iteration: 123, Loss: 0.14619456231594086
INFO:root:Epoch: 17, Iteration: 124, Loss: 0.16640251874923706
INFO:root:Epoch: 17, Iteration: 125, Loss: 0.14598412811756134
INFO:root:Epoch: 17, Iteration: 126, Loss: 0.1385928839445114
INFO:root:Validation set mIOU: 74.13680828462702
INFO:root:Epoch: 18, Iteration: 127, Loss: 0.1563877910375595
INFO:root:Epoch: 18, Iteration: 128, Loss: 0.18617326021194458
INFO:root:Epoch: 18, Iteration: 129, Loss: 0.17645536363124847
INFO:root:Epoch: 18, Iteration: 130, Loss: 0.14430350065231323
INFO:root:Epoch: 18, Iteration: 131, Loss: 0.2043929249048233
INFO:root:Epoch: 18, Iteration: 132, Loss: 0.17166543006896973
INFO:root:Epoch: 18, Iteration: 133, Loss: 0.19628970324993134
INFO:root:Validation set mIOU: 74.62395107946178
INFO:root:Epoch: 19, Iteration: 134, Loss: 0.15024811029434204
INFO:root:Epoch: 19, Iteration: 135, Loss: 0.16846485435962677
INFO:root:Epoch: 19, Iteration: 136, Loss: 0.1898258477449417
INFO:root:Epoch: 19, Iteration: 137, Loss: 0.1288025975227356
INFO:root:Epoch: 19, Iteration: 138, Loss: 0.17380055785179138
INFO:root:Epoch: 19, Iteration: 139, Loss: 0.1952725201845169
INFO:root:Epoch: 19, Iteration: 140, Loss: 0.12742720544338226
INFO:root:Validation set mIOU: 76.26686776330712
INFO:root:Epoch: 20, Iteration: 141, Loss: 0.18487422168254852
INFO:root:Epoch: 20, Iteration: 142, Loss: 0.21489033102989197
INFO:root:Epoch: 20, Iteration: 143, Loss: 0.21564798057079315
INFO:root:Epoch: 20, Iteration: 144, Loss: 0.17682823538780212
INFO:root:Epoch: 20, Iteration: 145, Loss: 0.226487398147583
INFO:root:Epoch: 20, Iteration: 146, Loss: 0.13553683459758759
INFO:root:Epoch: 20, Iteration: 147, Loss: 0.15408004820346832
INFO:root:Validation set mIOU: 76.90108430358896
INFO:root:Epoch: 21, Iteration: 148, Loss: 0.18517257273197174
INFO:root:Epoch: 21, Iteration: 149, Loss: 0.18368257582187653
INFO:root:Epoch: 21, Iteration: 150, Loss: 0.20556752383708954
INFO:root:Epoch: 21, Iteration: 151, Loss: 0.15411238372325897
INFO:root:Epoch: 21, Iteration: 152, Loss: 0.18129314482212067
INFO:root:Epoch: 21, Iteration: 153, Loss: 0.15892088413238525
INFO:root:Epoch: 21, Iteration: 154, Loss: 0.1859205812215805
INFO:root:Validation set mIOU: 77.02636764168723
INFO:root:Epoch: 22, Iteration: 155, Loss: 0.13822031021118164
INFO:root:Epoch: 22, Iteration: 156, Loss: 0.16439899802207947
INFO:root:Epoch: 22, Iteration: 157, Loss: 0.16760991513729095
INFO:root:Epoch: 22, Iteration: 158, Loss: 0.20976687967777252
INFO:root:Epoch: 22, Iteration: 159, Loss: 0.1464991718530655
INFO:root:Epoch: 22, Iteration: 160, Loss: 0.15169383585453033
INFO:root:Epoch: 22, Iteration: 161, Loss: 0.1448640525341034
INFO:root:Validation set mIOU: 78.13624333474404
INFO:root:Epoch: 23, Iteration: 162, Loss: 0.13253669440746307
INFO:root:Epoch: 23, Iteration: 163, Loss: 0.14508545398712158
INFO:root:Epoch: 23, Iteration: 164, Loss: 0.1558954119682312
INFO:root:Epoch: 23, Iteration: 165, Loss: 0.24587960541248322
INFO:root:Epoch: 23, Iteration: 166, Loss: 0.16102060675621033
INFO:root:Epoch: 23, Iteration: 167, Loss: 0.22570140659809113
INFO:root:Epoch: 23, Iteration: 168, Loss: 0.18700872361660004
INFO:root:Validation set mIOU: 75.58892308652189
INFO:root:Epoch: 24, Iteration: 169, Loss: 0.1666845977306366
INFO:root:Epoch: 24, Iteration: 170, Loss: 0.2053934931755066
INFO:root:Epoch: 24, Iteration: 171, Loss: 0.169164776802063
INFO:root:Epoch: 24, Iteration: 172, Loss: 0.1453646570444107
INFO:root:Epoch: 24, Iteration: 173, Loss: 0.19670860469341278
INFO:root:Epoch: 24, Iteration: 174, Loss: 0.18908904492855072
INFO:root:Epoch: 24, Iteration: 175, Loss: 0.1513908952474594
INFO:root:Validation set mIOU: 78.39516892295462
INFO:root:Epoch: 25, Iteration: 176, Loss: 0.1423407793045044
INFO:root:Epoch: 25, Iteration: 177, Loss: 0.14220556616783142
INFO:root:Epoch: 25, Iteration: 178, Loss: 0.15844039618968964
INFO:root:Epoch: 25, Iteration: 179, Loss: 0.22122235596179962
INFO:root:Epoch: 25, Iteration: 180, Loss: 0.16171391308307648
INFO:root:Epoch: 25, Iteration: 181, Loss: 0.20635682344436646
INFO:root:Epoch: 25, Iteration: 182, Loss: 0.18539182841777802
INFO:root:Validation set mIOU: 76.92831278759758
INFO:root:Epoch: 26, Iteration: 183, Loss: 0.28973764181137085
INFO:root:Epoch: 26, Iteration: 184, Loss: 0.12282294780015945
INFO:root:Epoch: 26, Iteration: 185, Loss: 0.15269935131072998
INFO:root:Epoch: 26, Iteration: 186, Loss: 0.13545559346675873
INFO:root:Epoch: 26, Iteration: 187, Loss: 0.22089137136936188
INFO:root:Epoch: 26, Iteration: 188, Loss: 0.16226980090141296
INFO:root:Epoch: 26, Iteration: 189, Loss: 0.1812819242477417
INFO:root:Validation set mIOU: 78.0547226994697
INFO:root:Epoch: 27, Iteration: 190, Loss: 0.15845994651317596
INFO:root:Epoch: 27, Iteration: 191, Loss: 0.13970449566841125
INFO:root:Epoch: 27, Iteration: 192, Loss: 0.1514541506767273
INFO:root:Epoch: 27, Iteration: 193, Loss: 0.1606757491827011
INFO:root:Epoch: 27, Iteration: 194, Loss: 0.23784975707530975
INFO:root:Epoch: 27, Iteration: 195, Loss: 0.15392157435417175
INFO:root:Epoch: 27, Iteration: 196, Loss: 0.15609614551067352
INFO:root:Validation set mIOU: 76.97271413230445
INFO:root:Epoch: 28, Iteration: 197, Loss: 0.13189546763896942
INFO:root:Epoch: 28, Iteration: 198, Loss: 0.11084230244159698
INFO:root:Epoch: 28, Iteration: 199, Loss: 0.16732123494148254
INFO:root:Epoch: 28, Iteration: 200, Loss: 0.18032079935073853
INFO:root:Epoch: 28, Iteration: 201, Loss: 0.14823931455612183
INFO:root:Epoch: 28, Iteration: 202, Loss: 0.18109729886054993
INFO:root:Epoch: 28, Iteration: 203, Loss: 0.14047348499298096
INFO:root:Validation set mIOU: 77.68014639276309
INFO:root:Epoch: 29, Iteration: 204, Loss: 0.18674366176128387
INFO:root:Epoch: 29, Iteration: 205, Loss: 0.19581058621406555
INFO:root:Epoch: 29, Iteration: 206, Loss: 0.16714274883270264
INFO:root:Epoch: 29, Iteration: 207, Loss: 0.1832590252161026
INFO:root:Epoch: 29, Iteration: 208, Loss: 0.13487385213375092
INFO:root:Epoch: 29, Iteration: 209, Loss: 0.20031002163887024
INFO:root:Epoch: 29, Iteration: 210, Loss: 0.14006012678146362
INFO:root:Validation set mIOU: 77.92693545278053
INFO:root:Epoch: 30, Iteration: 211, Loss: 0.168197900056839
INFO:root:Epoch: 30, Iteration: 212, Loss: 0.14742285013198853
INFO:root:Epoch: 30, Iteration: 213, Loss: 0.16218897700309753
INFO:root:Epoch: 30, Iteration: 214, Loss: 0.10603944212198257
INFO:root:Epoch: 30, Iteration: 215, Loss: 0.12109629809856415
INFO:root:Epoch: 30, Iteration: 216, Loss: 0.16116032004356384
INFO:root:Epoch: 30, Iteration: 217, Loss: 0.18933555483818054
INFO:root:Validation set mIOU: 78.7163338799333
INFO:root:Epoch: 31, Iteration: 218, Loss: 0.15787729620933533
INFO:root:Epoch: 31, Iteration: 219, Loss: 0.1556270271539688
INFO:root:Epoch: 31, Iteration: 220, Loss: 0.14339277148246765
INFO:root:Epoch: 31, Iteration: 221, Loss: 0.13416269421577454
INFO:root:Epoch: 31, Iteration: 222, Loss: 0.14053022861480713
INFO:root:Epoch: 31, Iteration: 223, Loss: 0.1365625262260437
INFO:root:Epoch: 31, Iteration: 224, Loss: 0.1530570387840271
INFO:root:Validation set mIOU: 77.85717792871091
INFO:root:Epoch: 32, Iteration: 225, Loss: 0.1301373690366745
INFO:root:Epoch: 32, Iteration: 226, Loss: 0.26325035095214844
INFO:root:Epoch: 32, Iteration: 227, Loss: 0.10893107205629349
INFO:root:Epoch: 32, Iteration: 228, Loss: 0.1477002203464508
INFO:root:Epoch: 32, Iteration: 229, Loss: 0.16373981535434723
INFO:root:Epoch: 32, Iteration: 230, Loss: 0.1788749247789383
INFO:root:Epoch: 32, Iteration: 231, Loss: 0.12830892205238342
INFO:root:Validation set mIOU: 78.6428767723294
INFO:root:Epoch: 33, Iteration: 232, Loss: 0.1947494000196457
INFO:root:Epoch: 33, Iteration: 233, Loss: 0.1507607102394104
INFO:root:Epoch: 33, Iteration: 234, Loss: 0.1462857872247696
INFO:root:Epoch: 33, Iteration: 235, Loss: 0.13947908580303192
INFO:root:Epoch: 33, Iteration: 236, Loss: 0.12604990601539612
INFO:root:Epoch: 33, Iteration: 237, Loss: 0.1133156567811966
INFO:root:Epoch: 33, Iteration: 238, Loss: 0.1805267482995987
INFO:root:Validation set mIOU: 75.9129473822805
INFO:root:Epoch: 34, Iteration: 239, Loss: 0.12395190447568893
INFO:root:Epoch: 34, Iteration: 240, Loss: 0.15977418422698975
INFO:root:Epoch: 34, Iteration: 241, Loss: 0.14507701992988586
INFO:root:Epoch: 34, Iteration: 242, Loss: 0.12053893506526947
INFO:root:Epoch: 34, Iteration: 243, Loss: 0.1590382158756256
INFO:root:Epoch: 34, Iteration: 244, Loss: 0.15506236255168915
INFO:root:Epoch: 34, Iteration: 245, Loss: 0.1317564845085144
INFO:root:Validation set mIOU: 78.41464448662796
INFO:root:Epoch: 35, Iteration: 246, Loss: 0.1525333821773529
INFO:root:Epoch: 35, Iteration: 247, Loss: 0.16952988505363464
INFO:root:Epoch: 35, Iteration: 248, Loss: 0.17672455310821533
INFO:root:Epoch: 35, Iteration: 249, Loss: 0.258149653673172
INFO:root:Epoch: 35, Iteration: 250, Loss: 0.13660119473934174
INFO:root:Epoch: 35, Iteration: 251, Loss: 0.13201475143432617
INFO:root:Epoch: 35, Iteration: 252, Loss: 0.12912805378437042
INFO:root:Validation set mIOU: 78.3024187445732
INFO:root:Epoch: 36, Iteration: 253, Loss: 0.16535025835037231
INFO:root:Epoch: 36, Iteration: 254, Loss: 0.139859139919281
INFO:root:Epoch: 36, Iteration: 255, Loss: 0.15165618062019348
INFO:root:Epoch: 36, Iteration: 256, Loss: 0.12496482580900192
INFO:root:Epoch: 36, Iteration: 257, Loss: 0.17078205943107605
INFO:root:Epoch: 36, Iteration: 258, Loss: 0.1418146789073944
INFO:root:Epoch: 36, Iteration: 259, Loss: 0.12729421257972717
INFO:root:Validation set mIOU: 78.14496342930761
INFO:root:Epoch: 37, Iteration: 260, Loss: 0.1283452957868576
INFO:root:Epoch: 37, Iteration: 261, Loss: 0.10622519999742508
INFO:root:Epoch: 37, Iteration: 262, Loss: 0.10982712358236313
INFO:root:Epoch: 37, Iteration: 263, Loss: 0.1366216540336609
INFO:root:Epoch: 37, Iteration: 264, Loss: 0.12538684904575348
INFO:root:Epoch: 37, Iteration: 265, Loss: 0.17971689999103546
INFO:root:Epoch: 37, Iteration: 266, Loss: 0.17701314389705658
INFO:root:Validation set mIOU: 79.07059423696661
INFO:root:Epoch: 38, Iteration: 267, Loss: 0.14738403260707855
INFO:root:Epoch: 38, Iteration: 268, Loss: 0.12481715530157089
INFO:root:Epoch: 38, Iteration: 269, Loss: 0.13284341990947723
INFO:root:Epoch: 38, Iteration: 270, Loss: 0.13953231275081635
INFO:root:Epoch: 38, Iteration: 271, Loss: 0.1221301257610321
INFO:root:Epoch: 38, Iteration: 272, Loss: 0.17017661035060883
INFO:root:Epoch: 38, Iteration: 273, Loss: 0.11974573880434036
INFO:root:Validation set mIOU: 78.81697221053491
INFO:root:Epoch: 39, Iteration: 274, Loss: 0.12077580392360687
INFO:root:Epoch: 39, Iteration: 275, Loss: 0.13573962450027466
INFO:root:Epoch: 39, Iteration: 276, Loss: 0.13069716095924377
INFO:root:Epoch: 39, Iteration: 277, Loss: 0.20068499445915222
INFO:root:Epoch: 39, Iteration: 278, Loss: 0.11474684625864029
INFO:root:Epoch: 39, Iteration: 279, Loss: 0.14569172263145447
INFO:root:Epoch: 39, Iteration: 280, Loss: 0.16052675247192383
INFO:root:Validation set mIOU: 78.44961903410547
INFO:root:Epoch: 40, Iteration: 281, Loss: 0.12913063168525696
INFO:root:Epoch: 40, Iteration: 282, Loss: 0.10963026434183121
INFO:root:Epoch: 40, Iteration: 283, Loss: 0.1562933325767517
INFO:root:Epoch: 40, Iteration: 284, Loss: 0.16321247816085815
INFO:root:Epoch: 40, Iteration: 285, Loss: 0.13841407001018524
INFO:root:Epoch: 40, Iteration: 286, Loss: 0.150689035654068
INFO:root:Epoch: 40, Iteration: 287, Loss: 0.1464056521654129
INFO:root:Validation set mIOU: 78.33443966626024
INFO:root:Epoch: 41, Iteration: 288, Loss: 0.18631692230701447
INFO:root:Epoch: 41, Iteration: 289, Loss: 0.14787182211875916
INFO:root:Epoch: 41, Iteration: 290, Loss: 0.14147351682186127
INFO:root:Epoch: 41, Iteration: 291, Loss: 0.13986201584339142
INFO:root:Epoch: 41, Iteration: 292, Loss: 0.1304052472114563
INFO:root:Epoch: 41, Iteration: 293, Loss: 0.12552282214164734
INFO:root:Epoch: 41, Iteration: 294, Loss: 0.1397980898618698
INFO:root:Validation set mIOU: 78.49723235825284
INFO:root:Epoch: 42, Iteration: 295, Loss: 0.11338531225919724
INFO:root:Epoch: 42, Iteration: 296, Loss: 0.12206163257360458
INFO:root:Epoch: 42, Iteration: 297, Loss: 0.1677575260400772
INFO:root:Epoch: 42, Iteration: 298, Loss: 0.15867473185062408
INFO:root:Epoch: 42, Iteration: 299, Loss: 0.11263098567724228
INFO:root:Epoch: 42, Iteration: 300, Loss: 0.12664413452148438
INFO:root:Epoch: 42, Iteration: 301, Loss: 0.11673472821712494
INFO:root:Validation set mIOU: 79.09787506303823
INFO:root:Epoch: 43, Iteration: 302, Loss: 0.14956581592559814
INFO:root:Epoch: 43, Iteration: 303, Loss: 0.14237840473651886
INFO:root:Epoch: 43, Iteration: 304, Loss: 0.14979322254657745
INFO:root:Epoch: 43, Iteration: 305, Loss: 0.1491795927286148
INFO:root:Epoch: 43, Iteration: 306, Loss: 0.1301078498363495
INFO:root:Epoch: 43, Iteration: 307, Loss: 0.13570871949195862
INFO:root:Epoch: 43, Iteration: 308, Loss: 0.13894976675510406
INFO:root:Validation set mIOU: 79.06157040602419
INFO:root:Epoch: 44, Iteration: 309, Loss: 0.20219936966896057
INFO:root:Epoch: 44, Iteration: 310, Loss: 0.16873286664485931
INFO:root:Epoch: 44, Iteration: 311, Loss: 0.12878726422786713
INFO:root:Epoch: 44, Iteration: 312, Loss: 0.15105071663856506
INFO:root:Epoch: 44, Iteration: 313, Loss: 0.10837344825267792
INFO:root:Epoch: 44, Iteration: 314, Loss: 0.14311546087265015
INFO:root:Epoch: 44, Iteration: 315, Loss: 0.13358740508556366
INFO:root:Validation set mIOU: 78.88172356535924
INFO:root:Epoch: 45, Iteration: 316, Loss: 0.24110692739486694
INFO:root:Epoch: 45, Iteration: 317, Loss: 0.12122602015733719
INFO:root:Epoch: 45, Iteration: 318, Loss: 0.1381608247756958
INFO:root:Epoch: 45, Iteration: 319, Loss: 0.1464257687330246
INFO:root:Epoch: 45, Iteration: 320, Loss: 0.12431653589010239
INFO:root:Epoch: 45, Iteration: 321, Loss: 0.14137081801891327
INFO:root:Epoch: 45, Iteration: 322, Loss: 0.1175665333867073
INFO:root:Validation set mIOU: 79.64086167951544
INFO:root:Epoch: 46, Iteration: 323, Loss: 0.21783800423145294
INFO:root:Epoch: 46, Iteration: 324, Loss: 0.13591919839382172
INFO:root:Epoch: 46, Iteration: 325, Loss: 0.1611340343952179
INFO:root:Epoch: 46, Iteration: 326, Loss: 0.12990272045135498
INFO:root:Epoch: 46, Iteration: 327, Loss: 0.12222190946340561
INFO:root:Epoch: 46, Iteration: 328, Loss: 0.12976063787937164
INFO:root:Epoch: 46, Iteration: 329, Loss: 0.11112423241138458
INFO:root:Validation set mIOU: 78.9417706484617
INFO:root:Epoch: 47, Iteration: 330, Loss: 0.10676124691963196
INFO:root:Epoch: 47, Iteration: 331, Loss: 0.185752272605896
INFO:root:Epoch: 47, Iteration: 332, Loss: 0.1286904364824295
INFO:root:Epoch: 47, Iteration: 333, Loss: 0.11036534607410431
INFO:root:Epoch: 47, Iteration: 334, Loss: 0.12503768503665924
INFO:root:Epoch: 47, Iteration: 335, Loss: 0.13900436460971832
INFO:root:Epoch: 47, Iteration: 336, Loss: 0.11132138967514038
INFO:root:Validation set mIOU: 79.41366544503103
INFO:root:Epoch: 48, Iteration: 337, Loss: 0.11177638173103333
INFO:root:Epoch: 48, Iteration: 338, Loss: 0.1139148473739624
INFO:root:Epoch: 48, Iteration: 339, Loss: 0.13134266436100006
INFO:root:Epoch: 48, Iteration: 340, Loss: 0.125870943069458
INFO:root:Epoch: 48, Iteration: 341, Loss: 0.1096421554684639
INFO:root:Epoch: 48, Iteration: 342, Loss: 0.17750148475170135
INFO:root:Epoch: 48, Iteration: 343, Loss: 0.14015565812587738
INFO:root:Validation set mIOU: 79.39192511293707
INFO:root:Epoch: 49, Iteration: 344, Loss: 0.15593908727169037
INFO:root:Epoch: 49, Iteration: 345, Loss: 0.11484207212924957
INFO:root:Epoch: 49, Iteration: 346, Loss: 0.12243238836526871
INFO:root:Epoch: 49, Iteration: 347, Loss: 0.1344417929649353
INFO:root:Epoch: 49, Iteration: 348, Loss: 0.14073771238327026
INFO:root:Epoch: 49, Iteration: 349, Loss: 0.12514479458332062
INFO:root:Epoch: 49, Iteration: 350, Loss: 0.12013190984725952
INFO:root:Validation set mIOU: 79.83864883356634
INFO:root:Epoch: 50, Iteration: 351, Loss: 0.158493772149086
INFO:root:Epoch: 50, Iteration: 352, Loss: 0.15845294296741486
INFO:root:Epoch: 50, Iteration: 353, Loss: 0.18255619704723358
INFO:root:Epoch: 50, Iteration: 354, Loss: 0.11471660435199738
INFO:root:Epoch: 50, Iteration: 355, Loss: 0.13192498683929443
INFO:root:Epoch: 50, Iteration: 356, Loss: 0.12448407709598541
INFO:root:Epoch: 50, Iteration: 357, Loss: 0.10666298121213913
INFO:root:Validation set mIOU: 79.8536372183114
INFO:root:Epoch: 51, Iteration: 358, Loss: 0.10533013939857483
INFO:root:Epoch: 51, Iteration: 359, Loss: 0.1130262166261673
INFO:root:Epoch: 51, Iteration: 360, Loss: 0.1436132788658142
INFO:root:Epoch: 51, Iteration: 361, Loss: 0.14292359352111816
INFO:root:Epoch: 51, Iteration: 362, Loss: 0.16128167510032654
INFO:root:Epoch: 51, Iteration: 363, Loss: 0.11508018523454666
INFO:root:Epoch: 51, Iteration: 364, Loss: 0.19188192486763
INFO:root:Validation set mIOU: 79.70097209523227
INFO:root:Epoch: 52, Iteration: 365, Loss: 0.12102226912975311
INFO:root:Epoch: 52, Iteration: 366, Loss: 0.15354517102241516
INFO:root:Epoch: 52, Iteration: 367, Loss: 0.13007812201976776
INFO:root:Epoch: 52, Iteration: 368, Loss: 0.15229037404060364
INFO:root:Epoch: 52, Iteration: 369, Loss: 0.12103860080242157
INFO:root:Epoch: 52, Iteration: 370, Loss: 0.1252506673336029
INFO:root:Epoch: 52, Iteration: 371, Loss: 0.13286705315113068
INFO:root:Validation set mIOU: 80.1624739327479
INFO:root:Epoch: 53, Iteration: 372, Loss: 0.13268691301345825
INFO:root:Epoch: 53, Iteration: 373, Loss: 0.11348186433315277
INFO:root:Epoch: 53, Iteration: 374, Loss: 0.13353489339351654
INFO:root:Epoch: 53, Iteration: 375, Loss: 0.1365998089313507
INFO:root:Epoch: 53, Iteration: 376, Loss: 0.10314293205738068
INFO:root:Epoch: 53, Iteration: 377, Loss: 0.15052470564842224
INFO:root:Epoch: 53, Iteration: 378, Loss: 0.14041809737682343
INFO:root:Validation set mIOU: 79.4054763435263
INFO:root:Epoch: 54, Iteration: 379, Loss: 0.15044158697128296
INFO:root:Epoch: 54, Iteration: 380, Loss: 0.12132443487644196
INFO:root:Epoch: 54, Iteration: 381, Loss: 0.12240704894065857
INFO:root:Epoch: 54, Iteration: 382, Loss: 0.12079606205224991
INFO:root:Epoch: 54, Iteration: 383, Loss: 0.14439474046230316
INFO:root:Epoch: 54, Iteration: 384, Loss: 0.11603059619665146
INFO:root:Epoch: 54, Iteration: 385, Loss: 0.11745212227106094
INFO:root:Validation set mIOU: 79.40191612753912
INFO:root:Epoch: 55, Iteration: 386, Loss: 0.1294279545545578
INFO:root:Epoch: 55, Iteration: 387, Loss: 0.11406950652599335
INFO:root:Epoch: 55, Iteration: 388, Loss: 0.16447687149047852
INFO:root:Epoch: 55, Iteration: 389, Loss: 0.13375091552734375
INFO:root:Epoch: 55, Iteration: 390, Loss: 0.13190074265003204
INFO:root:Epoch: 55, Iteration: 391, Loss: 0.15627069771289825
INFO:root:Epoch: 55, Iteration: 392, Loss: 0.1254749745130539
INFO:root:Validation set mIOU: 79.92894877758144
INFO:root:Epoch: 56, Iteration: 393, Loss: 0.11653634905815125
INFO:root:Epoch: 56, Iteration: 394, Loss: 0.10242351144552231
INFO:root:Epoch: 56, Iteration: 395, Loss: 0.10459405183792114
INFO:root:Epoch: 56, Iteration: 396, Loss: 0.12750905752182007
INFO:root:Epoch: 56, Iteration: 397, Loss: 0.11418016999959946
INFO:root:Epoch: 56, Iteration: 398, Loss: 0.15459711849689484
INFO:root:Epoch: 56, Iteration: 399, Loss: 0.17534425854682922
INFO:root:Validation set mIOU: 80.10909526299247
INFO:root:Epoch: 57, Iteration: 400, Loss: 0.1259261965751648
INFO:root:Epoch: 57, Iteration: 401, Loss: 0.129927858710289
INFO:root:Epoch: 57, Iteration: 402, Loss: 0.12105713784694672
INFO:root:Epoch: 57, Iteration: 403, Loss: 0.12795062363147736
INFO:root:Epoch: 57, Iteration: 404, Loss: 0.19924990832805634
INFO:root:Epoch: 57, Iteration: 405, Loss: 0.10751735419034958
INFO:root:Epoch: 57, Iteration: 406, Loss: 0.15378333628177643
INFO:root:Validation set mIOU: 80.1750692605983
INFO:root:Epoch: 58, Iteration: 407, Loss: 0.18908198177814484
INFO:root:Epoch: 58, Iteration: 408, Loss: 0.1331738978624344
INFO:root:Epoch: 58, Iteration: 409, Loss: 0.17863517999649048
INFO:root:Epoch: 58, Iteration: 410, Loss: 0.1435675472021103
INFO:root:Epoch: 58, Iteration: 411, Loss: 0.14965024590492249
INFO:root:Epoch: 58, Iteration: 412, Loss: 0.16027723252773285
INFO:root:Epoch: 58, Iteration: 413, Loss: 0.11921973526477814
INFO:root:Validation set mIOU: 79.71634209525237
INFO:root:Epoch: 59, Iteration: 414, Loss: 0.13530662655830383
INFO:root:Epoch: 59, Iteration: 415, Loss: 0.13729050755500793
INFO:root:Epoch: 59, Iteration: 416, Loss: 0.21608445048332214
INFO:root:Epoch: 59, Iteration: 417, Loss: 0.1254865974187851
INFO:root:Epoch: 59, Iteration: 418, Loss: 0.11309962719678879
INFO:root:Epoch: 59, Iteration: 419, Loss: 0.13104146718978882
INFO:root:Epoch: 59, Iteration: 420, Loss: 0.11348134279251099
INFO:root:Validation set mIOU: 79.810140872871
INFO:root:Epoch: 60, Iteration: 421, Loss: 0.12350556999444962
INFO:root:Epoch: 60, Iteration: 422, Loss: 0.15636318922042847
INFO:root:Epoch: 60, Iteration: 423, Loss: 0.11921700090169907
INFO:root:Epoch: 60, Iteration: 424, Loss: 0.1388860046863556
INFO:root:Epoch: 60, Iteration: 425, Loss: 0.11576633900403976
INFO:root:Epoch: 60, Iteration: 426, Loss: 0.10497826337814331
INFO:root:Epoch: 60, Iteration: 427, Loss: 0.10785643011331558
INFO:root:Validation set mIOU: 80.14531868702038
INFO:root:Epoch: 61, Iteration: 428, Loss: 0.16213759779930115
INFO:root:Epoch: 61, Iteration: 429, Loss: 0.1177777498960495
INFO:root:Epoch: 61, Iteration: 430, Loss: 0.12056489288806915
INFO:root:Epoch: 61, Iteration: 431, Loss: 0.17669150233268738
INFO:root:Epoch: 61, Iteration: 432, Loss: 0.11447888612747192
INFO:root:Epoch: 61, Iteration: 433, Loss: 0.12304927408695221
INFO:root:Epoch: 61, Iteration: 434, Loss: 0.1588154286146164
INFO:root:Validation set mIOU: 79.84330288397116
INFO:root:Epoch: 62, Iteration: 435, Loss: 0.15618981420993805
INFO:root:Epoch: 62, Iteration: 436, Loss: 0.10423045605421066
INFO:root:Epoch: 62, Iteration: 437, Loss: 0.12474849075078964
INFO:root:Epoch: 62, Iteration: 438, Loss: 0.1288408637046814
INFO:root:Epoch: 62, Iteration: 439, Loss: 0.12945687770843506
INFO:root:Epoch: 62, Iteration: 440, Loss: 0.11008727550506592
INFO:root:Epoch: 62, Iteration: 441, Loss: 0.11387132108211517
INFO:root:Validation set mIOU: 79.88967150473462
INFO:root:Epoch: 63, Iteration: 442, Loss: 0.11419906467199326
INFO:root:Epoch: 63, Iteration: 443, Loss: 0.11292237788438797
INFO:root:Epoch: 63, Iteration: 444, Loss: 0.13598455488681793
INFO:root:Epoch: 63, Iteration: 445, Loss: 0.1208614856004715
INFO:root:Epoch: 63, Iteration: 446, Loss: 0.12316715717315674
INFO:root:Epoch: 63, Iteration: 447, Loss: 0.1265275478363037
INFO:root:Epoch: 63, Iteration: 448, Loss: 0.12393707036972046
INFO:root:Validation set mIOU: 79.96640548065668
INFO:root:Epoch: 64, Iteration: 449, Loss: 0.11445463448762894
INFO:root:Epoch: 64, Iteration: 450, Loss: 0.1671646237373352
INFO:root:Epoch: 64, Iteration: 451, Loss: 0.14000949263572693
INFO:root:Epoch: 64, Iteration: 452, Loss: 0.14813344180583954
INFO:root:Epoch: 64, Iteration: 453, Loss: 0.0967923104763031
INFO:root:Epoch: 64, Iteration: 454, Loss: 0.12532030045986176
INFO:root:Epoch: 64, Iteration: 455, Loss: 0.10791900008916855
INFO:root:Validation set mIOU: 80.1367219205387
INFO:root:Epoch: 65, Iteration: 456, Loss: 0.11319524794816971
INFO:root:Epoch: 65, Iteration: 457, Loss: 0.13776737451553345
INFO:root:Epoch: 65, Iteration: 458, Loss: 0.08727489411830902
INFO:root:Epoch: 65, Iteration: 459, Loss: 0.13027401268482208
INFO:root:Epoch: 65, Iteration: 460, Loss: 0.2164146602153778
INFO:root:Epoch: 65, Iteration: 461, Loss: 0.11381948739290237
INFO:root:Epoch: 65, Iteration: 462, Loss: 0.11271398514509201
INFO:root:Validation set mIOU: 79.98054356031429
INFO:root:Epoch: 66, Iteration: 463, Loss: 0.12265381962060928
INFO:root:Epoch: 66, Iteration: 464, Loss: 0.0987205058336258
INFO:root:Epoch: 66, Iteration: 465, Loss: 0.15238526463508606
INFO:root:Epoch: 66, Iteration: 466, Loss: 0.09437916427850723
INFO:root:Epoch: 66, Iteration: 467, Loss: 0.13159745931625366
INFO:root:Epoch: 66, Iteration: 468, Loss: 0.10557945817708969
INFO:root:Epoch: 66, Iteration: 469, Loss: 0.1275687962770462
INFO:root:Validation set mIOU: 79.3827504902708
INFO:root:Epoch: 67, Iteration: 470, Loss: 0.09704724699258804
INFO:root:Epoch: 67, Iteration: 471, Loss: 0.12507353723049164
INFO:root:Epoch: 67, Iteration: 472, Loss: 0.1317126303911209
INFO:root:Epoch: 67, Iteration: 473, Loss: 0.11313042044639587
INFO:root:Epoch: 67, Iteration: 474, Loss: 0.0968296229839325
INFO:root:Epoch: 67, Iteration: 475, Loss: 0.14834317564964294
INFO:root:Epoch: 67, Iteration: 476, Loss: 0.15496480464935303
INFO:root:Validation set mIOU: 80.17839102537532
INFO:root:Epoch: 68, Iteration: 477, Loss: 0.12372476607561111
INFO:root:Epoch: 68, Iteration: 478, Loss: 0.10990224778652191
INFO:root:Epoch: 68, Iteration: 479, Loss: 0.11371364444494247
INFO:root:Epoch: 68, Iteration: 480, Loss: 0.08989684283733368
INFO:root:Epoch: 68, Iteration: 481, Loss: 0.14498458802700043
INFO:root:Epoch: 68, Iteration: 482, Loss: 0.12504257261753082
INFO:root:Epoch: 68, Iteration: 483, Loss: 0.1416960060596466
INFO:root:Validation set mIOU: 79.87443468606932
INFO:root:Epoch: 69, Iteration: 484, Loss: 0.09359089285135269
INFO:root:Epoch: 69, Iteration: 485, Loss: 0.13174405694007874
INFO:root:Epoch: 69, Iteration: 486, Loss: 0.09919754415750504
INFO:root:Epoch: 69, Iteration: 487, Loss: 0.11342693865299225
INFO:root:Epoch: 69, Iteration: 488, Loss: 0.13054734468460083
INFO:root:Epoch: 69, Iteration: 489, Loss: 0.10285946726799011
INFO:root:Epoch: 69, Iteration: 490, Loss: 0.113310806453228
INFO:root:Validation set mIOU: 79.20145778723828
INFO:root:Epoch: 70, Iteration: 491, Loss: 0.1281258463859558
INFO:root:Epoch: 70, Iteration: 492, Loss: 0.14216318726539612
INFO:root:Epoch: 70, Iteration: 493, Loss: 0.10529324412345886
INFO:root:Epoch: 70, Iteration: 494, Loss: 0.1410921812057495
INFO:root:Epoch: 70, Iteration: 495, Loss: 0.13166405260562897
INFO:root:Epoch: 70, Iteration: 496, Loss: 0.10922487825155258
INFO:root:Epoch: 70, Iteration: 497, Loss: 0.12611472606658936
INFO:root:Validation set mIOU: 79.99131844298665
INFO:root:Epoch: 71, Iteration: 498, Loss: 0.15477493405342102
INFO:root:Epoch: 71, Iteration: 499, Loss: 0.11502746492624283
INFO:root:Epoch: 71, Iteration: 500, Loss: 0.16025079786777496
INFO:root:Epoch: 71, Iteration: 501, Loss: 0.09381145238876343
INFO:root:Epoch: 71, Iteration: 502, Loss: 0.1006951853632927
INFO:root:Epoch: 71, Iteration: 503, Loss: 0.1086944192647934
INFO:root:Epoch: 71, Iteration: 504, Loss: 0.12170446664094925
INFO:root:Validation set mIOU: 80.24341626444027
INFO:root:Epoch: 72, Iteration: 505, Loss: 0.10191096365451813
INFO:root:Epoch: 72, Iteration: 506, Loss: 0.10330579429864883
INFO:root:Epoch: 72, Iteration: 507, Loss: 0.12268774956464767
INFO:root:Epoch: 72, Iteration: 508, Loss: 0.19344860315322876
INFO:root:Epoch: 72, Iteration: 509, Loss: 0.11069218814373016
INFO:root:Epoch: 72, Iteration: 510, Loss: 0.10782556980848312
INFO:root:Epoch: 72, Iteration: 511, Loss: 0.13968509435653687
INFO:root:Validation set mIOU: 79.38342837919417
INFO:root:Epoch: 73, Iteration: 512, Loss: 0.08588011562824249
INFO:root:Epoch: 73, Iteration: 513, Loss: 0.15350382030010223
INFO:root:Epoch: 73, Iteration: 514, Loss: 0.15598249435424805
INFO:root:Epoch: 73, Iteration: 515, Loss: 0.1061878502368927
INFO:root:Epoch: 73, Iteration: 516, Loss: 0.10146668553352356
INFO:root:Epoch: 73, Iteration: 517, Loss: 0.1297135204076767
INFO:root:Epoch: 73, Iteration: 518, Loss: 0.13068817555904388
INFO:root:Validation set mIOU: 80.12479318525753
INFO:root:Epoch: 74, Iteration: 519, Loss: 0.10879820585250854
INFO:root:Epoch: 74, Iteration: 520, Loss: 0.10954051464796066
INFO:root:Epoch: 74, Iteration: 521, Loss: 0.1148308590054512
INFO:root:Epoch: 74, Iteration: 522, Loss: 0.11294756084680557
INFO:root:Epoch: 74, Iteration: 523, Loss: 0.12833499908447266
INFO:root:Epoch: 74, Iteration: 524, Loss: 0.16746166348457336
INFO:root:Epoch: 74, Iteration: 525, Loss: 0.12091448158025742
INFO:root:Validation set mIOU: 80.20871812236167
INFO:root:Epoch: 75, Iteration: 526, Loss: 0.08764903247356415
INFO:root:Epoch: 75, Iteration: 527, Loss: 0.11061473190784454
INFO:root:Epoch: 75, Iteration: 528, Loss: 0.1281944215297699
INFO:root:Epoch: 75, Iteration: 529, Loss: 0.13228389620780945
INFO:root:Epoch: 75, Iteration: 530, Loss: 0.15277785062789917
INFO:root:Epoch: 75, Iteration: 531, Loss: 0.14211611449718475
INFO:root:Epoch: 75, Iteration: 532, Loss: 0.15891879796981812
INFO:root:Validation set mIOU: 79.17190002605166
INFO:root:Epoch: 76, Iteration: 533, Loss: 0.11068234592676163
INFO:root:Epoch: 76, Iteration: 534, Loss: 0.1541822850704193
INFO:root:Epoch: 76, Iteration: 535, Loss: 0.10478892177343369
INFO:root:Epoch: 76, Iteration: 536, Loss: 0.10955475270748138
INFO:root:Epoch: 76, Iteration: 537, Loss: 0.11625178903341293
INFO:root:Epoch: 76, Iteration: 538, Loss: 0.11251644045114517
INFO:root:Epoch: 76, Iteration: 539, Loss: 0.1126239001750946
INFO:root:Validation set mIOU: 80.21206281887386
INFO:root:Epoch: 77, Iteration: 540, Loss: 0.10510169714689255
INFO:root:Epoch: 77, Iteration: 541, Loss: 0.10692134499549866
INFO:root:Epoch: 77, Iteration: 542, Loss: 0.12850531935691833
INFO:root:Epoch: 77, Iteration: 543, Loss: 0.11325693875551224
INFO:root:Epoch: 77, Iteration: 544, Loss: 0.11362717300653458
INFO:root:Epoch: 77, Iteration: 545, Loss: 0.1512003093957901
INFO:root:Epoch: 77, Iteration: 546, Loss: 0.11554782092571259
INFO:root:Validation set mIOU: 79.85128679272356
INFO:root:Epoch: 78, Iteration: 547, Loss: 0.1187601163983345
INFO:root:Epoch: 78, Iteration: 548, Loss: 0.10967229306697845
INFO:root:Epoch: 78, Iteration: 549, Loss: 0.12468408793210983
INFO:root:Epoch: 78, Iteration: 550, Loss: 0.1879083812236786
INFO:root:Epoch: 78, Iteration: 551, Loss: 0.12327708303928375
INFO:root:Epoch: 78, Iteration: 552, Loss: 0.09757376462221146
INFO:root:Epoch: 78, Iteration: 553, Loss: 0.10411256551742554
INFO:root:Validation set mIOU: 79.62717462633987
INFO:root:Epoch: 79, Iteration: 554, Loss: 0.13189882040023804
INFO:root:Epoch: 79, Iteration: 555, Loss: 0.11955558508634567
INFO:root:Epoch: 79, Iteration: 556, Loss: 0.12658429145812988
INFO:root:Epoch: 79, Iteration: 557, Loss: 0.1344948410987854
INFO:root:Epoch: 79, Iteration: 558, Loss: 0.11935360729694366
INFO:root:Epoch: 79, Iteration: 559, Loss: 0.12977761030197144
INFO:root:Epoch: 79, Iteration: 560, Loss: 0.13554130494594574
INFO:root:Validation set mIOU: 80.33912966633366
INFO:root:Epoch: 80, Iteration: 561, Loss: 0.10351118445396423
INFO:root:Epoch: 80, Iteration: 562, Loss: 0.11851242184638977
INFO:root:Epoch: 80, Iteration: 563, Loss: 0.1233234852552414
INFO:root:Epoch: 80, Iteration: 564, Loss: 0.14610251784324646
INFO:root:Epoch: 80, Iteration: 565, Loss: 0.11358758807182312
INFO:root:Epoch: 80, Iteration: 566, Loss: 0.12712162733078003
INFO:root:Epoch: 80, Iteration: 567, Loss: 0.1388387382030487
INFO:root:Validation set mIOU: 79.94197951038427
INFO:root:Epoch: 81, Iteration: 568, Loss: 0.15199394524097443
INFO:root:Epoch: 81, Iteration: 569, Loss: 0.10878672450780869
INFO:root:Epoch: 81, Iteration: 570, Loss: 0.10295936465263367
INFO:root:Epoch: 81, Iteration: 571, Loss: 0.10902617126703262
INFO:root:Epoch: 81, Iteration: 572, Loss: 0.10346124321222305
INFO:root:Epoch: 81, Iteration: 573, Loss: 0.13425342738628387
INFO:root:Epoch: 81, Iteration: 574, Loss: 0.126268669962883
INFO:root:Validation set mIOU: 79.74704769496185
INFO:root:Epoch: 82, Iteration: 575, Loss: 0.1071266308426857
INFO:root:Epoch: 82, Iteration: 576, Loss: 0.17107145488262177
INFO:root:Epoch: 82, Iteration: 577, Loss: 0.1238131895661354
INFO:root:Epoch: 82, Iteration: 578, Loss: 0.11339924484491348
INFO:root:Epoch: 82, Iteration: 579, Loss: 0.11684107035398483
INFO:root:Epoch: 82, Iteration: 580, Loss: 0.1663646548986435
INFO:root:Epoch: 82, Iteration: 581, Loss: 0.11813455075025558
INFO:root:Validation set mIOU: 80.66065434578992
INFO:root:Epoch: 83, Iteration: 582, Loss: 0.1143464669585228
INFO:root:Epoch: 83, Iteration: 583, Loss: 0.11750872433185577
INFO:root:Epoch: 83, Iteration: 584, Loss: 0.1130528524518013
INFO:root:Epoch: 83, Iteration: 585, Loss: 0.13954909145832062
INFO:root:Epoch: 83, Iteration: 586, Loss: 0.10905804485082626
INFO:root:Epoch: 83, Iteration: 587, Loss: 0.12120833992958069
INFO:root:Epoch: 83, Iteration: 588, Loss: 0.10578244924545288
INFO:root:Validation set mIOU: 80.33583411126914
INFO:root:Epoch: 84, Iteration: 589, Loss: 0.10518107563257217
INFO:root:Epoch: 84, Iteration: 590, Loss: 0.10655796527862549
INFO:root:Epoch: 84, Iteration: 591, Loss: 0.10946272313594818
INFO:root:Epoch: 84, Iteration: 592, Loss: 0.15771757066249847
INFO:root:Epoch: 84, Iteration: 593, Loss: 0.1342996060848236
INFO:root:Epoch: 84, Iteration: 594, Loss: 0.12922810018062592
INFO:root:Epoch: 84, Iteration: 595, Loss: 0.12387093901634216
INFO:root:Validation set mIOU: 79.87138654837639
INFO:root:Epoch: 85, Iteration: 596, Loss: 0.10753898322582245
INFO:root:Epoch: 85, Iteration: 597, Loss: 0.09896241873502731
INFO:root:Epoch: 85, Iteration: 598, Loss: 0.11985554546117783
INFO:root:Epoch: 85, Iteration: 599, Loss: 0.1459224820137024
INFO:root:Epoch: 85, Iteration: 600, Loss: 0.1375831961631775
INFO:root:Epoch: 85, Iteration: 601, Loss: 0.09936416894197464
INFO:root:Epoch: 85, Iteration: 602, Loss: 0.1103862002491951
INFO:root:Validation set mIOU: 79.8323548738739
INFO:root:Epoch: 86, Iteration: 603, Loss: 0.0962228924036026
INFO:root:Epoch: 86, Iteration: 604, Loss: 0.12377069890499115
INFO:root:Epoch: 86, Iteration: 605, Loss: 0.13098259270191193
INFO:root:Epoch: 86, Iteration: 606, Loss: 0.13321489095687866
INFO:root:Epoch: 86, Iteration: 607, Loss: 0.10047516971826553
INFO:root:Epoch: 86, Iteration: 608, Loss: 0.11140259355306625
INFO:root:Epoch: 86, Iteration: 609, Loss: 0.1611061692237854
INFO:root:Validation set mIOU: 80.34888984687272
INFO:root:Epoch: 87, Iteration: 610, Loss: 0.11006375402212143
INFO:root:Epoch: 87, Iteration: 611, Loss: 0.13213855028152466
INFO:root:Epoch: 87, Iteration: 612, Loss: 0.11550541967153549
INFO:root:Epoch: 87, Iteration: 613, Loss: 0.11661650985479355
INFO:root:Epoch: 87, Iteration: 614, Loss: 0.09804586321115494
INFO:root:Epoch: 87, Iteration: 615, Loss: 0.09956775605678558
INFO:root:Epoch: 87, Iteration: 616, Loss: 0.1223980262875557
INFO:root:Validation set mIOU: 80.63066611495508
INFO:root:Epoch: 88, Iteration: 617, Loss: 0.12522684037685394
INFO:root:Epoch: 88, Iteration: 618, Loss: 0.13424402475357056
INFO:root:Epoch: 88, Iteration: 619, Loss: 0.0892440527677536
INFO:root:Epoch: 88, Iteration: 620, Loss: 0.11156967282295227
INFO:root:Epoch: 88, Iteration: 621, Loss: 0.13808885216712952
INFO:root:Epoch: 88, Iteration: 622, Loss: 0.14026586711406708
INFO:root:Epoch: 88, Iteration: 623, Loss: 0.11127974838018417
INFO:root:Validation set mIOU: 80.22520463190374
INFO:root:Epoch: 89, Iteration: 624, Loss: 0.11323322355747223
INFO:root:Epoch: 89, Iteration: 625, Loss: 0.13897906243801117
INFO:root:Epoch: 89, Iteration: 626, Loss: 0.08924757689237595
INFO:root:Epoch: 89, Iteration: 627, Loss: 0.09486597776412964
INFO:root:Epoch: 89, Iteration: 628, Loss: 0.08970578759908676
INFO:root:Epoch: 89, Iteration: 629, Loss: 0.0995657667517662
INFO:root:Epoch: 89, Iteration: 630, Loss: 0.09822558611631393
INFO:root:Validation set mIOU: 79.89065269139314
INFO:root:Epoch: 90, Iteration: 631, Loss: 0.1189475804567337
INFO:root:Epoch: 90, Iteration: 632, Loss: 0.09776663780212402
INFO:root:Epoch: 90, Iteration: 633, Loss: 0.10940756648778915
INFO:root:Epoch: 90, Iteration: 634, Loss: 0.12119421362876892
INFO:root:Epoch: 90, Iteration: 635, Loss: 0.14269804954528809
INFO:root:Epoch: 90, Iteration: 636, Loss: 0.09485093504190445
INFO:root:Epoch: 90, Iteration: 637, Loss: 0.12753453850746155
INFO:root:Validation set mIOU: 79.91301179435341
INFO:root:Epoch: 91, Iteration: 638, Loss: 0.09993955492973328
INFO:root:Epoch: 91, Iteration: 639, Loss: 0.10313957184553146
INFO:root:Epoch: 91, Iteration: 640, Loss: 0.10363788902759552
INFO:root:Epoch: 91, Iteration: 641, Loss: 0.09901539236307144
INFO:root:Epoch: 91, Iteration: 642, Loss: 0.15416011214256287
INFO:root:Epoch: 91, Iteration: 643, Loss: 0.11335169523954391
INFO:root:Epoch: 91, Iteration: 644, Loss: 0.1485605537891388
INFO:root:Validation set mIOU: 80.14797598928652
INFO:root:Epoch: 92, Iteration: 645, Loss: 0.12252093851566315
INFO:root:Epoch: 92, Iteration: 646, Loss: 0.19333679974079132
INFO:root:Epoch: 92, Iteration: 647, Loss: 0.1072407215833664
INFO:root:Epoch: 92, Iteration: 648, Loss: 0.11155463010072708
INFO:root:Epoch: 92, Iteration: 649, Loss: 0.12290744483470917
INFO:root:Epoch: 92, Iteration: 650, Loss: 0.09985706210136414
INFO:root:Epoch: 92, Iteration: 651, Loss: 0.11609844863414764
INFO:root:Validation set mIOU: 80.43830270542082
INFO:root:Epoch: 93, Iteration: 652, Loss: 0.11204519867897034
INFO:root:Epoch: 93, Iteration: 653, Loss: 0.12668536603450775
INFO:root:Epoch: 93, Iteration: 654, Loss: 0.0891634076833725
INFO:root:Epoch: 93, Iteration: 655, Loss: 0.09987486153841019
INFO:root:Epoch: 93, Iteration: 656, Loss: 0.1098678857088089
INFO:root:Epoch: 93, Iteration: 657, Loss: 0.10934712737798691
INFO:root:Epoch: 93, Iteration: 658, Loss: 0.12350014597177505
INFO:root:Validation set mIOU: 80.13552838072799
INFO:root:Epoch: 94, Iteration: 659, Loss: 0.11581431329250336
INFO:root:Epoch: 94, Iteration: 660, Loss: 0.09768754243850708
INFO:root:Epoch: 94, Iteration: 661, Loss: 0.07152240723371506
INFO:root:Epoch: 94, Iteration: 662, Loss: 0.11339957267045975
INFO:root:Epoch: 94, Iteration: 663, Loss: 0.1595669388771057
INFO:root:Epoch: 94, Iteration: 664, Loss: 0.10170771181583405
INFO:root:Epoch: 94, Iteration: 665, Loss: 0.10275396704673767
INFO:root:Validation set mIOU: 80.1515070176086
INFO:root:Epoch: 95, Iteration: 666, Loss: 0.09417792409658432
INFO:root:Epoch: 95, Iteration: 667, Loss: 0.11054254323244095
INFO:root:Epoch: 95, Iteration: 668, Loss: 0.09843742847442627
INFO:root:Epoch: 95, Iteration: 669, Loss: 0.10629042237997055
INFO:root:Epoch: 95, Iteration: 670, Loss: 0.10587435960769653
INFO:root:Epoch: 95, Iteration: 671, Loss: 0.11474457383155823
INFO:root:Epoch: 95, Iteration: 672, Loss: 0.11591193079948425
INFO:root:Validation set mIOU: 80.13494383918736
INFO:root:Epoch: 96, Iteration: 673, Loss: 0.1581454575061798
INFO:root:Epoch: 96, Iteration: 674, Loss: 0.1126437783241272
INFO:root:Epoch: 96, Iteration: 675, Loss: 0.11127299815416336
INFO:root:Epoch: 96, Iteration: 676, Loss: 0.15059946477413177
INFO:root:Epoch: 96, Iteration: 677, Loss: 0.101373590528965
INFO:root:Epoch: 96, Iteration: 678, Loss: 0.12429194897413254
INFO:root:Epoch: 96, Iteration: 679, Loss: 0.09933654963970184
INFO:root:Validation set mIOU: 79.86852701771814
INFO:root:Epoch: 97, Iteration: 680, Loss: 0.09476901590824127
INFO:root:Epoch: 97, Iteration: 681, Loss: 0.09991398453712463
INFO:root:Epoch: 97, Iteration: 682, Loss: 0.10008353739976883
INFO:root:Epoch: 97, Iteration: 683, Loss: 0.11140903830528259
INFO:root:Epoch: 97, Iteration: 684, Loss: 0.10268282890319824
INFO:root:Epoch: 97, Iteration: 685, Loss: 0.14955438673496246
INFO:root:Epoch: 97, Iteration: 686, Loss: 0.10798108577728271
INFO:root:Validation set mIOU: 80.13297222243871
INFO:root:Epoch: 98, Iteration: 687, Loss: 0.13206784427165985
INFO:root:Epoch: 98, Iteration: 688, Loss: 0.11676815897226334
INFO:root:Epoch: 98, Iteration: 689, Loss: 0.14138875901699066
INFO:root:Epoch: 98, Iteration: 690, Loss: 0.09782814979553223
INFO:root:Epoch: 98, Iteration: 691, Loss: 0.12590643763542175
INFO:root:Epoch: 98, Iteration: 692, Loss: 0.10144404321908951
INFO:root:Epoch: 98, Iteration: 693, Loss: 0.09373991936445236
INFO:root:Validation set mIOU: 80.07729171001749
INFO:root:Epoch: 99, Iteration: 694, Loss: 0.11300532519817352
INFO:root:Epoch: 99, Iteration: 695, Loss: 0.12650339305400848
INFO:root:Epoch: 99, Iteration: 696, Loss: 0.07876135408878326
INFO:root:Epoch: 99, Iteration: 697, Loss: 0.10586341470479965
INFO:root:Epoch: 99, Iteration: 698, Loss: 0.15439000725746155
INFO:root:Epoch: 99, Iteration: 699, Loss: 0.1265675127506256
INFO:root:Epoch: 99, Iteration: 700, Loss: 0.13832683861255646
INFO:root:Validation set mIOU: 80.17658979448863
