INFO:root:{'addition': 'nothing',
 'backbone': 'resnet101',
 'batch_size': 16,
 'batch_size_consistency': 16,
 'conf_thres': 0.95,
 'config': 'configs/dataset2.yaml',
 'consistency_training': True,
 'crop_size': 320,
 'data_root': './',
 'dataset': 'dataset2',
 'epochs': 100,
 'labeled_id_path': 'dataset/splits/dataset2/1_4/split_random/labeled.txt',
 'lr': 0.0009,
 'model': 'unet',
 'ngpus': 1,
 'plus': False,
 'pseudo_consistency_mask_path': None,
 'pseudo_mask_path': 'outdir/pseudo_masks/dataset2/1_4/split_random/unet/resnet101/self_training/consistency_training/second_time',
 'rand_thres': 0.8,
 'reliable_id_path': None,
 'save_path': 'outdir/models/dataset2/1_4/split_random/unet/resnet101/self_training/consistency_training/second_time',
 'time': 2,
 'unlabeled_id_path': 'dataset/splits/dataset2/1_4/split_random/unlabeled.txt',
 'warm_up': 30}

INFO:root:Training supervised with consistency on unlabeled images
INFO:root:Epoch: 0, Iteration: 1, Loss: 0.5955004692077637, Loss_s: 1.1910009384155273, Loss_u: 0.0
INFO:root:Epoch: 0, Iteration: 2, Loss: 0.5828160047531128, Loss_s: 1.1656320095062256, Loss_u: 0.0
INFO:root:Epoch: 0, Iteration: 3, Loss: 0.5287822484970093, Loss_s: 1.0575644969940186, Loss_u: 0.0
INFO:root:Validation set mIOU: 5.652663605112564
INFO:root:Epoch: 1, Iteration: 4, Loss: 0.4837896525859833, Loss_s: 0.9675793051719666, Loss_u: 0.0
INFO:root:Epoch: 1, Iteration: 5, Loss: 0.45428675413131714, Loss_s: 0.9085735082626343, Loss_u: 0.0
INFO:root:Epoch: 1, Iteration: 6, Loss: 0.4233907461166382, Loss_s: 0.8467814922332764, Loss_u: 0.0
INFO:root:Validation set mIOU: 46.74013894395983
INFO:root:Epoch: 2, Iteration: 7, Loss: 0.4102747142314911, Loss_s: 0.8205494284629822, Loss_u: 0.0
INFO:root:Epoch: 2, Iteration: 8, Loss: 0.38148364424705505, Loss_s: 0.7629672884941101, Loss_u: 0.0
INFO:root:Epoch: 2, Iteration: 9, Loss: 0.36781105399131775, Loss_s: 0.7356221079826355, Loss_u: 0.0
INFO:root:Validation set mIOU: 56.678014997850404
INFO:root:Epoch: 3, Iteration: 10, Loss: 0.35196346044540405, Loss_s: 0.7039269208908081, Loss_u: 0.0
INFO:root:Epoch: 3, Iteration: 11, Loss: 0.3492772877216339, Loss_s: 0.6985545754432678, Loss_u: 0.0
INFO:root:Epoch: 3, Iteration: 12, Loss: 0.34653568267822266, Loss_s: 0.6930713653564453, Loss_u: 0.0
INFO:root:Validation set mIOU: 64.89368127157846
INFO:root:Epoch: 4, Iteration: 13, Loss: 0.33975014090538025, Loss_s: 0.6795002818107605, Loss_u: 0.0
INFO:root:Epoch: 4, Iteration: 14, Loss: 0.3383300304412842, Loss_s: 0.6766600608825684, Loss_u: 0.0
INFO:root:Epoch: 4, Iteration: 15, Loss: 0.32963064312934875, Loss_s: 0.6592612862586975, Loss_u: 0.0
INFO:root:Validation set mIOU: 63.34390432659185
INFO:root:Epoch: 5, Iteration: 16, Loss: 0.32560819387435913, Loss_s: 0.6512163877487183, Loss_u: 0.0
INFO:root:Epoch: 5, Iteration: 17, Loss: 0.32543885707855225, Loss_s: 0.6508777141571045, Loss_u: 0.0
INFO:root:Epoch: 5, Iteration: 18, Loss: 0.3326922357082367, Loss_s: 0.6653844714164734, Loss_u: 0.0
INFO:root:Validation set mIOU: 60.792057902292996
INFO:root:Epoch: 6, Iteration: 19, Loss: 0.318158894777298, Loss_s: 0.636317789554596, Loss_u: 0.0
INFO:root:Epoch: 6, Iteration: 20, Loss: 0.33498623967170715, Loss_s: 0.6699724793434143, Loss_u: 0.0
INFO:root:Epoch: 6, Iteration: 21, Loss: 0.3222082853317261, Loss_s: 0.6444165706634521, Loss_u: 0.0
INFO:root:Validation set mIOU: 73.85795423042762
INFO:root:Epoch: 7, Iteration: 22, Loss: 0.34073737263679504, Loss_s: 0.6814747452735901, Loss_u: 0.0
INFO:root:Epoch: 7, Iteration: 23, Loss: 0.33399662375450134, Loss_s: 0.6679932475090027, Loss_u: 0.0
INFO:root:Epoch: 7, Iteration: 24, Loss: 0.30843812227249146, Loss_s: 0.6168762445449829, Loss_u: 0.0
INFO:root:Validation set mIOU: 60.53068752852173
INFO:root:Epoch: 8, Iteration: 25, Loss: 0.3079241216182709, Loss_s: 0.6158482432365417, Loss_u: 0.0
INFO:root:Epoch: 8, Iteration: 26, Loss: 0.3287257254123688, Loss_s: 0.6574514508247375, Loss_u: 0.0
INFO:root:Epoch: 8, Iteration: 27, Loss: 0.31101006269454956, Loss_s: 0.6220201253890991, Loss_u: 0.0
INFO:root:Validation set mIOU: 79.50329763397704
INFO:root:Epoch: 9, Iteration: 28, Loss: 0.31911149621009827, Loss_s: 0.6382229924201965, Loss_u: 0.0
INFO:root:Epoch: 9, Iteration: 29, Loss: 0.31455859541893005, Loss_s: 0.6291171908378601, Loss_u: 0.0
INFO:root:Epoch: 9, Iteration: 30, Loss: 0.33307692408561707, Loss_s: 0.6661538481712341, Loss_u: 0.0
INFO:root:Validation set mIOU: 79.94780849609825
INFO:root:Epoch: 10, Iteration: 31, Loss: 0.3067469000816345, Loss_s: 0.613493800163269, Loss_u: 0.0
INFO:root:Epoch: 10, Iteration: 32, Loss: 0.3145439922809601, Loss_s: 0.6290879845619202, Loss_u: 0.0
INFO:root:Epoch: 10, Iteration: 33, Loss: 0.31506380438804626, Loss_s: 0.6301276087760925, Loss_u: 0.0
INFO:root:Validation set mIOU: 77.38700867398127
INFO:root:Epoch: 11, Iteration: 34, Loss: 0.30404600501060486, Loss_s: 0.6080920100212097, Loss_u: 0.0
INFO:root:Epoch: 11, Iteration: 35, Loss: 0.31351491808891296, Loss_s: 0.6270298361778259, Loss_u: 0.0
INFO:root:Epoch: 11, Iteration: 36, Loss: 0.3017546236515045, Loss_s: 0.603509247303009, Loss_u: 0.0
INFO:root:Validation set mIOU: 78.31447364163574
INFO:root:Epoch: 12, Iteration: 37, Loss: 0.3164573609828949, Loss_s: 0.6329147219657898, Loss_u: 0.0
INFO:root:Epoch: 12, Iteration: 38, Loss: 0.30526241660118103, Loss_s: 0.6105248332023621, Loss_u: 0.0
INFO:root:Epoch: 12, Iteration: 39, Loss: 0.30641281604766846, Loss_s: 0.6128256320953369, Loss_u: 0.0
INFO:root:Validation set mIOU: 76.7418059579336
INFO:root:Epoch: 13, Iteration: 40, Loss: 0.3030567169189453, Loss_s: 0.6061134338378906, Loss_u: 0.0
INFO:root:Epoch: 13, Iteration: 41, Loss: 0.2983042001724243, Loss_s: 0.5966084003448486, Loss_u: 0.0
INFO:root:Epoch: 13, Iteration: 42, Loss: 0.30560067296028137, Loss_s: 0.6112013459205627, Loss_u: 0.0
INFO:root:Validation set mIOU: 78.92566223185838
INFO:root:Epoch: 14, Iteration: 43, Loss: 0.29933488368988037, Loss_s: 0.5986697673797607, Loss_u: 0.0
INFO:root:Epoch: 14, Iteration: 44, Loss: 0.30054011940956116, Loss_s: 0.6010802388191223, Loss_u: 0.0
INFO:root:Epoch: 14, Iteration: 45, Loss: 0.3024267256259918, Loss_s: 0.6048534512519836, Loss_u: 0.0
INFO:root:Validation set mIOU: 70.4718792424468
INFO:root:Epoch: 15, Iteration: 46, Loss: 0.3035336434841156, Loss_s: 0.6070672869682312, Loss_u: 0.0
INFO:root:Epoch: 15, Iteration: 47, Loss: 0.30420899391174316, Loss_s: 0.6084179878234863, Loss_u: 0.0
INFO:root:Epoch: 15, Iteration: 48, Loss: 0.3098633289337158, Loss_s: 0.6197266578674316, Loss_u: 0.0
INFO:root:Validation set mIOU: 67.9069082630573
INFO:root:Epoch: 16, Iteration: 49, Loss: 0.3180445432662964, Loss_s: 0.6360890865325928, Loss_u: 0.0
INFO:root:Epoch: 16, Iteration: 50, Loss: 0.31929728388786316, Loss_s: 0.6385945677757263, Loss_u: 0.0
INFO:root:Epoch: 16, Iteration: 51, Loss: 0.31187835335731506, Loss_s: 0.6237567067146301, Loss_u: 0.0
INFO:root:Validation set mIOU: 62.2338339717175
INFO:root:Epoch: 17, Iteration: 52, Loss: 0.299584299325943, Loss_s: 0.599168598651886, Loss_u: 0.0
INFO:root:Epoch: 17, Iteration: 53, Loss: 0.304034560918808, Loss_s: 0.608069121837616, Loss_u: 0.0
INFO:root:Epoch: 17, Iteration: 54, Loss: 0.30352193117141724, Loss_s: 0.6070438623428345, Loss_u: 0.0
INFO:root:Validation set mIOU: 65.3353836668639
INFO:root:Epoch: 18, Iteration: 55, Loss: 0.2969633936882019, Loss_s: 0.5939267873764038, Loss_u: 0.0
INFO:root:Epoch: 18, Iteration: 56, Loss: 0.3056543171405792, Loss_s: 0.6113086342811584, Loss_u: 0.0
INFO:root:Epoch: 18, Iteration: 57, Loss: 0.29653894901275635, Loss_s: 0.5930778980255127, Loss_u: 0.0
INFO:root:Validation set mIOU: 69.44241397067073
INFO:root:Epoch: 19, Iteration: 58, Loss: 0.3001512289047241, Loss_s: 0.6003024578094482, Loss_u: 0.0
INFO:root:Epoch: 19, Iteration: 59, Loss: 0.2982258200645447, Loss_s: 0.5964516401290894, Loss_u: 0.0
INFO:root:Epoch: 19, Iteration: 60, Loss: 0.2949583828449249, Loss_s: 0.5899167656898499, Loss_u: 0.0
INFO:root:Validation set mIOU: 75.0953464627979
INFO:root:Epoch: 20, Iteration: 61, Loss: 0.29666730761528015, Loss_s: 0.5933346152305603, Loss_u: 0.0
INFO:root:Epoch: 20, Iteration: 62, Loss: 0.2965795397758484, Loss_s: 0.5931590795516968, Loss_u: 0.0
INFO:root:Epoch: 20, Iteration: 63, Loss: 0.2973746359348297, Loss_s: 0.5947492718696594, Loss_u: 0.0
INFO:root:Validation set mIOU: 74.67876460728161
INFO:root:Epoch: 21, Iteration: 64, Loss: 0.2931775748729706, Loss_s: 0.5863551497459412, Loss_u: 0.0
INFO:root:Epoch: 21, Iteration: 65, Loss: 0.2961299419403076, Loss_s: 0.5922598838806152, Loss_u: 0.0
INFO:root:Epoch: 21, Iteration: 66, Loss: 0.29561614990234375, Loss_s: 0.5912322998046875, Loss_u: 0.0
INFO:root:Validation set mIOU: 75.13404298924164
INFO:root:Epoch: 22, Iteration: 67, Loss: 0.29533159732818604, Loss_s: 0.5906631946563721, Loss_u: 0.0
INFO:root:Epoch: 22, Iteration: 68, Loss: 0.29316383600234985, Loss_s: 0.5863276720046997, Loss_u: 0.0
INFO:root:Epoch: 22, Iteration: 69, Loss: 0.29795175790786743, Loss_s: 0.5959035158157349, Loss_u: 0.0
INFO:root:Validation set mIOU: 79.47640827495057
INFO:root:Epoch: 23, Iteration: 70, Loss: 0.29595744609832764, Loss_s: 0.5919148921966553, Loss_u: 0.0
INFO:root:Epoch: 23, Iteration: 71, Loss: 0.2918406128883362, Loss_s: 0.5836812257766724, Loss_u: 0.0
INFO:root:Epoch: 23, Iteration: 72, Loss: 0.29298174381256104, Loss_s: 0.5859634876251221, Loss_u: 0.0
INFO:root:Validation set mIOU: 80.88850821599539
INFO:root:Epoch: 24, Iteration: 73, Loss: 0.2941027283668518, Loss_s: 0.5882054567337036, Loss_u: 0.0
INFO:root:Epoch: 24, Iteration: 74, Loss: 0.2919357120990753, Loss_s: 0.5838714241981506, Loss_u: 0.0
INFO:root:Epoch: 24, Iteration: 75, Loss: 0.293576717376709, Loss_s: 0.587153434753418, Loss_u: 0.0
INFO:root:Validation set mIOU: 84.8621140340005
INFO:root:Epoch: 25, Iteration: 76, Loss: 0.2959851622581482, Loss_s: 0.5919703245162964, Loss_u: 0.0
INFO:root:Epoch: 25, Iteration: 77, Loss: 0.29867738485336304, Loss_s: 0.5973547697067261, Loss_u: 0.0
INFO:root:Epoch: 25, Iteration: 78, Loss: 0.2909459173679352, Loss_s: 0.5818918347358704, Loss_u: 0.0
INFO:root:Validation set mIOU: 83.44746989798595
INFO:root:Epoch: 26, Iteration: 79, Loss: 0.294042706489563, Loss_s: 0.588085412979126, Loss_u: 0.0
INFO:root:Epoch: 26, Iteration: 80, Loss: 0.2962326407432556, Loss_s: 0.5924652814865112, Loss_u: 0.0
INFO:root:Epoch: 26, Iteration: 81, Loss: 0.30033278465270996, Loss_s: 0.6006655693054199, Loss_u: 0.0
INFO:root:Validation set mIOU: 84.25633253472614
INFO:root:Epoch: 27, Iteration: 82, Loss: 0.29677295684814453, Loss_s: 0.5935459136962891, Loss_u: 0.0
INFO:root:Epoch: 27, Iteration: 83, Loss: 0.30282700061798096, Loss_s: 0.6056540012359619, Loss_u: 0.0
INFO:root:Epoch: 27, Iteration: 84, Loss: 0.2932838797569275, Loss_s: 0.586567759513855, Loss_u: 0.0
INFO:root:Validation set mIOU: 82.8493121594754
INFO:root:Epoch: 28, Iteration: 85, Loss: 0.29551684856414795, Loss_s: 0.5910336971282959, Loss_u: 0.0
INFO:root:Epoch: 28, Iteration: 86, Loss: 0.30289870500564575, Loss_s: 0.6057974100112915, Loss_u: 0.0
INFO:root:Epoch: 28, Iteration: 87, Loss: 0.30384913086891174, Loss_s: 0.6076982617378235, Loss_u: 0.0
INFO:root:Validation set mIOU: 84.26952492431495
INFO:root:Epoch: 29, Iteration: 88, Loss: 0.29733237624168396, Loss_s: 0.5946647524833679, Loss_u: 0.0
INFO:root:Epoch: 29, Iteration: 89, Loss: 0.2978528141975403, Loss_s: 0.5957056283950806, Loss_u: 0.0
INFO:root:Epoch: 29, Iteration: 90, Loss: 0.30012211203575134, Loss_s: 0.6002442240715027, Loss_u: 0.0
INFO:root:Validation set mIOU: 82.23567290268177
INFO:root:Epoch: 30, Iteration: 91, Loss: 0.2977985143661499, Loss_s: 0.5955970287322998, Loss_u: 0.0
INFO:root:Epoch: 30, Iteration: 92, Loss: 0.2947525680065155, Loss_s: 0.589505136013031, Loss_u: 0.0
INFO:root:Epoch: 30, Iteration: 93, Loss: 0.29495352506637573, Loss_s: 0.5899070501327515, Loss_u: 0.0
INFO:root:Validation set mIOU: 74.64968555474498
INFO:root:Epoch: 31, Iteration: 94, Loss: 0.2957330346107483, Loss_s: 0.5914660692214966, Loss_u: 0.0
INFO:root:Epoch: 31, Iteration: 95, Loss: 0.2969810962677002, Loss_s: 0.5939621925354004, Loss_u: 0.0
INFO:root:Epoch: 31, Iteration: 96, Loss: 0.30241137742996216, Loss_s: 0.6048227548599243, Loss_u: 0.0
INFO:root:Validation set mIOU: 78.1378923352829
INFO:root:Epoch: 32, Iteration: 97, Loss: 0.2947179973125458, Loss_s: 0.5894359946250916, Loss_u: 0.0
INFO:root:Epoch: 32, Iteration: 98, Loss: 0.2925073504447937, Loss_s: 0.5850147008895874, Loss_u: 0.0
INFO:root:Epoch: 32, Iteration: 99, Loss: 0.2971178889274597, Loss_s: 0.5942357778549194, Loss_u: 0.0
INFO:root:Validation set mIOU: 77.43474283336465
INFO:root:Epoch: 33, Iteration: 100, Loss: 0.2921897768974304, Loss_s: 0.5843795537948608, Loss_u: 0.0
INFO:root:Epoch: 33, Iteration: 101, Loss: 0.29844537377357483, Loss_s: 0.5968907475471497, Loss_u: 0.0
INFO:root:Epoch: 33, Iteration: 102, Loss: 0.2950206696987152, Loss_s: 0.5900413393974304, Loss_u: 0.0
INFO:root:Validation set mIOU: 87.50766364070147
INFO:root:Epoch: 34, Iteration: 103, Loss: 0.2909829020500183, Loss_s: 0.5819658041000366, Loss_u: 0.0
INFO:root:Epoch: 34, Iteration: 104, Loss: 0.3129533529281616, Loss_s: 0.6259067058563232, Loss_u: 0.0
INFO:root:Epoch: 34, Iteration: 105, Loss: 0.29156947135925293, Loss_s: 0.5831389427185059, Loss_u: 0.0
INFO:root:Validation set mIOU: 79.94939406252324
INFO:root:Epoch: 35, Iteration: 106, Loss: 0.2925286889076233, Loss_s: 0.5850573778152466, Loss_u: 0.0
INFO:root:Epoch: 35, Iteration: 107, Loss: 0.29191163182258606, Loss_s: 0.5838232636451721, Loss_u: 0.0
INFO:root:Epoch: 35, Iteration: 108, Loss: 0.2950563132762909, Loss_s: 0.5901126265525818, Loss_u: 0.0
INFO:root:Validation set mIOU: 81.17265728174672
INFO:root:Epoch: 36, Iteration: 109, Loss: 0.30791497230529785, Loss_s: 0.6158299446105957, Loss_u: 0.0
INFO:root:Epoch: 36, Iteration: 110, Loss: 0.29412996768951416, Loss_s: 0.5882599353790283, Loss_u: 0.0
INFO:root:Epoch: 36, Iteration: 111, Loss: 0.2938697040081024, Loss_s: 0.5877394080162048, Loss_u: 0.0
INFO:root:Validation set mIOU: 81.50603817433813
INFO:root:Epoch: 37, Iteration: 112, Loss: 0.28884702920913696, Loss_s: 0.5776940584182739, Loss_u: 0.0
INFO:root:Epoch: 37, Iteration: 113, Loss: 0.292693167924881, Loss_s: 0.585386335849762, Loss_u: 0.0
INFO:root:Epoch: 37, Iteration: 114, Loss: 0.3148035407066345, Loss_s: 0.629607081413269, Loss_u: 0.0
INFO:root:Validation set mIOU: 82.97749917581007
INFO:root:Epoch: 38, Iteration: 115, Loss: 0.29376259446144104, Loss_s: 0.5875251889228821, Loss_u: 0.0
INFO:root:Epoch: 38, Iteration: 116, Loss: 0.29308000206947327, Loss_s: 0.5861600041389465, Loss_u: 0.0
INFO:root:Epoch: 38, Iteration: 117, Loss: 0.29336100816726685, Loss_s: 0.5867220163345337, Loss_u: 0.0
INFO:root:Validation set mIOU: 85.9992435672926
INFO:root:Epoch: 39, Iteration: 118, Loss: 0.29298076033592224, Loss_s: 0.5859615206718445, Loss_u: 0.0
INFO:root:Epoch: 39, Iteration: 119, Loss: 0.29463085532188416, Loss_s: 0.5892617106437683, Loss_u: 0.0
INFO:root:Epoch: 39, Iteration: 120, Loss: 0.29085755348205566, Loss_s: 0.5817151069641113, Loss_u: 0.0
INFO:root:Validation set mIOU: 86.43640044686997
INFO:root:Epoch: 40, Iteration: 121, Loss: 0.29406818747520447, Loss_s: 0.5881363749504089, Loss_u: 0.0
INFO:root:Epoch: 40, Iteration: 122, Loss: 0.293341726064682, Loss_s: 0.586683452129364, Loss_u: 0.0
INFO:root:Epoch: 40, Iteration: 123, Loss: 0.28915148973464966, Loss_s: 0.5783029794692993, Loss_u: 0.0
INFO:root:Validation set mIOU: 83.49521031837521
INFO:root:Epoch: 41, Iteration: 124, Loss: 0.2927592992782593, Loss_s: 0.5855185985565186, Loss_u: 0.0
INFO:root:Epoch: 41, Iteration: 125, Loss: 0.2905762195587158, Loss_s: 0.5811524391174316, Loss_u: 0.0
INFO:root:Epoch: 41, Iteration: 126, Loss: 0.29373899102211, Loss_s: 0.58747798204422, Loss_u: 0.0
INFO:root:Validation set mIOU: 84.74008920802292
INFO:root:Epoch: 42, Iteration: 127, Loss: 0.2913435101509094, Loss_s: 0.5826870203018188, Loss_u: 0.0
INFO:root:Epoch: 42, Iteration: 128, Loss: 0.2916066646575928, Loss_s: 0.5832133293151855, Loss_u: 0.0
INFO:root:Epoch: 42, Iteration: 129, Loss: 0.2927760183811188, Loss_s: 0.5855520367622375, Loss_u: 0.0
INFO:root:Validation set mIOU: 86.31294692103278
INFO:root:Epoch: 43, Iteration: 130, Loss: 0.29394522309303284, Loss_s: 0.5878904461860657, Loss_u: 0.0
INFO:root:Epoch: 43, Iteration: 131, Loss: 0.2981911897659302, Loss_s: 0.5963823795318604, Loss_u: 0.0
INFO:root:Epoch: 43, Iteration: 132, Loss: 0.29456984996795654, Loss_s: 0.5891396999359131, Loss_u: 0.0
INFO:root:Validation set mIOU: 87.0635201560891
INFO:root:Epoch: 44, Iteration: 133, Loss: 0.2950093448162079, Loss_s: 0.5900186896324158, Loss_u: 0.0
INFO:root:Epoch: 44, Iteration: 134, Loss: 0.29997512698173523, Loss_s: 0.5999502539634705, Loss_u: 0.0
INFO:root:Epoch: 44, Iteration: 135, Loss: 0.29531508684158325, Loss_s: 0.5906301736831665, Loss_u: 0.0
INFO:root:Validation set mIOU: 76.3463214218503
INFO:root:Epoch: 45, Iteration: 136, Loss: 0.29219967126846313, Loss_s: 0.5843993425369263, Loss_u: 0.0
INFO:root:Epoch: 45, Iteration: 137, Loss: 0.2953694760799408, Loss_s: 0.5907389521598816, Loss_u: 0.0
INFO:root:Epoch: 45, Iteration: 138, Loss: 0.29187285900115967, Loss_s: 0.5837457180023193, Loss_u: 0.0
INFO:root:Validation set mIOU: 72.80263879834447
INFO:root:Epoch: 46, Iteration: 139, Loss: 0.2988564670085907, Loss_s: 0.5977129340171814, Loss_u: 0.0
INFO:root:Epoch: 46, Iteration: 140, Loss: 0.2923665940761566, Loss_s: 0.5847331881523132, Loss_u: 0.0
INFO:root:Epoch: 46, Iteration: 141, Loss: 0.30402812361717224, Loss_s: 0.6080562472343445, Loss_u: 0.0
INFO:root:Validation set mIOU: 79.3694107621824
INFO:root:Epoch: 47, Iteration: 142, Loss: 0.2926434278488159, Loss_s: 0.5852868556976318, Loss_u: 0.0
INFO:root:Epoch: 47, Iteration: 143, Loss: 0.29611316323280334, Loss_s: 0.5922263264656067, Loss_u: 0.0
INFO:root:Epoch: 47, Iteration: 144, Loss: 0.29372674226760864, Loss_s: 0.5874534845352173, Loss_u: 0.0
INFO:root:Validation set mIOU: 80.61377746125225
INFO:root:Epoch: 48, Iteration: 145, Loss: 0.28897643089294434, Loss_s: 0.5779528617858887, Loss_u: 0.0
INFO:root:Epoch: 48, Iteration: 146, Loss: 0.2940787672996521, Loss_s: 0.5881575345993042, Loss_u: 0.0
INFO:root:Epoch: 48, Iteration: 147, Loss: 0.2934875190258026, Loss_s: 0.5869750380516052, Loss_u: 0.0
INFO:root:Validation set mIOU: 82.55989962380488
INFO:root:Epoch: 49, Iteration: 148, Loss: 0.2956804633140564, Loss_s: 0.5913609266281128, Loss_u: 0.0
INFO:root:Epoch: 49, Iteration: 149, Loss: 0.29421189427375793, Loss_s: 0.5884237885475159, Loss_u: 0.0
INFO:root:Epoch: 49, Iteration: 150, Loss: 0.2958069443702698, Loss_s: 0.5916138887405396, Loss_u: 0.0
INFO:root:Validation set mIOU: 84.96650974345995
INFO:root:Epoch: 50, Iteration: 151, Loss: 0.29208871722221375, Loss_s: 0.5841774344444275, Loss_u: 0.0
INFO:root:Epoch: 50, Iteration: 152, Loss: 0.32942336797714233, Loss_s: 0.6588467359542847, Loss_u: 0.0
INFO:root:Epoch: 50, Iteration: 153, Loss: 0.2951013743877411, Loss_s: 0.5902027487754822, Loss_u: 0.0
INFO:root:Validation set mIOU: 66.29639604168032
INFO:root:Epoch: 51, Iteration: 154, Loss: 0.3013690114021301, Loss_s: 0.6027380228042603, Loss_u: 0.0
INFO:root:Epoch: 51, Iteration: 155, Loss: 0.29376351833343506, Loss_s: 0.5875270366668701, Loss_u: 0.0
INFO:root:Epoch: 51, Iteration: 156, Loss: 0.29537004232406616, Loss_s: 0.5907400846481323, Loss_u: 0.0
INFO:root:Validation set mIOU: 71.55692976113392
INFO:root:Epoch: 52, Iteration: 157, Loss: 0.29333555698394775, Loss_s: 0.5866711139678955, Loss_u: 0.0
INFO:root:Epoch: 52, Iteration: 158, Loss: 0.29323992133140564, Loss_s: 0.5864798426628113, Loss_u: 0.0
INFO:root:Epoch: 52, Iteration: 159, Loss: 0.2939327359199524, Loss_s: 0.5878654718399048, Loss_u: 0.0
INFO:root:Validation set mIOU: 74.22074948539962
INFO:root:Epoch: 53, Iteration: 160, Loss: 0.2954986095428467, Loss_s: 0.5909972190856934, Loss_u: 0.0
INFO:root:Epoch: 53, Iteration: 161, Loss: 0.2936728596687317, Loss_s: 0.5873457193374634, Loss_u: 0.0
INFO:root:Epoch: 53, Iteration: 162, Loss: 0.2928329408168793, Loss_s: 0.5856658816337585, Loss_u: 0.0
INFO:root:Validation set mIOU: 78.46530396339234
INFO:root:Epoch: 54, Iteration: 163, Loss: 0.2916661500930786, Loss_s: 0.5833323001861572, Loss_u: 0.0
INFO:root:Epoch: 54, Iteration: 164, Loss: 0.2892285883426666, Loss_s: 0.5784571766853333, Loss_u: 0.0
INFO:root:Epoch: 54, Iteration: 165, Loss: 0.2915915250778198, Loss_s: 0.5831830501556396, Loss_u: 0.0
INFO:root:Validation set mIOU: 82.8581388099849
INFO:root:Epoch: 55, Iteration: 166, Loss: 0.2885904610157013, Loss_s: 0.5771809220314026, Loss_u: 0.0
INFO:root:Epoch: 55, Iteration: 167, Loss: 0.29884228110313416, Loss_s: 0.5976845622062683, Loss_u: 0.0
INFO:root:Epoch: 55, Iteration: 168, Loss: 0.2931663990020752, Loss_s: 0.5863327980041504, Loss_u: 0.0
INFO:root:Validation set mIOU: 81.15879115105052
INFO:root:Epoch: 56, Iteration: 169, Loss: 0.2961444854736328, Loss_s: 0.5922889709472656, Loss_u: 0.0
INFO:root:Epoch: 56, Iteration: 170, Loss: 0.2901807725429535, Loss_s: 0.580361545085907, Loss_u: 0.0
INFO:root:Epoch: 56, Iteration: 171, Loss: 0.2999110221862793, Loss_s: 0.5998220443725586, Loss_u: 0.0
INFO:root:Validation set mIOU: 80.26591213791295
INFO:root:Epoch: 57, Iteration: 172, Loss: 0.2939920723438263, Loss_s: 0.5879841446876526, Loss_u: 0.0
INFO:root:Epoch: 57, Iteration: 173, Loss: 0.288995623588562, Loss_s: 0.577991247177124, Loss_u: 0.0
INFO:root:Epoch: 57, Iteration: 174, Loss: 0.29252704977989197, Loss_s: 0.5850540995597839, Loss_u: 0.0
INFO:root:Validation set mIOU: 82.94151802110026
INFO:root:Epoch: 58, Iteration: 175, Loss: 0.28940442204475403, Loss_s: 0.5788088440895081, Loss_u: 0.0
INFO:root:Epoch: 58, Iteration: 176, Loss: 0.288687527179718, Loss_s: 0.577375054359436, Loss_u: 0.0
INFO:root:Epoch: 58, Iteration: 177, Loss: 0.28831547498703003, Loss_s: 0.5766309499740601, Loss_u: 0.0
INFO:root:Validation set mIOU: 82.5195982913578
INFO:root:Epoch: 59, Iteration: 178, Loss: 0.29122233390808105, Loss_s: 0.5824446678161621, Loss_u: 0.0
INFO:root:Epoch: 59, Iteration: 179, Loss: 0.28756463527679443, Loss_s: 0.5751292705535889, Loss_u: 0.0
INFO:root:Epoch: 59, Iteration: 180, Loss: 0.28845420479774475, Loss_s: 0.5769084095954895, Loss_u: 0.0
INFO:root:Validation set mIOU: 79.079904920693
INFO:root:Epoch: 60, Iteration: 181, Loss: 0.2896662950515747, Loss_s: 0.5793325901031494, Loss_u: 0.0
INFO:root:Epoch: 60, Iteration: 182, Loss: 0.29186007380485535, Loss_s: 0.5837201476097107, Loss_u: 0.0
INFO:root:Epoch: 60, Iteration: 183, Loss: 0.29177427291870117, Loss_s: 0.5835485458374023, Loss_u: 0.0
INFO:root:Validation set mIOU: 80.13039557180139
INFO:root:Epoch: 61, Iteration: 184, Loss: 0.29177287220954895, Loss_s: 0.5835457444190979, Loss_u: 0.0
INFO:root:Epoch: 61, Iteration: 185, Loss: 0.288271963596344, Loss_s: 0.576543927192688, Loss_u: 0.0
INFO:root:Epoch: 61, Iteration: 186, Loss: 0.28948715329170227, Loss_s: 0.5789743065834045, Loss_u: 0.0
INFO:root:Validation set mIOU: 85.76503904701536
INFO:root:Epoch: 62, Iteration: 187, Loss: 0.28831344842910767, Loss_s: 0.5766268968582153, Loss_u: 0.0
INFO:root:Epoch: 62, Iteration: 188, Loss: 0.287626713514328, Loss_s: 0.575253427028656, Loss_u: 0.0
INFO:root:Epoch: 62, Iteration: 189, Loss: 0.2922716438770294, Loss_s: 0.5845432877540588, Loss_u: 0.0
INFO:root:Validation set mIOU: 87.237545062435
INFO:root:Epoch: 63, Iteration: 190, Loss: 0.2875414192676544, Loss_s: 0.5750828385353088, Loss_u: 0.0
INFO:root:Epoch: 63, Iteration: 191, Loss: 0.29218846559524536, Loss_s: 0.5843769311904907, Loss_u: 0.0
INFO:root:Epoch: 63, Iteration: 192, Loss: 0.2885744571685791, Loss_s: 0.5771489143371582, Loss_u: 0.0
INFO:root:Validation set mIOU: 84.44698100064558
INFO:root:Epoch: 64, Iteration: 193, Loss: 0.2917097508907318, Loss_s: 0.5834195017814636, Loss_u: 0.0
INFO:root:Epoch: 64, Iteration: 194, Loss: 0.29468491673469543, Loss_s: 0.5893698334693909, Loss_u: 0.0
INFO:root:Epoch: 64, Iteration: 195, Loss: 0.3007304072380066, Loss_s: 0.6014608144760132, Loss_u: 0.0
INFO:root:Validation set mIOU: 83.093993351567
INFO:root:Epoch: 65, Iteration: 196, Loss: 0.2943735122680664, Loss_s: 0.5887470245361328, Loss_u: 0.0
INFO:root:Epoch: 65, Iteration: 197, Loss: 0.2995365858078003, Loss_s: 0.5990731716156006, Loss_u: 0.0
INFO:root:Epoch: 65, Iteration: 198, Loss: 0.28960466384887695, Loss_s: 0.5792093276977539, Loss_u: 0.0
INFO:root:Validation set mIOU: 81.59519595978567
INFO:root:Epoch: 66, Iteration: 199, Loss: 0.2901313006877899, Loss_s: 0.5802626013755798, Loss_u: 0.0
INFO:root:Epoch: 66, Iteration: 200, Loss: 0.28856149315834045, Loss_s: 0.5771229863166809, Loss_u: 0.0
INFO:root:Epoch: 66, Iteration: 201, Loss: 0.2888934016227722, Loss_s: 0.5777868032455444, Loss_u: 0.0
INFO:root:Validation set mIOU: 80.58800896554847
INFO:root:Epoch: 67, Iteration: 202, Loss: 0.2898702323436737, Loss_s: 0.5797404646873474, Loss_u: 0.0
INFO:root:Epoch: 67, Iteration: 203, Loss: 0.29044583439826965, Loss_s: 0.5808916687965393, Loss_u: 0.0
INFO:root:Epoch: 67, Iteration: 204, Loss: 0.29222559928894043, Loss_s: 0.5844511985778809, Loss_u: 0.0
INFO:root:Validation set mIOU: 80.5113717761559
INFO:root:Epoch: 68, Iteration: 205, Loss: 0.29089006781578064, Loss_s: 0.5817801356315613, Loss_u: 0.0
INFO:root:Epoch: 68, Iteration: 206, Loss: 0.29243287444114685, Loss_s: 0.5848657488822937, Loss_u: 0.0
INFO:root:Epoch: 68, Iteration: 207, Loss: 0.292763352394104, Loss_s: 0.585526704788208, Loss_u: 0.0
INFO:root:Validation set mIOU: 82.02491507780536
INFO:root:Epoch: 69, Iteration: 208, Loss: 0.2961825132369995, Loss_s: 0.592365026473999, Loss_u: 0.0
INFO:root:Epoch: 69, Iteration: 209, Loss: 0.28716257214546204, Loss_s: 0.5743251442909241, Loss_u: 0.0
INFO:root:Epoch: 69, Iteration: 210, Loss: 0.28815022110939026, Loss_s: 0.5763004422187805, Loss_u: 0.0
INFO:root:Validation set mIOU: 78.40207081121832
INFO:root:Epoch: 70, Iteration: 211, Loss: 0.29113343358039856, Loss_s: 0.5822668671607971, Loss_u: 0.0
INFO:root:Epoch: 70, Iteration: 212, Loss: 0.28811579942703247, Loss_s: 0.5762315988540649, Loss_u: 0.0
INFO:root:Epoch: 70, Iteration: 213, Loss: 0.2905193865299225, Loss_s: 0.581038773059845, Loss_u: 0.0
INFO:root:Validation set mIOU: 81.7799366055331
INFO:root:Epoch: 71, Iteration: 214, Loss: 0.2887636423110962, Loss_s: 0.5775272846221924, Loss_u: 0.0
INFO:root:Epoch: 71, Iteration: 215, Loss: 0.2901044487953186, Loss_s: 0.5802088975906372, Loss_u: 0.0
INFO:root:Epoch: 71, Iteration: 216, Loss: 0.2898816466331482, Loss_s: 0.5797632932662964, Loss_u: 0.0
INFO:root:Validation set mIOU: 83.90644076987999
INFO:root:Epoch: 72, Iteration: 217, Loss: 0.2947631776332855, Loss_s: 0.589526355266571, Loss_u: 0.0
INFO:root:Epoch: 72, Iteration: 218, Loss: 0.2877042889595032, Loss_s: 0.5754085779190063, Loss_u: 0.0
INFO:root:Epoch: 72, Iteration: 219, Loss: 0.2896987199783325, Loss_s: 0.579397439956665, Loss_u: 0.0
INFO:root:Validation set mIOU: 84.51888478374208
INFO:root:Epoch: 73, Iteration: 220, Loss: 0.2877669036388397, Loss_s: 0.5755338072776794, Loss_u: 0.0
INFO:root:Epoch: 73, Iteration: 221, Loss: 0.29095590114593506, Loss_s: 0.5819118022918701, Loss_u: 0.0
INFO:root:Epoch: 73, Iteration: 222, Loss: 0.2882680892944336, Loss_s: 0.5765361785888672, Loss_u: 0.0
INFO:root:Validation set mIOU: 82.68193810395874
INFO:root:Epoch: 74, Iteration: 223, Loss: 0.29282137751579285, Loss_s: 0.5856427550315857, Loss_u: 0.0
INFO:root:Epoch: 74, Iteration: 224, Loss: 0.29035383462905884, Loss_s: 0.5807076692581177, Loss_u: 0.0
INFO:root:Epoch: 74, Iteration: 225, Loss: 0.289033442735672, Loss_s: 0.578066885471344, Loss_u: 0.0
INFO:root:Validation set mIOU: 81.66626160277927
INFO:root:Epoch: 75, Iteration: 226, Loss: 0.29292839765548706, Loss_s: 0.5858567953109741, Loss_u: 0.0
INFO:root:Epoch: 75, Iteration: 227, Loss: 0.28907936811447144, Loss_s: 0.5781587362289429, Loss_u: 0.0
INFO:root:Epoch: 75, Iteration: 228, Loss: 0.28678634762763977, Loss_s: 0.5735726952552795, Loss_u: 0.0
INFO:root:Validation set mIOU: 84.3313917559919
INFO:root:Epoch: 76, Iteration: 229, Loss: 0.28767988085746765, Loss_s: 0.5753597617149353, Loss_u: 0.0
INFO:root:Epoch: 76, Iteration: 230, Loss: 0.28881362080574036, Loss_s: 0.5776272416114807, Loss_u: 0.0
INFO:root:Epoch: 76, Iteration: 231, Loss: 0.29002246260643005, Loss_s: 0.5800449252128601, Loss_u: 0.0
INFO:root:Validation set mIOU: 84.88317989143303
INFO:root:Epoch: 77, Iteration: 232, Loss: 0.2880244553089142, Loss_s: 0.5760489106178284, Loss_u: 0.0
INFO:root:Epoch: 77, Iteration: 233, Loss: 0.2886536121368408, Loss_s: 0.5773072242736816, Loss_u: 0.0
INFO:root:Epoch: 77, Iteration: 234, Loss: 0.2879162132740021, Loss_s: 0.5758324265480042, Loss_u: 0.0
INFO:root:Validation set mIOU: 83.65074865640484
INFO:root:Epoch: 78, Iteration: 235, Loss: 0.2881796956062317, Loss_s: 0.5763593912124634, Loss_u: 0.0
INFO:root:Epoch: 78, Iteration: 236, Loss: 0.2900097966194153, Loss_s: 0.5800195932388306, Loss_u: 0.0
INFO:root:Epoch: 78, Iteration: 237, Loss: 0.28780195116996765, Loss_s: 0.5756039023399353, Loss_u: 0.0
INFO:root:Validation set mIOU: 83.19714706348505
INFO:root:Epoch: 79, Iteration: 238, Loss: 0.2874586284160614, Loss_s: 0.5749172568321228, Loss_u: 0.0
INFO:root:Epoch: 79, Iteration: 239, Loss: 0.2887008786201477, Loss_s: 0.5774017572402954, Loss_u: 0.0
INFO:root:Epoch: 79, Iteration: 240, Loss: 0.28723204135894775, Loss_s: 0.5744640827178955, Loss_u: 0.0
INFO:root:Validation set mIOU: 83.09364030241055
INFO:root:Epoch: 80, Iteration: 241, Loss: 0.28815746307373047, Loss_s: 0.5763149261474609, Loss_u: 0.0
INFO:root:Epoch: 80, Iteration: 242, Loss: 0.28934013843536377, Loss_s: 0.5786802768707275, Loss_u: 0.0
INFO:root:Epoch: 80, Iteration: 243, Loss: 0.28931817412376404, Loss_s: 0.5786363482475281, Loss_u: 0.0
INFO:root:Validation set mIOU: 85.00398256663071
INFO:root:Epoch: 81, Iteration: 244, Loss: 0.29591888189315796, Loss_s: 0.5918377637863159, Loss_u: 0.0
INFO:root:Epoch: 81, Iteration: 245, Loss: 0.2860875427722931, Loss_s: 0.5721750855445862, Loss_u: 0.0
INFO:root:Epoch: 81, Iteration: 246, Loss: 0.28657597303390503, Loss_s: 0.5731519460678101, Loss_u: 0.0
INFO:root:Validation set mIOU: 83.15170155292962
INFO:root:Epoch: 82, Iteration: 247, Loss: 0.28806009888648987, Loss_s: 0.5761201977729797, Loss_u: 0.0
INFO:root:Epoch: 82, Iteration: 248, Loss: 0.2897243797779083, Loss_s: 0.5794487595558167, Loss_u: 0.0
INFO:root:Epoch: 82, Iteration: 249, Loss: 0.2887721657752991, Loss_s: 0.5775443315505981, Loss_u: 0.0
INFO:root:Validation set mIOU: 81.30767063445313
INFO:root:Epoch: 83, Iteration: 250, Loss: 0.2875378429889679, Loss_s: 0.5750756859779358, Loss_u: 0.0
INFO:root:Epoch: 83, Iteration: 251, Loss: 0.2879856824874878, Loss_s: 0.5759713649749756, Loss_u: 0.0
INFO:root:Epoch: 83, Iteration: 252, Loss: 0.2875169813632965, Loss_s: 0.575033962726593, Loss_u: 0.0
INFO:root:Validation set mIOU: 82.8850284082617
INFO:root:Epoch: 84, Iteration: 253, Loss: 0.28771403431892395, Loss_s: 0.5754280686378479, Loss_u: 0.0
INFO:root:Epoch: 84, Iteration: 254, Loss: 0.28794512152671814, Loss_s: 0.5758902430534363, Loss_u: 0.0
INFO:root:Epoch: 84, Iteration: 255, Loss: 0.28583869338035583, Loss_s: 0.5716773867607117, Loss_u: 0.0
INFO:root:Validation set mIOU: 84.61261335466571
INFO:root:Epoch: 85, Iteration: 256, Loss: 0.2884128987789154, Loss_s: 0.5768257975578308, Loss_u: 0.0
INFO:root:Epoch: 85, Iteration: 257, Loss: 0.2869616746902466, Loss_s: 0.5739233493804932, Loss_u: 0.0
INFO:root:Epoch: 85, Iteration: 258, Loss: 0.28767290711402893, Loss_s: 0.5753458142280579, Loss_u: 0.0
INFO:root:Validation set mIOU: 85.00524823837226
INFO:root:Epoch: 86, Iteration: 259, Loss: 0.2867613732814789, Loss_s: 0.5735227465629578, Loss_u: 0.0
INFO:root:Epoch: 86, Iteration: 260, Loss: 0.28830859065055847, Loss_s: 0.5766171813011169, Loss_u: 0.0
INFO:root:Epoch: 86, Iteration: 261, Loss: 0.288516640663147, Loss_s: 0.577033281326294, Loss_u: 0.0
INFO:root:Validation set mIOU: 84.43915370356407
INFO:root:Epoch: 87, Iteration: 262, Loss: 0.2870689630508423, Loss_s: 0.5741379261016846, Loss_u: 0.0
INFO:root:Epoch: 87, Iteration: 263, Loss: 0.2850635349750519, Loss_s: 0.5701270699501038, Loss_u: 0.0
INFO:root:Epoch: 87, Iteration: 264, Loss: 0.29458028078079224, Loss_s: 0.5891605615615845, Loss_u: 0.0
INFO:root:Validation set mIOU: 84.27099200283156
INFO:root:Epoch: 88, Iteration: 265, Loss: 0.28798678517341614, Loss_s: 0.5759735703468323, Loss_u: 0.0
INFO:root:Epoch: 88, Iteration: 266, Loss: 0.2910594046115875, Loss_s: 0.582118809223175, Loss_u: 0.0
INFO:root:Epoch: 88, Iteration: 267, Loss: 0.28629422187805176, Loss_s: 0.5725884437561035, Loss_u: 0.0
INFO:root:Validation set mIOU: 83.90133978733732
INFO:root:Epoch: 89, Iteration: 268, Loss: 0.2877679169178009, Loss_s: 0.5755358338356018, Loss_u: 0.0
INFO:root:Epoch: 89, Iteration: 269, Loss: 0.28684934973716736, Loss_s: 0.5736986994743347, Loss_u: 0.0
INFO:root:Epoch: 89, Iteration: 270, Loss: 0.2880244851112366, Loss_s: 0.5760489702224731, Loss_u: 0.0
INFO:root:Validation set mIOU: 83.18116650650632
INFO:root:Epoch: 90, Iteration: 271, Loss: 0.2897603511810303, Loss_s: 0.5795207023620605, Loss_u: 0.0
INFO:root:Epoch: 90, Iteration: 272, Loss: 0.2873717248439789, Loss_s: 0.5747434496879578, Loss_u: 0.0
INFO:root:Epoch: 90, Iteration: 273, Loss: 0.28584226965904236, Loss_s: 0.5716845393180847, Loss_u: 0.0
INFO:root:Validation set mIOU: 83.73326625323375
INFO:root:Epoch: 91, Iteration: 274, Loss: 0.28521350026130676, Loss_s: 0.5704270005226135, Loss_u: 0.0
INFO:root:Epoch: 91, Iteration: 275, Loss: 0.29298290610313416, Loss_s: 0.5859658122062683, Loss_u: 0.0
INFO:root:Epoch: 91, Iteration: 276, Loss: 0.28814324736595154, Loss_s: 0.5762864947319031, Loss_u: 0.0
INFO:root:Validation set mIOU: 83.94581094239362
INFO:root:Epoch: 92, Iteration: 277, Loss: 0.2873744070529938, Loss_s: 0.5747488141059875, Loss_u: 0.0
INFO:root:Epoch: 92, Iteration: 278, Loss: 0.288964182138443, Loss_s: 0.577928364276886, Loss_u: 0.0
INFO:root:Epoch: 92, Iteration: 279, Loss: 0.2894596755504608, Loss_s: 0.5789193511009216, Loss_u: 0.0
INFO:root:Validation set mIOU: 82.17354978152605
INFO:root:Epoch: 93, Iteration: 280, Loss: 0.2856919467449188, Loss_s: 0.5713838934898376, Loss_u: 0.0
INFO:root:Epoch: 93, Iteration: 281, Loss: 0.2888340950012207, Loss_s: 0.5776681900024414, Loss_u: 0.0
INFO:root:Epoch: 93, Iteration: 282, Loss: 0.2900635600090027, Loss_s: 0.5801271200180054, Loss_u: 0.0
INFO:root:Validation set mIOU: 82.23279582640075
INFO:root:Epoch: 94, Iteration: 283, Loss: 0.28713053464889526, Loss_s: 0.5742610692977905, Loss_u: 0.0
INFO:root:Epoch: 94, Iteration: 284, Loss: 0.2896742522716522, Loss_s: 0.5793485045433044, Loss_u: 0.0
INFO:root:Epoch: 94, Iteration: 285, Loss: 0.2893994152545929, Loss_s: 0.5787988305091858, Loss_u: 0.0
INFO:root:Validation set mIOU: 83.44241089579356
INFO:root:Epoch: 95, Iteration: 286, Loss: 0.28968003392219543, Loss_s: 0.5793600678443909, Loss_u: 0.0
INFO:root:Epoch: 95, Iteration: 287, Loss: 0.28741633892059326, Loss_s: 0.5748326778411865, Loss_u: 0.0
INFO:root:Epoch: 95, Iteration: 288, Loss: 0.28914761543273926, Loss_s: 0.5782952308654785, Loss_u: 0.0
INFO:root:Validation set mIOU: 82.67905852726891
INFO:root:Epoch: 96, Iteration: 289, Loss: 0.28762173652648926, Loss_s: 0.5752434730529785, Loss_u: 0.0
INFO:root:Epoch: 96, Iteration: 290, Loss: 0.28781744837760925, Loss_s: 0.5756348967552185, Loss_u: 0.0
INFO:root:Epoch: 96, Iteration: 291, Loss: 0.2878027856349945, Loss_s: 0.575605571269989, Loss_u: 0.0
INFO:root:Validation set mIOU: 82.74580553001094
INFO:root:Epoch: 97, Iteration: 292, Loss: 0.2890550196170807, Loss_s: 0.5781100392341614, Loss_u: 0.0
INFO:root:Epoch: 97, Iteration: 293, Loss: 0.29001012444496155, Loss_s: 0.5800202488899231, Loss_u: 0.0
INFO:root:Epoch: 97, Iteration: 294, Loss: 0.28607532382011414, Loss_s: 0.5721506476402283, Loss_u: 0.0
INFO:root:Validation set mIOU: 83.7954044498651
INFO:root:Epoch: 98, Iteration: 295, Loss: 0.28770607709884644, Loss_s: 0.5754121541976929, Loss_u: 0.0
INFO:root:Epoch: 98, Iteration: 296, Loss: 0.2900371551513672, Loss_s: 0.5800743103027344, Loss_u: 0.0
INFO:root:Epoch: 98, Iteration: 297, Loss: 0.2857353687286377, Loss_s: 0.5714707374572754, Loss_u: 0.0
INFO:root:Validation set mIOU: 83.02045899246187
INFO:root:Epoch: 99, Iteration: 298, Loss: 0.2878206968307495, Loss_s: 0.575641393661499, Loss_u: 0.0
INFO:root:Epoch: 99, Iteration: 299, Loss: 0.2876846194267273, Loss_s: 0.5753692388534546, Loss_u: 0.0
INFO:root:Epoch: 99, Iteration: 300, Loss: 0.28676730394363403, Loss_s: 0.5735346078872681, Loss_u: 0.0
INFO:root:Validation set mIOU: 83.8974362828481
INFO:root:Semi-training
INFO:root:Epoch: 0, Iteration: 1, Loss: 1.1199766397476196
INFO:root:Epoch: 0, Iteration: 2, Loss: 1.0963506698608398
INFO:root:Epoch: 0, Iteration: 3, Loss: 1.0435247421264648
INFO:root:Epoch: 0, Iteration: 4, Loss: 0.9824110269546509
INFO:root:Epoch: 0, Iteration: 5, Loss: 0.9124864935874939
INFO:root:Epoch: 0, Iteration: 6, Loss: 0.8884915113449097
INFO:root:Epoch: 0, Iteration: 7, Loss: 0.8508898615837097
INFO:root:Validation set mIOU: 47.800321334941096
INFO:root:Epoch: 1, Iteration: 8, Loss: 0.8152623176574707
INFO:root:Epoch: 1, Iteration: 9, Loss: 0.7579314112663269
INFO:root:Epoch: 1, Iteration: 10, Loss: 0.7613476514816284
INFO:root:Epoch: 1, Iteration: 11, Loss: 0.7650389671325684
INFO:root:Epoch: 1, Iteration: 12, Loss: 0.7146297097206116
INFO:root:Epoch: 1, Iteration: 13, Loss: 0.7085559368133545
INFO:root:Epoch: 1, Iteration: 14, Loss: 0.743016242980957
INFO:root:Validation set mIOU: 57.2787569742625
INFO:root:Epoch: 2, Iteration: 15, Loss: 0.7530106902122498
INFO:root:Epoch: 2, Iteration: 16, Loss: 0.7404388189315796
INFO:root:Epoch: 2, Iteration: 17, Loss: 0.694017231464386
INFO:root:Epoch: 2, Iteration: 18, Loss: 0.7117992043495178
INFO:root:Epoch: 2, Iteration: 19, Loss: 0.670791506767273
INFO:root:Epoch: 2, Iteration: 20, Loss: 0.6743688583374023
INFO:root:Epoch: 2, Iteration: 21, Loss: 0.6825581789016724
INFO:root:Validation set mIOU: 69.07397502687407
INFO:root:Epoch: 3, Iteration: 22, Loss: 0.6908783316612244
INFO:root:Epoch: 3, Iteration: 23, Loss: 0.6393905282020569
INFO:root:Epoch: 3, Iteration: 24, Loss: 0.6878892183303833
INFO:root:Epoch: 3, Iteration: 25, Loss: 0.6307035088539124
INFO:root:Epoch: 3, Iteration: 26, Loss: 0.6643458604812622
INFO:root:Epoch: 3, Iteration: 27, Loss: 0.6968761682510376
INFO:root:Epoch: 3, Iteration: 28, Loss: 0.6479890942573547
INFO:root:Validation set mIOU: 69.16094855004354
INFO:root:Epoch: 4, Iteration: 29, Loss: 0.6378892064094543
INFO:root:Epoch: 4, Iteration: 30, Loss: 0.654212236404419
INFO:root:Epoch: 4, Iteration: 31, Loss: 0.6899027228355408
INFO:root:Epoch: 4, Iteration: 32, Loss: 0.6328508257865906
INFO:root:Epoch: 4, Iteration: 33, Loss: 0.6730691194534302
INFO:root:Epoch: 4, Iteration: 34, Loss: 0.6935843825340271
INFO:root:Epoch: 4, Iteration: 35, Loss: 0.6783643960952759
INFO:root:Validation set mIOU: 66.79700660326523
INFO:root:Epoch: 5, Iteration: 36, Loss: 0.6411756873130798
INFO:root:Epoch: 5, Iteration: 37, Loss: 0.6649503111839294
INFO:root:Epoch: 5, Iteration: 38, Loss: 0.6840423345565796
INFO:root:Epoch: 5, Iteration: 39, Loss: 0.6486033201217651
INFO:root:Epoch: 5, Iteration: 40, Loss: 0.6094477772712708
INFO:root:Epoch: 5, Iteration: 41, Loss: 0.6422346830368042
INFO:root:Epoch: 5, Iteration: 42, Loss: 0.6280816793441772
INFO:root:Validation set mIOU: 69.43668194476915
INFO:root:Epoch: 6, Iteration: 43, Loss: 0.6141975522041321
INFO:root:Epoch: 6, Iteration: 44, Loss: 0.6376538872718811
INFO:root:Epoch: 6, Iteration: 45, Loss: 0.6425596475601196
INFO:root:Epoch: 6, Iteration: 46, Loss: 0.6152293086051941
INFO:root:Epoch: 6, Iteration: 47, Loss: 0.701663613319397
INFO:root:Epoch: 6, Iteration: 48, Loss: 0.6420392394065857
INFO:root:Epoch: 6, Iteration: 49, Loss: 0.6505613327026367
INFO:root:Validation set mIOU: 79.72900521837927
INFO:root:Epoch: 7, Iteration: 50, Loss: 0.6345135569572449
INFO:root:Epoch: 7, Iteration: 51, Loss: 0.6423966884613037
INFO:root:Epoch: 7, Iteration: 52, Loss: 0.6268622875213623
INFO:root:Epoch: 7, Iteration: 53, Loss: 0.6339995265007019
INFO:root:Epoch: 7, Iteration: 54, Loss: 0.6707424521446228
INFO:root:Epoch: 7, Iteration: 55, Loss: 0.6412948369979858
INFO:root:Epoch: 7, Iteration: 56, Loss: 0.6788910627365112
INFO:root:Validation set mIOU: 82.30547778084798
INFO:root:Epoch: 8, Iteration: 57, Loss: 0.6471529006958008
INFO:root:Epoch: 8, Iteration: 58, Loss: 0.6431904435157776
INFO:root:Epoch: 8, Iteration: 59, Loss: 0.6502323746681213
INFO:root:Epoch: 8, Iteration: 60, Loss: 0.6818006038665771
INFO:root:Epoch: 8, Iteration: 61, Loss: 0.6346319913864136
INFO:root:Epoch: 8, Iteration: 62, Loss: 0.6414533257484436
INFO:root:Epoch: 8, Iteration: 63, Loss: 0.6753614544868469
INFO:root:Validation set mIOU: 81.05861713663485
INFO:root:Epoch: 9, Iteration: 64, Loss: 0.6541702151298523
INFO:root:Epoch: 9, Iteration: 65, Loss: 0.6639372706413269
INFO:root:Epoch: 9, Iteration: 66, Loss: 0.61592698097229
INFO:root:Epoch: 9, Iteration: 67, Loss: 0.6346266269683838
INFO:root:Epoch: 9, Iteration: 68, Loss: 0.6694891452789307
INFO:root:Epoch: 9, Iteration: 69, Loss: 0.6702675223350525
INFO:root:Epoch: 9, Iteration: 70, Loss: 0.6290451288223267
INFO:root:Validation set mIOU: 80.40570880008167
INFO:root:Epoch: 10, Iteration: 71, Loss: 0.6388505697250366
INFO:root:Epoch: 10, Iteration: 72, Loss: 0.6364493370056152
INFO:root:Epoch: 10, Iteration: 73, Loss: 0.6283255219459534
INFO:root:Epoch: 10, Iteration: 74, Loss: 0.6218817830085754
INFO:root:Epoch: 10, Iteration: 75, Loss: 0.6816049218177795
INFO:root:Epoch: 10, Iteration: 76, Loss: 0.6790599822998047
INFO:root:Epoch: 10, Iteration: 77, Loss: 0.6616736054420471
INFO:root:Validation set mIOU: 82.28935799848955
INFO:root:Epoch: 11, Iteration: 78, Loss: 0.6133615970611572
INFO:root:Epoch: 11, Iteration: 79, Loss: 0.686333954334259
INFO:root:Epoch: 11, Iteration: 80, Loss: 0.6270446181297302
INFO:root:Epoch: 11, Iteration: 81, Loss: 0.6637688875198364
INFO:root:Epoch: 11, Iteration: 82, Loss: 0.6598819494247437
INFO:root:Epoch: 11, Iteration: 83, Loss: 0.6118155717849731
INFO:root:Epoch: 11, Iteration: 84, Loss: 0.6606958508491516
INFO:root:Validation set mIOU: 72.28348988818605
INFO:root:Epoch: 12, Iteration: 85, Loss: 0.6049596667289734
INFO:root:Epoch: 12, Iteration: 86, Loss: 0.7336075901985168
INFO:root:Epoch: 12, Iteration: 87, Loss: 0.6672376394271851
INFO:root:Epoch: 12, Iteration: 88, Loss: 0.667800784111023
INFO:root:Epoch: 12, Iteration: 89, Loss: 0.6265572905540466
INFO:root:Epoch: 12, Iteration: 90, Loss: 0.6101920008659363
INFO:root:Epoch: 12, Iteration: 91, Loss: 0.600253701210022
INFO:root:Validation set mIOU: 76.26394465050724
INFO:root:Epoch: 13, Iteration: 92, Loss: 0.6365009546279907
INFO:root:Epoch: 13, Iteration: 93, Loss: 0.687757670879364
INFO:root:Epoch: 13, Iteration: 94, Loss: 0.6094675064086914
INFO:root:Epoch: 13, Iteration: 95, Loss: 0.6338725686073303
INFO:root:Epoch: 13, Iteration: 96, Loss: 0.6283292174339294
INFO:root:Epoch: 13, Iteration: 97, Loss: 0.6389546990394592
INFO:root:Epoch: 13, Iteration: 98, Loss: 0.6236315369606018
INFO:root:Validation set mIOU: 71.85670860168969
INFO:root:Epoch: 14, Iteration: 99, Loss: 0.641308069229126
INFO:root:Epoch: 14, Iteration: 100, Loss: 0.6455226540565491
INFO:root:Epoch: 14, Iteration: 101, Loss: 0.6345404982566833
INFO:root:Epoch: 14, Iteration: 102, Loss: 0.6286385655403137
INFO:root:Epoch: 14, Iteration: 103, Loss: 0.6377081274986267
INFO:root:Epoch: 14, Iteration: 104, Loss: 0.675183117389679
INFO:root:Epoch: 14, Iteration: 105, Loss: 0.6147624850273132
INFO:root:Validation set mIOU: 76.35690102633738
INFO:root:Epoch: 15, Iteration: 106, Loss: 0.6413000226020813
INFO:root:Epoch: 15, Iteration: 107, Loss: 0.6210808753967285
INFO:root:Epoch: 15, Iteration: 108, Loss: 0.6382303237915039
INFO:root:Epoch: 15, Iteration: 109, Loss: 0.6333995461463928
INFO:root:Epoch: 15, Iteration: 110, Loss: 0.6406528353691101
INFO:root:Epoch: 15, Iteration: 111, Loss: 0.6001725792884827
INFO:root:Epoch: 15, Iteration: 112, Loss: 0.6172192096710205
INFO:root:Validation set mIOU: 83.62771572775574
INFO:root:Epoch: 16, Iteration: 113, Loss: 0.6040409803390503
INFO:root:Epoch: 16, Iteration: 114, Loss: 0.6262975335121155
INFO:root:Epoch: 16, Iteration: 115, Loss: 0.6309425234794617
INFO:root:Epoch: 16, Iteration: 116, Loss: 0.6479616761207581
INFO:root:Epoch: 16, Iteration: 117, Loss: 0.6510120630264282
INFO:root:Epoch: 16, Iteration: 118, Loss: 0.6056154370307922
INFO:root:Epoch: 16, Iteration: 119, Loss: 0.6067060232162476
INFO:root:Validation set mIOU: 83.31538190132223
INFO:root:Epoch: 17, Iteration: 120, Loss: 0.6370483636856079
INFO:root:Epoch: 17, Iteration: 121, Loss: 0.6205307245254517
INFO:root:Epoch: 17, Iteration: 122, Loss: 0.6364891529083252
INFO:root:Epoch: 17, Iteration: 123, Loss: 0.6275497078895569
INFO:root:Epoch: 17, Iteration: 124, Loss: 0.612095296382904
INFO:root:Epoch: 17, Iteration: 125, Loss: 0.6645417213439941
INFO:root:Epoch: 17, Iteration: 126, Loss: 0.626269519329071
INFO:root:Validation set mIOU: 85.25348639282944
INFO:root:Epoch: 18, Iteration: 127, Loss: 0.637226402759552
INFO:root:Epoch: 18, Iteration: 128, Loss: 0.6236575245857239
INFO:root:Epoch: 18, Iteration: 129, Loss: 0.6232070326805115
INFO:root:Epoch: 18, Iteration: 130, Loss: 0.6227053999900818
INFO:root:Epoch: 18, Iteration: 131, Loss: 0.6413050889968872
INFO:root:Epoch: 18, Iteration: 132, Loss: 0.6150802969932556
INFO:root:Epoch: 18, Iteration: 133, Loss: 0.6159735321998596
INFO:root:Validation set mIOU: 78.76148342652618
INFO:root:Epoch: 19, Iteration: 134, Loss: 0.6280457377433777
INFO:root:Epoch: 19, Iteration: 135, Loss: 0.6124359965324402
INFO:root:Epoch: 19, Iteration: 136, Loss: 0.6172122359275818
INFO:root:Epoch: 19, Iteration: 137, Loss: 0.6678192019462585
INFO:root:Epoch: 19, Iteration: 138, Loss: 0.6515518426895142
INFO:root:Epoch: 19, Iteration: 139, Loss: 0.6199749708175659
INFO:root:Epoch: 19, Iteration: 140, Loss: 0.6562163829803467
INFO:root:Validation set mIOU: 79.20345345558
INFO:root:Epoch: 20, Iteration: 141, Loss: 0.6440258026123047
INFO:root:Epoch: 20, Iteration: 142, Loss: 0.6456091403961182
INFO:root:Epoch: 20, Iteration: 143, Loss: 0.60000079870224
INFO:root:Epoch: 20, Iteration: 144, Loss: 0.6235436797142029
INFO:root:Epoch: 20, Iteration: 145, Loss: 0.5916703939437866
INFO:root:Epoch: 20, Iteration: 146, Loss: 0.725274384021759
INFO:root:Epoch: 20, Iteration: 147, Loss: 0.6174423098564148
INFO:root:Validation set mIOU: 85.78623640005193
INFO:root:Epoch: 21, Iteration: 148, Loss: 0.629037082195282
INFO:root:Epoch: 21, Iteration: 149, Loss: 0.6639895439147949
INFO:root:Epoch: 21, Iteration: 150, Loss: 0.6226902604103088
INFO:root:Epoch: 21, Iteration: 151, Loss: 0.6994783878326416
INFO:root:Epoch: 21, Iteration: 152, Loss: 0.6252667903900146
INFO:root:Epoch: 21, Iteration: 153, Loss: 0.6164253354072571
INFO:root:Epoch: 21, Iteration: 154, Loss: 0.6485275626182556
INFO:root:Validation set mIOU: 78.42658730478071
INFO:root:Epoch: 22, Iteration: 155, Loss: 0.6258562207221985
INFO:root:Epoch: 22, Iteration: 156, Loss: 0.630706250667572
INFO:root:Epoch: 22, Iteration: 157, Loss: 0.6370748281478882
INFO:root:Epoch: 22, Iteration: 158, Loss: 0.6213544011116028
INFO:root:Epoch: 22, Iteration: 159, Loss: 0.6552402377128601
INFO:root:Epoch: 22, Iteration: 160, Loss: 0.6726016402244568
INFO:root:Epoch: 22, Iteration: 161, Loss: 0.6176050901412964
INFO:root:Validation set mIOU: 83.61421088182101
INFO:root:Epoch: 23, Iteration: 162, Loss: 0.6228367686271667
INFO:root:Epoch: 23, Iteration: 163, Loss: 0.6145524978637695
INFO:root:Epoch: 23, Iteration: 164, Loss: 0.6530693173408508
INFO:root:Epoch: 23, Iteration: 165, Loss: 0.622507631778717
INFO:root:Epoch: 23, Iteration: 166, Loss: 0.639079213142395
INFO:root:Epoch: 23, Iteration: 167, Loss: 0.6036665439605713
INFO:root:Epoch: 23, Iteration: 168, Loss: 0.6376845836639404
INFO:root:Validation set mIOU: 81.15785323811188
INFO:root:Epoch: 24, Iteration: 169, Loss: 0.6328932642936707
INFO:root:Epoch: 24, Iteration: 170, Loss: 0.6123368740081787
INFO:root:Epoch: 24, Iteration: 171, Loss: 0.6334332823753357
INFO:root:Epoch: 24, Iteration: 172, Loss: 0.6565154790878296
INFO:root:Epoch: 24, Iteration: 173, Loss: 0.6355702877044678
INFO:root:Epoch: 24, Iteration: 174, Loss: 0.5987830758094788
INFO:root:Epoch: 24, Iteration: 175, Loss: 0.646412193775177
INFO:root:Validation set mIOU: 77.10224848731305
INFO:root:Epoch: 25, Iteration: 176, Loss: 0.6383259892463684
INFO:root:Epoch: 25, Iteration: 177, Loss: 0.6404246687889099
INFO:root:Epoch: 25, Iteration: 178, Loss: 0.5923156142234802
INFO:root:Epoch: 25, Iteration: 179, Loss: 0.6454027891159058
INFO:root:Epoch: 25, Iteration: 180, Loss: 0.6328746676445007
INFO:root:Epoch: 25, Iteration: 181, Loss: 0.6173754930496216
INFO:root:Epoch: 25, Iteration: 182, Loss: 0.6271940469741821
INFO:root:Validation set mIOU: 84.75004713966948
INFO:root:Epoch: 26, Iteration: 183, Loss: 0.6233747005462646
INFO:root:Epoch: 26, Iteration: 184, Loss: 0.5999285578727722
INFO:root:Epoch: 26, Iteration: 185, Loss: 0.6176727414131165
INFO:root:Epoch: 26, Iteration: 186, Loss: 0.6403886675834656
INFO:root:Epoch: 26, Iteration: 187, Loss: 0.6756662130355835
INFO:root:Epoch: 26, Iteration: 188, Loss: 0.6437080502510071
INFO:root:Epoch: 26, Iteration: 189, Loss: 0.6260653138160706
INFO:root:Validation set mIOU: 78.23151592195129
INFO:root:Epoch: 27, Iteration: 190, Loss: 0.624316394329071
INFO:root:Epoch: 27, Iteration: 191, Loss: 0.6525033712387085
INFO:root:Epoch: 27, Iteration: 192, Loss: 0.6154668927192688
INFO:root:Epoch: 27, Iteration: 193, Loss: 0.6100606322288513
INFO:root:Epoch: 27, Iteration: 194, Loss: 0.5932003855705261
INFO:root:Epoch: 27, Iteration: 195, Loss: 0.5974510908126831
INFO:root:Epoch: 27, Iteration: 196, Loss: 0.630474865436554
INFO:root:Validation set mIOU: 83.9806081404332
INFO:root:Epoch: 28, Iteration: 197, Loss: 0.6187241077423096
INFO:root:Epoch: 28, Iteration: 198, Loss: 0.6489871144294739
INFO:root:Epoch: 28, Iteration: 199, Loss: 0.6466168165206909
INFO:root:Epoch: 28, Iteration: 200, Loss: 0.7044118046760559
INFO:root:Epoch: 28, Iteration: 201, Loss: 0.6298614740371704
INFO:root:Epoch: 28, Iteration: 202, Loss: 0.608032763004303
INFO:root:Epoch: 28, Iteration: 203, Loss: 0.6417784690856934
INFO:root:Validation set mIOU: 82.00499799921676
INFO:root:Epoch: 29, Iteration: 204, Loss: 0.6049554347991943
INFO:root:Epoch: 29, Iteration: 205, Loss: 0.6359210014343262
INFO:root:Epoch: 29, Iteration: 206, Loss: 0.6138362884521484
INFO:root:Epoch: 29, Iteration: 207, Loss: 0.609711229801178
INFO:root:Epoch: 29, Iteration: 208, Loss: 0.6686579585075378
INFO:root:Epoch: 29, Iteration: 209, Loss: 0.624466061592102
INFO:root:Epoch: 29, Iteration: 210, Loss: 0.6109544634819031
INFO:root:Validation set mIOU: 83.0308110978157
INFO:root:Epoch: 30, Iteration: 211, Loss: 0.637729287147522
INFO:root:Epoch: 30, Iteration: 212, Loss: 0.673787534236908
INFO:root:Epoch: 30, Iteration: 213, Loss: 0.6165867447853088
INFO:root:Epoch: 30, Iteration: 214, Loss: 0.6562598943710327
INFO:root:Epoch: 30, Iteration: 215, Loss: 0.6327646374702454
INFO:root:Epoch: 30, Iteration: 216, Loss: 0.618595540523529
INFO:root:Epoch: 30, Iteration: 217, Loss: 0.5961682200431824
INFO:root:Validation set mIOU: 69.39572642213597
INFO:root:Epoch: 31, Iteration: 218, Loss: 0.6434645652770996
INFO:root:Epoch: 31, Iteration: 219, Loss: 0.6336771249771118
INFO:root:Epoch: 31, Iteration: 220, Loss: 0.6210463047027588
INFO:root:Epoch: 31, Iteration: 221, Loss: 0.6098016500473022
INFO:root:Epoch: 31, Iteration: 222, Loss: 0.6020163297653198
INFO:root:Epoch: 31, Iteration: 223, Loss: 0.661051332950592
INFO:root:Epoch: 31, Iteration: 224, Loss: 0.6360525488853455
INFO:root:Validation set mIOU: 80.96755681688138
INFO:root:Epoch: 32, Iteration: 225, Loss: 0.6249887943267822
INFO:root:Epoch: 32, Iteration: 226, Loss: 0.6132416129112244
INFO:root:Epoch: 32, Iteration: 227, Loss: 0.6293835639953613
INFO:root:Epoch: 32, Iteration: 228, Loss: 0.6458600163459778
INFO:root:Epoch: 32, Iteration: 229, Loss: 0.6265349984169006
INFO:root:Epoch: 32, Iteration: 230, Loss: 0.6857068538665771
INFO:root:Epoch: 32, Iteration: 231, Loss: 0.6282780170440674
INFO:root:Validation set mIOU: 10.512011480414273
INFO:root:Epoch: 33, Iteration: 232, Loss: 0.6167883276939392
INFO:root:Epoch: 33, Iteration: 233, Loss: 0.644044041633606
INFO:root:Epoch: 33, Iteration: 234, Loss: 0.6252478361129761
INFO:root:Epoch: 33, Iteration: 235, Loss: 0.6171292662620544
INFO:root:Epoch: 33, Iteration: 236, Loss: 0.6238232851028442
INFO:root:Epoch: 33, Iteration: 237, Loss: 0.6300876140594482
INFO:root:Epoch: 33, Iteration: 238, Loss: 0.6289476156234741
INFO:root:Validation set mIOU: 38.24404632083616
INFO:root:Epoch: 34, Iteration: 239, Loss: 0.6295584440231323
INFO:root:Epoch: 34, Iteration: 240, Loss: 0.6228762269020081
INFO:root:Epoch: 34, Iteration: 241, Loss: 0.6717388033866882
INFO:root:Epoch: 34, Iteration: 242, Loss: 0.6244598031044006
INFO:root:Epoch: 34, Iteration: 243, Loss: 0.6567327380180359
INFO:root:Epoch: 34, Iteration: 244, Loss: 0.6665681004524231
INFO:root:Epoch: 34, Iteration: 245, Loss: 0.6458491683006287
INFO:root:Validation set mIOU: 83.13462678972027
INFO:root:Epoch: 35, Iteration: 246, Loss: 0.6602227687835693
INFO:root:Epoch: 35, Iteration: 247, Loss: 0.6256828904151917
INFO:root:Epoch: 35, Iteration: 248, Loss: 0.6339126229286194
INFO:root:Epoch: 35, Iteration: 249, Loss: 0.6039786338806152
INFO:root:Epoch: 35, Iteration: 250, Loss: 0.6183903217315674
INFO:root:Epoch: 35, Iteration: 251, Loss: 0.6133515238761902
INFO:root:Epoch: 35, Iteration: 252, Loss: 0.6418646574020386
INFO:root:Validation set mIOU: 82.2980273463059
INFO:root:Epoch: 36, Iteration: 253, Loss: 0.6444898247718811
INFO:root:Epoch: 36, Iteration: 254, Loss: 0.6435723900794983
INFO:root:Epoch: 36, Iteration: 255, Loss: 0.6208072304725647
INFO:root:Epoch: 36, Iteration: 256, Loss: 0.6102306842803955
INFO:root:Epoch: 36, Iteration: 257, Loss: 0.6312441825866699
INFO:root:Epoch: 36, Iteration: 258, Loss: 0.6013442277908325
INFO:root:Epoch: 36, Iteration: 259, Loss: 0.6338291764259338
INFO:root:Validation set mIOU: 78.85838437304965
INFO:root:Epoch: 37, Iteration: 260, Loss: 0.6146676540374756
INFO:root:Epoch: 37, Iteration: 261, Loss: 0.6495780944824219
INFO:root:Epoch: 37, Iteration: 262, Loss: 0.607822060585022
INFO:root:Epoch: 37, Iteration: 263, Loss: 0.6603198051452637
INFO:root:Epoch: 37, Iteration: 264, Loss: 0.601318359375
INFO:root:Epoch: 37, Iteration: 265, Loss: 0.6548249125480652
INFO:root:Epoch: 37, Iteration: 266, Loss: 0.6580762267112732
INFO:root:Validation set mIOU: 83.13673754212822
INFO:root:Epoch: 38, Iteration: 267, Loss: 0.6103129386901855
INFO:root:Epoch: 38, Iteration: 268, Loss: 0.6504743099212646
INFO:root:Epoch: 38, Iteration: 269, Loss: 0.628608226776123
INFO:root:Epoch: 38, Iteration: 270, Loss: 0.6177709698677063
INFO:root:Epoch: 38, Iteration: 271, Loss: 0.6248786449432373
INFO:root:Epoch: 38, Iteration: 272, Loss: 0.6328051090240479
INFO:root:Epoch: 38, Iteration: 273, Loss: 0.6049237847328186
INFO:root:Validation set mIOU: 79.4441776078666
INFO:root:Epoch: 39, Iteration: 274, Loss: 0.5979295372962952
INFO:root:Epoch: 39, Iteration: 275, Loss: 0.6345583200454712
INFO:root:Epoch: 39, Iteration: 276, Loss: 0.6507782340049744
INFO:root:Epoch: 39, Iteration: 277, Loss: 0.6425544023513794
INFO:root:Epoch: 39, Iteration: 278, Loss: 0.6049692630767822
INFO:root:Epoch: 39, Iteration: 279, Loss: 0.6280037760734558
INFO:root:Epoch: 39, Iteration: 280, Loss: 0.6078805327415466
INFO:root:Validation set mIOU: 83.7954851937011
INFO:root:Epoch: 40, Iteration: 281, Loss: 0.6081374287605286
INFO:root:Epoch: 40, Iteration: 282, Loss: 0.6218509078025818
INFO:root:Epoch: 40, Iteration: 283, Loss: 0.6152570843696594
INFO:root:Epoch: 40, Iteration: 284, Loss: 0.6136505603790283
INFO:root:Epoch: 40, Iteration: 285, Loss: 0.6203354597091675
INFO:root:Epoch: 40, Iteration: 286, Loss: 0.6509333848953247
INFO:root:Epoch: 40, Iteration: 287, Loss: 0.6174173355102539
INFO:root:Validation set mIOU: 82.2094787100221
INFO:root:Epoch: 41, Iteration: 288, Loss: 0.6553242206573486
INFO:root:Epoch: 41, Iteration: 289, Loss: 0.6423320174217224
INFO:root:Epoch: 41, Iteration: 290, Loss: 0.6429946422576904
INFO:root:Epoch: 41, Iteration: 291, Loss: 0.6617926359176636
INFO:root:Epoch: 41, Iteration: 292, Loss: 0.617035984992981
INFO:root:Epoch: 41, Iteration: 293, Loss: 0.6146679520606995
INFO:root:Epoch: 41, Iteration: 294, Loss: 0.6383572220802307
INFO:root:Validation set mIOU: 85.70982754036844
INFO:root:Epoch: 42, Iteration: 295, Loss: 0.6034076809883118
INFO:root:Epoch: 42, Iteration: 296, Loss: 0.662100076675415
INFO:root:Epoch: 42, Iteration: 297, Loss: 0.6222023367881775
INFO:root:Epoch: 42, Iteration: 298, Loss: 0.6434163451194763
INFO:root:Epoch: 42, Iteration: 299, Loss: 0.6562818288803101
INFO:root:Epoch: 42, Iteration: 300, Loss: 0.66851407289505
INFO:root:Epoch: 42, Iteration: 301, Loss: 0.6147854328155518
INFO:root:Validation set mIOU: 79.2829353268714
INFO:root:Epoch: 43, Iteration: 302, Loss: 0.6267505884170532
INFO:root:Epoch: 43, Iteration: 303, Loss: 0.6508455276489258
INFO:root:Epoch: 43, Iteration: 304, Loss: 0.6260272860527039
INFO:root:Epoch: 43, Iteration: 305, Loss: 0.6567469239234924
INFO:root:Epoch: 43, Iteration: 306, Loss: 0.6194183230400085
INFO:root:Epoch: 43, Iteration: 307, Loss: 0.6423923373222351
INFO:root:Epoch: 43, Iteration: 308, Loss: 0.6293342113494873
INFO:root:Validation set mIOU: 83.93083541766158
INFO:root:Epoch: 44, Iteration: 309, Loss: 0.6280727386474609
INFO:root:Epoch: 44, Iteration: 310, Loss: 0.5980547666549683
INFO:root:Epoch: 44, Iteration: 311, Loss: 0.6041064858436584
INFO:root:Epoch: 44, Iteration: 312, Loss: 0.6482033729553223
INFO:root:Epoch: 44, Iteration: 313, Loss: 0.6425498127937317
INFO:root:Epoch: 44, Iteration: 314, Loss: 0.6331554651260376
INFO:root:Epoch: 44, Iteration: 315, Loss: 0.6251614093780518
INFO:root:Validation set mIOU: 81.22836637397818
INFO:root:Epoch: 45, Iteration: 316, Loss: 0.6061083078384399
INFO:root:Epoch: 45, Iteration: 317, Loss: 0.6809363961219788
INFO:root:Epoch: 45, Iteration: 318, Loss: 0.6185128688812256
INFO:root:Epoch: 45, Iteration: 319, Loss: 0.6303794980049133
INFO:root:Epoch: 45, Iteration: 320, Loss: 0.6347821950912476
INFO:root:Epoch: 45, Iteration: 321, Loss: 0.6783495545387268
INFO:root:Epoch: 45, Iteration: 322, Loss: 0.6228073835372925
INFO:root:Validation set mIOU: 36.414594741446045
INFO:root:Epoch: 46, Iteration: 323, Loss: 0.6766554117202759
INFO:root:Epoch: 46, Iteration: 324, Loss: 0.605665385723114
INFO:root:Epoch: 46, Iteration: 325, Loss: 0.6420731544494629
INFO:root:Epoch: 46, Iteration: 326, Loss: 0.6340974569320679
INFO:root:Epoch: 46, Iteration: 327, Loss: 0.6179108023643494
INFO:root:Epoch: 46, Iteration: 328, Loss: 0.624262809753418
INFO:root:Epoch: 46, Iteration: 329, Loss: 0.62031090259552
INFO:root:Validation set mIOU: 83.05566248813034
INFO:root:Epoch: 47, Iteration: 330, Loss: 0.6124094724655151
INFO:root:Epoch: 47, Iteration: 331, Loss: 0.6615673303604126
INFO:root:Epoch: 47, Iteration: 332, Loss: 0.6083603501319885
INFO:root:Epoch: 47, Iteration: 333, Loss: 0.6605043411254883
INFO:root:Epoch: 47, Iteration: 334, Loss: 0.6075570583343506
INFO:root:Epoch: 47, Iteration: 335, Loss: 0.6833824515342712
INFO:root:Epoch: 47, Iteration: 336, Loss: 0.6722931861877441
INFO:root:Validation set mIOU: 84.45706633405462
INFO:root:Epoch: 48, Iteration: 337, Loss: 0.6651636958122253
INFO:root:Epoch: 48, Iteration: 338, Loss: 0.6568633913993835
INFO:root:Epoch: 48, Iteration: 339, Loss: 0.6121174097061157
INFO:root:Epoch: 48, Iteration: 340, Loss: 0.6480956673622131
INFO:root:Epoch: 48, Iteration: 341, Loss: 0.6406381726264954
INFO:root:Epoch: 48, Iteration: 342, Loss: 0.6348512172698975
INFO:root:Epoch: 48, Iteration: 343, Loss: 0.6574717164039612
INFO:root:Validation set mIOU: 83.47373033558159
INFO:root:Epoch: 49, Iteration: 344, Loss: 0.6255309581756592
INFO:root:Epoch: 49, Iteration: 345, Loss: 0.6119300127029419
INFO:root:Epoch: 49, Iteration: 346, Loss: 0.6283836960792542
INFO:root:Epoch: 49, Iteration: 347, Loss: 0.6302284002304077
INFO:root:Epoch: 49, Iteration: 348, Loss: 0.6476534008979797
INFO:root:Epoch: 49, Iteration: 349, Loss: 0.6244513392448425
INFO:root:Epoch: 49, Iteration: 350, Loss: 0.6103705167770386
INFO:root:Validation set mIOU: 76.68036017487422
INFO:root:Epoch: 50, Iteration: 351, Loss: 0.6449145078659058
INFO:root:Epoch: 50, Iteration: 352, Loss: 0.6147544980049133
INFO:root:Epoch: 50, Iteration: 353, Loss: 0.6382722854614258
INFO:root:Epoch: 50, Iteration: 354, Loss: 0.6127899289131165
INFO:root:Epoch: 50, Iteration: 355, Loss: 0.6402813196182251
INFO:root:Epoch: 50, Iteration: 356, Loss: 0.6292222142219543
INFO:root:Epoch: 50, Iteration: 357, Loss: 0.6325587034225464
INFO:root:Validation set mIOU: 85.01848170434903
INFO:root:Epoch: 51, Iteration: 358, Loss: 0.6289808750152588
INFO:root:Epoch: 51, Iteration: 359, Loss: 0.6279639005661011
INFO:root:Epoch: 51, Iteration: 360, Loss: 0.6476126909255981
INFO:root:Epoch: 51, Iteration: 361, Loss: 0.6081722974777222
INFO:root:Epoch: 51, Iteration: 362, Loss: 0.6250013113021851
INFO:root:Epoch: 51, Iteration: 363, Loss: 0.5944352149963379
INFO:root:Epoch: 51, Iteration: 364, Loss: 0.6325564384460449
INFO:root:Validation set mIOU: 84.12906221895255
INFO:root:Epoch: 52, Iteration: 365, Loss: 0.6103516221046448
INFO:root:Epoch: 52, Iteration: 366, Loss: 0.6356120109558105
INFO:root:Epoch: 52, Iteration: 367, Loss: 0.6175178289413452
INFO:root:Epoch: 52, Iteration: 368, Loss: 0.623070240020752
INFO:root:Epoch: 52, Iteration: 369, Loss: 0.6421135663986206
INFO:root:Epoch: 52, Iteration: 370, Loss: 0.6382368803024292
INFO:root:Epoch: 52, Iteration: 371, Loss: 0.6222164630889893
INFO:root:Validation set mIOU: 83.33756496906547
INFO:root:Epoch: 53, Iteration: 372, Loss: 0.6108390092849731
INFO:root:Epoch: 53, Iteration: 373, Loss: 0.6009823083877563
INFO:root:Epoch: 53, Iteration: 374, Loss: 0.6288040280342102
INFO:root:Epoch: 53, Iteration: 375, Loss: 0.6386588215827942
INFO:root:Epoch: 53, Iteration: 376, Loss: 0.6406728029251099
INFO:root:Epoch: 53, Iteration: 377, Loss: 0.6082851886749268
INFO:root:Epoch: 53, Iteration: 378, Loss: 0.6414605379104614
INFO:root:Validation set mIOU: 85.55114380016597
INFO:root:Epoch: 54, Iteration: 379, Loss: 0.6174455881118774
INFO:root:Epoch: 54, Iteration: 380, Loss: 0.6432725191116333
INFO:root:Epoch: 54, Iteration: 381, Loss: 0.5991256833076477
INFO:root:Epoch: 54, Iteration: 382, Loss: 0.60993891954422
INFO:root:Epoch: 54, Iteration: 383, Loss: 0.6189008355140686
INFO:root:Epoch: 54, Iteration: 384, Loss: 0.6082936525344849
INFO:root:Epoch: 54, Iteration: 385, Loss: 0.6596601009368896
INFO:root:Validation set mIOU: 63.688082615393945
INFO:root:Epoch: 55, Iteration: 386, Loss: 0.6804578304290771
INFO:root:Epoch: 55, Iteration: 387, Loss: 0.6404701471328735
INFO:root:Epoch: 55, Iteration: 388, Loss: 0.6214587688446045
INFO:root:Epoch: 55, Iteration: 389, Loss: 0.6359187960624695
INFO:root:Epoch: 55, Iteration: 390, Loss: 0.6134379506111145
INFO:root:Epoch: 55, Iteration: 391, Loss: 0.615851640701294
INFO:root:Epoch: 55, Iteration: 392, Loss: 0.6208004355430603
INFO:root:Validation set mIOU: 77.68721228939029
INFO:root:Epoch: 56, Iteration: 393, Loss: 0.6169509291648865
INFO:root:Epoch: 56, Iteration: 394, Loss: 0.6221010088920593
INFO:root:Epoch: 56, Iteration: 395, Loss: 0.6310278177261353
INFO:root:Epoch: 56, Iteration: 396, Loss: 0.6048181056976318
INFO:root:Epoch: 56, Iteration: 397, Loss: 0.6545736193656921
INFO:root:Epoch: 56, Iteration: 398, Loss: 0.6332429647445679
INFO:root:Epoch: 56, Iteration: 399, Loss: 0.6142147779464722
INFO:root:Validation set mIOU: 59.47948283394621
INFO:root:Epoch: 57, Iteration: 400, Loss: 0.6320891976356506
INFO:root:Epoch: 57, Iteration: 401, Loss: 0.6387441754341125
INFO:root:Epoch: 57, Iteration: 402, Loss: 0.6112066507339478
INFO:root:Epoch: 57, Iteration: 403, Loss: 0.6757476925849915
INFO:root:Epoch: 57, Iteration: 404, Loss: 0.6298416256904602
INFO:root:Epoch: 57, Iteration: 405, Loss: 0.6263208985328674
INFO:root:Epoch: 57, Iteration: 406, Loss: 0.6386297345161438
INFO:root:Validation set mIOU: 51.69966834807027
INFO:root:Epoch: 58, Iteration: 407, Loss: 0.6688675284385681
INFO:root:Epoch: 58, Iteration: 408, Loss: 0.6137499809265137
INFO:root:Epoch: 58, Iteration: 409, Loss: 0.634563148021698
INFO:root:Epoch: 58, Iteration: 410, Loss: 0.6613901257514954
INFO:root:Epoch: 58, Iteration: 411, Loss: 0.636078953742981
INFO:root:Epoch: 58, Iteration: 412, Loss: 0.6355841159820557
INFO:root:Epoch: 58, Iteration: 413, Loss: 0.6153533458709717
INFO:root:Validation set mIOU: 80.63114207081524
INFO:root:Epoch: 59, Iteration: 414, Loss: 0.6275551915168762
INFO:root:Epoch: 59, Iteration: 415, Loss: 0.6380547285079956
INFO:root:Epoch: 59, Iteration: 416, Loss: 0.6543432474136353
INFO:root:Epoch: 59, Iteration: 417, Loss: 0.6464604735374451
INFO:root:Epoch: 59, Iteration: 418, Loss: 0.6210353970527649
INFO:root:Epoch: 59, Iteration: 419, Loss: 0.6014171242713928
INFO:root:Epoch: 59, Iteration: 420, Loss: 0.6128270030021667
INFO:root:Validation set mIOU: 83.70075413393052
INFO:root:Epoch: 60, Iteration: 421, Loss: 0.5974544286727905
INFO:root:Epoch: 60, Iteration: 422, Loss: 0.6090945601463318
INFO:root:Epoch: 60, Iteration: 423, Loss: 0.6154224872589111
INFO:root:Epoch: 60, Iteration: 424, Loss: 0.5978444218635559
INFO:root:Epoch: 60, Iteration: 425, Loss: 0.6344746351242065
INFO:root:Epoch: 60, Iteration: 426, Loss: 0.6258405447006226
INFO:root:Epoch: 60, Iteration: 427, Loss: 0.6816000938415527
INFO:root:Validation set mIOU: 79.87186632072456
INFO:root:Epoch: 61, Iteration: 428, Loss: 0.6016767621040344
INFO:root:Epoch: 61, Iteration: 429, Loss: 0.5927932262420654
INFO:root:Epoch: 61, Iteration: 430, Loss: 0.6107808947563171
INFO:root:Epoch: 61, Iteration: 431, Loss: 0.6183862090110779
INFO:root:Epoch: 61, Iteration: 432, Loss: 0.613730251789093
INFO:root:Epoch: 61, Iteration: 433, Loss: 0.6251022219657898
INFO:root:Epoch: 61, Iteration: 434, Loss: 0.7392010688781738
INFO:root:Validation set mIOU: 84.39613847870895
INFO:root:Epoch: 62, Iteration: 435, Loss: 0.6189795732498169
INFO:root:Epoch: 62, Iteration: 436, Loss: 0.609845757484436
INFO:root:Epoch: 62, Iteration: 437, Loss: 0.6472917795181274
INFO:root:Epoch: 62, Iteration: 438, Loss: 0.6101657152175903
INFO:root:Epoch: 62, Iteration: 439, Loss: 0.6143280267715454
INFO:root:Epoch: 62, Iteration: 440, Loss: 0.6376481056213379
INFO:root:Epoch: 62, Iteration: 441, Loss: 0.6356074810028076
INFO:root:Validation set mIOU: 71.11076808497229
INFO:root:Epoch: 63, Iteration: 442, Loss: 0.6391948461532593
INFO:root:Epoch: 63, Iteration: 443, Loss: 0.6617140769958496
INFO:root:Epoch: 63, Iteration: 444, Loss: 0.5985839366912842
INFO:root:Epoch: 63, Iteration: 445, Loss: 0.6519684195518494
INFO:root:Epoch: 63, Iteration: 446, Loss: 0.626591682434082
INFO:root:Epoch: 63, Iteration: 447, Loss: 0.6111986637115479
INFO:root:Epoch: 63, Iteration: 448, Loss: 0.6635785698890686
INFO:root:Validation set mIOU: 82.54050451005207
INFO:root:Epoch: 64, Iteration: 449, Loss: 0.6156976819038391
INFO:root:Epoch: 64, Iteration: 450, Loss: 0.6247825622558594
INFO:root:Epoch: 64, Iteration: 451, Loss: 0.6077948212623596
INFO:root:Epoch: 64, Iteration: 452, Loss: 0.6576769351959229
INFO:root:Epoch: 64, Iteration: 453, Loss: 0.615127444267273
INFO:root:Epoch: 64, Iteration: 454, Loss: 0.6188402771949768
INFO:root:Epoch: 64, Iteration: 455, Loss: 0.6553219556808472
INFO:root:Validation set mIOU: 76.10958696059407
INFO:root:Epoch: 65, Iteration: 456, Loss: 0.6202379465103149
INFO:root:Epoch: 65, Iteration: 457, Loss: 0.6213749051094055
INFO:root:Epoch: 65, Iteration: 458, Loss: 0.6107426285743713
INFO:root:Epoch: 65, Iteration: 459, Loss: 0.6775885224342346
INFO:root:Epoch: 65, Iteration: 460, Loss: 0.5960467457771301
INFO:root:Epoch: 65, Iteration: 461, Loss: 0.6347991824150085
INFO:root:Epoch: 65, Iteration: 462, Loss: 0.6024922728538513
INFO:root:Validation set mIOU: 73.75602871466728
INFO:root:Epoch: 66, Iteration: 463, Loss: 0.6274314522743225
INFO:root:Epoch: 66, Iteration: 464, Loss: 0.6100507378578186
INFO:root:Epoch: 66, Iteration: 465, Loss: 0.6305883526802063
INFO:root:Epoch: 66, Iteration: 466, Loss: 0.6435034275054932
INFO:root:Epoch: 66, Iteration: 467, Loss: 0.5945798754692078
INFO:root:Epoch: 66, Iteration: 468, Loss: 0.6184083223342896
INFO:root:Epoch: 66, Iteration: 469, Loss: 0.6138291358947754
INFO:root:Validation set mIOU: 81.83203153669277
INFO:root:Epoch: 67, Iteration: 470, Loss: 0.620221734046936
INFO:root:Epoch: 67, Iteration: 471, Loss: 0.6292961835861206
INFO:root:Epoch: 67, Iteration: 472, Loss: 0.6003561615943909
INFO:root:Epoch: 67, Iteration: 473, Loss: 0.6178768873214722
INFO:root:Epoch: 67, Iteration: 474, Loss: 0.6025006175041199
INFO:root:Epoch: 67, Iteration: 475, Loss: 0.65608811378479
INFO:root:Epoch: 67, Iteration: 476, Loss: 0.6218742728233337
INFO:root:Validation set mIOU: 81.79182220821454
INFO:root:Epoch: 68, Iteration: 477, Loss: 0.6345861554145813
INFO:root:Epoch: 68, Iteration: 478, Loss: 0.6199796199798584
INFO:root:Epoch: 68, Iteration: 479, Loss: 0.624289333820343
INFO:root:Epoch: 68, Iteration: 480, Loss: 0.6727491617202759
INFO:root:Epoch: 68, Iteration: 481, Loss: 0.6430584788322449
INFO:root:Epoch: 68, Iteration: 482, Loss: 0.6065086126327515
INFO:root:Epoch: 68, Iteration: 483, Loss: 0.6223946213722229
INFO:root:Validation set mIOU: 47.80002945863387
INFO:root:Epoch: 69, Iteration: 484, Loss: 0.6483197808265686
INFO:root:Epoch: 69, Iteration: 485, Loss: 0.5970728397369385
INFO:root:Epoch: 69, Iteration: 486, Loss: 0.6193788647651672
INFO:root:Epoch: 69, Iteration: 487, Loss: 0.6127676367759705
INFO:root:Epoch: 69, Iteration: 488, Loss: 0.6598536372184753
INFO:root:Epoch: 69, Iteration: 489, Loss: 0.6337562799453735
INFO:root:Epoch: 69, Iteration: 490, Loss: 0.6098871231079102
INFO:root:Validation set mIOU: 68.73402996703466
INFO:root:Epoch: 70, Iteration: 491, Loss: 0.6092941761016846
INFO:root:Epoch: 70, Iteration: 492, Loss: 0.594811201095581
INFO:root:Epoch: 70, Iteration: 493, Loss: 0.6314106583595276
INFO:root:Epoch: 70, Iteration: 494, Loss: 0.5974324941635132
INFO:root:Epoch: 70, Iteration: 495, Loss: 0.5997819304466248
INFO:root:Epoch: 70, Iteration: 496, Loss: 0.6547548770904541
INFO:root:Epoch: 70, Iteration: 497, Loss: 0.5960926413536072
INFO:root:Validation set mIOU: 86.74213827215618
INFO:root:Epoch: 71, Iteration: 498, Loss: 0.5892612934112549
INFO:root:Epoch: 71, Iteration: 499, Loss: 0.6025640964508057
INFO:root:Epoch: 71, Iteration: 500, Loss: 0.6059156060218811
INFO:root:Epoch: 71, Iteration: 501, Loss: 0.6106679439544678
INFO:root:Epoch: 71, Iteration: 502, Loss: 0.6463308334350586
INFO:root:Epoch: 71, Iteration: 503, Loss: 0.5998992323875427
INFO:root:Epoch: 71, Iteration: 504, Loss: 0.5939616560935974
INFO:root:Validation set mIOU: 82.37533991405793
INFO:root:Epoch: 72, Iteration: 505, Loss: 0.5911681056022644
INFO:root:Epoch: 72, Iteration: 506, Loss: 0.597233235836029
INFO:root:Epoch: 72, Iteration: 507, Loss: 0.6094973683357239
INFO:root:Epoch: 72, Iteration: 508, Loss: 0.6241717338562012
INFO:root:Epoch: 72, Iteration: 509, Loss: 0.5986052751541138
INFO:root:Epoch: 72, Iteration: 510, Loss: 0.6276597380638123
INFO:root:Epoch: 72, Iteration: 511, Loss: 0.601732611656189
INFO:root:Validation set mIOU: 85.08857168696179
INFO:root:Epoch: 73, Iteration: 512, Loss: 0.6161001920700073
INFO:root:Epoch: 73, Iteration: 513, Loss: 0.5902352929115295
INFO:root:Epoch: 73, Iteration: 514, Loss: 0.6036564111709595
INFO:root:Epoch: 73, Iteration: 515, Loss: 0.6284586787223816
INFO:root:Epoch: 73, Iteration: 516, Loss: 0.6201207637786865
INFO:root:Epoch: 73, Iteration: 517, Loss: 0.5962628722190857
INFO:root:Epoch: 73, Iteration: 518, Loss: 0.5909340381622314
INFO:root:Validation set mIOU: 85.49664504243532
INFO:root:Epoch: 74, Iteration: 519, Loss: 0.6166480779647827
INFO:root:Epoch: 74, Iteration: 520, Loss: 0.6148021221160889
INFO:root:Epoch: 74, Iteration: 521, Loss: 0.6103823184967041
INFO:root:Epoch: 74, Iteration: 522, Loss: 0.5945239067077637
INFO:root:Epoch: 74, Iteration: 523, Loss: 0.6490738391876221
INFO:root:Epoch: 74, Iteration: 524, Loss: 0.6016889810562134
INFO:root:Epoch: 74, Iteration: 525, Loss: 0.5945633053779602
INFO:root:Validation set mIOU: 82.50644173704256
INFO:root:Epoch: 75, Iteration: 526, Loss: 0.6208299994468689
INFO:root:Epoch: 75, Iteration: 527, Loss: 0.6199689507484436
INFO:root:Epoch: 75, Iteration: 528, Loss: 0.6175019145011902
INFO:root:Epoch: 75, Iteration: 529, Loss: 0.5881755948066711
INFO:root:Epoch: 75, Iteration: 530, Loss: 0.5924005508422852
INFO:root:Epoch: 75, Iteration: 531, Loss: 0.5925765037536621
INFO:root:Epoch: 75, Iteration: 532, Loss: 0.6204020977020264
INFO:root:Validation set mIOU: 87.09502441180547
INFO:root:Epoch: 76, Iteration: 533, Loss: 0.6250853538513184
INFO:root:Epoch: 76, Iteration: 534, Loss: 0.5894896984100342
INFO:root:Epoch: 76, Iteration: 535, Loss: 0.6103788614273071
INFO:root:Epoch: 76, Iteration: 536, Loss: 0.6095860004425049
INFO:root:Epoch: 76, Iteration: 537, Loss: 0.6435077786445618
INFO:root:Epoch: 76, Iteration: 538, Loss: 0.6098944544792175
INFO:root:Epoch: 76, Iteration: 539, Loss: 0.6296433806419373
INFO:root:Validation set mIOU: 86.608437456873
INFO:root:Epoch: 77, Iteration: 540, Loss: 0.6010193228721619
INFO:root:Epoch: 77, Iteration: 541, Loss: 0.6050217151641846
INFO:root:Epoch: 77, Iteration: 542, Loss: 0.6199497580528259
INFO:root:Epoch: 77, Iteration: 543, Loss: 0.5837002992630005
INFO:root:Epoch: 77, Iteration: 544, Loss: 0.5985895991325378
INFO:root:Epoch: 77, Iteration: 545, Loss: 0.5942779183387756
INFO:root:Epoch: 77, Iteration: 546, Loss: 0.6097593307495117
INFO:root:Validation set mIOU: 84.74611685881938
INFO:root:Epoch: 78, Iteration: 547, Loss: 0.6167676448822021
INFO:root:Epoch: 78, Iteration: 548, Loss: 0.5971126556396484
INFO:root:Epoch: 78, Iteration: 549, Loss: 0.6234979033470154
INFO:root:Epoch: 78, Iteration: 550, Loss: 0.6090565323829651
INFO:root:Epoch: 78, Iteration: 551, Loss: 0.6123542189598083
INFO:root:Epoch: 78, Iteration: 552, Loss: 0.6505781412124634
INFO:root:Epoch: 78, Iteration: 553, Loss: 0.6074622273445129
INFO:root:Validation set mIOU: 87.03367939931282
INFO:root:Epoch: 79, Iteration: 554, Loss: 0.6094459295272827
INFO:root:Epoch: 79, Iteration: 555, Loss: 0.6062126755714417
INFO:root:Epoch: 79, Iteration: 556, Loss: 0.6260201930999756
INFO:root:Epoch: 79, Iteration: 557, Loss: 0.6230366826057434
INFO:root:Epoch: 79, Iteration: 558, Loss: 0.6207510828971863
INFO:root:Epoch: 79, Iteration: 559, Loss: 0.6017626523971558
INFO:root:Epoch: 79, Iteration: 560, Loss: 0.6434856057167053
INFO:root:Validation set mIOU: 85.95335098688712
INFO:root:Epoch: 80, Iteration: 561, Loss: 0.5855826735496521
INFO:root:Epoch: 80, Iteration: 562, Loss: 0.596949577331543
INFO:root:Epoch: 80, Iteration: 563, Loss: 0.6119727492332458
INFO:root:Epoch: 80, Iteration: 564, Loss: 0.5846219658851624
INFO:root:Epoch: 80, Iteration: 565, Loss: 0.602649986743927
INFO:root:Epoch: 80, Iteration: 566, Loss: 0.5969111323356628
INFO:root:Epoch: 80, Iteration: 567, Loss: 0.584181010723114
INFO:root:Validation set mIOU: 86.7410331921185
INFO:root:Epoch: 81, Iteration: 568, Loss: 0.602033793926239
INFO:root:Epoch: 81, Iteration: 569, Loss: 0.611023485660553
INFO:root:Epoch: 81, Iteration: 570, Loss: 0.6036719679832458
INFO:root:Epoch: 81, Iteration: 571, Loss: 0.5955182909965515
INFO:root:Epoch: 81, Iteration: 572, Loss: 0.5913625955581665
INFO:root:Epoch: 81, Iteration: 573, Loss: 0.5903277397155762
INFO:root:Epoch: 81, Iteration: 574, Loss: 0.602811336517334
INFO:root:Validation set mIOU: 87.29804549936124
INFO:root:Epoch: 82, Iteration: 575, Loss: 0.6037206053733826
INFO:root:Epoch: 82, Iteration: 576, Loss: 0.6128578186035156
INFO:root:Epoch: 82, Iteration: 577, Loss: 0.5862767696380615
INFO:root:Epoch: 82, Iteration: 578, Loss: 0.6309897899627686
INFO:root:Epoch: 82, Iteration: 579, Loss: 0.5887963175773621
INFO:root:Epoch: 82, Iteration: 580, Loss: 0.6016386151313782
INFO:root:Epoch: 82, Iteration: 581, Loss: 0.6069690585136414
INFO:root:Validation set mIOU: 87.46404379430378
INFO:root:Epoch: 83, Iteration: 582, Loss: 0.6367628574371338
INFO:root:Epoch: 83, Iteration: 583, Loss: 0.5906177163124084
INFO:root:Epoch: 83, Iteration: 584, Loss: 0.5855460166931152
INFO:root:Epoch: 83, Iteration: 585, Loss: 0.6394972205162048
INFO:root:Epoch: 83, Iteration: 586, Loss: 0.633425772190094
INFO:root:Epoch: 83, Iteration: 587, Loss: 0.6484054327011108
INFO:root:Epoch: 83, Iteration: 588, Loss: 0.6303820013999939
INFO:root:Validation set mIOU: 86.93829447229676
INFO:root:Epoch: 84, Iteration: 589, Loss: 0.6285159587860107
INFO:root:Epoch: 84, Iteration: 590, Loss: 0.601725697517395
INFO:root:Epoch: 84, Iteration: 591, Loss: 0.605596661567688
INFO:root:Epoch: 84, Iteration: 592, Loss: 0.6073832511901855
INFO:root:Epoch: 84, Iteration: 593, Loss: 0.6255955696105957
INFO:root:Epoch: 84, Iteration: 594, Loss: 0.5975615978240967
INFO:root:Epoch: 84, Iteration: 595, Loss: 0.6172986030578613
INFO:root:Validation set mIOU: 80.17175726294668
INFO:root:Epoch: 85, Iteration: 596, Loss: 0.6146131753921509
INFO:root:Epoch: 85, Iteration: 597, Loss: 0.6052694916725159
INFO:root:Epoch: 85, Iteration: 598, Loss: 0.6243138313293457
INFO:root:Epoch: 85, Iteration: 599, Loss: 0.5950880646705627
INFO:root:Epoch: 85, Iteration: 600, Loss: 0.6040025949478149
INFO:root:Epoch: 85, Iteration: 601, Loss: 0.5912459492683411
INFO:root:Epoch: 85, Iteration: 602, Loss: 0.6226208806037903
INFO:root:Validation set mIOU: 80.91544391106092
INFO:root:Epoch: 86, Iteration: 603, Loss: 0.6132254004478455
INFO:root:Epoch: 86, Iteration: 604, Loss: 0.6715743541717529
INFO:root:Epoch: 86, Iteration: 605, Loss: 0.5946170687675476
INFO:root:Epoch: 86, Iteration: 606, Loss: 0.594910204410553
INFO:root:Epoch: 86, Iteration: 607, Loss: 0.6052737236022949
INFO:root:Epoch: 86, Iteration: 608, Loss: 0.6064726114273071
INFO:root:Epoch: 86, Iteration: 609, Loss: 0.5912156105041504
INFO:root:Validation set mIOU: 85.71214874743353
INFO:root:Epoch: 87, Iteration: 610, Loss: 0.588667094707489
INFO:root:Epoch: 87, Iteration: 611, Loss: 0.5889182686805725
INFO:root:Epoch: 87, Iteration: 612, Loss: 0.6219082474708557
INFO:root:Epoch: 87, Iteration: 613, Loss: 0.6078283786773682
INFO:root:Epoch: 87, Iteration: 614, Loss: 0.5970104932785034
INFO:root:Epoch: 87, Iteration: 615, Loss: 0.6015059351921082
INFO:root:Epoch: 87, Iteration: 616, Loss: 0.6090899705886841
INFO:root:Validation set mIOU: 87.05195230003285
INFO:root:Epoch: 88, Iteration: 617, Loss: 0.6071491241455078
INFO:root:Epoch: 88, Iteration: 618, Loss: 0.6140782833099365
INFO:root:Epoch: 88, Iteration: 619, Loss: 0.6206294894218445
INFO:root:Epoch: 88, Iteration: 620, Loss: 0.5922784805297852
INFO:root:Epoch: 88, Iteration: 621, Loss: 0.5974923968315125
INFO:root:Epoch: 88, Iteration: 622, Loss: 0.6083254218101501
INFO:root:Epoch: 88, Iteration: 623, Loss: 0.5955561399459839
INFO:root:Validation set mIOU: 86.97458802126424
INFO:root:Epoch: 89, Iteration: 624, Loss: 0.6035889983177185
INFO:root:Epoch: 89, Iteration: 625, Loss: 0.5929245948791504
INFO:root:Epoch: 89, Iteration: 626, Loss: 0.6327494382858276
INFO:root:Epoch: 89, Iteration: 627, Loss: 0.5931968688964844
INFO:root:Epoch: 89, Iteration: 628, Loss: 0.5837560296058655
INFO:root:Epoch: 89, Iteration: 629, Loss: 0.589615523815155
INFO:root:Epoch: 89, Iteration: 630, Loss: 0.6396878361701965
INFO:root:Validation set mIOU: 85.37742652794891
INFO:root:Epoch: 90, Iteration: 631, Loss: 0.593507707118988
INFO:root:Epoch: 90, Iteration: 632, Loss: 0.5917708277702332
INFO:root:Epoch: 90, Iteration: 633, Loss: 0.6274555325508118
INFO:root:Epoch: 90, Iteration: 634, Loss: 0.6039514541625977
INFO:root:Epoch: 90, Iteration: 635, Loss: 0.5885541439056396
INFO:root:Epoch: 90, Iteration: 636, Loss: 0.6232932209968567
INFO:root:Epoch: 90, Iteration: 637, Loss: 0.5966650247573853
INFO:root:Validation set mIOU: 87.5013591365855
INFO:root:Epoch: 91, Iteration: 638, Loss: 0.6160762310028076
INFO:root:Epoch: 91, Iteration: 639, Loss: 0.59590744972229
INFO:root:Epoch: 91, Iteration: 640, Loss: 0.6448062062263489
INFO:root:Epoch: 91, Iteration: 641, Loss: 0.6114450693130493
INFO:root:Epoch: 91, Iteration: 642, Loss: 0.6160920262336731
INFO:root:Epoch: 91, Iteration: 643, Loss: 0.5888627171516418
INFO:root:Epoch: 91, Iteration: 644, Loss: 0.6046834588050842
INFO:root:Validation set mIOU: 85.65996689443661
INFO:root:Epoch: 92, Iteration: 645, Loss: 0.5901616215705872
INFO:root:Epoch: 92, Iteration: 646, Loss: 0.6291114687919617
INFO:root:Epoch: 92, Iteration: 647, Loss: 0.5960356593132019
INFO:root:Epoch: 92, Iteration: 648, Loss: 0.6070667505264282
INFO:root:Epoch: 92, Iteration: 649, Loss: 0.5963082909584045
INFO:root:Epoch: 92, Iteration: 650, Loss: 0.6229931712150574
INFO:root:Epoch: 92, Iteration: 651, Loss: 0.611621618270874
INFO:root:Validation set mIOU: 87.2379068606496
INFO:root:Epoch: 93, Iteration: 652, Loss: 0.5877453088760376
INFO:root:Epoch: 93, Iteration: 653, Loss: 0.5864556431770325
INFO:root:Epoch: 93, Iteration: 654, Loss: 0.5926685333251953
INFO:root:Epoch: 93, Iteration: 655, Loss: 0.5863525867462158
INFO:root:Epoch: 93, Iteration: 656, Loss: 0.6283209323883057
INFO:root:Epoch: 93, Iteration: 657, Loss: 0.5918063521385193
INFO:root:Epoch: 93, Iteration: 658, Loss: 0.5880349278450012
INFO:root:Validation set mIOU: 85.62147451979439
INFO:root:Epoch: 94, Iteration: 659, Loss: 0.6245536208152771
INFO:root:Epoch: 94, Iteration: 660, Loss: 0.6063589453697205
INFO:root:Epoch: 94, Iteration: 661, Loss: 0.6031585335731506
INFO:root:Epoch: 94, Iteration: 662, Loss: 0.6082299947738647
INFO:root:Epoch: 94, Iteration: 663, Loss: 0.6413376927375793
INFO:root:Epoch: 94, Iteration: 664, Loss: 0.5897248387336731
INFO:root:Epoch: 94, Iteration: 665, Loss: 0.5965002775192261
INFO:root:Validation set mIOU: 86.03933844732784
INFO:root:Epoch: 95, Iteration: 666, Loss: 0.6000016331672668
INFO:root:Epoch: 95, Iteration: 667, Loss: 0.6125761866569519
INFO:root:Epoch: 95, Iteration: 668, Loss: 0.6282674074172974
INFO:root:Epoch: 95, Iteration: 669, Loss: 0.6019842624664307
INFO:root:Epoch: 95, Iteration: 670, Loss: 0.597191572189331
INFO:root:Epoch: 95, Iteration: 671, Loss: 0.6026973128318787
INFO:root:Epoch: 95, Iteration: 672, Loss: 0.5889303088188171
INFO:root:Validation set mIOU: 85.98244534490492
INFO:root:Epoch: 96, Iteration: 673, Loss: 0.5777552723884583
INFO:root:Epoch: 96, Iteration: 674, Loss: 0.5914518237113953
INFO:root:Epoch: 96, Iteration: 675, Loss: 0.6337515711784363
INFO:root:Epoch: 96, Iteration: 676, Loss: 0.6136065125465393
INFO:root:Epoch: 96, Iteration: 677, Loss: 0.5954753160476685
INFO:root:Epoch: 96, Iteration: 678, Loss: 0.5896604061126709
INFO:root:Epoch: 96, Iteration: 679, Loss: 0.6255379915237427
INFO:root:Validation set mIOU: 86.37951446033435
INFO:root:Epoch: 97, Iteration: 680, Loss: 0.621465802192688
INFO:root:Epoch: 97, Iteration: 681, Loss: 0.596566379070282
INFO:root:Epoch: 97, Iteration: 682, Loss: 0.5924309492111206
INFO:root:Epoch: 97, Iteration: 683, Loss: 0.598943829536438
INFO:root:Epoch: 97, Iteration: 684, Loss: 0.5944141149520874
INFO:root:Epoch: 97, Iteration: 685, Loss: 0.5938272476196289
INFO:root:Epoch: 97, Iteration: 686, Loss: 0.6275667548179626
INFO:root:Validation set mIOU: 87.50767764016564
INFO:root:Epoch: 98, Iteration: 687, Loss: 0.6148029565811157
INFO:root:Epoch: 98, Iteration: 688, Loss: 0.5911272168159485
INFO:root:Epoch: 98, Iteration: 689, Loss: 0.6042479276657104
INFO:root:Epoch: 98, Iteration: 690, Loss: 0.5821351408958435
INFO:root:Epoch: 98, Iteration: 691, Loss: 0.5840798020362854
INFO:root:Epoch: 98, Iteration: 692, Loss: 0.5808454751968384
INFO:root:Epoch: 98, Iteration: 693, Loss: 0.6176605224609375
INFO:root:Validation set mIOU: 88.20119491441022
INFO:root:Epoch: 99, Iteration: 694, Loss: 0.5969903469085693
INFO:root:Epoch: 99, Iteration: 695, Loss: 0.5940702557563782
INFO:root:Epoch: 99, Iteration: 696, Loss: 0.6339836716651917
INFO:root:Epoch: 99, Iteration: 697, Loss: 0.5926584005355835
INFO:root:Epoch: 99, Iteration: 698, Loss: 0.610396146774292
INFO:root:Epoch: 99, Iteration: 699, Loss: 0.5925385355949402
INFO:root:Epoch: 99, Iteration: 700, Loss: 0.6122669577598572
INFO:root:Validation set mIOU: 88.32159732671369
