INFO:root:{'addition': 'nothing',
 'backbone': 'resnet101',
 'batch_size': 16,
 'batch_size_consistency': 16,
 'conf_thres': 0.95,
 'config': 'configs/dataset2.yaml',
 'consistency_training': False,
 'crop_size': 320,
 'data_root': './',
 'dataset': 'dataset2',
 'epochs': 100,
 'labeled_id_path': 'dataset/splits/dataset2/1_4/split_random/labeled.txt',
 'lr': 0.0009,
 'model': 'unet',
 'ngpus': 1,
 'plus': False,
 'pseudo_consistency_mask_path': None,
 'pseudo_mask_path': 'outdir/pseudo_masks/dataset2/1_4/split_random/unet/resnet101/self_training/non_consistency_training/second_time',
 'rand_thres': 0.8,
 'reliable_id_path': None,
 'save_path': 'outdir/models/dataset2/1_4/split_random/unet/resnet101/self_training/non_consistency_training/second_time',
 'time': 2,
 'unlabeled_id_path': 'dataset/splits/dataset2/1_4/split_random/unlabeled.txt',
 'warm_up': 30}

INFO:root:Training supervised with consistency on unlabeled images
INFO:root:Epoch: 0, Iteration: 1, Loss: 1.0829360485076904
INFO:root:Epoch: 0, Iteration: 2, Loss: 1.0459097623825073
INFO:root:Validation set mIOU: 20.45291695470445
INFO:root:Epoch: 1, Iteration: 3, Loss: 0.9407130479812622
INFO:root:Epoch: 1, Iteration: 4, Loss: 0.8538641929626465
INFO:root:Validation set mIOU: 33.132993165188964
INFO:root:Epoch: 2, Iteration: 5, Loss: 0.7802904844284058
INFO:root:Epoch: 2, Iteration: 6, Loss: 0.7512386441230774
INFO:root:Validation set mIOU: 30.426859739482087
INFO:root:Epoch: 3, Iteration: 7, Loss: 0.7239364981651306
INFO:root:Epoch: 3, Iteration: 8, Loss: 0.7303808927536011
INFO:root:Validation set mIOU: 51.64326401565309
INFO:root:Epoch: 4, Iteration: 9, Loss: 0.6940640807151794
INFO:root:Epoch: 4, Iteration: 10, Loss: 0.6900133490562439
INFO:root:Validation set mIOU: 59.43587927127554
INFO:root:Epoch: 5, Iteration: 11, Loss: 0.6939026117324829
INFO:root:Epoch: 5, Iteration: 12, Loss: 0.6642706394195557
INFO:root:Validation set mIOU: 65.08535371322351
INFO:root:Epoch: 6, Iteration: 13, Loss: 0.6726924180984497
INFO:root:Epoch: 6, Iteration: 14, Loss: 0.6399765610694885
INFO:root:Validation set mIOU: 70.06336674045016
INFO:root:Epoch: 7, Iteration: 15, Loss: 0.6372920274734497
INFO:root:Epoch: 7, Iteration: 16, Loss: 0.6200100183486938
INFO:root:Validation set mIOU: 77.07789679456667
INFO:root:Epoch: 8, Iteration: 17, Loss: 0.6359490156173706
INFO:root:Epoch: 8, Iteration: 18, Loss: 0.6164858341217041
INFO:root:Validation set mIOU: 78.93901892626306
INFO:root:Epoch: 9, Iteration: 19, Loss: 0.639911949634552
INFO:root:Epoch: 9, Iteration: 20, Loss: 0.6238209009170532
INFO:root:Validation set mIOU: 78.48906060927895
INFO:root:Epoch: 10, Iteration: 21, Loss: 0.7338821291923523
INFO:root:Epoch: 10, Iteration: 22, Loss: 0.6174697875976562
INFO:root:Validation set mIOU: 74.07339287981735
INFO:root:Epoch: 11, Iteration: 23, Loss: 0.6656433343887329
INFO:root:Epoch: 11, Iteration: 24, Loss: 0.621074914932251
INFO:root:Validation set mIOU: 74.32483189524429
INFO:root:Epoch: 12, Iteration: 25, Loss: 0.6030213236808777
INFO:root:Epoch: 12, Iteration: 26, Loss: 0.594001293182373
INFO:root:Validation set mIOU: 78.44122815517512
INFO:root:Epoch: 13, Iteration: 27, Loss: 0.617983877658844
INFO:root:Epoch: 13, Iteration: 28, Loss: 0.6005776524543762
INFO:root:Validation set mIOU: 82.84015227945318
INFO:root:Epoch: 14, Iteration: 29, Loss: 0.6089529395103455
INFO:root:Epoch: 14, Iteration: 30, Loss: 0.6222823262214661
INFO:root:Validation set mIOU: 82.20621784400176
INFO:root:Epoch: 15, Iteration: 31, Loss: 0.593621551990509
INFO:root:Epoch: 15, Iteration: 32, Loss: 0.5998271107673645
INFO:root:Validation set mIOU: 78.50303530256674
INFO:root:Epoch: 16, Iteration: 33, Loss: 0.6085333228111267
INFO:root:Epoch: 16, Iteration: 34, Loss: 0.5950607657432556
INFO:root:Validation set mIOU: 80.49931237017614
INFO:root:Epoch: 17, Iteration: 35, Loss: 0.5990027785301208
INFO:root:Epoch: 17, Iteration: 36, Loss: 0.6050403714179993
INFO:root:Validation set mIOU: 78.42345959961813
INFO:root:Epoch: 18, Iteration: 37, Loss: 0.6070759296417236
INFO:root:Epoch: 18, Iteration: 38, Loss: 0.6040831208229065
INFO:root:Validation set mIOU: 71.22950267100761
INFO:root:Epoch: 19, Iteration: 39, Loss: 0.5910059213638306
INFO:root:Epoch: 19, Iteration: 40, Loss: 0.6063674092292786
INFO:root:Validation set mIOU: 74.128315312061
INFO:root:Epoch: 20, Iteration: 41, Loss: 0.594631016254425
INFO:root:Epoch: 20, Iteration: 42, Loss: 0.5863962769508362
INFO:root:Validation set mIOU: 80.28113162072134
INFO:root:Epoch: 21, Iteration: 43, Loss: 0.5884034633636475
INFO:root:Epoch: 21, Iteration: 44, Loss: 0.6424703598022461
INFO:root:Validation set mIOU: 82.48131121152569
INFO:root:Epoch: 22, Iteration: 45, Loss: 0.6073037385940552
INFO:root:Epoch: 22, Iteration: 46, Loss: 0.5924672484397888
INFO:root:Validation set mIOU: 79.35516113613369
INFO:root:Epoch: 23, Iteration: 47, Loss: 0.5964696407318115
INFO:root:Epoch: 23, Iteration: 48, Loss: 0.6060265302658081
INFO:root:Validation set mIOU: 77.92162513150367
INFO:root:Epoch: 24, Iteration: 49, Loss: 0.591007649898529
INFO:root:Epoch: 24, Iteration: 50, Loss: 0.6062245965003967
INFO:root:Validation set mIOU: 79.52370911419487
INFO:root:Epoch: 25, Iteration: 51, Loss: 0.6072816848754883
INFO:root:Epoch: 25, Iteration: 52, Loss: 0.5845324397087097
INFO:root:Validation set mIOU: 41.4556446240319
INFO:root:Epoch: 26, Iteration: 53, Loss: 0.5964090824127197
INFO:root:Epoch: 26, Iteration: 54, Loss: 0.5849206447601318
INFO:root:Validation set mIOU: 7.676512212231103
INFO:root:Epoch: 27, Iteration: 55, Loss: 0.596796452999115
INFO:root:Epoch: 27, Iteration: 56, Loss: 0.5919508934020996
INFO:root:Validation set mIOU: 6.324965636759046
INFO:root:Epoch: 28, Iteration: 57, Loss: 0.5788993239402771
INFO:root:Epoch: 28, Iteration: 58, Loss: 0.5944651365280151
INFO:root:Validation set mIOU: 32.852870885295474
INFO:root:Epoch: 29, Iteration: 59, Loss: 0.5945637226104736
INFO:root:Epoch: 29, Iteration: 60, Loss: 0.5820467472076416
INFO:root:Validation set mIOU: 67.59353196250716
INFO:root:Epoch: 30, Iteration: 61, Loss: 0.6029231548309326
INFO:root:Epoch: 30, Iteration: 62, Loss: 0.5883969068527222
INFO:root:Validation set mIOU: 78.03280563578707
INFO:root:Epoch: 31, Iteration: 63, Loss: 0.5932704210281372
INFO:root:Epoch: 31, Iteration: 64, Loss: 0.5875160694122314
INFO:root:Validation set mIOU: 82.06411919089292
INFO:root:Epoch: 32, Iteration: 65, Loss: 0.588956892490387
INFO:root:Epoch: 32, Iteration: 66, Loss: 0.600321888923645
INFO:root:Validation set mIOU: 84.22590610435007
INFO:root:Epoch: 33, Iteration: 67, Loss: 0.5846620798110962
INFO:root:Epoch: 33, Iteration: 68, Loss: 0.6069446802139282
INFO:root:Validation set mIOU: 83.34935508783546
INFO:root:Epoch: 34, Iteration: 69, Loss: 0.6057025790214539
INFO:root:Epoch: 34, Iteration: 70, Loss: 0.5880260467529297
INFO:root:Validation set mIOU: 83.99698972422941
INFO:root:Epoch: 35, Iteration: 71, Loss: 0.6023700833320618
INFO:root:Epoch: 35, Iteration: 72, Loss: 0.585395336151123
INFO:root:Validation set mIOU: 79.49286705428194
INFO:root:Epoch: 36, Iteration: 73, Loss: 0.5905438661575317
INFO:root:Epoch: 36, Iteration: 74, Loss: 0.5824390649795532
INFO:root:Validation set mIOU: 73.98094612813706
INFO:root:Epoch: 37, Iteration: 75, Loss: 0.5966741442680359
INFO:root:Epoch: 37, Iteration: 76, Loss: 0.5878466367721558
INFO:root:Validation set mIOU: 80.37722821377776
INFO:root:Epoch: 38, Iteration: 77, Loss: 0.5847227573394775
INFO:root:Epoch: 38, Iteration: 78, Loss: 0.6089261770248413
INFO:root:Validation set mIOU: 78.98347118942417
INFO:root:Epoch: 39, Iteration: 79, Loss: 0.585440993309021
INFO:root:Epoch: 39, Iteration: 80, Loss: 0.6817061305046082
INFO:root:Validation set mIOU: 77.38852154211642
INFO:root:Epoch: 40, Iteration: 81, Loss: 0.5817533135414124
INFO:root:Epoch: 40, Iteration: 82, Loss: 0.5872290134429932
INFO:root:Validation set mIOU: 79.582224127895
INFO:root:Epoch: 41, Iteration: 83, Loss: 0.5850521922111511
INFO:root:Epoch: 41, Iteration: 84, Loss: 0.5901530385017395
INFO:root:Validation set mIOU: 78.30243040172643
INFO:root:Epoch: 42, Iteration: 85, Loss: 0.5819125771522522
INFO:root:Epoch: 42, Iteration: 86, Loss: 0.5872759819030762
INFO:root:Validation set mIOU: 76.76096957965154
INFO:root:Epoch: 43, Iteration: 87, Loss: 0.5892261862754822
INFO:root:Epoch: 43, Iteration: 88, Loss: 0.5962187647819519
INFO:root:Validation set mIOU: 76.32748082732937
INFO:root:Epoch: 44, Iteration: 89, Loss: 0.5871790647506714
INFO:root:Epoch: 44, Iteration: 90, Loss: 0.5862275958061218
INFO:root:Validation set mIOU: 79.34816573771532
INFO:root:Epoch: 45, Iteration: 91, Loss: 0.5866540670394897
INFO:root:Epoch: 45, Iteration: 92, Loss: 0.6126229166984558
INFO:root:Validation set mIOU: 79.14037647663372
INFO:root:Epoch: 46, Iteration: 93, Loss: 0.5775129795074463
INFO:root:Epoch: 46, Iteration: 94, Loss: 0.5836601257324219
INFO:root:Validation set mIOU: 78.65621602384833
INFO:root:Epoch: 47, Iteration: 95, Loss: 0.5782807469367981
INFO:root:Epoch: 47, Iteration: 96, Loss: 0.5999537110328674
INFO:root:Validation set mIOU: 77.92583881951361
INFO:root:Epoch: 48, Iteration: 97, Loss: 0.5892252922058105
INFO:root:Epoch: 48, Iteration: 98, Loss: 0.5822485685348511
INFO:root:Validation set mIOU: 79.03966552067558
INFO:root:Epoch: 49, Iteration: 99, Loss: 0.5907070636749268
INFO:root:Epoch: 49, Iteration: 100, Loss: 0.5921404361724854
INFO:root:Validation set mIOU: 81.46545995921147
INFO:root:Epoch: 50, Iteration: 101, Loss: 0.5785461664199829
INFO:root:Epoch: 50, Iteration: 102, Loss: 0.580581784248352
INFO:root:Validation set mIOU: 81.55755485526043
INFO:root:Epoch: 51, Iteration: 103, Loss: 0.584749698638916
INFO:root:Epoch: 51, Iteration: 104, Loss: 0.598738968372345
INFO:root:Validation set mIOU: 79.8088734646772
INFO:root:Epoch: 52, Iteration: 105, Loss: 0.5820196270942688
INFO:root:Epoch: 52, Iteration: 106, Loss: 0.5945219993591309
INFO:root:Validation set mIOU: 83.00092557351853
INFO:root:Epoch: 53, Iteration: 107, Loss: 0.583940327167511
INFO:root:Epoch: 53, Iteration: 108, Loss: 0.5786406397819519
INFO:root:Validation set mIOU: 85.83722119480859
INFO:root:Epoch: 54, Iteration: 109, Loss: 0.5862349271774292
INFO:root:Epoch: 54, Iteration: 110, Loss: 0.594743013381958
INFO:root:Validation set mIOU: 86.38764091559011
INFO:root:Epoch: 55, Iteration: 111, Loss: 0.5866909623146057
INFO:root:Epoch: 55, Iteration: 112, Loss: 0.5843883156776428
INFO:root:Validation set mIOU: 83.23124921742135
INFO:root:Epoch: 56, Iteration: 113, Loss: 0.5923707485198975
INFO:root:Epoch: 56, Iteration: 114, Loss: 0.5784124135971069
INFO:root:Validation set mIOU: 80.55766694348698
INFO:root:Epoch: 57, Iteration: 115, Loss: 0.5809948444366455
INFO:root:Epoch: 57, Iteration: 116, Loss: 0.5823851227760315
INFO:root:Validation set mIOU: 81.5631625314213
INFO:root:Epoch: 58, Iteration: 117, Loss: 0.5924109220504761
INFO:root:Epoch: 58, Iteration: 118, Loss: 0.582226574420929
INFO:root:Validation set mIOU: 84.92997421667488
INFO:root:Epoch: 59, Iteration: 119, Loss: 0.580186128616333
INFO:root:Epoch: 59, Iteration: 120, Loss: 0.57832270860672
INFO:root:Validation set mIOU: 84.68700794436447
INFO:root:Epoch: 60, Iteration: 121, Loss: 0.5943357348442078
INFO:root:Epoch: 60, Iteration: 122, Loss: 0.5780494809150696
INFO:root:Validation set mIOU: 84.91880095913889
INFO:root:Epoch: 61, Iteration: 123, Loss: 0.5833132266998291
INFO:root:Epoch: 61, Iteration: 124, Loss: 0.5823625922203064
INFO:root:Validation set mIOU: 86.14155258583199
INFO:root:Epoch: 62, Iteration: 125, Loss: 0.5839732885360718
INFO:root:Epoch: 62, Iteration: 126, Loss: 0.582853376865387
INFO:root:Validation set mIOU: 86.19469530248134
INFO:root:Epoch: 63, Iteration: 127, Loss: 0.5817278623580933
INFO:root:Epoch: 63, Iteration: 128, Loss: 0.5978506803512573
INFO:root:Validation set mIOU: 86.40211551845361
INFO:root:Epoch: 64, Iteration: 129, Loss: 0.5824399590492249
INFO:root:Epoch: 64, Iteration: 130, Loss: 0.5885419845581055
INFO:root:Validation set mIOU: 86.50963514010367
INFO:root:Epoch: 65, Iteration: 131, Loss: 0.5925642848014832
INFO:root:Epoch: 65, Iteration: 132, Loss: 0.577921450138092
INFO:root:Validation set mIOU: 82.42093749054898
INFO:root:Epoch: 66, Iteration: 133, Loss: 0.5864766836166382
INFO:root:Epoch: 66, Iteration: 134, Loss: 0.5830101370811462
INFO:root:Validation set mIOU: 80.67772373185598
INFO:root:Epoch: 67, Iteration: 135, Loss: 0.5816003680229187
INFO:root:Epoch: 67, Iteration: 136, Loss: 0.581350564956665
INFO:root:Validation set mIOU: 81.63161881796793
INFO:root:Epoch: 68, Iteration: 137, Loss: 0.5823596715927124
INFO:root:Epoch: 68, Iteration: 138, Loss: 0.5771681070327759
INFO:root:Validation set mIOU: 83.56438904660885
INFO:root:Epoch: 69, Iteration: 139, Loss: 0.5853960514068604
INFO:root:Epoch: 69, Iteration: 140, Loss: 0.5906283259391785
INFO:root:Validation set mIOU: 84.18565120821306
INFO:root:Epoch: 70, Iteration: 141, Loss: 0.5814718008041382
INFO:root:Epoch: 70, Iteration: 142, Loss: 0.5969754457473755
INFO:root:Validation set mIOU: 85.21977865646933
INFO:root:Epoch: 71, Iteration: 143, Loss: 0.6119168400764465
INFO:root:Epoch: 71, Iteration: 144, Loss: 0.5800809860229492
INFO:root:Validation set mIOU: 85.1375612851728
INFO:root:Epoch: 72, Iteration: 145, Loss: 0.5825935006141663
INFO:root:Epoch: 72, Iteration: 146, Loss: 0.5823173522949219
INFO:root:Validation set mIOU: 86.1765772089044
INFO:root:Epoch: 73, Iteration: 147, Loss: 0.5847784280776978
INFO:root:Epoch: 73, Iteration: 148, Loss: 0.577460765838623
INFO:root:Validation set mIOU: 87.07004508641388
INFO:root:Epoch: 74, Iteration: 149, Loss: 0.5854418277740479
INFO:root:Epoch: 74, Iteration: 150, Loss: 0.5794587135314941
INFO:root:Validation set mIOU: 86.76817314369879
INFO:root:Epoch: 75, Iteration: 151, Loss: 0.5773176550865173
INFO:root:Epoch: 75, Iteration: 152, Loss: 0.5767228007316589
INFO:root:Validation set mIOU: 85.17108054564532
INFO:root:Epoch: 76, Iteration: 153, Loss: 0.581841230392456
INFO:root:Epoch: 76, Iteration: 154, Loss: 0.5741028785705566
INFO:root:Validation set mIOU: 84.43919195008762
INFO:root:Epoch: 77, Iteration: 155, Loss: 0.5832468271255493
INFO:root:Epoch: 77, Iteration: 156, Loss: 0.5755072832107544
INFO:root:Validation set mIOU: 84.79656930308623
INFO:root:Epoch: 78, Iteration: 157, Loss: 0.5767354369163513
INFO:root:Epoch: 78, Iteration: 158, Loss: 0.5702686309814453
INFO:root:Validation set mIOU: 84.50275594926714
INFO:root:Epoch: 79, Iteration: 159, Loss: 0.5779734253883362
INFO:root:Epoch: 79, Iteration: 160, Loss: 0.5762245655059814
INFO:root:Validation set mIOU: 85.86966927165463
INFO:root:Epoch: 80, Iteration: 161, Loss: 0.5758998990058899
INFO:root:Epoch: 80, Iteration: 162, Loss: 0.5815439224243164
INFO:root:Validation set mIOU: 87.0508749499106
INFO:root:Epoch: 81, Iteration: 163, Loss: 0.5731381773948669
INFO:root:Epoch: 81, Iteration: 164, Loss: 0.578456461429596
INFO:root:Validation set mIOU: 87.6990600917304
INFO:root:Epoch: 82, Iteration: 165, Loss: 0.5753608345985413
INFO:root:Epoch: 82, Iteration: 166, Loss: 0.6086800694465637
INFO:root:Validation set mIOU: 87.6224390915095
INFO:root:Epoch: 83, Iteration: 167, Loss: 0.5718733072280884
INFO:root:Epoch: 83, Iteration: 168, Loss: 0.5797611474990845
INFO:root:Validation set mIOU: 87.84500103856884
INFO:root:Epoch: 84, Iteration: 169, Loss: 0.5741151571273804
INFO:root:Epoch: 84, Iteration: 170, Loss: 0.5740512013435364
INFO:root:Validation set mIOU: 87.56954940537679
INFO:root:Epoch: 85, Iteration: 171, Loss: 0.5738410949707031
INFO:root:Epoch: 85, Iteration: 172, Loss: 0.5779457092285156
INFO:root:Validation set mIOU: 87.307050752687
INFO:root:Epoch: 86, Iteration: 173, Loss: 0.5785107016563416
INFO:root:Epoch: 86, Iteration: 174, Loss: 0.5796906352043152
INFO:root:Validation set mIOU: 87.26918700470797
INFO:root:Epoch: 87, Iteration: 175, Loss: 0.5747523903846741
INFO:root:Epoch: 87, Iteration: 176, Loss: 0.5806349515914917
INFO:root:Validation set mIOU: 87.41157334750719
INFO:root:Epoch: 88, Iteration: 177, Loss: 0.57514488697052
INFO:root:Epoch: 88, Iteration: 178, Loss: 0.5734151601791382
INFO:root:Validation set mIOU: 87.69246297376489
INFO:root:Epoch: 89, Iteration: 179, Loss: 0.5761730074882507
INFO:root:Epoch: 89, Iteration: 180, Loss: 0.5737216472625732
INFO:root:Validation set mIOU: 88.0913194302796
INFO:root:Epoch: 90, Iteration: 181, Loss: 0.5743864178657532
INFO:root:Epoch: 90, Iteration: 182, Loss: 0.5745753645896912
INFO:root:Validation set mIOU: 87.87343238142529
INFO:root:Epoch: 91, Iteration: 183, Loss: 0.58633953332901
INFO:root:Epoch: 91, Iteration: 184, Loss: 0.5744909048080444
INFO:root:Validation set mIOU: 87.40917990409501
INFO:root:Epoch: 92, Iteration: 185, Loss: 0.5741317272186279
INFO:root:Epoch: 92, Iteration: 186, Loss: 0.5719448924064636
INFO:root:Validation set mIOU: 86.83014924377478
INFO:root:Epoch: 93, Iteration: 187, Loss: 0.5723230838775635
INFO:root:Epoch: 93, Iteration: 188, Loss: 0.5766757130622864
INFO:root:Validation set mIOU: 86.3748433482349
INFO:root:Epoch: 94, Iteration: 189, Loss: 0.5704554319381714
INFO:root:Epoch: 94, Iteration: 190, Loss: 0.571117639541626
INFO:root:Validation set mIOU: 86.22065095373061
INFO:root:Epoch: 95, Iteration: 191, Loss: 0.5747745037078857
INFO:root:Epoch: 95, Iteration: 192, Loss: 0.580503523349762
INFO:root:Validation set mIOU: 86.66511996348545
INFO:root:Epoch: 96, Iteration: 193, Loss: 0.5723620653152466
INFO:root:Epoch: 96, Iteration: 194, Loss: 0.5772994160652161
INFO:root:Validation set mIOU: 86.9549497774516
INFO:root:Epoch: 97, Iteration: 195, Loss: 0.5700589418411255
INFO:root:Epoch: 97, Iteration: 196, Loss: 0.5713686347007751
INFO:root:Validation set mIOU: 87.23578016948271
INFO:root:Epoch: 98, Iteration: 197, Loss: 0.5711451768875122
INFO:root:Epoch: 98, Iteration: 198, Loss: 0.5811203122138977
INFO:root:Validation set mIOU: 87.20620705793529
INFO:root:Epoch: 99, Iteration: 199, Loss: 0.5715914368629456
INFO:root:Epoch: 99, Iteration: 200, Loss: 0.5710306167602539
INFO:root:Validation set mIOU: 87.23987933538483
INFO:root:Semi-training
INFO:root:Epoch: 0, Iteration: 1, Loss: 1.0402157306671143
INFO:root:Epoch: 0, Iteration: 2, Loss: 1.0122363567352295
INFO:root:Epoch: 0, Iteration: 3, Loss: 0.93776535987854
INFO:root:Epoch: 0, Iteration: 4, Loss: 0.8575779795646667
INFO:root:Epoch: 0, Iteration: 5, Loss: 0.8403077721595764
INFO:root:Epoch: 0, Iteration: 6, Loss: 0.7800132036209106
INFO:root:Epoch: 0, Iteration: 7, Loss: 0.7455840110778809
INFO:root:Validation set mIOU: 37.887825915932545
INFO:root:Epoch: 1, Iteration: 8, Loss: 0.7419630289077759
INFO:root:Epoch: 1, Iteration: 9, Loss: 0.7173485159873962
INFO:root:Epoch: 1, Iteration: 10, Loss: 0.6939833760261536
INFO:root:Epoch: 1, Iteration: 11, Loss: 0.6970008015632629
INFO:root:Epoch: 1, Iteration: 12, Loss: 0.6806244850158691
INFO:root:Epoch: 1, Iteration: 13, Loss: 0.6818379163742065
INFO:root:Epoch: 1, Iteration: 14, Loss: 0.7010427713394165
INFO:root:Validation set mIOU: 63.810145079274896
INFO:root:Epoch: 2, Iteration: 15, Loss: 0.6418638229370117
INFO:root:Epoch: 2, Iteration: 16, Loss: 0.6659853458404541
INFO:root:Epoch: 2, Iteration: 17, Loss: 0.6796296834945679
INFO:root:Epoch: 2, Iteration: 18, Loss: 0.644929051399231
INFO:root:Epoch: 2, Iteration: 19, Loss: 0.6981755495071411
INFO:root:Epoch: 2, Iteration: 20, Loss: 0.7163376808166504
INFO:root:Epoch: 2, Iteration: 21, Loss: 0.7028346657752991
INFO:root:Validation set mIOU: 46.166170348159106
INFO:root:Epoch: 3, Iteration: 22, Loss: 0.7106525301933289
INFO:root:Epoch: 3, Iteration: 23, Loss: 0.670312225818634
INFO:root:Epoch: 3, Iteration: 24, Loss: 0.6589506268501282
INFO:root:Epoch: 3, Iteration: 25, Loss: 0.6853034496307373
INFO:root:Epoch: 3, Iteration: 26, Loss: 0.636856198310852
INFO:root:Epoch: 3, Iteration: 27, Loss: 0.655579686164856
INFO:root:Epoch: 3, Iteration: 28, Loss: 0.6926578283309937
INFO:root:Validation set mIOU: 58.42903999512446
INFO:root:Epoch: 4, Iteration: 29, Loss: 0.6675520539283752
INFO:root:Epoch: 4, Iteration: 30, Loss: 0.6233305335044861
INFO:root:Epoch: 4, Iteration: 31, Loss: 0.6226303577423096
INFO:root:Epoch: 4, Iteration: 32, Loss: 0.6808549165725708
INFO:root:Epoch: 4, Iteration: 33, Loss: 0.6690797805786133
INFO:root:Epoch: 4, Iteration: 34, Loss: 0.6522319912910461
INFO:root:Epoch: 4, Iteration: 35, Loss: 0.6825517416000366
INFO:root:Validation set mIOU: 66.17319860706627
INFO:root:Epoch: 5, Iteration: 36, Loss: 0.6452744603157043
INFO:root:Epoch: 5, Iteration: 37, Loss: 0.6672343611717224
INFO:root:Epoch: 5, Iteration: 38, Loss: 0.7039114832878113
INFO:root:Epoch: 5, Iteration: 39, Loss: 0.5976110100746155
INFO:root:Epoch: 5, Iteration: 40, Loss: 0.6282598972320557
INFO:root:Epoch: 5, Iteration: 41, Loss: 0.6360577940940857
INFO:root:Epoch: 5, Iteration: 42, Loss: 0.6672049164772034
INFO:root:Validation set mIOU: 73.60382260272395
INFO:root:Epoch: 6, Iteration: 43, Loss: 0.618541419506073
INFO:root:Epoch: 6, Iteration: 44, Loss: 0.6211444735527039
INFO:root:Epoch: 6, Iteration: 45, Loss: 0.6334758996963501
INFO:root:Epoch: 6, Iteration: 46, Loss: 0.6411911845207214
INFO:root:Epoch: 6, Iteration: 47, Loss: 0.6381102204322815
INFO:root:Epoch: 6, Iteration: 48, Loss: 0.6192420125007629
INFO:root:Epoch: 6, Iteration: 49, Loss: 0.6622700691223145
INFO:root:Validation set mIOU: 76.30784708682282
INFO:root:Epoch: 7, Iteration: 50, Loss: 0.6149842739105225
INFO:root:Epoch: 7, Iteration: 51, Loss: 0.6420090794563293
INFO:root:Epoch: 7, Iteration: 52, Loss: 0.6272493004798889
INFO:root:Epoch: 7, Iteration: 53, Loss: 0.6688867211341858
INFO:root:Epoch: 7, Iteration: 54, Loss: 0.6608155965805054
INFO:root:Epoch: 7, Iteration: 55, Loss: 0.6351796984672546
INFO:root:Epoch: 7, Iteration: 56, Loss: 0.6567803025245667
INFO:root:Validation set mIOU: 66.18101387774207
INFO:root:Epoch: 8, Iteration: 57, Loss: 0.6948427557945251
INFO:root:Epoch: 8, Iteration: 58, Loss: 0.6709679365158081
INFO:root:Epoch: 8, Iteration: 59, Loss: 0.6295205950737
INFO:root:Epoch: 8, Iteration: 60, Loss: 0.6803002953529358
INFO:root:Epoch: 8, Iteration: 61, Loss: 0.643023669719696
INFO:root:Epoch: 8, Iteration: 62, Loss: 0.614858865737915
INFO:root:Epoch: 8, Iteration: 63, Loss: 0.6381776928901672
INFO:root:Validation set mIOU: 81.84576888129624
INFO:root:Epoch: 9, Iteration: 64, Loss: 0.6276997923851013
INFO:root:Epoch: 9, Iteration: 65, Loss: 0.6411817669868469
INFO:root:Epoch: 9, Iteration: 66, Loss: 0.7016996741294861
INFO:root:Epoch: 9, Iteration: 67, Loss: 0.6115374565124512
INFO:root:Epoch: 9, Iteration: 68, Loss: 0.6803895831108093
INFO:root:Epoch: 9, Iteration: 69, Loss: 0.6331377029418945
INFO:root:Epoch: 9, Iteration: 70, Loss: 0.6590040922164917
INFO:root:Validation set mIOU: 78.43899628843141
INFO:root:Epoch: 10, Iteration: 71, Loss: 0.6444230675697327
INFO:root:Epoch: 10, Iteration: 72, Loss: 0.634810745716095
INFO:root:Epoch: 10, Iteration: 73, Loss: 0.6069422364234924
INFO:root:Epoch: 10, Iteration: 74, Loss: 0.6714334487915039
INFO:root:Epoch: 10, Iteration: 75, Loss: 0.6591130495071411
INFO:root:Epoch: 10, Iteration: 76, Loss: 0.6474940180778503
INFO:root:Epoch: 10, Iteration: 77, Loss: 0.5952704548835754
INFO:root:Validation set mIOU: 82.07705362247303
INFO:root:Epoch: 11, Iteration: 78, Loss: 0.676426887512207
INFO:root:Epoch: 11, Iteration: 79, Loss: 0.660557210445404
INFO:root:Epoch: 11, Iteration: 80, Loss: 0.6359702348709106
INFO:root:Epoch: 11, Iteration: 81, Loss: 0.6131237149238586
INFO:root:Epoch: 11, Iteration: 82, Loss: 0.6272768378257751
INFO:root:Epoch: 11, Iteration: 83, Loss: 0.6928932666778564
INFO:root:Epoch: 11, Iteration: 84, Loss: 0.6535252928733826
INFO:root:Validation set mIOU: 74.41020722657615
INFO:root:Epoch: 12, Iteration: 85, Loss: 0.6428736448287964
INFO:root:Epoch: 12, Iteration: 86, Loss: 0.6331901550292969
INFO:root:Epoch: 12, Iteration: 87, Loss: 0.6423966288566589
INFO:root:Epoch: 12, Iteration: 88, Loss: 0.6865994334220886
INFO:root:Epoch: 12, Iteration: 89, Loss: 0.6245883107185364
INFO:root:Epoch: 12, Iteration: 90, Loss: 0.7304624319076538
INFO:root:Epoch: 12, Iteration: 91, Loss: 0.6502571105957031
INFO:root:Validation set mIOU: 64.47424465747126
INFO:root:Epoch: 13, Iteration: 92, Loss: 0.6706651449203491
INFO:root:Epoch: 13, Iteration: 93, Loss: 0.7047749161720276
INFO:root:Epoch: 13, Iteration: 94, Loss: 0.6690317988395691
INFO:root:Epoch: 13, Iteration: 95, Loss: 0.6747112274169922
INFO:root:Epoch: 13, Iteration: 96, Loss: 0.6549345254898071
INFO:root:Epoch: 13, Iteration: 97, Loss: 0.6367904543876648
INFO:root:Epoch: 13, Iteration: 98, Loss: 0.6402406692504883
INFO:root:Validation set mIOU: 79.68559948661719
INFO:root:Epoch: 14, Iteration: 99, Loss: 0.6362965106964111
INFO:root:Epoch: 14, Iteration: 100, Loss: 0.6051638126373291
INFO:root:Epoch: 14, Iteration: 101, Loss: 0.6177123785018921
INFO:root:Epoch: 14, Iteration: 102, Loss: 0.6221127510070801
INFO:root:Epoch: 14, Iteration: 103, Loss: 0.6631576418876648
INFO:root:Epoch: 14, Iteration: 104, Loss: 0.6482592225074768
INFO:root:Epoch: 14, Iteration: 105, Loss: 0.6056748628616333
INFO:root:Validation set mIOU: 84.47965632824196
INFO:root:Epoch: 15, Iteration: 106, Loss: 0.6475603580474854
INFO:root:Epoch: 15, Iteration: 107, Loss: 0.6598371267318726
INFO:root:Epoch: 15, Iteration: 108, Loss: 0.6106824278831482
INFO:root:Epoch: 15, Iteration: 109, Loss: 0.645057737827301
INFO:root:Epoch: 15, Iteration: 110, Loss: 0.627875804901123
INFO:root:Epoch: 15, Iteration: 111, Loss: 0.6378717422485352
INFO:root:Epoch: 15, Iteration: 112, Loss: 0.6732607483863831
INFO:root:Validation set mIOU: 76.86713962684694
INFO:root:Epoch: 16, Iteration: 113, Loss: 0.6259409189224243
INFO:root:Epoch: 16, Iteration: 114, Loss: 0.6561816930770874
INFO:root:Epoch: 16, Iteration: 115, Loss: 0.6431767344474792
INFO:root:Epoch: 16, Iteration: 116, Loss: 0.6271424889564514
INFO:root:Epoch: 16, Iteration: 117, Loss: 0.6991711258888245
INFO:root:Epoch: 16, Iteration: 118, Loss: 0.6526780128479004
INFO:root:Epoch: 16, Iteration: 119, Loss: 0.6221317052841187
INFO:root:Validation set mIOU: 76.05105632123181
INFO:root:Epoch: 17, Iteration: 120, Loss: 0.615247905254364
INFO:root:Epoch: 17, Iteration: 121, Loss: 0.6107989549636841
INFO:root:Epoch: 17, Iteration: 122, Loss: 0.604211688041687
INFO:root:Epoch: 17, Iteration: 123, Loss: 0.6189609169960022
INFO:root:Epoch: 17, Iteration: 124, Loss: 0.60826575756073
INFO:root:Epoch: 17, Iteration: 125, Loss: 0.6474056243896484
INFO:root:Epoch: 17, Iteration: 126, Loss: 0.6571280360221863
INFO:root:Validation set mIOU: 77.38207676139662
INFO:root:Epoch: 18, Iteration: 127, Loss: 0.6143854856491089
INFO:root:Epoch: 18, Iteration: 128, Loss: 0.634145200252533
INFO:root:Epoch: 18, Iteration: 129, Loss: 0.6449311971664429
INFO:root:Epoch: 18, Iteration: 130, Loss: 0.634568452835083
INFO:root:Epoch: 18, Iteration: 131, Loss: 0.6534731388092041
INFO:root:Epoch: 18, Iteration: 132, Loss: 0.6087665557861328
INFO:root:Epoch: 18, Iteration: 133, Loss: 0.6128590106964111
INFO:root:Validation set mIOU: 81.21274374811733
INFO:root:Epoch: 19, Iteration: 134, Loss: 0.6402419209480286
INFO:root:Epoch: 19, Iteration: 135, Loss: 0.6583685874938965
INFO:root:Epoch: 19, Iteration: 136, Loss: 0.62391597032547
INFO:root:Epoch: 19, Iteration: 137, Loss: 0.6126447916030884
INFO:root:Epoch: 19, Iteration: 138, Loss: 0.6242959499359131
INFO:root:Epoch: 19, Iteration: 139, Loss: 0.6241995692253113
INFO:root:Epoch: 19, Iteration: 140, Loss: 0.6302608847618103
INFO:root:Validation set mIOU: 83.06227064611414
INFO:root:Epoch: 20, Iteration: 141, Loss: 0.6104215383529663
INFO:root:Epoch: 20, Iteration: 142, Loss: 0.6440906524658203
INFO:root:Epoch: 20, Iteration: 143, Loss: 0.700100839138031
INFO:root:Epoch: 20, Iteration: 144, Loss: 0.625124990940094
INFO:root:Epoch: 20, Iteration: 145, Loss: 0.6952050924301147
INFO:root:Epoch: 20, Iteration: 146, Loss: 0.6401447653770447
INFO:root:Epoch: 20, Iteration: 147, Loss: 0.6490049958229065
INFO:root:Validation set mIOU: 66.27255858991971
INFO:root:Epoch: 21, Iteration: 148, Loss: 0.6606733202934265
INFO:root:Epoch: 21, Iteration: 149, Loss: 0.6538189649581909
INFO:root:Epoch: 21, Iteration: 150, Loss: 0.6417061686515808
INFO:root:Epoch: 21, Iteration: 151, Loss: 0.6189214587211609
INFO:root:Epoch: 21, Iteration: 152, Loss: 0.6423571705818176
INFO:root:Epoch: 21, Iteration: 153, Loss: 0.6484934091567993
INFO:root:Epoch: 21, Iteration: 154, Loss: 0.6347031593322754
INFO:root:Validation set mIOU: 80.13371746150987
INFO:root:Epoch: 22, Iteration: 155, Loss: 0.6563030481338501
INFO:root:Epoch: 22, Iteration: 156, Loss: 0.6581340432167053
INFO:root:Epoch: 22, Iteration: 157, Loss: 0.6690203547477722
INFO:root:Epoch: 22, Iteration: 158, Loss: 0.6261158585548401
INFO:root:Epoch: 22, Iteration: 159, Loss: 0.670678436756134
INFO:root:Epoch: 22, Iteration: 160, Loss: 0.6263245940208435
INFO:root:Epoch: 22, Iteration: 161, Loss: 0.6253707408905029
INFO:root:Validation set mIOU: 44.9954165323948
INFO:root:Epoch: 23, Iteration: 162, Loss: 0.647977888584137
INFO:root:Epoch: 23, Iteration: 163, Loss: 0.6448303461074829
INFO:root:Epoch: 23, Iteration: 164, Loss: 0.6019039154052734
INFO:root:Epoch: 23, Iteration: 165, Loss: 0.620232880115509
INFO:root:Epoch: 23, Iteration: 166, Loss: 0.6147201061248779
INFO:root:Epoch: 23, Iteration: 167, Loss: 0.6485047936439514
INFO:root:Epoch: 23, Iteration: 168, Loss: 0.6230958104133606
INFO:root:Validation set mIOU: 84.72366095254638
INFO:root:Epoch: 24, Iteration: 169, Loss: 0.6531578302383423
INFO:root:Epoch: 24, Iteration: 170, Loss: 0.6303064823150635
INFO:root:Epoch: 24, Iteration: 171, Loss: 0.6149615049362183
INFO:root:Epoch: 24, Iteration: 172, Loss: 0.634959876537323
INFO:root:Epoch: 24, Iteration: 173, Loss: 0.6519924402236938
INFO:root:Epoch: 24, Iteration: 174, Loss: 0.6354039311408997
INFO:root:Epoch: 24, Iteration: 175, Loss: 0.6412873864173889
INFO:root:Validation set mIOU: 84.61601117082549
INFO:root:Epoch: 25, Iteration: 176, Loss: 0.6305851936340332
INFO:root:Epoch: 25, Iteration: 177, Loss: 0.6514219045639038
INFO:root:Epoch: 25, Iteration: 178, Loss: 0.6192271113395691
INFO:root:Epoch: 25, Iteration: 179, Loss: 0.6732314825057983
INFO:root:Epoch: 25, Iteration: 180, Loss: 0.6358518600463867
INFO:root:Epoch: 25, Iteration: 181, Loss: 0.6543029546737671
INFO:root:Epoch: 25, Iteration: 182, Loss: 0.6264391541481018
INFO:root:Validation set mIOU: 73.75402089508314
INFO:root:Epoch: 26, Iteration: 183, Loss: 0.6128867864608765
INFO:root:Epoch: 26, Iteration: 184, Loss: 0.6346805095672607
INFO:root:Epoch: 26, Iteration: 185, Loss: 0.6278932690620422
INFO:root:Epoch: 26, Iteration: 186, Loss: 0.6639598608016968
INFO:root:Epoch: 26, Iteration: 187, Loss: 0.6312848925590515
INFO:root:Epoch: 26, Iteration: 188, Loss: 0.6391124129295349
INFO:root:Epoch: 26, Iteration: 189, Loss: 0.6135477423667908
INFO:root:Validation set mIOU: 75.74354653878437
INFO:root:Epoch: 27, Iteration: 190, Loss: 0.631979763507843
INFO:root:Epoch: 27, Iteration: 191, Loss: 0.6342127919197083
INFO:root:Epoch: 27, Iteration: 192, Loss: 0.6700441241264343
INFO:root:Epoch: 27, Iteration: 193, Loss: 0.6755710244178772
INFO:root:Epoch: 27, Iteration: 194, Loss: 0.6021509766578674
INFO:root:Epoch: 27, Iteration: 195, Loss: 0.6129699945449829
INFO:root:Epoch: 27, Iteration: 196, Loss: 0.6217402815818787
INFO:root:Validation set mIOU: 80.44157692989779
INFO:root:Epoch: 28, Iteration: 197, Loss: 0.6401076316833496
INFO:root:Epoch: 28, Iteration: 198, Loss: 0.6223008632659912
INFO:root:Epoch: 28, Iteration: 199, Loss: 0.6134348511695862
INFO:root:Epoch: 28, Iteration: 200, Loss: 0.6635103225708008
INFO:root:Epoch: 28, Iteration: 201, Loss: 0.6359695792198181
INFO:root:Epoch: 28, Iteration: 202, Loss: 0.630852222442627
INFO:root:Epoch: 28, Iteration: 203, Loss: 0.6061266660690308
INFO:root:Validation set mIOU: 81.80061330944444
INFO:root:Epoch: 29, Iteration: 204, Loss: 0.6068591475486755
INFO:root:Epoch: 29, Iteration: 205, Loss: 0.6537992358207703
INFO:root:Epoch: 29, Iteration: 206, Loss: 0.6110877394676208
INFO:root:Epoch: 29, Iteration: 207, Loss: 0.6352354884147644
INFO:root:Epoch: 29, Iteration: 208, Loss: 0.6113055348396301
INFO:root:Epoch: 29, Iteration: 209, Loss: 0.6365818381309509
INFO:root:Epoch: 29, Iteration: 210, Loss: 0.6021773815155029
INFO:root:Validation set mIOU: 77.5518814088437
INFO:root:Epoch: 30, Iteration: 211, Loss: 0.6423736214637756
INFO:root:Epoch: 30, Iteration: 212, Loss: 0.6118860244750977
INFO:root:Epoch: 30, Iteration: 213, Loss: 0.6134940981864929
INFO:root:Epoch: 30, Iteration: 214, Loss: 0.6138858795166016
INFO:root:Epoch: 30, Iteration: 215, Loss: 0.6221955418586731
INFO:root:Epoch: 30, Iteration: 216, Loss: 0.6015000343322754
INFO:root:Epoch: 30, Iteration: 217, Loss: 0.6453816294670105
INFO:root:Validation set mIOU: 74.470332763297
INFO:root:Epoch: 31, Iteration: 218, Loss: 0.6060154438018799
INFO:root:Epoch: 31, Iteration: 219, Loss: 0.6479825377464294
INFO:root:Epoch: 31, Iteration: 220, Loss: 0.637826144695282
INFO:root:Epoch: 31, Iteration: 221, Loss: 0.6707592010498047
INFO:root:Epoch: 31, Iteration: 222, Loss: 0.6233201026916504
INFO:root:Epoch: 31, Iteration: 223, Loss: 0.6171018481254578
INFO:root:Epoch: 31, Iteration: 224, Loss: 0.5912981033325195
INFO:root:Validation set mIOU: 78.52164113886873
INFO:root:Epoch: 32, Iteration: 225, Loss: 0.6259911060333252
INFO:root:Epoch: 32, Iteration: 226, Loss: 0.6011877059936523
INFO:root:Epoch: 32, Iteration: 227, Loss: 0.6291525959968567
INFO:root:Epoch: 32, Iteration: 228, Loss: 0.5940096378326416
INFO:root:Epoch: 32, Iteration: 229, Loss: 0.6334092020988464
INFO:root:Epoch: 32, Iteration: 230, Loss: 0.6102753281593323
INFO:root:Epoch: 32, Iteration: 231, Loss: 0.6577831506729126
INFO:root:Validation set mIOU: 45.34109995176296
INFO:root:Epoch: 33, Iteration: 232, Loss: 0.6051007509231567
INFO:root:Epoch: 33, Iteration: 233, Loss: 0.6417267322540283
INFO:root:Epoch: 33, Iteration: 234, Loss: 0.6061574816703796
INFO:root:Epoch: 33, Iteration: 235, Loss: 0.6010816693305969
INFO:root:Epoch: 33, Iteration: 236, Loss: 0.6197094321250916
INFO:root:Epoch: 33, Iteration: 237, Loss: 0.6615995764732361
INFO:root:Epoch: 33, Iteration: 238, Loss: 0.614496111869812
INFO:root:Validation set mIOU: 73.66028208378705
INFO:root:Epoch: 34, Iteration: 239, Loss: 0.5885348916053772
INFO:root:Epoch: 34, Iteration: 240, Loss: 0.5934472680091858
INFO:root:Epoch: 34, Iteration: 241, Loss: 0.6784094572067261
INFO:root:Epoch: 34, Iteration: 242, Loss: 0.6273923516273499
INFO:root:Epoch: 34, Iteration: 243, Loss: 0.6451184153556824
INFO:root:Epoch: 34, Iteration: 244, Loss: 0.630414605140686
INFO:root:Epoch: 34, Iteration: 245, Loss: 0.6284086108207703
INFO:root:Validation set mIOU: 84.19733701023952
INFO:root:Epoch: 35, Iteration: 246, Loss: 0.6230636239051819
INFO:root:Epoch: 35, Iteration: 247, Loss: 0.599290668964386
INFO:root:Epoch: 35, Iteration: 248, Loss: 0.6170236468315125
INFO:root:Epoch: 35, Iteration: 249, Loss: 0.6213600635528564
INFO:root:Epoch: 35, Iteration: 250, Loss: 0.6492275595664978
INFO:root:Epoch: 35, Iteration: 251, Loss: 0.6232432126998901
INFO:root:Epoch: 35, Iteration: 252, Loss: 0.6298178434371948
INFO:root:Validation set mIOU: 83.20318994042599
INFO:root:Epoch: 36, Iteration: 253, Loss: 0.6259922981262207
INFO:root:Epoch: 36, Iteration: 254, Loss: 0.6299936771392822
INFO:root:Epoch: 36, Iteration: 255, Loss: 0.6734845042228699
INFO:root:Epoch: 36, Iteration: 256, Loss: 0.608171284198761
INFO:root:Epoch: 36, Iteration: 257, Loss: 0.6680606603622437
INFO:root:Epoch: 36, Iteration: 258, Loss: 0.6003793478012085
INFO:root:Epoch: 36, Iteration: 259, Loss: 0.6649755239486694
INFO:root:Validation set mIOU: 80.23883396107178
INFO:root:Epoch: 37, Iteration: 260, Loss: 0.609005868434906
INFO:root:Epoch: 37, Iteration: 261, Loss: 0.6399534940719604
INFO:root:Epoch: 37, Iteration: 262, Loss: 0.6544872522354126
INFO:root:Epoch: 37, Iteration: 263, Loss: 0.6002905964851379
INFO:root:Epoch: 37, Iteration: 264, Loss: 0.6192429065704346
INFO:root:Epoch: 37, Iteration: 265, Loss: 0.6228748559951782
INFO:root:Epoch: 37, Iteration: 266, Loss: 0.6583603620529175
INFO:root:Validation set mIOU: 64.49389692650817
INFO:root:Epoch: 38, Iteration: 267, Loss: 0.6542930006980896
INFO:root:Epoch: 38, Iteration: 268, Loss: 0.6083813905715942
INFO:root:Epoch: 38, Iteration: 269, Loss: 0.6553860306739807
INFO:root:Epoch: 38, Iteration: 270, Loss: 0.6840072870254517
INFO:root:Epoch: 38, Iteration: 271, Loss: 0.644116997718811
INFO:root:Epoch: 38, Iteration: 272, Loss: 0.6279836297035217
INFO:root:Epoch: 38, Iteration: 273, Loss: 0.6120671033859253
INFO:root:Validation set mIOU: 85.43915574976691
INFO:root:Epoch: 39, Iteration: 274, Loss: 0.6267647743225098
INFO:root:Epoch: 39, Iteration: 275, Loss: 0.6829937696456909
INFO:root:Epoch: 39, Iteration: 276, Loss: 0.6787927746772766
INFO:root:Epoch: 39, Iteration: 277, Loss: 0.6118611097335815
INFO:root:Epoch: 39, Iteration: 278, Loss: 0.6438633799552917
INFO:root:Epoch: 39, Iteration: 279, Loss: 0.6497675776481628
INFO:root:Epoch: 39, Iteration: 280, Loss: 0.6666170954704285
INFO:root:Validation set mIOU: 78.56941222982398
INFO:root:Epoch: 40, Iteration: 281, Loss: 0.6375937461853027
INFO:root:Epoch: 40, Iteration: 282, Loss: 0.6074519157409668
INFO:root:Epoch: 40, Iteration: 283, Loss: 0.6055193543434143
INFO:root:Epoch: 40, Iteration: 284, Loss: 0.6393794417381287
INFO:root:Epoch: 40, Iteration: 285, Loss: 0.6189058423042297
INFO:root:Epoch: 40, Iteration: 286, Loss: 0.6586102843284607
INFO:root:Epoch: 40, Iteration: 287, Loss: 0.6033284664154053
INFO:root:Validation set mIOU: 84.76388961976538
INFO:root:Epoch: 41, Iteration: 288, Loss: 0.641925036907196
INFO:root:Epoch: 41, Iteration: 289, Loss: 0.6370264887809753
INFO:root:Epoch: 41, Iteration: 290, Loss: 0.6382949948310852
INFO:root:Epoch: 41, Iteration: 291, Loss: 0.6750330328941345
INFO:root:Epoch: 41, Iteration: 292, Loss: 0.6088181138038635
INFO:root:Epoch: 41, Iteration: 293, Loss: 0.635036289691925
INFO:root:Epoch: 41, Iteration: 294, Loss: 0.625781238079071
INFO:root:Validation set mIOU: 75.63785419151475
INFO:root:Epoch: 42, Iteration: 295, Loss: 0.6480854153633118
INFO:root:Epoch: 42, Iteration: 296, Loss: 0.6388388276100159
INFO:root:Epoch: 42, Iteration: 297, Loss: 0.6088085770606995
INFO:root:Epoch: 42, Iteration: 298, Loss: 0.6540488600730896
INFO:root:Epoch: 42, Iteration: 299, Loss: 0.6140742897987366
INFO:root:Epoch: 42, Iteration: 300, Loss: 0.6193116903305054
INFO:root:Epoch: 42, Iteration: 301, Loss: 0.6376510262489319
INFO:root:Validation set mIOU: 86.11022547384705
INFO:root:Epoch: 43, Iteration: 302, Loss: 0.6358680725097656
INFO:root:Epoch: 43, Iteration: 303, Loss: 0.5975508093833923
INFO:root:Epoch: 43, Iteration: 304, Loss: 0.6703205108642578
INFO:root:Epoch: 43, Iteration: 305, Loss: 0.6137986779212952
INFO:root:Epoch: 43, Iteration: 306, Loss: 0.6031749844551086
INFO:root:Epoch: 43, Iteration: 307, Loss: 0.6354005336761475
INFO:root:Epoch: 43, Iteration: 308, Loss: 0.6280404329299927
INFO:root:Validation set mIOU: 82.17512623834843
INFO:root:Epoch: 44, Iteration: 309, Loss: 0.6202225685119629
INFO:root:Epoch: 44, Iteration: 310, Loss: 0.5989248752593994
INFO:root:Epoch: 44, Iteration: 311, Loss: 0.6562095284461975
INFO:root:Epoch: 44, Iteration: 312, Loss: 0.6393607258796692
INFO:root:Epoch: 44, Iteration: 313, Loss: 0.6285595297813416
INFO:root:Epoch: 44, Iteration: 314, Loss: 0.6084497570991516
INFO:root:Epoch: 44, Iteration: 315, Loss: 0.6354069113731384
INFO:root:Validation set mIOU: 78.67072758569918
INFO:root:Epoch: 45, Iteration: 316, Loss: 0.6070314645767212
INFO:root:Epoch: 45, Iteration: 317, Loss: 0.6474037170410156
INFO:root:Epoch: 45, Iteration: 318, Loss: 0.6294003129005432
INFO:root:Epoch: 45, Iteration: 319, Loss: 0.6129146218299866
INFO:root:Epoch: 45, Iteration: 320, Loss: 0.6368846297264099
INFO:root:Epoch: 45, Iteration: 321, Loss: 0.6089202761650085
INFO:root:Epoch: 45, Iteration: 322, Loss: 0.6264122128486633
INFO:root:Validation set mIOU: 83.10565091000535
INFO:root:Epoch: 46, Iteration: 323, Loss: 0.6328644156455994
INFO:root:Epoch: 46, Iteration: 324, Loss: 0.6153992414474487
INFO:root:Epoch: 46, Iteration: 325, Loss: 0.6058129072189331
INFO:root:Epoch: 46, Iteration: 326, Loss: 0.6377304792404175
INFO:root:Epoch: 46, Iteration: 327, Loss: 0.6355838179588318
INFO:root:Epoch: 46, Iteration: 328, Loss: 0.6156744956970215
INFO:root:Epoch: 46, Iteration: 329, Loss: 0.61188143491745
INFO:root:Validation set mIOU: 83.07528926947244
INFO:root:Epoch: 47, Iteration: 330, Loss: 0.6626840829849243
INFO:root:Epoch: 47, Iteration: 331, Loss: 0.6232098937034607
INFO:root:Epoch: 47, Iteration: 332, Loss: 0.629655659198761
INFO:root:Epoch: 47, Iteration: 333, Loss: 0.6543266177177429
INFO:root:Epoch: 47, Iteration: 334, Loss: 0.684782087802887
INFO:root:Epoch: 47, Iteration: 335, Loss: 0.6428357362747192
INFO:root:Epoch: 47, Iteration: 336, Loss: 0.6103007793426514
INFO:root:Validation set mIOU: 79.17663155112136
INFO:root:Epoch: 48, Iteration: 337, Loss: 0.6654722094535828
INFO:root:Epoch: 48, Iteration: 338, Loss: 0.6389139294624329
INFO:root:Epoch: 48, Iteration: 339, Loss: 0.6262593865394592
INFO:root:Epoch: 48, Iteration: 340, Loss: 0.6510564088821411
INFO:root:Epoch: 48, Iteration: 341, Loss: 0.6456421613693237
INFO:root:Epoch: 48, Iteration: 342, Loss: 0.6287263035774231
INFO:root:Epoch: 48, Iteration: 343, Loss: 0.6263131499290466
INFO:root:Validation set mIOU: 84.5749184224569
INFO:root:Epoch: 49, Iteration: 344, Loss: 0.6153199076652527
INFO:root:Epoch: 49, Iteration: 345, Loss: 0.6226873993873596
INFO:root:Epoch: 49, Iteration: 346, Loss: 0.6192308664321899
INFO:root:Epoch: 49, Iteration: 347, Loss: 0.6046197414398193
INFO:root:Epoch: 49, Iteration: 348, Loss: 0.6458044052124023
INFO:root:Epoch: 49, Iteration: 349, Loss: 0.6341732144355774
INFO:root:Epoch: 49, Iteration: 350, Loss: 0.5996673703193665
INFO:root:Validation set mIOU: 84.87698220435578
INFO:root:Epoch: 50, Iteration: 351, Loss: 0.6647337079048157
INFO:root:Epoch: 50, Iteration: 352, Loss: 0.6106958389282227
INFO:root:Epoch: 50, Iteration: 353, Loss: 0.634545624256134
INFO:root:Epoch: 50, Iteration: 354, Loss: 0.6250757575035095
INFO:root:Epoch: 50, Iteration: 355, Loss: 0.6092271208763123
INFO:root:Epoch: 50, Iteration: 356, Loss: 0.6271000504493713
INFO:root:Epoch: 50, Iteration: 357, Loss: 0.6202195882797241
INFO:root:Validation set mIOU: 70.3217543397733
INFO:root:Epoch: 51, Iteration: 358, Loss: 0.6075462102890015
INFO:root:Epoch: 51, Iteration: 359, Loss: 0.6167479157447815
INFO:root:Epoch: 51, Iteration: 360, Loss: 0.6062988638877869
INFO:root:Epoch: 51, Iteration: 361, Loss: 0.6076033115386963
INFO:root:Epoch: 51, Iteration: 362, Loss: 0.6389137506484985
INFO:root:Epoch: 51, Iteration: 363, Loss: 0.656103789806366
INFO:root:Epoch: 51, Iteration: 364, Loss: 0.6085577011108398
INFO:root:Validation set mIOU: 77.203237713881
INFO:root:Epoch: 52, Iteration: 365, Loss: 0.6132973432540894
INFO:root:Epoch: 52, Iteration: 366, Loss: 0.5999011993408203
INFO:root:Epoch: 52, Iteration: 367, Loss: 0.6123132109642029
INFO:root:Epoch: 52, Iteration: 368, Loss: 0.6587726473808289
INFO:root:Epoch: 52, Iteration: 369, Loss: 0.6021820306777954
INFO:root:Epoch: 52, Iteration: 370, Loss: 0.6112262010574341
INFO:root:Epoch: 52, Iteration: 371, Loss: 0.6116102337837219
INFO:root:Validation set mIOU: 71.31082221480148
INFO:root:Epoch: 53, Iteration: 372, Loss: 0.6254070401191711
INFO:root:Epoch: 53, Iteration: 373, Loss: 0.6606339812278748
INFO:root:Epoch: 53, Iteration: 374, Loss: 0.6232067942619324
INFO:root:Epoch: 53, Iteration: 375, Loss: 0.615994393825531
INFO:root:Epoch: 53, Iteration: 376, Loss: 0.6922293901443481
INFO:root:Epoch: 53, Iteration: 377, Loss: 0.6319220662117004
INFO:root:Epoch: 53, Iteration: 378, Loss: 0.6422476172447205
INFO:root:Validation set mIOU: 76.01311953083545
INFO:root:Epoch: 54, Iteration: 379, Loss: 0.6556504964828491
INFO:root:Epoch: 54, Iteration: 380, Loss: 0.6386005878448486
INFO:root:Epoch: 54, Iteration: 381, Loss: 0.6273926496505737
INFO:root:Epoch: 54, Iteration: 382, Loss: 0.6264392137527466
INFO:root:Epoch: 54, Iteration: 383, Loss: 0.6139706373214722
INFO:root:Epoch: 54, Iteration: 384, Loss: 0.630764365196228
INFO:root:Epoch: 54, Iteration: 385, Loss: 0.6033791303634644
INFO:root:Validation set mIOU: 62.96806053423347
INFO:root:Epoch: 55, Iteration: 386, Loss: 0.6419687271118164
INFO:root:Epoch: 55, Iteration: 387, Loss: 0.6597889065742493
INFO:root:Epoch: 55, Iteration: 388, Loss: 0.6451130509376526
INFO:root:Epoch: 55, Iteration: 389, Loss: 0.6213940382003784
INFO:root:Epoch: 55, Iteration: 390, Loss: 0.6446089744567871
INFO:root:Epoch: 55, Iteration: 391, Loss: 0.5948455333709717
INFO:root:Epoch: 55, Iteration: 392, Loss: 0.6159163117408752
INFO:root:Validation set mIOU: 76.60729210182573
INFO:root:Epoch: 56, Iteration: 393, Loss: 0.6052927374839783
INFO:root:Epoch: 56, Iteration: 394, Loss: 0.6108471751213074
INFO:root:Epoch: 56, Iteration: 395, Loss: 0.651714026927948
INFO:root:Epoch: 56, Iteration: 396, Loss: 0.6319184899330139
INFO:root:Epoch: 56, Iteration: 397, Loss: 0.6400779485702515
INFO:root:Epoch: 56, Iteration: 398, Loss: 0.619374692440033
INFO:root:Epoch: 56, Iteration: 399, Loss: 0.6270126104354858
INFO:root:Validation set mIOU: 83.09600485845614
INFO:root:Epoch: 57, Iteration: 400, Loss: 0.5974990725517273
INFO:root:Epoch: 57, Iteration: 401, Loss: 0.6319414377212524
INFO:root:Epoch: 57, Iteration: 402, Loss: 0.6365441679954529
INFO:root:Epoch: 57, Iteration: 403, Loss: 0.6170922517776489
INFO:root:Epoch: 57, Iteration: 404, Loss: 0.6124361157417297
INFO:root:Epoch: 57, Iteration: 405, Loss: 0.6203367114067078
INFO:root:Epoch: 57, Iteration: 406, Loss: 0.680394172668457
INFO:root:Validation set mIOU: 79.36615729518066
INFO:root:Epoch: 58, Iteration: 407, Loss: 0.6347363591194153
INFO:root:Epoch: 58, Iteration: 408, Loss: 0.5999046564102173
INFO:root:Epoch: 58, Iteration: 409, Loss: 0.6389164328575134
INFO:root:Epoch: 58, Iteration: 410, Loss: 0.6251252889633179
INFO:root:Epoch: 58, Iteration: 411, Loss: 0.6253467202186584
INFO:root:Epoch: 58, Iteration: 412, Loss: 0.6133260130882263
INFO:root:Epoch: 58, Iteration: 413, Loss: 0.6203569769859314
INFO:root:Validation set mIOU: 81.12057507816974
INFO:root:Epoch: 59, Iteration: 414, Loss: 0.6252070665359497
INFO:root:Epoch: 59, Iteration: 415, Loss: 0.6318307518959045
INFO:root:Epoch: 59, Iteration: 416, Loss: 0.6262738704681396
INFO:root:Epoch: 59, Iteration: 417, Loss: 0.6012858748435974
INFO:root:Epoch: 59, Iteration: 418, Loss: 0.6107719540596008
INFO:root:Epoch: 59, Iteration: 419, Loss: 0.6008914113044739
INFO:root:Epoch: 59, Iteration: 420, Loss: 0.6434314250946045
INFO:root:Validation set mIOU: 84.49035666957995
INFO:root:Epoch: 60, Iteration: 421, Loss: 0.6375271081924438
INFO:root:Epoch: 60, Iteration: 422, Loss: 0.6179344058036804
INFO:root:Epoch: 60, Iteration: 423, Loss: 0.5976482629776001
INFO:root:Epoch: 60, Iteration: 424, Loss: 0.6042669415473938
INFO:root:Epoch: 60, Iteration: 425, Loss: 0.6337032914161682
INFO:root:Epoch: 60, Iteration: 426, Loss: 0.6119003295898438
INFO:root:Epoch: 60, Iteration: 427, Loss: 0.5918477773666382
INFO:root:Validation set mIOU: 85.51995705686912
INFO:root:Epoch: 61, Iteration: 428, Loss: 0.6342437863349915
INFO:root:Epoch: 61, Iteration: 429, Loss: 0.6073124408721924
INFO:root:Epoch: 61, Iteration: 430, Loss: 0.6601596474647522
INFO:root:Epoch: 61, Iteration: 431, Loss: 0.5905673503875732
INFO:root:Epoch: 61, Iteration: 432, Loss: 0.6102871298789978
INFO:root:Epoch: 61, Iteration: 433, Loss: 0.6313248872756958
INFO:root:Epoch: 61, Iteration: 434, Loss: 0.6073142886161804
INFO:root:Validation set mIOU: 83.06160258354855
INFO:root:Epoch: 62, Iteration: 435, Loss: 0.63313227891922
INFO:root:Epoch: 62, Iteration: 436, Loss: 0.601459801197052
INFO:root:Epoch: 62, Iteration: 437, Loss: 0.6188729405403137
INFO:root:Epoch: 62, Iteration: 438, Loss: 0.6336513757705688
INFO:root:Epoch: 62, Iteration: 439, Loss: 0.6496272683143616
INFO:root:Epoch: 62, Iteration: 440, Loss: 0.6018486022949219
INFO:root:Epoch: 62, Iteration: 441, Loss: 0.5999868512153625
INFO:root:Validation set mIOU: 81.49251571784846
INFO:root:Epoch: 63, Iteration: 442, Loss: 0.6540210843086243
INFO:root:Epoch: 63, Iteration: 443, Loss: 0.6186144351959229
INFO:root:Epoch: 63, Iteration: 444, Loss: 0.6397380828857422
INFO:root:Epoch: 63, Iteration: 445, Loss: 0.6044946908950806
INFO:root:Epoch: 63, Iteration: 446, Loss: 0.6290119886398315
INFO:root:Epoch: 63, Iteration: 447, Loss: 0.62516188621521
INFO:root:Epoch: 63, Iteration: 448, Loss: 0.6002379655838013
INFO:root:Validation set mIOU: 81.48121560546868
INFO:root:Epoch: 64, Iteration: 449, Loss: 0.6171932220458984
INFO:root:Epoch: 64, Iteration: 450, Loss: 0.5977293848991394
INFO:root:Epoch: 64, Iteration: 451, Loss: 0.6195158958435059
INFO:root:Epoch: 64, Iteration: 452, Loss: 0.5981759428977966
INFO:root:Epoch: 64, Iteration: 453, Loss: 0.6269274353981018
INFO:root:Epoch: 64, Iteration: 454, Loss: 0.6356674432754517
INFO:root:Epoch: 64, Iteration: 455, Loss: 0.6185376048088074
INFO:root:Validation set mIOU: 86.01839942609755
INFO:root:Epoch: 65, Iteration: 456, Loss: 0.6234537363052368
INFO:root:Epoch: 65, Iteration: 457, Loss: 0.6712984442710876
INFO:root:Epoch: 65, Iteration: 458, Loss: 0.6074575185775757
INFO:root:Epoch: 65, Iteration: 459, Loss: 0.6315816640853882
INFO:root:Epoch: 65, Iteration: 460, Loss: 0.6165098547935486
INFO:root:Epoch: 65, Iteration: 461, Loss: 0.6653828620910645
INFO:root:Epoch: 65, Iteration: 462, Loss: 0.6013317704200745
INFO:root:Validation set mIOU: 86.33511758003908
INFO:root:Epoch: 66, Iteration: 463, Loss: 0.5915372967720032
INFO:root:Epoch: 66, Iteration: 464, Loss: 0.6644402146339417
INFO:root:Epoch: 66, Iteration: 465, Loss: 0.5985128879547119
INFO:root:Epoch: 66, Iteration: 466, Loss: 0.6178937554359436
INFO:root:Epoch: 66, Iteration: 467, Loss: 0.6089670658111572
INFO:root:Epoch: 66, Iteration: 468, Loss: 0.6045019030570984
INFO:root:Epoch: 66, Iteration: 469, Loss: 0.6329829096794128
INFO:root:Validation set mIOU: 83.25924934472097
INFO:root:Epoch: 67, Iteration: 470, Loss: 0.6185541749000549
INFO:root:Epoch: 67, Iteration: 471, Loss: 0.6364638209342957
INFO:root:Epoch: 67, Iteration: 472, Loss: 0.597752571105957
INFO:root:Epoch: 67, Iteration: 473, Loss: 0.6035376787185669
INFO:root:Epoch: 67, Iteration: 474, Loss: 0.6185251474380493
INFO:root:Epoch: 67, Iteration: 475, Loss: 0.618792712688446
INFO:root:Epoch: 67, Iteration: 476, Loss: 0.6018761396408081
INFO:root:Validation set mIOU: 85.96484697357934
INFO:root:Epoch: 68, Iteration: 477, Loss: 0.6649170517921448
INFO:root:Epoch: 68, Iteration: 478, Loss: 0.6108298897743225
INFO:root:Epoch: 68, Iteration: 479, Loss: 0.6044487357139587
INFO:root:Epoch: 68, Iteration: 480, Loss: 0.6207476258277893
INFO:root:Epoch: 68, Iteration: 481, Loss: 0.6286189556121826
INFO:root:Epoch: 68, Iteration: 482, Loss: 0.6255555748939514
INFO:root:Epoch: 68, Iteration: 483, Loss: 0.6617278456687927
INFO:root:Validation set mIOU: 79.68334797943682
INFO:root:Epoch: 69, Iteration: 484, Loss: 0.6028716564178467
INFO:root:Epoch: 69, Iteration: 485, Loss: 0.6258773803710938
INFO:root:Epoch: 69, Iteration: 486, Loss: 0.621226966381073
INFO:root:Epoch: 69, Iteration: 487, Loss: 0.6185294985771179
INFO:root:Epoch: 69, Iteration: 488, Loss: 0.6164281964302063
INFO:root:Epoch: 69, Iteration: 489, Loss: 0.6296942234039307
INFO:root:Epoch: 69, Iteration: 490, Loss: 0.5946455001831055
INFO:root:Validation set mIOU: 80.0446354932996
INFO:root:Epoch: 70, Iteration: 491, Loss: 0.6095635294914246
INFO:root:Epoch: 70, Iteration: 492, Loss: 0.5954053997993469
INFO:root:Epoch: 70, Iteration: 493, Loss: 0.5962204933166504
INFO:root:Epoch: 70, Iteration: 494, Loss: 0.6073713898658752
INFO:root:Epoch: 70, Iteration: 495, Loss: 0.61978679895401
INFO:root:Epoch: 70, Iteration: 496, Loss: 0.5956898927688599
INFO:root:Epoch: 70, Iteration: 497, Loss: 0.6026408076286316
INFO:root:Validation set mIOU: 83.94805441848101
INFO:root:Epoch: 71, Iteration: 498, Loss: 0.6466392278671265
INFO:root:Epoch: 71, Iteration: 499, Loss: 0.6026312708854675
INFO:root:Epoch: 71, Iteration: 500, Loss: 0.6759456992149353
INFO:root:Epoch: 71, Iteration: 501, Loss: 0.6093811392784119
INFO:root:Epoch: 71, Iteration: 502, Loss: 0.6159985661506653
INFO:root:Epoch: 71, Iteration: 503, Loss: 0.625332772731781
INFO:root:Epoch: 71, Iteration: 504, Loss: 0.617141842842102
INFO:root:Validation set mIOU: 84.62782116839657
INFO:root:Epoch: 72, Iteration: 505, Loss: 0.5969306826591492
INFO:root:Epoch: 72, Iteration: 506, Loss: 0.6227193474769592
INFO:root:Epoch: 72, Iteration: 507, Loss: 0.6084851026535034
INFO:root:Epoch: 72, Iteration: 508, Loss: 0.6107631325721741
INFO:root:Epoch: 72, Iteration: 509, Loss: 0.6252678632736206
INFO:root:Epoch: 72, Iteration: 510, Loss: 0.5941492319107056
INFO:root:Epoch: 72, Iteration: 511, Loss: 0.6105760931968689
INFO:root:Validation set mIOU: 83.45597746475453
INFO:root:Epoch: 73, Iteration: 512, Loss: 0.6103625893592834
INFO:root:Epoch: 73, Iteration: 513, Loss: 0.6196187734603882
INFO:root:Epoch: 73, Iteration: 514, Loss: 0.6050792336463928
INFO:root:Epoch: 73, Iteration: 515, Loss: 0.6428192257881165
INFO:root:Epoch: 73, Iteration: 516, Loss: 0.5918817520141602
INFO:root:Epoch: 73, Iteration: 517, Loss: 0.5858629941940308
INFO:root:Epoch: 73, Iteration: 518, Loss: 0.6023910641670227
INFO:root:Validation set mIOU: 84.09520081685592
INFO:root:Epoch: 74, Iteration: 519, Loss: 0.6655188798904419
INFO:root:Epoch: 74, Iteration: 520, Loss: 0.595077395439148
INFO:root:Epoch: 74, Iteration: 521, Loss: 0.6091349124908447
INFO:root:Epoch: 74, Iteration: 522, Loss: 0.6438143253326416
INFO:root:Epoch: 74, Iteration: 523, Loss: 0.5866862535476685
INFO:root:Epoch: 74, Iteration: 524, Loss: 0.6026515960693359
INFO:root:Epoch: 74, Iteration: 525, Loss: 0.6303268074989319
INFO:root:Validation set mIOU: 79.76497407792108
INFO:root:Epoch: 75, Iteration: 526, Loss: 0.6049384474754333
INFO:root:Epoch: 75, Iteration: 527, Loss: 0.6256474852561951
INFO:root:Epoch: 75, Iteration: 528, Loss: 0.6194061636924744
INFO:root:Epoch: 75, Iteration: 529, Loss: 0.5937076210975647
INFO:root:Epoch: 75, Iteration: 530, Loss: 0.5957456231117249
INFO:root:Epoch: 75, Iteration: 531, Loss: 0.5946104526519775
INFO:root:Epoch: 75, Iteration: 532, Loss: 0.6029958128929138
INFO:root:Validation set mIOU: 84.44040006436651
INFO:root:Epoch: 76, Iteration: 533, Loss: 0.5879701972007751
INFO:root:Epoch: 76, Iteration: 534, Loss: 0.5947120785713196
INFO:root:Epoch: 76, Iteration: 535, Loss: 0.6150371432304382
INFO:root:Epoch: 76, Iteration: 536, Loss: 0.6150757670402527
INFO:root:Epoch: 76, Iteration: 537, Loss: 0.629472553730011
INFO:root:Epoch: 76, Iteration: 538, Loss: 0.6283208131790161
INFO:root:Epoch: 76, Iteration: 539, Loss: 0.6429905891418457
INFO:root:Validation set mIOU: 82.90328004397082
INFO:root:Epoch: 77, Iteration: 540, Loss: 0.6010456085205078
INFO:root:Epoch: 77, Iteration: 541, Loss: 0.5930094718933105
INFO:root:Epoch: 77, Iteration: 542, Loss: 0.6101830005645752
INFO:root:Epoch: 77, Iteration: 543, Loss: 0.606208860874176
INFO:root:Epoch: 77, Iteration: 544, Loss: 0.6346619725227356
INFO:root:Epoch: 77, Iteration: 545, Loss: 0.6854554414749146
INFO:root:Epoch: 77, Iteration: 546, Loss: 0.6278327703475952
INFO:root:Validation set mIOU: 83.71090183373849
INFO:root:Epoch: 78, Iteration: 547, Loss: 0.590887725353241
INFO:root:Epoch: 78, Iteration: 548, Loss: 0.6450482606887817
INFO:root:Epoch: 78, Iteration: 549, Loss: 0.6469854712486267
INFO:root:Epoch: 78, Iteration: 550, Loss: 0.5969704985618591
INFO:root:Epoch: 78, Iteration: 551, Loss: 0.6049326062202454
INFO:root:Epoch: 78, Iteration: 552, Loss: 0.5834503769874573
INFO:root:Epoch: 78, Iteration: 553, Loss: 0.6105799078941345
INFO:root:Validation set mIOU: 85.1410200383303
INFO:root:Epoch: 79, Iteration: 554, Loss: 0.5958406329154968
INFO:root:Epoch: 79, Iteration: 555, Loss: 0.6051285862922668
INFO:root:Epoch: 79, Iteration: 556, Loss: 0.595288097858429
INFO:root:Epoch: 79, Iteration: 557, Loss: 0.6158963441848755
INFO:root:Epoch: 79, Iteration: 558, Loss: 0.6067693829536438
INFO:root:Epoch: 79, Iteration: 559, Loss: 0.6241275668144226
INFO:root:Epoch: 79, Iteration: 560, Loss: 0.5923629999160767
INFO:root:Validation set mIOU: 87.17191082734415
INFO:root:Epoch: 80, Iteration: 561, Loss: 0.6086162328720093
INFO:root:Epoch: 80, Iteration: 562, Loss: 0.5965097546577454
INFO:root:Epoch: 80, Iteration: 563, Loss: 0.5874921679496765
INFO:root:Epoch: 80, Iteration: 564, Loss: 0.629494845867157
INFO:root:Epoch: 80, Iteration: 565, Loss: 0.6242642998695374
INFO:root:Epoch: 80, Iteration: 566, Loss: 0.5918835401535034
INFO:root:Epoch: 80, Iteration: 567, Loss: 0.6115044951438904
INFO:root:Validation set mIOU: 87.54615358549903
INFO:root:Epoch: 81, Iteration: 568, Loss: 0.6012012362480164
INFO:root:Epoch: 81, Iteration: 569, Loss: 0.6009446382522583
INFO:root:Epoch: 81, Iteration: 570, Loss: 0.6022107601165771
INFO:root:Epoch: 81, Iteration: 571, Loss: 0.5907287001609802
INFO:root:Epoch: 81, Iteration: 572, Loss: 0.6196409463882446
INFO:root:Epoch: 81, Iteration: 573, Loss: 0.6058360934257507
INFO:root:Epoch: 81, Iteration: 574, Loss: 0.617572009563446
INFO:root:Validation set mIOU: 84.41098820767868
INFO:root:Epoch: 82, Iteration: 575, Loss: 0.600506067276001
INFO:root:Epoch: 82, Iteration: 576, Loss: 0.6043387651443481
INFO:root:Epoch: 82, Iteration: 577, Loss: 0.6209591627120972
INFO:root:Epoch: 82, Iteration: 578, Loss: 0.6003840565681458
INFO:root:Epoch: 82, Iteration: 579, Loss: 0.6195857524871826
INFO:root:Epoch: 82, Iteration: 580, Loss: 0.5920164585113525
INFO:root:Epoch: 82, Iteration: 581, Loss: 0.5859131813049316
INFO:root:Validation set mIOU: 86.11999838248208
INFO:root:Epoch: 83, Iteration: 582, Loss: 0.6236546039581299
INFO:root:Epoch: 83, Iteration: 583, Loss: 0.5987064242362976
INFO:root:Epoch: 83, Iteration: 584, Loss: 0.5834749341011047
INFO:root:Epoch: 83, Iteration: 585, Loss: 0.6011679768562317
INFO:root:Epoch: 83, Iteration: 586, Loss: 0.6067810654640198
INFO:root:Epoch: 83, Iteration: 587, Loss: 0.6098396182060242
INFO:root:Epoch: 83, Iteration: 588, Loss: 0.6019427180290222
INFO:root:Validation set mIOU: 87.71827199424594
INFO:root:Epoch: 84, Iteration: 589, Loss: 0.5974838733673096
INFO:root:Epoch: 84, Iteration: 590, Loss: 0.6031516194343567
INFO:root:Epoch: 84, Iteration: 591, Loss: 0.6084202527999878
INFO:root:Epoch: 84, Iteration: 592, Loss: 0.5846264362335205
INFO:root:Epoch: 84, Iteration: 593, Loss: 0.6021099090576172
INFO:root:Epoch: 84, Iteration: 594, Loss: 0.5906641483306885
INFO:root:Epoch: 84, Iteration: 595, Loss: 0.5966278314590454
INFO:root:Validation set mIOU: 87.49778286671831
INFO:root:Epoch: 85, Iteration: 596, Loss: 0.6259710192680359
INFO:root:Epoch: 85, Iteration: 597, Loss: 0.6034352779388428
INFO:root:Epoch: 85, Iteration: 598, Loss: 0.5879741311073303
INFO:root:Epoch: 85, Iteration: 599, Loss: 0.5846046209335327
INFO:root:Epoch: 85, Iteration: 600, Loss: 0.6096253991127014
INFO:root:Epoch: 85, Iteration: 601, Loss: 0.5946208834648132
INFO:root:Epoch: 85, Iteration: 602, Loss: 0.5827751755714417
INFO:root:Validation set mIOU: 83.45493999792407
INFO:root:Epoch: 86, Iteration: 603, Loss: 0.594580352306366
INFO:root:Epoch: 86, Iteration: 604, Loss: 0.6132220029830933
INFO:root:Epoch: 86, Iteration: 605, Loss: 0.6308013200759888
INFO:root:Epoch: 86, Iteration: 606, Loss: 0.5951336622238159
INFO:root:Epoch: 86, Iteration: 607, Loss: 0.5919393301010132
INFO:root:Epoch: 86, Iteration: 608, Loss: 0.5997613072395325
INFO:root:Epoch: 86, Iteration: 609, Loss: 0.6121199727058411
INFO:root:Validation set mIOU: 86.02177184406742
INFO:root:Epoch: 87, Iteration: 610, Loss: 0.5966597199440002
INFO:root:Epoch: 87, Iteration: 611, Loss: 0.583948016166687
INFO:root:Epoch: 87, Iteration: 612, Loss: 0.6042299866676331
INFO:root:Epoch: 87, Iteration: 613, Loss: 0.6219261884689331
INFO:root:Epoch: 87, Iteration: 614, Loss: 0.6271013617515564
INFO:root:Epoch: 87, Iteration: 615, Loss: 0.6151549220085144
INFO:root:Epoch: 87, Iteration: 616, Loss: 0.5790351629257202
INFO:root:Validation set mIOU: 84.93817553491674
INFO:root:Epoch: 88, Iteration: 617, Loss: 0.5943008661270142
INFO:root:Epoch: 88, Iteration: 618, Loss: 0.5993427038192749
INFO:root:Epoch: 88, Iteration: 619, Loss: 0.6127758026123047
INFO:root:Epoch: 88, Iteration: 620, Loss: 0.6179477572441101
INFO:root:Epoch: 88, Iteration: 621, Loss: 0.5837287902832031
INFO:root:Epoch: 88, Iteration: 622, Loss: 0.5969011783599854
INFO:root:Epoch: 88, Iteration: 623, Loss: 0.6144448518753052
INFO:root:Validation set mIOU: 85.71035402291831
INFO:root:Epoch: 89, Iteration: 624, Loss: 0.5921887755393982
INFO:root:Epoch: 89, Iteration: 625, Loss: 0.6145995855331421
INFO:root:Epoch: 89, Iteration: 626, Loss: 0.5980619788169861
INFO:root:Epoch: 89, Iteration: 627, Loss: 0.6243916153907776
INFO:root:Epoch: 89, Iteration: 628, Loss: 0.5903856158256531
INFO:root:Epoch: 89, Iteration: 629, Loss: 0.5877960324287415
INFO:root:Epoch: 89, Iteration: 630, Loss: 0.5879553556442261
INFO:root:Validation set mIOU: 87.41568474536265
INFO:root:Epoch: 90, Iteration: 631, Loss: 0.5879656672477722
INFO:root:Epoch: 90, Iteration: 632, Loss: 0.5899499654769897
INFO:root:Epoch: 90, Iteration: 633, Loss: 0.6083232760429382
INFO:root:Epoch: 90, Iteration: 634, Loss: 0.6050822138786316
INFO:root:Epoch: 90, Iteration: 635, Loss: 0.58980393409729
INFO:root:Epoch: 90, Iteration: 636, Loss: 0.6254463195800781
INFO:root:Epoch: 90, Iteration: 637, Loss: 0.6034091711044312
INFO:root:Validation set mIOU: 86.28711599652299
INFO:root:Epoch: 91, Iteration: 638, Loss: 0.5994504690170288
INFO:root:Epoch: 91, Iteration: 639, Loss: 0.5975587964057922
INFO:root:Epoch: 91, Iteration: 640, Loss: 0.585797905921936
INFO:root:Epoch: 91, Iteration: 641, Loss: 0.6066765189170837
INFO:root:Epoch: 91, Iteration: 642, Loss: 0.5957481265068054
INFO:root:Epoch: 91, Iteration: 643, Loss: 0.5927333831787109
INFO:root:Epoch: 91, Iteration: 644, Loss: 0.6028590798377991
INFO:root:Validation set mIOU: 87.79671327503077
INFO:root:Epoch: 92, Iteration: 645, Loss: 0.6042323708534241
INFO:root:Epoch: 92, Iteration: 646, Loss: 0.6084387302398682
INFO:root:Epoch: 92, Iteration: 647, Loss: 0.5902044773101807
INFO:root:Epoch: 92, Iteration: 648, Loss: 0.6297990083694458
INFO:root:Epoch: 92, Iteration: 649, Loss: 0.593600869178772
INFO:root:Epoch: 92, Iteration: 650, Loss: 0.5876845121383667
INFO:root:Epoch: 92, Iteration: 651, Loss: 0.6009038686752319
INFO:root:Validation set mIOU: 86.88591887156477
INFO:root:Epoch: 93, Iteration: 652, Loss: 0.6068361401557922
INFO:root:Epoch: 93, Iteration: 653, Loss: 0.5793471336364746
INFO:root:Epoch: 93, Iteration: 654, Loss: 0.5884805917739868
INFO:root:Epoch: 93, Iteration: 655, Loss: 0.6217712759971619
INFO:root:Epoch: 93, Iteration: 656, Loss: 0.5884476900100708
INFO:root:Epoch: 93, Iteration: 657, Loss: 0.5815665125846863
INFO:root:Epoch: 93, Iteration: 658, Loss: 0.6183525323867798
INFO:root:Validation set mIOU: 87.6714361717856
INFO:root:Epoch: 94, Iteration: 659, Loss: 0.5920535326004028
INFO:root:Epoch: 94, Iteration: 660, Loss: 0.5892143249511719
INFO:root:Epoch: 94, Iteration: 661, Loss: 0.5911239981651306
INFO:root:Epoch: 94, Iteration: 662, Loss: 0.613781750202179
INFO:root:Epoch: 94, Iteration: 663, Loss: 0.6059174537658691
INFO:root:Epoch: 94, Iteration: 664, Loss: 0.5922552943229675
INFO:root:Epoch: 94, Iteration: 665, Loss: 0.5991265177726746
INFO:root:Validation set mIOU: 86.97110785554797
INFO:root:Epoch: 95, Iteration: 666, Loss: 0.5854986906051636
INFO:root:Epoch: 95, Iteration: 667, Loss: 0.5940091013908386
INFO:root:Epoch: 95, Iteration: 668, Loss: 0.5962910056114197
INFO:root:Epoch: 95, Iteration: 669, Loss: 0.5980817675590515
INFO:root:Epoch: 95, Iteration: 670, Loss: 0.6120678782463074
INFO:root:Epoch: 95, Iteration: 671, Loss: 0.5976243615150452
INFO:root:Epoch: 95, Iteration: 672, Loss: 0.6217982769012451
INFO:root:Validation set mIOU: 86.23180347034285
INFO:root:Epoch: 96, Iteration: 673, Loss: 0.5964450836181641
INFO:root:Epoch: 96, Iteration: 674, Loss: 0.5861057639122009
INFO:root:Epoch: 96, Iteration: 675, Loss: 0.6087170243263245
INFO:root:Epoch: 96, Iteration: 676, Loss: 0.5908869504928589
INFO:root:Epoch: 96, Iteration: 677, Loss: 0.5966747999191284
INFO:root:Epoch: 96, Iteration: 678, Loss: 0.6150804758071899
INFO:root:Epoch: 96, Iteration: 679, Loss: 0.6222255229949951
INFO:root:Validation set mIOU: 87.05835288868876
INFO:root:Epoch: 97, Iteration: 680, Loss: 0.5869229435920715
INFO:root:Epoch: 97, Iteration: 681, Loss: 0.6093423366546631
INFO:root:Epoch: 97, Iteration: 682, Loss: 0.6164034008979797
INFO:root:Epoch: 97, Iteration: 683, Loss: 0.6159910559654236
INFO:root:Epoch: 97, Iteration: 684, Loss: 0.5866991281509399
INFO:root:Epoch: 97, Iteration: 685, Loss: 0.5972256064414978
INFO:root:Epoch: 97, Iteration: 686, Loss: 0.5930318236351013
INFO:root:Validation set mIOU: 87.56092437396032
INFO:root:Epoch: 98, Iteration: 687, Loss: 0.6018159985542297
INFO:root:Epoch: 98, Iteration: 688, Loss: 0.6080781817436218
INFO:root:Epoch: 98, Iteration: 689, Loss: 0.5895747542381287
INFO:root:Epoch: 98, Iteration: 690, Loss: 0.5861539840698242
INFO:root:Epoch: 98, Iteration: 691, Loss: 0.6053093671798706
INFO:root:Epoch: 98, Iteration: 692, Loss: 0.6078327298164368
INFO:root:Epoch: 98, Iteration: 693, Loss: 0.5950007438659668
INFO:root:Validation set mIOU: 87.69709414824277
INFO:root:Epoch: 99, Iteration: 694, Loss: 0.5909090042114258
INFO:root:Epoch: 99, Iteration: 695, Loss: 0.6077801585197449
INFO:root:Epoch: 99, Iteration: 696, Loss: 0.5886018872261047
INFO:root:Epoch: 99, Iteration: 697, Loss: 0.603237509727478
INFO:root:Epoch: 99, Iteration: 698, Loss: 0.581353485584259
INFO:root:Epoch: 99, Iteration: 699, Loss: 0.5749158263206482
INFO:root:Epoch: 99, Iteration: 700, Loss: 0.6101645231246948
INFO:root:Validation set mIOU: 87.69842075493933
