INFO:root:{'addition': 'circular_cutout',
 'backbone': 'resnet101',
 'batch_size': 16,
 'batch_size_consistency': 16,
 'conf_thres': 0.95,
 'config': 'configs/dataset2.yaml',
 'consistency_training': False,
 'crop_size': 320,
 'data_root': './',
 'dataset': 'dataset2',
 'epochs': 100,
 'labeled_id_path': 'dataset/splits/dataset2/1_4/split_random/labeled.txt',
 'lr': 0.0009,
 'model': 'unet',
 'ngpus': 1,
 'plus': False,
 'pseudo_consistency_mask_path': None,
 'pseudo_mask_path': 'outdir/pseudo_masks/dataset2/1_4/split_random/unet/resnet101/circular_cutout/self_training/non_consistency_training/second_time',
 'rand_thres': 0.8,
 'reliable_id_path': None,
 'save_path': 'outdir/models/dataset2/1_4/split_random/unet/resnet101/circular_cutout/self_training/non_consistency_training/second_time',
 'time': 2,
 'unlabeled_id_path': 'dataset/splits/dataset2/1_4/split_random/unlabeled.txt',
 'warm_up': 30}

INFO:root:Training supervised with consistency on unlabeled images
INFO:root:Epoch: 0, Iteration: 1, Loss: 1.0681389570236206
INFO:root:Epoch: 0, Iteration: 2, Loss: 1.045590877532959
INFO:root:Validation set mIOU: 14.701759134947556
INFO:root:Epoch: 1, Iteration: 3, Loss: 0.971282422542572
INFO:root:Epoch: 1, Iteration: 4, Loss: 0.9051271677017212
INFO:root:Validation set mIOU: 45.49751237680352
INFO:root:Epoch: 2, Iteration: 5, Loss: 0.8252751231193542
INFO:root:Epoch: 2, Iteration: 6, Loss: 0.7810576558113098
INFO:root:Validation set mIOU: 50.88765781264638
INFO:root:Epoch: 3, Iteration: 7, Loss: 0.7662122249603271
INFO:root:Epoch: 3, Iteration: 8, Loss: 0.7438237071037292
INFO:root:Validation set mIOU: 63.6088364670111
INFO:root:Epoch: 4, Iteration: 9, Loss: 0.7065619826316833
INFO:root:Epoch: 4, Iteration: 10, Loss: 0.7005386352539062
INFO:root:Validation set mIOU: 78.80274507177832
INFO:root:Epoch: 5, Iteration: 11, Loss: 0.7021404504776001
INFO:root:Epoch: 5, Iteration: 12, Loss: 0.6877291798591614
INFO:root:Validation set mIOU: 78.11439255636806
INFO:root:Epoch: 6, Iteration: 13, Loss: 0.6684874892234802
INFO:root:Epoch: 6, Iteration: 14, Loss: 0.6703001260757446
INFO:root:Validation set mIOU: 73.45376346273257
INFO:root:Epoch: 7, Iteration: 15, Loss: 0.6567407250404358
INFO:root:Epoch: 7, Iteration: 16, Loss: 0.6397808194160461
INFO:root:Validation set mIOU: 78.12259276468528
INFO:root:Epoch: 8, Iteration: 17, Loss: 0.6628065705299377
INFO:root:Epoch: 8, Iteration: 18, Loss: 0.6473418474197388
INFO:root:Validation set mIOU: 76.6233900840688
INFO:root:Epoch: 9, Iteration: 19, Loss: 0.6578816175460815
INFO:root:Epoch: 9, Iteration: 20, Loss: 0.6437184810638428
INFO:root:Validation set mIOU: 79.5287888835589
INFO:root:Epoch: 10, Iteration: 21, Loss: 0.623069703578949
INFO:root:Epoch: 10, Iteration: 22, Loss: 0.6328975558280945
INFO:root:Validation set mIOU: 79.16925928244008
INFO:root:Epoch: 11, Iteration: 23, Loss: 0.6235584020614624
INFO:root:Epoch: 11, Iteration: 24, Loss: 0.6053344011306763
INFO:root:Validation set mIOU: 79.0065162682558
INFO:root:Epoch: 12, Iteration: 25, Loss: 0.6327263116836548
INFO:root:Epoch: 12, Iteration: 26, Loss: 0.6448312997817993
INFO:root:Validation set mIOU: 80.05823083919924
INFO:root:Epoch: 13, Iteration: 27, Loss: 0.6175395846366882
INFO:root:Epoch: 13, Iteration: 28, Loss: 0.6058833003044128
INFO:root:Validation set mIOU: 72.82299287683762
INFO:root:Epoch: 14, Iteration: 29, Loss: 0.6451037526130676
INFO:root:Epoch: 14, Iteration: 30, Loss: 0.6157573461532593
INFO:root:Validation set mIOU: 75.92686616168399
INFO:root:Epoch: 15, Iteration: 31, Loss: 0.6035079956054688
INFO:root:Epoch: 15, Iteration: 32, Loss: 0.6055334806442261
INFO:root:Validation set mIOU: 80.01179557680963
INFO:root:Epoch: 16, Iteration: 33, Loss: 0.6045827865600586
INFO:root:Epoch: 16, Iteration: 34, Loss: 0.5939491391181946
INFO:root:Validation set mIOU: 71.71037884544434
INFO:root:Epoch: 17, Iteration: 35, Loss: 0.6092345714569092
INFO:root:Epoch: 17, Iteration: 36, Loss: 0.6148213744163513
INFO:root:Validation set mIOU: 79.9376161244797
INFO:root:Epoch: 18, Iteration: 37, Loss: 0.6010173559188843
INFO:root:Epoch: 18, Iteration: 38, Loss: 0.602798342704773
INFO:root:Validation set mIOU: 81.96251110198119
INFO:root:Epoch: 19, Iteration: 39, Loss: 0.6207132339477539
INFO:root:Epoch: 19, Iteration: 40, Loss: 0.5929082036018372
INFO:root:Validation set mIOU: 83.7656463613064
INFO:root:Epoch: 20, Iteration: 41, Loss: 0.6163223385810852
INFO:root:Epoch: 20, Iteration: 42, Loss: 0.5967304706573486
INFO:root:Validation set mIOU: 84.226604508151
INFO:root:Epoch: 21, Iteration: 43, Loss: 0.6044309735298157
INFO:root:Epoch: 21, Iteration: 44, Loss: 0.5891629457473755
INFO:root:Validation set mIOU: 80.47498250589312
INFO:root:Epoch: 22, Iteration: 45, Loss: 0.5909075736999512
INFO:root:Epoch: 22, Iteration: 46, Loss: 0.632330596446991
INFO:root:Validation set mIOU: 79.07066790775028
INFO:root:Epoch: 23, Iteration: 47, Loss: 0.5901526808738708
INFO:root:Epoch: 23, Iteration: 48, Loss: 0.590109646320343
INFO:root:Validation set mIOU: 80.71633539355898
INFO:root:Epoch: 24, Iteration: 49, Loss: 0.5954278111457825
INFO:root:Epoch: 24, Iteration: 50, Loss: 0.6080207824707031
INFO:root:Validation set mIOU: 78.98778293758238
INFO:root:Epoch: 25, Iteration: 51, Loss: 0.59173983335495
INFO:root:Epoch: 25, Iteration: 52, Loss: 0.595217227935791
INFO:root:Validation set mIOU: 70.76729936307792
INFO:root:Epoch: 26, Iteration: 53, Loss: 0.6113943457603455
INFO:root:Epoch: 26, Iteration: 54, Loss: 0.5986180305480957
INFO:root:Validation set mIOU: 72.49084092314291
INFO:root:Epoch: 27, Iteration: 55, Loss: 0.62870854139328
INFO:root:Epoch: 27, Iteration: 56, Loss: 0.5962864756584167
INFO:root:Validation set mIOU: 73.70896379699138
INFO:root:Epoch: 28, Iteration: 57, Loss: 0.5914568305015564
INFO:root:Epoch: 28, Iteration: 58, Loss: 0.6313236951828003
INFO:root:Validation set mIOU: 80.41417884705767
INFO:root:Epoch: 29, Iteration: 59, Loss: 0.5923784971237183
INFO:root:Epoch: 29, Iteration: 60, Loss: 0.5994206666946411
INFO:root:Validation set mIOU: 79.51357630172907
INFO:root:Epoch: 30, Iteration: 61, Loss: 0.5973650813102722
INFO:root:Epoch: 30, Iteration: 62, Loss: 0.6038682460784912
INFO:root:Validation set mIOU: 75.3440359578636
INFO:root:Epoch: 31, Iteration: 63, Loss: 0.5971014499664307
INFO:root:Epoch: 31, Iteration: 64, Loss: 0.5983858704566956
INFO:root:Validation set mIOU: 78.3350718090083
INFO:root:Epoch: 32, Iteration: 65, Loss: 0.6274729371070862
INFO:root:Epoch: 32, Iteration: 66, Loss: 0.586841881275177
INFO:root:Validation set mIOU: 86.94134419289702
INFO:root:Epoch: 33, Iteration: 67, Loss: 0.5844598412513733
INFO:root:Epoch: 33, Iteration: 68, Loss: 0.6131111979484558
INFO:root:Validation set mIOU: 86.56302721058374
INFO:root:Epoch: 34, Iteration: 69, Loss: 0.5947163701057434
INFO:root:Epoch: 34, Iteration: 70, Loss: 0.5953805446624756
INFO:root:Validation set mIOU: 85.39124833741884
INFO:root:Epoch: 35, Iteration: 71, Loss: 0.5811833739280701
INFO:root:Epoch: 35, Iteration: 72, Loss: 0.596420168876648
INFO:root:Validation set mIOU: 83.07837743359295
INFO:root:Epoch: 36, Iteration: 73, Loss: 0.5947849154472351
INFO:root:Epoch: 36, Iteration: 74, Loss: 0.5858035683631897
INFO:root:Validation set mIOU: 83.64527703628569
INFO:root:Epoch: 37, Iteration: 75, Loss: 0.5795814394950867
INFO:root:Epoch: 37, Iteration: 76, Loss: 0.584688663482666
INFO:root:Validation set mIOU: 84.87623093001096
INFO:root:Epoch: 38, Iteration: 77, Loss: 0.5900275707244873
INFO:root:Epoch: 38, Iteration: 78, Loss: 0.5825520753860474
INFO:root:Validation set mIOU: 85.25796569737962
INFO:root:Epoch: 39, Iteration: 79, Loss: 0.582678496837616
INFO:root:Epoch: 39, Iteration: 80, Loss: 0.5817676186561584
INFO:root:Validation set mIOU: 84.50278355554352
INFO:root:Epoch: 40, Iteration: 81, Loss: 0.5847128033638
INFO:root:Epoch: 40, Iteration: 82, Loss: 0.5807580351829529
INFO:root:Validation set mIOU: 85.18824148434904
INFO:root:Epoch: 41, Iteration: 83, Loss: 0.5813709497451782
INFO:root:Epoch: 41, Iteration: 84, Loss: 0.601192057132721
INFO:root:Validation set mIOU: 85.75048755816522
INFO:root:Epoch: 42, Iteration: 85, Loss: 0.5935924649238586
INFO:root:Epoch: 42, Iteration: 86, Loss: 0.5769438147544861
INFO:root:Validation set mIOU: 79.88519762241818
INFO:root:Epoch: 43, Iteration: 87, Loss: 0.5865947604179382
INFO:root:Epoch: 43, Iteration: 88, Loss: 0.5897173285484314
INFO:root:Validation set mIOU: 78.32422186117192
INFO:root:Epoch: 44, Iteration: 89, Loss: 0.5937557816505432
INFO:root:Epoch: 44, Iteration: 90, Loss: 0.5916135907173157
INFO:root:Validation set mIOU: 80.50569097110673
INFO:root:Epoch: 45, Iteration: 91, Loss: 0.5917466878890991
INFO:root:Epoch: 45, Iteration: 92, Loss: 0.5812268853187561
INFO:root:Validation set mIOU: 83.74974094622999
INFO:root:Epoch: 46, Iteration: 93, Loss: 0.5762574076652527
INFO:root:Epoch: 46, Iteration: 94, Loss: 0.5926569700241089
INFO:root:Validation set mIOU: 83.35641523674006
INFO:root:Epoch: 47, Iteration: 95, Loss: 0.5935368537902832
INFO:root:Epoch: 47, Iteration: 96, Loss: 0.5811313986778259
INFO:root:Validation set mIOU: 84.0883595293817
INFO:root:Epoch: 48, Iteration: 97, Loss: 0.5865437984466553
INFO:root:Epoch: 48, Iteration: 98, Loss: 0.5863460302352905
INFO:root:Validation set mIOU: 84.7388337082959
INFO:root:Epoch: 49, Iteration: 99, Loss: 0.5808391571044922
INFO:root:Epoch: 49, Iteration: 100, Loss: 0.5864773392677307
INFO:root:Validation set mIOU: 85.19504108892268
INFO:root:Epoch: 50, Iteration: 101, Loss: 0.5813148021697998
INFO:root:Epoch: 50, Iteration: 102, Loss: 0.5834494829177856
INFO:root:Validation set mIOU: 84.18576051041585
INFO:root:Epoch: 51, Iteration: 103, Loss: 0.6050472259521484
INFO:root:Epoch: 51, Iteration: 104, Loss: 0.5866082906723022
INFO:root:Validation set mIOU: 86.69436637598419
INFO:root:Epoch: 52, Iteration: 105, Loss: 0.5816146731376648
INFO:root:Epoch: 52, Iteration: 106, Loss: 0.5865192413330078
INFO:root:Validation set mIOU: 86.39720157148766
INFO:root:Epoch: 53, Iteration: 107, Loss: 0.5841519832611084
INFO:root:Epoch: 53, Iteration: 108, Loss: 0.5919908881187439
INFO:root:Validation set mIOU: 85.87258759725445
INFO:root:Epoch: 54, Iteration: 109, Loss: 0.5831906795501709
INFO:root:Epoch: 54, Iteration: 110, Loss: 0.5823256373405457
INFO:root:Validation set mIOU: 85.62923895412783
INFO:root:Epoch: 55, Iteration: 111, Loss: 0.5770238041877747
INFO:root:Epoch: 55, Iteration: 112, Loss: 0.6027135252952576
INFO:root:Validation set mIOU: 87.11377322420279
INFO:root:Epoch: 56, Iteration: 113, Loss: 0.5868780016899109
INFO:root:Epoch: 56, Iteration: 114, Loss: 0.5853608846664429
INFO:root:Validation set mIOU: 86.82320649570534
INFO:root:Epoch: 57, Iteration: 115, Loss: 0.5819589495658875
INFO:root:Epoch: 57, Iteration: 116, Loss: 0.5945720672607422
INFO:root:Validation set mIOU: 85.6295570999275
INFO:root:Epoch: 58, Iteration: 117, Loss: 0.582668125629425
INFO:root:Epoch: 58, Iteration: 118, Loss: 0.5811480283737183
INFO:root:Validation set mIOU: 87.0326959870173
INFO:root:Epoch: 59, Iteration: 119, Loss: 0.58452308177948
INFO:root:Epoch: 59, Iteration: 120, Loss: 0.5756715536117554
INFO:root:Validation set mIOU: 87.96732529966222
INFO:root:Epoch: 60, Iteration: 121, Loss: 0.5831101536750793
INFO:root:Epoch: 60, Iteration: 122, Loss: 0.5810525417327881
INFO:root:Validation set mIOU: 86.36330439692486
INFO:root:Epoch: 61, Iteration: 123, Loss: 0.5778540968894958
INFO:root:Epoch: 61, Iteration: 124, Loss: 0.5936834812164307
INFO:root:Validation set mIOU: 84.85565670351369
INFO:root:Epoch: 62, Iteration: 125, Loss: 0.5817068815231323
INFO:root:Epoch: 62, Iteration: 126, Loss: 0.5846655964851379
INFO:root:Validation set mIOU: 84.86604032129293
INFO:root:Epoch: 63, Iteration: 127, Loss: 0.586399257183075
INFO:root:Epoch: 63, Iteration: 128, Loss: 0.5893089771270752
INFO:root:Validation set mIOU: 85.37197324632744
INFO:root:Epoch: 64, Iteration: 129, Loss: 0.5839253664016724
INFO:root:Epoch: 64, Iteration: 130, Loss: 0.584104061126709
INFO:root:Validation set mIOU: 85.10829674491023
INFO:root:Epoch: 65, Iteration: 131, Loss: 0.585885226726532
INFO:root:Epoch: 65, Iteration: 132, Loss: 0.5837146639823914
INFO:root:Validation set mIOU: 83.93821536166706
INFO:root:Epoch: 66, Iteration: 133, Loss: 0.5813218951225281
INFO:root:Epoch: 66, Iteration: 134, Loss: 0.5862138867378235
INFO:root:Validation set mIOU: 87.24743458230249
INFO:root:Epoch: 67, Iteration: 135, Loss: 0.574333667755127
INFO:root:Epoch: 67, Iteration: 136, Loss: 0.5900224447250366
INFO:root:Validation set mIOU: 88.09926773927145
INFO:root:Epoch: 68, Iteration: 137, Loss: 0.5977173447608948
INFO:root:Epoch: 68, Iteration: 138, Loss: 0.5820331573486328
INFO:root:Validation set mIOU: 88.50795483429789
INFO:root:Epoch: 69, Iteration: 139, Loss: 0.5789908170700073
INFO:root:Epoch: 69, Iteration: 140, Loss: 0.5811644196510315
INFO:root:Validation set mIOU: 86.29412610576944
INFO:root:Epoch: 70, Iteration: 141, Loss: 0.5819826722145081
INFO:root:Epoch: 70, Iteration: 142, Loss: 0.5828923583030701
INFO:root:Validation set mIOU: 84.61365526968117
INFO:root:Epoch: 71, Iteration: 143, Loss: 0.5747644305229187
INFO:root:Epoch: 71, Iteration: 144, Loss: 0.581531286239624
INFO:root:Validation set mIOU: 85.81255977932494
INFO:root:Epoch: 72, Iteration: 145, Loss: 0.5746681690216064
INFO:root:Epoch: 72, Iteration: 146, Loss: 0.5834748148918152
INFO:root:Validation set mIOU: 87.88799313245356
INFO:root:Epoch: 73, Iteration: 147, Loss: 0.587158203125
INFO:root:Epoch: 73, Iteration: 148, Loss: 0.5770381689071655
INFO:root:Validation set mIOU: 87.8219202226171
INFO:root:Epoch: 74, Iteration: 149, Loss: 0.5717805027961731
INFO:root:Epoch: 74, Iteration: 150, Loss: 0.5786139369010925
INFO:root:Validation set mIOU: 86.5967309278949
INFO:root:Epoch: 75, Iteration: 151, Loss: 0.5808085799217224
INFO:root:Epoch: 75, Iteration: 152, Loss: 0.5765032768249512
INFO:root:Validation set mIOU: 85.52681756075927
INFO:root:Epoch: 76, Iteration: 153, Loss: 0.5856398940086365
INFO:root:Epoch: 76, Iteration: 154, Loss: 0.5816847085952759
INFO:root:Validation set mIOU: 86.51448641830162
INFO:root:Epoch: 77, Iteration: 155, Loss: 0.5767485499382019
INFO:root:Epoch: 77, Iteration: 156, Loss: 0.580932080745697
INFO:root:Validation set mIOU: 86.6648034375865
INFO:root:Epoch: 78, Iteration: 157, Loss: 0.574791431427002
INFO:root:Epoch: 78, Iteration: 158, Loss: 0.5769813656806946
INFO:root:Validation set mIOU: 86.53916730877378
INFO:root:Epoch: 79, Iteration: 159, Loss: 0.5785669088363647
INFO:root:Epoch: 79, Iteration: 160, Loss: 0.5812696218490601
INFO:root:Validation set mIOU: 86.57892135869564
INFO:root:Epoch: 80, Iteration: 161, Loss: 0.5742321610450745
INFO:root:Epoch: 80, Iteration: 162, Loss: 0.5776194930076599
INFO:root:Validation set mIOU: 87.11522994317961
INFO:root:Epoch: 81, Iteration: 163, Loss: 0.5734900236129761
INFO:root:Epoch: 81, Iteration: 164, Loss: 0.5838176012039185
INFO:root:Validation set mIOU: 87.36871494399502
INFO:root:Epoch: 82, Iteration: 165, Loss: 0.5803930759429932
INFO:root:Epoch: 82, Iteration: 166, Loss: 0.575609028339386
INFO:root:Validation set mIOU: 88.19881486903995
INFO:root:Epoch: 83, Iteration: 167, Loss: 0.5728628039360046
INFO:root:Epoch: 83, Iteration: 168, Loss: 0.5764927268028259
INFO:root:Validation set mIOU: 88.26378993077499
INFO:root:Epoch: 84, Iteration: 169, Loss: 0.5858763456344604
INFO:root:Epoch: 84, Iteration: 170, Loss: 0.5754472613334656
INFO:root:Validation set mIOU: 87.66852734409781
INFO:root:Epoch: 85, Iteration: 171, Loss: 0.5878873467445374
INFO:root:Epoch: 85, Iteration: 172, Loss: 0.5762927532196045
INFO:root:Validation set mIOU: 87.9827535945052
INFO:root:Epoch: 86, Iteration: 173, Loss: 0.5726779103279114
INFO:root:Epoch: 86, Iteration: 174, Loss: 0.5737655162811279
INFO:root:Validation set mIOU: 88.0835227067927
INFO:root:Epoch: 87, Iteration: 175, Loss: 0.5748313665390015
INFO:root:Epoch: 87, Iteration: 176, Loss: 0.5716091990470886
INFO:root:Validation set mIOU: 88.0282350857299
INFO:root:Epoch: 88, Iteration: 177, Loss: 0.5721781849861145
INFO:root:Epoch: 88, Iteration: 178, Loss: 0.5757976174354553
INFO:root:Validation set mIOU: 87.95757405733745
INFO:root:Epoch: 89, Iteration: 179, Loss: 0.5698772072792053
INFO:root:Epoch: 89, Iteration: 180, Loss: 0.5817126035690308
INFO:root:Validation set mIOU: 88.04176628109622
INFO:root:Epoch: 90, Iteration: 181, Loss: 0.5743048191070557
INFO:root:Epoch: 90, Iteration: 182, Loss: 0.5725429654121399
INFO:root:Validation set mIOU: 88.5136767445405
INFO:root:Epoch: 91, Iteration: 183, Loss: 0.5735054612159729
INFO:root:Epoch: 91, Iteration: 184, Loss: 0.5711419582366943
INFO:root:Validation set mIOU: 88.7047354632181
INFO:root:Epoch: 92, Iteration: 185, Loss: 0.571509063243866
INFO:root:Epoch: 92, Iteration: 186, Loss: 0.5732114911079407
INFO:root:Validation set mIOU: 88.51326890099084
INFO:root:Epoch: 93, Iteration: 187, Loss: 0.5711920857429504
INFO:root:Epoch: 93, Iteration: 188, Loss: 0.5776074528694153
INFO:root:Validation set mIOU: 88.18075328900338
INFO:root:Epoch: 94, Iteration: 189, Loss: 0.5777180790901184
INFO:root:Epoch: 94, Iteration: 190, Loss: 0.5701203942298889
INFO:root:Validation set mIOU: 88.27582516767531
INFO:root:Epoch: 95, Iteration: 191, Loss: 0.5665613412857056
INFO:root:Epoch: 95, Iteration: 192, Loss: 0.5804211497306824
INFO:root:Validation set mIOU: 88.41973850637889
INFO:root:Epoch: 96, Iteration: 193, Loss: 0.5713908672332764
INFO:root:Epoch: 96, Iteration: 194, Loss: 0.5722552537918091
INFO:root:Validation set mIOU: 88.63219337260685
INFO:root:Epoch: 97, Iteration: 195, Loss: 0.5811871290206909
INFO:root:Epoch: 97, Iteration: 196, Loss: 0.5818452835083008
INFO:root:Validation set mIOU: 88.98989698656943
INFO:root:Epoch: 98, Iteration: 197, Loss: 0.5723380446434021
INFO:root:Epoch: 98, Iteration: 198, Loss: 0.5727090835571289
INFO:root:Validation set mIOU: 89.08164041550451
INFO:root:Epoch: 99, Iteration: 199, Loss: 0.5752424001693726
INFO:root:Epoch: 99, Iteration: 200, Loss: 0.5729503035545349
INFO:root:Validation set mIOU: 88.90361772557279
INFO:root:Semi-training
INFO:root:Epoch: 0, Iteration: 1, Loss: 1.184611201286316
INFO:root:Epoch: 0, Iteration: 2, Loss: 1.1447784900665283
INFO:root:Epoch: 0, Iteration: 3, Loss: 1.024423360824585
INFO:root:Epoch: 0, Iteration: 4, Loss: 0.9792284369468689
INFO:root:Epoch: 0, Iteration: 5, Loss: 0.9344325065612793
INFO:root:Epoch: 0, Iteration: 6, Loss: 0.9083067178726196
INFO:root:Epoch: 0, Iteration: 7, Loss: 0.897483229637146
INFO:root:Validation set mIOU: 54.314350895885276
INFO:root:Epoch: 1, Iteration: 8, Loss: 0.8381331562995911
INFO:root:Epoch: 1, Iteration: 9, Loss: 0.8193333148956299
INFO:root:Epoch: 1, Iteration: 10, Loss: 0.8372520208358765
INFO:root:Epoch: 1, Iteration: 11, Loss: 0.7867196202278137
INFO:root:Epoch: 1, Iteration: 12, Loss: 0.8184141516685486
INFO:root:Epoch: 1, Iteration: 13, Loss: 0.7596389651298523
INFO:root:Epoch: 1, Iteration: 14, Loss: 0.8137475848197937
INFO:root:Validation set mIOU: 68.18619803543848
INFO:root:Epoch: 2, Iteration: 15, Loss: 0.7639379501342773
INFO:root:Epoch: 2, Iteration: 16, Loss: 0.806213915348053
INFO:root:Epoch: 2, Iteration: 17, Loss: 0.7601858973503113
INFO:root:Epoch: 2, Iteration: 18, Loss: 0.7555853128433228
INFO:root:Epoch: 2, Iteration: 19, Loss: 0.7748861312866211
INFO:root:Epoch: 2, Iteration: 20, Loss: 0.7460946440696716
INFO:root:Epoch: 2, Iteration: 21, Loss: 0.7221286296844482
INFO:root:Validation set mIOU: 76.83881040904915
INFO:root:Epoch: 3, Iteration: 22, Loss: 0.7359089851379395
INFO:root:Epoch: 3, Iteration: 23, Loss: 0.7572017908096313
INFO:root:Epoch: 3, Iteration: 24, Loss: 0.7099431157112122
INFO:root:Epoch: 3, Iteration: 25, Loss: 0.7325475215911865
INFO:root:Epoch: 3, Iteration: 26, Loss: 0.6906707882881165
INFO:root:Epoch: 3, Iteration: 27, Loss: 0.7037136554718018
INFO:root:Epoch: 3, Iteration: 28, Loss: 0.6969062685966492
INFO:root:Validation set mIOU: 77.19517384332514
INFO:root:Epoch: 4, Iteration: 29, Loss: 0.7441256046295166
INFO:root:Epoch: 4, Iteration: 30, Loss: 0.704558789730072
INFO:root:Epoch: 4, Iteration: 31, Loss: 0.7118798494338989
INFO:root:Epoch: 4, Iteration: 32, Loss: 0.6972588896751404
INFO:root:Epoch: 4, Iteration: 33, Loss: 0.6786867380142212
INFO:root:Epoch: 4, Iteration: 34, Loss: 0.6726691722869873
INFO:root:Epoch: 4, Iteration: 35, Loss: 0.7175648808479309
INFO:root:Validation set mIOU: 76.86703526698297
INFO:root:Epoch: 5, Iteration: 36, Loss: 0.72548907995224
INFO:root:Epoch: 5, Iteration: 37, Loss: 0.7314831614494324
INFO:root:Epoch: 5, Iteration: 38, Loss: 0.7491444945335388
INFO:root:Epoch: 5, Iteration: 39, Loss: 0.6662346720695496
INFO:root:Epoch: 5, Iteration: 40, Loss: 0.7154989838600159
INFO:root:Epoch: 5, Iteration: 41, Loss: 0.715018630027771
INFO:root:Epoch: 5, Iteration: 42, Loss: 0.6575726866722107
INFO:root:Validation set mIOU: 78.28194389444843
INFO:root:Epoch: 6, Iteration: 43, Loss: 0.6789699792861938
INFO:root:Epoch: 6, Iteration: 44, Loss: 0.6741021275520325
INFO:root:Epoch: 6, Iteration: 45, Loss: 0.6413465142250061
INFO:root:Epoch: 6, Iteration: 46, Loss: 0.6501402854919434
INFO:root:Epoch: 6, Iteration: 47, Loss: 0.6424039602279663
INFO:root:Epoch: 6, Iteration: 48, Loss: 0.6697832942008972
INFO:root:Epoch: 6, Iteration: 49, Loss: 0.6578914523124695
INFO:root:Validation set mIOU: 75.58144140801066
INFO:root:Epoch: 7, Iteration: 50, Loss: 0.6506935358047485
INFO:root:Epoch: 7, Iteration: 51, Loss: 0.6763516664505005
INFO:root:Epoch: 7, Iteration: 52, Loss: 0.6279705166816711
INFO:root:Epoch: 7, Iteration: 53, Loss: 0.6561171412467957
INFO:root:Epoch: 7, Iteration: 54, Loss: 0.6397901177406311
INFO:root:Epoch: 7, Iteration: 55, Loss: 0.6323503851890564
INFO:root:Epoch: 7, Iteration: 56, Loss: 0.6571072340011597
INFO:root:Validation set mIOU: 77.93922292383525
INFO:root:Epoch: 8, Iteration: 57, Loss: 0.6531596779823303
INFO:root:Epoch: 8, Iteration: 58, Loss: 0.6697418093681335
INFO:root:Epoch: 8, Iteration: 59, Loss: 0.6569317579269409
INFO:root:Epoch: 8, Iteration: 60, Loss: 0.615997314453125
INFO:root:Epoch: 8, Iteration: 61, Loss: 0.63824462890625
INFO:root:Epoch: 8, Iteration: 62, Loss: 0.6347514390945435
INFO:root:Epoch: 8, Iteration: 63, Loss: 0.6586183309555054
INFO:root:Validation set mIOU: 83.9857624244483
INFO:root:Epoch: 9, Iteration: 64, Loss: 0.6137523055076599
INFO:root:Epoch: 9, Iteration: 65, Loss: 0.7294323444366455
INFO:root:Epoch: 9, Iteration: 66, Loss: 0.6184877157211304
INFO:root:Epoch: 9, Iteration: 67, Loss: 0.6802011132240295
INFO:root:Epoch: 9, Iteration: 68, Loss: 0.7109570503234863
INFO:root:Epoch: 9, Iteration: 69, Loss: 0.6702722311019897
INFO:root:Epoch: 9, Iteration: 70, Loss: 0.710239827632904
INFO:root:Validation set mIOU: 80.10013407275753
INFO:root:Epoch: 10, Iteration: 71, Loss: 0.6630839705467224
INFO:root:Epoch: 10, Iteration: 72, Loss: 0.6894274950027466
INFO:root:Epoch: 10, Iteration: 73, Loss: 0.7091273665428162
INFO:root:Epoch: 10, Iteration: 74, Loss: 0.6148918271064758
INFO:root:Epoch: 10, Iteration: 75, Loss: 0.6275624632835388
INFO:root:Epoch: 10, Iteration: 76, Loss: 0.6995227932929993
INFO:root:Epoch: 10, Iteration: 77, Loss: 0.6433815956115723
INFO:root:Validation set mIOU: 73.9413852054033
INFO:root:Epoch: 11, Iteration: 78, Loss: 0.6885676980018616
INFO:root:Epoch: 11, Iteration: 79, Loss: 0.6262369751930237
INFO:root:Epoch: 11, Iteration: 80, Loss: 0.6520578265190125
INFO:root:Epoch: 11, Iteration: 81, Loss: 0.6291975975036621
INFO:root:Epoch: 11, Iteration: 82, Loss: 0.6256659030914307
INFO:root:Epoch: 11, Iteration: 83, Loss: 0.6263236403465271
INFO:root:Epoch: 11, Iteration: 84, Loss: 0.6351503133773804
INFO:root:Validation set mIOU: 64.1385275617607
INFO:root:Epoch: 12, Iteration: 85, Loss: 0.6492361426353455
INFO:root:Epoch: 12, Iteration: 86, Loss: 0.6236829161643982
INFO:root:Epoch: 12, Iteration: 87, Loss: 0.6197128295898438
INFO:root:Epoch: 12, Iteration: 88, Loss: 0.6828004121780396
INFO:root:Epoch: 12, Iteration: 89, Loss: 0.6754060387611389
INFO:root:Epoch: 12, Iteration: 90, Loss: 0.6802219152450562
INFO:root:Epoch: 12, Iteration: 91, Loss: 0.6653173565864563
INFO:root:Validation set mIOU: 82.26500628691934
INFO:root:Epoch: 13, Iteration: 92, Loss: 0.6293272376060486
INFO:root:Epoch: 13, Iteration: 93, Loss: 0.67317134141922
INFO:root:Epoch: 13, Iteration: 94, Loss: 0.6870520710945129
INFO:root:Epoch: 13, Iteration: 95, Loss: 0.6379618644714355
INFO:root:Epoch: 13, Iteration: 96, Loss: 0.7068061232566833
INFO:root:Epoch: 13, Iteration: 97, Loss: 0.6597833633422852
INFO:root:Epoch: 13, Iteration: 98, Loss: 0.6830406785011292
INFO:root:Validation set mIOU: 67.26362028592602
INFO:root:Epoch: 14, Iteration: 99, Loss: 0.6761817932128906
INFO:root:Epoch: 14, Iteration: 100, Loss: 0.6298204660415649
INFO:root:Epoch: 14, Iteration: 101, Loss: 0.6381515860557556
INFO:root:Epoch: 14, Iteration: 102, Loss: 0.6119567155838013
INFO:root:Epoch: 14, Iteration: 103, Loss: 0.6283078789710999
INFO:root:Epoch: 14, Iteration: 104, Loss: 0.6245383620262146
INFO:root:Epoch: 14, Iteration: 105, Loss: 0.6502840518951416
INFO:root:Validation set mIOU: 70.49770991438461
INFO:root:Epoch: 15, Iteration: 106, Loss: 0.6676456928253174
INFO:root:Epoch: 15, Iteration: 107, Loss: 0.6382408142089844
INFO:root:Epoch: 15, Iteration: 108, Loss: 0.6675926446914673
INFO:root:Epoch: 15, Iteration: 109, Loss: 0.6164541840553284
INFO:root:Epoch: 15, Iteration: 110, Loss: 0.6082648038864136
INFO:root:Epoch: 15, Iteration: 111, Loss: 0.6557332277297974
INFO:root:Epoch: 15, Iteration: 112, Loss: 0.6634327173233032
INFO:root:Validation set mIOU: 64.2684811894905
INFO:root:Epoch: 16, Iteration: 113, Loss: 0.6992641687393188
INFO:root:Epoch: 16, Iteration: 114, Loss: 0.6570919156074524
INFO:root:Epoch: 16, Iteration: 115, Loss: 0.6108697056770325
INFO:root:Epoch: 16, Iteration: 116, Loss: 0.6458899974822998
INFO:root:Epoch: 16, Iteration: 117, Loss: 0.6021783351898193
INFO:root:Epoch: 16, Iteration: 118, Loss: 0.6295983791351318
INFO:root:Epoch: 16, Iteration: 119, Loss: 0.6071003675460815
INFO:root:Validation set mIOU: 66.96788525238405
INFO:root:Epoch: 17, Iteration: 120, Loss: 0.6760568618774414
INFO:root:Epoch: 17, Iteration: 121, Loss: 0.6220044493675232
INFO:root:Epoch: 17, Iteration: 122, Loss: 0.6254803538322449
INFO:root:Epoch: 17, Iteration: 123, Loss: 0.6420197486877441
INFO:root:Epoch: 17, Iteration: 124, Loss: 0.6640210151672363
INFO:root:Epoch: 17, Iteration: 125, Loss: 0.6844550967216492
INFO:root:Epoch: 17, Iteration: 126, Loss: 0.6169565320014954
INFO:root:Validation set mIOU: 77.08328894903995
INFO:root:Epoch: 18, Iteration: 127, Loss: 0.6391634345054626
INFO:root:Epoch: 18, Iteration: 128, Loss: 0.6428390741348267
INFO:root:Epoch: 18, Iteration: 129, Loss: 0.6520456075668335
INFO:root:Epoch: 18, Iteration: 130, Loss: 0.6550630331039429
INFO:root:Epoch: 18, Iteration: 131, Loss: 0.6829573512077332
INFO:root:Epoch: 18, Iteration: 132, Loss: 0.6787458658218384
INFO:root:Epoch: 18, Iteration: 133, Loss: 0.6111889481544495
INFO:root:Validation set mIOU: 72.58492238536002
INFO:root:Epoch: 19, Iteration: 134, Loss: 0.6739165782928467
INFO:root:Epoch: 19, Iteration: 135, Loss: 0.6726486682891846
INFO:root:Epoch: 19, Iteration: 136, Loss: 0.6708539724349976
INFO:root:Epoch: 19, Iteration: 137, Loss: 0.6640105843544006
INFO:root:Epoch: 19, Iteration: 138, Loss: 0.651759147644043
INFO:root:Epoch: 19, Iteration: 139, Loss: 0.6150930523872375
INFO:root:Epoch: 19, Iteration: 140, Loss: 0.6564627289772034
INFO:root:Validation set mIOU: 75.173373529094
INFO:root:Epoch: 20, Iteration: 141, Loss: 0.6261236667633057
INFO:root:Epoch: 20, Iteration: 142, Loss: 0.6143897175788879
INFO:root:Epoch: 20, Iteration: 143, Loss: 0.618679940700531
INFO:root:Epoch: 20, Iteration: 144, Loss: 0.6592989563941956
INFO:root:Epoch: 20, Iteration: 145, Loss: 0.6675648093223572
INFO:root:Epoch: 20, Iteration: 146, Loss: 0.7067456841468811
INFO:root:Epoch: 20, Iteration: 147, Loss: 0.7141159176826477
INFO:root:Validation set mIOU: 79.26324822969731
INFO:root:Epoch: 21, Iteration: 148, Loss: 0.642061710357666
INFO:root:Epoch: 21, Iteration: 149, Loss: 0.6882829666137695
INFO:root:Epoch: 21, Iteration: 150, Loss: 0.7055955529212952
INFO:root:Epoch: 21, Iteration: 151, Loss: 0.6684409379959106
INFO:root:Epoch: 21, Iteration: 152, Loss: 0.631314754486084
INFO:root:Epoch: 21, Iteration: 153, Loss: 0.6786579489707947
INFO:root:Epoch: 21, Iteration: 154, Loss: 0.6625254154205322
INFO:root:Validation set mIOU: 81.14335532185645
INFO:root:Epoch: 22, Iteration: 155, Loss: 0.6497641205787659
INFO:root:Epoch: 22, Iteration: 156, Loss: 0.6681830883026123
INFO:root:Epoch: 22, Iteration: 157, Loss: 0.6319990754127502
INFO:root:Epoch: 22, Iteration: 158, Loss: 0.622094452381134
INFO:root:Epoch: 22, Iteration: 159, Loss: 0.6300349831581116
INFO:root:Epoch: 22, Iteration: 160, Loss: 0.6548687815666199
INFO:root:Epoch: 22, Iteration: 161, Loss: 0.6308095455169678
INFO:root:Validation set mIOU: 79.5067706182811
INFO:root:Epoch: 23, Iteration: 162, Loss: 0.6224063634872437
INFO:root:Epoch: 23, Iteration: 163, Loss: 0.6248686909675598
INFO:root:Epoch: 23, Iteration: 164, Loss: 0.6141151785850525
INFO:root:Epoch: 23, Iteration: 165, Loss: 0.6286348700523376
INFO:root:Epoch: 23, Iteration: 166, Loss: 0.6385778188705444
INFO:root:Epoch: 23, Iteration: 167, Loss: 0.6903015971183777
INFO:root:Epoch: 23, Iteration: 168, Loss: 0.6530236005783081
INFO:root:Validation set mIOU: 84.84454987794483
INFO:root:Epoch: 24, Iteration: 169, Loss: 0.6315144896507263
INFO:root:Epoch: 24, Iteration: 170, Loss: 0.6293752789497375
INFO:root:Epoch: 24, Iteration: 171, Loss: 0.6090897917747498
INFO:root:Epoch: 24, Iteration: 172, Loss: 0.6270806193351746
INFO:root:Epoch: 24, Iteration: 173, Loss: 0.6236667037010193
INFO:root:Epoch: 24, Iteration: 174, Loss: 0.6368875503540039
INFO:root:Epoch: 24, Iteration: 175, Loss: 0.6538602113723755
INFO:root:Validation set mIOU: 81.01459545510878
INFO:root:Epoch: 25, Iteration: 176, Loss: 0.605792760848999
INFO:root:Epoch: 25, Iteration: 177, Loss: 0.6110061407089233
INFO:root:Epoch: 25, Iteration: 178, Loss: 0.6393522024154663
INFO:root:Epoch: 25, Iteration: 179, Loss: 0.6221131682395935
INFO:root:Epoch: 25, Iteration: 180, Loss: 0.6973302364349365
INFO:root:Epoch: 25, Iteration: 181, Loss: 0.7083165049552917
INFO:root:Epoch: 25, Iteration: 182, Loss: 0.6363471746444702
INFO:root:Validation set mIOU: 82.56454791334093
INFO:root:Epoch: 26, Iteration: 183, Loss: 0.6765665411949158
INFO:root:Epoch: 26, Iteration: 184, Loss: 0.6175872087478638
INFO:root:Epoch: 26, Iteration: 185, Loss: 0.6762844324111938
INFO:root:Epoch: 26, Iteration: 186, Loss: 0.6405360698699951
INFO:root:Epoch: 26, Iteration: 187, Loss: 0.6099979877471924
INFO:root:Epoch: 26, Iteration: 188, Loss: 0.6311914920806885
INFO:root:Epoch: 26, Iteration: 189, Loss: 0.6355432271957397
INFO:root:Validation set mIOU: 84.62575065068226
INFO:root:Epoch: 27, Iteration: 190, Loss: 0.683073103427887
INFO:root:Epoch: 27, Iteration: 191, Loss: 0.6268318295478821
INFO:root:Epoch: 27, Iteration: 192, Loss: 0.6293127536773682
INFO:root:Epoch: 27, Iteration: 193, Loss: 0.6149924993515015
INFO:root:Epoch: 27, Iteration: 194, Loss: 0.6281651854515076
INFO:root:Epoch: 27, Iteration: 195, Loss: 0.6075778007507324
INFO:root:Epoch: 27, Iteration: 196, Loss: 0.6392350792884827
INFO:root:Validation set mIOU: 82.82116053135074
INFO:root:Epoch: 28, Iteration: 197, Loss: 0.6770073771476746
INFO:root:Epoch: 28, Iteration: 198, Loss: 0.6342440843582153
INFO:root:Epoch: 28, Iteration: 199, Loss: 0.7211564183235168
INFO:root:Epoch: 28, Iteration: 200, Loss: 0.658036470413208
INFO:root:Epoch: 28, Iteration: 201, Loss: 0.6029635667800903
INFO:root:Epoch: 28, Iteration: 202, Loss: 0.6312776207923889
INFO:root:Epoch: 28, Iteration: 203, Loss: 0.6098140478134155
INFO:root:Validation set mIOU: 3.962733590795622
INFO:root:Epoch: 29, Iteration: 204, Loss: 0.6236525774002075
INFO:root:Epoch: 29, Iteration: 205, Loss: 0.6432803869247437
INFO:root:Epoch: 29, Iteration: 206, Loss: 0.6616882085800171
INFO:root:Epoch: 29, Iteration: 207, Loss: 0.6148838996887207
INFO:root:Epoch: 29, Iteration: 208, Loss: 0.663819432258606
INFO:root:Epoch: 29, Iteration: 209, Loss: 0.6251038312911987
INFO:root:Epoch: 29, Iteration: 210, Loss: 0.6194208860397339
INFO:root:Validation set mIOU: 56.18606640786478
INFO:root:Epoch: 30, Iteration: 211, Loss: 0.682865560054779
INFO:root:Epoch: 30, Iteration: 212, Loss: 0.6396551132202148
INFO:root:Epoch: 30, Iteration: 213, Loss: 0.6541281938552856
INFO:root:Epoch: 30, Iteration: 214, Loss: 0.6451613903045654
INFO:root:Epoch: 30, Iteration: 215, Loss: 0.6244445443153381
INFO:root:Epoch: 30, Iteration: 216, Loss: 0.6055013537406921
INFO:root:Epoch: 30, Iteration: 217, Loss: 0.6230658888816833
INFO:root:Validation set mIOU: 83.41056916991121
INFO:root:Epoch: 31, Iteration: 218, Loss: 0.6382210850715637
INFO:root:Epoch: 31, Iteration: 219, Loss: 0.6080110669136047
INFO:root:Epoch: 31, Iteration: 220, Loss: 0.5803647637367249
INFO:root:Epoch: 31, Iteration: 221, Loss: 0.6068350076675415
INFO:root:Epoch: 31, Iteration: 222, Loss: 0.6357537508010864
INFO:root:Epoch: 31, Iteration: 223, Loss: 0.6220563650131226
INFO:root:Epoch: 31, Iteration: 224, Loss: 0.6329824328422546
INFO:root:Validation set mIOU: 81.69452950183884
INFO:root:Epoch: 32, Iteration: 225, Loss: 0.6260078549385071
INFO:root:Epoch: 32, Iteration: 226, Loss: 0.6396600008010864
INFO:root:Epoch: 32, Iteration: 227, Loss: 0.6149575710296631
INFO:root:Epoch: 32, Iteration: 228, Loss: 0.60762619972229
INFO:root:Epoch: 32, Iteration: 229, Loss: 0.6115561723709106
INFO:root:Epoch: 32, Iteration: 230, Loss: 0.6496552228927612
INFO:root:Epoch: 32, Iteration: 231, Loss: 0.6214239597320557
INFO:root:Validation set mIOU: 82.98323575031765
INFO:root:Epoch: 33, Iteration: 232, Loss: 0.6526521444320679
INFO:root:Epoch: 33, Iteration: 233, Loss: 0.6070675253868103
INFO:root:Epoch: 33, Iteration: 234, Loss: 0.605019211769104
INFO:root:Epoch: 33, Iteration: 235, Loss: 0.6177003383636475
INFO:root:Epoch: 33, Iteration: 236, Loss: 0.6249766945838928
INFO:root:Epoch: 33, Iteration: 237, Loss: 0.6508498191833496
INFO:root:Epoch: 33, Iteration: 238, Loss: 0.6205379962921143
INFO:root:Validation set mIOU: 69.4653286168098
INFO:root:Epoch: 34, Iteration: 239, Loss: 0.5904431343078613
INFO:root:Epoch: 34, Iteration: 240, Loss: 0.6157885193824768
INFO:root:Epoch: 34, Iteration: 241, Loss: 0.6436309218406677
INFO:root:Epoch: 34, Iteration: 242, Loss: 0.6020193099975586
INFO:root:Epoch: 34, Iteration: 243, Loss: 0.6673096418380737
INFO:root:Epoch: 34, Iteration: 244, Loss: 0.6562030911445618
INFO:root:Epoch: 34, Iteration: 245, Loss: 0.670645534992218
INFO:root:Validation set mIOU: 81.68772403601592
INFO:root:Epoch: 35, Iteration: 246, Loss: 0.6280436515808105
INFO:root:Epoch: 35, Iteration: 247, Loss: 0.6202983260154724
INFO:root:Epoch: 35, Iteration: 248, Loss: 0.6290853023529053
INFO:root:Epoch: 35, Iteration: 249, Loss: 0.634682297706604
INFO:root:Epoch: 35, Iteration: 250, Loss: 0.6319255232810974
INFO:root:Epoch: 35, Iteration: 251, Loss: 0.655646562576294
INFO:root:Epoch: 35, Iteration: 252, Loss: 0.6153254508972168
INFO:root:Validation set mIOU: 79.4546265472128
INFO:root:Epoch: 36, Iteration: 253, Loss: 0.6164982318878174
INFO:root:Epoch: 36, Iteration: 254, Loss: 0.6398300528526306
INFO:root:Epoch: 36, Iteration: 255, Loss: 0.6734914779663086
INFO:root:Epoch: 36, Iteration: 256, Loss: 0.6313382387161255
INFO:root:Epoch: 36, Iteration: 257, Loss: 0.6472021341323853
INFO:root:Epoch: 36, Iteration: 258, Loss: 0.6159625053405762
INFO:root:Epoch: 36, Iteration: 259, Loss: 0.6131685972213745
INFO:root:Validation set mIOU: 85.50382632969323
INFO:root:Epoch: 37, Iteration: 260, Loss: 0.6461772322654724
INFO:root:Epoch: 37, Iteration: 261, Loss: 0.6966989636421204
INFO:root:Epoch: 37, Iteration: 262, Loss: 0.6334306597709656
INFO:root:Epoch: 37, Iteration: 263, Loss: 0.6329930424690247
INFO:root:Epoch: 37, Iteration: 264, Loss: 0.631152331829071
INFO:root:Epoch: 37, Iteration: 265, Loss: 0.6021168231964111
INFO:root:Epoch: 37, Iteration: 266, Loss: 0.616187572479248
INFO:root:Validation set mIOU: 82.18815977780552
INFO:root:Epoch: 38, Iteration: 267, Loss: 0.6123161911964417
INFO:root:Epoch: 38, Iteration: 268, Loss: 0.6268984079360962
INFO:root:Epoch: 38, Iteration: 269, Loss: 0.6261127591133118
INFO:root:Epoch: 38, Iteration: 270, Loss: 0.5994560122489929
INFO:root:Epoch: 38, Iteration: 271, Loss: 0.630099356174469
INFO:root:Epoch: 38, Iteration: 272, Loss: 0.6591615676879883
INFO:root:Epoch: 38, Iteration: 273, Loss: 0.5986762642860413
INFO:root:Validation set mIOU: 83.49017473334716
INFO:root:Epoch: 39, Iteration: 274, Loss: 0.6067776679992676
INFO:root:Epoch: 39, Iteration: 275, Loss: 0.6679061055183411
INFO:root:Epoch: 39, Iteration: 276, Loss: 0.7101863026618958
INFO:root:Epoch: 39, Iteration: 277, Loss: 0.6369795203208923
INFO:root:Epoch: 39, Iteration: 278, Loss: 0.6051000952720642
INFO:root:Epoch: 39, Iteration: 279, Loss: 0.6245943903923035
INFO:root:Epoch: 39, Iteration: 280, Loss: 0.6557877659797668
INFO:root:Validation set mIOU: 86.44161538628849
INFO:root:Epoch: 40, Iteration: 281, Loss: 0.6206896305084229
INFO:root:Epoch: 40, Iteration: 282, Loss: 0.6331155896186829
INFO:root:Epoch: 40, Iteration: 283, Loss: 0.6693891882896423
INFO:root:Epoch: 40, Iteration: 284, Loss: 0.6082745790481567
INFO:root:Epoch: 40, Iteration: 285, Loss: 0.6007749438285828
INFO:root:Epoch: 40, Iteration: 286, Loss: 0.6240500211715698
INFO:root:Epoch: 40, Iteration: 287, Loss: 0.5993985533714294
INFO:root:Validation set mIOU: 81.52161397637899
INFO:root:Epoch: 41, Iteration: 288, Loss: 0.6478688716888428
INFO:root:Epoch: 41, Iteration: 289, Loss: 0.602292537689209
INFO:root:Epoch: 41, Iteration: 290, Loss: 0.614224910736084
INFO:root:Epoch: 41, Iteration: 291, Loss: 0.6323313117027283
INFO:root:Epoch: 41, Iteration: 292, Loss: 0.6147234439849854
INFO:root:Epoch: 41, Iteration: 293, Loss: 0.625543475151062
INFO:root:Epoch: 41, Iteration: 294, Loss: 0.6304855942726135
INFO:root:Validation set mIOU: 78.89820938396764
INFO:root:Epoch: 42, Iteration: 295, Loss: 0.5978588461875916
INFO:root:Epoch: 42, Iteration: 296, Loss: 0.6432150602340698
INFO:root:Epoch: 42, Iteration: 297, Loss: 0.6306286454200745
INFO:root:Epoch: 42, Iteration: 298, Loss: 0.668340265750885
INFO:root:Epoch: 42, Iteration: 299, Loss: 0.6198709011077881
INFO:root:Epoch: 42, Iteration: 300, Loss: 0.6111043095588684
INFO:root:Epoch: 42, Iteration: 301, Loss: 0.6054914593696594
INFO:root:Validation set mIOU: 80.857746664569
INFO:root:Epoch: 43, Iteration: 302, Loss: 0.6208688020706177
INFO:root:Epoch: 43, Iteration: 303, Loss: 0.6070762276649475
INFO:root:Epoch: 43, Iteration: 304, Loss: 0.6020152568817139
INFO:root:Epoch: 43, Iteration: 305, Loss: 0.6249901056289673
INFO:root:Epoch: 43, Iteration: 306, Loss: 0.6304115056991577
INFO:root:Epoch: 43, Iteration: 307, Loss: 0.6304452419281006
INFO:root:Epoch: 43, Iteration: 308, Loss: 0.6103952527046204
INFO:root:Validation set mIOU: 77.81298379475054
INFO:root:Epoch: 44, Iteration: 309, Loss: 0.5822919011116028
INFO:root:Epoch: 44, Iteration: 310, Loss: 0.6240729689598083
INFO:root:Epoch: 44, Iteration: 311, Loss: 0.6577826142311096
INFO:root:Epoch: 44, Iteration: 312, Loss: 0.6200597286224365
INFO:root:Epoch: 44, Iteration: 313, Loss: 0.619736909866333
INFO:root:Epoch: 44, Iteration: 314, Loss: 0.6709228754043579
INFO:root:Epoch: 44, Iteration: 315, Loss: 0.6215168833732605
INFO:root:Validation set mIOU: 73.04433052634464
INFO:root:Epoch: 45, Iteration: 316, Loss: 0.6031073927879333
INFO:root:Epoch: 45, Iteration: 317, Loss: 0.6192322373390198
INFO:root:Epoch: 45, Iteration: 318, Loss: 0.6192712783813477
INFO:root:Epoch: 45, Iteration: 319, Loss: 0.6206191778182983
INFO:root:Epoch: 45, Iteration: 320, Loss: 0.622413694858551
INFO:root:Epoch: 45, Iteration: 321, Loss: 0.6377609968185425
INFO:root:Epoch: 45, Iteration: 322, Loss: 0.6473339200019836
INFO:root:Validation set mIOU: 83.70689389001056
INFO:root:Epoch: 46, Iteration: 323, Loss: 0.6175398230552673
INFO:root:Epoch: 46, Iteration: 324, Loss: 0.6211792826652527
INFO:root:Epoch: 46, Iteration: 325, Loss: 0.6310953497886658
INFO:root:Epoch: 46, Iteration: 326, Loss: 0.6516065001487732
INFO:root:Epoch: 46, Iteration: 327, Loss: 0.6154821515083313
INFO:root:Epoch: 46, Iteration: 328, Loss: 0.661313533782959
INFO:root:Epoch: 46, Iteration: 329, Loss: 0.6107461452484131
INFO:root:Validation set mIOU: 77.75454295322895
INFO:root:Epoch: 47, Iteration: 330, Loss: 0.6285077333450317
INFO:root:Epoch: 47, Iteration: 331, Loss: 0.6610644459724426
INFO:root:Epoch: 47, Iteration: 332, Loss: 0.6320024132728577
INFO:root:Epoch: 47, Iteration: 333, Loss: 0.605336606502533
INFO:root:Epoch: 47, Iteration: 334, Loss: 0.6233068704605103
INFO:root:Epoch: 47, Iteration: 335, Loss: 0.6364699006080627
INFO:root:Epoch: 47, Iteration: 336, Loss: 0.5958458781242371
INFO:root:Validation set mIOU: 85.1365270422885
INFO:root:Epoch: 48, Iteration: 337, Loss: 0.6362894177436829
INFO:root:Epoch: 48, Iteration: 338, Loss: 0.6200675368309021
INFO:root:Epoch: 48, Iteration: 339, Loss: 0.6652879118919373
INFO:root:Epoch: 48, Iteration: 340, Loss: 0.6386711001396179
INFO:root:Epoch: 48, Iteration: 341, Loss: 0.6059991121292114
INFO:root:Epoch: 48, Iteration: 342, Loss: 0.6233987212181091
INFO:root:Epoch: 48, Iteration: 343, Loss: 0.6083484888076782
INFO:root:Validation set mIOU: 82.52890523450337
INFO:root:Epoch: 49, Iteration: 344, Loss: 0.6115844249725342
INFO:root:Epoch: 49, Iteration: 345, Loss: 0.6198752522468567
INFO:root:Epoch: 49, Iteration: 346, Loss: 0.646826446056366
INFO:root:Epoch: 49, Iteration: 347, Loss: 0.5967022180557251
INFO:root:Epoch: 49, Iteration: 348, Loss: 0.6426953673362732
INFO:root:Epoch: 49, Iteration: 349, Loss: 0.6826757192611694
INFO:root:Epoch: 49, Iteration: 350, Loss: 0.6053943037986755
INFO:root:Validation set mIOU: 73.89020311255514
INFO:root:Epoch: 50, Iteration: 351, Loss: 0.6176522970199585
INFO:root:Epoch: 50, Iteration: 352, Loss: 0.6291754245758057
INFO:root:Epoch: 50, Iteration: 353, Loss: 0.598913848400116
INFO:root:Epoch: 50, Iteration: 354, Loss: 0.6010863780975342
INFO:root:Epoch: 50, Iteration: 355, Loss: 0.6528097987174988
INFO:root:Epoch: 50, Iteration: 356, Loss: 0.6181476712226868
INFO:root:Epoch: 50, Iteration: 357, Loss: 0.6203151941299438
INFO:root:Validation set mIOU: 76.89642204297688
INFO:root:Epoch: 51, Iteration: 358, Loss: 0.6825666427612305
INFO:root:Epoch: 51, Iteration: 359, Loss: 0.6126238703727722
INFO:root:Epoch: 51, Iteration: 360, Loss: 0.6024078726768494
INFO:root:Epoch: 51, Iteration: 361, Loss: 0.618058979511261
INFO:root:Epoch: 51, Iteration: 362, Loss: 0.6356968879699707
INFO:root:Epoch: 51, Iteration: 363, Loss: 0.6060625314712524
INFO:root:Epoch: 51, Iteration: 364, Loss: 0.6381826996803284
INFO:root:Validation set mIOU: 76.81167852391177
INFO:root:Epoch: 52, Iteration: 365, Loss: 0.6043742299079895
INFO:root:Epoch: 52, Iteration: 366, Loss: 0.5947563648223877
INFO:root:Epoch: 52, Iteration: 367, Loss: 0.6503512859344482
INFO:root:Epoch: 52, Iteration: 368, Loss: 0.6285765171051025
INFO:root:Epoch: 52, Iteration: 369, Loss: 0.6179410815238953
INFO:root:Epoch: 52, Iteration: 370, Loss: 0.676101803779602
INFO:root:Epoch: 52, Iteration: 371, Loss: 0.6951013803482056
INFO:root:Validation set mIOU: 85.19919195513158
INFO:root:Epoch: 53, Iteration: 372, Loss: 0.63227379322052
INFO:root:Epoch: 53, Iteration: 373, Loss: 0.6177894473075867
INFO:root:Epoch: 53, Iteration: 374, Loss: 0.6136361956596375
INFO:root:Epoch: 53, Iteration: 375, Loss: 0.6389576196670532
INFO:root:Epoch: 53, Iteration: 376, Loss: 0.6107417941093445
INFO:root:Epoch: 53, Iteration: 377, Loss: 0.6118207573890686
INFO:root:Epoch: 53, Iteration: 378, Loss: 0.6233838200569153
INFO:root:Validation set mIOU: 85.80882905962012
INFO:root:Epoch: 54, Iteration: 379, Loss: 0.626207709312439
INFO:root:Epoch: 54, Iteration: 380, Loss: 0.6138942241668701
INFO:root:Epoch: 54, Iteration: 381, Loss: 0.6200942397117615
INFO:root:Epoch: 54, Iteration: 382, Loss: 0.6540241241455078
INFO:root:Epoch: 54, Iteration: 383, Loss: 0.6382642984390259
INFO:root:Epoch: 54, Iteration: 384, Loss: 0.6237245798110962
INFO:root:Epoch: 54, Iteration: 385, Loss: 0.6123409271240234
INFO:root:Validation set mIOU: 82.75463743729254
INFO:root:Epoch: 55, Iteration: 386, Loss: 0.6207852363586426
INFO:root:Epoch: 55, Iteration: 387, Loss: 0.6337295770645142
INFO:root:Epoch: 55, Iteration: 388, Loss: 0.6105184555053711
INFO:root:Epoch: 55, Iteration: 389, Loss: 0.5947921276092529
INFO:root:Epoch: 55, Iteration: 390, Loss: 0.6322290301322937
INFO:root:Epoch: 55, Iteration: 391, Loss: 0.5916718244552612
INFO:root:Epoch: 55, Iteration: 392, Loss: 0.600188672542572
INFO:root:Validation set mIOU: 83.92941504957152
INFO:root:Epoch: 56, Iteration: 393, Loss: 0.6101268529891968
INFO:root:Epoch: 56, Iteration: 394, Loss: 0.6040805578231812
INFO:root:Epoch: 56, Iteration: 395, Loss: 0.6385429501533508
INFO:root:Epoch: 56, Iteration: 396, Loss: 0.5949974656105042
INFO:root:Epoch: 56, Iteration: 397, Loss: 0.5987110137939453
INFO:root:Epoch: 56, Iteration: 398, Loss: 0.5948334336280823
INFO:root:Epoch: 56, Iteration: 399, Loss: 0.6614912152290344
INFO:root:Validation set mIOU: 85.30341545362104
INFO:root:Epoch: 57, Iteration: 400, Loss: 0.6639564633369446
INFO:root:Epoch: 57, Iteration: 401, Loss: 0.5979617834091187
INFO:root:Epoch: 57, Iteration: 402, Loss: 0.5963059067726135
INFO:root:Epoch: 57, Iteration: 403, Loss: 0.6091359853744507
INFO:root:Epoch: 57, Iteration: 404, Loss: 0.600235641002655
INFO:root:Epoch: 57, Iteration: 405, Loss: 0.6247134804725647
INFO:root:Epoch: 57, Iteration: 406, Loss: 0.6271815299987793
INFO:root:Validation set mIOU: 78.53296866295533
INFO:root:Epoch: 58, Iteration: 407, Loss: 0.6278817057609558
INFO:root:Epoch: 58, Iteration: 408, Loss: 0.6056395173072815
INFO:root:Epoch: 58, Iteration: 409, Loss: 0.613672137260437
INFO:root:Epoch: 58, Iteration: 410, Loss: 0.605424702167511
INFO:root:Epoch: 58, Iteration: 411, Loss: 0.6261745095252991
INFO:root:Epoch: 58, Iteration: 412, Loss: 0.5960568189620972
INFO:root:Epoch: 58, Iteration: 413, Loss: 0.6200639009475708
INFO:root:Validation set mIOU: 81.90505965858966
INFO:root:Epoch: 59, Iteration: 414, Loss: 0.5970937013626099
INFO:root:Epoch: 59, Iteration: 415, Loss: 0.6021333336830139
INFO:root:Epoch: 59, Iteration: 416, Loss: 0.616550087928772
INFO:root:Epoch: 59, Iteration: 417, Loss: 0.6219651103019714
INFO:root:Epoch: 59, Iteration: 418, Loss: 0.6160712838172913
INFO:root:Epoch: 59, Iteration: 419, Loss: 0.5902622938156128
INFO:root:Epoch: 59, Iteration: 420, Loss: 0.6270045042037964
INFO:root:Validation set mIOU: 85.96037303603131
INFO:root:Epoch: 60, Iteration: 421, Loss: 0.633394718170166
INFO:root:Epoch: 60, Iteration: 422, Loss: 0.6154686808586121
INFO:root:Epoch: 60, Iteration: 423, Loss: 0.6438246369361877
INFO:root:Epoch: 60, Iteration: 424, Loss: 0.6324125528335571
INFO:root:Epoch: 60, Iteration: 425, Loss: 0.587486982345581
INFO:root:Epoch: 60, Iteration: 426, Loss: 0.6433553695678711
INFO:root:Epoch: 60, Iteration: 427, Loss: 0.6220693588256836
INFO:root:Validation set mIOU: 59.789293589410995
INFO:root:Epoch: 61, Iteration: 428, Loss: 0.5902853012084961
INFO:root:Epoch: 61, Iteration: 429, Loss: 0.5990827083587646
INFO:root:Epoch: 61, Iteration: 430, Loss: 0.6422162055969238
INFO:root:Epoch: 61, Iteration: 431, Loss: 0.6321613788604736
INFO:root:Epoch: 61, Iteration: 432, Loss: 0.6262089610099792
INFO:root:Epoch: 61, Iteration: 433, Loss: 0.588777482509613
INFO:root:Epoch: 61, Iteration: 434, Loss: 0.6064513325691223
INFO:root:Validation set mIOU: 25.36355376552536
INFO:root:Epoch: 62, Iteration: 435, Loss: 0.6394672989845276
INFO:root:Epoch: 62, Iteration: 436, Loss: 0.6247835755348206
INFO:root:Epoch: 62, Iteration: 437, Loss: 0.6424238085746765
INFO:root:Epoch: 62, Iteration: 438, Loss: 0.6082772016525269
INFO:root:Epoch: 62, Iteration: 439, Loss: 0.6009625792503357
INFO:root:Epoch: 62, Iteration: 440, Loss: 0.6525845527648926
INFO:root:Epoch: 62, Iteration: 441, Loss: 0.6295358538627625
INFO:root:Validation set mIOU: 81.38137923272924
INFO:root:Epoch: 63, Iteration: 442, Loss: 0.5862096548080444
INFO:root:Epoch: 63, Iteration: 443, Loss: 0.5917960405349731
INFO:root:Epoch: 63, Iteration: 444, Loss: 0.6076503396034241
INFO:root:Epoch: 63, Iteration: 445, Loss: 0.6327308416366577
INFO:root:Epoch: 63, Iteration: 446, Loss: 0.6731747388839722
INFO:root:Epoch: 63, Iteration: 447, Loss: 0.6342545747756958
INFO:root:Epoch: 63, Iteration: 448, Loss: 0.6156647801399231
INFO:root:Validation set mIOU: 85.74582772508987
INFO:root:Epoch: 64, Iteration: 449, Loss: 0.5987129211425781
INFO:root:Epoch: 64, Iteration: 450, Loss: 0.618596613407135
INFO:root:Epoch: 64, Iteration: 451, Loss: 0.6285507082939148
INFO:root:Epoch: 64, Iteration: 452, Loss: 0.5959171652793884
INFO:root:Epoch: 64, Iteration: 453, Loss: 0.5931156277656555
INFO:root:Epoch: 64, Iteration: 454, Loss: 0.6574794054031372
INFO:root:Epoch: 64, Iteration: 455, Loss: 0.6141392588615417
INFO:root:Validation set mIOU: 82.8118158976527
INFO:root:Epoch: 65, Iteration: 456, Loss: 0.6085952520370483
INFO:root:Epoch: 65, Iteration: 457, Loss: 0.6118195652961731
INFO:root:Epoch: 65, Iteration: 458, Loss: 0.6001330018043518
INFO:root:Epoch: 65, Iteration: 459, Loss: 0.6189101934432983
INFO:root:Epoch: 65, Iteration: 460, Loss: 0.6051536202430725
INFO:root:Epoch: 65, Iteration: 461, Loss: 0.620786190032959
INFO:root:Epoch: 65, Iteration: 462, Loss: 0.6035169363021851
INFO:root:Validation set mIOU: 86.5435497274357
INFO:root:Epoch: 66, Iteration: 463, Loss: 0.6305515766143799
INFO:root:Epoch: 66, Iteration: 464, Loss: 0.6080449819564819
INFO:root:Epoch: 66, Iteration: 465, Loss: 0.6334645748138428
INFO:root:Epoch: 66, Iteration: 466, Loss: 0.622002124786377
INFO:root:Epoch: 66, Iteration: 467, Loss: 0.6312391757965088
INFO:root:Epoch: 66, Iteration: 468, Loss: 0.6081491708755493
INFO:root:Epoch: 66, Iteration: 469, Loss: 0.6376428604125977
INFO:root:Validation set mIOU: 84.11292362402124
INFO:root:Epoch: 67, Iteration: 470, Loss: 0.6277436017990112
INFO:root:Epoch: 67, Iteration: 471, Loss: 0.5930061936378479
INFO:root:Epoch: 67, Iteration: 472, Loss: 0.5887573957443237
INFO:root:Epoch: 67, Iteration: 473, Loss: 0.5936587452888489
INFO:root:Epoch: 67, Iteration: 474, Loss: 0.5951578617095947
INFO:root:Epoch: 67, Iteration: 475, Loss: 0.6125924587249756
INFO:root:Epoch: 67, Iteration: 476, Loss: 0.6341079473495483
INFO:root:Validation set mIOU: 82.11599774292489
INFO:root:Epoch: 68, Iteration: 477, Loss: 0.6166269183158875
INFO:root:Epoch: 68, Iteration: 478, Loss: 0.6158182621002197
INFO:root:Epoch: 68, Iteration: 479, Loss: 0.62232905626297
INFO:root:Epoch: 68, Iteration: 480, Loss: 0.60964035987854
INFO:root:Epoch: 68, Iteration: 481, Loss: 0.6006531715393066
INFO:root:Epoch: 68, Iteration: 482, Loss: 0.6034882664680481
INFO:root:Epoch: 68, Iteration: 483, Loss: 0.6014145612716675
INFO:root:Validation set mIOU: 84.85776055873147
INFO:root:Epoch: 69, Iteration: 484, Loss: 0.6248080730438232
INFO:root:Epoch: 69, Iteration: 485, Loss: 0.6098094582557678
INFO:root:Epoch: 69, Iteration: 486, Loss: 0.596192479133606
INFO:root:Epoch: 69, Iteration: 487, Loss: 0.5982480645179749
INFO:root:Epoch: 69, Iteration: 488, Loss: 0.6089221835136414
INFO:root:Epoch: 69, Iteration: 489, Loss: 0.6166647672653198
INFO:root:Epoch: 69, Iteration: 490, Loss: 0.6056737899780273
INFO:root:Validation set mIOU: 83.26041405014304
INFO:root:Epoch: 70, Iteration: 491, Loss: 0.6026225686073303
INFO:root:Epoch: 70, Iteration: 492, Loss: 0.6368714570999146
INFO:root:Epoch: 70, Iteration: 493, Loss: 0.6323983073234558
INFO:root:Epoch: 70, Iteration: 494, Loss: 0.5923861861228943
INFO:root:Epoch: 70, Iteration: 495, Loss: 0.6069387793540955
INFO:root:Epoch: 70, Iteration: 496, Loss: 0.601299524307251
INFO:root:Epoch: 70, Iteration: 497, Loss: 0.6063580513000488
INFO:root:Validation set mIOU: 61.85108543900941
INFO:root:Epoch: 71, Iteration: 498, Loss: 0.6125043630599976
INFO:root:Epoch: 71, Iteration: 499, Loss: 0.6052646040916443
INFO:root:Epoch: 71, Iteration: 500, Loss: 0.6634873151779175
INFO:root:Epoch: 71, Iteration: 501, Loss: 0.6273640394210815
INFO:root:Epoch: 71, Iteration: 502, Loss: 0.6455526947975159
INFO:root:Epoch: 71, Iteration: 503, Loss: 0.5970877408981323
INFO:root:Epoch: 71, Iteration: 504, Loss: 0.5919790863990784
INFO:root:Validation set mIOU: 82.58383307352064
INFO:root:Epoch: 72, Iteration: 505, Loss: 0.6175314784049988
INFO:root:Epoch: 72, Iteration: 506, Loss: 0.5942779183387756
INFO:root:Epoch: 72, Iteration: 507, Loss: 0.6119195818901062
INFO:root:Epoch: 72, Iteration: 508, Loss: 0.5891887545585632
INFO:root:Epoch: 72, Iteration: 509, Loss: 0.5958412885665894
INFO:root:Epoch: 72, Iteration: 510, Loss: 0.6323911547660828
INFO:root:Epoch: 72, Iteration: 511, Loss: 0.5941407680511475
INFO:root:Validation set mIOU: 84.00166882397185
INFO:root:Epoch: 73, Iteration: 512, Loss: 0.5921502709388733
INFO:root:Epoch: 73, Iteration: 513, Loss: 0.5987269282341003
INFO:root:Epoch: 73, Iteration: 514, Loss: 0.6229626536369324
INFO:root:Epoch: 73, Iteration: 515, Loss: 0.6115357875823975
INFO:root:Epoch: 73, Iteration: 516, Loss: 0.5946139097213745
INFO:root:Epoch: 73, Iteration: 517, Loss: 0.6095205545425415
INFO:root:Epoch: 73, Iteration: 518, Loss: 0.6180288791656494
INFO:root:Validation set mIOU: 86.1461983011452
INFO:root:Epoch: 74, Iteration: 519, Loss: 0.5959910750389099
INFO:root:Epoch: 74, Iteration: 520, Loss: 0.6065770983695984
INFO:root:Epoch: 74, Iteration: 521, Loss: 0.5834267735481262
INFO:root:Epoch: 74, Iteration: 522, Loss: 0.6153644919395447
INFO:root:Epoch: 74, Iteration: 523, Loss: 0.6002172827720642
INFO:root:Epoch: 74, Iteration: 524, Loss: 0.6129003167152405
INFO:root:Epoch: 74, Iteration: 525, Loss: 0.594951331615448
INFO:root:Validation set mIOU: 84.7140141749045
INFO:root:Epoch: 75, Iteration: 526, Loss: 0.5967711210250854
INFO:root:Epoch: 75, Iteration: 527, Loss: 0.5984465479850769
INFO:root:Epoch: 75, Iteration: 528, Loss: 0.6220895051956177
INFO:root:Epoch: 75, Iteration: 529, Loss: 0.6212850213050842
INFO:root:Epoch: 75, Iteration: 530, Loss: 0.6182143092155457
INFO:root:Epoch: 75, Iteration: 531, Loss: 0.6003809571266174
INFO:root:Epoch: 75, Iteration: 532, Loss: 0.5968310236930847
INFO:root:Validation set mIOU: 85.58320566536338
INFO:root:Epoch: 76, Iteration: 533, Loss: 0.580008327960968
INFO:root:Epoch: 76, Iteration: 534, Loss: 0.6207872033119202
INFO:root:Epoch: 76, Iteration: 535, Loss: 0.5938100814819336
INFO:root:Epoch: 76, Iteration: 536, Loss: 0.6338858008384705
INFO:root:Epoch: 76, Iteration: 537, Loss: 0.615855872631073
INFO:root:Epoch: 76, Iteration: 538, Loss: 0.6131341457366943
INFO:root:Epoch: 76, Iteration: 539, Loss: 0.629301130771637
INFO:root:Validation set mIOU: 82.81837634363313
INFO:root:Epoch: 77, Iteration: 540, Loss: 0.5994451642036438
INFO:root:Epoch: 77, Iteration: 541, Loss: 0.5882111191749573
INFO:root:Epoch: 77, Iteration: 542, Loss: 0.5905651450157166
INFO:root:Epoch: 77, Iteration: 543, Loss: 0.6021717190742493
INFO:root:Epoch: 77, Iteration: 544, Loss: 0.6042353510856628
INFO:root:Epoch: 77, Iteration: 545, Loss: 0.5787954330444336
INFO:root:Epoch: 77, Iteration: 546, Loss: 0.6169188022613525
INFO:root:Validation set mIOU: 84.86961735339827
INFO:root:Epoch: 78, Iteration: 547, Loss: 0.6054248809814453
INFO:root:Epoch: 78, Iteration: 548, Loss: 0.6146486401557922
INFO:root:Epoch: 78, Iteration: 549, Loss: 0.6213051080703735
INFO:root:Epoch: 78, Iteration: 550, Loss: 0.5961953997612
INFO:root:Epoch: 78, Iteration: 551, Loss: 0.6378669738769531
INFO:root:Epoch: 78, Iteration: 552, Loss: 0.6057799458503723
INFO:root:Epoch: 78, Iteration: 553, Loss: 0.5848321318626404
INFO:root:Validation set mIOU: 86.28443626698092
INFO:root:Epoch: 79, Iteration: 554, Loss: 0.594085156917572
INFO:root:Epoch: 79, Iteration: 555, Loss: 0.5942829251289368
INFO:root:Epoch: 79, Iteration: 556, Loss: 0.5998020768165588
INFO:root:Epoch: 79, Iteration: 557, Loss: 0.5853266716003418
INFO:root:Epoch: 79, Iteration: 558, Loss: 0.6060324907302856
INFO:root:Epoch: 79, Iteration: 559, Loss: 0.6122693419456482
INFO:root:Epoch: 79, Iteration: 560, Loss: 0.5851525664329529
INFO:root:Validation set mIOU: 84.86800670231243
INFO:root:Epoch: 80, Iteration: 561, Loss: 0.6129558682441711
INFO:root:Epoch: 80, Iteration: 562, Loss: 0.5932024121284485
INFO:root:Epoch: 80, Iteration: 563, Loss: 0.6119217276573181
INFO:root:Epoch: 80, Iteration: 564, Loss: 0.6051656603813171
INFO:root:Epoch: 80, Iteration: 565, Loss: 0.6046714186668396
INFO:root:Epoch: 80, Iteration: 566, Loss: 0.6093188524246216
INFO:root:Epoch: 80, Iteration: 567, Loss: 0.6299103498458862
INFO:root:Validation set mIOU: 87.65501798999532
INFO:root:Epoch: 81, Iteration: 568, Loss: 0.6115230917930603
INFO:root:Epoch: 81, Iteration: 569, Loss: 0.6256206035614014
INFO:root:Epoch: 81, Iteration: 570, Loss: 0.6207125782966614
INFO:root:Epoch: 81, Iteration: 571, Loss: 0.5922199487686157
INFO:root:Epoch: 81, Iteration: 572, Loss: 0.6295490860939026
INFO:root:Epoch: 81, Iteration: 573, Loss: 0.6213349103927612
INFO:root:Epoch: 81, Iteration: 574, Loss: 0.5939503908157349
INFO:root:Validation set mIOU: 86.24951136498518
INFO:root:Epoch: 82, Iteration: 575, Loss: 0.6268088221549988
INFO:root:Epoch: 82, Iteration: 576, Loss: 0.5885556936264038
INFO:root:Epoch: 82, Iteration: 577, Loss: 0.6287586688995361
INFO:root:Epoch: 82, Iteration: 578, Loss: 0.6024033427238464
INFO:root:Epoch: 82, Iteration: 579, Loss: 0.6054071187973022
INFO:root:Epoch: 82, Iteration: 580, Loss: 0.6003637313842773
INFO:root:Epoch: 82, Iteration: 581, Loss: 0.6434804797172546
INFO:root:Validation set mIOU: 86.0386463655901
INFO:root:Epoch: 83, Iteration: 582, Loss: 0.6159161329269409
INFO:root:Epoch: 83, Iteration: 583, Loss: 0.5845693349838257
INFO:root:Epoch: 83, Iteration: 584, Loss: 0.6352154016494751
INFO:root:Epoch: 83, Iteration: 585, Loss: 0.6136049628257751
INFO:root:Epoch: 83, Iteration: 586, Loss: 0.5934900641441345
INFO:root:Epoch: 83, Iteration: 587, Loss: 0.6024987697601318
INFO:root:Epoch: 83, Iteration: 588, Loss: 0.6016873121261597
INFO:root:Validation set mIOU: 85.18618550785425
INFO:root:Epoch: 84, Iteration: 589, Loss: 0.6174401044845581
INFO:root:Epoch: 84, Iteration: 590, Loss: 0.5973078012466431
INFO:root:Epoch: 84, Iteration: 591, Loss: 0.6427799463272095
INFO:root:Epoch: 84, Iteration: 592, Loss: 0.6281591057777405
INFO:root:Epoch: 84, Iteration: 593, Loss: 0.5894676446914673
INFO:root:Epoch: 84, Iteration: 594, Loss: 0.6085852384567261
INFO:root:Epoch: 84, Iteration: 595, Loss: 0.6037808656692505
INFO:root:Validation set mIOU: 86.47991021384135
INFO:root:Epoch: 85, Iteration: 596, Loss: 0.5867058634757996
INFO:root:Epoch: 85, Iteration: 597, Loss: 0.59893399477005
INFO:root:Epoch: 85, Iteration: 598, Loss: 0.6167426109313965
INFO:root:Epoch: 85, Iteration: 599, Loss: 0.5904085636138916
INFO:root:Epoch: 85, Iteration: 600, Loss: 0.607518196105957
INFO:root:Epoch: 85, Iteration: 601, Loss: 0.6033955216407776
INFO:root:Epoch: 85, Iteration: 602, Loss: 0.6011763215065002
INFO:root:Validation set mIOU: 85.99012574051913
INFO:root:Epoch: 86, Iteration: 603, Loss: 0.580967128276825
INFO:root:Epoch: 86, Iteration: 604, Loss: 0.6227299571037292
INFO:root:Epoch: 86, Iteration: 605, Loss: 0.6147607564926147
INFO:root:Epoch: 86, Iteration: 606, Loss: 0.6095634698867798
INFO:root:Epoch: 86, Iteration: 607, Loss: 0.6326404213905334
INFO:root:Epoch: 86, Iteration: 608, Loss: 0.6059879064559937
INFO:root:Epoch: 86, Iteration: 609, Loss: 0.621081531047821
INFO:root:Validation set mIOU: 85.84262137146209
INFO:root:Epoch: 87, Iteration: 610, Loss: 0.5949525237083435
INFO:root:Epoch: 87, Iteration: 611, Loss: 0.6543453931808472
INFO:root:Epoch: 87, Iteration: 612, Loss: 0.6313472390174866
INFO:root:Epoch: 87, Iteration: 613, Loss: 0.6013475060462952
INFO:root:Epoch: 87, Iteration: 614, Loss: 0.6057745814323425
INFO:root:Epoch: 87, Iteration: 615, Loss: 0.6102374196052551
INFO:root:Epoch: 87, Iteration: 616, Loss: 0.5907720327377319
INFO:root:Validation set mIOU: 85.40515934347627
INFO:root:Epoch: 88, Iteration: 617, Loss: 0.5949539542198181
INFO:root:Epoch: 88, Iteration: 618, Loss: 0.6201567649841309
INFO:root:Epoch: 88, Iteration: 619, Loss: 0.6220389008522034
INFO:root:Epoch: 88, Iteration: 620, Loss: 0.5853029489517212
INFO:root:Epoch: 88, Iteration: 621, Loss: 0.6131657361984253
INFO:root:Epoch: 88, Iteration: 622, Loss: 0.6088719964027405
INFO:root:Epoch: 88, Iteration: 623, Loss: 0.602078378200531
INFO:root:Validation set mIOU: 84.77116237678034
INFO:root:Epoch: 89, Iteration: 624, Loss: 0.5841320753097534
INFO:root:Epoch: 89, Iteration: 625, Loss: 0.5906974077224731
INFO:root:Epoch: 89, Iteration: 626, Loss: 0.6405717730522156
INFO:root:Epoch: 89, Iteration: 627, Loss: 0.6127025485038757
INFO:root:Epoch: 89, Iteration: 628, Loss: 0.5940569043159485
INFO:root:Epoch: 89, Iteration: 629, Loss: 0.5908498764038086
INFO:root:Epoch: 89, Iteration: 630, Loss: 0.5970275402069092
INFO:root:Validation set mIOU: 87.25067575483652
INFO:root:Epoch: 90, Iteration: 631, Loss: 0.6020689010620117
INFO:root:Epoch: 90, Iteration: 632, Loss: 0.5967712998390198
INFO:root:Epoch: 90, Iteration: 633, Loss: 0.5932271480560303
INFO:root:Epoch: 90, Iteration: 634, Loss: 0.6076893210411072
INFO:root:Epoch: 90, Iteration: 635, Loss: 0.5981068015098572
INFO:root:Epoch: 90, Iteration: 636, Loss: 0.6117626428604126
INFO:root:Epoch: 90, Iteration: 637, Loss: 0.5892966985702515
INFO:root:Validation set mIOU: 88.07761756836173
INFO:root:Epoch: 91, Iteration: 638, Loss: 0.5818585753440857
INFO:root:Epoch: 91, Iteration: 639, Loss: 0.6289492845535278
INFO:root:Epoch: 91, Iteration: 640, Loss: 0.6022507548332214
INFO:root:Epoch: 91, Iteration: 641, Loss: 0.5893813967704773
INFO:root:Epoch: 91, Iteration: 642, Loss: 0.6150850057601929
INFO:root:Epoch: 91, Iteration: 643, Loss: 0.6416168808937073
INFO:root:Epoch: 91, Iteration: 644, Loss: 0.6038715243339539
INFO:root:Validation set mIOU: 87.41979644729648
INFO:root:Epoch: 92, Iteration: 645, Loss: 0.6000495553016663
INFO:root:Epoch: 92, Iteration: 646, Loss: 0.5902132391929626
INFO:root:Epoch: 92, Iteration: 647, Loss: 0.5959466695785522
INFO:root:Epoch: 92, Iteration: 648, Loss: 0.6109755635261536
INFO:root:Epoch: 92, Iteration: 649, Loss: 0.5962634086608887
INFO:root:Epoch: 92, Iteration: 650, Loss: 0.6346403360366821
INFO:root:Epoch: 92, Iteration: 651, Loss: 0.593128502368927
INFO:root:Validation set mIOU: 86.93029837227404
INFO:root:Epoch: 93, Iteration: 652, Loss: 0.6022826433181763
INFO:root:Epoch: 93, Iteration: 653, Loss: 0.5880352854728699
INFO:root:Epoch: 93, Iteration: 654, Loss: 0.6163769364356995
INFO:root:Epoch: 93, Iteration: 655, Loss: 0.5898002982139587
INFO:root:Epoch: 93, Iteration: 656, Loss: 0.5880268216133118
INFO:root:Epoch: 93, Iteration: 657, Loss: 0.6058313846588135
INFO:root:Epoch: 93, Iteration: 658, Loss: 0.5780231952667236
INFO:root:Validation set mIOU: 86.89249018788807
INFO:root:Epoch: 94, Iteration: 659, Loss: 0.5938729047775269
INFO:root:Epoch: 94, Iteration: 660, Loss: 0.5859847664833069
INFO:root:Epoch: 94, Iteration: 661, Loss: 0.595471978187561
INFO:root:Epoch: 94, Iteration: 662, Loss: 0.5819798707962036
INFO:root:Epoch: 94, Iteration: 663, Loss: 0.6034387350082397
INFO:root:Epoch: 94, Iteration: 664, Loss: 0.5838470458984375
INFO:root:Epoch: 94, Iteration: 665, Loss: 0.6202133297920227
INFO:root:Validation set mIOU: 86.5352364391612
INFO:root:Epoch: 95, Iteration: 666, Loss: 0.6024166345596313
INFO:root:Epoch: 95, Iteration: 667, Loss: 0.6036304235458374
INFO:root:Epoch: 95, Iteration: 668, Loss: 0.5913684368133545
INFO:root:Epoch: 95, Iteration: 669, Loss: 0.5912748575210571
INFO:root:Epoch: 95, Iteration: 670, Loss: 0.6169880628585815
INFO:root:Epoch: 95, Iteration: 671, Loss: 0.5984383821487427
INFO:root:Epoch: 95, Iteration: 672, Loss: 0.614125669002533
INFO:root:Validation set mIOU: 87.43605964113277
INFO:root:Epoch: 96, Iteration: 673, Loss: 0.5751357674598694
INFO:root:Epoch: 96, Iteration: 674, Loss: 0.5995234251022339
INFO:root:Epoch: 96, Iteration: 675, Loss: 0.5763087272644043
INFO:root:Epoch: 96, Iteration: 676, Loss: 0.6181280612945557
INFO:root:Epoch: 96, Iteration: 677, Loss: 0.599950909614563
INFO:root:Epoch: 96, Iteration: 678, Loss: 0.5864973068237305
INFO:root:Epoch: 96, Iteration: 679, Loss: 0.6013540029525757
INFO:root:Validation set mIOU: 87.39112581635297
INFO:root:Epoch: 97, Iteration: 680, Loss: 0.6002398729324341
INFO:root:Epoch: 97, Iteration: 681, Loss: 0.5919567346572876
INFO:root:Epoch: 97, Iteration: 682, Loss: 0.5806667804718018
INFO:root:Epoch: 97, Iteration: 683, Loss: 0.5950710773468018
INFO:root:Epoch: 97, Iteration: 684, Loss: 0.5932835340499878
INFO:root:Epoch: 97, Iteration: 685, Loss: 0.6225767731666565
INFO:root:Epoch: 97, Iteration: 686, Loss: 0.6116013526916504
INFO:root:Validation set mIOU: 87.68041511546954
INFO:root:Epoch: 98, Iteration: 687, Loss: 0.5893706679344177
INFO:root:Epoch: 98, Iteration: 688, Loss: 0.6119024157524109
INFO:root:Epoch: 98, Iteration: 689, Loss: 0.5823222398757935
INFO:root:Epoch: 98, Iteration: 690, Loss: 0.5958089232444763
INFO:root:Epoch: 98, Iteration: 691, Loss: 0.6123477816581726
INFO:root:Epoch: 98, Iteration: 692, Loss: 0.576842188835144
INFO:root:Epoch: 98, Iteration: 693, Loss: 0.5879193544387817
INFO:root:Validation set mIOU: 87.41841045216758
INFO:root:Epoch: 99, Iteration: 694, Loss: 0.5883718132972717
INFO:root:Epoch: 99, Iteration: 695, Loss: 0.5987958908081055
INFO:root:Epoch: 99, Iteration: 696, Loss: 0.5923806428909302
INFO:root:Epoch: 99, Iteration: 697, Loss: 0.6331546902656555
INFO:root:Epoch: 99, Iteration: 698, Loss: 0.5840730667114258
INFO:root:Epoch: 99, Iteration: 699, Loss: 0.6095291972160339
INFO:root:Epoch: 99, Iteration: 700, Loss: 0.587835967540741
INFO:root:Validation set mIOU: 87.2027498637294
