INFO:root:{'addition': 'nothing',
 'backbone': 'resnet101',
 'batch_size': 16,
 'batch_size_consistency': 16,
 'conf_thres': 0.95,
 'config': 'configs/dataset2.yaml',
 'consistency_training': True,
 'crop_size': 320,
 'data_root': './',
 'dataset': 'dataset2',
 'epochs': 100,
 'labeled_id_path': 'dataset/splits/dataset2/1_4/split_random/labeled.txt',
 'lr': 0.0009,
 'model': 'unet',
 'ngpus': 1,
 'plus': False,
 'pseudo_consistency_mask_path': None,
 'pseudo_mask_path': 'outdir/pseudo_masks/dataset2/1_4/split_random/unet/resnet101/self_training/consistency_training/first_time',
 'rand_thres': 0.8,
 'reliable_id_path': None,
 'save_path': 'outdir/models/dataset2/1_4/split_random/unet/resnet101/self_training/consistency_training/first_time',
 'time': 1,
 'unlabeled_id_path': 'dataset/splits/dataset2/1_4/split_random/unlabeled.txt',
 'warm_up': 30}

INFO:root:Training supervised with consistency on unlabeled images
INFO:root:Epoch: 0, Iteration: 1, Loss: 0.5385605096817017, Loss_s: 1.0771210193634033, Loss_u: 0.0
INFO:root:Epoch: 0, Iteration: 2, Loss: 0.5215569734573364, Loss_s: 1.0431139469146729, Loss_u: 0.0
INFO:root:Epoch: 0, Iteration: 3, Loss: 0.4846842288970947, Loss_s: 0.9693684577941895, Loss_u: 0.0
INFO:root:Validation set mIOU: 21.61002973662979
INFO:root:Epoch: 1, Iteration: 4, Loss: 0.4725627601146698, Loss_s: 0.9451255202293396, Loss_u: 0.0
INFO:root:Epoch: 1, Iteration: 5, Loss: 0.43770453333854675, Loss_s: 0.8754090666770935, Loss_u: 0.0
INFO:root:Epoch: 1, Iteration: 6, Loss: 0.40868324041366577, Loss_s: 0.8173664808273315, Loss_u: 0.0
INFO:root:Validation set mIOU: 47.19049972252293
INFO:root:Epoch: 2, Iteration: 7, Loss: 0.3943246901035309, Loss_s: 0.7886493802070618, Loss_u: 0.0
INFO:root:Epoch: 2, Iteration: 8, Loss: 0.37228506803512573, Loss_s: 0.7445701360702515, Loss_u: 0.0
INFO:root:Epoch: 2, Iteration: 9, Loss: 0.36560726165771484, Loss_s: 0.7312145233154297, Loss_u: 0.0
INFO:root:Validation set mIOU: 49.105530812167395
INFO:root:Epoch: 3, Iteration: 10, Loss: 0.36546391248703003, Loss_s: 0.7309278249740601, Loss_u: 0.0
INFO:root:Epoch: 3, Iteration: 11, Loss: 0.3516702950000763, Loss_s: 0.7033405900001526, Loss_u: 0.0
INFO:root:Epoch: 3, Iteration: 12, Loss: 0.34282952547073364, Loss_s: 0.6856590509414673, Loss_u: 0.0
INFO:root:Validation set mIOU: 66.9021334035805
INFO:root:Epoch: 4, Iteration: 13, Loss: 0.3374345898628235, Loss_s: 0.674869179725647, Loss_u: 0.0
INFO:root:Epoch: 4, Iteration: 14, Loss: 0.3382335603237152, Loss_s: 0.6764671206474304, Loss_u: 0.0
INFO:root:Epoch: 4, Iteration: 15, Loss: 0.3322477340698242, Loss_s: 0.6644954681396484, Loss_u: 0.0
INFO:root:Validation set mIOU: 66.48921461069142
INFO:root:Epoch: 5, Iteration: 16, Loss: 0.3275611102581024, Loss_s: 0.6551222205162048, Loss_u: 0.0
INFO:root:Epoch: 5, Iteration: 17, Loss: 0.3279448449611664, Loss_s: 0.6558896899223328, Loss_u: 0.0
INFO:root:Epoch: 5, Iteration: 18, Loss: 0.3267442584037781, Loss_s: 0.6534885168075562, Loss_u: 0.0
INFO:root:Validation set mIOU: 58.224323896830775
INFO:root:Epoch: 6, Iteration: 19, Loss: 0.3198471963405609, Loss_s: 0.6396943926811218, Loss_u: 0.0
INFO:root:Epoch: 6, Iteration: 20, Loss: 0.31778642535209656, Loss_s: 0.6355728507041931, Loss_u: 0.0
INFO:root:Epoch: 6, Iteration: 21, Loss: 0.3087276816368103, Loss_s: 0.6174553632736206, Loss_u: 0.0
INFO:root:Validation set mIOU: 64.11858285014995
INFO:root:Epoch: 7, Iteration: 22, Loss: 0.31701555848121643, Loss_s: 0.6340311169624329, Loss_u: 0.0
INFO:root:Epoch: 7, Iteration: 23, Loss: 0.31882569193840027, Loss_s: 0.6376513838768005, Loss_u: 0.0
INFO:root:Epoch: 7, Iteration: 24, Loss: 0.311935693025589, Loss_s: 0.623871386051178, Loss_u: 0.0
INFO:root:Validation set mIOU: 66.85234502822401
INFO:root:Epoch: 8, Iteration: 25, Loss: 0.31287625432014465, Loss_s: 0.6257525086402893, Loss_u: 0.0
INFO:root:Epoch: 8, Iteration: 26, Loss: 0.30481764674186707, Loss_s: 0.6096352934837341, Loss_u: 0.0
INFO:root:Epoch: 8, Iteration: 27, Loss: 0.30881527066230774, Loss_s: 0.6176305413246155, Loss_u: 0.0
INFO:root:Validation set mIOU: 73.18364330189443
INFO:root:Epoch: 9, Iteration: 28, Loss: 0.3094058036804199, Loss_s: 0.6188116073608398, Loss_u: 0.0
INFO:root:Epoch: 9, Iteration: 29, Loss: 0.30460038781166077, Loss_s: 0.6092007756233215, Loss_u: 0.0
INFO:root:Epoch: 9, Iteration: 30, Loss: 0.31632423400878906, Loss_s: 0.6326484680175781, Loss_u: 0.0
INFO:root:Validation set mIOU: 70.90365280637224
INFO:root:Epoch: 10, Iteration: 31, Loss: 0.3017268478870392, Loss_s: 0.6034536957740784, Loss_u: 0.0
INFO:root:Epoch: 10, Iteration: 32, Loss: 0.30093955993652344, Loss_s: 0.6018791198730469, Loss_u: 0.0
INFO:root:Epoch: 10, Iteration: 33, Loss: 0.29641053080558777, Loss_s: 0.5928210616111755, Loss_u: 0.0
INFO:root:Validation set mIOU: 76.30526876878417
INFO:root:Epoch: 11, Iteration: 34, Loss: 0.2965279221534729, Loss_s: 0.5930558443069458, Loss_u: 0.0
INFO:root:Epoch: 11, Iteration: 35, Loss: 0.29762688279151917, Loss_s: 0.5952537655830383, Loss_u: 0.0
INFO:root:Epoch: 11, Iteration: 36, Loss: 0.30838367342948914, Loss_s: 0.6167673468589783, Loss_u: 0.0
INFO:root:Validation set mIOU: 68.4273564412962
INFO:root:Epoch: 12, Iteration: 37, Loss: 0.2982371151447296, Loss_s: 0.5964742302894592, Loss_u: 0.0
INFO:root:Epoch: 12, Iteration: 38, Loss: 0.30176353454589844, Loss_s: 0.6035270690917969, Loss_u: 0.0
INFO:root:Epoch: 12, Iteration: 39, Loss: 0.2990891933441162, Loss_s: 0.5981783866882324, Loss_u: 0.0
INFO:root:Validation set mIOU: 68.23193024309427
INFO:root:Epoch: 13, Iteration: 40, Loss: 0.29181718826293945, Loss_s: 0.5836343765258789, Loss_u: 0.0
INFO:root:Epoch: 13, Iteration: 41, Loss: 0.2978707253932953, Loss_s: 0.5957414507865906, Loss_u: 0.0
INFO:root:Epoch: 13, Iteration: 42, Loss: 0.2967202365398407, Loss_s: 0.5934404730796814, Loss_u: 0.0
INFO:root:Validation set mIOU: 66.51908341689456
INFO:root:Epoch: 14, Iteration: 43, Loss: 0.2940717339515686, Loss_s: 0.5881434679031372, Loss_u: 0.0
INFO:root:Epoch: 14, Iteration: 44, Loss: 0.295649915933609, Loss_s: 0.591299831867218, Loss_u: 0.0
INFO:root:Epoch: 14, Iteration: 45, Loss: 0.29555127024650574, Loss_s: 0.5911025404930115, Loss_u: 0.0
INFO:root:Validation set mIOU: 69.94049921244519
INFO:root:Epoch: 15, Iteration: 46, Loss: 0.3041411340236664, Loss_s: 0.6082822680473328, Loss_u: 0.0
INFO:root:Epoch: 15, Iteration: 47, Loss: 0.2925897240638733, Loss_s: 0.5851794481277466, Loss_u: 0.0
INFO:root:Epoch: 15, Iteration: 48, Loss: 0.29658201336860657, Loss_s: 0.5931640267372131, Loss_u: 0.0
INFO:root:Validation set mIOU: 78.9710419438309
INFO:root:Epoch: 16, Iteration: 49, Loss: 0.30013006925582886, Loss_s: 0.6002601385116577, Loss_u: 0.0
INFO:root:Epoch: 16, Iteration: 50, Loss: 0.3029920756816864, Loss_s: 0.6059841513633728, Loss_u: 0.0
INFO:root:Epoch: 16, Iteration: 51, Loss: 0.30377325415611267, Loss_s: 0.6075465083122253, Loss_u: 0.0
INFO:root:Validation set mIOU: 81.6516580753675
INFO:root:Epoch: 17, Iteration: 52, Loss: 0.30394959449768066, Loss_s: 0.6078991889953613, Loss_u: 0.0
INFO:root:Epoch: 17, Iteration: 53, Loss: 0.3031507730484009, Loss_s: 0.6063015460968018, Loss_u: 0.0
INFO:root:Epoch: 17, Iteration: 54, Loss: 0.2987044155597687, Loss_s: 0.5974088311195374, Loss_u: 0.0
INFO:root:Validation set mIOU: 22.760097272253233
INFO:root:Epoch: 18, Iteration: 55, Loss: 0.2985750436782837, Loss_s: 0.5971500873565674, Loss_u: 0.0
INFO:root:Epoch: 18, Iteration: 56, Loss: 0.30651751160621643, Loss_s: 0.6130350232124329, Loss_u: 0.0
INFO:root:Epoch: 18, Iteration: 57, Loss: 0.30721887946128845, Loss_s: 0.6144377589225769, Loss_u: 0.0
INFO:root:Validation set mIOU: 32.213286941436145
INFO:root:Epoch: 19, Iteration: 58, Loss: 0.2958262860774994, Loss_s: 0.5916525721549988, Loss_u: 0.0
INFO:root:Epoch: 19, Iteration: 59, Loss: 0.30133259296417236, Loss_s: 0.6026651859283447, Loss_u: 0.0
INFO:root:Epoch: 19, Iteration: 60, Loss: 0.30128538608551025, Loss_s: 0.6025707721710205, Loss_u: 0.0
INFO:root:Validation set mIOU: 66.22244795747582
INFO:root:Epoch: 20, Iteration: 61, Loss: 0.2952326238155365, Loss_s: 0.590465247631073, Loss_u: 0.0
INFO:root:Epoch: 20, Iteration: 62, Loss: 0.31052103638648987, Loss_s: 0.6210420727729797, Loss_u: 0.0
INFO:root:Epoch: 20, Iteration: 63, Loss: 0.3012233376502991, Loss_s: 0.6024466753005981, Loss_u: 0.0
INFO:root:Validation set mIOU: 67.19081471844301
INFO:root:Epoch: 21, Iteration: 64, Loss: 0.292803019285202, Loss_s: 0.585606038570404, Loss_u: 0.0
INFO:root:Epoch: 21, Iteration: 65, Loss: 0.3067304790019989, Loss_s: 0.6134609580039978, Loss_u: 0.0
INFO:root:Epoch: 21, Iteration: 66, Loss: 0.29848337173461914, Loss_s: 0.5969667434692383, Loss_u: 0.0
INFO:root:Validation set mIOU: 83.3367569552424
INFO:root:Epoch: 22, Iteration: 67, Loss: 0.30403751134872437, Loss_s: 0.6080750226974487, Loss_u: 0.0
INFO:root:Epoch: 22, Iteration: 68, Loss: 0.29725924134254456, Loss_s: 0.5945184826850891, Loss_u: 0.0
INFO:root:Epoch: 22, Iteration: 69, Loss: 0.2953747808933258, Loss_s: 0.5907495617866516, Loss_u: 0.0
INFO:root:Validation set mIOU: 80.71017444629179
INFO:root:Epoch: 23, Iteration: 70, Loss: 0.2987331449985504, Loss_s: 0.5974662899971008, Loss_u: 0.0
INFO:root:Epoch: 23, Iteration: 71, Loss: 0.29707300662994385, Loss_s: 0.5941460132598877, Loss_u: 0.0
INFO:root:Epoch: 23, Iteration: 72, Loss: 0.3055523931980133, Loss_s: 0.6111047863960266, Loss_u: 0.0
INFO:root:Validation set mIOU: 79.45453114504679
INFO:root:Epoch: 24, Iteration: 73, Loss: 0.29991063475608826, Loss_s: 0.5998212695121765, Loss_u: 0.0
INFO:root:Epoch: 24, Iteration: 74, Loss: 0.302201509475708, Loss_s: 0.604403018951416, Loss_u: 0.0
INFO:root:Epoch: 24, Iteration: 75, Loss: 0.2972301244735718, Loss_s: 0.5944602489471436, Loss_u: 0.0
INFO:root:Validation set mIOU: 78.06447150850823
INFO:root:Epoch: 25, Iteration: 76, Loss: 0.29955393075942993, Loss_s: 0.5991078615188599, Loss_u: 0.0
INFO:root:Epoch: 25, Iteration: 77, Loss: 0.3069927990436554, Loss_s: 0.6139855980873108, Loss_u: 0.0
INFO:root:Epoch: 25, Iteration: 78, Loss: 0.298289030790329, Loss_s: 0.596578061580658, Loss_u: 0.0
INFO:root:Validation set mIOU: 77.9611458909361
INFO:root:Epoch: 26, Iteration: 79, Loss: 0.2901040017604828, Loss_s: 0.5802080035209656, Loss_u: 0.0
INFO:root:Epoch: 26, Iteration: 80, Loss: 0.2959706485271454, Loss_s: 0.5919412970542908, Loss_u: 0.0
INFO:root:Epoch: 26, Iteration: 81, Loss: 0.2963314652442932, Loss_s: 0.5926629304885864, Loss_u: 0.0
INFO:root:Validation set mIOU: 77.62855687247561
INFO:root:Epoch: 27, Iteration: 82, Loss: 0.29255038499832153, Loss_s: 0.5851007699966431, Loss_u: 0.0
INFO:root:Epoch: 27, Iteration: 83, Loss: 0.3000897169113159, Loss_s: 0.6001794338226318, Loss_u: 0.0
INFO:root:Epoch: 27, Iteration: 84, Loss: 0.3002597391605377, Loss_s: 0.6005194783210754, Loss_u: 0.0
INFO:root:Validation set mIOU: 76.74276887669262
INFO:root:Epoch: 28, Iteration: 85, Loss: 0.3074759542942047, Loss_s: 0.6149519085884094, Loss_u: 0.0
INFO:root:Epoch: 28, Iteration: 86, Loss: 0.29774191975593567, Loss_s: 0.5954838395118713, Loss_u: 0.0
INFO:root:Epoch: 28, Iteration: 87, Loss: 0.3000887930393219, Loss_s: 0.6001775860786438, Loss_u: 0.0
INFO:root:Validation set mIOU: 77.8321933591524
INFO:root:Epoch: 29, Iteration: 88, Loss: 0.29487180709838867, Loss_s: 0.5897436141967773, Loss_u: 0.0
INFO:root:Epoch: 29, Iteration: 89, Loss: 0.29735779762268066, Loss_s: 0.5947155952453613, Loss_u: 0.0
INFO:root:Epoch: 29, Iteration: 90, Loss: 0.2955048084259033, Loss_s: 0.5910096168518066, Loss_u: 0.0
INFO:root:Validation set mIOU: 79.42711692986052
INFO:root:Epoch: 30, Iteration: 91, Loss: 0.29449841380119324, Loss_s: 0.5889968276023865, Loss_u: 0.0
INFO:root:Epoch: 30, Iteration: 92, Loss: 0.2942643165588379, Loss_s: 0.5885286331176758, Loss_u: 0.0
INFO:root:Epoch: 30, Iteration: 93, Loss: 0.29948845505714417, Loss_s: 0.5989769101142883, Loss_u: 0.0
INFO:root:Validation set mIOU: 85.71303448986757
INFO:root:Epoch: 31, Iteration: 94, Loss: 0.29169562458992004, Loss_s: 0.5833912491798401, Loss_u: 0.0
INFO:root:Epoch: 31, Iteration: 95, Loss: 0.29218271374702454, Loss_s: 0.5843654274940491, Loss_u: 0.0
INFO:root:Epoch: 31, Iteration: 96, Loss: 0.29396122694015503, Loss_s: 0.5879224538803101, Loss_u: 0.0
INFO:root:Validation set mIOU: 81.52288985955342
INFO:root:Epoch: 32, Iteration: 97, Loss: 0.2947186529636383, Loss_s: 0.5894373059272766, Loss_u: 0.0
INFO:root:Epoch: 32, Iteration: 98, Loss: 0.29316169023513794, Loss_s: 0.5863233804702759, Loss_u: 0.0
INFO:root:Epoch: 32, Iteration: 99, Loss: 0.29279667139053345, Loss_s: 0.5855933427810669, Loss_u: 0.0
INFO:root:Validation set mIOU: 85.1628897341532
INFO:root:Epoch: 33, Iteration: 100, Loss: 0.29732799530029297, Loss_s: 0.5946559906005859, Loss_u: 0.0
INFO:root:Epoch: 33, Iteration: 101, Loss: 0.30328482389450073, Loss_s: 0.6065696477890015, Loss_u: 0.0
INFO:root:Epoch: 33, Iteration: 102, Loss: 0.29857951402664185, Loss_s: 0.5971590280532837, Loss_u: 0.0
INFO:root:Validation set mIOU: 80.28747223089411
INFO:root:Epoch: 34, Iteration: 103, Loss: 0.2938069999217987, Loss_s: 0.5876139998435974, Loss_u: 0.0
INFO:root:Epoch: 34, Iteration: 104, Loss: 0.2912841737270355, Loss_s: 0.582568347454071, Loss_u: 0.0
INFO:root:Epoch: 34, Iteration: 105, Loss: 0.2939118444919586, Loss_s: 0.5878236889839172, Loss_u: 0.0
INFO:root:Validation set mIOU: 79.01172458103497
INFO:root:Epoch: 35, Iteration: 106, Loss: 0.3009520173072815, Loss_s: 0.601904034614563, Loss_u: 0.0
INFO:root:Epoch: 35, Iteration: 107, Loss: 0.3017576336860657, Loss_s: 0.6035152673721313, Loss_u: 0.0
INFO:root:Epoch: 35, Iteration: 108, Loss: 0.2905583381652832, Loss_s: 0.5811166763305664, Loss_u: 0.0
INFO:root:Validation set mIOU: 75.97322124138593
INFO:root:Epoch: 36, Iteration: 109, Loss: 0.29991838335990906, Loss_s: 0.5998367667198181, Loss_u: 0.0
INFO:root:Epoch: 36, Iteration: 110, Loss: 0.2931138575077057, Loss_s: 0.5862277150154114, Loss_u: 0.0
INFO:root:Epoch: 36, Iteration: 111, Loss: 0.30381643772125244, Loss_s: 0.6076328754425049, Loss_u: 0.0
INFO:root:Validation set mIOU: 73.1505614365251
INFO:root:Epoch: 37, Iteration: 112, Loss: 0.29127538204193115, Loss_s: 0.5825507640838623, Loss_u: 0.0
INFO:root:Epoch: 37, Iteration: 113, Loss: 0.2987549901008606, Loss_s: 0.5975099802017212, Loss_u: 0.0
INFO:root:Epoch: 37, Iteration: 114, Loss: 0.29504483938217163, Loss_s: 0.5900896787643433, Loss_u: 0.0
INFO:root:Validation set mIOU: 57.335976144676756
INFO:root:Epoch: 38, Iteration: 115, Loss: 0.29572391510009766, Loss_s: 0.5914478302001953, Loss_u: 0.0
INFO:root:Epoch: 38, Iteration: 116, Loss: 0.29037752747535706, Loss_s: 0.5807550549507141, Loss_u: 0.0
INFO:root:Epoch: 38, Iteration: 117, Loss: 0.29361167550086975, Loss_s: 0.5872233510017395, Loss_u: 0.0
INFO:root:Validation set mIOU: 32.02595790547254
INFO:root:Epoch: 39, Iteration: 118, Loss: 0.2993881106376648, Loss_s: 0.5987762212753296, Loss_u: 0.0
INFO:root:Epoch: 39, Iteration: 119, Loss: 0.2931392788887024, Loss_s: 0.5862785577774048, Loss_u: 0.0
INFO:root:Epoch: 39, Iteration: 120, Loss: 0.2925666868686676, Loss_s: 0.5851333737373352, Loss_u: 0.0
INFO:root:Validation set mIOU: 37.71154533898342
INFO:root:Epoch: 40, Iteration: 121, Loss: 0.289553165435791, Loss_s: 0.579106330871582, Loss_u: 0.0
INFO:root:Epoch: 40, Iteration: 122, Loss: 0.3058090806007385, Loss_s: 0.611618161201477, Loss_u: 0.0
INFO:root:Epoch: 40, Iteration: 123, Loss: 0.29818078875541687, Loss_s: 0.5963615775108337, Loss_u: 0.0
INFO:root:Validation set mIOU: 67.18852312265827
INFO:root:Epoch: 41, Iteration: 124, Loss: 0.29055529832839966, Loss_s: 0.5811105966567993, Loss_u: 0.0
INFO:root:Epoch: 41, Iteration: 125, Loss: 0.30045774579048157, Loss_s: 0.6009154915809631, Loss_u: 0.0
INFO:root:Epoch: 41, Iteration: 126, Loss: 0.2959178388118744, Loss_s: 0.5918356776237488, Loss_u: 0.0
INFO:root:Validation set mIOU: 85.25173169993995
INFO:root:Epoch: 42, Iteration: 127, Loss: 0.29246747493743896, Loss_s: 0.5849349498748779, Loss_u: 0.0
INFO:root:Epoch: 42, Iteration: 128, Loss: 0.2922647297382355, Loss_s: 0.584529459476471, Loss_u: 0.0
INFO:root:Epoch: 42, Iteration: 129, Loss: 0.30702775716781616, Loss_s: 0.6140555143356323, Loss_u: 0.0
INFO:root:Validation set mIOU: 85.56038290110806
INFO:root:Epoch: 43, Iteration: 130, Loss: 0.2915423512458801, Loss_s: 0.5830847024917603, Loss_u: 0.0
INFO:root:Epoch: 43, Iteration: 131, Loss: 0.2912261486053467, Loss_s: 0.5824522972106934, Loss_u: 0.0
INFO:root:Epoch: 43, Iteration: 132, Loss: 0.29622557759284973, Loss_s: 0.5924511551856995, Loss_u: 0.0
INFO:root:Validation set mIOU: 80.26969875820524
INFO:root:Epoch: 44, Iteration: 133, Loss: 0.29143306612968445, Loss_s: 0.5828661322593689, Loss_u: 0.0
INFO:root:Epoch: 44, Iteration: 134, Loss: 0.29088878631591797, Loss_s: 0.5817775726318359, Loss_u: 0.0
INFO:root:Epoch: 44, Iteration: 135, Loss: 0.2925981879234314, Loss_s: 0.5851963758468628, Loss_u: 0.0
INFO:root:Validation set mIOU: 83.6556624282481
INFO:root:Epoch: 45, Iteration: 136, Loss: 0.2922244966030121, Loss_s: 0.5844489932060242, Loss_u: 0.0
INFO:root:Epoch: 45, Iteration: 137, Loss: 0.2892284095287323, Loss_s: 0.5784568190574646, Loss_u: 0.0
INFO:root:Epoch: 45, Iteration: 138, Loss: 0.29269689321517944, Loss_s: 0.5853937864303589, Loss_u: 0.0
INFO:root:Validation set mIOU: 85.56050296106642
INFO:root:Epoch: 46, Iteration: 139, Loss: 0.301472932100296, Loss_s: 0.602945864200592, Loss_u: 0.0
INFO:root:Epoch: 46, Iteration: 140, Loss: 0.2903115153312683, Loss_s: 0.5806230306625366, Loss_u: 0.0
INFO:root:Epoch: 46, Iteration: 141, Loss: 0.29459837079048157, Loss_s: 0.5891967415809631, Loss_u: 0.0
INFO:root:Validation set mIOU: 86.826774484486
INFO:root:Epoch: 47, Iteration: 142, Loss: 0.29145368933677673, Loss_s: 0.5829073786735535, Loss_u: 0.0
INFO:root:Epoch: 47, Iteration: 143, Loss: 0.2920503318309784, Loss_s: 0.5841006636619568, Loss_u: 0.0
INFO:root:Epoch: 47, Iteration: 144, Loss: 0.28985366225242615, Loss_s: 0.5797073245048523, Loss_u: 0.0
INFO:root:Validation set mIOU: 85.76175697970392
INFO:root:Epoch: 48, Iteration: 145, Loss: 0.2945995330810547, Loss_s: 0.5891990661621094, Loss_u: 0.0
INFO:root:Epoch: 48, Iteration: 146, Loss: 0.29628247022628784, Loss_s: 0.5925649404525757, Loss_u: 0.0
INFO:root:Epoch: 48, Iteration: 147, Loss: 0.2926734387874603, Loss_s: 0.5853468775749207, Loss_u: 0.0
INFO:root:Validation set mIOU: 79.54273846466923
INFO:root:Epoch: 49, Iteration: 148, Loss: 0.29992932081222534, Loss_s: 0.5998586416244507, Loss_u: 0.0
INFO:root:Epoch: 49, Iteration: 149, Loss: 0.29139143228530884, Loss_s: 0.5827828645706177, Loss_u: 0.0
INFO:root:Epoch: 49, Iteration: 150, Loss: 0.2908846437931061, Loss_s: 0.5817692875862122, Loss_u: 0.0
INFO:root:Validation set mIOU: 80.40858020032425
INFO:root:Epoch: 50, Iteration: 151, Loss: 0.2912549078464508, Loss_s: 0.5825098156929016, Loss_u: 0.0
INFO:root:Epoch: 50, Iteration: 152, Loss: 0.2983170747756958, Loss_s: 0.5966341495513916, Loss_u: 0.0
INFO:root:Epoch: 50, Iteration: 153, Loss: 0.29326310753822327, Loss_s: 0.5865262150764465, Loss_u: 0.0
INFO:root:Validation set mIOU: 76.5538304649436
INFO:root:Epoch: 51, Iteration: 154, Loss: 0.2937178611755371, Loss_s: 0.5874357223510742, Loss_u: 0.0
INFO:root:Epoch: 51, Iteration: 155, Loss: 0.29503491520881653, Loss_s: 0.5900698304176331, Loss_u: 0.0
INFO:root:Epoch: 51, Iteration: 156, Loss: 0.30178406834602356, Loss_s: 0.6035681366920471, Loss_u: 0.0
INFO:root:Validation set mIOU: 78.70554146196201
INFO:root:Epoch: 52, Iteration: 157, Loss: 0.2888719141483307, Loss_s: 0.5777438282966614, Loss_u: 0.0
INFO:root:Epoch: 52, Iteration: 158, Loss: 0.2896566689014435, Loss_s: 0.579313337802887, Loss_u: 0.0
INFO:root:Epoch: 52, Iteration: 159, Loss: 0.29514655470848083, Loss_s: 0.5902931094169617, Loss_u: 0.0
INFO:root:Validation set mIOU: 80.07152431249737
INFO:root:Epoch: 53, Iteration: 160, Loss: 0.293023943901062, Loss_s: 0.586047887802124, Loss_u: 0.0
INFO:root:Epoch: 53, Iteration: 161, Loss: 0.29542678594589233, Loss_s: 0.5908535718917847, Loss_u: 0.0
INFO:root:Epoch: 53, Iteration: 162, Loss: 0.2893080413341522, Loss_s: 0.5786160826683044, Loss_u: 0.0
INFO:root:Validation set mIOU: 82.51933270120998
INFO:root:Epoch: 54, Iteration: 163, Loss: 0.28796255588531494, Loss_s: 0.5759251117706299, Loss_u: 0.0
INFO:root:Epoch: 54, Iteration: 164, Loss: 0.292888879776001, Loss_s: 0.585777759552002, Loss_u: 0.0
INFO:root:Epoch: 54, Iteration: 165, Loss: 0.29298052191734314, Loss_s: 0.5859610438346863, Loss_u: 0.0
INFO:root:Validation set mIOU: 77.27521917358463
INFO:root:Epoch: 55, Iteration: 166, Loss: 0.2947152853012085, Loss_s: 0.589430570602417, Loss_u: 0.0
INFO:root:Epoch: 55, Iteration: 167, Loss: 0.3092755377292633, Loss_s: 0.6185510754585266, Loss_u: 0.0
INFO:root:Epoch: 55, Iteration: 168, Loss: 0.2932604253292084, Loss_s: 0.5865208506584167, Loss_u: 0.0
INFO:root:Validation set mIOU: 87.08916745725034
INFO:root:Epoch: 56, Iteration: 169, Loss: 0.2950427830219269, Loss_s: 0.5900855660438538, Loss_u: 0.0
INFO:root:Epoch: 56, Iteration: 170, Loss: 0.2900114357471466, Loss_s: 0.5800228714942932, Loss_u: 0.0
INFO:root:Epoch: 56, Iteration: 171, Loss: 0.2896901071071625, Loss_s: 0.579380214214325, Loss_u: 0.0
INFO:root:Validation set mIOU: 82.0639066757685
INFO:root:Epoch: 57, Iteration: 172, Loss: 0.2959635555744171, Loss_s: 0.5919271111488342, Loss_u: 0.0
INFO:root:Epoch: 57, Iteration: 173, Loss: 0.2928682565689087, Loss_s: 0.5857365131378174, Loss_u: 0.0
INFO:root:Epoch: 57, Iteration: 174, Loss: 0.3009328842163086, Loss_s: 0.6018657684326172, Loss_u: 0.0
INFO:root:Validation set mIOU: 79.37424284756061
INFO:root:Epoch: 58, Iteration: 175, Loss: 0.2925146520137787, Loss_s: 0.5850293040275574, Loss_u: 0.0
INFO:root:Epoch: 58, Iteration: 176, Loss: 0.2909698188304901, Loss_s: 0.5819396376609802, Loss_u: 0.0
INFO:root:Epoch: 58, Iteration: 177, Loss: 0.2914232909679413, Loss_s: 0.5828465819358826, Loss_u: 0.0
INFO:root:Validation set mIOU: 79.93908405654787
INFO:root:Epoch: 59, Iteration: 178, Loss: 0.2911582291126251, Loss_s: 0.5823164582252502, Loss_u: 0.0
INFO:root:Epoch: 59, Iteration: 179, Loss: 0.28963562846183777, Loss_s: 0.5792712569236755, Loss_u: 0.0
INFO:root:Epoch: 59, Iteration: 180, Loss: 0.2906256914138794, Loss_s: 0.5812513828277588, Loss_u: 0.0
INFO:root:Validation set mIOU: 81.3156617198566
INFO:root:Epoch: 60, Iteration: 181, Loss: 0.29228976368904114, Loss_s: 0.5845795273780823, Loss_u: 0.0
INFO:root:Epoch: 60, Iteration: 182, Loss: 0.2892819941043854, Loss_s: 0.5785639882087708, Loss_u: 0.0
INFO:root:Epoch: 60, Iteration: 183, Loss: 0.2919047176837921, Loss_s: 0.5838094353675842, Loss_u: 0.0
INFO:root:Validation set mIOU: 82.1370982730293
INFO:root:Epoch: 61, Iteration: 184, Loss: 0.2889406383037567, Loss_s: 0.5778812766075134, Loss_u: 0.0
INFO:root:Epoch: 61, Iteration: 185, Loss: 0.2919420301914215, Loss_s: 0.583884060382843, Loss_u: 0.0
INFO:root:Epoch: 61, Iteration: 186, Loss: 0.29238057136535645, Loss_s: 0.5847611427307129, Loss_u: 0.0
INFO:root:Validation set mIOU: 79.74818176136806
INFO:root:Epoch: 62, Iteration: 187, Loss: 0.2898700535297394, Loss_s: 0.5797401070594788, Loss_u: 0.0
INFO:root:Epoch: 62, Iteration: 188, Loss: 0.2875420153141022, Loss_s: 0.5750840306282043, Loss_u: 0.0
INFO:root:Epoch: 62, Iteration: 189, Loss: 0.2922065556049347, Loss_s: 0.5844131112098694, Loss_u: 0.0
INFO:root:Validation set mIOU: 83.91501993554421
INFO:root:Epoch: 63, Iteration: 190, Loss: 0.29255327582359314, Loss_s: 0.5851065516471863, Loss_u: 0.0
INFO:root:Epoch: 63, Iteration: 191, Loss: 0.2933768928050995, Loss_s: 0.586753785610199, Loss_u: 0.0
INFO:root:Epoch: 63, Iteration: 192, Loss: 0.2912381589412689, Loss_s: 0.5824763178825378, Loss_u: 0.0
INFO:root:Validation set mIOU: 81.04920588870348
INFO:root:Epoch: 64, Iteration: 193, Loss: 0.28967180848121643, Loss_s: 0.5793436169624329, Loss_u: 0.0
INFO:root:Epoch: 64, Iteration: 194, Loss: 0.2890816628932953, Loss_s: 0.5781633257865906, Loss_u: 0.0
INFO:root:Epoch: 64, Iteration: 195, Loss: 0.2874597907066345, Loss_s: 0.574919581413269, Loss_u: 0.0
INFO:root:Validation set mIOU: 84.12447158363182
INFO:root:Epoch: 65, Iteration: 196, Loss: 0.2901332378387451, Loss_s: 0.5802664756774902, Loss_u: 0.0
INFO:root:Epoch: 65, Iteration: 197, Loss: 0.29299047589302063, Loss_s: 0.5859809517860413, Loss_u: 0.0
INFO:root:Epoch: 65, Iteration: 198, Loss: 0.29955023527145386, Loss_s: 0.5991004705429077, Loss_u: 0.0
INFO:root:Validation set mIOU: 84.00569926427288
INFO:root:Epoch: 66, Iteration: 199, Loss: 0.29343172907829285, Loss_s: 0.5868634581565857, Loss_u: 0.0
INFO:root:Epoch: 66, Iteration: 200, Loss: 0.2908206284046173, Loss_s: 0.5816412568092346, Loss_u: 0.0
INFO:root:Epoch: 66, Iteration: 201, Loss: 0.29247310757637024, Loss_s: 0.5849462151527405, Loss_u: 0.0
INFO:root:Validation set mIOU: 81.67904362506823
INFO:root:Epoch: 67, Iteration: 202, Loss: 0.29110583662986755, Loss_s: 0.5822116732597351, Loss_u: 0.0
INFO:root:Epoch: 67, Iteration: 203, Loss: 0.2914400100708008, Loss_s: 0.5828800201416016, Loss_u: 0.0
INFO:root:Epoch: 67, Iteration: 204, Loss: 0.29108700156211853, Loss_s: 0.5821740031242371, Loss_u: 0.0
INFO:root:Validation set mIOU: 83.00449413610224
INFO:root:Epoch: 68, Iteration: 205, Loss: 0.2895756661891937, Loss_s: 0.5791513323783875, Loss_u: 0.0
INFO:root:Epoch: 68, Iteration: 206, Loss: 0.2887488901615143, Loss_s: 0.5774977803230286, Loss_u: 0.0
INFO:root:Epoch: 68, Iteration: 207, Loss: 0.28881776332855225, Loss_s: 0.5776355266571045, Loss_u: 0.0
INFO:root:Validation set mIOU: 79.90855681722027
INFO:root:Epoch: 69, Iteration: 208, Loss: 0.2938632667064667, Loss_s: 0.5877265334129333, Loss_u: 0.0
INFO:root:Epoch: 69, Iteration: 209, Loss: 0.2883495092391968, Loss_s: 0.5766990184783936, Loss_u: 0.0
INFO:root:Epoch: 69, Iteration: 210, Loss: 0.2923659682273865, Loss_s: 0.584731936454773, Loss_u: 0.0
INFO:root:Validation set mIOU: 81.62595051069688
INFO:root:Epoch: 70, Iteration: 211, Loss: 0.29070302844047546, Loss_s: 0.5814060568809509, Loss_u: 0.0
INFO:root:Epoch: 70, Iteration: 212, Loss: 0.2899652123451233, Loss_s: 0.5799304246902466, Loss_u: 0.0
INFO:root:Epoch: 70, Iteration: 213, Loss: 0.29129859805107117, Loss_s: 0.5825971961021423, Loss_u: 0.0
INFO:root:Validation set mIOU: 80.28002366685648
INFO:root:Epoch: 71, Iteration: 214, Loss: 0.2894100844860077, Loss_s: 0.5788201689720154, Loss_u: 0.0
INFO:root:Epoch: 71, Iteration: 215, Loss: 0.29002612829208374, Loss_s: 0.5800522565841675, Loss_u: 0.0
INFO:root:Epoch: 71, Iteration: 216, Loss: 0.2909785807132721, Loss_s: 0.5819571614265442, Loss_u: 0.0
INFO:root:Validation set mIOU: 80.89172417778764
INFO:root:Epoch: 72, Iteration: 217, Loss: 0.290907084941864, Loss_s: 0.581814169883728, Loss_u: 0.0
INFO:root:Epoch: 72, Iteration: 218, Loss: 0.2911502718925476, Loss_s: 0.5823005437850952, Loss_u: 0.0
INFO:root:Epoch: 72, Iteration: 219, Loss: 0.28932279348373413, Loss_s: 0.5786455869674683, Loss_u: 0.0
INFO:root:Validation set mIOU: 81.68519316633159
INFO:root:Epoch: 73, Iteration: 220, Loss: 0.2882569432258606, Loss_s: 0.5765138864517212, Loss_u: 0.0
INFO:root:Epoch: 73, Iteration: 221, Loss: 0.2870217263698578, Loss_s: 0.5740434527397156, Loss_u: 0.0
INFO:root:Epoch: 73, Iteration: 222, Loss: 0.28849881887435913, Loss_s: 0.5769976377487183, Loss_u: 0.0
INFO:root:Validation set mIOU: 83.81235211494683
INFO:root:Epoch: 74, Iteration: 223, Loss: 0.2885366380214691, Loss_s: 0.5770732760429382, Loss_u: 0.0
INFO:root:Epoch: 74, Iteration: 224, Loss: 0.2859889268875122, Loss_s: 0.5719778537750244, Loss_u: 0.0
INFO:root:Epoch: 74, Iteration: 225, Loss: 0.29139477014541626, Loss_s: 0.5827895402908325, Loss_u: 0.0
INFO:root:Validation set mIOU: 85.03169676691392
INFO:root:Epoch: 75, Iteration: 226, Loss: 0.28713732957839966, Loss_s: 0.5742746591567993, Loss_u: 0.0
INFO:root:Epoch: 75, Iteration: 227, Loss: 0.2903575003147125, Loss_s: 0.580715000629425, Loss_u: 0.0
INFO:root:Epoch: 75, Iteration: 228, Loss: 0.28905245661735535, Loss_s: 0.5781049132347107, Loss_u: 0.0
INFO:root:Validation set mIOU: 85.91559687935342
INFO:root:Epoch: 76, Iteration: 229, Loss: 0.2886800467967987, Loss_s: 0.5773600935935974, Loss_u: 0.0
INFO:root:Epoch: 76, Iteration: 230, Loss: 0.2891176640987396, Loss_s: 0.5782353281974792, Loss_u: 0.0
INFO:root:Epoch: 76, Iteration: 231, Loss: 0.2871037423610687, Loss_s: 0.5742074847221375, Loss_u: 0.0
INFO:root:Validation set mIOU: 85.13363970957833
INFO:root:Epoch: 77, Iteration: 232, Loss: 0.2871866226196289, Loss_s: 0.5743732452392578, Loss_u: 0.0
INFO:root:Epoch: 77, Iteration: 233, Loss: 0.28909119963645935, Loss_s: 0.5781823992729187, Loss_u: 0.0
INFO:root:Epoch: 77, Iteration: 234, Loss: 0.2892763912677765, Loss_s: 0.578552782535553, Loss_u: 0.0
INFO:root:Validation set mIOU: 83.96557780397158
INFO:root:Epoch: 78, Iteration: 235, Loss: 0.28908637166023254, Loss_s: 0.5781727433204651, Loss_u: 0.0
INFO:root:Epoch: 78, Iteration: 236, Loss: 0.28858765959739685, Loss_s: 0.5771753191947937, Loss_u: 0.0
INFO:root:Epoch: 78, Iteration: 237, Loss: 0.292886346578598, Loss_s: 0.585772693157196, Loss_u: 0.0
INFO:root:Validation set mIOU: 83.66801224106291
INFO:root:Epoch: 79, Iteration: 238, Loss: 0.28766676783561707, Loss_s: 0.5753335356712341, Loss_u: 0.0
INFO:root:Epoch: 79, Iteration: 239, Loss: 0.2896789610385895, Loss_s: 0.579357922077179, Loss_u: 0.0
INFO:root:Epoch: 79, Iteration: 240, Loss: 0.29145577549934387, Loss_s: 0.5829115509986877, Loss_u: 0.0
INFO:root:Validation set mIOU: 84.398589232636
INFO:root:Epoch: 80, Iteration: 241, Loss: 0.2865845859050751, Loss_s: 0.5731691718101501, Loss_u: 0.0
INFO:root:Epoch: 80, Iteration: 242, Loss: 0.2940032184123993, Loss_s: 0.5880064368247986, Loss_u: 0.0
INFO:root:Epoch: 80, Iteration: 243, Loss: 0.2871967852115631, Loss_s: 0.5743935704231262, Loss_u: 0.0
INFO:root:Validation set mIOU: 81.21900044371687
INFO:root:Epoch: 81, Iteration: 244, Loss: 0.28813469409942627, Loss_s: 0.5762693881988525, Loss_u: 0.0
INFO:root:Epoch: 81, Iteration: 245, Loss: 0.2915852665901184, Loss_s: 0.5831705331802368, Loss_u: 0.0
INFO:root:Epoch: 81, Iteration: 246, Loss: 0.29153716564178467, Loss_s: 0.5830743312835693, Loss_u: 0.0
INFO:root:Validation set mIOU: 79.37027089233048
INFO:root:Epoch: 82, Iteration: 247, Loss: 0.2965116500854492, Loss_s: 0.5930233001708984, Loss_u: 0.0
INFO:root:Epoch: 82, Iteration: 248, Loss: 0.28802114725112915, Loss_s: 0.5760422945022583, Loss_u: 0.0
INFO:root:Epoch: 82, Iteration: 249, Loss: 0.3006586730480194, Loss_s: 0.6013173460960388, Loss_u: 0.0
INFO:root:Validation set mIOU: 84.19565700605776
INFO:root:Epoch: 83, Iteration: 250, Loss: 0.290103942155838, Loss_s: 0.580207884311676, Loss_u: 0.0
INFO:root:Epoch: 83, Iteration: 251, Loss: 0.29139766097068787, Loss_s: 0.5827953219413757, Loss_u: 0.0
INFO:root:Epoch: 83, Iteration: 252, Loss: 0.2900583744049072, Loss_s: 0.5801167488098145, Loss_u: 0.0
INFO:root:Validation set mIOU: 84.11658277685828
INFO:root:Epoch: 84, Iteration: 253, Loss: 0.2895774841308594, Loss_s: 0.5791549682617188, Loss_u: 0.0
INFO:root:Epoch: 84, Iteration: 254, Loss: 0.290656715631485, Loss_s: 0.58131343126297, Loss_u: 0.0
INFO:root:Epoch: 84, Iteration: 255, Loss: 0.2881188988685608, Loss_s: 0.5762377977371216, Loss_u: 0.0
INFO:root:Validation set mIOU: 83.98681448986936
INFO:root:Epoch: 85, Iteration: 256, Loss: 0.29069316387176514, Loss_s: 0.5813863277435303, Loss_u: 0.0
INFO:root:Epoch: 85, Iteration: 257, Loss: 0.2936471104621887, Loss_s: 0.5872942209243774, Loss_u: 0.0
INFO:root:Epoch: 85, Iteration: 258, Loss: 0.2869442403316498, Loss_s: 0.5738884806632996, Loss_u: 0.0
INFO:root:Validation set mIOU: 83.5616087529547
INFO:root:Epoch: 86, Iteration: 259, Loss: 0.28616318106651306, Loss_s: 0.5723263621330261, Loss_u: 0.0
INFO:root:Epoch: 86, Iteration: 260, Loss: 0.2880997955799103, Loss_s: 0.5761995911598206, Loss_u: 0.0
INFO:root:Epoch: 86, Iteration: 261, Loss: 0.287726491689682, Loss_s: 0.575452983379364, Loss_u: 0.0
INFO:root:Validation set mIOU: 84.10883315202969
INFO:root:Epoch: 87, Iteration: 262, Loss: 0.2891884744167328, Loss_s: 0.5783769488334656, Loss_u: 0.0
INFO:root:Epoch: 87, Iteration: 263, Loss: 0.2923567295074463, Loss_s: 0.5847134590148926, Loss_u: 0.0
INFO:root:Epoch: 87, Iteration: 264, Loss: 0.286355584859848, Loss_s: 0.572711169719696, Loss_u: 0.0
INFO:root:Validation set mIOU: 84.98036847560174
INFO:root:Epoch: 88, Iteration: 265, Loss: 0.288677841424942, Loss_s: 0.577355682849884, Loss_u: 0.0
INFO:root:Epoch: 88, Iteration: 266, Loss: 0.2886211574077606, Loss_s: 0.5772423148155212, Loss_u: 0.0
INFO:root:Epoch: 88, Iteration: 267, Loss: 0.2934509515762329, Loss_s: 0.5869019031524658, Loss_u: 0.0
INFO:root:Validation set mIOU: 85.40821473161304
INFO:root:Epoch: 89, Iteration: 268, Loss: 0.2881455719470978, Loss_s: 0.5762911438941956, Loss_u: 0.0
INFO:root:Epoch: 89, Iteration: 269, Loss: 0.29216164350509644, Loss_s: 0.5843232870101929, Loss_u: 0.0
INFO:root:Epoch: 89, Iteration: 270, Loss: 0.2880227863788605, Loss_s: 0.576045572757721, Loss_u: 0.0
INFO:root:Validation set mIOU: 84.95685846421904
INFO:root:Epoch: 90, Iteration: 271, Loss: 0.28918349742889404, Loss_s: 0.5783669948577881, Loss_u: 0.0
INFO:root:Epoch: 90, Iteration: 272, Loss: 0.2864466607570648, Loss_s: 0.5728933215141296, Loss_u: 0.0
INFO:root:Epoch: 90, Iteration: 273, Loss: 0.29006490111351013, Loss_s: 0.5801298022270203, Loss_u: 0.0
INFO:root:Validation set mIOU: 84.64357207771965
INFO:root:Epoch: 91, Iteration: 274, Loss: 0.2892951965332031, Loss_s: 0.5785903930664062, Loss_u: 0.0
INFO:root:Epoch: 91, Iteration: 275, Loss: 0.28724002838134766, Loss_s: 0.5744800567626953, Loss_u: 0.0
INFO:root:Epoch: 91, Iteration: 276, Loss: 0.2845808267593384, Loss_s: 0.5691616535186768, Loss_u: 0.0
INFO:root:Validation set mIOU: 84.93524290178648
INFO:root:Epoch: 92, Iteration: 277, Loss: 0.2924998998641968, Loss_s: 0.5849997997283936, Loss_u: 0.0
INFO:root:Epoch: 92, Iteration: 278, Loss: 0.2874685823917389, Loss_s: 0.5749371647834778, Loss_u: 0.0
INFO:root:Epoch: 92, Iteration: 279, Loss: 0.28770026564598083, Loss_s: 0.5754005312919617, Loss_u: 0.0
INFO:root:Validation set mIOU: 83.04193448723291
INFO:root:Epoch: 93, Iteration: 280, Loss: 0.2862034738063812, Loss_s: 0.5724069476127625, Loss_u: 0.0
INFO:root:Epoch: 93, Iteration: 281, Loss: 0.28561264276504517, Loss_s: 0.5712252855300903, Loss_u: 0.0
INFO:root:Epoch: 93, Iteration: 282, Loss: 0.2917685806751251, Loss_s: 0.5835371613502502, Loss_u: 0.0
INFO:root:Validation set mIOU: 83.15490038779201
INFO:root:Epoch: 94, Iteration: 283, Loss: 0.2893289029598236, Loss_s: 0.5786578059196472, Loss_u: 0.0
INFO:root:Epoch: 94, Iteration: 284, Loss: 0.2917404770851135, Loss_s: 0.583480954170227, Loss_u: 0.0
INFO:root:Epoch: 94, Iteration: 285, Loss: 0.2868766784667969, Loss_s: 0.5737533569335938, Loss_u: 0.0
INFO:root:Validation set mIOU: 84.5842853788645
INFO:root:Epoch: 95, Iteration: 286, Loss: 0.2882998585700989, Loss_s: 0.5765997171401978, Loss_u: 0.0
INFO:root:Epoch: 95, Iteration: 287, Loss: 0.28788021206855774, Loss_s: 0.5757604241371155, Loss_u: 0.0
INFO:root:Epoch: 95, Iteration: 288, Loss: 0.2873478829860687, Loss_s: 0.5746957659721375, Loss_u: 0.0
INFO:root:Validation set mIOU: 85.68876770678516
INFO:root:Epoch: 96, Iteration: 289, Loss: 0.2886100113391876, Loss_s: 0.5772200226783752, Loss_u: 0.0
INFO:root:Epoch: 96, Iteration: 290, Loss: 0.28697720170021057, Loss_s: 0.5739544034004211, Loss_u: 0.0
INFO:root:Epoch: 96, Iteration: 291, Loss: 0.2866847813129425, Loss_s: 0.573369562625885, Loss_u: 0.0
INFO:root:Validation set mIOU: 85.75128036053715
INFO:root:Epoch: 97, Iteration: 292, Loss: 0.2863287031650543, Loss_s: 0.5726574063301086, Loss_u: 0.0
INFO:root:Epoch: 97, Iteration: 293, Loss: 0.28615066409111023, Loss_s: 0.5723013281822205, Loss_u: 0.0
INFO:root:Epoch: 97, Iteration: 294, Loss: 0.28817498683929443, Loss_s: 0.5763499736785889, Loss_u: 0.0
INFO:root:Validation set mIOU: 85.52028269362816
INFO:root:Epoch: 98, Iteration: 295, Loss: 0.2856295704841614, Loss_s: 0.5712591409683228, Loss_u: 0.0
INFO:root:Epoch: 98, Iteration: 296, Loss: 0.2861785292625427, Loss_s: 0.5723570585250854, Loss_u: 0.0
INFO:root:Epoch: 98, Iteration: 297, Loss: 0.28831711411476135, Loss_s: 0.5766342282295227, Loss_u: 0.0
INFO:root:Validation set mIOU: 85.9637483241586
INFO:root:Epoch: 99, Iteration: 298, Loss: 0.28525128960609436, Loss_s: 0.5705025792121887, Loss_u: 0.0
INFO:root:Epoch: 99, Iteration: 299, Loss: 0.28669577836990356, Loss_s: 0.5733915567398071, Loss_u: 0.0
INFO:root:Epoch: 99, Iteration: 300, Loss: 0.28552621603012085, Loss_s: 0.5710524320602417, Loss_u: 0.0
INFO:root:Validation set mIOU: 85.93635564464428
INFO:root:Semi-training
INFO:root:Epoch: 0, Iteration: 1, Loss: 1.094754934310913
INFO:root:Epoch: 0, Iteration: 2, Loss: 1.0541287660598755
INFO:root:Epoch: 0, Iteration: 3, Loss: 0.963632345199585
INFO:root:Epoch: 0, Iteration: 4, Loss: 0.9030424952507019
INFO:root:Epoch: 0, Iteration: 5, Loss: 0.8550270795822144
INFO:root:Epoch: 0, Iteration: 6, Loss: 0.8261027932167053
INFO:root:Epoch: 0, Iteration: 7, Loss: 0.7917654514312744
INFO:root:Validation set mIOU: 55.64628033548941
INFO:root:Epoch: 1, Iteration: 8, Loss: 0.783282995223999
INFO:root:Epoch: 1, Iteration: 9, Loss: 0.7793950438499451
INFO:root:Epoch: 1, Iteration: 10, Loss: 0.756205677986145
INFO:root:Epoch: 1, Iteration: 11, Loss: 0.7307971119880676
INFO:root:Epoch: 1, Iteration: 12, Loss: 0.7059701085090637
INFO:root:Epoch: 1, Iteration: 13, Loss: 0.6890075206756592
INFO:root:Epoch: 1, Iteration: 14, Loss: 0.6949243545532227
INFO:root:Validation set mIOU: 70.73145536072781
INFO:root:Epoch: 2, Iteration: 15, Loss: 0.7169194221496582
INFO:root:Epoch: 2, Iteration: 16, Loss: 0.7000402808189392
INFO:root:Epoch: 2, Iteration: 17, Loss: 0.6865507960319519
INFO:root:Epoch: 2, Iteration: 18, Loss: 0.6568235158920288
INFO:root:Epoch: 2, Iteration: 19, Loss: 0.6795455813407898
INFO:root:Epoch: 2, Iteration: 20, Loss: 0.6960774660110474
INFO:root:Epoch: 2, Iteration: 21, Loss: 0.671660304069519
INFO:root:Validation set mIOU: 71.98959710681615
INFO:root:Epoch: 3, Iteration: 22, Loss: 0.7283273339271545
INFO:root:Epoch: 3, Iteration: 23, Loss: 0.6644262075424194
INFO:root:Epoch: 3, Iteration: 24, Loss: 0.7053974270820618
INFO:root:Epoch: 3, Iteration: 25, Loss: 0.685810923576355
INFO:root:Epoch: 3, Iteration: 26, Loss: 0.6406030058860779
INFO:root:Epoch: 3, Iteration: 27, Loss: 0.6843357682228088
INFO:root:Epoch: 3, Iteration: 28, Loss: 0.6703493595123291
INFO:root:Validation set mIOU: 67.80411944944217
INFO:root:Epoch: 4, Iteration: 29, Loss: 0.6776333451271057
INFO:root:Epoch: 4, Iteration: 30, Loss: 0.671373724937439
INFO:root:Epoch: 4, Iteration: 31, Loss: 0.6252470016479492
INFO:root:Epoch: 4, Iteration: 32, Loss: 0.6749458909034729
INFO:root:Epoch: 4, Iteration: 33, Loss: 0.731220006942749
INFO:root:Epoch: 4, Iteration: 34, Loss: 0.6888828873634338
INFO:root:Epoch: 4, Iteration: 35, Loss: 0.6387834548950195
INFO:root:Validation set mIOU: 67.78080979180544
INFO:root:Epoch: 5, Iteration: 36, Loss: 0.6749500632286072
INFO:root:Epoch: 5, Iteration: 37, Loss: 0.7038545608520508
INFO:root:Epoch: 5, Iteration: 38, Loss: 0.6919016242027283
INFO:root:Epoch: 5, Iteration: 39, Loss: 0.6467849612236023
INFO:root:Epoch: 5, Iteration: 40, Loss: 0.663263201713562
INFO:root:Epoch: 5, Iteration: 41, Loss: 0.6364487409591675
INFO:root:Epoch: 5, Iteration: 42, Loss: 0.6904697418212891
INFO:root:Validation set mIOU: 74.9678379923801
INFO:root:Epoch: 6, Iteration: 43, Loss: 0.651949942111969
INFO:root:Epoch: 6, Iteration: 44, Loss: 0.6267325282096863
INFO:root:Epoch: 6, Iteration: 45, Loss: 0.6321556568145752
INFO:root:Epoch: 6, Iteration: 46, Loss: 0.654900312423706
INFO:root:Epoch: 6, Iteration: 47, Loss: 0.6530908346176147
INFO:root:Epoch: 6, Iteration: 48, Loss: 0.688184380531311
INFO:root:Epoch: 6, Iteration: 49, Loss: 0.6598185300827026
INFO:root:Validation set mIOU: 80.32556211423531
INFO:root:Epoch: 7, Iteration: 50, Loss: 0.6294629573822021
INFO:root:Epoch: 7, Iteration: 51, Loss: 0.648454487323761
INFO:root:Epoch: 7, Iteration: 52, Loss: 0.6602383852005005
INFO:root:Epoch: 7, Iteration: 53, Loss: 0.6330099105834961
INFO:root:Epoch: 7, Iteration: 54, Loss: 0.6361037492752075
INFO:root:Epoch: 7, Iteration: 55, Loss: 0.645734429359436
INFO:root:Epoch: 7, Iteration: 56, Loss: 0.6224410533905029
INFO:root:Validation set mIOU: 79.48177148122682
INFO:root:Epoch: 8, Iteration: 57, Loss: 0.647143542766571
INFO:root:Epoch: 8, Iteration: 58, Loss: 0.6548724174499512
INFO:root:Epoch: 8, Iteration: 59, Loss: 0.6357868909835815
INFO:root:Epoch: 8, Iteration: 60, Loss: 0.6681118011474609
INFO:root:Epoch: 8, Iteration: 61, Loss: 0.7353318929672241
INFO:root:Epoch: 8, Iteration: 62, Loss: 0.6668747067451477
INFO:root:Epoch: 8, Iteration: 63, Loss: 0.6357890367507935
INFO:root:Validation set mIOU: 61.884426435891406
INFO:root:Epoch: 9, Iteration: 64, Loss: 0.6781470775604248
INFO:root:Epoch: 9, Iteration: 65, Loss: 0.6586310863494873
INFO:root:Epoch: 9, Iteration: 66, Loss: 0.679336667060852
INFO:root:Epoch: 9, Iteration: 67, Loss: 0.6248934864997864
INFO:root:Epoch: 9, Iteration: 68, Loss: 0.6757031679153442
INFO:root:Epoch: 9, Iteration: 69, Loss: 0.6270289421081543
INFO:root:Epoch: 9, Iteration: 70, Loss: 0.6740521192550659
INFO:root:Validation set mIOU: 80.1882790429533
INFO:root:Epoch: 10, Iteration: 71, Loss: 0.6624169945716858
INFO:root:Epoch: 10, Iteration: 72, Loss: 0.6351251602172852
INFO:root:Epoch: 10, Iteration: 73, Loss: 0.6743794679641724
INFO:root:Epoch: 10, Iteration: 74, Loss: 0.6214433312416077
INFO:root:Epoch: 10, Iteration: 75, Loss: 0.6720942258834839
INFO:root:Epoch: 10, Iteration: 76, Loss: 0.6479247808456421
INFO:root:Epoch: 10, Iteration: 77, Loss: 0.6435155272483826
INFO:root:Validation set mIOU: 77.39644012580665
INFO:root:Epoch: 11, Iteration: 78, Loss: 0.6363660097122192
INFO:root:Epoch: 11, Iteration: 79, Loss: 0.6287761926651001
INFO:root:Epoch: 11, Iteration: 80, Loss: 0.689452588558197
INFO:root:Epoch: 11, Iteration: 81, Loss: 0.68096923828125
INFO:root:Epoch: 11, Iteration: 82, Loss: 0.7083638906478882
INFO:root:Epoch: 11, Iteration: 83, Loss: 0.6664483547210693
INFO:root:Epoch: 11, Iteration: 84, Loss: 0.6493003964424133
INFO:root:Validation set mIOU: 77.87426805349592
INFO:root:Epoch: 12, Iteration: 85, Loss: 0.6365457773208618
INFO:root:Epoch: 12, Iteration: 86, Loss: 0.6810887455940247
INFO:root:Epoch: 12, Iteration: 87, Loss: 0.6618695855140686
INFO:root:Epoch: 12, Iteration: 88, Loss: 0.6285673975944519
INFO:root:Epoch: 12, Iteration: 89, Loss: 0.6482552886009216
INFO:root:Epoch: 12, Iteration: 90, Loss: 0.7159655094146729
INFO:root:Epoch: 12, Iteration: 91, Loss: 0.6493250131607056
INFO:root:Validation set mIOU: 80.42008323905546
INFO:root:Epoch: 13, Iteration: 92, Loss: 0.607045590877533
INFO:root:Epoch: 13, Iteration: 93, Loss: 0.6452486515045166
INFO:root:Epoch: 13, Iteration: 94, Loss: 0.7015031576156616
INFO:root:Epoch: 13, Iteration: 95, Loss: 0.6363544464111328
INFO:root:Epoch: 13, Iteration: 96, Loss: 0.6667845249176025
INFO:root:Epoch: 13, Iteration: 97, Loss: 0.6442227363586426
INFO:root:Epoch: 13, Iteration: 98, Loss: 0.6224721074104309
INFO:root:Validation set mIOU: 81.58414173118945
INFO:root:Epoch: 14, Iteration: 99, Loss: 0.6805554032325745
INFO:root:Epoch: 14, Iteration: 100, Loss: 0.6734996438026428
INFO:root:Epoch: 14, Iteration: 101, Loss: 0.6062090992927551
INFO:root:Epoch: 14, Iteration: 102, Loss: 0.6180963516235352
INFO:root:Epoch: 14, Iteration: 103, Loss: 0.6238874197006226
INFO:root:Epoch: 14, Iteration: 104, Loss: 0.6387298703193665
INFO:root:Epoch: 14, Iteration: 105, Loss: 0.6389896273612976
INFO:root:Validation set mIOU: 78.12611460877129
INFO:root:Epoch: 15, Iteration: 106, Loss: 0.6135978102684021
INFO:root:Epoch: 15, Iteration: 107, Loss: 0.6875638961791992
INFO:root:Epoch: 15, Iteration: 108, Loss: 0.661910891532898
INFO:root:Epoch: 15, Iteration: 109, Loss: 0.6067582964897156
INFO:root:Epoch: 15, Iteration: 110, Loss: 0.6572877168655396
INFO:root:Epoch: 15, Iteration: 111, Loss: 0.6419482827186584
INFO:root:Epoch: 15, Iteration: 112, Loss: 0.6136286854743958
INFO:root:Validation set mIOU: 78.00120110574305
INFO:root:Epoch: 16, Iteration: 113, Loss: 0.6899327635765076
INFO:root:Epoch: 16, Iteration: 114, Loss: 0.6741013526916504
INFO:root:Epoch: 16, Iteration: 115, Loss: 0.6657236814498901
INFO:root:Epoch: 16, Iteration: 116, Loss: 0.6229195594787598
INFO:root:Epoch: 16, Iteration: 117, Loss: 0.6569578647613525
INFO:root:Epoch: 16, Iteration: 118, Loss: 0.6608590483665466
INFO:root:Epoch: 16, Iteration: 119, Loss: 0.6288930177688599
INFO:root:Validation set mIOU: 78.038608825864
INFO:root:Epoch: 17, Iteration: 120, Loss: 0.6370853185653687
INFO:root:Epoch: 17, Iteration: 121, Loss: 0.6165996789932251
INFO:root:Epoch: 17, Iteration: 122, Loss: 0.6547038555145264
INFO:root:Epoch: 17, Iteration: 123, Loss: 0.6361890435218811
INFO:root:Epoch: 17, Iteration: 124, Loss: 0.6286757588386536
INFO:root:Epoch: 17, Iteration: 125, Loss: 0.6390557289123535
INFO:root:Epoch: 17, Iteration: 126, Loss: 0.6042691469192505
INFO:root:Validation set mIOU: 84.68512232462821
INFO:root:Epoch: 18, Iteration: 127, Loss: 0.6289001107215881
INFO:root:Epoch: 18, Iteration: 128, Loss: 0.6014725565910339
INFO:root:Epoch: 18, Iteration: 129, Loss: 0.6488726139068604
INFO:root:Epoch: 18, Iteration: 130, Loss: 0.650260865688324
INFO:root:Epoch: 18, Iteration: 131, Loss: 0.6472012996673584
INFO:root:Epoch: 18, Iteration: 132, Loss: 0.7121415138244629
INFO:root:Epoch: 18, Iteration: 133, Loss: 0.6347628235816956
INFO:root:Validation set mIOU: 84.2438051985433
INFO:root:Epoch: 19, Iteration: 134, Loss: 0.6580808162689209
INFO:root:Epoch: 19, Iteration: 135, Loss: 0.64650958776474
INFO:root:Epoch: 19, Iteration: 136, Loss: 0.6356250643730164
INFO:root:Epoch: 19, Iteration: 137, Loss: 0.6529780030250549
INFO:root:Epoch: 19, Iteration: 138, Loss: 0.6071440577507019
INFO:root:Epoch: 19, Iteration: 139, Loss: 0.6178022623062134
INFO:root:Epoch: 19, Iteration: 140, Loss: 0.6204833388328552
INFO:root:Validation set mIOU: 83.63082384362052
INFO:root:Epoch: 20, Iteration: 141, Loss: 0.59867924451828
INFO:root:Epoch: 20, Iteration: 142, Loss: 0.6317675113677979
INFO:root:Epoch: 20, Iteration: 143, Loss: 0.6453467607498169
INFO:root:Epoch: 20, Iteration: 144, Loss: 0.6379316449165344
INFO:root:Epoch: 20, Iteration: 145, Loss: 0.6588953137397766
INFO:root:Epoch: 20, Iteration: 146, Loss: 0.6069145202636719
INFO:root:Epoch: 20, Iteration: 147, Loss: 0.6168091893196106
INFO:root:Validation set mIOU: 83.70174971347294
INFO:root:Epoch: 21, Iteration: 148, Loss: 0.6556986570358276
INFO:root:Epoch: 21, Iteration: 149, Loss: 0.6098376512527466
INFO:root:Epoch: 21, Iteration: 150, Loss: 0.6474490165710449
INFO:root:Epoch: 21, Iteration: 151, Loss: 0.6642877459526062
INFO:root:Epoch: 21, Iteration: 152, Loss: 0.6805652976036072
INFO:root:Epoch: 21, Iteration: 153, Loss: 0.6320028305053711
INFO:root:Epoch: 21, Iteration: 154, Loss: 0.6123847365379333
INFO:root:Validation set mIOU: 75.63757292542569
INFO:root:Epoch: 22, Iteration: 155, Loss: 0.6329497694969177
INFO:root:Epoch: 22, Iteration: 156, Loss: 0.6964322924613953
INFO:root:Epoch: 22, Iteration: 157, Loss: 0.6041473746299744
INFO:root:Epoch: 22, Iteration: 158, Loss: 0.6146657466888428
INFO:root:Epoch: 22, Iteration: 159, Loss: 0.661324143409729
INFO:root:Epoch: 22, Iteration: 160, Loss: 0.7037044167518616
INFO:root:Epoch: 22, Iteration: 161, Loss: 0.6445227861404419
INFO:root:Validation set mIOU: 66.7655632556682
INFO:root:Epoch: 23, Iteration: 162, Loss: 0.6400825381278992
INFO:root:Epoch: 23, Iteration: 163, Loss: 0.6396963596343994
INFO:root:Epoch: 23, Iteration: 164, Loss: 0.6544185876846313
INFO:root:Epoch: 23, Iteration: 165, Loss: 0.6673884391784668
INFO:root:Epoch: 23, Iteration: 166, Loss: 0.614132821559906
INFO:root:Epoch: 23, Iteration: 167, Loss: 0.6398258209228516
INFO:root:Epoch: 23, Iteration: 168, Loss: 0.6259526014328003
INFO:root:Validation set mIOU: 84.5731803120679
INFO:root:Epoch: 24, Iteration: 169, Loss: 0.6644724011421204
INFO:root:Epoch: 24, Iteration: 170, Loss: 0.6337238550186157
INFO:root:Epoch: 24, Iteration: 171, Loss: 0.6413177847862244
INFO:root:Epoch: 24, Iteration: 172, Loss: 0.6421274542808533
INFO:root:Epoch: 24, Iteration: 173, Loss: 0.6584557890892029
INFO:root:Epoch: 24, Iteration: 174, Loss: 0.6591265797615051
INFO:root:Epoch: 24, Iteration: 175, Loss: 0.6420958638191223
INFO:root:Validation set mIOU: 83.21881602217255
INFO:root:Epoch: 25, Iteration: 176, Loss: 0.61606764793396
INFO:root:Epoch: 25, Iteration: 177, Loss: 0.6666955947875977
INFO:root:Epoch: 25, Iteration: 178, Loss: 0.7116702795028687
INFO:root:Epoch: 25, Iteration: 179, Loss: 0.654168963432312
INFO:root:Epoch: 25, Iteration: 180, Loss: 0.6467099785804749
INFO:root:Epoch: 25, Iteration: 181, Loss: 0.7022333145141602
INFO:root:Epoch: 25, Iteration: 182, Loss: 0.6766756772994995
INFO:root:Validation set mIOU: 69.69367864455201
INFO:root:Epoch: 26, Iteration: 183, Loss: 0.6294699907302856
INFO:root:Epoch: 26, Iteration: 184, Loss: 0.6635177731513977
INFO:root:Epoch: 26, Iteration: 185, Loss: 0.6334173083305359
INFO:root:Epoch: 26, Iteration: 186, Loss: 0.6987067461013794
INFO:root:Epoch: 26, Iteration: 187, Loss: 0.6423603892326355
INFO:root:Epoch: 26, Iteration: 188, Loss: 0.6363106966018677
INFO:root:Epoch: 26, Iteration: 189, Loss: 0.6717278957366943
INFO:root:Validation set mIOU: 31.275647049000472
INFO:root:Epoch: 27, Iteration: 190, Loss: 0.6464898586273193
INFO:root:Epoch: 27, Iteration: 191, Loss: 0.6484799981117249
INFO:root:Epoch: 27, Iteration: 192, Loss: 0.6318278312683105
INFO:root:Epoch: 27, Iteration: 193, Loss: 0.632889986038208
INFO:root:Epoch: 27, Iteration: 194, Loss: 0.6455826163291931
INFO:root:Epoch: 27, Iteration: 195, Loss: 0.6358351111412048
INFO:root:Epoch: 27, Iteration: 196, Loss: 0.6324378252029419
INFO:root:Validation set mIOU: 21.071277599087253
INFO:root:Epoch: 28, Iteration: 197, Loss: 0.6339393854141235
INFO:root:Epoch: 28, Iteration: 198, Loss: 0.6241093277931213
INFO:root:Epoch: 28, Iteration: 199, Loss: 0.6287170648574829
INFO:root:Epoch: 28, Iteration: 200, Loss: 0.6288873553276062
INFO:root:Epoch: 28, Iteration: 201, Loss: 0.6978852152824402
INFO:root:Epoch: 28, Iteration: 202, Loss: 0.6278769969940186
INFO:root:Epoch: 28, Iteration: 203, Loss: 0.6250286102294922
INFO:root:Validation set mIOU: 83.43055814054553
INFO:root:Epoch: 29, Iteration: 204, Loss: 0.6447657346725464
INFO:root:Epoch: 29, Iteration: 205, Loss: 0.6458697319030762
INFO:root:Epoch: 29, Iteration: 206, Loss: 0.6184892654418945
INFO:root:Epoch: 29, Iteration: 207, Loss: 0.6198657751083374
INFO:root:Epoch: 29, Iteration: 208, Loss: 0.6305896639823914
INFO:root:Epoch: 29, Iteration: 209, Loss: 0.64260333776474
INFO:root:Epoch: 29, Iteration: 210, Loss: 0.6387442946434021
INFO:root:Validation set mIOU: 83.49424540334954
INFO:root:Epoch: 30, Iteration: 211, Loss: 0.615483820438385
INFO:root:Epoch: 30, Iteration: 212, Loss: 0.6020294427871704
INFO:root:Epoch: 30, Iteration: 213, Loss: 0.6521068811416626
INFO:root:Epoch: 30, Iteration: 214, Loss: 0.5991283655166626
INFO:root:Epoch: 30, Iteration: 215, Loss: 0.6364714503288269
INFO:root:Epoch: 30, Iteration: 216, Loss: 0.6941565275192261
INFO:root:Epoch: 30, Iteration: 217, Loss: 0.6437970399856567
INFO:root:Validation set mIOU: 78.50675653082531
INFO:root:Epoch: 31, Iteration: 218, Loss: 0.6157690286636353
INFO:root:Epoch: 31, Iteration: 219, Loss: 0.6548193097114563
INFO:root:Epoch: 31, Iteration: 220, Loss: 0.680507481098175
INFO:root:Epoch: 31, Iteration: 221, Loss: 0.6381245851516724
INFO:root:Epoch: 31, Iteration: 222, Loss: 0.6840544939041138
INFO:root:Epoch: 31, Iteration: 223, Loss: 0.6501145362854004
INFO:root:Epoch: 31, Iteration: 224, Loss: 0.6636902689933777
INFO:root:Validation set mIOU: 82.121583948138
INFO:root:Epoch: 32, Iteration: 225, Loss: 0.6129664182662964
INFO:root:Epoch: 32, Iteration: 226, Loss: 0.6075340509414673
INFO:root:Epoch: 32, Iteration: 227, Loss: 0.6265890598297119
INFO:root:Epoch: 32, Iteration: 228, Loss: 0.6264845728874207
INFO:root:Epoch: 32, Iteration: 229, Loss: 0.6077074408531189
INFO:root:Epoch: 32, Iteration: 230, Loss: 0.6410044431686401
INFO:root:Epoch: 32, Iteration: 231, Loss: 0.6188454031944275
INFO:root:Validation set mIOU: 81.95927419457625
INFO:root:Epoch: 33, Iteration: 232, Loss: 0.6579164862632751
INFO:root:Epoch: 33, Iteration: 233, Loss: 0.6303775310516357
INFO:root:Epoch: 33, Iteration: 234, Loss: 0.6062602996826172
INFO:root:Epoch: 33, Iteration: 235, Loss: 0.6788374781608582
INFO:root:Epoch: 33, Iteration: 236, Loss: 0.6406938433647156
INFO:root:Epoch: 33, Iteration: 237, Loss: 0.6475947499275208
INFO:root:Epoch: 33, Iteration: 238, Loss: 0.62445068359375
INFO:root:Validation set mIOU: 84.8101660028788
INFO:root:Epoch: 34, Iteration: 239, Loss: 0.6261569857597351
INFO:root:Epoch: 34, Iteration: 240, Loss: 0.6768969297409058
INFO:root:Epoch: 34, Iteration: 241, Loss: 0.6240420341491699
INFO:root:Epoch: 34, Iteration: 242, Loss: 0.615737795829773
INFO:root:Epoch: 34, Iteration: 243, Loss: 0.6302030086517334
INFO:root:Epoch: 34, Iteration: 244, Loss: 0.6722816824913025
INFO:root:Epoch: 34, Iteration: 245, Loss: 0.6090819239616394
INFO:root:Validation set mIOU: 80.33655787529884
INFO:root:Epoch: 35, Iteration: 246, Loss: 0.6213817000389099
INFO:root:Epoch: 35, Iteration: 247, Loss: 0.7113690376281738
INFO:root:Epoch: 35, Iteration: 248, Loss: 0.6242724657058716
INFO:root:Epoch: 35, Iteration: 249, Loss: 0.6189653873443604
INFO:root:Epoch: 35, Iteration: 250, Loss: 0.6301525235176086
INFO:root:Epoch: 35, Iteration: 251, Loss: 0.6234808564186096
INFO:root:Epoch: 35, Iteration: 252, Loss: 0.6505638957023621
INFO:root:Validation set mIOU: 77.88312928635776
INFO:root:Epoch: 36, Iteration: 253, Loss: 0.6172879338264465
INFO:root:Epoch: 36, Iteration: 254, Loss: 0.6338434219360352
INFO:root:Epoch: 36, Iteration: 255, Loss: 0.6414981484413147
INFO:root:Epoch: 36, Iteration: 256, Loss: 0.6366152167320251
INFO:root:Epoch: 36, Iteration: 257, Loss: 0.6443423628807068
INFO:root:Epoch: 36, Iteration: 258, Loss: 0.6127562522888184
INFO:root:Epoch: 36, Iteration: 259, Loss: 0.6117283701896667
INFO:root:Validation set mIOU: 85.82646520217274
INFO:root:Epoch: 37, Iteration: 260, Loss: 0.6273586750030518
INFO:root:Epoch: 37, Iteration: 261, Loss: 0.6861002445220947
INFO:root:Epoch: 37, Iteration: 262, Loss: 0.6291230916976929
INFO:root:Epoch: 37, Iteration: 263, Loss: 0.6367998719215393
INFO:root:Epoch: 37, Iteration: 264, Loss: 0.6224362850189209
INFO:root:Epoch: 37, Iteration: 265, Loss: 0.6336698532104492
INFO:root:Epoch: 37, Iteration: 266, Loss: 0.6480375528335571
INFO:root:Validation set mIOU: 72.55737471705098
INFO:root:Epoch: 38, Iteration: 267, Loss: 0.6140991449356079
INFO:root:Epoch: 38, Iteration: 268, Loss: 0.6383785605430603
INFO:root:Epoch: 38, Iteration: 269, Loss: 0.6337838768959045
INFO:root:Epoch: 38, Iteration: 270, Loss: 0.6505287289619446
INFO:root:Epoch: 38, Iteration: 271, Loss: 0.636649489402771
INFO:root:Epoch: 38, Iteration: 272, Loss: 0.6186119914054871
INFO:root:Epoch: 38, Iteration: 273, Loss: 0.6296793222427368
INFO:root:Validation set mIOU: 82.24159628656786
INFO:root:Epoch: 39, Iteration: 274, Loss: 0.6350036263465881
INFO:root:Epoch: 39, Iteration: 275, Loss: 0.6333473324775696
INFO:root:Epoch: 39, Iteration: 276, Loss: 0.6214991807937622
INFO:root:Epoch: 39, Iteration: 277, Loss: 0.6402023434638977
INFO:root:Epoch: 39, Iteration: 278, Loss: 0.6419355273246765
INFO:root:Epoch: 39, Iteration: 279, Loss: 0.6741909384727478
INFO:root:Epoch: 39, Iteration: 280, Loss: 0.6297833919525146
INFO:root:Validation set mIOU: 56.0127974483394
INFO:root:Epoch: 40, Iteration: 281, Loss: 0.618665874004364
INFO:root:Epoch: 40, Iteration: 282, Loss: 0.6195071339607239
INFO:root:Epoch: 40, Iteration: 283, Loss: 0.6007990837097168
INFO:root:Epoch: 40, Iteration: 284, Loss: 0.6209442615509033
INFO:root:Epoch: 40, Iteration: 285, Loss: 0.6536314487457275
INFO:root:Epoch: 40, Iteration: 286, Loss: 0.6233121156692505
INFO:root:Epoch: 40, Iteration: 287, Loss: 0.5985936522483826
INFO:root:Validation set mIOU: 80.90442572901688
INFO:root:Epoch: 41, Iteration: 288, Loss: 0.6218787431716919
INFO:root:Epoch: 41, Iteration: 289, Loss: 0.6090564727783203
INFO:root:Epoch: 41, Iteration: 290, Loss: 0.6371307969093323
INFO:root:Epoch: 41, Iteration: 291, Loss: 0.6564843654632568
INFO:root:Epoch: 41, Iteration: 292, Loss: 0.6332381367683411
INFO:root:Epoch: 41, Iteration: 293, Loss: 0.6225212812423706
INFO:root:Epoch: 41, Iteration: 294, Loss: 0.6079279184341431
INFO:root:Validation set mIOU: 82.57044469230964
INFO:root:Epoch: 42, Iteration: 295, Loss: 0.6865881085395813
INFO:root:Epoch: 42, Iteration: 296, Loss: 0.6441059708595276
INFO:root:Epoch: 42, Iteration: 297, Loss: 0.6481798887252808
INFO:root:Epoch: 42, Iteration: 298, Loss: 0.6156964898109436
INFO:root:Epoch: 42, Iteration: 299, Loss: 0.6083924174308777
INFO:root:Epoch: 42, Iteration: 300, Loss: 0.6083317995071411
INFO:root:Epoch: 42, Iteration: 301, Loss: 0.642924964427948
INFO:root:Validation set mIOU: 80.82709225799522
INFO:root:Epoch: 43, Iteration: 302, Loss: 0.6166093945503235
INFO:root:Epoch: 43, Iteration: 303, Loss: 0.6412224769592285
INFO:root:Epoch: 43, Iteration: 304, Loss: 0.623454749584198
INFO:root:Epoch: 43, Iteration: 305, Loss: 0.6110817193984985
INFO:root:Epoch: 43, Iteration: 306, Loss: 0.6311318278312683
INFO:root:Epoch: 43, Iteration: 307, Loss: 0.6221861839294434
INFO:root:Epoch: 43, Iteration: 308, Loss: 0.6164848208427429
INFO:root:Validation set mIOU: 83.63232243590394
INFO:root:Epoch: 44, Iteration: 309, Loss: 0.6317700743675232
INFO:root:Epoch: 44, Iteration: 310, Loss: 0.6480745077133179
INFO:root:Epoch: 44, Iteration: 311, Loss: 0.6120232939720154
INFO:root:Epoch: 44, Iteration: 312, Loss: 0.6282484531402588
INFO:root:Epoch: 44, Iteration: 313, Loss: 0.6076493263244629
INFO:root:Epoch: 44, Iteration: 314, Loss: 0.6228471994400024
INFO:root:Epoch: 44, Iteration: 315, Loss: 0.6031774282455444
INFO:root:Validation set mIOU: 74.26391551918022
INFO:root:Epoch: 45, Iteration: 316, Loss: 0.6130909323692322
INFO:root:Epoch: 45, Iteration: 317, Loss: 0.6260326504707336
INFO:root:Epoch: 45, Iteration: 318, Loss: 0.6109287142753601
INFO:root:Epoch: 45, Iteration: 319, Loss: 0.6151516437530518
INFO:root:Epoch: 45, Iteration: 320, Loss: 0.6103408932685852
INFO:root:Epoch: 45, Iteration: 321, Loss: 0.6515635251998901
INFO:root:Epoch: 45, Iteration: 322, Loss: 0.6123313903808594
INFO:root:Validation set mIOU: 84.07528259425861
INFO:root:Epoch: 46, Iteration: 323, Loss: 0.6200791597366333
INFO:root:Epoch: 46, Iteration: 324, Loss: 0.6269775629043579
INFO:root:Epoch: 46, Iteration: 325, Loss: 0.615129292011261
INFO:root:Epoch: 46, Iteration: 326, Loss: 0.5986008644104004
INFO:root:Epoch: 46, Iteration: 327, Loss: 0.6554937362670898
INFO:root:Epoch: 46, Iteration: 328, Loss: 0.6306084990501404
INFO:root:Epoch: 46, Iteration: 329, Loss: 0.6456481218338013
INFO:root:Validation set mIOU: 79.91294414196419
INFO:root:Epoch: 47, Iteration: 330, Loss: 0.6241289973258972
INFO:root:Epoch: 47, Iteration: 331, Loss: 0.6069245934486389
INFO:root:Epoch: 47, Iteration: 332, Loss: 0.6255043148994446
INFO:root:Epoch: 47, Iteration: 333, Loss: 0.6373617053031921
INFO:root:Epoch: 47, Iteration: 334, Loss: 0.6641839146614075
INFO:root:Epoch: 47, Iteration: 335, Loss: 0.6133375763893127
INFO:root:Epoch: 47, Iteration: 336, Loss: 0.6231896281242371
INFO:root:Validation set mIOU: 82.73922847937469
INFO:root:Epoch: 48, Iteration: 337, Loss: 0.6254767775535583
INFO:root:Epoch: 48, Iteration: 338, Loss: 0.6207928657531738
INFO:root:Epoch: 48, Iteration: 339, Loss: 0.625614583492279
INFO:root:Epoch: 48, Iteration: 340, Loss: 0.6177349090576172
INFO:root:Epoch: 48, Iteration: 341, Loss: 0.6191302537918091
INFO:root:Epoch: 48, Iteration: 342, Loss: 0.6429768204689026
INFO:root:Epoch: 48, Iteration: 343, Loss: 0.599158525466919
INFO:root:Validation set mIOU: 79.87111366749686
INFO:root:Epoch: 49, Iteration: 344, Loss: 0.6335622072219849
INFO:root:Epoch: 49, Iteration: 345, Loss: 0.6414135694503784
INFO:root:Epoch: 49, Iteration: 346, Loss: 0.6060344576835632
INFO:root:Epoch: 49, Iteration: 347, Loss: 0.6360872387886047
INFO:root:Epoch: 49, Iteration: 348, Loss: 0.6137033700942993
INFO:root:Epoch: 49, Iteration: 349, Loss: 0.6522035598754883
INFO:root:Epoch: 49, Iteration: 350, Loss: 0.6198341846466064
INFO:root:Validation set mIOU: 73.59743692545067
INFO:root:Epoch: 50, Iteration: 351, Loss: 0.6033608913421631
INFO:root:Epoch: 50, Iteration: 352, Loss: 0.6474368572235107
INFO:root:Epoch: 50, Iteration: 353, Loss: 0.6027271151542664
INFO:root:Epoch: 50, Iteration: 354, Loss: 0.6787907481193542
INFO:root:Epoch: 50, Iteration: 355, Loss: 0.6355773210525513
INFO:root:Epoch: 50, Iteration: 356, Loss: 0.5969344973564148
INFO:root:Epoch: 50, Iteration: 357, Loss: 0.6425827145576477
INFO:root:Validation set mIOU: 85.66035645032204
INFO:root:Epoch: 51, Iteration: 358, Loss: 0.6078800559043884
INFO:root:Epoch: 51, Iteration: 359, Loss: 0.6444979310035706
INFO:root:Epoch: 51, Iteration: 360, Loss: 0.6073087453842163
INFO:root:Epoch: 51, Iteration: 361, Loss: 0.6051719188690186
INFO:root:Epoch: 51, Iteration: 362, Loss: 0.6013416051864624
INFO:root:Epoch: 51, Iteration: 363, Loss: 0.6068391799926758
INFO:root:Epoch: 51, Iteration: 364, Loss: 0.6387736201286316
INFO:root:Validation set mIOU: 83.10966321086636
INFO:root:Epoch: 52, Iteration: 365, Loss: 0.6039960384368896
INFO:root:Epoch: 52, Iteration: 366, Loss: 0.597832202911377
INFO:root:Epoch: 52, Iteration: 367, Loss: 0.6211646199226379
INFO:root:Epoch: 52, Iteration: 368, Loss: 0.6430602669715881
INFO:root:Epoch: 52, Iteration: 369, Loss: 0.6365917325019836
INFO:root:Epoch: 52, Iteration: 370, Loss: 0.6007733941078186
INFO:root:Epoch: 52, Iteration: 371, Loss: 0.6164645552635193
INFO:root:Validation set mIOU: 81.75002140429051
INFO:root:Epoch: 53, Iteration: 372, Loss: 0.602037250995636
INFO:root:Epoch: 53, Iteration: 373, Loss: 0.652705192565918
INFO:root:Epoch: 53, Iteration: 374, Loss: 0.6308255791664124
INFO:root:Epoch: 53, Iteration: 375, Loss: 0.6516596674919128
INFO:root:Epoch: 53, Iteration: 376, Loss: 0.6095075011253357
INFO:root:Epoch: 53, Iteration: 377, Loss: 0.6321090459823608
INFO:root:Epoch: 53, Iteration: 378, Loss: 0.6062568426132202
INFO:root:Validation set mIOU: 84.00227313073013
INFO:root:Epoch: 54, Iteration: 379, Loss: 0.5976703763008118
INFO:root:Epoch: 54, Iteration: 380, Loss: 0.5986744165420532
INFO:root:Epoch: 54, Iteration: 381, Loss: 0.6289706826210022
INFO:root:Epoch: 54, Iteration: 382, Loss: 0.6430037617683411
INFO:root:Epoch: 54, Iteration: 383, Loss: 0.6147696375846863
INFO:root:Epoch: 54, Iteration: 384, Loss: 0.6608503460884094
INFO:root:Epoch: 54, Iteration: 385, Loss: 0.610619306564331
INFO:root:Validation set mIOU: 86.35686443166946
INFO:root:Epoch: 55, Iteration: 386, Loss: 0.6294925212860107
INFO:root:Epoch: 55, Iteration: 387, Loss: 0.614530086517334
INFO:root:Epoch: 55, Iteration: 388, Loss: 0.6102832555770874
INFO:root:Epoch: 55, Iteration: 389, Loss: 0.6308978796005249
INFO:root:Epoch: 55, Iteration: 390, Loss: 0.6008097529411316
INFO:root:Epoch: 55, Iteration: 391, Loss: 0.621545672416687
INFO:root:Epoch: 55, Iteration: 392, Loss: 0.6039132475852966
INFO:root:Validation set mIOU: 84.00376595389866
INFO:root:Epoch: 56, Iteration: 393, Loss: 0.6182062029838562
INFO:root:Epoch: 56, Iteration: 394, Loss: 0.6026708483695984
INFO:root:Epoch: 56, Iteration: 395, Loss: 0.5952695608139038
INFO:root:Epoch: 56, Iteration: 396, Loss: 0.6211018562316895
INFO:root:Epoch: 56, Iteration: 397, Loss: 0.6267426609992981
INFO:root:Epoch: 56, Iteration: 398, Loss: 0.6056098937988281
INFO:root:Epoch: 56, Iteration: 399, Loss: 0.6258001327514648
INFO:root:Validation set mIOU: 84.84320868423016
INFO:root:Epoch: 57, Iteration: 400, Loss: 0.6116666197776794
INFO:root:Epoch: 57, Iteration: 401, Loss: 0.6527296304702759
INFO:root:Epoch: 57, Iteration: 402, Loss: 0.614154040813446
INFO:root:Epoch: 57, Iteration: 403, Loss: 0.6113615036010742
INFO:root:Epoch: 57, Iteration: 404, Loss: 0.6048832535743713
INFO:root:Epoch: 57, Iteration: 405, Loss: 0.6173719167709351
INFO:root:Epoch: 57, Iteration: 406, Loss: 0.6129134297370911
INFO:root:Validation set mIOU: 81.74969264874831
INFO:root:Epoch: 58, Iteration: 407, Loss: 0.5966001152992249
INFO:root:Epoch: 58, Iteration: 408, Loss: 0.6631450653076172
INFO:root:Epoch: 58, Iteration: 409, Loss: 0.6317538619041443
INFO:root:Epoch: 58, Iteration: 410, Loss: 0.5988649129867554
INFO:root:Epoch: 58, Iteration: 411, Loss: 0.6468445062637329
INFO:root:Epoch: 58, Iteration: 412, Loss: 0.6084181666374207
INFO:root:Epoch: 58, Iteration: 413, Loss: 0.5937947034835815
INFO:root:Validation set mIOU: 84.56034304462592
INFO:root:Epoch: 59, Iteration: 414, Loss: 0.6257805228233337
INFO:root:Epoch: 59, Iteration: 415, Loss: 0.6470950841903687
INFO:root:Epoch: 59, Iteration: 416, Loss: 0.637056291103363
INFO:root:Epoch: 59, Iteration: 417, Loss: 0.6214206218719482
INFO:root:Epoch: 59, Iteration: 418, Loss: 0.5958024859428406
INFO:root:Epoch: 59, Iteration: 419, Loss: 0.6339625716209412
INFO:root:Epoch: 59, Iteration: 420, Loss: 0.6827229261398315
INFO:root:Validation set mIOU: 70.95476363866554
INFO:root:Epoch: 60, Iteration: 421, Loss: 0.6396557092666626
INFO:root:Epoch: 60, Iteration: 422, Loss: 0.6518906354904175
INFO:root:Epoch: 60, Iteration: 423, Loss: 0.6071717739105225
INFO:root:Epoch: 60, Iteration: 424, Loss: 0.6145122647285461
INFO:root:Epoch: 60, Iteration: 425, Loss: 0.6268988251686096
INFO:root:Epoch: 60, Iteration: 426, Loss: 0.6356494426727295
INFO:root:Epoch: 60, Iteration: 427, Loss: 0.6332896947860718
INFO:root:Validation set mIOU: 73.60229221813239
INFO:root:Epoch: 61, Iteration: 428, Loss: 0.6111006736755371
INFO:root:Epoch: 61, Iteration: 429, Loss: 0.6442962288856506
INFO:root:Epoch: 61, Iteration: 430, Loss: 0.6641246676445007
INFO:root:Epoch: 61, Iteration: 431, Loss: 0.6052042841911316
INFO:root:Epoch: 61, Iteration: 432, Loss: 0.6659366488456726
INFO:root:Epoch: 61, Iteration: 433, Loss: 0.6043246984481812
INFO:root:Epoch: 61, Iteration: 434, Loss: 0.62787926197052
INFO:root:Validation set mIOU: 81.23571219328073
INFO:root:Epoch: 62, Iteration: 435, Loss: 0.6209921836853027
INFO:root:Epoch: 62, Iteration: 436, Loss: 0.6427819132804871
INFO:root:Epoch: 62, Iteration: 437, Loss: 0.6668680906295776
INFO:root:Epoch: 62, Iteration: 438, Loss: 0.6264284253120422
INFO:root:Epoch: 62, Iteration: 439, Loss: 0.6012604832649231
INFO:root:Epoch: 62, Iteration: 440, Loss: 0.5984740853309631
INFO:root:Epoch: 62, Iteration: 441, Loss: 0.6449808478355408
INFO:root:Validation set mIOU: 85.85869413176637
INFO:root:Epoch: 63, Iteration: 442, Loss: 0.6270866990089417
INFO:root:Epoch: 63, Iteration: 443, Loss: 0.654695987701416
INFO:root:Epoch: 63, Iteration: 444, Loss: 0.6356659531593323
INFO:root:Epoch: 63, Iteration: 445, Loss: 0.650867223739624
INFO:root:Epoch: 63, Iteration: 446, Loss: 0.626930832862854
INFO:root:Epoch: 63, Iteration: 447, Loss: 0.602016806602478
INFO:root:Epoch: 63, Iteration: 448, Loss: 0.623542070388794
INFO:root:Validation set mIOU: 79.55855202412152
INFO:root:Epoch: 64, Iteration: 449, Loss: 0.6309473514556885
INFO:root:Epoch: 64, Iteration: 450, Loss: 0.6440225839614868
INFO:root:Epoch: 64, Iteration: 451, Loss: 0.6335043907165527
INFO:root:Epoch: 64, Iteration: 452, Loss: 0.6171018481254578
INFO:root:Epoch: 64, Iteration: 453, Loss: 0.6195858716964722
INFO:root:Epoch: 64, Iteration: 454, Loss: 0.6228035092353821
INFO:root:Epoch: 64, Iteration: 455, Loss: 0.5996992588043213
INFO:root:Validation set mIOU: 85.92113797159615
INFO:root:Epoch: 65, Iteration: 456, Loss: 0.5968725085258484
INFO:root:Epoch: 65, Iteration: 457, Loss: 0.5796954035758972
INFO:root:Epoch: 65, Iteration: 458, Loss: 0.6011223196983337
INFO:root:Epoch: 65, Iteration: 459, Loss: 0.631351888179779
INFO:root:Epoch: 65, Iteration: 460, Loss: 0.6313194036483765
INFO:root:Epoch: 65, Iteration: 461, Loss: 0.5976821780204773
INFO:root:Epoch: 65, Iteration: 462, Loss: 0.6246129274368286
INFO:root:Validation set mIOU: 86.4891070828795
INFO:root:Epoch: 66, Iteration: 463, Loss: 0.5957245230674744
INFO:root:Epoch: 66, Iteration: 464, Loss: 0.5985459685325623
INFO:root:Epoch: 66, Iteration: 465, Loss: 0.6000246405601501
INFO:root:Epoch: 66, Iteration: 466, Loss: 0.6048986911773682
INFO:root:Epoch: 66, Iteration: 467, Loss: 0.6352020502090454
INFO:root:Epoch: 66, Iteration: 468, Loss: 0.6500679850578308
INFO:root:Epoch: 66, Iteration: 469, Loss: 0.6242831945419312
INFO:root:Validation set mIOU: 86.12936291194751
INFO:root:Epoch: 67, Iteration: 470, Loss: 0.6616894006729126
INFO:root:Epoch: 67, Iteration: 471, Loss: 0.6058201789855957
INFO:root:Epoch: 67, Iteration: 472, Loss: 0.6123125553131104
INFO:root:Epoch: 67, Iteration: 473, Loss: 0.6002402901649475
INFO:root:Epoch: 67, Iteration: 474, Loss: 0.595611572265625
INFO:root:Epoch: 67, Iteration: 475, Loss: 0.6539821624755859
INFO:root:Epoch: 67, Iteration: 476, Loss: 0.5991807579994202
INFO:root:Validation set mIOU: 85.83327854294106
INFO:root:Epoch: 68, Iteration: 477, Loss: 0.6019172072410583
INFO:root:Epoch: 68, Iteration: 478, Loss: 0.6140300631523132
INFO:root:Epoch: 68, Iteration: 479, Loss: 0.6339164972305298
INFO:root:Epoch: 68, Iteration: 480, Loss: 0.6219446659088135
INFO:root:Epoch: 68, Iteration: 481, Loss: 0.6324782967567444
INFO:root:Epoch: 68, Iteration: 482, Loss: 0.6177342534065247
INFO:root:Epoch: 68, Iteration: 483, Loss: 0.6451029777526855
INFO:root:Validation set mIOU: 84.01640131886333
INFO:root:Epoch: 69, Iteration: 484, Loss: 0.6200259923934937
INFO:root:Epoch: 69, Iteration: 485, Loss: 0.6374148726463318
INFO:root:Epoch: 69, Iteration: 486, Loss: 0.6141631603240967
INFO:root:Epoch: 69, Iteration: 487, Loss: 0.6197433471679688
INFO:root:Epoch: 69, Iteration: 488, Loss: 0.6167871952056885
INFO:root:Epoch: 69, Iteration: 489, Loss: 0.6473961472511292
INFO:root:Epoch: 69, Iteration: 490, Loss: 0.5868114233016968
INFO:root:Validation set mIOU: 81.45860008135259
INFO:root:Epoch: 70, Iteration: 491, Loss: 0.6039884090423584
INFO:root:Epoch: 70, Iteration: 492, Loss: 0.6185093522071838
INFO:root:Epoch: 70, Iteration: 493, Loss: 0.6200818419456482
INFO:root:Epoch: 70, Iteration: 494, Loss: 0.6024496555328369
INFO:root:Epoch: 70, Iteration: 495, Loss: 0.5952562689781189
INFO:root:Epoch: 70, Iteration: 496, Loss: 0.6472735404968262
INFO:root:Epoch: 70, Iteration: 497, Loss: 0.6095219254493713
INFO:root:Validation set mIOU: 64.5127959169978
INFO:root:Epoch: 71, Iteration: 498, Loss: 0.601438581943512
INFO:root:Epoch: 71, Iteration: 499, Loss: 0.6099052429199219
INFO:root:Epoch: 71, Iteration: 500, Loss: 0.615545392036438
INFO:root:Epoch: 71, Iteration: 501, Loss: 0.6250990629196167
INFO:root:Epoch: 71, Iteration: 502, Loss: 0.6024893522262573
INFO:root:Epoch: 71, Iteration: 503, Loss: 0.6328400373458862
INFO:root:Epoch: 71, Iteration: 504, Loss: 0.6282411217689514
INFO:root:Validation set mIOU: 85.02334991778682
INFO:root:Epoch: 72, Iteration: 505, Loss: 0.5984189510345459
INFO:root:Epoch: 72, Iteration: 506, Loss: 0.6355007886886597
INFO:root:Epoch: 72, Iteration: 507, Loss: 0.6233347654342651
INFO:root:Epoch: 72, Iteration: 508, Loss: 0.5857262015342712
INFO:root:Epoch: 72, Iteration: 509, Loss: 0.611655592918396
INFO:root:Epoch: 72, Iteration: 510, Loss: 0.5944275259971619
INFO:root:Epoch: 72, Iteration: 511, Loss: 0.5975683331489563
INFO:root:Validation set mIOU: 81.8756602621199
INFO:root:Epoch: 73, Iteration: 512, Loss: 0.6134335398674011
INFO:root:Epoch: 73, Iteration: 513, Loss: 0.6029701232910156
INFO:root:Epoch: 73, Iteration: 514, Loss: 0.6161181926727295
INFO:root:Epoch: 73, Iteration: 515, Loss: 0.6430781483650208
INFO:root:Epoch: 73, Iteration: 516, Loss: 0.6185394525527954
INFO:root:Epoch: 73, Iteration: 517, Loss: 0.5860471725463867
INFO:root:Epoch: 73, Iteration: 518, Loss: 0.5945267677307129
INFO:root:Validation set mIOU: 87.39115266694864
INFO:root:Epoch: 74, Iteration: 519, Loss: 0.5954344868659973
INFO:root:Epoch: 74, Iteration: 520, Loss: 0.6233010292053223
INFO:root:Epoch: 74, Iteration: 521, Loss: 0.6017425060272217
INFO:root:Epoch: 74, Iteration: 522, Loss: 0.6219107508659363
INFO:root:Epoch: 74, Iteration: 523, Loss: 0.5982458591461182
INFO:root:Epoch: 74, Iteration: 524, Loss: 0.6045287251472473
INFO:root:Epoch: 74, Iteration: 525, Loss: 0.6296533942222595
INFO:root:Validation set mIOU: 77.84528386699408
INFO:root:Epoch: 75, Iteration: 526, Loss: 0.616079568862915
INFO:root:Epoch: 75, Iteration: 527, Loss: 0.6080901026725769
INFO:root:Epoch: 75, Iteration: 528, Loss: 0.6181410551071167
INFO:root:Epoch: 75, Iteration: 529, Loss: 0.619961142539978
INFO:root:Epoch: 75, Iteration: 530, Loss: 0.6126039624214172
INFO:root:Epoch: 75, Iteration: 531, Loss: 0.6172260046005249
INFO:root:Epoch: 75, Iteration: 532, Loss: 0.613987147808075
INFO:root:Validation set mIOU: 71.8958309101683
INFO:root:Epoch: 76, Iteration: 533, Loss: 0.6217337846755981
INFO:root:Epoch: 76, Iteration: 534, Loss: 0.6332185864448547
INFO:root:Epoch: 76, Iteration: 535, Loss: 0.6196191906929016
INFO:root:Epoch: 76, Iteration: 536, Loss: 0.6153301000595093
INFO:root:Epoch: 76, Iteration: 537, Loss: 0.6283774971961975
INFO:root:Epoch: 76, Iteration: 538, Loss: 0.6266974806785583
INFO:root:Epoch: 76, Iteration: 539, Loss: 0.6036587357521057
INFO:root:Validation set mIOU: 80.26925423770011
INFO:root:Epoch: 77, Iteration: 540, Loss: 0.6209849119186401
INFO:root:Epoch: 77, Iteration: 541, Loss: 0.6311659812927246
INFO:root:Epoch: 77, Iteration: 542, Loss: 0.6255070567131042
INFO:root:Epoch: 77, Iteration: 543, Loss: 0.6187716722488403
INFO:root:Epoch: 77, Iteration: 544, Loss: 0.6048538684844971
INFO:root:Epoch: 77, Iteration: 545, Loss: 0.6066927909851074
INFO:root:Epoch: 77, Iteration: 546, Loss: 0.6235505938529968
INFO:root:Validation set mIOU: 86.21855851093673
INFO:root:Epoch: 78, Iteration: 547, Loss: 0.6168519854545593
INFO:root:Epoch: 78, Iteration: 548, Loss: 0.6108444333076477
INFO:root:Epoch: 78, Iteration: 549, Loss: 0.6128249764442444
INFO:root:Epoch: 78, Iteration: 550, Loss: 0.6257455945014954
INFO:root:Epoch: 78, Iteration: 551, Loss: 0.6087578535079956
INFO:root:Epoch: 78, Iteration: 552, Loss: 0.605243980884552
INFO:root:Epoch: 78, Iteration: 553, Loss: 0.5998409390449524
INFO:root:Validation set mIOU: 85.34523720212607
INFO:root:Epoch: 79, Iteration: 554, Loss: 0.6343951225280762
INFO:root:Epoch: 79, Iteration: 555, Loss: 0.6205230355262756
INFO:root:Epoch: 79, Iteration: 556, Loss: 0.6234344244003296
INFO:root:Epoch: 79, Iteration: 557, Loss: 0.6509597301483154
INFO:root:Epoch: 79, Iteration: 558, Loss: 0.614082932472229
INFO:root:Epoch: 79, Iteration: 559, Loss: 0.6018843650817871
INFO:root:Epoch: 79, Iteration: 560, Loss: 0.6119524836540222
INFO:root:Validation set mIOU: 86.59555982338408
INFO:root:Epoch: 80, Iteration: 561, Loss: 0.613162636756897
INFO:root:Epoch: 80, Iteration: 562, Loss: 0.6149191856384277
INFO:root:Epoch: 80, Iteration: 563, Loss: 0.5940349102020264
INFO:root:Epoch: 80, Iteration: 564, Loss: 0.6054664850234985
INFO:root:Epoch: 80, Iteration: 565, Loss: 0.6032989025115967
INFO:root:Epoch: 80, Iteration: 566, Loss: 0.601251482963562
INFO:root:Epoch: 80, Iteration: 567, Loss: 0.6534489989280701
INFO:root:Validation set mIOU: 86.34035390599189
INFO:root:Epoch: 81, Iteration: 568, Loss: 0.616648256778717
INFO:root:Epoch: 81, Iteration: 569, Loss: 0.6162829995155334
INFO:root:Epoch: 81, Iteration: 570, Loss: 0.5960543155670166
INFO:root:Epoch: 81, Iteration: 571, Loss: 0.6260154247283936
INFO:root:Epoch: 81, Iteration: 572, Loss: 0.6010624170303345
INFO:root:Epoch: 81, Iteration: 573, Loss: 0.6218979358673096
INFO:root:Epoch: 81, Iteration: 574, Loss: 0.6332591772079468
INFO:root:Validation set mIOU: 79.90901503959785
INFO:root:Epoch: 82, Iteration: 575, Loss: 0.5960994958877563
INFO:root:Epoch: 82, Iteration: 576, Loss: 0.6381784081459045
INFO:root:Epoch: 82, Iteration: 577, Loss: 0.5920642018318176
INFO:root:Epoch: 82, Iteration: 578, Loss: 0.6169116497039795
INFO:root:Epoch: 82, Iteration: 579, Loss: 0.6190099120140076
INFO:root:Epoch: 82, Iteration: 580, Loss: 0.642665684223175
INFO:root:Epoch: 82, Iteration: 581, Loss: 0.6014558672904968
INFO:root:Validation set mIOU: 67.19654471190587
INFO:root:Epoch: 83, Iteration: 582, Loss: 0.622475802898407
INFO:root:Epoch: 83, Iteration: 583, Loss: 0.6228528022766113
INFO:root:Epoch: 83, Iteration: 584, Loss: 0.6860755681991577
INFO:root:Epoch: 83, Iteration: 585, Loss: 0.6162950992584229
INFO:root:Epoch: 83, Iteration: 586, Loss: 0.5979573726654053
INFO:root:Epoch: 83, Iteration: 587, Loss: 0.6338009834289551
INFO:root:Epoch: 83, Iteration: 588, Loss: 0.6545390486717224
INFO:root:Validation set mIOU: 39.81649771249096
INFO:root:Epoch: 84, Iteration: 589, Loss: 0.6247595548629761
INFO:root:Epoch: 84, Iteration: 590, Loss: 0.6048460006713867
INFO:root:Epoch: 84, Iteration: 591, Loss: 0.6090131402015686
INFO:root:Epoch: 84, Iteration: 592, Loss: 0.5988374352455139
INFO:root:Epoch: 84, Iteration: 593, Loss: 0.6027126312255859
INFO:root:Epoch: 84, Iteration: 594, Loss: 0.6013779640197754
INFO:root:Epoch: 84, Iteration: 595, Loss: 0.6301357746124268
INFO:root:Validation set mIOU: 80.77919324124161
INFO:root:Epoch: 85, Iteration: 596, Loss: 0.5844619274139404
INFO:root:Epoch: 85, Iteration: 597, Loss: 0.616178572177887
INFO:root:Epoch: 85, Iteration: 598, Loss: 0.596311092376709
INFO:root:Epoch: 85, Iteration: 599, Loss: 0.6593813896179199
INFO:root:Epoch: 85, Iteration: 600, Loss: 0.6248346567153931
INFO:root:Epoch: 85, Iteration: 601, Loss: 0.6310026049613953
INFO:root:Epoch: 85, Iteration: 602, Loss: 0.611030101776123
INFO:root:Validation set mIOU: 81.85869572517645
INFO:root:Epoch: 86, Iteration: 603, Loss: 0.6428271532058716
INFO:root:Epoch: 86, Iteration: 604, Loss: 0.6356953382492065
INFO:root:Epoch: 86, Iteration: 605, Loss: 0.6403976678848267
INFO:root:Epoch: 86, Iteration: 606, Loss: 0.623781144618988
INFO:root:Epoch: 86, Iteration: 607, Loss: 0.6122506856918335
INFO:root:Epoch: 86, Iteration: 608, Loss: 0.6037954688072205
INFO:root:Epoch: 86, Iteration: 609, Loss: 0.6250272393226624
INFO:root:Validation set mIOU: 84.7265662071011
INFO:root:Epoch: 87, Iteration: 610, Loss: 0.6059791445732117
INFO:root:Epoch: 87, Iteration: 611, Loss: 0.6295154094696045
INFO:root:Epoch: 87, Iteration: 612, Loss: 0.6442257165908813
INFO:root:Epoch: 87, Iteration: 613, Loss: 0.5993444919586182
INFO:root:Epoch: 87, Iteration: 614, Loss: 0.6197195649147034
INFO:root:Epoch: 87, Iteration: 615, Loss: 0.5863428711891174
INFO:root:Epoch: 87, Iteration: 616, Loss: 0.6064740419387817
INFO:root:Validation set mIOU: 77.56759831344988
INFO:root:Epoch: 88, Iteration: 617, Loss: 0.6071603298187256
INFO:root:Epoch: 88, Iteration: 618, Loss: 0.6052126884460449
INFO:root:Epoch: 88, Iteration: 619, Loss: 0.6664969325065613
INFO:root:Epoch: 88, Iteration: 620, Loss: 0.614676296710968
INFO:root:Epoch: 88, Iteration: 621, Loss: 0.620043158531189
INFO:root:Epoch: 88, Iteration: 622, Loss: 0.6197823882102966
INFO:root:Epoch: 88, Iteration: 623, Loss: 0.6125757694244385
INFO:root:Validation set mIOU: 86.33249484421727
INFO:root:Epoch: 89, Iteration: 624, Loss: 0.6229695081710815
INFO:root:Epoch: 89, Iteration: 625, Loss: 0.5902431607246399
INFO:root:Epoch: 89, Iteration: 626, Loss: 0.5921435952186584
INFO:root:Epoch: 89, Iteration: 627, Loss: 0.5989657640457153
INFO:root:Epoch: 89, Iteration: 628, Loss: 0.6123939752578735
INFO:root:Epoch: 89, Iteration: 629, Loss: 0.6256777048110962
INFO:root:Epoch: 89, Iteration: 630, Loss: 0.6153053045272827
INFO:root:Validation set mIOU: 86.29054780234546
INFO:root:Epoch: 90, Iteration: 631, Loss: 0.5907578468322754
INFO:root:Epoch: 90, Iteration: 632, Loss: 0.6191664934158325
INFO:root:Epoch: 90, Iteration: 633, Loss: 0.6159003973007202
INFO:root:Epoch: 90, Iteration: 634, Loss: 0.618111789226532
INFO:root:Epoch: 90, Iteration: 635, Loss: 0.6020541787147522
INFO:root:Epoch: 90, Iteration: 636, Loss: 0.6018091440200806
INFO:root:Epoch: 90, Iteration: 637, Loss: 0.6151770949363708
INFO:root:Validation set mIOU: 87.00236902181443
INFO:root:Epoch: 91, Iteration: 638, Loss: 0.6026252508163452
INFO:root:Epoch: 91, Iteration: 639, Loss: 0.6373342871665955
INFO:root:Epoch: 91, Iteration: 640, Loss: 0.6203623414039612
INFO:root:Epoch: 91, Iteration: 641, Loss: 0.5951219797134399
INFO:root:Epoch: 91, Iteration: 642, Loss: 0.6081899404525757
INFO:root:Epoch: 91, Iteration: 643, Loss: 0.5904624462127686
INFO:root:Epoch: 91, Iteration: 644, Loss: 0.6153384447097778
INFO:root:Validation set mIOU: 86.17965254912964
INFO:root:Epoch: 92, Iteration: 645, Loss: 0.6050753593444824
INFO:root:Epoch: 92, Iteration: 646, Loss: 0.6035016179084778
INFO:root:Epoch: 92, Iteration: 647, Loss: 0.6143616437911987
INFO:root:Epoch: 92, Iteration: 648, Loss: 0.5864734649658203
INFO:root:Epoch: 92, Iteration: 649, Loss: 0.619411826133728
INFO:root:Epoch: 92, Iteration: 650, Loss: 0.6087127923965454
INFO:root:Epoch: 92, Iteration: 651, Loss: 0.6090828776359558
INFO:root:Validation set mIOU: 87.1844068241281
INFO:root:Epoch: 93, Iteration: 652, Loss: 0.6092902421951294
INFO:root:Epoch: 93, Iteration: 653, Loss: 0.608929455280304
INFO:root:Epoch: 93, Iteration: 654, Loss: 0.600980818271637
INFO:root:Epoch: 93, Iteration: 655, Loss: 0.59466153383255
INFO:root:Epoch: 93, Iteration: 656, Loss: 0.6156325936317444
INFO:root:Epoch: 93, Iteration: 657, Loss: 0.6304687261581421
INFO:root:Epoch: 93, Iteration: 658, Loss: 0.624062716960907
INFO:root:Validation set mIOU: 86.96362020025302
INFO:root:Epoch: 94, Iteration: 659, Loss: 0.6100292801856995
INFO:root:Epoch: 94, Iteration: 660, Loss: 0.5925652980804443
INFO:root:Epoch: 94, Iteration: 661, Loss: 0.5912587642669678
INFO:root:Epoch: 94, Iteration: 662, Loss: 0.599414587020874
INFO:root:Epoch: 94, Iteration: 663, Loss: 0.5830291509628296
INFO:root:Epoch: 94, Iteration: 664, Loss: 0.6146935820579529
INFO:root:Epoch: 94, Iteration: 665, Loss: 0.6048823595046997
INFO:root:Validation set mIOU: 87.68068025770974
INFO:root:Epoch: 95, Iteration: 666, Loss: 0.6062146425247192
INFO:root:Epoch: 95, Iteration: 667, Loss: 0.5941671133041382
INFO:root:Epoch: 95, Iteration: 668, Loss: 0.5839211940765381
INFO:root:Epoch: 95, Iteration: 669, Loss: 0.629182755947113
INFO:root:Epoch: 95, Iteration: 670, Loss: 0.6100480556488037
INFO:root:Epoch: 95, Iteration: 671, Loss: 0.6027305722236633
INFO:root:Epoch: 95, Iteration: 672, Loss: 0.6464836597442627
INFO:root:Validation set mIOU: 87.84768523767518
INFO:root:Epoch: 96, Iteration: 673, Loss: 0.5921773314476013
INFO:root:Epoch: 96, Iteration: 674, Loss: 0.6037682890892029
INFO:root:Epoch: 96, Iteration: 675, Loss: 0.6174052953720093
INFO:root:Epoch: 96, Iteration: 676, Loss: 0.5957157611846924
INFO:root:Epoch: 96, Iteration: 677, Loss: 0.5838793516159058
INFO:root:Epoch: 96, Iteration: 678, Loss: 0.6005721092224121
INFO:root:Epoch: 96, Iteration: 679, Loss: 0.5949702262878418
INFO:root:Validation set mIOU: 87.80356370086443
INFO:root:Epoch: 97, Iteration: 680, Loss: 0.6017111539840698
INFO:root:Epoch: 97, Iteration: 681, Loss: 0.6144549250602722
INFO:root:Epoch: 97, Iteration: 682, Loss: 0.5966160893440247
INFO:root:Epoch: 97, Iteration: 683, Loss: 0.6069305539131165
INFO:root:Epoch: 97, Iteration: 684, Loss: 0.6015836596488953
INFO:root:Epoch: 97, Iteration: 685, Loss: 0.6288543939590454
INFO:root:Epoch: 97, Iteration: 686, Loss: 0.6118000149726868
INFO:root:Validation set mIOU: 87.9906087252066
INFO:root:Epoch: 98, Iteration: 687, Loss: 0.6219949722290039
INFO:root:Epoch: 98, Iteration: 688, Loss: 0.6141350269317627
INFO:root:Epoch: 98, Iteration: 689, Loss: 0.606575071811676
INFO:root:Epoch: 98, Iteration: 690, Loss: 0.5873257517814636
INFO:root:Epoch: 98, Iteration: 691, Loss: 0.6025266051292419
INFO:root:Epoch: 98, Iteration: 692, Loss: 0.6056139469146729
INFO:root:Epoch: 98, Iteration: 693, Loss: 0.6118867993354797
INFO:root:Validation set mIOU: 88.13182176963976
INFO:root:Epoch: 99, Iteration: 694, Loss: 0.5866102576255798
INFO:root:Epoch: 99, Iteration: 695, Loss: 0.5823368430137634
INFO:root:Epoch: 99, Iteration: 696, Loss: 0.6218053698539734
INFO:root:Epoch: 99, Iteration: 697, Loss: 0.6028531789779663
INFO:root:Epoch: 99, Iteration: 698, Loss: 0.6159307956695557
INFO:root:Epoch: 99, Iteration: 699, Loss: 0.6074603199958801
INFO:root:Epoch: 99, Iteration: 700, Loss: 0.5970215201377869
INFO:root:Validation set mIOU: 88.1162823794238
