INFO:root:{'addition': 'circular_cutout',
 'backbone': 'resnet101',
 'batch_size': 16,
 'batch_size_consistency': 16,
 'conf_thres': 0.95,
 'config': 'configs/dataset2.yaml',
 'consistency_training': False,
 'crop_size': 320,
 'data_root': './',
 'dataset': 'dataset2',
 'epochs': 100,
 'labeled_id_path': 'dataset/splits/dataset2/1_4/split_random/labeled.txt',
 'lr': 0.0009,
 'model': 'unet',
 'ngpus': 1,
 'plus': False,
 'pseudo_consistency_mask_path': None,
 'pseudo_mask_path': 'outdir/pseudo_masks/dataset2/1_4/split_random/unet/resnet101/circular_cutout/self_training/non_consistency_training/first_time',
 'rand_thres': 0.8,
 'reliable_id_path': None,
 'save_path': 'outdir/models/dataset2/1_4/split_random/unet/resnet101/circular_cutout/self_training/non_consistency_training/first_time',
 'time': 1,
 'unlabeled_id_path': 'dataset/splits/dataset2/1_4/split_random/unlabeled.txt',
 'warm_up': 30}

INFO:root:Training supervised with consistency on unlabeled images
INFO:root:Epoch: 0, Iteration: 1, Loss: 1.1609869003295898
INFO:root:Epoch: 0, Iteration: 2, Loss: 1.1144821643829346
INFO:root:Validation set mIOU: 11.958979275731892
INFO:root:Epoch: 1, Iteration: 3, Loss: 1.0551321506500244
INFO:root:Epoch: 1, Iteration: 4, Loss: 0.972929835319519
INFO:root:Validation set mIOU: 47.119997948720304
INFO:root:Epoch: 2, Iteration: 5, Loss: 0.9049056172370911
INFO:root:Epoch: 2, Iteration: 6, Loss: 0.9036497473716736
INFO:root:Validation set mIOU: 44.675113068034335
INFO:root:Epoch: 3, Iteration: 7, Loss: 0.8551966547966003
INFO:root:Epoch: 3, Iteration: 8, Loss: 0.8185558319091797
INFO:root:Validation set mIOU: 43.55809915315324
INFO:root:Epoch: 4, Iteration: 9, Loss: 0.7872281074523926
INFO:root:Epoch: 4, Iteration: 10, Loss: 0.7678747773170471
INFO:root:Validation set mIOU: 48.476268166181626
INFO:root:Epoch: 5, Iteration: 11, Loss: 0.7597565650939941
INFO:root:Epoch: 5, Iteration: 12, Loss: 0.7467209100723267
INFO:root:Validation set mIOU: 55.208153667231585
INFO:root:Epoch: 6, Iteration: 13, Loss: 0.7443308234214783
INFO:root:Epoch: 6, Iteration: 14, Loss: 0.7172428369522095
INFO:root:Validation set mIOU: 63.72019342772538
INFO:root:Epoch: 7, Iteration: 15, Loss: 0.7230088114738464
INFO:root:Epoch: 7, Iteration: 16, Loss: 0.7110028862953186
INFO:root:Validation set mIOU: 71.88692559973275
INFO:root:Epoch: 8, Iteration: 17, Loss: 0.7236207127571106
INFO:root:Epoch: 8, Iteration: 18, Loss: 0.7328393459320068
INFO:root:Validation set mIOU: 67.80696314955456
INFO:root:Epoch: 9, Iteration: 19, Loss: 0.6963480114936829
INFO:root:Epoch: 9, Iteration: 20, Loss: 0.6670233011245728
INFO:root:Validation set mIOU: 71.03819402020592
INFO:root:Epoch: 10, Iteration: 21, Loss: 0.6589227914810181
INFO:root:Epoch: 10, Iteration: 22, Loss: 0.6481608152389526
INFO:root:Validation set mIOU: 75.96136739210081
INFO:root:Epoch: 11, Iteration: 23, Loss: 0.6722921133041382
INFO:root:Epoch: 11, Iteration: 24, Loss: 0.6398488879203796
INFO:root:Validation set mIOU: 75.88334387148352
INFO:root:Epoch: 12, Iteration: 25, Loss: 0.6451761722564697
INFO:root:Epoch: 12, Iteration: 26, Loss: 0.6638402938842773
INFO:root:Validation set mIOU: 76.49002759732731
INFO:root:Epoch: 13, Iteration: 27, Loss: 0.617953896522522
INFO:root:Epoch: 13, Iteration: 28, Loss: 0.6362753510475159
INFO:root:Validation set mIOU: 81.56326957044172
INFO:root:Epoch: 14, Iteration: 29, Loss: 0.6390271782875061
INFO:root:Epoch: 14, Iteration: 30, Loss: 0.6257134675979614
INFO:root:Validation set mIOU: 73.80503763176641
INFO:root:Epoch: 15, Iteration: 31, Loss: 0.6304271817207336
INFO:root:Epoch: 15, Iteration: 32, Loss: 0.6340227127075195
INFO:root:Validation set mIOU: 75.73747499985872
INFO:root:Epoch: 16, Iteration: 33, Loss: 0.6231588125228882
INFO:root:Epoch: 16, Iteration: 34, Loss: 0.611566424369812
INFO:root:Validation set mIOU: 78.88172797157765
INFO:root:Epoch: 17, Iteration: 35, Loss: 0.6143261194229126
INFO:root:Epoch: 17, Iteration: 36, Loss: 0.6206461191177368
INFO:root:Validation set mIOU: 75.05916797044212
INFO:root:Epoch: 18, Iteration: 37, Loss: 0.620729386806488
INFO:root:Epoch: 18, Iteration: 38, Loss: 0.6092951893806458
INFO:root:Validation set mIOU: 66.28025190366641
INFO:root:Epoch: 19, Iteration: 39, Loss: 0.6146460771560669
INFO:root:Epoch: 19, Iteration: 40, Loss: 0.602918803691864
INFO:root:Validation set mIOU: 69.08283075774962
INFO:root:Epoch: 20, Iteration: 41, Loss: 0.6024541854858398
INFO:root:Epoch: 20, Iteration: 42, Loss: 0.60415118932724
INFO:root:Validation set mIOU: 69.73059594375962
INFO:root:Epoch: 21, Iteration: 43, Loss: 0.5961777567863464
INFO:root:Epoch: 21, Iteration: 44, Loss: 0.6015867590904236
INFO:root:Validation set mIOU: 69.45790370515931
INFO:root:Epoch: 22, Iteration: 45, Loss: 0.5918125510215759
INFO:root:Epoch: 22, Iteration: 46, Loss: 0.599334180355072
INFO:root:Validation set mIOU: 75.37966260369735
INFO:root:Epoch: 23, Iteration: 47, Loss: 0.5942744612693787
INFO:root:Epoch: 23, Iteration: 48, Loss: 0.6075137257575989
INFO:root:Validation set mIOU: 71.55517485748605
INFO:root:Epoch: 24, Iteration: 49, Loss: 0.5967903137207031
INFO:root:Epoch: 24, Iteration: 50, Loss: 0.6001477241516113
INFO:root:Validation set mIOU: 76.08822475459954
INFO:root:Epoch: 25, Iteration: 51, Loss: 0.6021035313606262
INFO:root:Epoch: 25, Iteration: 52, Loss: 0.5945273041725159
INFO:root:Validation set mIOU: 80.75313386560906
INFO:root:Epoch: 26, Iteration: 53, Loss: 0.6049084663391113
INFO:root:Epoch: 26, Iteration: 54, Loss: 0.5871981978416443
INFO:root:Validation set mIOU: 77.12063743237859
INFO:root:Epoch: 27, Iteration: 55, Loss: 0.5997665524482727
INFO:root:Epoch: 27, Iteration: 56, Loss: 0.5994327664375305
INFO:root:Validation set mIOU: 78.643436019473
INFO:root:Epoch: 28, Iteration: 57, Loss: 0.597891092300415
INFO:root:Epoch: 28, Iteration: 58, Loss: 0.6661674976348877
INFO:root:Validation set mIOU: 83.2656906854294
INFO:root:Epoch: 29, Iteration: 59, Loss: 0.6035811901092529
INFO:root:Epoch: 29, Iteration: 60, Loss: 0.612108588218689
INFO:root:Validation set mIOU: 72.57922144027566
INFO:root:Epoch: 30, Iteration: 61, Loss: 0.5864699482917786
INFO:root:Epoch: 30, Iteration: 62, Loss: 0.6218273639678955
INFO:root:Validation set mIOU: 70.27953626891308
INFO:root:Epoch: 31, Iteration: 63, Loss: 0.6093982458114624
INFO:root:Epoch: 31, Iteration: 64, Loss: 0.6097427606582642
INFO:root:Validation set mIOU: 80.28370034924143
INFO:root:Epoch: 32, Iteration: 65, Loss: 0.5976621508598328
INFO:root:Epoch: 32, Iteration: 66, Loss: 0.6034830808639526
INFO:root:Validation set mIOU: 72.8447674116567
INFO:root:Epoch: 33, Iteration: 67, Loss: 0.587457537651062
INFO:root:Epoch: 33, Iteration: 68, Loss: 0.6330059170722961
INFO:root:Validation set mIOU: 71.13766446328368
INFO:root:Epoch: 34, Iteration: 69, Loss: 0.6096886992454529
INFO:root:Epoch: 34, Iteration: 70, Loss: 0.621088445186615
INFO:root:Validation set mIOU: 72.61778252832464
INFO:root:Epoch: 35, Iteration: 71, Loss: 0.6020786166191101
INFO:root:Epoch: 35, Iteration: 72, Loss: 0.6197156310081482
INFO:root:Validation set mIOU: 65.88925612100091
INFO:root:Epoch: 36, Iteration: 73, Loss: 0.5996063947677612
INFO:root:Epoch: 36, Iteration: 74, Loss: 0.6080167889595032
INFO:root:Validation set mIOU: 76.55087057194841
INFO:root:Epoch: 37, Iteration: 75, Loss: 0.5911847949028015
INFO:root:Epoch: 37, Iteration: 76, Loss: 0.6169061660766602
INFO:root:Validation set mIOU: 80.93813265233646
INFO:root:Epoch: 38, Iteration: 77, Loss: 0.5930355191230774
INFO:root:Epoch: 38, Iteration: 78, Loss: 0.6169821619987488
INFO:root:Validation set mIOU: 81.58939139951468
INFO:root:Epoch: 39, Iteration: 79, Loss: 0.6002357006072998
INFO:root:Epoch: 39, Iteration: 80, Loss: 0.5915362238883972
INFO:root:Validation set mIOU: 82.00161160070395
INFO:root:Epoch: 40, Iteration: 81, Loss: 0.6228561997413635
INFO:root:Epoch: 40, Iteration: 82, Loss: 0.5891852378845215
INFO:root:Validation set mIOU: 81.40759434426394
INFO:root:Epoch: 41, Iteration: 83, Loss: 0.5895442366600037
INFO:root:Epoch: 41, Iteration: 84, Loss: 0.6028977036476135
INFO:root:Validation set mIOU: 80.05821539409608
INFO:root:Epoch: 42, Iteration: 85, Loss: 0.604158341884613
INFO:root:Epoch: 42, Iteration: 86, Loss: 0.5886711478233337
INFO:root:Validation set mIOU: 82.74553423196677
INFO:root:Epoch: 43, Iteration: 87, Loss: 0.5891108512878418
INFO:root:Epoch: 43, Iteration: 88, Loss: 0.6383259296417236
INFO:root:Validation set mIOU: 78.38887515820402
INFO:root:Epoch: 44, Iteration: 89, Loss: 0.6082151532173157
INFO:root:Epoch: 44, Iteration: 90, Loss: 0.5919592380523682
INFO:root:Validation set mIOU: 80.59273498556367
INFO:root:Epoch: 45, Iteration: 91, Loss: 0.5916361212730408
INFO:root:Epoch: 45, Iteration: 92, Loss: 0.5946895480155945
INFO:root:Validation set mIOU: 79.21812664307309
INFO:root:Epoch: 46, Iteration: 93, Loss: 0.5949409008026123
INFO:root:Epoch: 46, Iteration: 94, Loss: 0.6047015190124512
INFO:root:Validation set mIOU: 80.69687978220345
INFO:root:Epoch: 47, Iteration: 95, Loss: 0.6078435778617859
INFO:root:Epoch: 47, Iteration: 96, Loss: 0.600373387336731
INFO:root:Validation set mIOU: 82.88582202387742
INFO:root:Epoch: 48, Iteration: 97, Loss: 0.5919643044471741
INFO:root:Epoch: 48, Iteration: 98, Loss: 0.6014068722724915
INFO:root:Validation set mIOU: 83.60677635301523
INFO:root:Epoch: 49, Iteration: 99, Loss: 0.5844783782958984
INFO:root:Epoch: 49, Iteration: 100, Loss: 0.5960313081741333
INFO:root:Validation set mIOU: 81.40753772968527
INFO:root:Epoch: 50, Iteration: 101, Loss: 0.5983586311340332
INFO:root:Epoch: 50, Iteration: 102, Loss: 0.5871047377586365
INFO:root:Validation set mIOU: 60.334642885598235
INFO:root:Epoch: 51, Iteration: 103, Loss: 0.592010498046875
INFO:root:Epoch: 51, Iteration: 104, Loss: 0.5915333032608032
INFO:root:Validation set mIOU: 82.73219057444527
INFO:root:Epoch: 52, Iteration: 105, Loss: 0.5953482985496521
INFO:root:Epoch: 52, Iteration: 106, Loss: 0.5855550765991211
INFO:root:Validation set mIOU: 85.41777196389299
INFO:root:Epoch: 53, Iteration: 107, Loss: 0.5970156788825989
INFO:root:Epoch: 53, Iteration: 108, Loss: 0.5875082015991211
INFO:root:Validation set mIOU: 84.3597174603757
INFO:root:Epoch: 54, Iteration: 109, Loss: 0.5838898420333862
INFO:root:Epoch: 54, Iteration: 110, Loss: 0.5976828932762146
INFO:root:Validation set mIOU: 80.83876541285663
INFO:root:Epoch: 55, Iteration: 111, Loss: 0.5919821262359619
INFO:root:Epoch: 55, Iteration: 112, Loss: 0.5934382677078247
INFO:root:Validation set mIOU: 77.94029692292169
INFO:root:Epoch: 56, Iteration: 113, Loss: 0.612869918346405
INFO:root:Epoch: 56, Iteration: 114, Loss: 0.5863046050071716
INFO:root:Validation set mIOU: 81.2551638957521
INFO:root:Epoch: 57, Iteration: 115, Loss: 0.5865089297294617
INFO:root:Epoch: 57, Iteration: 116, Loss: 0.5886942744255066
INFO:root:Validation set mIOU: 83.83865551234675
INFO:root:Epoch: 58, Iteration: 117, Loss: 0.5889971852302551
INFO:root:Epoch: 58, Iteration: 118, Loss: 0.5918467044830322
INFO:root:Validation set mIOU: 84.57984457218134
INFO:root:Epoch: 59, Iteration: 119, Loss: 0.5823344588279724
INFO:root:Epoch: 59, Iteration: 120, Loss: 0.592226505279541
INFO:root:Validation set mIOU: 82.41311951195578
INFO:root:Epoch: 60, Iteration: 121, Loss: 0.5830341577529907
INFO:root:Epoch: 60, Iteration: 122, Loss: 0.5822016000747681
INFO:root:Validation set mIOU: 79.1986954628188
INFO:root:Epoch: 61, Iteration: 123, Loss: 0.5844350457191467
INFO:root:Epoch: 61, Iteration: 124, Loss: 0.589591920375824
INFO:root:Validation set mIOU: 79.50728162689212
INFO:root:Epoch: 62, Iteration: 125, Loss: 0.5882783532142639
INFO:root:Epoch: 62, Iteration: 126, Loss: 0.5776072144508362
INFO:root:Validation set mIOU: 81.45556028949977
INFO:root:Epoch: 63, Iteration: 127, Loss: 0.578559398651123
INFO:root:Epoch: 63, Iteration: 128, Loss: 0.6026357412338257
INFO:root:Validation set mIOU: 82.66392658018572
INFO:root:Epoch: 64, Iteration: 129, Loss: 0.5920915603637695
INFO:root:Epoch: 64, Iteration: 130, Loss: 0.5958829522132874
INFO:root:Validation set mIOU: 84.08747725712692
INFO:root:Epoch: 65, Iteration: 131, Loss: 0.5836135745048523
INFO:root:Epoch: 65, Iteration: 132, Loss: 0.5815387964248657
INFO:root:Validation set mIOU: 83.64645876665278
INFO:root:Epoch: 66, Iteration: 133, Loss: 0.5808886885643005
INFO:root:Epoch: 66, Iteration: 134, Loss: 0.5815522074699402
INFO:root:Validation set mIOU: 83.40734658514727
INFO:root:Epoch: 67, Iteration: 135, Loss: 0.5801584124565125
INFO:root:Epoch: 67, Iteration: 136, Loss: 0.5810858011245728
INFO:root:Validation set mIOU: 84.93849205433328
INFO:root:Epoch: 68, Iteration: 137, Loss: 0.5830950140953064
INFO:root:Epoch: 68, Iteration: 138, Loss: 0.5898001194000244
INFO:root:Validation set mIOU: 84.97932923165523
INFO:root:Epoch: 69, Iteration: 139, Loss: 0.5827652812004089
INFO:root:Epoch: 69, Iteration: 140, Loss: 0.5828332901000977
INFO:root:Validation set mIOU: 86.24434574297456
INFO:root:Epoch: 70, Iteration: 141, Loss: 0.5793760418891907
INFO:root:Epoch: 70, Iteration: 142, Loss: 0.5928095579147339
INFO:root:Validation set mIOU: 86.7581811920855
INFO:root:Epoch: 71, Iteration: 143, Loss: 0.5930145382881165
INFO:root:Epoch: 71, Iteration: 144, Loss: 0.5847064852714539
INFO:root:Validation set mIOU: 85.89498752550443
INFO:root:Epoch: 72, Iteration: 145, Loss: 0.5778371691703796
INFO:root:Epoch: 72, Iteration: 146, Loss: 0.582362949848175
INFO:root:Validation set mIOU: 84.62664293410413
INFO:root:Epoch: 73, Iteration: 147, Loss: 0.5834648609161377
INFO:root:Epoch: 73, Iteration: 148, Loss: 0.5743417143821716
INFO:root:Validation set mIOU: 85.38603074035787
INFO:root:Epoch: 74, Iteration: 149, Loss: 0.5857754349708557
INFO:root:Epoch: 74, Iteration: 150, Loss: 0.5770391821861267
INFO:root:Validation set mIOU: 86.49618714825806
INFO:root:Epoch: 75, Iteration: 151, Loss: 0.574966549873352
INFO:root:Epoch: 75, Iteration: 152, Loss: 0.5833463668823242
INFO:root:Validation set mIOU: 86.53403139853752
INFO:root:Epoch: 76, Iteration: 153, Loss: 0.5811963081359863
INFO:root:Epoch: 76, Iteration: 154, Loss: 0.6030475497245789
INFO:root:Validation set mIOU: 85.51852765745754
INFO:root:Epoch: 77, Iteration: 155, Loss: 0.5812732577323914
INFO:root:Epoch: 77, Iteration: 156, Loss: 0.5758280158042908
INFO:root:Validation set mIOU: 85.19917383604528
INFO:root:Epoch: 78, Iteration: 157, Loss: 0.5839078426361084
INFO:root:Epoch: 78, Iteration: 158, Loss: 0.5814021229743958
INFO:root:Validation set mIOU: 85.83414388990661
INFO:root:Epoch: 79, Iteration: 159, Loss: 0.5785785913467407
INFO:root:Epoch: 79, Iteration: 160, Loss: 0.5899673104286194
INFO:root:Validation set mIOU: 86.54029178778742
INFO:root:Epoch: 80, Iteration: 161, Loss: 0.575137197971344
INFO:root:Epoch: 80, Iteration: 162, Loss: 0.5747419595718384
INFO:root:Validation set mIOU: 85.52438086253109
INFO:root:Epoch: 81, Iteration: 163, Loss: 0.5780131220817566
INFO:root:Epoch: 81, Iteration: 164, Loss: 0.5926258563995361
INFO:root:Validation set mIOU: 84.40108190705931
INFO:root:Epoch: 82, Iteration: 165, Loss: 0.58050537109375
INFO:root:Epoch: 82, Iteration: 166, Loss: 0.574807345867157
INFO:root:Validation set mIOU: 83.97597634536486
INFO:root:Epoch: 83, Iteration: 167, Loss: 0.5804107189178467
INFO:root:Epoch: 83, Iteration: 168, Loss: 0.5737565755844116
INFO:root:Validation set mIOU: 85.8731111504006
INFO:root:Epoch: 84, Iteration: 169, Loss: 0.6099109053611755
INFO:root:Epoch: 84, Iteration: 170, Loss: 0.5723565220832825
INFO:root:Validation set mIOU: 87.28054950848967
INFO:root:Epoch: 85, Iteration: 171, Loss: 0.576936662197113
INFO:root:Epoch: 85, Iteration: 172, Loss: 0.5768057703971863
INFO:root:Validation set mIOU: 87.42766230591495
INFO:root:Epoch: 86, Iteration: 173, Loss: 0.5892345309257507
INFO:root:Epoch: 86, Iteration: 174, Loss: 0.5808091759681702
INFO:root:Validation set mIOU: 86.58631066614598
INFO:root:Epoch: 87, Iteration: 175, Loss: 0.5816665291786194
INFO:root:Epoch: 87, Iteration: 176, Loss: 0.5825796127319336
INFO:root:Validation set mIOU: 86.11484231411647
INFO:root:Epoch: 88, Iteration: 177, Loss: 0.5787960290908813
INFO:root:Epoch: 88, Iteration: 178, Loss: 0.5758591890335083
INFO:root:Validation set mIOU: 86.56827362256016
INFO:root:Epoch: 89, Iteration: 179, Loss: 0.5745878219604492
INFO:root:Epoch: 89, Iteration: 180, Loss: 0.5890449285507202
INFO:root:Validation set mIOU: 86.68785577267361
INFO:root:Epoch: 90, Iteration: 181, Loss: 0.5786283016204834
INFO:root:Epoch: 90, Iteration: 182, Loss: 0.5778321027755737
INFO:root:Validation set mIOU: 86.96767767076557
INFO:root:Epoch: 91, Iteration: 183, Loss: 0.5770410895347595
INFO:root:Epoch: 91, Iteration: 184, Loss: 0.5767620801925659
INFO:root:Validation set mIOU: 86.97636716658685
INFO:root:Epoch: 92, Iteration: 185, Loss: 0.6097224950790405
INFO:root:Epoch: 92, Iteration: 186, Loss: 0.573598325252533
INFO:root:Validation set mIOU: 86.72853709853318
INFO:root:Epoch: 93, Iteration: 187, Loss: 0.5886245369911194
INFO:root:Epoch: 93, Iteration: 188, Loss: 0.5798360109329224
INFO:root:Validation set mIOU: 86.86469465898914
INFO:root:Epoch: 94, Iteration: 189, Loss: 0.5740681290626526
INFO:root:Epoch: 94, Iteration: 190, Loss: 0.5753729343414307
INFO:root:Validation set mIOU: 86.7551654855839
INFO:root:Epoch: 95, Iteration: 191, Loss: 0.5789787173271179
INFO:root:Epoch: 95, Iteration: 192, Loss: 0.5778279900550842
INFO:root:Validation set mIOU: 86.41097657703821
INFO:root:Epoch: 96, Iteration: 193, Loss: 0.580254077911377
INFO:root:Epoch: 96, Iteration: 194, Loss: 0.5775212645530701
INFO:root:Validation set mIOU: 86.66155855248688
INFO:root:Epoch: 97, Iteration: 195, Loss: 0.577390730381012
INFO:root:Epoch: 97, Iteration: 196, Loss: 0.5773044228553772
INFO:root:Validation set mIOU: 86.8193659229282
INFO:root:Epoch: 98, Iteration: 197, Loss: 0.5739920735359192
INFO:root:Epoch: 98, Iteration: 198, Loss: 0.5728341341018677
INFO:root:Validation set mIOU: 86.77757744083469
INFO:root:Epoch: 99, Iteration: 199, Loss: 0.5695967674255371
INFO:root:Epoch: 99, Iteration: 200, Loss: 0.5766745805740356
INFO:root:Validation set mIOU: 86.83562747292521
INFO:root:Semi-training
INFO:root:Epoch: 0, Iteration: 1, Loss: 1.0349814891815186
INFO:root:Epoch: 0, Iteration: 2, Loss: 0.9999710917472839
INFO:root:Epoch: 0, Iteration: 3, Loss: 0.9403944611549377
INFO:root:Epoch: 0, Iteration: 4, Loss: 0.8712125420570374
INFO:root:Epoch: 0, Iteration: 5, Loss: 0.8614436984062195
INFO:root:Epoch: 0, Iteration: 6, Loss: 0.8297619223594666
INFO:root:Epoch: 0, Iteration: 7, Loss: 0.7555093169212341
INFO:root:Validation set mIOU: 28.9717147422646
INFO:root:Epoch: 1, Iteration: 8, Loss: 0.7920400500297546
INFO:root:Epoch: 1, Iteration: 9, Loss: 0.7504292726516724
INFO:root:Epoch: 1, Iteration: 10, Loss: 0.7052281498908997
INFO:root:Epoch: 1, Iteration: 11, Loss: 0.7339058518409729
INFO:root:Epoch: 1, Iteration: 12, Loss: 0.6980808973312378
INFO:root:Epoch: 1, Iteration: 13, Loss: 0.6885010600090027
INFO:root:Epoch: 1, Iteration: 14, Loss: 0.696678102016449
INFO:root:Validation set mIOU: 40.618123738499584
INFO:root:Epoch: 2, Iteration: 15, Loss: 0.6686686277389526
INFO:root:Epoch: 2, Iteration: 16, Loss: 0.6915274858474731
INFO:root:Epoch: 2, Iteration: 17, Loss: 0.6718432903289795
INFO:root:Epoch: 2, Iteration: 18, Loss: 0.7038146257400513
INFO:root:Epoch: 2, Iteration: 19, Loss: 0.6844138503074646
INFO:root:Epoch: 2, Iteration: 20, Loss: 0.6431581377983093
INFO:root:Epoch: 2, Iteration: 21, Loss: 0.6585766673088074
INFO:root:Validation set mIOU: 77.27259676213252
INFO:root:Epoch: 3, Iteration: 22, Loss: 0.7252599000930786
INFO:root:Epoch: 3, Iteration: 23, Loss: 0.6719850301742554
INFO:root:Epoch: 3, Iteration: 24, Loss: 0.6566817760467529
INFO:root:Epoch: 3, Iteration: 25, Loss: 0.7003567218780518
INFO:root:Epoch: 3, Iteration: 26, Loss: 0.7194470167160034
INFO:root:Epoch: 3, Iteration: 27, Loss: 0.6776675581932068
INFO:root:Epoch: 3, Iteration: 28, Loss: 0.6827273964881897
INFO:root:Validation set mIOU: 66.1478374743654
INFO:root:Epoch: 4, Iteration: 29, Loss: 0.7086650133132935
INFO:root:Epoch: 4, Iteration: 30, Loss: 0.6489142179489136
INFO:root:Epoch: 4, Iteration: 31, Loss: 0.664440929889679
INFO:root:Epoch: 4, Iteration: 32, Loss: 0.6730239987373352
INFO:root:Epoch: 4, Iteration: 33, Loss: 0.6340578198432922
INFO:root:Epoch: 4, Iteration: 34, Loss: 0.7517477869987488
INFO:root:Epoch: 4, Iteration: 35, Loss: 0.6250640749931335
INFO:root:Validation set mIOU: 59.02672263899961
INFO:root:Epoch: 5, Iteration: 36, Loss: 0.67405104637146
INFO:root:Epoch: 5, Iteration: 37, Loss: 0.6542661786079407
INFO:root:Epoch: 5, Iteration: 38, Loss: 0.660950243473053
INFO:root:Epoch: 5, Iteration: 39, Loss: 0.655003547668457
INFO:root:Epoch: 5, Iteration: 40, Loss: 0.6593405604362488
INFO:root:Epoch: 5, Iteration: 41, Loss: 0.6300070881843567
INFO:root:Epoch: 5, Iteration: 42, Loss: 0.6358000040054321
INFO:root:Validation set mIOU: 61.06194243578697
INFO:root:Epoch: 6, Iteration: 43, Loss: 0.6598288416862488
INFO:root:Epoch: 6, Iteration: 44, Loss: 0.6517798900604248
INFO:root:Epoch: 6, Iteration: 45, Loss: 0.6801982522010803
INFO:root:Epoch: 6, Iteration: 46, Loss: 0.6858346462249756
INFO:root:Epoch: 6, Iteration: 47, Loss: 0.7163330316543579
INFO:root:Epoch: 6, Iteration: 48, Loss: 0.6743810176849365
INFO:root:Epoch: 6, Iteration: 49, Loss: 0.6589349508285522
INFO:root:Validation set mIOU: 71.39349985179226
INFO:root:Epoch: 7, Iteration: 50, Loss: 0.649878740310669
INFO:root:Epoch: 7, Iteration: 51, Loss: 0.6836920976638794
INFO:root:Epoch: 7, Iteration: 52, Loss: 0.6828556656837463
INFO:root:Epoch: 7, Iteration: 53, Loss: 0.6751785278320312
INFO:root:Epoch: 7, Iteration: 54, Loss: 0.6294934749603271
INFO:root:Epoch: 7, Iteration: 55, Loss: 0.7419965267181396
INFO:root:Epoch: 7, Iteration: 56, Loss: 0.6361449360847473
INFO:root:Validation set mIOU: 65.45969875543895
INFO:root:Epoch: 8, Iteration: 57, Loss: 0.6372678279876709
INFO:root:Epoch: 8, Iteration: 58, Loss: 0.6352992057800293
INFO:root:Epoch: 8, Iteration: 59, Loss: 0.6524438261985779
INFO:root:Epoch: 8, Iteration: 60, Loss: 0.6544602513313293
INFO:root:Epoch: 8, Iteration: 61, Loss: 0.630573034286499
INFO:root:Epoch: 8, Iteration: 62, Loss: 0.684892475605011
INFO:root:Epoch: 8, Iteration: 63, Loss: 0.6459593772888184
INFO:root:Validation set mIOU: 56.016566421072056
INFO:root:Epoch: 9, Iteration: 64, Loss: 0.6336517930030823
INFO:root:Epoch: 9, Iteration: 65, Loss: 0.6451026797294617
INFO:root:Epoch: 9, Iteration: 66, Loss: 0.6326927542686462
INFO:root:Epoch: 9, Iteration: 67, Loss: 0.649530827999115
INFO:root:Epoch: 9, Iteration: 68, Loss: 0.6955219507217407
INFO:root:Epoch: 9, Iteration: 69, Loss: 0.7632922530174255
INFO:root:Epoch: 9, Iteration: 70, Loss: 0.7788386940956116
INFO:root:Validation set mIOU: 52.71852133669238
INFO:root:Epoch: 10, Iteration: 71, Loss: 0.6848468780517578
INFO:root:Epoch: 10, Iteration: 72, Loss: 0.6873221397399902
INFO:root:Epoch: 10, Iteration: 73, Loss: 0.6687622666358948
INFO:root:Epoch: 10, Iteration: 74, Loss: 0.652924656867981
INFO:root:Epoch: 10, Iteration: 75, Loss: 0.6689361929893494
INFO:root:Epoch: 10, Iteration: 76, Loss: 0.66366046667099
INFO:root:Epoch: 10, Iteration: 77, Loss: 0.6112655997276306
INFO:root:Validation set mIOU: 76.29232280308103
INFO:root:Epoch: 11, Iteration: 78, Loss: 0.6428723335266113
INFO:root:Epoch: 11, Iteration: 79, Loss: 0.6299641728401184
INFO:root:Epoch: 11, Iteration: 80, Loss: 0.6515824794769287
INFO:root:Epoch: 11, Iteration: 81, Loss: 0.6815339922904968
INFO:root:Epoch: 11, Iteration: 82, Loss: 0.6363402009010315
INFO:root:Epoch: 11, Iteration: 83, Loss: 0.682915449142456
INFO:root:Epoch: 11, Iteration: 84, Loss: 0.705451488494873
INFO:root:Validation set mIOU: 81.91265407137122
INFO:root:Epoch: 12, Iteration: 85, Loss: 0.7192022204399109
INFO:root:Epoch: 12, Iteration: 86, Loss: 0.6910423636436462
INFO:root:Epoch: 12, Iteration: 87, Loss: 0.688583493232727
INFO:root:Epoch: 12, Iteration: 88, Loss: 0.7044417262077332
INFO:root:Epoch: 12, Iteration: 89, Loss: 0.704316258430481
INFO:root:Epoch: 12, Iteration: 90, Loss: 0.6359506249427795
INFO:root:Epoch: 12, Iteration: 91, Loss: 0.6362456679344177
INFO:root:Validation set mIOU: 76.714873474417
INFO:root:Epoch: 13, Iteration: 92, Loss: 0.6391290426254272
INFO:root:Epoch: 13, Iteration: 93, Loss: 0.6579516530036926
INFO:root:Epoch: 13, Iteration: 94, Loss: 0.694619357585907
INFO:root:Epoch: 13, Iteration: 95, Loss: 0.66254061460495
INFO:root:Epoch: 13, Iteration: 96, Loss: 0.6451387405395508
INFO:root:Epoch: 13, Iteration: 97, Loss: 0.7055463790893555
INFO:root:Epoch: 13, Iteration: 98, Loss: 0.6982682943344116
INFO:root:Validation set mIOU: 81.45612283085235
INFO:root:Epoch: 14, Iteration: 99, Loss: 0.6427667140960693
INFO:root:Epoch: 14, Iteration: 100, Loss: 0.6632037162780762
INFO:root:Epoch: 14, Iteration: 101, Loss: 0.6389411687850952
INFO:root:Epoch: 14, Iteration: 102, Loss: 0.6928962469100952
INFO:root:Epoch: 14, Iteration: 103, Loss: 0.6381462216377258
INFO:root:Epoch: 14, Iteration: 104, Loss: 0.6384987235069275
INFO:root:Epoch: 14, Iteration: 105, Loss: 0.6158397197723389
INFO:root:Validation set mIOU: 80.59955584687462
INFO:root:Epoch: 15, Iteration: 106, Loss: 0.668259859085083
INFO:root:Epoch: 15, Iteration: 107, Loss: 0.6438469886779785
INFO:root:Epoch: 15, Iteration: 108, Loss: 0.6393870711326599
INFO:root:Epoch: 15, Iteration: 109, Loss: 0.6706672310829163
INFO:root:Epoch: 15, Iteration: 110, Loss: 0.6504721641540527
INFO:root:Epoch: 15, Iteration: 111, Loss: 0.6942650079727173
INFO:root:Epoch: 15, Iteration: 112, Loss: 0.6528723239898682
INFO:root:Validation set mIOU: 64.07392907952216
INFO:root:Epoch: 16, Iteration: 113, Loss: 0.6917049884796143
INFO:root:Epoch: 16, Iteration: 114, Loss: 0.6899400949478149
INFO:root:Epoch: 16, Iteration: 115, Loss: 0.6395530700683594
INFO:root:Epoch: 16, Iteration: 116, Loss: 0.645516037940979
INFO:root:Epoch: 16, Iteration: 117, Loss: 0.6372509002685547
INFO:root:Epoch: 16, Iteration: 118, Loss: 0.6444440484046936
INFO:root:Epoch: 16, Iteration: 119, Loss: 0.6030816435813904
INFO:root:Validation set mIOU: 83.53063542876869
INFO:root:Epoch: 17, Iteration: 120, Loss: 0.62381911277771
INFO:root:Epoch: 17, Iteration: 121, Loss: 0.6618843674659729
INFO:root:Epoch: 17, Iteration: 122, Loss: 0.6229307055473328
INFO:root:Epoch: 17, Iteration: 123, Loss: 0.666729748249054
INFO:root:Epoch: 17, Iteration: 124, Loss: 0.6337807178497314
INFO:root:Epoch: 17, Iteration: 125, Loss: 0.6570175290107727
INFO:root:Epoch: 17, Iteration: 126, Loss: 0.6596160531044006
INFO:root:Validation set mIOU: 76.92413865549995
INFO:root:Epoch: 18, Iteration: 127, Loss: 0.6423302292823792
INFO:root:Epoch: 18, Iteration: 128, Loss: 0.6430041193962097
INFO:root:Epoch: 18, Iteration: 129, Loss: 0.6661860942840576
INFO:root:Epoch: 18, Iteration: 130, Loss: 0.6449704766273499
INFO:root:Epoch: 18, Iteration: 131, Loss: 0.6388881206512451
INFO:root:Epoch: 18, Iteration: 132, Loss: 0.6548625230789185
INFO:root:Epoch: 18, Iteration: 133, Loss: 0.6701129078865051
INFO:root:Validation set mIOU: 84.48453630944186
INFO:root:Epoch: 19, Iteration: 134, Loss: 0.6230264902114868
INFO:root:Epoch: 19, Iteration: 135, Loss: 0.6147800087928772
INFO:root:Epoch: 19, Iteration: 136, Loss: 0.6720342040061951
INFO:root:Epoch: 19, Iteration: 137, Loss: 0.6352270841598511
INFO:root:Epoch: 19, Iteration: 138, Loss: 0.6910876631736755
INFO:root:Epoch: 19, Iteration: 139, Loss: 0.6112195253372192
INFO:root:Epoch: 19, Iteration: 140, Loss: 0.616832435131073
INFO:root:Validation set mIOU: 82.83370339311992
INFO:root:Epoch: 20, Iteration: 141, Loss: 0.6308025121688843
INFO:root:Epoch: 20, Iteration: 142, Loss: 0.6169392466545105
INFO:root:Epoch: 20, Iteration: 143, Loss: 0.6425344944000244
INFO:root:Epoch: 20, Iteration: 144, Loss: 0.6809200644493103
INFO:root:Epoch: 20, Iteration: 145, Loss: 0.6283460855484009
INFO:root:Epoch: 20, Iteration: 146, Loss: 0.6818979382514954
INFO:root:Epoch: 20, Iteration: 147, Loss: 0.662652313709259
INFO:root:Validation set mIOU: 81.65753895024443
INFO:root:Epoch: 21, Iteration: 148, Loss: 0.6211934685707092
INFO:root:Epoch: 21, Iteration: 149, Loss: 0.6387439966201782
INFO:root:Epoch: 21, Iteration: 150, Loss: 0.6243023872375488
INFO:root:Epoch: 21, Iteration: 151, Loss: 0.6084612607955933
INFO:root:Epoch: 21, Iteration: 152, Loss: 0.6171953082084656
INFO:root:Epoch: 21, Iteration: 153, Loss: 0.6060567498207092
INFO:root:Epoch: 21, Iteration: 154, Loss: 0.6436746120452881
INFO:root:Validation set mIOU: 76.23420246958575
INFO:root:Epoch: 22, Iteration: 155, Loss: 0.6404585242271423
INFO:root:Epoch: 22, Iteration: 156, Loss: 0.6281269788742065
INFO:root:Epoch: 22, Iteration: 157, Loss: 0.6365101933479309
INFO:root:Epoch: 22, Iteration: 158, Loss: 0.6528170108795166
INFO:root:Epoch: 22, Iteration: 159, Loss: 0.6105493903160095
INFO:root:Epoch: 22, Iteration: 160, Loss: 0.6425690054893494
INFO:root:Epoch: 22, Iteration: 161, Loss: 0.671428918838501
INFO:root:Validation set mIOU: 82.70085232513478
INFO:root:Epoch: 23, Iteration: 162, Loss: 0.6496347784996033
INFO:root:Epoch: 23, Iteration: 163, Loss: 0.6414544582366943
INFO:root:Epoch: 23, Iteration: 164, Loss: 0.6702689528465271
INFO:root:Epoch: 23, Iteration: 165, Loss: 0.6380266547203064
INFO:root:Epoch: 23, Iteration: 166, Loss: 0.6473134160041809
INFO:root:Epoch: 23, Iteration: 167, Loss: 0.6595886945724487
INFO:root:Epoch: 23, Iteration: 168, Loss: 0.6400181651115417
INFO:root:Validation set mIOU: 78.75644127786815
INFO:root:Epoch: 24, Iteration: 169, Loss: 0.6406720876693726
INFO:root:Epoch: 24, Iteration: 170, Loss: 0.6349408626556396
INFO:root:Epoch: 24, Iteration: 171, Loss: 0.6406214237213135
INFO:root:Epoch: 24, Iteration: 172, Loss: 0.6694701313972473
INFO:root:Epoch: 24, Iteration: 173, Loss: 0.6366901397705078
INFO:root:Epoch: 24, Iteration: 174, Loss: 0.6499848961830139
INFO:root:Epoch: 24, Iteration: 175, Loss: 0.7244574427604675
INFO:root:Validation set mIOU: 83.28551902672348
INFO:root:Epoch: 25, Iteration: 176, Loss: 0.6240270733833313
INFO:root:Epoch: 25, Iteration: 177, Loss: 0.6323460340499878
INFO:root:Epoch: 25, Iteration: 178, Loss: 0.6079017519950867
INFO:root:Epoch: 25, Iteration: 179, Loss: 0.6630804538726807
INFO:root:Epoch: 25, Iteration: 180, Loss: 0.6805327534675598
INFO:root:Epoch: 25, Iteration: 181, Loss: 0.6862938404083252
INFO:root:Epoch: 25, Iteration: 182, Loss: 0.6283389329910278
INFO:root:Validation set mIOU: 83.07080605846093
INFO:root:Epoch: 26, Iteration: 183, Loss: 0.639420211315155
INFO:root:Epoch: 26, Iteration: 184, Loss: 0.6191083788871765
INFO:root:Epoch: 26, Iteration: 185, Loss: 0.6288537383079529
INFO:root:Epoch: 26, Iteration: 186, Loss: 0.6201530694961548
INFO:root:Epoch: 26, Iteration: 187, Loss: 0.6445570588111877
INFO:root:Epoch: 26, Iteration: 188, Loss: 0.6204102635383606
INFO:root:Epoch: 26, Iteration: 189, Loss: 0.6292052865028381
INFO:root:Validation set mIOU: 83.00193157150785
INFO:root:Epoch: 27, Iteration: 190, Loss: 0.6068946719169617
INFO:root:Epoch: 27, Iteration: 191, Loss: 0.6398081183433533
INFO:root:Epoch: 27, Iteration: 192, Loss: 0.6948944330215454
INFO:root:Epoch: 27, Iteration: 193, Loss: 0.6523625254631042
INFO:root:Epoch: 27, Iteration: 194, Loss: 0.6437678933143616
INFO:root:Epoch: 27, Iteration: 195, Loss: 0.6313979029655457
INFO:root:Epoch: 27, Iteration: 196, Loss: 0.7196224927902222
INFO:root:Validation set mIOU: 83.69285944903012
INFO:root:Epoch: 28, Iteration: 197, Loss: 0.6168621778488159
INFO:root:Epoch: 28, Iteration: 198, Loss: 0.6513606905937195
INFO:root:Epoch: 28, Iteration: 199, Loss: 0.6794981956481934
INFO:root:Epoch: 28, Iteration: 200, Loss: 0.6445791721343994
INFO:root:Epoch: 28, Iteration: 201, Loss: 0.6556586623191833
INFO:root:Epoch: 28, Iteration: 202, Loss: 0.6770889759063721
INFO:root:Epoch: 28, Iteration: 203, Loss: 0.6455280184745789
INFO:root:Validation set mIOU: 81.05542137023204
INFO:root:Epoch: 29, Iteration: 204, Loss: 0.684247612953186
INFO:root:Epoch: 29, Iteration: 205, Loss: 0.621840238571167
INFO:root:Epoch: 29, Iteration: 206, Loss: 0.6242549419403076
INFO:root:Epoch: 29, Iteration: 207, Loss: 0.6773884892463684
INFO:root:Epoch: 29, Iteration: 208, Loss: 0.6103205680847168
INFO:root:Epoch: 29, Iteration: 209, Loss: 0.6700969338417053
INFO:root:Epoch: 29, Iteration: 210, Loss: 0.669335126876831
INFO:root:Validation set mIOU: 71.63012474496307
INFO:root:Epoch: 30, Iteration: 211, Loss: 0.6212881207466125
INFO:root:Epoch: 30, Iteration: 212, Loss: 0.6475117802619934
INFO:root:Epoch: 30, Iteration: 213, Loss: 0.6570315361022949
INFO:root:Epoch: 30, Iteration: 214, Loss: 0.6188279986381531
INFO:root:Epoch: 30, Iteration: 215, Loss: 0.6268715262413025
INFO:root:Epoch: 30, Iteration: 216, Loss: 0.6338021755218506
INFO:root:Epoch: 30, Iteration: 217, Loss: 0.6405022144317627
INFO:root:Validation set mIOU: 75.51482596718088
INFO:root:Epoch: 31, Iteration: 218, Loss: 0.6250987648963928
INFO:root:Epoch: 31, Iteration: 219, Loss: 0.6315158605575562
INFO:root:Epoch: 31, Iteration: 220, Loss: 0.6563883423805237
INFO:root:Epoch: 31, Iteration: 221, Loss: 0.6478388905525208
INFO:root:Epoch: 31, Iteration: 222, Loss: 0.6775696277618408
INFO:root:Epoch: 31, Iteration: 223, Loss: 0.6251357197761536
INFO:root:Epoch: 31, Iteration: 224, Loss: 0.6931637525558472
INFO:root:Validation set mIOU: 75.18815912424711
INFO:root:Epoch: 32, Iteration: 225, Loss: 0.635470986366272
INFO:root:Epoch: 32, Iteration: 226, Loss: 0.6319606900215149
INFO:root:Epoch: 32, Iteration: 227, Loss: 0.6126816868782043
INFO:root:Epoch: 32, Iteration: 228, Loss: 0.6091554164886475
INFO:root:Epoch: 32, Iteration: 229, Loss: 0.6231949329376221
INFO:root:Epoch: 32, Iteration: 230, Loss: 0.6821193695068359
INFO:root:Epoch: 32, Iteration: 231, Loss: 0.6099587082862854
INFO:root:Validation set mIOU: 62.23274657169483
INFO:root:Epoch: 33, Iteration: 232, Loss: 0.6199424266815186
INFO:root:Epoch: 33, Iteration: 233, Loss: 0.6351713538169861
INFO:root:Epoch: 33, Iteration: 234, Loss: 0.6476113796234131
INFO:root:Epoch: 33, Iteration: 235, Loss: 0.6580085754394531
INFO:root:Epoch: 33, Iteration: 236, Loss: 0.6286139488220215
INFO:root:Epoch: 33, Iteration: 237, Loss: 0.630306601524353
INFO:root:Epoch: 33, Iteration: 238, Loss: 0.6444803476333618
INFO:root:Validation set mIOU: 23.460094946691367
INFO:root:Epoch: 34, Iteration: 239, Loss: 0.685467541217804
INFO:root:Epoch: 34, Iteration: 240, Loss: 0.6281501054763794
INFO:root:Epoch: 34, Iteration: 241, Loss: 0.679043710231781
INFO:root:Epoch: 34, Iteration: 242, Loss: 0.6345465183258057
INFO:root:Epoch: 34, Iteration: 243, Loss: 0.6359599828720093
INFO:root:Epoch: 34, Iteration: 244, Loss: 0.6648644208908081
INFO:root:Epoch: 34, Iteration: 245, Loss: 0.6575711965560913
INFO:root:Validation set mIOU: 68.6805735933484
INFO:root:Epoch: 35, Iteration: 246, Loss: 0.6522924900054932
INFO:root:Epoch: 35, Iteration: 247, Loss: 0.6311468482017517
INFO:root:Epoch: 35, Iteration: 248, Loss: 0.6379315853118896
INFO:root:Epoch: 35, Iteration: 249, Loss: 0.6688424944877625
INFO:root:Epoch: 35, Iteration: 250, Loss: 0.6142800450325012
INFO:root:Epoch: 35, Iteration: 251, Loss: 0.6466866731643677
INFO:root:Epoch: 35, Iteration: 252, Loss: 0.6200870275497437
INFO:root:Validation set mIOU: 82.5405565080934
INFO:root:Epoch: 36, Iteration: 253, Loss: 0.6215456128120422
INFO:root:Epoch: 36, Iteration: 254, Loss: 0.6415553689002991
INFO:root:Epoch: 36, Iteration: 255, Loss: 0.6274349093437195
INFO:root:Epoch: 36, Iteration: 256, Loss: 0.6525077819824219
INFO:root:Epoch: 36, Iteration: 257, Loss: 0.6331871151924133
INFO:root:Epoch: 36, Iteration: 258, Loss: 0.64173424243927
INFO:root:Epoch: 36, Iteration: 259, Loss: 0.6344127058982849
INFO:root:Validation set mIOU: 80.29141558699735
INFO:root:Epoch: 37, Iteration: 260, Loss: 0.6238866448402405
INFO:root:Epoch: 37, Iteration: 261, Loss: 0.6121400594711304
INFO:root:Epoch: 37, Iteration: 262, Loss: 0.6295138597488403
INFO:root:Epoch: 37, Iteration: 263, Loss: 0.6194974780082703
INFO:root:Epoch: 37, Iteration: 264, Loss: 0.6364316344261169
INFO:root:Epoch: 37, Iteration: 265, Loss: 0.6292616128921509
INFO:root:Epoch: 37, Iteration: 266, Loss: 0.6229889392852783
INFO:root:Validation set mIOU: 72.64702372399073
INFO:root:Epoch: 38, Iteration: 267, Loss: 0.6677253842353821
INFO:root:Epoch: 38, Iteration: 268, Loss: 0.6363399028778076
INFO:root:Epoch: 38, Iteration: 269, Loss: 0.6291422843933105
INFO:root:Epoch: 38, Iteration: 270, Loss: 0.6544704437255859
INFO:root:Epoch: 38, Iteration: 271, Loss: 0.618752658367157
INFO:root:Epoch: 38, Iteration: 272, Loss: 0.6454063653945923
INFO:root:Epoch: 38, Iteration: 273, Loss: 0.601170539855957
INFO:root:Validation set mIOU: 78.05995157556897
INFO:root:Epoch: 39, Iteration: 274, Loss: 0.6356299519538879
INFO:root:Epoch: 39, Iteration: 275, Loss: 0.6379250884056091
INFO:root:Epoch: 39, Iteration: 276, Loss: 0.6340407729148865
INFO:root:Epoch: 39, Iteration: 277, Loss: 0.6415679454803467
INFO:root:Epoch: 39, Iteration: 278, Loss: 0.6268340945243835
INFO:root:Epoch: 39, Iteration: 279, Loss: 0.676774799823761
INFO:root:Epoch: 39, Iteration: 280, Loss: 0.6517850160598755
INFO:root:Validation set mIOU: 79.14108499940386
INFO:root:Epoch: 40, Iteration: 281, Loss: 0.6287694573402405
INFO:root:Epoch: 40, Iteration: 282, Loss: 0.701829731464386
INFO:root:Epoch: 40, Iteration: 283, Loss: 0.6499432325363159
INFO:root:Epoch: 40, Iteration: 284, Loss: 0.6446071267127991
INFO:root:Epoch: 40, Iteration: 285, Loss: 0.6529936194419861
INFO:root:Epoch: 40, Iteration: 286, Loss: 0.6388515830039978
INFO:root:Epoch: 40, Iteration: 287, Loss: 0.659642219543457
INFO:root:Validation set mIOU: 73.46155664360222
INFO:root:Epoch: 41, Iteration: 288, Loss: 0.640167772769928
INFO:root:Epoch: 41, Iteration: 289, Loss: 0.6320661902427673
INFO:root:Epoch: 41, Iteration: 290, Loss: 0.6592483520507812
INFO:root:Epoch: 41, Iteration: 291, Loss: 0.6330845952033997
INFO:root:Epoch: 41, Iteration: 292, Loss: 0.6115750670433044
INFO:root:Epoch: 41, Iteration: 293, Loss: 0.6364309191703796
INFO:root:Epoch: 41, Iteration: 294, Loss: 0.6178184151649475
INFO:root:Validation set mIOU: 84.20892544052371
INFO:root:Epoch: 42, Iteration: 295, Loss: 0.6477463245391846
INFO:root:Epoch: 42, Iteration: 296, Loss: 0.6067360639572144
INFO:root:Epoch: 42, Iteration: 297, Loss: 0.6213090419769287
INFO:root:Epoch: 42, Iteration: 298, Loss: 0.6254448294639587
INFO:root:Epoch: 42, Iteration: 299, Loss: 0.6154754161834717
INFO:root:Epoch: 42, Iteration: 300, Loss: 0.6280085444450378
INFO:root:Epoch: 42, Iteration: 301, Loss: 0.603232204914093
INFO:root:Validation set mIOU: 83.52910265133882
INFO:root:Epoch: 43, Iteration: 302, Loss: 0.6171265840530396
INFO:root:Epoch: 43, Iteration: 303, Loss: 0.6771017909049988
INFO:root:Epoch: 43, Iteration: 304, Loss: 0.604540228843689
INFO:root:Epoch: 43, Iteration: 305, Loss: 0.5961527824401855
INFO:root:Epoch: 43, Iteration: 306, Loss: 0.6565440893173218
INFO:root:Epoch: 43, Iteration: 307, Loss: 0.6661179661750793
INFO:root:Epoch: 43, Iteration: 308, Loss: 0.6075260639190674
INFO:root:Validation set mIOU: 83.18880144476233
INFO:root:Epoch: 44, Iteration: 309, Loss: 0.5968426465988159
INFO:root:Epoch: 44, Iteration: 310, Loss: 0.6121373176574707
INFO:root:Epoch: 44, Iteration: 311, Loss: 0.6389555335044861
INFO:root:Epoch: 44, Iteration: 312, Loss: 0.624225378036499
INFO:root:Epoch: 44, Iteration: 313, Loss: 0.6411906480789185
INFO:root:Epoch: 44, Iteration: 314, Loss: 0.6474262475967407
INFO:root:Epoch: 44, Iteration: 315, Loss: 0.5986356139183044
INFO:root:Validation set mIOU: 69.84924046656045
INFO:root:Epoch: 45, Iteration: 316, Loss: 0.6379128098487854
INFO:root:Epoch: 45, Iteration: 317, Loss: 0.6216045022010803
INFO:root:Epoch: 45, Iteration: 318, Loss: 0.6215938329696655
INFO:root:Epoch: 45, Iteration: 319, Loss: 0.6132189035415649
INFO:root:Epoch: 45, Iteration: 320, Loss: 0.608462393283844
INFO:root:Epoch: 45, Iteration: 321, Loss: 0.5903394818305969
INFO:root:Epoch: 45, Iteration: 322, Loss: 0.6216989159584045
INFO:root:Validation set mIOU: 82.72369616207232
INFO:root:Epoch: 46, Iteration: 323, Loss: 0.6098180413246155
INFO:root:Epoch: 46, Iteration: 324, Loss: 0.6941907405853271
INFO:root:Epoch: 46, Iteration: 325, Loss: 0.615724503993988
INFO:root:Epoch: 46, Iteration: 326, Loss: 0.5949081778526306
INFO:root:Epoch: 46, Iteration: 327, Loss: 0.6753747463226318
INFO:root:Epoch: 46, Iteration: 328, Loss: 0.6153942942619324
INFO:root:Epoch: 46, Iteration: 329, Loss: 0.6686856150627136
INFO:root:Validation set mIOU: 82.13055552436738
INFO:root:Epoch: 47, Iteration: 330, Loss: 0.6144197583198547
INFO:root:Epoch: 47, Iteration: 331, Loss: 0.6195058226585388
INFO:root:Epoch: 47, Iteration: 332, Loss: 0.6078989505767822
INFO:root:Epoch: 47, Iteration: 333, Loss: 0.635010302066803
INFO:root:Epoch: 47, Iteration: 334, Loss: 0.6466215252876282
INFO:root:Epoch: 47, Iteration: 335, Loss: 0.6574015617370605
INFO:root:Epoch: 47, Iteration: 336, Loss: 0.6661148071289062
INFO:root:Validation set mIOU: 83.86061674119239
INFO:root:Epoch: 48, Iteration: 337, Loss: 0.5939553380012512
INFO:root:Epoch: 48, Iteration: 338, Loss: 0.604749321937561
INFO:root:Epoch: 48, Iteration: 339, Loss: 0.6260522603988647
INFO:root:Epoch: 48, Iteration: 340, Loss: 0.600040853023529
INFO:root:Epoch: 48, Iteration: 341, Loss: 0.6562854647636414
INFO:root:Epoch: 48, Iteration: 342, Loss: 0.6263919472694397
INFO:root:Epoch: 48, Iteration: 343, Loss: 0.6276070475578308
INFO:root:Validation set mIOU: 80.54178586833957
INFO:root:Epoch: 49, Iteration: 344, Loss: 0.6366528868675232
INFO:root:Epoch: 49, Iteration: 345, Loss: 0.6059799790382385
INFO:root:Epoch: 49, Iteration: 346, Loss: 0.5881953239440918
INFO:root:Epoch: 49, Iteration: 347, Loss: 0.6369078159332275
INFO:root:Epoch: 49, Iteration: 348, Loss: 0.6590564250946045
INFO:root:Epoch: 49, Iteration: 349, Loss: 0.6471317410469055
INFO:root:Epoch: 49, Iteration: 350, Loss: 0.6143534183502197
INFO:root:Validation set mIOU: 80.28899709526914
INFO:root:Epoch: 50, Iteration: 351, Loss: 0.6151824593544006
INFO:root:Epoch: 50, Iteration: 352, Loss: 0.6022569537162781
INFO:root:Epoch: 50, Iteration: 353, Loss: 0.6074234247207642
INFO:root:Epoch: 50, Iteration: 354, Loss: 0.6035600900650024
INFO:root:Epoch: 50, Iteration: 355, Loss: 0.650169312953949
INFO:root:Epoch: 50, Iteration: 356, Loss: 0.6146998405456543
INFO:root:Epoch: 50, Iteration: 357, Loss: 0.6402806639671326
INFO:root:Validation set mIOU: 86.50741106203617
INFO:root:Epoch: 51, Iteration: 358, Loss: 0.6191838383674622
INFO:root:Epoch: 51, Iteration: 359, Loss: 0.6194027066230774
INFO:root:Epoch: 51, Iteration: 360, Loss: 0.6289588212966919
INFO:root:Epoch: 51, Iteration: 361, Loss: 0.6482948064804077
INFO:root:Epoch: 51, Iteration: 362, Loss: 0.6625209450721741
INFO:root:Epoch: 51, Iteration: 363, Loss: 0.6034980416297913
INFO:root:Epoch: 51, Iteration: 364, Loss: 0.6095941662788391
INFO:root:Validation set mIOU: 79.94986786900293
INFO:root:Epoch: 52, Iteration: 365, Loss: 0.6144185662269592
INFO:root:Epoch: 52, Iteration: 366, Loss: 0.6165048480033875
INFO:root:Epoch: 52, Iteration: 367, Loss: 0.6604363322257996
INFO:root:Epoch: 52, Iteration: 368, Loss: 0.664257287979126
INFO:root:Epoch: 52, Iteration: 369, Loss: 0.6017597317695618
INFO:root:Epoch: 52, Iteration: 370, Loss: 0.5913079380989075
INFO:root:Epoch: 52, Iteration: 371, Loss: 0.6067612171173096
INFO:root:Validation set mIOU: 85.66236520492016
INFO:root:Epoch: 53, Iteration: 372, Loss: 0.6034218668937683
INFO:root:Epoch: 53, Iteration: 373, Loss: 0.6182509064674377
INFO:root:Epoch: 53, Iteration: 374, Loss: 0.6031774282455444
INFO:root:Epoch: 53, Iteration: 375, Loss: 0.6676836609840393
INFO:root:Epoch: 53, Iteration: 376, Loss: 0.6351727843284607
INFO:root:Epoch: 53, Iteration: 377, Loss: 0.6252272725105286
INFO:root:Epoch: 53, Iteration: 378, Loss: 0.6107606887817383
INFO:root:Validation set mIOU: 81.3779818317189
INFO:root:Epoch: 54, Iteration: 379, Loss: 0.635290801525116
INFO:root:Epoch: 54, Iteration: 380, Loss: 0.6677549481391907
INFO:root:Epoch: 54, Iteration: 381, Loss: 0.6557199358940125
INFO:root:Epoch: 54, Iteration: 382, Loss: 0.6249135136604309
INFO:root:Epoch: 54, Iteration: 383, Loss: 0.6460312008857727
INFO:root:Epoch: 54, Iteration: 384, Loss: 0.6143666505813599
INFO:root:Epoch: 54, Iteration: 385, Loss: 0.6492707133293152
INFO:root:Validation set mIOU: 76.23270285573113
INFO:root:Epoch: 55, Iteration: 386, Loss: 0.6426746845245361
INFO:root:Epoch: 55, Iteration: 387, Loss: 0.5848360061645508
INFO:root:Epoch: 55, Iteration: 388, Loss: 0.642548680305481
INFO:root:Epoch: 55, Iteration: 389, Loss: 0.6000029444694519
INFO:root:Epoch: 55, Iteration: 390, Loss: 0.6140051484107971
INFO:root:Epoch: 55, Iteration: 391, Loss: 0.6132879853248596
INFO:root:Epoch: 55, Iteration: 392, Loss: 0.6242836713790894
INFO:root:Validation set mIOU: 78.56487632263202
INFO:root:Epoch: 56, Iteration: 393, Loss: 0.6117162704467773
INFO:root:Epoch: 56, Iteration: 394, Loss: 0.6214247345924377
INFO:root:Epoch: 56, Iteration: 395, Loss: 0.6081236600875854
INFO:root:Epoch: 56, Iteration: 396, Loss: 0.608642578125
INFO:root:Epoch: 56, Iteration: 397, Loss: 0.6421265006065369
INFO:root:Epoch: 56, Iteration: 398, Loss: 0.6267586350440979
INFO:root:Epoch: 56, Iteration: 399, Loss: 0.6194648742675781
INFO:root:Validation set mIOU: 37.41190088982513
INFO:root:Epoch: 57, Iteration: 400, Loss: 0.6722403764724731
INFO:root:Epoch: 57, Iteration: 401, Loss: 0.6715710163116455
INFO:root:Epoch: 57, Iteration: 402, Loss: 0.6179599761962891
INFO:root:Epoch: 57, Iteration: 403, Loss: 0.6422296762466431
INFO:root:Epoch: 57, Iteration: 404, Loss: 0.6223589777946472
INFO:root:Epoch: 57, Iteration: 405, Loss: 0.6137447953224182
INFO:root:Epoch: 57, Iteration: 406, Loss: 0.6025872826576233
INFO:root:Validation set mIOU: 66.72003697792775
INFO:root:Epoch: 58, Iteration: 407, Loss: 0.6212822198867798
INFO:root:Epoch: 58, Iteration: 408, Loss: 0.6183691024780273
INFO:root:Epoch: 58, Iteration: 409, Loss: 0.6183032989501953
INFO:root:Epoch: 58, Iteration: 410, Loss: 0.6246025562286377
INFO:root:Epoch: 58, Iteration: 411, Loss: 0.6116892099380493
INFO:root:Epoch: 58, Iteration: 412, Loss: 0.6669379472732544
INFO:root:Epoch: 58, Iteration: 413, Loss: 0.6233103275299072
INFO:root:Validation set mIOU: 45.90060452212335
INFO:root:Epoch: 59, Iteration: 414, Loss: 0.6341057419776917
INFO:root:Epoch: 59, Iteration: 415, Loss: 0.6143128871917725
INFO:root:Epoch: 59, Iteration: 416, Loss: 0.6237655282020569
INFO:root:Epoch: 59, Iteration: 417, Loss: 0.6037889122962952
INFO:root:Epoch: 59, Iteration: 418, Loss: 0.6133486032485962
INFO:root:Epoch: 59, Iteration: 419, Loss: 0.6269751191139221
INFO:root:Epoch: 59, Iteration: 420, Loss: 0.664209246635437
INFO:root:Validation set mIOU: 66.6830381623349
INFO:root:Epoch: 60, Iteration: 421, Loss: 0.6091738343238831
INFO:root:Epoch: 60, Iteration: 422, Loss: 0.6047378182411194
INFO:root:Epoch: 60, Iteration: 423, Loss: 0.6394875645637512
INFO:root:Epoch: 60, Iteration: 424, Loss: 0.6428657174110413
INFO:root:Epoch: 60, Iteration: 425, Loss: 0.6280924677848816
INFO:root:Epoch: 60, Iteration: 426, Loss: 0.6130857467651367
INFO:root:Epoch: 60, Iteration: 427, Loss: 0.6193360090255737
INFO:root:Validation set mIOU: 80.066542030925
INFO:root:Epoch: 61, Iteration: 428, Loss: 0.6396437883377075
INFO:root:Epoch: 61, Iteration: 429, Loss: 0.617779016494751
INFO:root:Epoch: 61, Iteration: 430, Loss: 0.6253154873847961
INFO:root:Epoch: 61, Iteration: 431, Loss: 0.6176254749298096
INFO:root:Epoch: 61, Iteration: 432, Loss: 0.6547677516937256
INFO:root:Epoch: 61, Iteration: 433, Loss: 0.6178357005119324
INFO:root:Epoch: 61, Iteration: 434, Loss: 0.6350811719894409
INFO:root:Validation set mIOU: 76.40987136412599
INFO:root:Epoch: 62, Iteration: 435, Loss: 0.615181028842926
INFO:root:Epoch: 62, Iteration: 436, Loss: 0.5982587933540344
INFO:root:Epoch: 62, Iteration: 437, Loss: 0.6124913096427917
INFO:root:Epoch: 62, Iteration: 438, Loss: 0.6300013065338135
INFO:root:Epoch: 62, Iteration: 439, Loss: 0.6259915828704834
INFO:root:Epoch: 62, Iteration: 440, Loss: 0.6394986510276794
INFO:root:Epoch: 62, Iteration: 441, Loss: 0.6339541673660278
INFO:root:Validation set mIOU: 83.63585059658988
INFO:root:Epoch: 63, Iteration: 442, Loss: 0.6393116116523743
INFO:root:Epoch: 63, Iteration: 443, Loss: 0.6385490298271179
INFO:root:Epoch: 63, Iteration: 444, Loss: 0.6339211463928223
INFO:root:Epoch: 63, Iteration: 445, Loss: 0.6416821479797363
INFO:root:Epoch: 63, Iteration: 446, Loss: 0.610277533531189
INFO:root:Epoch: 63, Iteration: 447, Loss: 0.6277410984039307
INFO:root:Epoch: 63, Iteration: 448, Loss: 0.6032675504684448
INFO:root:Validation set mIOU: 85.00895771912195
INFO:root:Epoch: 64, Iteration: 449, Loss: 0.6081125140190125
INFO:root:Epoch: 64, Iteration: 450, Loss: 0.613983154296875
INFO:root:Epoch: 64, Iteration: 451, Loss: 0.6282382607460022
INFO:root:Epoch: 64, Iteration: 452, Loss: 0.5977525115013123
INFO:root:Epoch: 64, Iteration: 453, Loss: 0.6502684354782104
INFO:root:Epoch: 64, Iteration: 454, Loss: 0.6244012713432312
INFO:root:Epoch: 64, Iteration: 455, Loss: 0.6057024002075195
INFO:root:Validation set mIOU: 84.63153615840784
INFO:root:Epoch: 65, Iteration: 456, Loss: 0.61231529712677
INFO:root:Epoch: 65, Iteration: 457, Loss: 0.6199204921722412
INFO:root:Epoch: 65, Iteration: 458, Loss: 0.6173951029777527
INFO:root:Epoch: 65, Iteration: 459, Loss: 0.598371148109436
INFO:root:Epoch: 65, Iteration: 460, Loss: 0.615059494972229
INFO:root:Epoch: 65, Iteration: 461, Loss: 0.6341199278831482
INFO:root:Epoch: 65, Iteration: 462, Loss: 0.6262313723564148
INFO:root:Validation set mIOU: 84.49393880488532
INFO:root:Epoch: 66, Iteration: 463, Loss: 0.6197076439857483
INFO:root:Epoch: 66, Iteration: 464, Loss: 0.6590599417686462
INFO:root:Epoch: 66, Iteration: 465, Loss: 0.603482723236084
INFO:root:Epoch: 66, Iteration: 466, Loss: 0.6559101343154907
INFO:root:Epoch: 66, Iteration: 467, Loss: 0.6013994216918945
INFO:root:Epoch: 66, Iteration: 468, Loss: 0.6176438331604004
INFO:root:Epoch: 66, Iteration: 469, Loss: 0.6205217838287354
INFO:root:Validation set mIOU: 82.37641687736718
INFO:root:Epoch: 67, Iteration: 470, Loss: 0.6381298303604126
INFO:root:Epoch: 67, Iteration: 471, Loss: 0.6311993598937988
INFO:root:Epoch: 67, Iteration: 472, Loss: 0.6093358397483826
INFO:root:Epoch: 67, Iteration: 473, Loss: 0.6071984767913818
INFO:root:Epoch: 67, Iteration: 474, Loss: 0.6152701377868652
INFO:root:Epoch: 67, Iteration: 475, Loss: 0.6131479740142822
INFO:root:Epoch: 67, Iteration: 476, Loss: 0.6045982241630554
INFO:root:Validation set mIOU: 80.91378095186028
INFO:root:Epoch: 68, Iteration: 477, Loss: 0.6039285063743591
INFO:root:Epoch: 68, Iteration: 478, Loss: 0.588444709777832
INFO:root:Epoch: 68, Iteration: 479, Loss: 0.6302522420883179
INFO:root:Epoch: 68, Iteration: 480, Loss: 0.659369945526123
INFO:root:Epoch: 68, Iteration: 481, Loss: 0.6327714920043945
INFO:root:Epoch: 68, Iteration: 482, Loss: 0.6331058740615845
INFO:root:Epoch: 68, Iteration: 483, Loss: 0.6070134043693542
INFO:root:Validation set mIOU: 84.55708568212798
INFO:root:Epoch: 69, Iteration: 484, Loss: 0.6211003661155701
INFO:root:Epoch: 69, Iteration: 485, Loss: 0.597482442855835
INFO:root:Epoch: 69, Iteration: 486, Loss: 0.6535336375236511
INFO:root:Epoch: 69, Iteration: 487, Loss: 0.6514013409614563
INFO:root:Epoch: 69, Iteration: 488, Loss: 0.619536817073822
INFO:root:Epoch: 69, Iteration: 489, Loss: 0.6307057738304138
INFO:root:Epoch: 69, Iteration: 490, Loss: 0.6124439239501953
INFO:root:Validation set mIOU: 86.22887386153369
INFO:root:Epoch: 70, Iteration: 491, Loss: 0.6395033001899719
INFO:root:Epoch: 70, Iteration: 492, Loss: 0.5963953733444214
INFO:root:Epoch: 70, Iteration: 493, Loss: 0.6174145936965942
INFO:root:Epoch: 70, Iteration: 494, Loss: 0.6328075528144836
INFO:root:Epoch: 70, Iteration: 495, Loss: 0.5870014429092407
INFO:root:Epoch: 70, Iteration: 496, Loss: 0.6639136075973511
INFO:root:Epoch: 70, Iteration: 497, Loss: 0.6114151477813721
INFO:root:Validation set mIOU: 81.77442850522854
INFO:root:Epoch: 71, Iteration: 498, Loss: 0.6363800764083862
INFO:root:Epoch: 71, Iteration: 499, Loss: 0.5989903807640076
INFO:root:Epoch: 71, Iteration: 500, Loss: 0.6200159788131714
INFO:root:Epoch: 71, Iteration: 501, Loss: 0.634762704372406
INFO:root:Epoch: 71, Iteration: 502, Loss: 0.6363010406494141
INFO:root:Epoch: 71, Iteration: 503, Loss: 0.629625141620636
INFO:root:Epoch: 71, Iteration: 504, Loss: 0.6533198356628418
INFO:root:Validation set mIOU: 85.95062723823584
INFO:root:Epoch: 72, Iteration: 505, Loss: 0.5929189324378967
INFO:root:Epoch: 72, Iteration: 506, Loss: 0.5889604687690735
INFO:root:Epoch: 72, Iteration: 507, Loss: 0.6190389394760132
INFO:root:Epoch: 72, Iteration: 508, Loss: 0.6499204039573669
INFO:root:Epoch: 72, Iteration: 509, Loss: 0.6500223875045776
INFO:root:Epoch: 72, Iteration: 510, Loss: 0.6098030209541321
INFO:root:Epoch: 72, Iteration: 511, Loss: 0.647502601146698
INFO:root:Validation set mIOU: 85.33443999348732
INFO:root:Epoch: 73, Iteration: 512, Loss: 0.6162111759185791
INFO:root:Epoch: 73, Iteration: 513, Loss: 0.6174718737602234
INFO:root:Epoch: 73, Iteration: 514, Loss: 0.6145376563072205
INFO:root:Epoch: 73, Iteration: 515, Loss: 0.6054865717887878
INFO:root:Epoch: 73, Iteration: 516, Loss: 0.5973997712135315
INFO:root:Epoch: 73, Iteration: 517, Loss: 0.6094290018081665
INFO:root:Epoch: 73, Iteration: 518, Loss: 0.6229109168052673
INFO:root:Validation set mIOU: 85.96617130969234
INFO:root:Epoch: 74, Iteration: 519, Loss: 0.6059638857841492
INFO:root:Epoch: 74, Iteration: 520, Loss: 0.6155241131782532
INFO:root:Epoch: 74, Iteration: 521, Loss: 0.6260987520217896
INFO:root:Epoch: 74, Iteration: 522, Loss: 0.6345131397247314
INFO:root:Epoch: 74, Iteration: 523, Loss: 0.6097492575645447
INFO:root:Epoch: 74, Iteration: 524, Loss: 0.6264851689338684
INFO:root:Epoch: 74, Iteration: 525, Loss: 0.6075044274330139
INFO:root:Validation set mIOU: 81.3205707532911
INFO:root:Epoch: 75, Iteration: 526, Loss: 0.6402440071105957
INFO:root:Epoch: 75, Iteration: 527, Loss: 0.604505717754364
INFO:root:Epoch: 75, Iteration: 528, Loss: 0.5879355072975159
INFO:root:Epoch: 75, Iteration: 529, Loss: 0.604855477809906
INFO:root:Epoch: 75, Iteration: 530, Loss: 0.6049224138259888
INFO:root:Epoch: 75, Iteration: 531, Loss: 0.5873719453811646
INFO:root:Epoch: 75, Iteration: 532, Loss: 0.6155977249145508
INFO:root:Validation set mIOU: 87.39790816021683
INFO:root:Epoch: 76, Iteration: 533, Loss: 0.6009641885757446
INFO:root:Epoch: 76, Iteration: 534, Loss: 0.6235494017601013
INFO:root:Epoch: 76, Iteration: 535, Loss: 0.6009042263031006
INFO:root:Epoch: 76, Iteration: 536, Loss: 0.6306483745574951
INFO:root:Epoch: 76, Iteration: 537, Loss: 0.6216079592704773
INFO:root:Epoch: 76, Iteration: 538, Loss: 0.6003435850143433
INFO:root:Epoch: 76, Iteration: 539, Loss: 0.6014408469200134
INFO:root:Validation set mIOU: 77.43607598614041
INFO:root:Epoch: 77, Iteration: 540, Loss: 0.5946882963180542
INFO:root:Epoch: 77, Iteration: 541, Loss: 0.6460226774215698
INFO:root:Epoch: 77, Iteration: 542, Loss: 0.6189405918121338
INFO:root:Epoch: 77, Iteration: 543, Loss: 0.6000208258628845
INFO:root:Epoch: 77, Iteration: 544, Loss: 0.622032105922699
INFO:root:Epoch: 77, Iteration: 545, Loss: 0.5927479863166809
INFO:root:Epoch: 77, Iteration: 546, Loss: 0.6184564232826233
INFO:root:Validation set mIOU: 84.3806379611587
INFO:root:Epoch: 78, Iteration: 547, Loss: 0.6045206189155579
INFO:root:Epoch: 78, Iteration: 548, Loss: 0.6263665556907654
INFO:root:Epoch: 78, Iteration: 549, Loss: 0.6038163304328918
INFO:root:Epoch: 78, Iteration: 550, Loss: 0.6348319053649902
INFO:root:Epoch: 78, Iteration: 551, Loss: 0.593457043170929
INFO:root:Epoch: 78, Iteration: 552, Loss: 0.6314701437950134
INFO:root:Epoch: 78, Iteration: 553, Loss: 0.6074407696723938
INFO:root:Validation set mIOU: 83.82509706885118
INFO:root:Epoch: 79, Iteration: 554, Loss: 0.5989006757736206
INFO:root:Epoch: 79, Iteration: 555, Loss: 0.6128702759742737
INFO:root:Epoch: 79, Iteration: 556, Loss: 0.6226434111595154
INFO:root:Epoch: 79, Iteration: 557, Loss: 0.5903639197349548
INFO:root:Epoch: 79, Iteration: 558, Loss: 0.5831079483032227
INFO:root:Epoch: 79, Iteration: 559, Loss: 0.6096839308738708
INFO:root:Epoch: 79, Iteration: 560, Loss: 0.6157631874084473
INFO:root:Validation set mIOU: 87.37160715388438
INFO:root:Epoch: 80, Iteration: 561, Loss: 0.6267221570014954
INFO:root:Epoch: 80, Iteration: 562, Loss: 0.6582144498825073
INFO:root:Epoch: 80, Iteration: 563, Loss: 0.5948988199234009
INFO:root:Epoch: 80, Iteration: 564, Loss: 0.6559026837348938
INFO:root:Epoch: 80, Iteration: 565, Loss: 0.6198656558990479
INFO:root:Epoch: 80, Iteration: 566, Loss: 0.6185839176177979
INFO:root:Epoch: 80, Iteration: 567, Loss: 0.5860986709594727
INFO:root:Validation set mIOU: 85.34742136295178
INFO:root:Epoch: 81, Iteration: 568, Loss: 0.6199634671211243
INFO:root:Epoch: 81, Iteration: 569, Loss: 0.5940714478492737
INFO:root:Epoch: 81, Iteration: 570, Loss: 0.6020082235336304
INFO:root:Epoch: 81, Iteration: 571, Loss: 0.6256707906723022
INFO:root:Epoch: 81, Iteration: 572, Loss: 0.6309815049171448
INFO:root:Epoch: 81, Iteration: 573, Loss: 0.662889838218689
INFO:root:Epoch: 81, Iteration: 574, Loss: 0.619177520275116
INFO:root:Validation set mIOU: 86.57104771235339
INFO:root:Epoch: 82, Iteration: 575, Loss: 0.6181675791740417
INFO:root:Epoch: 82, Iteration: 576, Loss: 0.6155154705047607
INFO:root:Epoch: 82, Iteration: 577, Loss: 0.6100481748580933
INFO:root:Epoch: 82, Iteration: 578, Loss: 0.5983151197433472
INFO:root:Epoch: 82, Iteration: 579, Loss: 0.6188889145851135
INFO:root:Epoch: 82, Iteration: 580, Loss: 0.619587242603302
INFO:root:Epoch: 82, Iteration: 581, Loss: 0.6043472290039062
INFO:root:Validation set mIOU: 86.07635968780455
INFO:root:Epoch: 83, Iteration: 582, Loss: 0.6520591974258423
INFO:root:Epoch: 83, Iteration: 583, Loss: 0.6409960985183716
INFO:root:Epoch: 83, Iteration: 584, Loss: 0.5991658568382263
INFO:root:Epoch: 83, Iteration: 585, Loss: 0.6128273010253906
INFO:root:Epoch: 83, Iteration: 586, Loss: 0.5955031514167786
INFO:root:Epoch: 83, Iteration: 587, Loss: 0.6380019783973694
INFO:root:Epoch: 83, Iteration: 588, Loss: 0.6168488264083862
INFO:root:Validation set mIOU: 85.58582589205906
INFO:root:Epoch: 84, Iteration: 589, Loss: 0.5929775238037109
INFO:root:Epoch: 84, Iteration: 590, Loss: 0.5901271104812622
INFO:root:Epoch: 84, Iteration: 591, Loss: 0.6043707728385925
INFO:root:Epoch: 84, Iteration: 592, Loss: 0.5982701182365417
INFO:root:Epoch: 84, Iteration: 593, Loss: 0.6460376977920532
INFO:root:Epoch: 84, Iteration: 594, Loss: 0.5986039042472839
INFO:root:Epoch: 84, Iteration: 595, Loss: 0.6088899374008179
INFO:root:Validation set mIOU: 87.7629894583276
INFO:root:Epoch: 85, Iteration: 596, Loss: 0.6447146534919739
INFO:root:Epoch: 85, Iteration: 597, Loss: 0.5969303846359253
INFO:root:Epoch: 85, Iteration: 598, Loss: 0.6309154629707336
INFO:root:Epoch: 85, Iteration: 599, Loss: 0.5913639068603516
INFO:root:Epoch: 85, Iteration: 600, Loss: 0.5970042943954468
INFO:root:Epoch: 85, Iteration: 601, Loss: 0.6224239468574524
INFO:root:Epoch: 85, Iteration: 602, Loss: 0.5992880463600159
INFO:root:Validation set mIOU: 87.55180105284683
INFO:root:Epoch: 86, Iteration: 603, Loss: 0.6052114963531494
INFO:root:Epoch: 86, Iteration: 604, Loss: 0.5983288884162903
INFO:root:Epoch: 86, Iteration: 605, Loss: 0.5939114689826965
INFO:root:Epoch: 86, Iteration: 606, Loss: 0.6271308064460754
INFO:root:Epoch: 86, Iteration: 607, Loss: 0.6148167252540588
INFO:root:Epoch: 86, Iteration: 608, Loss: 0.6215951442718506
INFO:root:Epoch: 86, Iteration: 609, Loss: 0.587235689163208
INFO:root:Validation set mIOU: 87.14201970738088
INFO:root:Epoch: 87, Iteration: 610, Loss: 0.6203572154045105
INFO:root:Epoch: 87, Iteration: 611, Loss: 0.6185027360916138
INFO:root:Epoch: 87, Iteration: 612, Loss: 0.6444064378738403
INFO:root:Epoch: 87, Iteration: 613, Loss: 0.6193834543228149
INFO:root:Epoch: 87, Iteration: 614, Loss: 0.6736332178115845
INFO:root:Epoch: 87, Iteration: 615, Loss: 0.5956867933273315
INFO:root:Epoch: 87, Iteration: 616, Loss: 0.6207811236381531
INFO:root:Validation set mIOU: 86.35958191806942
INFO:root:Epoch: 88, Iteration: 617, Loss: 0.6492282748222351
INFO:root:Epoch: 88, Iteration: 618, Loss: 0.6501094102859497
INFO:root:Epoch: 88, Iteration: 619, Loss: 0.5921115875244141
INFO:root:Epoch: 88, Iteration: 620, Loss: 0.6143446564674377
INFO:root:Epoch: 88, Iteration: 621, Loss: 0.6594929695129395
INFO:root:Epoch: 88, Iteration: 622, Loss: 0.5979835987091064
INFO:root:Epoch: 88, Iteration: 623, Loss: 0.6001152992248535
INFO:root:Validation set mIOU: 86.68986514899404
INFO:root:Epoch: 89, Iteration: 624, Loss: 0.5936329960823059
INFO:root:Epoch: 89, Iteration: 625, Loss: 0.6184604167938232
INFO:root:Epoch: 89, Iteration: 626, Loss: 0.6003870964050293
INFO:root:Epoch: 89, Iteration: 627, Loss: 0.640679657459259
INFO:root:Epoch: 89, Iteration: 628, Loss: 0.5835561752319336
INFO:root:Epoch: 89, Iteration: 629, Loss: 0.6194355487823486
INFO:root:Epoch: 89, Iteration: 630, Loss: 0.5968448519706726
INFO:root:Validation set mIOU: 85.999695347742
INFO:root:Epoch: 90, Iteration: 631, Loss: 0.588882327079773
INFO:root:Epoch: 90, Iteration: 632, Loss: 0.6179318428039551
INFO:root:Epoch: 90, Iteration: 633, Loss: 0.6389613151550293
INFO:root:Epoch: 90, Iteration: 634, Loss: 0.6016041040420532
INFO:root:Epoch: 90, Iteration: 635, Loss: 0.5905776023864746
INFO:root:Epoch: 90, Iteration: 636, Loss: 0.5966366529464722
INFO:root:Epoch: 90, Iteration: 637, Loss: 0.6184098124504089
INFO:root:Validation set mIOU: 86.56036601267117
INFO:root:Epoch: 91, Iteration: 638, Loss: 0.5909095406532288
INFO:root:Epoch: 91, Iteration: 639, Loss: 0.59976726770401
INFO:root:Epoch: 91, Iteration: 640, Loss: 0.6253006458282471
INFO:root:Epoch: 91, Iteration: 641, Loss: 0.5995386242866516
INFO:root:Epoch: 91, Iteration: 642, Loss: 0.6228499412536621
INFO:root:Epoch: 91, Iteration: 643, Loss: 0.5896192789077759
INFO:root:Epoch: 91, Iteration: 644, Loss: 0.6120432019233704
INFO:root:Validation set mIOU: 88.1903731056219
INFO:root:Epoch: 92, Iteration: 645, Loss: 0.6197693347930908
INFO:root:Epoch: 92, Iteration: 646, Loss: 0.6027523279190063
INFO:root:Epoch: 92, Iteration: 647, Loss: 0.5970349311828613
INFO:root:Epoch: 92, Iteration: 648, Loss: 0.6179612278938293
INFO:root:Epoch: 92, Iteration: 649, Loss: 0.6212932467460632
INFO:root:Epoch: 92, Iteration: 650, Loss: 0.6008590459823608
INFO:root:Epoch: 92, Iteration: 651, Loss: 0.6066743731498718
INFO:root:Validation set mIOU: 88.59509116312378
INFO:root:Epoch: 93, Iteration: 652, Loss: 0.6017261743545532
INFO:root:Epoch: 93, Iteration: 653, Loss: 0.6237236857414246
INFO:root:Epoch: 93, Iteration: 654, Loss: 0.648602306842804
INFO:root:Epoch: 93, Iteration: 655, Loss: 0.598564863204956
INFO:root:Epoch: 93, Iteration: 656, Loss: 0.6382102370262146
INFO:root:Epoch: 93, Iteration: 657, Loss: 0.6073132157325745
INFO:root:Epoch: 93, Iteration: 658, Loss: 0.6257995963096619
INFO:root:Validation set mIOU: 85.39770725025525
INFO:root:Epoch: 94, Iteration: 659, Loss: 0.6003344655036926
INFO:root:Epoch: 94, Iteration: 660, Loss: 0.6013208031654358
INFO:root:Epoch: 94, Iteration: 661, Loss: 0.5854226350784302
INFO:root:Epoch: 94, Iteration: 662, Loss: 0.6175708770751953
INFO:root:Epoch: 94, Iteration: 663, Loss: 0.5904058218002319
INFO:root:Epoch: 94, Iteration: 664, Loss: 0.5934420228004456
INFO:root:Epoch: 94, Iteration: 665, Loss: 0.6208146810531616
INFO:root:Validation set mIOU: 86.19197489278963
INFO:root:Epoch: 95, Iteration: 666, Loss: 0.6119416952133179
INFO:root:Epoch: 95, Iteration: 667, Loss: 0.5827141404151917
INFO:root:Epoch: 95, Iteration: 668, Loss: 0.6101697087287903
INFO:root:Epoch: 95, Iteration: 669, Loss: 0.620981752872467
INFO:root:Epoch: 95, Iteration: 670, Loss: 0.6047559976577759
INFO:root:Epoch: 95, Iteration: 671, Loss: 0.6347096562385559
INFO:root:Epoch: 95, Iteration: 672, Loss: 0.5919685959815979
INFO:root:Validation set mIOU: 88.05210265234197
INFO:root:Epoch: 96, Iteration: 673, Loss: 0.58623868227005
INFO:root:Epoch: 96, Iteration: 674, Loss: 0.6084656715393066
INFO:root:Epoch: 96, Iteration: 675, Loss: 0.6105299592018127
INFO:root:Epoch: 96, Iteration: 676, Loss: 0.6067740321159363
INFO:root:Epoch: 96, Iteration: 677, Loss: 0.6033685803413391
INFO:root:Epoch: 96, Iteration: 678, Loss: 0.6173768043518066
INFO:root:Epoch: 96, Iteration: 679, Loss: 0.6098937392234802
INFO:root:Validation set mIOU: 88.51925218949106
INFO:root:Epoch: 97, Iteration: 680, Loss: 0.5868185758590698
INFO:root:Epoch: 97, Iteration: 681, Loss: 0.6087674498558044
INFO:root:Epoch: 97, Iteration: 682, Loss: 0.6067850589752197
INFO:root:Epoch: 97, Iteration: 683, Loss: 0.584651529788971
INFO:root:Epoch: 97, Iteration: 684, Loss: 0.6010532975196838
INFO:root:Epoch: 97, Iteration: 685, Loss: 0.6046792268753052
INFO:root:Epoch: 97, Iteration: 686, Loss: 0.6211591958999634
INFO:root:Validation set mIOU: 88.28272404870971
INFO:root:Epoch: 98, Iteration: 687, Loss: 0.5999516248703003
INFO:root:Epoch: 98, Iteration: 688, Loss: 0.6011091470718384
INFO:root:Epoch: 98, Iteration: 689, Loss: 0.6219303607940674
INFO:root:Epoch: 98, Iteration: 690, Loss: 0.5782867670059204
INFO:root:Epoch: 98, Iteration: 691, Loss: 0.6038082242012024
INFO:root:Epoch: 98, Iteration: 692, Loss: 0.6243787407875061
INFO:root:Epoch: 98, Iteration: 693, Loss: 0.5964851975440979
INFO:root:Validation set mIOU: 88.05521967158617
INFO:root:Epoch: 99, Iteration: 694, Loss: 0.5895872116088867
INFO:root:Epoch: 99, Iteration: 695, Loss: 0.6087192296981812
INFO:root:Epoch: 99, Iteration: 696, Loss: 0.5936414003372192
INFO:root:Epoch: 99, Iteration: 697, Loss: 0.5941357612609863
INFO:root:Epoch: 99, Iteration: 698, Loss: 0.614668607711792
INFO:root:Epoch: 99, Iteration: 699, Loss: 0.6310453414916992
INFO:root:Epoch: 99, Iteration: 700, Loss: 0.5879295468330383
INFO:root:Validation set mIOU: 88.32720295900145
