INFO:root:{'addition': 'nothing',
 'backbone': 'resnet101',
 'batch_size': 16,
 'batch_size_consistency': 16,
 'conf_thres': 0.95,
 'config': 'configs/dataset2.yaml',
 'consistency_training': False,
 'crop_size': 320,
 'data_root': './',
 'dataset': 'dataset2',
 'epochs': 100,
 'labeled_id_path': 'dataset/splits/dataset2/1_4/split_random/labeled.txt',
 'lr': 0.0009,
 'model': 'unet',
 'ngpus': 1,
 'plus': False,
 'pseudo_consistency_mask_path': None,
 'pseudo_mask_path': 'outdir/pseudo_masks/dataset2/1_4/split_random/unet/resnet101/self_training/non_consistency_training/first_time',
 'rand_thres': 0.8,
 'reliable_id_path': None,
 'save_path': 'outdir/models/dataset2/1_4/split_random/unet/resnet101/self_training/non_consistency_training/first_time',
 'time': 1,
 'unlabeled_id_path': 'dataset/splits/dataset2/1_4/split_random/unlabeled.txt',
 'warm_up': 30}

INFO:root:Training supervised with consistency on unlabeled images
INFO:root:Epoch: 0, Iteration: 1, Loss: 1.1095889806747437
INFO:root:Epoch: 0, Iteration: 2, Loss: 1.0841481685638428
INFO:root:Validation set mIOU: 5.445810136138177
INFO:root:Epoch: 1, Iteration: 3, Loss: 0.9974120855331421
INFO:root:Epoch: 1, Iteration: 4, Loss: 0.9240602254867554
INFO:root:Validation set mIOU: 18.315325218632605
INFO:root:Epoch: 2, Iteration: 5, Loss: 0.8746906518936157
INFO:root:Epoch: 2, Iteration: 6, Loss: 0.8070806860923767
INFO:root:Validation set mIOU: 36.847919408162504
INFO:root:Epoch: 3, Iteration: 7, Loss: 0.7567479014396667
INFO:root:Epoch: 3, Iteration: 8, Loss: 0.733112096786499
INFO:root:Validation set mIOU: 47.50855564631327
INFO:root:Epoch: 4, Iteration: 9, Loss: 0.7378615140914917
INFO:root:Epoch: 4, Iteration: 10, Loss: 0.7059435248374939
INFO:root:Validation set mIOU: 51.297763016946185
INFO:root:Epoch: 5, Iteration: 11, Loss: 0.7066267728805542
INFO:root:Epoch: 5, Iteration: 12, Loss: 0.6971909999847412
INFO:root:Validation set mIOU: 61.88392519486676
INFO:root:Epoch: 6, Iteration: 13, Loss: 0.7045947909355164
INFO:root:Epoch: 6, Iteration: 14, Loss: 0.6935744881629944
INFO:root:Validation set mIOU: 65.166696600416
INFO:root:Epoch: 7, Iteration: 15, Loss: 0.6924636960029602
INFO:root:Epoch: 7, Iteration: 16, Loss: 0.677656888961792
INFO:root:Validation set mIOU: 67.12433063143125
INFO:root:Epoch: 8, Iteration: 17, Loss: 0.6738476753234863
INFO:root:Epoch: 8, Iteration: 18, Loss: 0.6503442525863647
INFO:root:Validation set mIOU: 83.12892436647456
INFO:root:Epoch: 9, Iteration: 19, Loss: 0.645011305809021
INFO:root:Epoch: 9, Iteration: 20, Loss: 0.6434784531593323
INFO:root:Validation set mIOU: 81.94904559501568
INFO:root:Epoch: 10, Iteration: 21, Loss: 0.630374014377594
INFO:root:Epoch: 10, Iteration: 22, Loss: 0.631068229675293
INFO:root:Validation set mIOU: 83.46328267535603
INFO:root:Epoch: 11, Iteration: 23, Loss: 0.6257256865501404
INFO:root:Epoch: 11, Iteration: 24, Loss: 0.6321807503700256
INFO:root:Validation set mIOU: 84.26612607423448
INFO:root:Epoch: 12, Iteration: 25, Loss: 0.6023796796798706
INFO:root:Epoch: 12, Iteration: 26, Loss: 0.6168459057807922
INFO:root:Validation set mIOU: 83.2087594271027
INFO:root:Epoch: 13, Iteration: 27, Loss: 0.6120762228965759
INFO:root:Epoch: 13, Iteration: 28, Loss: 0.6471831798553467
INFO:root:Validation set mIOU: 80.85267238090466
INFO:root:Epoch: 14, Iteration: 29, Loss: 0.6371436715126038
INFO:root:Epoch: 14, Iteration: 30, Loss: 0.6236546635627747
INFO:root:Validation set mIOU: 78.79471780682339
INFO:root:Epoch: 15, Iteration: 31, Loss: 0.6059593558311462
INFO:root:Epoch: 15, Iteration: 32, Loss: 0.6171109676361084
INFO:root:Validation set mIOU: 75.80816829633861
INFO:root:Epoch: 16, Iteration: 33, Loss: 0.6044278144836426
INFO:root:Epoch: 16, Iteration: 34, Loss: 0.6225570440292358
INFO:root:Validation set mIOU: 76.07970775551759
INFO:root:Epoch: 17, Iteration: 35, Loss: 0.611693263053894
INFO:root:Epoch: 17, Iteration: 36, Loss: 0.645368754863739
INFO:root:Validation set mIOU: 80.86499637469439
INFO:root:Epoch: 18, Iteration: 37, Loss: 0.6267992258071899
INFO:root:Epoch: 18, Iteration: 38, Loss: 0.6077060699462891
INFO:root:Validation set mIOU: 80.08004382993659
INFO:root:Epoch: 19, Iteration: 39, Loss: 0.5989458560943604
INFO:root:Epoch: 19, Iteration: 40, Loss: 0.6303966045379639
INFO:root:Validation set mIOU: 78.05525897187695
INFO:root:Epoch: 20, Iteration: 41, Loss: 0.6051916480064392
INFO:root:Epoch: 20, Iteration: 42, Loss: 0.6220881342887878
INFO:root:Validation set mIOU: 77.34573171405668
INFO:root:Epoch: 21, Iteration: 43, Loss: 0.6096504926681519
INFO:root:Epoch: 21, Iteration: 44, Loss: 0.5920878648757935
INFO:root:Validation set mIOU: 77.46730358301815
INFO:root:Epoch: 22, Iteration: 45, Loss: 0.6253408193588257
INFO:root:Epoch: 22, Iteration: 46, Loss: 0.6237834095954895
INFO:root:Validation set mIOU: 77.37359438072225
INFO:root:Epoch: 23, Iteration: 47, Loss: 0.5990368723869324
INFO:root:Epoch: 23, Iteration: 48, Loss: 0.6033617258071899
INFO:root:Validation set mIOU: 77.0794938520967
INFO:root:Epoch: 24, Iteration: 49, Loss: 0.5979411005973816
INFO:root:Epoch: 24, Iteration: 50, Loss: 0.5889091491699219
INFO:root:Validation set mIOU: 76.61395845842033
INFO:root:Epoch: 25, Iteration: 51, Loss: 0.6079621315002441
INFO:root:Epoch: 25, Iteration: 52, Loss: 0.6083642840385437
INFO:root:Validation set mIOU: 78.83975924229503
INFO:root:Epoch: 26, Iteration: 53, Loss: 0.5991904735565186
INFO:root:Epoch: 26, Iteration: 54, Loss: 0.6016901135444641
INFO:root:Validation set mIOU: 82.1184597767191
INFO:root:Epoch: 27, Iteration: 55, Loss: 0.6193942427635193
INFO:root:Epoch: 27, Iteration: 56, Loss: 0.6018891930580139
INFO:root:Validation set mIOU: 82.94214696830373
INFO:root:Epoch: 28, Iteration: 57, Loss: 0.6189814209938049
INFO:root:Epoch: 28, Iteration: 58, Loss: 0.5990155339241028
INFO:root:Validation set mIOU: 84.04880630038426
INFO:root:Epoch: 29, Iteration: 59, Loss: 0.5945929288864136
INFO:root:Epoch: 29, Iteration: 60, Loss: 0.6000505089759827
INFO:root:Validation set mIOU: 84.12084921282207
INFO:root:Epoch: 30, Iteration: 61, Loss: 0.5893996953964233
INFO:root:Epoch: 30, Iteration: 62, Loss: 0.5907104015350342
INFO:root:Validation set mIOU: 84.55975944992264
INFO:root:Epoch: 31, Iteration: 63, Loss: 0.6052640080451965
INFO:root:Epoch: 31, Iteration: 64, Loss: 0.5968524217605591
INFO:root:Validation set mIOU: 86.76440457310149
INFO:root:Epoch: 32, Iteration: 65, Loss: 0.5835146307945251
INFO:root:Epoch: 32, Iteration: 66, Loss: 0.5895547270774841
INFO:root:Validation set mIOU: 87.37574316725984
INFO:root:Epoch: 33, Iteration: 67, Loss: 0.6100317239761353
INFO:root:Epoch: 33, Iteration: 68, Loss: 0.5944530963897705
INFO:root:Validation set mIOU: 87.19640463621258
INFO:root:Epoch: 34, Iteration: 69, Loss: 0.6136642098426819
INFO:root:Epoch: 34, Iteration: 70, Loss: 0.591357409954071
INFO:root:Validation set mIOU: 83.06626236835804
INFO:root:Epoch: 35, Iteration: 71, Loss: 0.5994939208030701
INFO:root:Epoch: 35, Iteration: 72, Loss: 0.5787323117256165
INFO:root:Validation set mIOU: 84.72714881087133
INFO:root:Epoch: 36, Iteration: 73, Loss: 0.5901277661323547
INFO:root:Epoch: 36, Iteration: 74, Loss: 0.5940007567405701
INFO:root:Validation set mIOU: 84.89757919479972
INFO:root:Epoch: 37, Iteration: 75, Loss: 0.5849875807762146
INFO:root:Epoch: 37, Iteration: 76, Loss: 0.5912760496139526
INFO:root:Validation set mIOU: 83.6530002660814
INFO:root:Epoch: 38, Iteration: 77, Loss: 0.5874782800674438
INFO:root:Epoch: 38, Iteration: 78, Loss: 0.5859915018081665
INFO:root:Validation set mIOU: 83.84186539739777
INFO:root:Epoch: 39, Iteration: 79, Loss: 0.5849204659461975
INFO:root:Epoch: 39, Iteration: 80, Loss: 0.5789815783500671
INFO:root:Validation set mIOU: 84.63037989075418
INFO:root:Epoch: 40, Iteration: 81, Loss: 0.6063801050186157
INFO:root:Epoch: 40, Iteration: 82, Loss: 0.605337917804718
INFO:root:Validation set mIOU: 84.09400403525345
INFO:root:Epoch: 41, Iteration: 83, Loss: 0.5853871703147888
INFO:root:Epoch: 41, Iteration: 84, Loss: 0.5849528908729553
INFO:root:Validation set mIOU: 85.03761435559282
INFO:root:Epoch: 42, Iteration: 85, Loss: 0.5922353267669678
INFO:root:Epoch: 42, Iteration: 86, Loss: 0.5816456079483032
INFO:root:Validation set mIOU: 82.76429658406884
INFO:root:Epoch: 43, Iteration: 87, Loss: 0.5818755030632019
INFO:root:Epoch: 43, Iteration: 88, Loss: 0.5838391184806824
INFO:root:Validation set mIOU: 80.90126383971868
INFO:root:Epoch: 44, Iteration: 89, Loss: 0.591650664806366
INFO:root:Epoch: 44, Iteration: 90, Loss: 0.588068425655365
INFO:root:Validation set mIOU: 84.89987573004505
INFO:root:Epoch: 45, Iteration: 91, Loss: 0.5990522503852844
INFO:root:Epoch: 45, Iteration: 92, Loss: 0.5963503122329712
INFO:root:Validation set mIOU: 86.21798294427072
INFO:root:Epoch: 46, Iteration: 93, Loss: 0.5858753323554993
INFO:root:Epoch: 46, Iteration: 94, Loss: 0.590095043182373
INFO:root:Validation set mIOU: 85.11557767836649
INFO:root:Epoch: 47, Iteration: 95, Loss: 0.5933412313461304
INFO:root:Epoch: 47, Iteration: 96, Loss: 0.5814819931983948
INFO:root:Validation set mIOU: 80.3020414019997
INFO:root:Epoch: 48, Iteration: 97, Loss: 0.5818315148353577
INFO:root:Epoch: 48, Iteration: 98, Loss: 0.5955947041511536
INFO:root:Validation set mIOU: 81.25552005464408
INFO:root:Epoch: 49, Iteration: 99, Loss: 0.580501914024353
INFO:root:Epoch: 49, Iteration: 100, Loss: 0.5869268774986267
INFO:root:Validation set mIOU: 82.88632026058319
INFO:root:Epoch: 50, Iteration: 101, Loss: 0.5853235721588135
INFO:root:Epoch: 50, Iteration: 102, Loss: 0.5886132121086121
INFO:root:Validation set mIOU: 84.9625361474846
INFO:root:Epoch: 51, Iteration: 103, Loss: 0.616831362247467
INFO:root:Epoch: 51, Iteration: 104, Loss: 0.6273261308670044
INFO:root:Validation set mIOU: 84.44907971042014
INFO:root:Epoch: 52, Iteration: 105, Loss: 0.5951331853866577
INFO:root:Epoch: 52, Iteration: 106, Loss: 0.6200107932090759
INFO:root:Validation set mIOU: 80.4295195188409
INFO:root:Epoch: 53, Iteration: 107, Loss: 0.583842933177948
INFO:root:Epoch: 53, Iteration: 108, Loss: 0.5852817296981812
INFO:root:Validation set mIOU: 82.10018568653643
INFO:root:Epoch: 54, Iteration: 109, Loss: 0.5752739310264587
INFO:root:Epoch: 54, Iteration: 110, Loss: 0.5852420926094055
INFO:root:Validation set mIOU: 83.16650234100422
INFO:root:Epoch: 55, Iteration: 111, Loss: 0.580646276473999
INFO:root:Epoch: 55, Iteration: 112, Loss: 0.5837393403053284
INFO:root:Validation set mIOU: 84.93922244477746
INFO:root:Epoch: 56, Iteration: 113, Loss: 0.5800108909606934
INFO:root:Epoch: 56, Iteration: 114, Loss: 0.5841526389122009
INFO:root:Validation set mIOU: 86.20323004899709
INFO:root:Epoch: 57, Iteration: 115, Loss: 0.5922021865844727
INFO:root:Epoch: 57, Iteration: 116, Loss: 0.5849183201789856
INFO:root:Validation set mIOU: 85.46749589510956
INFO:root:Epoch: 58, Iteration: 117, Loss: 0.5797938704490662
INFO:root:Epoch: 58, Iteration: 118, Loss: 0.5820454955101013
INFO:root:Validation set mIOU: 84.8950384784532
INFO:root:Epoch: 59, Iteration: 119, Loss: 0.5873958468437195
INFO:root:Epoch: 59, Iteration: 120, Loss: 0.5837544202804565
INFO:root:Validation set mIOU: 85.05584091672405
INFO:root:Epoch: 60, Iteration: 121, Loss: 0.5833251476287842
INFO:root:Epoch: 60, Iteration: 122, Loss: 0.594975471496582
INFO:root:Validation set mIOU: 86.8280587016653
INFO:root:Epoch: 61, Iteration: 123, Loss: 0.5760325789451599
INFO:root:Epoch: 61, Iteration: 124, Loss: 0.6004033088684082
INFO:root:Validation set mIOU: 73.27520192722105
INFO:root:Epoch: 62, Iteration: 125, Loss: 0.5840882658958435
INFO:root:Epoch: 62, Iteration: 126, Loss: 0.577865719795227
INFO:root:Validation set mIOU: 57.807831787971544
INFO:root:Epoch: 63, Iteration: 127, Loss: 0.5999259352684021
INFO:root:Epoch: 63, Iteration: 128, Loss: 0.61860591173172
INFO:root:Validation set mIOU: 80.95895955181398
INFO:root:Epoch: 64, Iteration: 129, Loss: 0.581957995891571
INFO:root:Epoch: 64, Iteration: 130, Loss: 0.5973067879676819
INFO:root:Validation set mIOU: 86.45610886510177
INFO:root:Epoch: 65, Iteration: 131, Loss: 0.5772392153739929
INFO:root:Epoch: 65, Iteration: 132, Loss: 0.5911524891853333
INFO:root:Validation set mIOU: 87.21748548484497
INFO:root:Epoch: 66, Iteration: 133, Loss: 0.5898780226707458
INFO:root:Epoch: 66, Iteration: 134, Loss: 0.5945949554443359
INFO:root:Validation set mIOU: 87.70610893642608
INFO:root:Epoch: 67, Iteration: 135, Loss: 0.5862007737159729
INFO:root:Epoch: 67, Iteration: 136, Loss: 0.5843005180358887
INFO:root:Validation set mIOU: 88.23019444496741
INFO:root:Epoch: 68, Iteration: 137, Loss: 0.5800967216491699
INFO:root:Epoch: 68, Iteration: 138, Loss: 0.586181640625
INFO:root:Validation set mIOU: 88.17868632519958
INFO:root:Epoch: 69, Iteration: 139, Loss: 0.5839710831642151
INFO:root:Epoch: 69, Iteration: 140, Loss: 0.5760315656661987
INFO:root:Validation set mIOU: 88.47534078312768
INFO:root:Epoch: 70, Iteration: 141, Loss: 0.5831196904182434
INFO:root:Epoch: 70, Iteration: 142, Loss: 0.6023051142692566
INFO:root:Validation set mIOU: 88.21174394189333
INFO:root:Epoch: 71, Iteration: 143, Loss: 0.5802063345909119
INFO:root:Epoch: 71, Iteration: 144, Loss: 0.5846206545829773
INFO:root:Validation set mIOU: 85.86582772044889
INFO:root:Epoch: 72, Iteration: 145, Loss: 0.5830380916595459
INFO:root:Epoch: 72, Iteration: 146, Loss: 0.6137946844100952
INFO:root:Validation set mIOU: 85.03762626754353
INFO:root:Epoch: 73, Iteration: 147, Loss: 0.5772469639778137
INFO:root:Epoch: 73, Iteration: 148, Loss: 0.5777075290679932
INFO:root:Validation set mIOU: 83.45304611314569
INFO:root:Epoch: 74, Iteration: 149, Loss: 0.5923457145690918
INFO:root:Epoch: 74, Iteration: 150, Loss: 0.576431930065155
INFO:root:Validation set mIOU: 83.93469767981249
INFO:root:Epoch: 75, Iteration: 151, Loss: 0.5742191672325134
INFO:root:Epoch: 75, Iteration: 152, Loss: 0.5788483023643494
INFO:root:Validation set mIOU: 85.76333325501444
INFO:root:Epoch: 76, Iteration: 153, Loss: 0.5909461379051208
INFO:root:Epoch: 76, Iteration: 154, Loss: 0.5796029567718506
INFO:root:Validation set mIOU: 87.21914257970388
INFO:root:Epoch: 77, Iteration: 155, Loss: 0.580694854259491
INFO:root:Epoch: 77, Iteration: 156, Loss: 0.581957221031189
INFO:root:Validation set mIOU: 87.63524999691266
INFO:root:Epoch: 78, Iteration: 157, Loss: 0.5770211219787598
INFO:root:Epoch: 78, Iteration: 158, Loss: 0.5825632214546204
INFO:root:Validation set mIOU: 87.98965721573525
INFO:root:Epoch: 79, Iteration: 159, Loss: 0.5817937254905701
INFO:root:Epoch: 79, Iteration: 160, Loss: 0.5762997269630432
INFO:root:Validation set mIOU: 87.6413892626199
INFO:root:Epoch: 80, Iteration: 161, Loss: 0.5701573491096497
INFO:root:Epoch: 80, Iteration: 162, Loss: 0.5794289112091064
INFO:root:Validation set mIOU: 87.513808146698
INFO:root:Epoch: 81, Iteration: 163, Loss: 0.5870524644851685
INFO:root:Epoch: 81, Iteration: 164, Loss: 0.5823382139205933
INFO:root:Validation set mIOU: 87.72420301282571
INFO:root:Epoch: 82, Iteration: 165, Loss: 0.585040271282196
INFO:root:Epoch: 82, Iteration: 166, Loss: 0.581224799156189
INFO:root:Validation set mIOU: 88.31225467852346
INFO:root:Epoch: 83, Iteration: 167, Loss: 0.5805718302726746
INFO:root:Epoch: 83, Iteration: 168, Loss: 0.5785571932792664
INFO:root:Validation set mIOU: 88.84633988492917
INFO:root:Epoch: 84, Iteration: 169, Loss: 0.5811029076576233
INFO:root:Epoch: 84, Iteration: 170, Loss: 0.5808589458465576
INFO:root:Validation set mIOU: 88.7276697745829
INFO:root:Epoch: 85, Iteration: 171, Loss: 0.5727614760398865
INFO:root:Epoch: 85, Iteration: 172, Loss: 0.5759371519088745
INFO:root:Validation set mIOU: 88.51706974988875
INFO:root:Epoch: 86, Iteration: 173, Loss: 0.574630856513977
INFO:root:Epoch: 86, Iteration: 174, Loss: 0.5735562443733215
INFO:root:Validation set mIOU: 88.38122161273141
INFO:root:Epoch: 87, Iteration: 175, Loss: 0.5763520002365112
INFO:root:Epoch: 87, Iteration: 176, Loss: 0.5735669136047363
INFO:root:Validation set mIOU: 88.13272800134767
INFO:root:Epoch: 88, Iteration: 177, Loss: 0.5752947926521301
INFO:root:Epoch: 88, Iteration: 178, Loss: 0.5769795775413513
INFO:root:Validation set mIOU: 87.80652842517246
INFO:root:Epoch: 89, Iteration: 179, Loss: 0.5818277597427368
INFO:root:Epoch: 89, Iteration: 180, Loss: 0.5742756724357605
INFO:root:Validation set mIOU: 87.58795142268661
INFO:root:Epoch: 90, Iteration: 181, Loss: 0.5726156234741211
INFO:root:Epoch: 90, Iteration: 182, Loss: 0.5762384533882141
INFO:root:Validation set mIOU: 87.82328087213361
INFO:root:Epoch: 91, Iteration: 183, Loss: 0.5734593868255615
INFO:root:Epoch: 91, Iteration: 184, Loss: 0.5693545937538147
INFO:root:Validation set mIOU: 88.21608160122102
INFO:root:Epoch: 92, Iteration: 185, Loss: 0.5744855999946594
INFO:root:Epoch: 92, Iteration: 186, Loss: 0.5741466283798218
INFO:root:Validation set mIOU: 88.68021840596501
INFO:root:Epoch: 93, Iteration: 187, Loss: 0.5718255043029785
INFO:root:Epoch: 93, Iteration: 188, Loss: 0.5724270939826965
INFO:root:Validation set mIOU: 88.85152197823031
INFO:root:Epoch: 94, Iteration: 189, Loss: 0.5736914873123169
INFO:root:Epoch: 94, Iteration: 190, Loss: 0.5729315280914307
INFO:root:Validation set mIOU: 88.87255950892349
INFO:root:Epoch: 95, Iteration: 191, Loss: 0.5727534294128418
INFO:root:Epoch: 95, Iteration: 192, Loss: 0.5756403207778931
INFO:root:Validation set mIOU: 88.69464033170296
INFO:root:Epoch: 96, Iteration: 193, Loss: 0.5712243318557739
INFO:root:Epoch: 96, Iteration: 194, Loss: 0.5718142986297607
INFO:root:Validation set mIOU: 88.32062737966618
INFO:root:Epoch: 97, Iteration: 195, Loss: 0.5757958889007568
INFO:root:Epoch: 97, Iteration: 196, Loss: 0.5838398337364197
INFO:root:Validation set mIOU: 88.14064974201827
INFO:root:Epoch: 98, Iteration: 197, Loss: 0.5698408484458923
INFO:root:Epoch: 98, Iteration: 198, Loss: 0.5788785815238953
INFO:root:Validation set mIOU: 88.42834379020505
INFO:root:Epoch: 99, Iteration: 199, Loss: 0.5726416707038879
INFO:root:Epoch: 99, Iteration: 200, Loss: 0.5795845985412598
INFO:root:Validation set mIOU: 88.47291870944957
INFO:root:Semi-training
INFO:root:Epoch: 0, Iteration: 1, Loss: 1.0480268001556396
INFO:root:Epoch: 0, Iteration: 2, Loss: 1.0373071432113647
INFO:root:Epoch: 0, Iteration: 3, Loss: 0.970876157283783
INFO:root:Epoch: 0, Iteration: 4, Loss: 0.9107487797737122
INFO:root:Epoch: 0, Iteration: 5, Loss: 0.8355190753936768
INFO:root:Epoch: 0, Iteration: 6, Loss: 0.801131546497345
INFO:root:Epoch: 0, Iteration: 7, Loss: 0.7990866303443909
INFO:root:Validation set mIOU: 33.3338743042297
INFO:root:Epoch: 1, Iteration: 8, Loss: 0.7752099633216858
INFO:root:Epoch: 1, Iteration: 9, Loss: 0.781628429889679
INFO:root:Epoch: 1, Iteration: 10, Loss: 0.7505406141281128
INFO:root:Epoch: 1, Iteration: 11, Loss: 0.7234736084938049
INFO:root:Epoch: 1, Iteration: 12, Loss: 0.7309570908546448
INFO:root:Epoch: 1, Iteration: 13, Loss: 0.7582358121871948
INFO:root:Epoch: 1, Iteration: 14, Loss: 0.7642961740493774
INFO:root:Validation set mIOU: 55.456119532875384
INFO:root:Epoch: 2, Iteration: 15, Loss: 0.7270809412002563
INFO:root:Epoch: 2, Iteration: 16, Loss: 0.7345899939537048
INFO:root:Epoch: 2, Iteration: 17, Loss: 0.6927751302719116
INFO:root:Epoch: 2, Iteration: 18, Loss: 0.7031716108322144
INFO:root:Epoch: 2, Iteration: 19, Loss: 0.7683907747268677
INFO:root:Epoch: 2, Iteration: 20, Loss: 0.7298257350921631
INFO:root:Epoch: 2, Iteration: 21, Loss: 0.7334327697753906
INFO:root:Validation set mIOU: 63.465359728899294
INFO:root:Epoch: 3, Iteration: 22, Loss: 0.7156775593757629
INFO:root:Epoch: 3, Iteration: 23, Loss: 0.7271274328231812
INFO:root:Epoch: 3, Iteration: 24, Loss: 0.6838576793670654
INFO:root:Epoch: 3, Iteration: 25, Loss: 0.7079030871391296
INFO:root:Epoch: 3, Iteration: 26, Loss: 0.7100621461868286
INFO:root:Epoch: 3, Iteration: 27, Loss: 0.6432470083236694
INFO:root:Epoch: 3, Iteration: 28, Loss: 0.7051243185997009
INFO:root:Validation set mIOU: 59.9101234979239
INFO:root:Epoch: 4, Iteration: 29, Loss: 0.6838142275810242
INFO:root:Epoch: 4, Iteration: 30, Loss: 0.6979968547821045
INFO:root:Epoch: 4, Iteration: 31, Loss: 0.7247879505157471
INFO:root:Epoch: 4, Iteration: 32, Loss: 0.6767278909683228
INFO:root:Epoch: 4, Iteration: 33, Loss: 0.709965705871582
INFO:root:Epoch: 4, Iteration: 34, Loss: 0.6500146985054016
INFO:root:Epoch: 4, Iteration: 35, Loss: 0.6592739820480347
INFO:root:Validation set mIOU: 76.0555879141103
INFO:root:Epoch: 5, Iteration: 36, Loss: 0.6744258403778076
INFO:root:Epoch: 5, Iteration: 37, Loss: 0.7041696310043335
INFO:root:Epoch: 5, Iteration: 38, Loss: 0.6293635368347168
INFO:root:Epoch: 5, Iteration: 39, Loss: 0.6451788544654846
INFO:root:Epoch: 5, Iteration: 40, Loss: 0.688171923160553
INFO:root:Epoch: 5, Iteration: 41, Loss: 0.6483800411224365
INFO:root:Epoch: 5, Iteration: 42, Loss: 0.6465067863464355
INFO:root:Validation set mIOU: 78.52656695093158
INFO:root:Epoch: 6, Iteration: 43, Loss: 0.6751425266265869
INFO:root:Epoch: 6, Iteration: 44, Loss: 0.6413438320159912
INFO:root:Epoch: 6, Iteration: 45, Loss: 0.6982684135437012
INFO:root:Epoch: 6, Iteration: 46, Loss: 0.6485322117805481
INFO:root:Epoch: 6, Iteration: 47, Loss: 0.6559072136878967
INFO:root:Epoch: 6, Iteration: 48, Loss: 0.714685320854187
INFO:root:Epoch: 6, Iteration: 49, Loss: 0.6439878344535828
INFO:root:Validation set mIOU: 79.4854781116669
INFO:root:Epoch: 7, Iteration: 50, Loss: 0.6838585734367371
INFO:root:Epoch: 7, Iteration: 51, Loss: 0.6406885981559753
INFO:root:Epoch: 7, Iteration: 52, Loss: 0.7028729319572449
INFO:root:Epoch: 7, Iteration: 53, Loss: 0.6483955383300781
INFO:root:Epoch: 7, Iteration: 54, Loss: 0.7404686212539673
INFO:root:Epoch: 7, Iteration: 55, Loss: 0.6525924205780029
INFO:root:Epoch: 7, Iteration: 56, Loss: 0.6747927069664001
INFO:root:Validation set mIOU: 75.67647731671786
INFO:root:Epoch: 8, Iteration: 57, Loss: 0.6516658663749695
INFO:root:Epoch: 8, Iteration: 58, Loss: 0.6452620029449463
INFO:root:Epoch: 8, Iteration: 59, Loss: 0.7058882117271423
INFO:root:Epoch: 8, Iteration: 60, Loss: 0.6667657494544983
INFO:root:Epoch: 8, Iteration: 61, Loss: 0.6630092859268188
INFO:root:Epoch: 8, Iteration: 62, Loss: 0.6530996561050415
INFO:root:Epoch: 8, Iteration: 63, Loss: 0.6457764506340027
INFO:root:Validation set mIOU: 71.04122773684097
INFO:root:Epoch: 9, Iteration: 64, Loss: 0.6182136535644531
INFO:root:Epoch: 9, Iteration: 65, Loss: 0.6750845313072205
INFO:root:Epoch: 9, Iteration: 66, Loss: 0.6451454758644104
INFO:root:Epoch: 9, Iteration: 67, Loss: 0.6218568682670593
INFO:root:Epoch: 9, Iteration: 68, Loss: 0.6395328044891357
INFO:root:Epoch: 9, Iteration: 69, Loss: 0.6794804930686951
INFO:root:Epoch: 9, Iteration: 70, Loss: 0.638470470905304
INFO:root:Validation set mIOU: 71.93955037343453
INFO:root:Epoch: 10, Iteration: 71, Loss: 0.6303083300590515
INFO:root:Epoch: 10, Iteration: 72, Loss: 0.6520408391952515
INFO:root:Epoch: 10, Iteration: 73, Loss: 0.6909373998641968
INFO:root:Epoch: 10, Iteration: 74, Loss: 0.6530660390853882
INFO:root:Epoch: 10, Iteration: 75, Loss: 0.6503140330314636
INFO:root:Epoch: 10, Iteration: 76, Loss: 0.6028462052345276
INFO:root:Epoch: 10, Iteration: 77, Loss: 0.6085123419761658
INFO:root:Validation set mIOU: 77.14845143213192
INFO:root:Epoch: 11, Iteration: 78, Loss: 0.6174982190132141
INFO:root:Epoch: 11, Iteration: 79, Loss: 0.639674961566925
INFO:root:Epoch: 11, Iteration: 80, Loss: 0.6375228762626648
INFO:root:Epoch: 11, Iteration: 81, Loss: 0.6774026155471802
INFO:root:Epoch: 11, Iteration: 82, Loss: 0.6549510955810547
INFO:root:Epoch: 11, Iteration: 83, Loss: 0.607204020023346
INFO:root:Epoch: 11, Iteration: 84, Loss: 0.6565923690795898
INFO:root:Validation set mIOU: 79.60287517352137
INFO:root:Epoch: 12, Iteration: 85, Loss: 0.6574810147285461
INFO:root:Epoch: 12, Iteration: 86, Loss: 0.6753942966461182
INFO:root:Epoch: 12, Iteration: 87, Loss: 0.6390697360038757
INFO:root:Epoch: 12, Iteration: 88, Loss: 0.6288704872131348
INFO:root:Epoch: 12, Iteration: 89, Loss: 0.6547811031341553
INFO:root:Epoch: 12, Iteration: 90, Loss: 0.6291244029998779
INFO:root:Epoch: 12, Iteration: 91, Loss: 0.6476015448570251
INFO:root:Validation set mIOU: 78.41957082911783
INFO:root:Epoch: 13, Iteration: 92, Loss: 0.6405895352363586
INFO:root:Epoch: 13, Iteration: 93, Loss: 0.6647435426712036
INFO:root:Epoch: 13, Iteration: 94, Loss: 0.6242563128471375
INFO:root:Epoch: 13, Iteration: 95, Loss: 0.6171965003013611
INFO:root:Epoch: 13, Iteration: 96, Loss: 0.6329730153083801
INFO:root:Epoch: 13, Iteration: 97, Loss: 0.619696319103241
INFO:root:Epoch: 13, Iteration: 98, Loss: 0.6175010204315186
INFO:root:Validation set mIOU: 70.88109562614234
INFO:root:Epoch: 14, Iteration: 99, Loss: 0.6732681393623352
INFO:root:Epoch: 14, Iteration: 100, Loss: 0.6906293034553528
INFO:root:Epoch: 14, Iteration: 101, Loss: 0.653730571269989
INFO:root:Epoch: 14, Iteration: 102, Loss: 0.6407710909843445
INFO:root:Epoch: 14, Iteration: 103, Loss: 0.6382689476013184
INFO:root:Epoch: 14, Iteration: 104, Loss: 0.6188073754310608
INFO:root:Epoch: 14, Iteration: 105, Loss: 0.6865927577018738
INFO:root:Validation set mIOU: 83.06161777971698
INFO:root:Epoch: 15, Iteration: 106, Loss: 0.6588578224182129
INFO:root:Epoch: 15, Iteration: 107, Loss: 0.6598939299583435
INFO:root:Epoch: 15, Iteration: 108, Loss: 0.6601231098175049
INFO:root:Epoch: 15, Iteration: 109, Loss: 0.6214301586151123
INFO:root:Epoch: 15, Iteration: 110, Loss: 0.6305327415466309
INFO:root:Epoch: 15, Iteration: 111, Loss: 0.6639364957809448
INFO:root:Epoch: 15, Iteration: 112, Loss: 0.6635943055152893
INFO:root:Validation set mIOU: 79.29533949485645
INFO:root:Epoch: 16, Iteration: 113, Loss: 0.662368893623352
INFO:root:Epoch: 16, Iteration: 114, Loss: 0.6602306365966797
INFO:root:Epoch: 16, Iteration: 115, Loss: 0.6680766940116882
INFO:root:Epoch: 16, Iteration: 116, Loss: 0.6176203489303589
INFO:root:Epoch: 16, Iteration: 117, Loss: 0.6369593739509583
INFO:root:Epoch: 16, Iteration: 118, Loss: 0.6689397692680359
INFO:root:Epoch: 16, Iteration: 119, Loss: 0.6778712272644043
INFO:root:Validation set mIOU: 81.02057293516957
INFO:root:Epoch: 17, Iteration: 120, Loss: 0.662523627281189
INFO:root:Epoch: 17, Iteration: 121, Loss: 0.6306465268135071
INFO:root:Epoch: 17, Iteration: 122, Loss: 0.6861922740936279
INFO:root:Epoch: 17, Iteration: 123, Loss: 0.6917439699172974
INFO:root:Epoch: 17, Iteration: 124, Loss: 0.6361706852912903
INFO:root:Epoch: 17, Iteration: 125, Loss: 0.6481902599334717
INFO:root:Epoch: 17, Iteration: 126, Loss: 0.6340961456298828
INFO:root:Validation set mIOU: 71.88776803579043
INFO:root:Epoch: 18, Iteration: 127, Loss: 0.6600386500358582
INFO:root:Epoch: 18, Iteration: 128, Loss: 0.618678092956543
INFO:root:Epoch: 18, Iteration: 129, Loss: 0.6347066760063171
INFO:root:Epoch: 18, Iteration: 130, Loss: 0.6202065944671631
INFO:root:Epoch: 18, Iteration: 131, Loss: 0.646683931350708
INFO:root:Epoch: 18, Iteration: 132, Loss: 0.6756871938705444
INFO:root:Epoch: 18, Iteration: 133, Loss: 0.720445990562439
INFO:root:Validation set mIOU: 82.90665595199647
INFO:root:Epoch: 19, Iteration: 134, Loss: 0.6057147979736328
INFO:root:Epoch: 19, Iteration: 135, Loss: 0.6040021181106567
INFO:root:Epoch: 19, Iteration: 136, Loss: 0.6420195698738098
INFO:root:Epoch: 19, Iteration: 137, Loss: 0.6583257913589478
INFO:root:Epoch: 19, Iteration: 138, Loss: 0.626672089099884
INFO:root:Epoch: 19, Iteration: 139, Loss: 0.6227302551269531
INFO:root:Epoch: 19, Iteration: 140, Loss: 0.6629539132118225
INFO:root:Validation set mIOU: 76.91135276661768
INFO:root:Epoch: 20, Iteration: 141, Loss: 0.647750973701477
INFO:root:Epoch: 20, Iteration: 142, Loss: 0.6014053225517273
INFO:root:Epoch: 20, Iteration: 143, Loss: 0.667114794254303
INFO:root:Epoch: 20, Iteration: 144, Loss: 0.6746619343757629
INFO:root:Epoch: 20, Iteration: 145, Loss: 0.64683598279953
INFO:root:Epoch: 20, Iteration: 146, Loss: 0.6405513882637024
INFO:root:Epoch: 20, Iteration: 147, Loss: 0.6576263308525085
INFO:root:Validation set mIOU: 77.73890040384218
INFO:root:Epoch: 21, Iteration: 148, Loss: 0.6688672304153442
INFO:root:Epoch: 21, Iteration: 149, Loss: 0.6463544368743896
INFO:root:Epoch: 21, Iteration: 150, Loss: 0.6495321393013
INFO:root:Epoch: 21, Iteration: 151, Loss: 0.6078848838806152
INFO:root:Epoch: 21, Iteration: 152, Loss: 0.6095986366271973
INFO:root:Epoch: 21, Iteration: 153, Loss: 0.6215444803237915
INFO:root:Epoch: 21, Iteration: 154, Loss: 0.6211530566215515
INFO:root:Validation set mIOU: 79.19461022564796
INFO:root:Epoch: 22, Iteration: 155, Loss: 0.6094074845314026
INFO:root:Epoch: 22, Iteration: 156, Loss: 0.6304374933242798
INFO:root:Epoch: 22, Iteration: 157, Loss: 0.6679679155349731
INFO:root:Epoch: 22, Iteration: 158, Loss: 0.6818121075630188
INFO:root:Epoch: 22, Iteration: 159, Loss: 0.6547032594680786
INFO:root:Epoch: 22, Iteration: 160, Loss: 0.6134085059165955
INFO:root:Epoch: 22, Iteration: 161, Loss: 0.6364959478378296
INFO:root:Validation set mIOU: 75.77605714322195
INFO:root:Epoch: 23, Iteration: 162, Loss: 0.6566131711006165
INFO:root:Epoch: 23, Iteration: 163, Loss: 0.6537733674049377
INFO:root:Epoch: 23, Iteration: 164, Loss: 0.6642307639122009
INFO:root:Epoch: 23, Iteration: 165, Loss: 0.672552227973938
INFO:root:Epoch: 23, Iteration: 166, Loss: 0.6467652320861816
INFO:root:Epoch: 23, Iteration: 167, Loss: 0.6386510729789734
INFO:root:Epoch: 23, Iteration: 168, Loss: 0.6643029451370239
INFO:root:Validation set mIOU: 80.19948030973929
INFO:root:Epoch: 24, Iteration: 169, Loss: 0.6314937472343445
INFO:root:Epoch: 24, Iteration: 170, Loss: 0.6528981328010559
INFO:root:Epoch: 24, Iteration: 171, Loss: 0.6305040717124939
INFO:root:Epoch: 24, Iteration: 172, Loss: 0.6296589374542236
INFO:root:Epoch: 24, Iteration: 173, Loss: 0.6073834896087646
INFO:root:Epoch: 24, Iteration: 174, Loss: 0.6520785093307495
INFO:root:Epoch: 24, Iteration: 175, Loss: 0.6198588013648987
INFO:root:Validation set mIOU: 72.98917729916806
INFO:root:Epoch: 25, Iteration: 176, Loss: 0.6595192551612854
INFO:root:Epoch: 25, Iteration: 177, Loss: 0.652860701084137
INFO:root:Epoch: 25, Iteration: 178, Loss: 0.6582727432250977
INFO:root:Epoch: 25, Iteration: 179, Loss: 0.6569035053253174
INFO:root:Epoch: 25, Iteration: 180, Loss: 0.6091340184211731
INFO:root:Epoch: 25, Iteration: 181, Loss: 0.6636437177658081
INFO:root:Epoch: 25, Iteration: 182, Loss: 0.7084460258483887
INFO:root:Validation set mIOU: 79.63617382962184
INFO:root:Epoch: 26, Iteration: 183, Loss: 0.6400800347328186
INFO:root:Epoch: 26, Iteration: 184, Loss: 0.668684720993042
INFO:root:Epoch: 26, Iteration: 185, Loss: 0.6147167682647705
INFO:root:Epoch: 26, Iteration: 186, Loss: 0.6935062408447266
INFO:root:Epoch: 26, Iteration: 187, Loss: 0.6363134980201721
INFO:root:Epoch: 26, Iteration: 188, Loss: 0.7245491743087769
INFO:root:Epoch: 26, Iteration: 189, Loss: 0.6274290084838867
INFO:root:Validation set mIOU: 38.30749993431453
INFO:root:Epoch: 27, Iteration: 190, Loss: 0.6984171271324158
INFO:root:Epoch: 27, Iteration: 191, Loss: 0.6606805920600891
INFO:root:Epoch: 27, Iteration: 192, Loss: 0.6833429336547852
INFO:root:Epoch: 27, Iteration: 193, Loss: 0.6661356091499329
INFO:root:Epoch: 27, Iteration: 194, Loss: 0.674048125743866
INFO:root:Epoch: 27, Iteration: 195, Loss: 0.6060148477554321
INFO:root:Epoch: 27, Iteration: 196, Loss: 0.6334595680236816
INFO:root:Validation set mIOU: 76.89047151733658
INFO:root:Epoch: 28, Iteration: 197, Loss: 0.6499893665313721
INFO:root:Epoch: 28, Iteration: 198, Loss: 0.6697887778282166
INFO:root:Epoch: 28, Iteration: 199, Loss: 0.6330193281173706
INFO:root:Epoch: 28, Iteration: 200, Loss: 0.6735443472862244
INFO:root:Epoch: 28, Iteration: 201, Loss: 0.6262851357460022
INFO:root:Epoch: 28, Iteration: 202, Loss: 0.6566086411476135
INFO:root:Epoch: 28, Iteration: 203, Loss: 0.6072741746902466
INFO:root:Validation set mIOU: 83.30798020513642
INFO:root:Epoch: 29, Iteration: 204, Loss: 0.6416600942611694
INFO:root:Epoch: 29, Iteration: 205, Loss: 0.6678075194358826
INFO:root:Epoch: 29, Iteration: 206, Loss: 0.6141090989112854
INFO:root:Epoch: 29, Iteration: 207, Loss: 0.6234884262084961
INFO:root:Epoch: 29, Iteration: 208, Loss: 0.6401858329772949
INFO:root:Epoch: 29, Iteration: 209, Loss: 0.6555922031402588
INFO:root:Epoch: 29, Iteration: 210, Loss: 0.6557543277740479
INFO:root:Validation set mIOU: 75.59182376503286
INFO:root:Epoch: 30, Iteration: 211, Loss: 0.636864185333252
INFO:root:Epoch: 30, Iteration: 212, Loss: 0.6229148507118225
INFO:root:Epoch: 30, Iteration: 213, Loss: 0.6502096056938171
INFO:root:Epoch: 30, Iteration: 214, Loss: 0.6311647891998291
INFO:root:Epoch: 30, Iteration: 215, Loss: 0.6630504131317139
INFO:root:Epoch: 30, Iteration: 216, Loss: 0.6449807286262512
INFO:root:Epoch: 30, Iteration: 217, Loss: 0.6137183308601379
INFO:root:Validation set mIOU: 81.09506256235223
INFO:root:Epoch: 31, Iteration: 218, Loss: 0.607502818107605
INFO:root:Epoch: 31, Iteration: 219, Loss: 0.710058331489563
INFO:root:Epoch: 31, Iteration: 220, Loss: 0.614000141620636
INFO:root:Epoch: 31, Iteration: 221, Loss: 0.6428645253181458
INFO:root:Epoch: 31, Iteration: 222, Loss: 0.6059718728065491
INFO:root:Epoch: 31, Iteration: 223, Loss: 0.6285728812217712
INFO:root:Epoch: 31, Iteration: 224, Loss: 0.6199570894241333
INFO:root:Validation set mIOU: 81.93326271806896
INFO:root:Epoch: 32, Iteration: 225, Loss: 0.6344013214111328
INFO:root:Epoch: 32, Iteration: 226, Loss: 0.6490129232406616
INFO:root:Epoch: 32, Iteration: 227, Loss: 0.6162850856781006
INFO:root:Epoch: 32, Iteration: 228, Loss: 0.624230682849884
INFO:root:Epoch: 32, Iteration: 229, Loss: 0.6030169725418091
INFO:root:Epoch: 32, Iteration: 230, Loss: 0.6202182769775391
INFO:root:Epoch: 32, Iteration: 231, Loss: 0.6257123351097107
INFO:root:Validation set mIOU: 78.25535749530145
INFO:root:Epoch: 33, Iteration: 232, Loss: 0.6289450526237488
INFO:root:Epoch: 33, Iteration: 233, Loss: 0.6189148426055908
INFO:root:Epoch: 33, Iteration: 234, Loss: 0.638065755367279
INFO:root:Epoch: 33, Iteration: 235, Loss: 0.6198722124099731
INFO:root:Epoch: 33, Iteration: 236, Loss: 0.6066179275512695
INFO:root:Epoch: 33, Iteration: 237, Loss: 0.6203838586807251
INFO:root:Epoch: 33, Iteration: 238, Loss: 0.6316611170768738
INFO:root:Validation set mIOU: 77.37515289380522
INFO:root:Epoch: 34, Iteration: 239, Loss: 0.6285726428031921
INFO:root:Epoch: 34, Iteration: 240, Loss: 0.610847532749176
INFO:root:Epoch: 34, Iteration: 241, Loss: 0.5973894596099854
INFO:root:Epoch: 34, Iteration: 242, Loss: 0.6649527549743652
INFO:root:Epoch: 34, Iteration: 243, Loss: 0.6131609082221985
INFO:root:Epoch: 34, Iteration: 244, Loss: 0.6362028121948242
INFO:root:Epoch: 34, Iteration: 245, Loss: 0.5964744091033936
INFO:root:Validation set mIOU: 83.62268662990343
INFO:root:Epoch: 35, Iteration: 246, Loss: 0.6169073581695557
INFO:root:Epoch: 35, Iteration: 247, Loss: 0.617839515209198
INFO:root:Epoch: 35, Iteration: 248, Loss: 0.6036509275436401
INFO:root:Epoch: 35, Iteration: 249, Loss: 0.669342041015625
INFO:root:Epoch: 35, Iteration: 250, Loss: 0.6359285712242126
INFO:root:Epoch: 35, Iteration: 251, Loss: 0.6115225553512573
INFO:root:Epoch: 35, Iteration: 252, Loss: 0.6196991801261902
INFO:root:Validation set mIOU: 81.74392477628056
INFO:root:Epoch: 36, Iteration: 253, Loss: 0.582661509513855
INFO:root:Epoch: 36, Iteration: 254, Loss: 0.6732743382453918
INFO:root:Epoch: 36, Iteration: 255, Loss: 0.6656609177589417
INFO:root:Epoch: 36, Iteration: 256, Loss: 0.6397079229354858
INFO:root:Epoch: 36, Iteration: 257, Loss: 0.6130834221839905
INFO:root:Epoch: 36, Iteration: 258, Loss: 0.6287639737129211
INFO:root:Epoch: 36, Iteration: 259, Loss: 0.6478106379508972
INFO:root:Validation set mIOU: 83.82610604841231
INFO:root:Epoch: 37, Iteration: 260, Loss: 0.6081934571266174
INFO:root:Epoch: 37, Iteration: 261, Loss: 0.6076393723487854
INFO:root:Epoch: 37, Iteration: 262, Loss: 0.608524739742279
INFO:root:Epoch: 37, Iteration: 263, Loss: 0.6117502450942993
INFO:root:Epoch: 37, Iteration: 264, Loss: 0.6474465727806091
INFO:root:Epoch: 37, Iteration: 265, Loss: 0.6255228519439697
INFO:root:Epoch: 37, Iteration: 266, Loss: 0.6203652620315552
INFO:root:Validation set mIOU: 80.58237346059141
INFO:root:Epoch: 38, Iteration: 267, Loss: 0.6025389432907104
INFO:root:Epoch: 38, Iteration: 268, Loss: 0.597831130027771
INFO:root:Epoch: 38, Iteration: 269, Loss: 0.6162987351417542
INFO:root:Epoch: 38, Iteration: 270, Loss: 0.6461347341537476
INFO:root:Epoch: 38, Iteration: 271, Loss: 0.6308884024620056
INFO:root:Epoch: 38, Iteration: 272, Loss: 0.6344790458679199
INFO:root:Epoch: 38, Iteration: 273, Loss: 0.6136001348495483
INFO:root:Validation set mIOU: 78.6783744418638
INFO:root:Epoch: 39, Iteration: 274, Loss: 0.6319564580917358
INFO:root:Epoch: 39, Iteration: 275, Loss: 0.6796126365661621
INFO:root:Epoch: 39, Iteration: 276, Loss: 0.6254299283027649
INFO:root:Epoch: 39, Iteration: 277, Loss: 0.618187427520752
INFO:root:Epoch: 39, Iteration: 278, Loss: 0.605704665184021
INFO:root:Epoch: 39, Iteration: 279, Loss: 0.6219666600227356
INFO:root:Epoch: 39, Iteration: 280, Loss: 0.6721147894859314
INFO:root:Validation set mIOU: 77.6622514494798
INFO:root:Epoch: 40, Iteration: 281, Loss: 0.6271706223487854
INFO:root:Epoch: 40, Iteration: 282, Loss: 0.6546410918235779
INFO:root:Epoch: 40, Iteration: 283, Loss: 0.6100979447364807
INFO:root:Epoch: 40, Iteration: 284, Loss: 0.6054697036743164
INFO:root:Epoch: 40, Iteration: 285, Loss: 0.6556006073951721
INFO:root:Epoch: 40, Iteration: 286, Loss: 0.6301471590995789
INFO:root:Epoch: 40, Iteration: 287, Loss: 0.6169869899749756
INFO:root:Validation set mIOU: 82.02748921935876
INFO:root:Epoch: 41, Iteration: 288, Loss: 0.6764529943466187
INFO:root:Epoch: 41, Iteration: 289, Loss: 0.6684974431991577
INFO:root:Epoch: 41, Iteration: 290, Loss: 0.6300165057182312
INFO:root:Epoch: 41, Iteration: 291, Loss: 0.5951821208000183
INFO:root:Epoch: 41, Iteration: 292, Loss: 0.667716383934021
INFO:root:Epoch: 41, Iteration: 293, Loss: 0.6253400444984436
INFO:root:Epoch: 41, Iteration: 294, Loss: 0.6700940728187561
INFO:root:Validation set mIOU: 26.223129391292627
INFO:root:Epoch: 42, Iteration: 295, Loss: 0.6474794149398804
INFO:root:Epoch: 42, Iteration: 296, Loss: 0.6171510219573975
INFO:root:Epoch: 42, Iteration: 297, Loss: 0.6227591633796692
INFO:root:Epoch: 42, Iteration: 298, Loss: 0.6365671753883362
INFO:root:Epoch: 42, Iteration: 299, Loss: 0.6182418465614319
INFO:root:Epoch: 42, Iteration: 300, Loss: 0.6211268305778503
INFO:root:Epoch: 42, Iteration: 301, Loss: 0.6396161913871765
INFO:root:Validation set mIOU: 31.572651643944255
INFO:root:Epoch: 43, Iteration: 302, Loss: 0.6140273213386536
INFO:root:Epoch: 43, Iteration: 303, Loss: 0.653100848197937
INFO:root:Epoch: 43, Iteration: 304, Loss: 0.6255260705947876
INFO:root:Epoch: 43, Iteration: 305, Loss: 0.6324254274368286
INFO:root:Epoch: 43, Iteration: 306, Loss: 0.6056375503540039
INFO:root:Epoch: 43, Iteration: 307, Loss: 0.6344870924949646
INFO:root:Epoch: 43, Iteration: 308, Loss: 0.6158627271652222
INFO:root:Validation set mIOU: 63.51397678190068
INFO:root:Epoch: 44, Iteration: 309, Loss: 0.6474857926368713
INFO:root:Epoch: 44, Iteration: 310, Loss: 0.6205434799194336
INFO:root:Epoch: 44, Iteration: 311, Loss: 0.6070514917373657
INFO:root:Epoch: 44, Iteration: 312, Loss: 0.622439980506897
INFO:root:Epoch: 44, Iteration: 313, Loss: 0.637732207775116
INFO:root:Epoch: 44, Iteration: 314, Loss: 0.6116353869438171
INFO:root:Epoch: 44, Iteration: 315, Loss: 0.6090514659881592
INFO:root:Validation set mIOU: 79.54811624211807
INFO:root:Epoch: 45, Iteration: 316, Loss: 0.6246277093887329
INFO:root:Epoch: 45, Iteration: 317, Loss: 0.6525066494941711
INFO:root:Epoch: 45, Iteration: 318, Loss: 0.6771517992019653
INFO:root:Epoch: 45, Iteration: 319, Loss: 0.6761081218719482
INFO:root:Epoch: 45, Iteration: 320, Loss: 0.6318253874778748
INFO:root:Epoch: 45, Iteration: 321, Loss: 0.6571382880210876
INFO:root:Epoch: 45, Iteration: 322, Loss: 0.6581079363822937
INFO:root:Validation set mIOU: 86.42305987697549
INFO:root:Epoch: 46, Iteration: 323, Loss: 0.6230368614196777
INFO:root:Epoch: 46, Iteration: 324, Loss: 0.6094231009483337
INFO:root:Epoch: 46, Iteration: 325, Loss: 0.5985417366027832
INFO:root:Epoch: 46, Iteration: 326, Loss: 0.6013442873954773
INFO:root:Epoch: 46, Iteration: 327, Loss: 0.5972154140472412
INFO:root:Epoch: 46, Iteration: 328, Loss: 0.6263678073883057
INFO:root:Epoch: 46, Iteration: 329, Loss: 0.6320765614509583
INFO:root:Validation set mIOU: 81.36873827005834
INFO:root:Epoch: 47, Iteration: 330, Loss: 0.6060133576393127
INFO:root:Epoch: 47, Iteration: 331, Loss: 0.6122527122497559
INFO:root:Epoch: 47, Iteration: 332, Loss: 0.6163398623466492
INFO:root:Epoch: 47, Iteration: 333, Loss: 0.5960452556610107
INFO:root:Epoch: 47, Iteration: 334, Loss: 0.6222074627876282
INFO:root:Epoch: 47, Iteration: 335, Loss: 0.651245653629303
INFO:root:Epoch: 47, Iteration: 336, Loss: 0.6469539403915405
INFO:root:Validation set mIOU: 85.08548882219752
INFO:root:Epoch: 48, Iteration: 337, Loss: 0.6106246113777161
INFO:root:Epoch: 48, Iteration: 338, Loss: 0.6054434180259705
INFO:root:Epoch: 48, Iteration: 339, Loss: 0.6317988634109497
INFO:root:Epoch: 48, Iteration: 340, Loss: 0.6076787114143372
INFO:root:Epoch: 48, Iteration: 341, Loss: 0.6005263328552246
INFO:root:Epoch: 48, Iteration: 342, Loss: 0.6295497417449951
INFO:root:Epoch: 48, Iteration: 343, Loss: 0.6237683296203613
INFO:root:Validation set mIOU: 82.24875354182588
INFO:root:Epoch: 49, Iteration: 344, Loss: 0.6171262860298157
INFO:root:Epoch: 49, Iteration: 345, Loss: 0.6359974145889282
INFO:root:Epoch: 49, Iteration: 346, Loss: 0.6310597658157349
INFO:root:Epoch: 49, Iteration: 347, Loss: 0.603640079498291
INFO:root:Epoch: 49, Iteration: 348, Loss: 0.6138810515403748
INFO:root:Epoch: 49, Iteration: 349, Loss: 0.6260913014411926
INFO:root:Epoch: 49, Iteration: 350, Loss: 0.612788736820221
INFO:root:Validation set mIOU: 70.4093090810511
INFO:root:Epoch: 50, Iteration: 351, Loss: 0.600775957107544
INFO:root:Epoch: 50, Iteration: 352, Loss: 0.595509946346283
INFO:root:Epoch: 50, Iteration: 353, Loss: 0.6041527986526489
INFO:root:Epoch: 50, Iteration: 354, Loss: 0.6549210548400879
INFO:root:Epoch: 50, Iteration: 355, Loss: 0.6015079617500305
INFO:root:Epoch: 50, Iteration: 356, Loss: 0.5935372710227966
INFO:root:Epoch: 50, Iteration: 357, Loss: 0.6628722548484802
INFO:root:Validation set mIOU: 82.74491412840526
INFO:root:Epoch: 51, Iteration: 358, Loss: 0.6149336099624634
INFO:root:Epoch: 51, Iteration: 359, Loss: 0.6796544194221497
INFO:root:Epoch: 51, Iteration: 360, Loss: 0.6181983351707458
INFO:root:Epoch: 51, Iteration: 361, Loss: 0.6169517040252686
INFO:root:Epoch: 51, Iteration: 362, Loss: 0.60062575340271
INFO:root:Epoch: 51, Iteration: 363, Loss: 0.5993686318397522
INFO:root:Epoch: 51, Iteration: 364, Loss: 0.6163375973701477
INFO:root:Validation set mIOU: 67.32489347868332
INFO:root:Epoch: 52, Iteration: 365, Loss: 0.624855637550354
INFO:root:Epoch: 52, Iteration: 366, Loss: 0.6141579747200012
INFO:root:Epoch: 52, Iteration: 367, Loss: 0.6419698596000671
INFO:root:Epoch: 52, Iteration: 368, Loss: 0.6517701148986816
INFO:root:Epoch: 52, Iteration: 369, Loss: 0.627098023891449
INFO:root:Epoch: 52, Iteration: 370, Loss: 0.5968173146247864
INFO:root:Epoch: 52, Iteration: 371, Loss: 0.6579005718231201
INFO:root:Validation set mIOU: 77.44318829462541
INFO:root:Epoch: 53, Iteration: 372, Loss: 0.6346483826637268
INFO:root:Epoch: 53, Iteration: 373, Loss: 0.6243954300880432
INFO:root:Epoch: 53, Iteration: 374, Loss: 0.6152226328849792
INFO:root:Epoch: 53, Iteration: 375, Loss: 0.6260303854942322
INFO:root:Epoch: 53, Iteration: 376, Loss: 0.637477457523346
INFO:root:Epoch: 53, Iteration: 377, Loss: 0.6375349164009094
INFO:root:Epoch: 53, Iteration: 378, Loss: 0.6114716529846191
INFO:root:Validation set mIOU: 83.97426849430038
INFO:root:Epoch: 54, Iteration: 379, Loss: 0.6015253663063049
INFO:root:Epoch: 54, Iteration: 380, Loss: 0.6143891215324402
INFO:root:Epoch: 54, Iteration: 381, Loss: 0.611453652381897
INFO:root:Epoch: 54, Iteration: 382, Loss: 0.6517454385757446
INFO:root:Epoch: 54, Iteration: 383, Loss: 0.6369236707687378
INFO:root:Epoch: 54, Iteration: 384, Loss: 0.6035763025283813
INFO:root:Epoch: 54, Iteration: 385, Loss: 0.6209551692008972
INFO:root:Validation set mIOU: 83.70041399474405
INFO:root:Epoch: 55, Iteration: 386, Loss: 0.6153625249862671
INFO:root:Epoch: 55, Iteration: 387, Loss: 0.6441399455070496
INFO:root:Epoch: 55, Iteration: 388, Loss: 0.6080743074417114
INFO:root:Epoch: 55, Iteration: 389, Loss: 0.5905503034591675
INFO:root:Epoch: 55, Iteration: 390, Loss: 0.6354795098304749
INFO:root:Epoch: 55, Iteration: 391, Loss: 0.6362358927726746
INFO:root:Epoch: 55, Iteration: 392, Loss: 0.6215695738792419
INFO:root:Validation set mIOU: 72.41921960148031
INFO:root:Epoch: 56, Iteration: 393, Loss: 0.6246318221092224
INFO:root:Epoch: 56, Iteration: 394, Loss: 0.64201819896698
INFO:root:Epoch: 56, Iteration: 395, Loss: 0.6399544477462769
INFO:root:Epoch: 56, Iteration: 396, Loss: 0.6522313952445984
INFO:root:Epoch: 56, Iteration: 397, Loss: 0.6176071166992188
INFO:root:Epoch: 56, Iteration: 398, Loss: 0.6012967824935913
INFO:root:Epoch: 56, Iteration: 399, Loss: 0.6066646575927734
INFO:root:Validation set mIOU: 80.08961834296656
INFO:root:Epoch: 57, Iteration: 400, Loss: 0.6008734703063965
INFO:root:Epoch: 57, Iteration: 401, Loss: 0.6085512638092041
INFO:root:Epoch: 57, Iteration: 402, Loss: 0.6327031254768372
INFO:root:Epoch: 57, Iteration: 403, Loss: 0.6202873587608337
INFO:root:Epoch: 57, Iteration: 404, Loss: 0.6219184994697571
INFO:root:Epoch: 57, Iteration: 405, Loss: 0.6514044404029846
INFO:root:Epoch: 57, Iteration: 406, Loss: 0.6408255696296692
INFO:root:Validation set mIOU: 85.93234772538378
INFO:root:Epoch: 58, Iteration: 407, Loss: 0.5959732532501221
INFO:root:Epoch: 58, Iteration: 408, Loss: 0.594011127948761
INFO:root:Epoch: 58, Iteration: 409, Loss: 0.5965268611907959
INFO:root:Epoch: 58, Iteration: 410, Loss: 0.6323099136352539
INFO:root:Epoch: 58, Iteration: 411, Loss: 0.5980696082115173
INFO:root:Epoch: 58, Iteration: 412, Loss: 0.6065362095832825
INFO:root:Epoch: 58, Iteration: 413, Loss: 0.6359384059906006
INFO:root:Validation set mIOU: 85.35180638719395
INFO:root:Epoch: 59, Iteration: 414, Loss: 0.6161856651306152
INFO:root:Epoch: 59, Iteration: 415, Loss: 0.6705095171928406
INFO:root:Epoch: 59, Iteration: 416, Loss: 0.616676926612854
INFO:root:Epoch: 59, Iteration: 417, Loss: 0.6099594235420227
INFO:root:Epoch: 59, Iteration: 418, Loss: 0.6170442700386047
INFO:root:Epoch: 59, Iteration: 419, Loss: 0.5946829319000244
INFO:root:Epoch: 59, Iteration: 420, Loss: 0.6233637928962708
INFO:root:Validation set mIOU: 73.86768119030287
INFO:root:Epoch: 60, Iteration: 421, Loss: 0.6380624175071716
INFO:root:Epoch: 60, Iteration: 422, Loss: 0.6109663844108582
INFO:root:Epoch: 60, Iteration: 423, Loss: 0.5873556137084961
INFO:root:Epoch: 60, Iteration: 424, Loss: 0.6351975798606873
INFO:root:Epoch: 60, Iteration: 425, Loss: 0.6289889812469482
INFO:root:Epoch: 60, Iteration: 426, Loss: 0.5958701372146606
INFO:root:Epoch: 60, Iteration: 427, Loss: 0.6021386384963989
INFO:root:Validation set mIOU: 82.26446420284938
INFO:root:Epoch: 61, Iteration: 428, Loss: 0.5971742272377014
INFO:root:Epoch: 61, Iteration: 429, Loss: 0.6237639784812927
INFO:root:Epoch: 61, Iteration: 430, Loss: 0.6177124381065369
INFO:root:Epoch: 61, Iteration: 431, Loss: 0.6293297410011292
INFO:root:Epoch: 61, Iteration: 432, Loss: 0.6010992527008057
INFO:root:Epoch: 61, Iteration: 433, Loss: 0.6173412203788757
INFO:root:Epoch: 61, Iteration: 434, Loss: 0.6091923117637634
INFO:root:Validation set mIOU: 86.10029050854729
INFO:root:Epoch: 62, Iteration: 435, Loss: 0.6018528938293457
INFO:root:Epoch: 62, Iteration: 436, Loss: 0.6280081868171692
INFO:root:Epoch: 62, Iteration: 437, Loss: 0.6438820362091064
INFO:root:Epoch: 62, Iteration: 438, Loss: 0.6300210356712341
INFO:root:Epoch: 62, Iteration: 439, Loss: 0.6195228695869446
INFO:root:Epoch: 62, Iteration: 440, Loss: 0.602532148361206
INFO:root:Epoch: 62, Iteration: 441, Loss: 0.6770906448364258
INFO:root:Validation set mIOU: 78.99707274382516
INFO:root:Epoch: 63, Iteration: 442, Loss: 0.6573023796081543
INFO:root:Epoch: 63, Iteration: 443, Loss: 0.6446642279624939
INFO:root:Epoch: 63, Iteration: 444, Loss: 0.6185430884361267
INFO:root:Epoch: 63, Iteration: 445, Loss: 0.6727235913276672
INFO:root:Epoch: 63, Iteration: 446, Loss: 0.6105579137802124
INFO:root:Epoch: 63, Iteration: 447, Loss: 0.5997069478034973
INFO:root:Epoch: 63, Iteration: 448, Loss: 0.6171982884407043
INFO:root:Validation set mIOU: 80.21199553596477
INFO:root:Epoch: 64, Iteration: 449, Loss: 0.6294286847114563
INFO:root:Epoch: 64, Iteration: 450, Loss: 0.6228217482566833
INFO:root:Epoch: 64, Iteration: 451, Loss: 0.610552191734314
INFO:root:Epoch: 64, Iteration: 452, Loss: 0.5957578420639038
INFO:root:Epoch: 64, Iteration: 453, Loss: 0.6045863032341003
INFO:root:Epoch: 64, Iteration: 454, Loss: 0.6043671369552612
INFO:root:Epoch: 64, Iteration: 455, Loss: 0.6392824649810791
INFO:root:Validation set mIOU: 83.63252961922753
INFO:root:Epoch: 65, Iteration: 456, Loss: 0.6143674254417419
INFO:root:Epoch: 65, Iteration: 457, Loss: 0.606090247631073
INFO:root:Epoch: 65, Iteration: 458, Loss: 0.6302186250686646
INFO:root:Epoch: 65, Iteration: 459, Loss: 0.6513418555259705
INFO:root:Epoch: 65, Iteration: 460, Loss: 0.6302673816680908
INFO:root:Epoch: 65, Iteration: 461, Loss: 0.5932701230049133
INFO:root:Epoch: 65, Iteration: 462, Loss: 0.5828006863594055
INFO:root:Validation set mIOU: 84.85805332002471
INFO:root:Epoch: 66, Iteration: 463, Loss: 0.6059665679931641
INFO:root:Epoch: 66, Iteration: 464, Loss: 0.6175072193145752
INFO:root:Epoch: 66, Iteration: 465, Loss: 0.5903733968734741
INFO:root:Epoch: 66, Iteration: 466, Loss: 0.6016029119491577
INFO:root:Epoch: 66, Iteration: 467, Loss: 0.628810465335846
INFO:root:Epoch: 66, Iteration: 468, Loss: 0.6667404770851135
INFO:root:Epoch: 66, Iteration: 469, Loss: 0.5970786213874817
INFO:root:Validation set mIOU: 85.41320311427513
INFO:root:Epoch: 67, Iteration: 470, Loss: 0.6427244544029236
INFO:root:Epoch: 67, Iteration: 471, Loss: 0.6362683773040771
INFO:root:Epoch: 67, Iteration: 472, Loss: 0.6463440656661987
INFO:root:Epoch: 67, Iteration: 473, Loss: 0.6151062846183777
INFO:root:Epoch: 67, Iteration: 474, Loss: 0.6178115606307983
INFO:root:Epoch: 67, Iteration: 475, Loss: 0.6038920283317566
INFO:root:Epoch: 67, Iteration: 476, Loss: 0.5987951159477234
INFO:root:Validation set mIOU: 76.79899613771882
INFO:root:Epoch: 68, Iteration: 477, Loss: 0.6062579154968262
INFO:root:Epoch: 68, Iteration: 478, Loss: 0.6138561964035034
INFO:root:Epoch: 68, Iteration: 479, Loss: 0.619795024394989
INFO:root:Epoch: 68, Iteration: 480, Loss: 0.5885668396949768
INFO:root:Epoch: 68, Iteration: 481, Loss: 0.6512436866760254
INFO:root:Epoch: 68, Iteration: 482, Loss: 0.6321951746940613
INFO:root:Epoch: 68, Iteration: 483, Loss: 0.6739602088928223
INFO:root:Validation set mIOU: 77.1517672564256
INFO:root:Epoch: 69, Iteration: 484, Loss: 0.6338800191879272
INFO:root:Epoch: 69, Iteration: 485, Loss: 0.6554746031761169
INFO:root:Epoch: 69, Iteration: 486, Loss: 0.6412994861602783
INFO:root:Epoch: 69, Iteration: 487, Loss: 0.6159345507621765
INFO:root:Epoch: 69, Iteration: 488, Loss: 0.6121639013290405
INFO:root:Epoch: 69, Iteration: 489, Loss: 0.6280456781387329
INFO:root:Epoch: 69, Iteration: 490, Loss: 0.5949618816375732
INFO:root:Validation set mIOU: 85.42426448408938
INFO:root:Epoch: 70, Iteration: 491, Loss: 0.6143674850463867
INFO:root:Epoch: 70, Iteration: 492, Loss: 0.6096603870391846
INFO:root:Epoch: 70, Iteration: 493, Loss: 0.6185798645019531
INFO:root:Epoch: 70, Iteration: 494, Loss: 0.6000434160232544
INFO:root:Epoch: 70, Iteration: 495, Loss: 0.6115215420722961
INFO:root:Epoch: 70, Iteration: 496, Loss: 0.6329812407493591
INFO:root:Epoch: 70, Iteration: 497, Loss: 0.6289136409759521
INFO:root:Validation set mIOU: 81.77139752817001
INFO:root:Epoch: 71, Iteration: 498, Loss: 0.6025863885879517
INFO:root:Epoch: 71, Iteration: 499, Loss: 0.5825077891349792
INFO:root:Epoch: 71, Iteration: 500, Loss: 0.6343783140182495
INFO:root:Epoch: 71, Iteration: 501, Loss: 0.5963960289955139
INFO:root:Epoch: 71, Iteration: 502, Loss: 0.620048999786377
INFO:root:Epoch: 71, Iteration: 503, Loss: 0.6435250043869019
INFO:root:Epoch: 71, Iteration: 504, Loss: 0.6182989478111267
INFO:root:Validation set mIOU: 83.18070118959344
INFO:root:Epoch: 72, Iteration: 505, Loss: 0.6147146224975586
INFO:root:Epoch: 72, Iteration: 506, Loss: 0.6123587489128113
INFO:root:Epoch: 72, Iteration: 507, Loss: 0.5998695492744446
INFO:root:Epoch: 72, Iteration: 508, Loss: 0.640328049659729
INFO:root:Epoch: 72, Iteration: 509, Loss: 0.6368576288223267
INFO:root:Epoch: 72, Iteration: 510, Loss: 0.6022136807441711
INFO:root:Epoch: 72, Iteration: 511, Loss: 0.5973634719848633
INFO:root:Validation set mIOU: 86.68822183512178
INFO:root:Epoch: 73, Iteration: 512, Loss: 0.6055882573127747
INFO:root:Epoch: 73, Iteration: 513, Loss: 0.6562128663063049
INFO:root:Epoch: 73, Iteration: 514, Loss: 0.591408371925354
INFO:root:Epoch: 73, Iteration: 515, Loss: 0.611693799495697
INFO:root:Epoch: 73, Iteration: 516, Loss: 0.6240324378013611
INFO:root:Epoch: 73, Iteration: 517, Loss: 0.6115808486938477
INFO:root:Epoch: 73, Iteration: 518, Loss: 0.6013631820678711
INFO:root:Validation set mIOU: 85.29808029967288
INFO:root:Epoch: 74, Iteration: 519, Loss: 0.6213672757148743
INFO:root:Epoch: 74, Iteration: 520, Loss: 0.5945026874542236
INFO:root:Epoch: 74, Iteration: 521, Loss: 0.613911509513855
INFO:root:Epoch: 74, Iteration: 522, Loss: 0.6088953018188477
INFO:root:Epoch: 74, Iteration: 523, Loss: 0.6129413843154907
INFO:root:Epoch: 74, Iteration: 524, Loss: 0.600871205329895
INFO:root:Epoch: 74, Iteration: 525, Loss: 0.6001935601234436
INFO:root:Validation set mIOU: 87.49379536331216
INFO:root:Epoch: 75, Iteration: 526, Loss: 0.6340000033378601
INFO:root:Epoch: 75, Iteration: 527, Loss: 0.6155731678009033
INFO:root:Epoch: 75, Iteration: 528, Loss: 0.6137477159500122
INFO:root:Epoch: 75, Iteration: 529, Loss: 0.6263759732246399
INFO:root:Epoch: 75, Iteration: 530, Loss: 0.6411194205284119
INFO:root:Epoch: 75, Iteration: 531, Loss: 0.6254051923751831
INFO:root:Epoch: 75, Iteration: 532, Loss: 0.6233925819396973
INFO:root:Validation set mIOU: 86.8868689123776
INFO:root:Epoch: 76, Iteration: 533, Loss: 0.5969205498695374
INFO:root:Epoch: 76, Iteration: 534, Loss: 0.6170573234558105
INFO:root:Epoch: 76, Iteration: 535, Loss: 0.5944835543632507
INFO:root:Epoch: 76, Iteration: 536, Loss: 0.5882492661476135
INFO:root:Epoch: 76, Iteration: 537, Loss: 0.6154310703277588
INFO:root:Epoch: 76, Iteration: 538, Loss: 0.6363075375556946
INFO:root:Epoch: 76, Iteration: 539, Loss: 0.5969441533088684
INFO:root:Validation set mIOU: 85.50848198783713
INFO:root:Epoch: 77, Iteration: 540, Loss: 0.5815580487251282
INFO:root:Epoch: 77, Iteration: 541, Loss: 0.5855842232704163
INFO:root:Epoch: 77, Iteration: 542, Loss: 0.6130353212356567
INFO:root:Epoch: 77, Iteration: 543, Loss: 0.6035370826721191
INFO:root:Epoch: 77, Iteration: 544, Loss: 0.6057646870613098
INFO:root:Epoch: 77, Iteration: 545, Loss: 0.5938981175422668
INFO:root:Epoch: 77, Iteration: 546, Loss: 0.5920469164848328
INFO:root:Validation set mIOU: 85.89742823885773
INFO:root:Epoch: 78, Iteration: 547, Loss: 0.5921860337257385
INFO:root:Epoch: 78, Iteration: 548, Loss: 0.5885968804359436
INFO:root:Epoch: 78, Iteration: 549, Loss: 0.5934239625930786
INFO:root:Epoch: 78, Iteration: 550, Loss: 0.5995164513587952
INFO:root:Epoch: 78, Iteration: 551, Loss: 0.6234529614448547
INFO:root:Epoch: 78, Iteration: 552, Loss: 0.6143473386764526
INFO:root:Epoch: 78, Iteration: 553, Loss: 0.5984004735946655
INFO:root:Validation set mIOU: 86.86269111960088
INFO:root:Epoch: 79, Iteration: 554, Loss: 0.5910162329673767
INFO:root:Epoch: 79, Iteration: 555, Loss: 0.6154129505157471
INFO:root:Epoch: 79, Iteration: 556, Loss: 0.5866312980651855
INFO:root:Epoch: 79, Iteration: 557, Loss: 0.5946035385131836
INFO:root:Epoch: 79, Iteration: 558, Loss: 0.6014066338539124
INFO:root:Epoch: 79, Iteration: 559, Loss: 0.6086738705635071
INFO:root:Epoch: 79, Iteration: 560, Loss: 0.5948821306228638
INFO:root:Validation set mIOU: 86.9937516345631
INFO:root:Epoch: 80, Iteration: 561, Loss: 0.5944775938987732
INFO:root:Epoch: 80, Iteration: 562, Loss: 0.5901090502738953
INFO:root:Epoch: 80, Iteration: 563, Loss: 0.6024723649024963
INFO:root:Epoch: 80, Iteration: 564, Loss: 0.6155059933662415
INFO:root:Epoch: 80, Iteration: 565, Loss: 0.6152077317237854
INFO:root:Epoch: 80, Iteration: 566, Loss: 0.6016032099723816
INFO:root:Epoch: 80, Iteration: 567, Loss: 0.6137670874595642
INFO:root:Validation set mIOU: 87.03383085212609
INFO:root:Epoch: 81, Iteration: 568, Loss: 0.6311101317405701
INFO:root:Epoch: 81, Iteration: 569, Loss: 0.5911702513694763
INFO:root:Epoch: 81, Iteration: 570, Loss: 0.6030892729759216
INFO:root:Epoch: 81, Iteration: 571, Loss: 0.6187321543693542
INFO:root:Epoch: 81, Iteration: 572, Loss: 0.6336973905563354
INFO:root:Epoch: 81, Iteration: 573, Loss: 0.5976395606994629
INFO:root:Epoch: 81, Iteration: 574, Loss: 0.5882219076156616
INFO:root:Validation set mIOU: 87.41326702955647
INFO:root:Epoch: 82, Iteration: 575, Loss: 0.6187880635261536
INFO:root:Epoch: 82, Iteration: 576, Loss: 0.6298609972000122
INFO:root:Epoch: 82, Iteration: 577, Loss: 0.6019919514656067
INFO:root:Epoch: 82, Iteration: 578, Loss: 0.6225829124450684
INFO:root:Epoch: 82, Iteration: 579, Loss: 0.5742826461791992
INFO:root:Epoch: 82, Iteration: 580, Loss: 0.5900379419326782
INFO:root:Epoch: 82, Iteration: 581, Loss: 0.6612241864204407
INFO:root:Validation set mIOU: 86.61145403966816
INFO:root:Epoch: 83, Iteration: 582, Loss: 0.6047340035438538
INFO:root:Epoch: 83, Iteration: 583, Loss: 0.5894613862037659
INFO:root:Epoch: 83, Iteration: 584, Loss: 0.6155534386634827
INFO:root:Epoch: 83, Iteration: 585, Loss: 0.6147460341453552
INFO:root:Epoch: 83, Iteration: 586, Loss: 0.5896096229553223
INFO:root:Epoch: 83, Iteration: 587, Loss: 0.5994943380355835
INFO:root:Epoch: 83, Iteration: 588, Loss: 0.5945435762405396
INFO:root:Validation set mIOU: 86.63915176753957
INFO:root:Epoch: 84, Iteration: 589, Loss: 0.6595100164413452
INFO:root:Epoch: 84, Iteration: 590, Loss: 0.6049609780311584
INFO:root:Epoch: 84, Iteration: 591, Loss: 0.6110875606536865
INFO:root:Epoch: 84, Iteration: 592, Loss: 0.5807058215141296
INFO:root:Epoch: 84, Iteration: 593, Loss: 0.6182102560997009
INFO:root:Epoch: 84, Iteration: 594, Loss: 0.5888592004776001
INFO:root:Epoch: 84, Iteration: 595, Loss: 0.6264268159866333
INFO:root:Validation set mIOU: 86.90124455140644
INFO:root:Epoch: 85, Iteration: 596, Loss: 0.6002816557884216
INFO:root:Epoch: 85, Iteration: 597, Loss: 0.6047120094299316
INFO:root:Epoch: 85, Iteration: 598, Loss: 0.6216946840286255
INFO:root:Epoch: 85, Iteration: 599, Loss: 0.6069450378417969
INFO:root:Epoch: 85, Iteration: 600, Loss: 0.6032111048698425
INFO:root:Epoch: 85, Iteration: 601, Loss: 0.6073576211929321
INFO:root:Epoch: 85, Iteration: 602, Loss: 0.6099835634231567
INFO:root:Validation set mIOU: 86.97344562887639
INFO:root:Epoch: 86, Iteration: 603, Loss: 0.6091691255569458
INFO:root:Epoch: 86, Iteration: 604, Loss: 0.6122440099716187
INFO:root:Epoch: 86, Iteration: 605, Loss: 0.6230754256248474
INFO:root:Epoch: 86, Iteration: 606, Loss: 0.5798514485359192
INFO:root:Epoch: 86, Iteration: 607, Loss: 0.615959107875824
INFO:root:Epoch: 86, Iteration: 608, Loss: 0.60735023021698
INFO:root:Epoch: 86, Iteration: 609, Loss: 0.5981484651565552
INFO:root:Validation set mIOU: 83.68301857888461
INFO:root:Epoch: 87, Iteration: 610, Loss: 0.6141402721405029
INFO:root:Epoch: 87, Iteration: 611, Loss: 0.603539228439331
INFO:root:Epoch: 87, Iteration: 612, Loss: 0.6115816235542297
INFO:root:Epoch: 87, Iteration: 613, Loss: 0.6003807187080383
INFO:root:Epoch: 87, Iteration: 614, Loss: 0.5825279355049133
INFO:root:Epoch: 87, Iteration: 615, Loss: 0.605853796005249
INFO:root:Epoch: 87, Iteration: 616, Loss: 0.5769210457801819
INFO:root:Validation set mIOU: 87.58175069900264
INFO:root:Epoch: 88, Iteration: 617, Loss: 0.5956510901451111
INFO:root:Epoch: 88, Iteration: 618, Loss: 0.587393045425415
INFO:root:Epoch: 88, Iteration: 619, Loss: 0.6283133029937744
INFO:root:Epoch: 88, Iteration: 620, Loss: 0.5937726497650146
INFO:root:Epoch: 88, Iteration: 621, Loss: 0.60837721824646
INFO:root:Epoch: 88, Iteration: 622, Loss: 0.5886476635932922
INFO:root:Epoch: 88, Iteration: 623, Loss: 0.611706554889679
INFO:root:Validation set mIOU: 87.03719383661809
INFO:root:Epoch: 89, Iteration: 624, Loss: 0.5925430059432983
INFO:root:Epoch: 89, Iteration: 625, Loss: 0.5951220393180847
INFO:root:Epoch: 89, Iteration: 626, Loss: 0.5840728282928467
INFO:root:Epoch: 89, Iteration: 627, Loss: 0.6033562421798706
INFO:root:Epoch: 89, Iteration: 628, Loss: 0.6108102202415466
INFO:root:Epoch: 89, Iteration: 629, Loss: 0.5937786102294922
INFO:root:Epoch: 89, Iteration: 630, Loss: 0.5935171246528625
INFO:root:Validation set mIOU: 87.89717464035475
INFO:root:Epoch: 90, Iteration: 631, Loss: 0.5792984962463379
INFO:root:Epoch: 90, Iteration: 632, Loss: 0.6074495315551758
INFO:root:Epoch: 90, Iteration: 633, Loss: 0.6112067699432373
INFO:root:Epoch: 90, Iteration: 634, Loss: 0.5908997654914856
INFO:root:Epoch: 90, Iteration: 635, Loss: 0.5941846966743469
INFO:root:Epoch: 90, Iteration: 636, Loss: 0.5896207094192505
INFO:root:Epoch: 90, Iteration: 637, Loss: 0.627915620803833
INFO:root:Validation set mIOU: 88.07477752031758
INFO:root:Epoch: 91, Iteration: 638, Loss: 0.5976271033287048
INFO:root:Epoch: 91, Iteration: 639, Loss: 0.5792696475982666
INFO:root:Epoch: 91, Iteration: 640, Loss: 0.6147575378417969
INFO:root:Epoch: 91, Iteration: 641, Loss: 0.5906994342803955
INFO:root:Epoch: 91, Iteration: 642, Loss: 0.5993444323539734
INFO:root:Epoch: 91, Iteration: 643, Loss: 0.5982727408409119
INFO:root:Epoch: 91, Iteration: 644, Loss: 0.592404842376709
INFO:root:Validation set mIOU: 86.83210804257459
INFO:root:Epoch: 92, Iteration: 645, Loss: 0.6093230247497559
INFO:root:Epoch: 92, Iteration: 646, Loss: 0.5954723358154297
INFO:root:Epoch: 92, Iteration: 647, Loss: 0.6174585819244385
INFO:root:Epoch: 92, Iteration: 648, Loss: 0.6064011454582214
INFO:root:Epoch: 92, Iteration: 649, Loss: 0.5814745426177979
INFO:root:Epoch: 92, Iteration: 650, Loss: 0.5869070291519165
INFO:root:Epoch: 92, Iteration: 651, Loss: 0.619137704372406
INFO:root:Validation set mIOU: 86.43954972017536
INFO:root:Epoch: 93, Iteration: 652, Loss: 0.6264185905456543
INFO:root:Epoch: 93, Iteration: 653, Loss: 0.6248801350593567
INFO:root:Epoch: 93, Iteration: 654, Loss: 0.5977401733398438
INFO:root:Epoch: 93, Iteration: 655, Loss: 0.578946053981781
INFO:root:Epoch: 93, Iteration: 656, Loss: 0.6296342611312866
INFO:root:Epoch: 93, Iteration: 657, Loss: 0.5810481905937195
INFO:root:Epoch: 93, Iteration: 658, Loss: 0.5894185304641724
INFO:root:Validation set mIOU: 87.84728178482477
INFO:root:Epoch: 94, Iteration: 659, Loss: 0.607093870639801
INFO:root:Epoch: 94, Iteration: 660, Loss: 0.6004406809806824
INFO:root:Epoch: 94, Iteration: 661, Loss: 0.5976030826568604
INFO:root:Epoch: 94, Iteration: 662, Loss: 0.6219105124473572
INFO:root:Epoch: 94, Iteration: 663, Loss: 0.6201500296592712
INFO:root:Epoch: 94, Iteration: 664, Loss: 0.5876796245574951
INFO:root:Epoch: 94, Iteration: 665, Loss: 0.5849131941795349
INFO:root:Validation set mIOU: 87.78027153645226
INFO:root:Epoch: 95, Iteration: 666, Loss: 0.6143694519996643
INFO:root:Epoch: 95, Iteration: 667, Loss: 0.6158967614173889
INFO:root:Epoch: 95, Iteration: 668, Loss: 0.6022169589996338
INFO:root:Epoch: 95, Iteration: 669, Loss: 0.5948655009269714
INFO:root:Epoch: 95, Iteration: 670, Loss: 0.5902422070503235
INFO:root:Epoch: 95, Iteration: 671, Loss: 0.6085734367370605
INFO:root:Epoch: 95, Iteration: 672, Loss: 0.6030862927436829
INFO:root:Validation set mIOU: 88.32610170623715
INFO:root:Epoch: 96, Iteration: 673, Loss: 0.6023966670036316
INFO:root:Epoch: 96, Iteration: 674, Loss: 0.5946353673934937
INFO:root:Epoch: 96, Iteration: 675, Loss: 0.5903883576393127
INFO:root:Epoch: 96, Iteration: 676, Loss: 0.5926469564437866
INFO:root:Epoch: 96, Iteration: 677, Loss: 0.5954358577728271
INFO:root:Epoch: 96, Iteration: 678, Loss: 0.5931722521781921
INFO:root:Epoch: 96, Iteration: 679, Loss: 0.5830770134925842
INFO:root:Validation set mIOU: 88.23849680383141
INFO:root:Epoch: 97, Iteration: 680, Loss: 0.6276960372924805
INFO:root:Epoch: 97, Iteration: 681, Loss: 0.5879960656166077
INFO:root:Epoch: 97, Iteration: 682, Loss: 0.601100742816925
INFO:root:Epoch: 97, Iteration: 683, Loss: 0.606726884841919
INFO:root:Epoch: 97, Iteration: 684, Loss: 0.6062519550323486
INFO:root:Epoch: 97, Iteration: 685, Loss: 0.5860809087753296
INFO:root:Epoch: 97, Iteration: 686, Loss: 0.6256219744682312
INFO:root:Validation set mIOU: 88.13017071421427
INFO:root:Epoch: 98, Iteration: 687, Loss: 0.5827966928482056
INFO:root:Epoch: 98, Iteration: 688, Loss: 0.603362500667572
INFO:root:Epoch: 98, Iteration: 689, Loss: 0.6070393919944763
INFO:root:Epoch: 98, Iteration: 690, Loss: 0.6003403663635254
INFO:root:Epoch: 98, Iteration: 691, Loss: 0.5975791811943054
INFO:root:Epoch: 98, Iteration: 692, Loss: 0.6040853261947632
INFO:root:Epoch: 98, Iteration: 693, Loss: 0.6017192602157593
INFO:root:Validation set mIOU: 88.13581321986192
INFO:root:Epoch: 99, Iteration: 694, Loss: 0.6113324761390686
INFO:root:Epoch: 99, Iteration: 695, Loss: 0.5962891578674316
INFO:root:Epoch: 99, Iteration: 696, Loss: 0.5850088596343994
INFO:root:Epoch: 99, Iteration: 697, Loss: 0.5992308259010315
INFO:root:Epoch: 99, Iteration: 698, Loss: 0.5832594633102417
INFO:root:Epoch: 99, Iteration: 699, Loss: 0.5890365839004517
INFO:root:Epoch: 99, Iteration: 700, Loss: 0.5901052355766296
INFO:root:Validation set mIOU: 88.3596281130382
