INFO:root:{'addition': 'nothing_new_mean_std',
 'backbone': 'resnet50',
 'batch_size': 16,
 'batch_size_consistency': 16,
 'conf_thres': 0.95,
 'config': 'configs/dataset2.yaml',
 'consistency_training': False,
 'crop_size': 320,
 'data_root': './',
 'dataset': 'dataset2',
 'epochs': 100,
 'labeled_id_path': 'dataset/splits/dataset2/1_4/split_random/labeled.txt',
 'lr': 0.0009,
 'model': 'pspnet',
 'ngpus': 1,
 'plus': False,
 'pseudo_consistency_mask_path': None,
 'pseudo_mask_path': 'outdir/pseudo_masks/dataset2/1_4/split_random/pspnet/resnet50/nothing_new_mean_std/self_training/non_consistency_training/first_time',
 'rand_thres': 0.8,
 'reliable_id_path': None,
 'save_path': 'outdir/models/dataset2/1_4/split_random/pspnet/resnet50/nothing_new_mean_std/self_training/non_consistency_training/first_time',
 'time': 1,
 'unlabeled_id_path': 'dataset/splits/dataset2/1_4/split_random/unlabeled.txt',
 'warm_up': 30}

INFO:root:Training supervised with consistency on unlabeled images
INFO:root:Epoch: 0, Iteration: 1, Loss: 1.3015201091766357
INFO:root:Epoch: 0, Iteration: 2, Loss: 0.7728245258331299
INFO:root:Validation set mIOU: 40.25517427240729
INFO:root:Epoch: 1, Iteration: 3, Loss: 0.5042022466659546
INFO:root:Epoch: 1, Iteration: 4, Loss: 0.43731045722961426
INFO:root:Validation set mIOU: 50.76938248884636
INFO:root:Epoch: 2, Iteration: 5, Loss: 0.4117695987224579
INFO:root:Epoch: 2, Iteration: 6, Loss: 0.34627798199653625
INFO:root:Validation set mIOU: 55.99267338807328
INFO:root:Epoch: 3, Iteration: 7, Loss: 0.3158438205718994
INFO:root:Epoch: 3, Iteration: 8, Loss: 0.31202858686447144
INFO:root:Validation set mIOU: 60.82875023995528
INFO:root:Epoch: 4, Iteration: 9, Loss: 0.2736610174179077
INFO:root:Epoch: 4, Iteration: 10, Loss: 0.27000147104263306
INFO:root:Validation set mIOU: 59.63214035312129
INFO:root:Epoch: 5, Iteration: 11, Loss: 0.29166361689567566
INFO:root:Epoch: 5, Iteration: 12, Loss: 0.24650220572948456
INFO:root:Validation set mIOU: 60.24547307421968
INFO:root:Epoch: 6, Iteration: 13, Loss: 0.2646072208881378
INFO:root:Epoch: 6, Iteration: 14, Loss: 0.20792311429977417
INFO:root:Validation set mIOU: 62.964566918133826
INFO:root:Epoch: 7, Iteration: 15, Loss: 0.22387070953845978
INFO:root:Epoch: 7, Iteration: 16, Loss: 0.2514187693595886
INFO:root:Validation set mIOU: 65.29251010765974
INFO:root:Epoch: 8, Iteration: 17, Loss: 0.25218665599823
INFO:root:Epoch: 8, Iteration: 18, Loss: 0.21929247677326202
INFO:root:Validation set mIOU: 66.8839410393756
INFO:root:Epoch: 9, Iteration: 19, Loss: 0.20901626348495483
INFO:root:Epoch: 9, Iteration: 20, Loss: 0.21495729684829712
INFO:root:Validation set mIOU: 68.4658502504798
INFO:root:Epoch: 10, Iteration: 21, Loss: 0.18960446119308472
INFO:root:Epoch: 10, Iteration: 22, Loss: 0.21011601388454437
INFO:root:Validation set mIOU: 69.00434233894828
INFO:root:Epoch: 11, Iteration: 23, Loss: 0.18443691730499268
INFO:root:Epoch: 11, Iteration: 24, Loss: 0.19170765578746796
INFO:root:Validation set mIOU: 69.20358739021367
INFO:root:Epoch: 12, Iteration: 25, Loss: 0.20406100153923035
INFO:root:Epoch: 12, Iteration: 26, Loss: 0.1928013116121292
INFO:root:Validation set mIOU: 69.4693719190235
INFO:root:Epoch: 13, Iteration: 27, Loss: 0.16645705699920654
INFO:root:Epoch: 13, Iteration: 28, Loss: 0.19005466997623444
INFO:root:Validation set mIOU: 69.8771994056635
INFO:root:Epoch: 14, Iteration: 29, Loss: 0.1744951456785202
INFO:root:Epoch: 14, Iteration: 30, Loss: 0.1673886924982071
INFO:root:Validation set mIOU: 70.05373961882869
INFO:root:Epoch: 15, Iteration: 31, Loss: 0.17446546256542206
INFO:root:Epoch: 15, Iteration: 32, Loss: 0.21121801435947418
INFO:root:Validation set mIOU: 70.13525005886426
INFO:root:Epoch: 16, Iteration: 33, Loss: 0.16492506861686707
INFO:root:Epoch: 16, Iteration: 34, Loss: 0.16820409893989563
INFO:root:Validation set mIOU: 70.74163895713004
INFO:root:Epoch: 17, Iteration: 35, Loss: 0.19944851100444794
INFO:root:Epoch: 17, Iteration: 36, Loss: 0.16250482201576233
INFO:root:Validation set mIOU: 72.02007409225021
INFO:root:Epoch: 18, Iteration: 37, Loss: 0.20554055273532867
INFO:root:Epoch: 18, Iteration: 38, Loss: 0.1658344715833664
INFO:root:Validation set mIOU: 72.35786289354623
INFO:root:Epoch: 19, Iteration: 39, Loss: 0.15099605917930603
INFO:root:Epoch: 19, Iteration: 40, Loss: 0.1636386513710022
INFO:root:Validation set mIOU: 72.01706442348078
INFO:root:Epoch: 20, Iteration: 41, Loss: 0.201446071267128
INFO:root:Epoch: 20, Iteration: 42, Loss: 0.1405217945575714
INFO:root:Validation set mIOU: 72.36002433019712
INFO:root:Epoch: 21, Iteration: 43, Loss: 0.17727558314800262
INFO:root:Epoch: 21, Iteration: 44, Loss: 0.1323590725660324
INFO:root:Validation set mIOU: 73.12978044311788
INFO:root:Epoch: 22, Iteration: 45, Loss: 0.21080835163593292
INFO:root:Epoch: 22, Iteration: 46, Loss: 0.16296233236789703
INFO:root:Validation set mIOU: 73.81752180130819
INFO:root:Epoch: 23, Iteration: 47, Loss: 0.1801077127456665
INFO:root:Epoch: 23, Iteration: 48, Loss: 0.1527019590139389
INFO:root:Validation set mIOU: 73.69893841321247
INFO:root:Epoch: 24, Iteration: 49, Loss: 0.168097123503685
INFO:root:Epoch: 24, Iteration: 50, Loss: 0.17685583233833313
INFO:root:Validation set mIOU: 73.5154361552688
INFO:root:Epoch: 25, Iteration: 51, Loss: 0.14789126813411713
INFO:root:Epoch: 25, Iteration: 52, Loss: 0.14735522866249084
INFO:root:Validation set mIOU: 73.40152534942442
INFO:root:Epoch: 26, Iteration: 53, Loss: 0.1838369220495224
INFO:root:Epoch: 26, Iteration: 54, Loss: 0.1592201590538025
INFO:root:Validation set mIOU: 72.76177138573128
INFO:root:Epoch: 27, Iteration: 55, Loss: 0.15044362843036652
INFO:root:Epoch: 27, Iteration: 56, Loss: 0.15345486998558044
INFO:root:Validation set mIOU: 73.09163726641067
INFO:root:Epoch: 28, Iteration: 57, Loss: 0.13450181484222412
INFO:root:Epoch: 28, Iteration: 58, Loss: 0.14919188618659973
INFO:root:Validation set mIOU: 72.68052887808139
INFO:root:Epoch: 29, Iteration: 59, Loss: 0.1362461894750595
INFO:root:Epoch: 29, Iteration: 60, Loss: 0.14673762023448944
INFO:root:Validation set mIOU: 73.53078085907968
INFO:root:Epoch: 30, Iteration: 61, Loss: 0.12693116068840027
INFO:root:Epoch: 30, Iteration: 62, Loss: 0.17695531249046326
INFO:root:Validation set mIOU: 73.9478926233426
INFO:root:Epoch: 31, Iteration: 63, Loss: 0.1453154981136322
INFO:root:Epoch: 31, Iteration: 64, Loss: 0.1352899819612503
INFO:root:Validation set mIOU: 74.50630386245375
INFO:root:Epoch: 32, Iteration: 65, Loss: 0.1309402734041214
INFO:root:Epoch: 32, Iteration: 66, Loss: 0.13805104792118073
INFO:root:Validation set mIOU: 74.83414321732062
INFO:root:Epoch: 33, Iteration: 67, Loss: 0.12265007197856903
INFO:root:Epoch: 33, Iteration: 68, Loss: 0.12549957633018494
INFO:root:Validation set mIOU: 75.16657979112254
INFO:root:Epoch: 34, Iteration: 69, Loss: 0.13343974947929382
INFO:root:Epoch: 34, Iteration: 70, Loss: 0.16576382517814636
INFO:root:Validation set mIOU: 74.92242406369537
INFO:root:Epoch: 35, Iteration: 71, Loss: 0.15369808673858643
INFO:root:Epoch: 35, Iteration: 72, Loss: 0.11774171888828278
INFO:root:Validation set mIOU: 75.46273067799234
INFO:root:Epoch: 36, Iteration: 73, Loss: 0.12929077446460724
INFO:root:Epoch: 36, Iteration: 74, Loss: 0.12928220629692078
INFO:root:Validation set mIOU: 75.93904462411102
INFO:root:Epoch: 37, Iteration: 75, Loss: 0.14358116686344147
INFO:root:Epoch: 37, Iteration: 76, Loss: 0.12695443630218506
INFO:root:Validation set mIOU: 76.03995378794552
INFO:root:Epoch: 38, Iteration: 77, Loss: 0.1105516105890274
INFO:root:Epoch: 38, Iteration: 78, Loss: 0.11185389012098312
INFO:root:Validation set mIOU: 76.06408646323023
INFO:root:Epoch: 39, Iteration: 79, Loss: 0.14804427325725555
INFO:root:Epoch: 39, Iteration: 80, Loss: 0.12738266587257385
INFO:root:Validation set mIOU: 75.96391769129633
INFO:root:Epoch: 40, Iteration: 81, Loss: 0.11819250136613846
INFO:root:Epoch: 40, Iteration: 82, Loss: 0.13185623288154602
INFO:root:Validation set mIOU: 75.85232059512134
INFO:root:Epoch: 41, Iteration: 83, Loss: 0.14891213178634644
INFO:root:Epoch: 41, Iteration: 84, Loss: 0.1189812570810318
INFO:root:Validation set mIOU: 75.82625657204987
INFO:root:Epoch: 42, Iteration: 85, Loss: 0.11640986800193787
INFO:root:Epoch: 42, Iteration: 86, Loss: 0.13452152907848358
INFO:root:Validation set mIOU: 75.88977095073227
INFO:root:Epoch: 43, Iteration: 87, Loss: 0.11971121281385422
INFO:root:Epoch: 43, Iteration: 88, Loss: 0.13650542497634888
INFO:root:Validation set mIOU: 75.93885244828432
INFO:root:Epoch: 44, Iteration: 89, Loss: 0.11325902491807938
INFO:root:Epoch: 44, Iteration: 90, Loss: 0.12410539388656616
INFO:root:Validation set mIOU: 76.07302071917346
INFO:root:Epoch: 45, Iteration: 91, Loss: 0.11545263975858688
INFO:root:Epoch: 45, Iteration: 92, Loss: 0.11888107657432556
INFO:root:Validation set mIOU: 76.05909919157816
INFO:root:Epoch: 46, Iteration: 93, Loss: 0.11754593998193741
INFO:root:Epoch: 46, Iteration: 94, Loss: 0.11849016696214676
INFO:root:Validation set mIOU: 76.37167492562394
INFO:root:Epoch: 47, Iteration: 95, Loss: 0.12895245850086212
INFO:root:Epoch: 47, Iteration: 96, Loss: 0.128846675157547
INFO:root:Validation set mIOU: 76.88826786590438
INFO:root:Epoch: 48, Iteration: 97, Loss: 0.13392315804958344
INFO:root:Epoch: 48, Iteration: 98, Loss: 0.12248189002275467
INFO:root:Validation set mIOU: 76.92096251282932
INFO:root:Epoch: 49, Iteration: 99, Loss: 0.11405420303344727
INFO:root:Epoch: 49, Iteration: 100, Loss: 0.10856557637453079
INFO:root:Validation set mIOU: 76.79077597999903
INFO:root:Epoch: 50, Iteration: 101, Loss: 0.11335042119026184
INFO:root:Epoch: 50, Iteration: 102, Loss: 0.10357888787984848
INFO:root:Validation set mIOU: 76.4210594529918
INFO:root:Epoch: 51, Iteration: 103, Loss: 0.12484883517026901
INFO:root:Epoch: 51, Iteration: 104, Loss: 0.11423332989215851
INFO:root:Validation set mIOU: 76.11105483530372
INFO:root:Epoch: 52, Iteration: 105, Loss: 0.1082785576581955
INFO:root:Epoch: 52, Iteration: 106, Loss: 0.12617605924606323
INFO:root:Validation set mIOU: 76.58726081709628
INFO:root:Epoch: 53, Iteration: 107, Loss: 0.113641157746315
INFO:root:Epoch: 53, Iteration: 108, Loss: 0.09557672590017319
INFO:root:Validation set mIOU: 76.16598525039667
INFO:root:Epoch: 54, Iteration: 109, Loss: 0.13013756275177002
INFO:root:Epoch: 54, Iteration: 110, Loss: 0.10000113397836685
INFO:root:Validation set mIOU: 75.26365767244
INFO:root:Epoch: 55, Iteration: 111, Loss: 0.1378391683101654
INFO:root:Epoch: 55, Iteration: 112, Loss: 0.10294002294540405
INFO:root:Validation set mIOU: 74.8166740413381
INFO:root:Epoch: 56, Iteration: 113, Loss: 0.1242542415857315
INFO:root:Epoch: 56, Iteration: 114, Loss: 0.11626099050045013
INFO:root:Validation set mIOU: 75.28382975703721
INFO:root:Epoch: 57, Iteration: 115, Loss: 0.10414636880159378
INFO:root:Epoch: 57, Iteration: 116, Loss: 0.11235786974430084
INFO:root:Validation set mIOU: 75.84045535973874
INFO:root:Epoch: 58, Iteration: 117, Loss: 0.10539556294679642
INFO:root:Epoch: 58, Iteration: 118, Loss: 0.11959990113973618
INFO:root:Validation set mIOU: 76.91321052961763
INFO:root:Epoch: 59, Iteration: 119, Loss: 0.09776360541582108
INFO:root:Epoch: 59, Iteration: 120, Loss: 0.10984101891517639
INFO:root:Validation set mIOU: 77.6494761070926
INFO:root:Epoch: 60, Iteration: 121, Loss: 0.09226121753454208
INFO:root:Epoch: 60, Iteration: 122, Loss: 0.11882742494344711
INFO:root:Validation set mIOU: 77.936778904424
INFO:root:Epoch: 61, Iteration: 123, Loss: 0.10484717041254044
INFO:root:Epoch: 61, Iteration: 124, Loss: 0.1144893616437912
INFO:root:Validation set mIOU: 78.01675847567654
INFO:root:Epoch: 62, Iteration: 125, Loss: 0.107101671397686
INFO:root:Epoch: 62, Iteration: 126, Loss: 0.10567337274551392
INFO:root:Validation set mIOU: 78.34731269127845
INFO:root:Epoch: 63, Iteration: 127, Loss: 0.12335313856601715
INFO:root:Epoch: 63, Iteration: 128, Loss: 0.11877400428056717
INFO:root:Validation set mIOU: 78.13145023368673
INFO:root:Epoch: 64, Iteration: 129, Loss: 0.10780176520347595
INFO:root:Epoch: 64, Iteration: 130, Loss: 0.09089101105928421
INFO:root:Validation set mIOU: 78.16075281477272
INFO:root:Epoch: 65, Iteration: 131, Loss: 0.10037881135940552
INFO:root:Epoch: 65, Iteration: 132, Loss: 0.10800991207361221
INFO:root:Validation set mIOU: 78.10305875162915
INFO:root:Epoch: 66, Iteration: 133, Loss: 0.1443624496459961
INFO:root:Epoch: 66, Iteration: 134, Loss: 0.09799529612064362
INFO:root:Validation set mIOU: 78.09238147426788
INFO:root:Epoch: 67, Iteration: 135, Loss: 0.09035048633813858
INFO:root:Epoch: 67, Iteration: 136, Loss: 0.12203750759363174
INFO:root:Validation set mIOU: 78.22523131723888
INFO:root:Epoch: 68, Iteration: 137, Loss: 0.10230480134487152
INFO:root:Epoch: 68, Iteration: 138, Loss: 0.09653546661138535
INFO:root:Validation set mIOU: 78.245059436939
INFO:root:Epoch: 69, Iteration: 139, Loss: 0.10682989656925201
INFO:root:Epoch: 69, Iteration: 140, Loss: 0.09598415344953537
INFO:root:Validation set mIOU: 78.07313125573113
INFO:root:Epoch: 70, Iteration: 141, Loss: 0.10377856343984604
INFO:root:Epoch: 70, Iteration: 142, Loss: 0.092193603515625
INFO:root:Validation set mIOU: 78.36541227655124
INFO:root:Epoch: 71, Iteration: 143, Loss: 0.11474735289812088
INFO:root:Epoch: 71, Iteration: 144, Loss: 0.11537691950798035
INFO:root:Validation set mIOU: 77.95292987114983
INFO:root:Epoch: 72, Iteration: 145, Loss: 0.1082613617181778
INFO:root:Epoch: 72, Iteration: 146, Loss: 0.10451889038085938
INFO:root:Validation set mIOU: 77.80093262014476
INFO:root:Epoch: 73, Iteration: 147, Loss: 0.0989183783531189
INFO:root:Epoch: 73, Iteration: 148, Loss: 0.11912000924348831
INFO:root:Validation set mIOU: 77.87824316189972
INFO:root:Epoch: 74, Iteration: 149, Loss: 0.09382104873657227
INFO:root:Epoch: 74, Iteration: 150, Loss: 0.11963766813278198
INFO:root:Validation set mIOU: 78.10424943909771
INFO:root:Epoch: 75, Iteration: 151, Loss: 0.14775888621807098
INFO:root:Epoch: 75, Iteration: 152, Loss: 0.10750247538089752
INFO:root:Validation set mIOU: 78.04826770418022
INFO:root:Epoch: 76, Iteration: 153, Loss: 0.10852692276239395
INFO:root:Epoch: 76, Iteration: 154, Loss: 0.087050661444664
INFO:root:Validation set mIOU: 78.30650489174586
INFO:root:Epoch: 77, Iteration: 155, Loss: 0.10389389842748642
INFO:root:Epoch: 77, Iteration: 156, Loss: 0.10015298426151276
INFO:root:Validation set mIOU: 78.48396975159169
INFO:root:Epoch: 78, Iteration: 157, Loss: 0.10529680550098419
INFO:root:Epoch: 78, Iteration: 158, Loss: 0.10897166281938553
INFO:root:Validation set mIOU: 78.65112253848618
INFO:root:Epoch: 79, Iteration: 159, Loss: 0.12353101372718811
INFO:root:Epoch: 79, Iteration: 160, Loss: 0.10405337810516357
INFO:root:Validation set mIOU: 78.76508516133867
INFO:root:Epoch: 80, Iteration: 161, Loss: 0.1014384776353836
INFO:root:Epoch: 80, Iteration: 162, Loss: 0.11583057790994644
INFO:root:Validation set mIOU: 78.676022435592
INFO:root:Epoch: 81, Iteration: 163, Loss: 0.10341651737689972
INFO:root:Epoch: 81, Iteration: 164, Loss: 0.09895449131727219
INFO:root:Validation set mIOU: 78.70495991356655
INFO:root:Epoch: 82, Iteration: 165, Loss: 0.09555600583553314
INFO:root:Epoch: 82, Iteration: 166, Loss: 0.11904768645763397
INFO:root:Validation set mIOU: 78.75316552204787
INFO:root:Epoch: 83, Iteration: 167, Loss: 0.09230638295412064
INFO:root:Epoch: 83, Iteration: 168, Loss: 0.08513780683279037
INFO:root:Validation set mIOU: 78.83223077191127
INFO:root:Epoch: 84, Iteration: 169, Loss: 0.10645958036184311
INFO:root:Epoch: 84, Iteration: 170, Loss: 0.10415735840797424
INFO:root:Validation set mIOU: 78.62551759180732
INFO:root:Epoch: 85, Iteration: 171, Loss: 0.09572939574718475
INFO:root:Epoch: 85, Iteration: 172, Loss: 0.10763219743967056
INFO:root:Validation set mIOU: 78.63261742750113
INFO:root:Epoch: 86, Iteration: 173, Loss: 0.09922630339860916
INFO:root:Epoch: 86, Iteration: 174, Loss: 0.10889831185340881
INFO:root:Validation set mIOU: 78.39218930098998
INFO:root:Epoch: 87, Iteration: 175, Loss: 0.10623615235090256
INFO:root:Epoch: 87, Iteration: 176, Loss: 0.1063670739531517
INFO:root:Validation set mIOU: 78.32550032103391
INFO:root:Epoch: 88, Iteration: 177, Loss: 0.09508619457483292
INFO:root:Epoch: 88, Iteration: 178, Loss: 0.104278564453125
INFO:root:Validation set mIOU: 78.28506803942506
INFO:root:Epoch: 89, Iteration: 179, Loss: 0.08804558962583542
INFO:root:Epoch: 89, Iteration: 180, Loss: 0.09426338970661163
INFO:root:Validation set mIOU: 78.4393816120939
INFO:root:Epoch: 90, Iteration: 181, Loss: 0.09228470176458359
INFO:root:Epoch: 90, Iteration: 182, Loss: 0.10612083226442337
INFO:root:Validation set mIOU: 78.50274670900444
INFO:root:Epoch: 91, Iteration: 183, Loss: 0.09619157761335373
INFO:root:Epoch: 91, Iteration: 184, Loss: 0.10174895823001862
INFO:root:Validation set mIOU: 78.4478949148372
INFO:root:Epoch: 92, Iteration: 185, Loss: 0.09948963671922684
INFO:root:Epoch: 92, Iteration: 186, Loss: 0.09901869297027588
INFO:root:Validation set mIOU: 78.3854157854797
INFO:root:Epoch: 93, Iteration: 187, Loss: 0.1079205796122551
INFO:root:Epoch: 93, Iteration: 188, Loss: 0.08813028037548065
INFO:root:Validation set mIOU: 78.57712159075527
INFO:root:Epoch: 94, Iteration: 189, Loss: 0.10159982740879059
INFO:root:Epoch: 94, Iteration: 190, Loss: 0.08684004843235016
INFO:root:Validation set mIOU: 78.4897842379344
INFO:root:Epoch: 95, Iteration: 191, Loss: 0.09296378493309021
INFO:root:Epoch: 95, Iteration: 192, Loss: 0.11462367326021194
INFO:root:Validation set mIOU: 78.45693250856365
INFO:root:Epoch: 96, Iteration: 193, Loss: 0.1000865027308464
INFO:root:Epoch: 96, Iteration: 194, Loss: 0.12114498019218445
INFO:root:Validation set mIOU: 78.56027626354725
INFO:root:Epoch: 97, Iteration: 195, Loss: 0.1028091236948967
INFO:root:Epoch: 97, Iteration: 196, Loss: 0.11200186610221863
INFO:root:Validation set mIOU: 78.45953228621708
INFO:root:Epoch: 98, Iteration: 197, Loss: 0.09317748993635178
INFO:root:Epoch: 98, Iteration: 198, Loss: 0.09644252061843872
INFO:root:Validation set mIOU: 78.57811873097559
INFO:root:Epoch: 99, Iteration: 199, Loss: 0.12458183616399765
INFO:root:Epoch: 99, Iteration: 200, Loss: 0.08103470504283905
INFO:root:Validation set mIOU: 78.47911070648314
INFO:root:Semi-training
INFO:root:Epoch: 0, Iteration: 1, Loss: 1.0639244318008423
INFO:root:Epoch: 0, Iteration: 2, Loss: 0.7826427817344666
INFO:root:Epoch: 0, Iteration: 3, Loss: 0.5568215250968933
INFO:root:Epoch: 0, Iteration: 4, Loss: 0.5143647193908691
INFO:root:Epoch: 0, Iteration: 5, Loss: 0.43070173263549805
INFO:root:Epoch: 0, Iteration: 6, Loss: 0.44733959436416626
INFO:root:Epoch: 0, Iteration: 7, Loss: 0.3553329408168793
INFO:root:Validation set mIOU: 59.25773538124669
INFO:root:Epoch: 1, Iteration: 8, Loss: 0.31198886036872864
INFO:root:Epoch: 1, Iteration: 9, Loss: 0.3684085011482239
INFO:root:Epoch: 1, Iteration: 10, Loss: 0.36434194445610046
INFO:root:Epoch: 1, Iteration: 11, Loss: 0.315571129322052
INFO:root:Epoch: 1, Iteration: 12, Loss: 0.3776457607746124
INFO:root:Epoch: 1, Iteration: 13, Loss: 0.3337600529193878
INFO:root:Epoch: 1, Iteration: 14, Loss: 0.35729482769966125
INFO:root:Validation set mIOU: 67.3172644918114
INFO:root:Epoch: 2, Iteration: 15, Loss: 0.3808538317680359
INFO:root:Epoch: 2, Iteration: 16, Loss: 0.25830742716789246
INFO:root:Epoch: 2, Iteration: 17, Loss: 0.27218520641326904
INFO:root:Epoch: 2, Iteration: 18, Loss: 0.3925548493862152
INFO:root:Epoch: 2, Iteration: 19, Loss: 0.30230289697647095
INFO:root:Epoch: 2, Iteration: 20, Loss: 0.253752738237381
INFO:root:Epoch: 2, Iteration: 21, Loss: 0.25248613953590393
INFO:root:Validation set mIOU: 68.35024928900066
INFO:root:Epoch: 3, Iteration: 22, Loss: 0.28217458724975586
INFO:root:Epoch: 3, Iteration: 23, Loss: 0.30927029252052307
INFO:root:Epoch: 3, Iteration: 24, Loss: 0.22838784754276276
INFO:root:Epoch: 3, Iteration: 25, Loss: 0.22056108713150024
INFO:root:Epoch: 3, Iteration: 26, Loss: 0.2540793716907501
INFO:root:Epoch: 3, Iteration: 27, Loss: 0.24359549582004547
INFO:root:Epoch: 3, Iteration: 28, Loss: 0.26818862557411194
INFO:root:Validation set mIOU: 69.01354629353612
INFO:root:Epoch: 4, Iteration: 29, Loss: 0.229322150349617
INFO:root:Epoch: 4, Iteration: 30, Loss: 0.21834157407283783
INFO:root:Epoch: 4, Iteration: 31, Loss: 0.2541221082210541
INFO:root:Epoch: 4, Iteration: 32, Loss: 0.23432207107543945
INFO:root:Epoch: 4, Iteration: 33, Loss: 0.20106302201747894
INFO:root:Epoch: 4, Iteration: 34, Loss: 0.21246588230133057
INFO:root:Epoch: 4, Iteration: 35, Loss: 0.29327598214149475
INFO:root:Validation set mIOU: 73.43044380541447
INFO:root:Epoch: 5, Iteration: 36, Loss: 0.23824870586395264
INFO:root:Epoch: 5, Iteration: 37, Loss: 0.22617460787296295
INFO:root:Epoch: 5, Iteration: 38, Loss: 0.2530076205730438
INFO:root:Epoch: 5, Iteration: 39, Loss: 0.17649421095848083
INFO:root:Epoch: 5, Iteration: 40, Loss: 0.20098812878131866
INFO:root:Epoch: 5, Iteration: 41, Loss: 0.21892477571964264
INFO:root:Epoch: 5, Iteration: 42, Loss: 0.22474469244480133
INFO:root:Validation set mIOU: 75.0948042515304
INFO:root:Epoch: 6, Iteration: 43, Loss: 0.2090924084186554
INFO:root:Epoch: 6, Iteration: 44, Loss: 0.176855206489563
INFO:root:Epoch: 6, Iteration: 45, Loss: 0.1753312349319458
INFO:root:Epoch: 6, Iteration: 46, Loss: 0.32110345363616943
INFO:root:Epoch: 6, Iteration: 47, Loss: 0.16877542436122894
INFO:root:Epoch: 6, Iteration: 48, Loss: 0.1915152221918106
INFO:root:Epoch: 6, Iteration: 49, Loss: 0.23121610283851624
INFO:root:Validation set mIOU: 71.70030239309972
INFO:root:Epoch: 7, Iteration: 50, Loss: 0.1942337155342102
INFO:root:Epoch: 7, Iteration: 51, Loss: 0.1753007471561432
INFO:root:Epoch: 7, Iteration: 52, Loss: 0.26586055755615234
INFO:root:Epoch: 7, Iteration: 53, Loss: 0.2005072683095932
INFO:root:Epoch: 7, Iteration: 54, Loss: 0.20733937621116638
INFO:root:Epoch: 7, Iteration: 55, Loss: 0.1784239411354065
INFO:root:Epoch: 7, Iteration: 56, Loss: 0.1851869374513626
INFO:root:Validation set mIOU: 72.77927192641079
INFO:root:Epoch: 8, Iteration: 57, Loss: 0.18940266966819763
INFO:root:Epoch: 8, Iteration: 58, Loss: 0.173197939991951
INFO:root:Epoch: 8, Iteration: 59, Loss: 0.16167528927326202
INFO:root:Epoch: 8, Iteration: 60, Loss: 0.2356920838356018
INFO:root:Epoch: 8, Iteration: 61, Loss: 0.2782120108604431
INFO:root:Epoch: 8, Iteration: 62, Loss: 0.163161963224411
INFO:root:Epoch: 8, Iteration: 63, Loss: 0.19261451065540314
INFO:root:Validation set mIOU: 73.25951339622557
INFO:root:Epoch: 9, Iteration: 64, Loss: 0.15601442754268646
INFO:root:Epoch: 9, Iteration: 65, Loss: 0.20774178206920624
INFO:root:Epoch: 9, Iteration: 66, Loss: 0.19806283712387085
INFO:root:Epoch: 9, Iteration: 67, Loss: 0.18373160064220428
INFO:root:Epoch: 9, Iteration: 68, Loss: 0.22249825298786163
INFO:root:Epoch: 9, Iteration: 69, Loss: 0.15168698132038116
INFO:root:Epoch: 9, Iteration: 70, Loss: 0.17388565838336945
INFO:root:Validation set mIOU: 73.28337784132569
INFO:root:Epoch: 10, Iteration: 71, Loss: 0.18713749945163727
INFO:root:Epoch: 10, Iteration: 72, Loss: 0.1503032147884369
INFO:root:Epoch: 10, Iteration: 73, Loss: 0.15689924359321594
INFO:root:Epoch: 10, Iteration: 74, Loss: 0.18157577514648438
INFO:root:Epoch: 10, Iteration: 75, Loss: 0.17194218933582306
INFO:root:Epoch: 10, Iteration: 76, Loss: 0.17224834859371185
INFO:root:Epoch: 10, Iteration: 77, Loss: 0.16759724915027618
INFO:root:Validation set mIOU: 76.14720098226528
INFO:root:Epoch: 11, Iteration: 78, Loss: 0.1561712622642517
INFO:root:Epoch: 11, Iteration: 79, Loss: 0.221810981631279
INFO:root:Epoch: 11, Iteration: 80, Loss: 0.17686042189598083
INFO:root:Epoch: 11, Iteration: 81, Loss: 0.16161613166332245
INFO:root:Epoch: 11, Iteration: 82, Loss: 0.15210789442062378
INFO:root:Epoch: 11, Iteration: 83, Loss: 0.14831653237342834
INFO:root:Epoch: 11, Iteration: 84, Loss: 0.17727240920066833
INFO:root:Validation set mIOU: 77.73110036308667
INFO:root:Epoch: 12, Iteration: 85, Loss: 0.1606738269329071
INFO:root:Epoch: 12, Iteration: 86, Loss: 0.185731902718544
INFO:root:Epoch: 12, Iteration: 87, Loss: 0.18667557835578918
INFO:root:Epoch: 12, Iteration: 88, Loss: 0.15999355912208557
INFO:root:Epoch: 12, Iteration: 89, Loss: 0.1987736076116562
INFO:root:Epoch: 12, Iteration: 90, Loss: 0.13281024992465973
INFO:root:Epoch: 12, Iteration: 91, Loss: 0.17351509630680084
INFO:root:Validation set mIOU: 76.20006568889298
INFO:root:Epoch: 13, Iteration: 92, Loss: 0.14950178563594818
INFO:root:Epoch: 13, Iteration: 93, Loss: 0.16798877716064453
INFO:root:Epoch: 13, Iteration: 94, Loss: 0.1837930977344513
INFO:root:Epoch: 13, Iteration: 95, Loss: 0.14128530025482178
INFO:root:Epoch: 13, Iteration: 96, Loss: 0.1466318517923355
INFO:root:Epoch: 13, Iteration: 97, Loss: 0.1691073477268219
INFO:root:Epoch: 13, Iteration: 98, Loss: 0.14542347192764282
INFO:root:Validation set mIOU: 76.2028497216518
INFO:root:Epoch: 14, Iteration: 99, Loss: 0.16425980627536774
INFO:root:Epoch: 14, Iteration: 100, Loss: 0.16113720834255219
INFO:root:Epoch: 14, Iteration: 101, Loss: 0.15925434231758118
INFO:root:Epoch: 14, Iteration: 102, Loss: 0.1319207102060318
INFO:root:Epoch: 14, Iteration: 103, Loss: 0.1369921863079071
INFO:root:Epoch: 14, Iteration: 104, Loss: 0.24533575773239136
INFO:root:Epoch: 14, Iteration: 105, Loss: 0.13819383084774017
INFO:root:Validation set mIOU: 76.62866031174032
INFO:root:Epoch: 15, Iteration: 106, Loss: 0.1304301768541336
INFO:root:Epoch: 15, Iteration: 107, Loss: 0.18702657520771027
INFO:root:Epoch: 15, Iteration: 108, Loss: 0.15605835616588593
INFO:root:Epoch: 15, Iteration: 109, Loss: 0.17879359424114227
INFO:root:Epoch: 15, Iteration: 110, Loss: 0.13817085325717926
INFO:root:Epoch: 15, Iteration: 111, Loss: 0.19442397356033325
INFO:root:Epoch: 15, Iteration: 112, Loss: 0.13209101557731628
INFO:root:Validation set mIOU: 77.36349238191244
INFO:root:Epoch: 16, Iteration: 113, Loss: 0.13627532124519348
INFO:root:Epoch: 16, Iteration: 114, Loss: 0.16458241641521454
INFO:root:Epoch: 16, Iteration: 115, Loss: 0.1574360728263855
INFO:root:Epoch: 16, Iteration: 116, Loss: 0.12095008045434952
INFO:root:Epoch: 16, Iteration: 117, Loss: 0.16918805241584778
INFO:root:Epoch: 16, Iteration: 118, Loss: 0.16564933955669403
INFO:root:Epoch: 16, Iteration: 119, Loss: 0.16870014369487762
INFO:root:Validation set mIOU: 77.89067047365262
INFO:root:Epoch: 17, Iteration: 120, Loss: 0.13927195966243744
INFO:root:Epoch: 17, Iteration: 121, Loss: 0.13696011900901794
INFO:root:Epoch: 17, Iteration: 122, Loss: 0.17473694682121277
INFO:root:Epoch: 17, Iteration: 123, Loss: 0.16707012057304382
INFO:root:Epoch: 17, Iteration: 124, Loss: 0.13830870389938354
INFO:root:Epoch: 17, Iteration: 125, Loss: 0.15211860835552216
INFO:root:Epoch: 17, Iteration: 126, Loss: 0.19225017726421356
INFO:root:Validation set mIOU: 78.32171110729801
INFO:root:Epoch: 18, Iteration: 127, Loss: 0.1338796317577362
INFO:root:Epoch: 18, Iteration: 128, Loss: 0.15006545186042786
INFO:root:Epoch: 18, Iteration: 129, Loss: 0.13898713886737823
INFO:root:Epoch: 18, Iteration: 130, Loss: 0.16021712124347687
INFO:root:Epoch: 18, Iteration: 131, Loss: 0.15039469301700592
INFO:root:Epoch: 18, Iteration: 132, Loss: 0.14050184190273285
INFO:root:Epoch: 18, Iteration: 133, Loss: 0.16260164976119995
INFO:root:Validation set mIOU: 76.44781327866431
INFO:root:Epoch: 19, Iteration: 134, Loss: 0.13449127972126007
INFO:root:Epoch: 19, Iteration: 135, Loss: 0.14359921216964722
INFO:root:Epoch: 19, Iteration: 136, Loss: 0.1438697725534439
INFO:root:Epoch: 19, Iteration: 137, Loss: 0.14233823120594025
INFO:root:Epoch: 19, Iteration: 138, Loss: 0.13431064784526825
INFO:root:Epoch: 19, Iteration: 139, Loss: 0.13411065936088562
INFO:root:Epoch: 19, Iteration: 140, Loss: 0.1428689807653427
INFO:root:Validation set mIOU: 79.73953087989226
INFO:root:Epoch: 20, Iteration: 141, Loss: 0.12889105081558228
INFO:root:Epoch: 20, Iteration: 142, Loss: 0.1644577980041504
INFO:root:Epoch: 20, Iteration: 143, Loss: 0.12473469972610474
INFO:root:Epoch: 20, Iteration: 144, Loss: 0.12008039653301239
INFO:root:Epoch: 20, Iteration: 145, Loss: 0.11801835894584656
INFO:root:Epoch: 20, Iteration: 146, Loss: 0.1396798938512802
INFO:root:Epoch: 20, Iteration: 147, Loss: 0.14587043225765228
INFO:root:Validation set mIOU: 79.37621448471825
INFO:root:Epoch: 21, Iteration: 148, Loss: 0.13994044065475464
INFO:root:Epoch: 21, Iteration: 149, Loss: 0.1141500324010849
INFO:root:Epoch: 21, Iteration: 150, Loss: 0.14488305151462555
INFO:root:Epoch: 21, Iteration: 151, Loss: 0.1353231966495514
INFO:root:Epoch: 21, Iteration: 152, Loss: 0.18510672450065613
INFO:root:Epoch: 21, Iteration: 153, Loss: 0.16864793002605438
INFO:root:Epoch: 21, Iteration: 154, Loss: 0.1305953413248062
INFO:root:Validation set mIOU: 79.78612907645012
INFO:root:Epoch: 22, Iteration: 155, Loss: 0.13142596185207367
INFO:root:Epoch: 22, Iteration: 156, Loss: 0.11907482892274857
INFO:root:Epoch: 22, Iteration: 157, Loss: 0.12826323509216309
INFO:root:Epoch: 22, Iteration: 158, Loss: 0.10985817760229111
INFO:root:Epoch: 22, Iteration: 159, Loss: 0.12931399047374725
INFO:root:Epoch: 22, Iteration: 160, Loss: 0.15702728927135468
INFO:root:Epoch: 22, Iteration: 161, Loss: 0.12113261222839355
INFO:root:Validation set mIOU: 79.40119162190726
INFO:root:Epoch: 23, Iteration: 162, Loss: 0.1468743234872818
INFO:root:Epoch: 23, Iteration: 163, Loss: 0.1328352838754654
INFO:root:Epoch: 23, Iteration: 164, Loss: 0.12487521767616272
INFO:root:Epoch: 23, Iteration: 165, Loss: 0.11958254873752594
INFO:root:Epoch: 23, Iteration: 166, Loss: 0.12815114855766296
INFO:root:Epoch: 23, Iteration: 167, Loss: 0.12385769188404083
INFO:root:Epoch: 23, Iteration: 168, Loss: 0.12109830975532532
INFO:root:Validation set mIOU: 79.14950775108326
INFO:root:Epoch: 24, Iteration: 169, Loss: 0.13934826850891113
INFO:root:Epoch: 24, Iteration: 170, Loss: 0.11376458406448364
INFO:root:Epoch: 24, Iteration: 171, Loss: 0.1284620314836502
INFO:root:Epoch: 24, Iteration: 172, Loss: 0.15262150764465332
INFO:root:Epoch: 24, Iteration: 173, Loss: 0.10887302458286285
INFO:root:Epoch: 24, Iteration: 174, Loss: 0.15663863718509674
INFO:root:Epoch: 24, Iteration: 175, Loss: 0.11641723662614822
INFO:root:Validation set mIOU: 79.21178973097415
INFO:root:Epoch: 25, Iteration: 176, Loss: 0.1636352390050888
INFO:root:Epoch: 25, Iteration: 177, Loss: 0.12542976438999176
INFO:root:Epoch: 25, Iteration: 178, Loss: 0.2028064727783203
INFO:root:Epoch: 25, Iteration: 179, Loss: 0.11712482571601868
INFO:root:Epoch: 25, Iteration: 180, Loss: 0.15340587496757507
INFO:root:Epoch: 25, Iteration: 181, Loss: 0.11626896262168884
INFO:root:Epoch: 25, Iteration: 182, Loss: 0.18593111634254456
INFO:root:Validation set mIOU: 79.24990005099599
INFO:root:Epoch: 26, Iteration: 183, Loss: 0.11719018965959549
INFO:root:Epoch: 26, Iteration: 184, Loss: 0.14770151674747467
INFO:root:Epoch: 26, Iteration: 185, Loss: 0.10608815401792526
INFO:root:Epoch: 26, Iteration: 186, Loss: 0.12845340371131897
INFO:root:Epoch: 26, Iteration: 187, Loss: 0.12222389876842499
INFO:root:Epoch: 26, Iteration: 188, Loss: 0.1802266538143158
INFO:root:Epoch: 26, Iteration: 189, Loss: 0.1307886391878128
INFO:root:Validation set mIOU: 78.20288129312945
INFO:root:Epoch: 27, Iteration: 190, Loss: 0.11806007474660873
INFO:root:Epoch: 27, Iteration: 191, Loss: 0.13570670783519745
INFO:root:Epoch: 27, Iteration: 192, Loss: 0.14122864603996277
INFO:root:Epoch: 27, Iteration: 193, Loss: 0.10776761919260025
INFO:root:Epoch: 27, Iteration: 194, Loss: 0.13598954677581787
INFO:root:Epoch: 27, Iteration: 195, Loss: 0.14993591606616974
INFO:root:Epoch: 27, Iteration: 196, Loss: 0.12364794313907623
INFO:root:Validation set mIOU: 79.57238243541417
INFO:root:Epoch: 28, Iteration: 197, Loss: 0.1279650330543518
INFO:root:Epoch: 28, Iteration: 198, Loss: 0.11843270808458328
INFO:root:Epoch: 28, Iteration: 199, Loss: 0.10580115020275116
INFO:root:Epoch: 28, Iteration: 200, Loss: 0.1463882327079773
INFO:root:Epoch: 28, Iteration: 201, Loss: 0.13003742694854736
INFO:root:Epoch: 28, Iteration: 202, Loss: 0.1332181692123413
INFO:root:Epoch: 28, Iteration: 203, Loss: 0.11599007248878479
INFO:root:Validation set mIOU: 79.28655687359111
INFO:root:Epoch: 29, Iteration: 204, Loss: 0.10284806042909622
INFO:root:Epoch: 29, Iteration: 205, Loss: 0.11324010789394379
INFO:root:Epoch: 29, Iteration: 206, Loss: 0.14212283492088318
INFO:root:Epoch: 29, Iteration: 207, Loss: 0.11719997972249985
INFO:root:Epoch: 29, Iteration: 208, Loss: 0.12854312360286713
INFO:root:Epoch: 29, Iteration: 209, Loss: 0.12297245115041733
INFO:root:Epoch: 29, Iteration: 210, Loss: 0.11388996243476868
INFO:root:Validation set mIOU: 79.23559099138868
INFO:root:Epoch: 30, Iteration: 211, Loss: 0.18381938338279724
INFO:root:Epoch: 30, Iteration: 212, Loss: 0.10273908078670502
INFO:root:Epoch: 30, Iteration: 213, Loss: 0.09272671490907669
INFO:root:Epoch: 30, Iteration: 214, Loss: 0.1864614635705948
INFO:root:Epoch: 30, Iteration: 215, Loss: 0.11649951338768005
INFO:root:Epoch: 30, Iteration: 216, Loss: 0.10477329045534134
INFO:root:Epoch: 30, Iteration: 217, Loss: 0.10953479260206223
INFO:root:Validation set mIOU: 80.05303759893712
INFO:root:Epoch: 31, Iteration: 218, Loss: 0.13649830222129822
INFO:root:Epoch: 31, Iteration: 219, Loss: 0.13169066607952118
INFO:root:Epoch: 31, Iteration: 220, Loss: 0.11963410675525665
INFO:root:Epoch: 31, Iteration: 221, Loss: 0.1138397827744484
INFO:root:Epoch: 31, Iteration: 222, Loss: 0.12466675788164139
INFO:root:Epoch: 31, Iteration: 223, Loss: 0.13010632991790771
INFO:root:Epoch: 31, Iteration: 224, Loss: 0.13739965856075287
INFO:root:Validation set mIOU: 79.45599875905991
INFO:root:Epoch: 32, Iteration: 225, Loss: 0.10454796254634857
INFO:root:Epoch: 32, Iteration: 226, Loss: 0.12352721393108368
INFO:root:Epoch: 32, Iteration: 227, Loss: 0.1412321776151657
INFO:root:Epoch: 32, Iteration: 228, Loss: 0.10708118230104446
INFO:root:Epoch: 32, Iteration: 229, Loss: 0.10069622844457626
INFO:root:Epoch: 32, Iteration: 230, Loss: 0.2187894731760025
INFO:root:Epoch: 32, Iteration: 231, Loss: 0.11432893574237823
INFO:root:Validation set mIOU: 79.70590688296939
INFO:root:Epoch: 33, Iteration: 232, Loss: 0.15770035982131958
INFO:root:Epoch: 33, Iteration: 233, Loss: 0.12061396986246109
INFO:root:Epoch: 33, Iteration: 234, Loss: 0.12095530331134796
INFO:root:Epoch: 33, Iteration: 235, Loss: 0.13991503417491913
INFO:root:Epoch: 33, Iteration: 236, Loss: 0.12275978177785873
INFO:root:Epoch: 33, Iteration: 237, Loss: 0.12295516580343246
INFO:root:Epoch: 33, Iteration: 238, Loss: 0.11434777826070786
INFO:root:Validation set mIOU: 80.28561216993312
INFO:root:Epoch: 34, Iteration: 239, Loss: 0.10299278795719147
INFO:root:Epoch: 34, Iteration: 240, Loss: 0.1222214326262474
INFO:root:Epoch: 34, Iteration: 241, Loss: 0.15227371454238892
INFO:root:Epoch: 34, Iteration: 242, Loss: 0.14623776078224182
INFO:root:Epoch: 34, Iteration: 243, Loss: 0.12884970009326935
INFO:root:Epoch: 34, Iteration: 244, Loss: 0.09517307579517365
INFO:root:Epoch: 34, Iteration: 245, Loss: 0.1183381900191307
INFO:root:Validation set mIOU: 80.59833358761757
INFO:root:Epoch: 35, Iteration: 246, Loss: 0.12522245943546295
INFO:root:Epoch: 35, Iteration: 247, Loss: 0.12957797944545746
INFO:root:Epoch: 35, Iteration: 248, Loss: 0.1407184600830078
INFO:root:Epoch: 35, Iteration: 249, Loss: 0.09844653308391571
INFO:root:Epoch: 35, Iteration: 250, Loss: 0.09765398502349854
INFO:root:Epoch: 35, Iteration: 251, Loss: 0.16250166296958923
INFO:root:Epoch: 35, Iteration: 252, Loss: 0.17140832543373108
INFO:root:Validation set mIOU: 80.85908189512388
INFO:root:Epoch: 36, Iteration: 253, Loss: 0.09656807035207748
INFO:root:Epoch: 36, Iteration: 254, Loss: 0.1258443146944046
INFO:root:Epoch: 36, Iteration: 255, Loss: 0.13326071202754974
INFO:root:Epoch: 36, Iteration: 256, Loss: 0.1312907189130783
INFO:root:Epoch: 36, Iteration: 257, Loss: 0.12257439643144608
INFO:root:Epoch: 36, Iteration: 258, Loss: 0.2072182595729828
INFO:root:Epoch: 36, Iteration: 259, Loss: 0.12723802030086517
INFO:root:Validation set mIOU: 81.14777148731744
INFO:root:Epoch: 37, Iteration: 260, Loss: 0.1272120475769043
INFO:root:Epoch: 37, Iteration: 261, Loss: 0.13529503345489502
INFO:root:Epoch: 37, Iteration: 262, Loss: 0.11088877171278
INFO:root:Epoch: 37, Iteration: 263, Loss: 0.1463688164949417
INFO:root:Epoch: 37, Iteration: 264, Loss: 0.1105114221572876
INFO:root:Epoch: 37, Iteration: 265, Loss: 0.10568707436323166
INFO:root:Epoch: 37, Iteration: 266, Loss: 0.09376353770494461
INFO:root:Validation set mIOU: 80.19075423660018
INFO:root:Epoch: 38, Iteration: 267, Loss: 0.11085594445466995
INFO:root:Epoch: 38, Iteration: 268, Loss: 0.12697619199752808
INFO:root:Epoch: 38, Iteration: 269, Loss: 0.1263875514268875
INFO:root:Epoch: 38, Iteration: 270, Loss: 0.10255163162946701
INFO:root:Epoch: 38, Iteration: 271, Loss: 0.10416343808174133
INFO:root:Epoch: 38, Iteration: 272, Loss: 0.15459269285202026
INFO:root:Epoch: 38, Iteration: 273, Loss: 0.11859599500894547
INFO:root:Validation set mIOU: 79.52369269302999
INFO:root:Epoch: 39, Iteration: 274, Loss: 0.10920359194278717
INFO:root:Epoch: 39, Iteration: 275, Loss: 0.13851603865623474
INFO:root:Epoch: 39, Iteration: 276, Loss: 0.1252031922340393
INFO:root:Epoch: 39, Iteration: 277, Loss: 0.10816046595573425
INFO:root:Epoch: 39, Iteration: 278, Loss: 0.11804419755935669
INFO:root:Epoch: 39, Iteration: 279, Loss: 0.11959076672792435
INFO:root:Epoch: 39, Iteration: 280, Loss: 0.09640460461378098
INFO:root:Validation set mIOU: 81.05572788037158
INFO:root:Epoch: 40, Iteration: 281, Loss: 0.10914050042629242
INFO:root:Epoch: 40, Iteration: 282, Loss: 0.1186307743191719
INFO:root:Epoch: 40, Iteration: 283, Loss: 0.11776233464479446
INFO:root:Epoch: 40, Iteration: 284, Loss: 0.1111190915107727
INFO:root:Epoch: 40, Iteration: 285, Loss: 0.14687077701091766
INFO:root:Epoch: 40, Iteration: 286, Loss: 0.1109977588057518
INFO:root:Epoch: 40, Iteration: 287, Loss: 0.11271044611930847
INFO:root:Validation set mIOU: 81.93319460868798
INFO:root:Epoch: 41, Iteration: 288, Loss: 0.1256270408630371
INFO:root:Epoch: 41, Iteration: 289, Loss: 0.12490762770175934
INFO:root:Epoch: 41, Iteration: 290, Loss: 0.1040082722902298
INFO:root:Epoch: 41, Iteration: 291, Loss: 0.10956689715385437
INFO:root:Epoch: 41, Iteration: 292, Loss: 0.10732470452785492
INFO:root:Epoch: 41, Iteration: 293, Loss: 0.12162572890520096
INFO:root:Epoch: 41, Iteration: 294, Loss: 0.1169988363981247
INFO:root:Validation set mIOU: 81.85443055103356
INFO:root:Epoch: 42, Iteration: 295, Loss: 0.1213965192437172
INFO:root:Epoch: 42, Iteration: 296, Loss: 0.13147439062595367
INFO:root:Epoch: 42, Iteration: 297, Loss: 0.12196870893239975
INFO:root:Epoch: 42, Iteration: 298, Loss: 0.09591744095087051
INFO:root:Epoch: 42, Iteration: 299, Loss: 0.10715795308351517
INFO:root:Epoch: 42, Iteration: 300, Loss: 0.11242939531803131
INFO:root:Epoch: 42, Iteration: 301, Loss: 0.13305041193962097
INFO:root:Validation set mIOU: 80.38884697704157
INFO:root:Epoch: 43, Iteration: 302, Loss: 0.11862553656101227
INFO:root:Epoch: 43, Iteration: 303, Loss: 0.182285338640213
INFO:root:Epoch: 43, Iteration: 304, Loss: 0.0982670709490776
INFO:root:Epoch: 43, Iteration: 305, Loss: 0.11778568476438522
INFO:root:Epoch: 43, Iteration: 306, Loss: 0.12913778424263
INFO:root:Epoch: 43, Iteration: 307, Loss: 0.10141058266162872
INFO:root:Epoch: 43, Iteration: 308, Loss: 0.12371587753295898
INFO:root:Validation set mIOU: 80.14485075065258
INFO:root:Epoch: 44, Iteration: 309, Loss: 0.12277190387248993
INFO:root:Epoch: 44, Iteration: 310, Loss: 0.13257528841495514
INFO:root:Epoch: 44, Iteration: 311, Loss: 0.10011432319879532
INFO:root:Epoch: 44, Iteration: 312, Loss: 0.12886297702789307
INFO:root:Epoch: 44, Iteration: 313, Loss: 0.10418826341629028
INFO:root:Epoch: 44, Iteration: 314, Loss: 0.08725318312644958
INFO:root:Epoch: 44, Iteration: 315, Loss: 0.10428743064403534
INFO:root:Validation set mIOU: 80.20619001393351
INFO:root:Epoch: 45, Iteration: 316, Loss: 0.11836887896060944
INFO:root:Epoch: 45, Iteration: 317, Loss: 0.09066234529018402
INFO:root:Epoch: 45, Iteration: 318, Loss: 0.13602401316165924
INFO:root:Epoch: 45, Iteration: 319, Loss: 0.13810494542121887
INFO:root:Epoch: 45, Iteration: 320, Loss: 0.10837911069393158
INFO:root:Epoch: 45, Iteration: 321, Loss: 0.08586116135120392
INFO:root:Epoch: 45, Iteration: 322, Loss: 0.12825408577919006
INFO:root:Validation set mIOU: 79.6026163962546
INFO:root:Epoch: 46, Iteration: 323, Loss: 0.11074309796094894
INFO:root:Epoch: 46, Iteration: 324, Loss: 0.13076937198638916
INFO:root:Epoch: 46, Iteration: 325, Loss: 0.11893302202224731
INFO:root:Epoch: 46, Iteration: 326, Loss: 0.1448495239019394
INFO:root:Epoch: 46, Iteration: 327, Loss: 0.10719872266054153
INFO:root:Epoch: 46, Iteration: 328, Loss: 0.12483660876750946
INFO:root:Epoch: 46, Iteration: 329, Loss: 0.19018636643886566
INFO:root:Validation set mIOU: 79.3935035576352
INFO:root:Epoch: 47, Iteration: 330, Loss: 0.09914442151784897
INFO:root:Epoch: 47, Iteration: 331, Loss: 0.1263481229543686
INFO:root:Epoch: 47, Iteration: 332, Loss: 0.10925694555044174
INFO:root:Epoch: 47, Iteration: 333, Loss: 0.12524107098579407
INFO:root:Epoch: 47, Iteration: 334, Loss: 0.08346003293991089
INFO:root:Epoch: 47, Iteration: 335, Loss: 0.18110916018486023
INFO:root:Epoch: 47, Iteration: 336, Loss: 0.12004800140857697
INFO:root:Validation set mIOU: 80.32772727760535
INFO:root:Epoch: 48, Iteration: 337, Loss: 0.1235426813364029
INFO:root:Epoch: 48, Iteration: 338, Loss: 0.13481752574443817
INFO:root:Epoch: 48, Iteration: 339, Loss: 0.12070714682340622
INFO:root:Epoch: 48, Iteration: 340, Loss: 0.1138492226600647
INFO:root:Epoch: 48, Iteration: 341, Loss: 0.09952305257320404
INFO:root:Epoch: 48, Iteration: 342, Loss: 0.1196264773607254
INFO:root:Epoch: 48, Iteration: 343, Loss: 0.14077895879745483
INFO:root:Validation set mIOU: 80.3318604811872
INFO:root:Epoch: 49, Iteration: 344, Loss: 0.10094362497329712
INFO:root:Epoch: 49, Iteration: 345, Loss: 0.13157320022583008
INFO:root:Epoch: 49, Iteration: 346, Loss: 0.11411817371845245
INFO:root:Epoch: 49, Iteration: 347, Loss: 0.1114816665649414
INFO:root:Epoch: 49, Iteration: 348, Loss: 0.12856636941432953
INFO:root:Epoch: 49, Iteration: 349, Loss: 0.0988420695066452
INFO:root:Epoch: 49, Iteration: 350, Loss: 0.09774890542030334
INFO:root:Validation set mIOU: 80.88274542658695
INFO:root:Epoch: 50, Iteration: 351, Loss: 0.12434002757072449
INFO:root:Epoch: 50, Iteration: 352, Loss: 0.09652409702539444
INFO:root:Epoch: 50, Iteration: 353, Loss: 0.0979057103395462
INFO:root:Epoch: 50, Iteration: 354, Loss: 0.10534932464361191
INFO:root:Epoch: 50, Iteration: 355, Loss: 0.11105921864509583
INFO:root:Epoch: 50, Iteration: 356, Loss: 0.10682696104049683
INFO:root:Epoch: 50, Iteration: 357, Loss: 0.1345691829919815
INFO:root:Validation set mIOU: 80.14385066207255
INFO:root:Epoch: 51, Iteration: 358, Loss: 0.11218582838773727
INFO:root:Epoch: 51, Iteration: 359, Loss: 0.07954607158899307
INFO:root:Epoch: 51, Iteration: 360, Loss: 0.1759810894727707
INFO:root:Epoch: 51, Iteration: 361, Loss: 0.1427665799856186
INFO:root:Epoch: 51, Iteration: 362, Loss: 0.0934998095035553
INFO:root:Epoch: 51, Iteration: 363, Loss: 0.11877185106277466
INFO:root:Epoch: 51, Iteration: 364, Loss: 0.08687270432710648
INFO:root:Validation set mIOU: 80.06928462969363
INFO:root:Epoch: 52, Iteration: 365, Loss: 0.12905719876289368
INFO:root:Epoch: 52, Iteration: 366, Loss: 0.12575845420360565
INFO:root:Epoch: 52, Iteration: 367, Loss: 0.11648732423782349
INFO:root:Epoch: 52, Iteration: 368, Loss: 0.11316519230604172
INFO:root:Epoch: 52, Iteration: 369, Loss: 0.1212908923625946
INFO:root:Epoch: 52, Iteration: 370, Loss: 0.11350242048501968
INFO:root:Epoch: 52, Iteration: 371, Loss: 0.11553119122982025
INFO:root:Validation set mIOU: 80.11527565167634
INFO:root:Epoch: 53, Iteration: 372, Loss: 0.0956687331199646
INFO:root:Epoch: 53, Iteration: 373, Loss: 0.08880055695772171
INFO:root:Epoch: 53, Iteration: 374, Loss: 0.16824644804000854
INFO:root:Epoch: 53, Iteration: 375, Loss: 0.11217183619737625
INFO:root:Epoch: 53, Iteration: 376, Loss: 0.10024689882993698
INFO:root:Epoch: 53, Iteration: 377, Loss: 0.09675349295139313
INFO:root:Epoch: 53, Iteration: 378, Loss: 0.11243245005607605
INFO:root:Validation set mIOU: 80.6348750326991
INFO:root:Epoch: 54, Iteration: 379, Loss: 0.13535131514072418
INFO:root:Epoch: 54, Iteration: 380, Loss: 0.13225208222866058
INFO:root:Epoch: 54, Iteration: 381, Loss: 0.10375472158193588
INFO:root:Epoch: 54, Iteration: 382, Loss: 0.09513766318559647
INFO:root:Epoch: 54, Iteration: 383, Loss: 0.09498674422502518
INFO:root:Epoch: 54, Iteration: 384, Loss: 0.14843890070915222
INFO:root:Epoch: 54, Iteration: 385, Loss: 0.15299342572689056
INFO:root:Validation set mIOU: 81.24793662096322
INFO:root:Epoch: 55, Iteration: 386, Loss: 0.14194616675376892
INFO:root:Epoch: 55, Iteration: 387, Loss: 0.1252196580171585
INFO:root:Epoch: 55, Iteration: 388, Loss: 0.1242910847067833
INFO:root:Epoch: 55, Iteration: 389, Loss: 0.11088177561759949
INFO:root:Epoch: 55, Iteration: 390, Loss: 0.11935065686702728
INFO:root:Epoch: 55, Iteration: 391, Loss: 0.08506380766630173
INFO:root:Epoch: 55, Iteration: 392, Loss: 0.10843566060066223
INFO:root:Validation set mIOU: 81.24188132885868
INFO:root:Epoch: 56, Iteration: 393, Loss: 0.10177074372768402
INFO:root:Epoch: 56, Iteration: 394, Loss: 0.09960659593343735
INFO:root:Epoch: 56, Iteration: 395, Loss: 0.13942697644233704
INFO:root:Epoch: 56, Iteration: 396, Loss: 0.11795860528945923
INFO:root:Epoch: 56, Iteration: 397, Loss: 0.11268965154886246
INFO:root:Epoch: 56, Iteration: 398, Loss: 0.08858876675367355
INFO:root:Epoch: 56, Iteration: 399, Loss: 0.1311672329902649
INFO:root:Validation set mIOU: 81.7144058634943
INFO:root:Epoch: 57, Iteration: 400, Loss: 0.09316546469926834
INFO:root:Epoch: 57, Iteration: 401, Loss: 0.12877564132213593
INFO:root:Epoch: 57, Iteration: 402, Loss: 0.11507786810398102
INFO:root:Epoch: 57, Iteration: 403, Loss: 0.1133626252412796
INFO:root:Epoch: 57, Iteration: 404, Loss: 0.11390713602304459
INFO:root:Epoch: 57, Iteration: 405, Loss: 0.09975476562976837
INFO:root:Epoch: 57, Iteration: 406, Loss: 0.1263747662305832
INFO:root:Validation set mIOU: 81.32706025027949
INFO:root:Epoch: 58, Iteration: 407, Loss: 0.20854607224464417
INFO:root:Epoch: 58, Iteration: 408, Loss: 0.1434546560049057
INFO:root:Epoch: 58, Iteration: 409, Loss: 0.12387322634458542
INFO:root:Epoch: 58, Iteration: 410, Loss: 0.10250116139650345
INFO:root:Epoch: 58, Iteration: 411, Loss: 0.12249395996332169
INFO:root:Epoch: 58, Iteration: 412, Loss: 0.10282940417528152
INFO:root:Epoch: 58, Iteration: 413, Loss: 0.11054152995347977
INFO:root:Validation set mIOU: 81.16843819625332
INFO:root:Epoch: 59, Iteration: 414, Loss: 0.10074800252914429
INFO:root:Epoch: 59, Iteration: 415, Loss: 0.09508933126926422
INFO:root:Epoch: 59, Iteration: 416, Loss: 0.11314984411001205
INFO:root:Epoch: 59, Iteration: 417, Loss: 0.09948591887950897
INFO:root:Epoch: 59, Iteration: 418, Loss: 0.09738708287477493
INFO:root:Epoch: 59, Iteration: 419, Loss: 0.1041933074593544
INFO:root:Epoch: 59, Iteration: 420, Loss: 0.08481209725141525
INFO:root:Validation set mIOU: 81.67091794966026
INFO:root:Epoch: 60, Iteration: 421, Loss: 0.12920823693275452
INFO:root:Epoch: 60, Iteration: 422, Loss: 0.12435054033994675
INFO:root:Epoch: 60, Iteration: 423, Loss: 0.11259277164936066
INFO:root:Epoch: 60, Iteration: 424, Loss: 0.08602898567914963
INFO:root:Epoch: 60, Iteration: 425, Loss: 0.12134478986263275
INFO:root:Epoch: 60, Iteration: 426, Loss: 0.08421546965837479
INFO:root:Epoch: 60, Iteration: 427, Loss: 0.11169738322496414
INFO:root:Validation set mIOU: 81.76370269379002
INFO:root:Epoch: 61, Iteration: 428, Loss: 0.09767895936965942
INFO:root:Epoch: 61, Iteration: 429, Loss: 0.0896807387471199
INFO:root:Epoch: 61, Iteration: 430, Loss: 0.11175435036420822
INFO:root:Epoch: 61, Iteration: 431, Loss: 0.1039508655667305
INFO:root:Epoch: 61, Iteration: 432, Loss: 0.11494364589452744
INFO:root:Epoch: 61, Iteration: 433, Loss: 0.10992971062660217
INFO:root:Epoch: 61, Iteration: 434, Loss: 0.1009654700756073
INFO:root:Validation set mIOU: 81.12908990691984
INFO:root:Epoch: 62, Iteration: 435, Loss: 0.10440082848072052
INFO:root:Epoch: 62, Iteration: 436, Loss: 0.0922534316778183
INFO:root:Epoch: 62, Iteration: 437, Loss: 0.13573695719242096
INFO:root:Epoch: 62, Iteration: 438, Loss: 0.104093037545681
INFO:root:Epoch: 62, Iteration: 439, Loss: 0.10455077141523361
INFO:root:Epoch: 62, Iteration: 440, Loss: 0.08010324835777283
INFO:root:Epoch: 62, Iteration: 441, Loss: 0.09554820507764816
INFO:root:Validation set mIOU: 81.6618002225184
INFO:root:Epoch: 63, Iteration: 442, Loss: 0.09314602613449097
INFO:root:Epoch: 63, Iteration: 443, Loss: 0.10779473930597305
INFO:root:Epoch: 63, Iteration: 444, Loss: 0.11134893447160721
INFO:root:Epoch: 63, Iteration: 445, Loss: 0.1095673143863678
INFO:root:Epoch: 63, Iteration: 446, Loss: 0.12248172610998154
INFO:root:Epoch: 63, Iteration: 447, Loss: 0.10890360176563263
INFO:root:Epoch: 63, Iteration: 448, Loss: 0.11883131414651871
INFO:root:Validation set mIOU: 81.81467848394806
INFO:root:Epoch: 64, Iteration: 449, Loss: 0.08887652307748795
INFO:root:Epoch: 64, Iteration: 450, Loss: 0.13496807217597961
INFO:root:Epoch: 64, Iteration: 451, Loss: 0.1322464793920517
INFO:root:Epoch: 64, Iteration: 452, Loss: 0.1064191684126854
INFO:root:Epoch: 64, Iteration: 453, Loss: 0.08169381320476532
INFO:root:Epoch: 64, Iteration: 454, Loss: 0.12390601634979248
INFO:root:Epoch: 64, Iteration: 455, Loss: 0.1053478941321373
INFO:root:Validation set mIOU: 81.73167871196087
INFO:root:Epoch: 65, Iteration: 456, Loss: 0.13096177577972412
INFO:root:Epoch: 65, Iteration: 457, Loss: 0.12525464594364166
INFO:root:Epoch: 65, Iteration: 458, Loss: 0.12258979678153992
INFO:root:Epoch: 65, Iteration: 459, Loss: 0.09162644296884537
INFO:root:Epoch: 65, Iteration: 460, Loss: 0.16147392988204956
INFO:root:Epoch: 65, Iteration: 461, Loss: 0.08039099723100662
INFO:root:Epoch: 65, Iteration: 462, Loss: 0.08990980684757233
INFO:root:Validation set mIOU: 81.43314072638282
INFO:root:Epoch: 66, Iteration: 463, Loss: 0.10659807175397873
INFO:root:Epoch: 66, Iteration: 464, Loss: 0.10698144137859344
INFO:root:Epoch: 66, Iteration: 465, Loss: 0.0941138043999672
INFO:root:Epoch: 66, Iteration: 466, Loss: 0.11419393122196198
INFO:root:Epoch: 66, Iteration: 467, Loss: 0.12084989994764328
INFO:root:Epoch: 66, Iteration: 468, Loss: 0.11023291200399399
INFO:root:Epoch: 66, Iteration: 469, Loss: 0.09692005813121796
INFO:root:Validation set mIOU: 81.52280505065282
INFO:root:Epoch: 67, Iteration: 470, Loss: 0.07711166143417358
INFO:root:Epoch: 67, Iteration: 471, Loss: 0.10709553211927414
INFO:root:Epoch: 67, Iteration: 472, Loss: 0.10382052510976791
INFO:root:Epoch: 67, Iteration: 473, Loss: 0.12298889458179474
INFO:root:Epoch: 67, Iteration: 474, Loss: 0.10833888500928879
INFO:root:Epoch: 67, Iteration: 475, Loss: 0.10785610228776932
INFO:root:Epoch: 67, Iteration: 476, Loss: 0.10211295634508133
INFO:root:Validation set mIOU: 81.62761124320524
INFO:root:Epoch: 68, Iteration: 477, Loss: 0.10978403687477112
INFO:root:Epoch: 68, Iteration: 478, Loss: 0.12648437917232513
INFO:root:Epoch: 68, Iteration: 479, Loss: 0.1241929829120636
INFO:root:Epoch: 68, Iteration: 480, Loss: 0.2011987715959549
INFO:root:Epoch: 68, Iteration: 481, Loss: 0.08503270149230957
INFO:root:Epoch: 68, Iteration: 482, Loss: 0.11600302904844284
INFO:root:Epoch: 68, Iteration: 483, Loss: 0.09996514767408371
INFO:root:Validation set mIOU: 81.58381261292965
INFO:root:Epoch: 69, Iteration: 484, Loss: 0.1278948038816452
INFO:root:Epoch: 69, Iteration: 485, Loss: 0.11588643491268158
INFO:root:Epoch: 69, Iteration: 486, Loss: 0.08951292932033539
INFO:root:Epoch: 69, Iteration: 487, Loss: 0.12094582617282867
INFO:root:Epoch: 69, Iteration: 488, Loss: 0.09329158067703247
INFO:root:Epoch: 69, Iteration: 489, Loss: 0.10272353142499924
INFO:root:Epoch: 69, Iteration: 490, Loss: 0.09038522094488144
INFO:root:Validation set mIOU: 81.63578488750579
INFO:root:Epoch: 70, Iteration: 491, Loss: 0.10407335311174393
INFO:root:Epoch: 70, Iteration: 492, Loss: 0.09271493554115295
INFO:root:Epoch: 70, Iteration: 493, Loss: 0.11725275963544846
INFO:root:Epoch: 70, Iteration: 494, Loss: 0.09942896664142609
INFO:root:Epoch: 70, Iteration: 495, Loss: 0.12001994997262955
INFO:root:Epoch: 70, Iteration: 496, Loss: 0.11672308295965195
INFO:root:Epoch: 70, Iteration: 497, Loss: 0.11456497758626938
INFO:root:Validation set mIOU: 81.79086679522354
INFO:root:Epoch: 71, Iteration: 498, Loss: 0.10500677675008774
INFO:root:Epoch: 71, Iteration: 499, Loss: 0.0938955545425415
INFO:root:Epoch: 71, Iteration: 500, Loss: 0.12854374945163727
INFO:root:Epoch: 71, Iteration: 501, Loss: 0.08609529584646225
INFO:root:Epoch: 71, Iteration: 502, Loss: 0.1276288777589798
INFO:root:Epoch: 71, Iteration: 503, Loss: 0.09144638478755951
INFO:root:Epoch: 71, Iteration: 504, Loss: 0.12044554203748703
INFO:root:Validation set mIOU: 81.90166340735203
INFO:root:Epoch: 72, Iteration: 505, Loss: 0.08612892031669617
INFO:root:Epoch: 72, Iteration: 506, Loss: 0.10765359550714493
INFO:root:Epoch: 72, Iteration: 507, Loss: 0.1200290247797966
INFO:root:Epoch: 72, Iteration: 508, Loss: 0.12010807543992996
INFO:root:Epoch: 72, Iteration: 509, Loss: 0.1153329461812973
INFO:root:Epoch: 72, Iteration: 510, Loss: 0.09639590978622437
INFO:root:Epoch: 72, Iteration: 511, Loss: 0.09847438335418701
INFO:root:Validation set mIOU: 81.43668228670742
INFO:root:Epoch: 73, Iteration: 512, Loss: 0.09902375936508179
INFO:root:Epoch: 73, Iteration: 513, Loss: 0.08981484919786453
INFO:root:Epoch: 73, Iteration: 514, Loss: 0.1065138503909111
INFO:root:Epoch: 73, Iteration: 515, Loss: 0.11047133803367615
INFO:root:Epoch: 73, Iteration: 516, Loss: 0.12687818706035614
INFO:root:Epoch: 73, Iteration: 517, Loss: 0.08067628741264343
INFO:root:Epoch: 73, Iteration: 518, Loss: 0.08880507946014404
INFO:root:Validation set mIOU: 81.31978296861476
INFO:root:Epoch: 74, Iteration: 519, Loss: 0.11463430523872375
INFO:root:Epoch: 74, Iteration: 520, Loss: 0.09173452109098434
INFO:root:Epoch: 74, Iteration: 521, Loss: 0.11540617793798447
INFO:root:Epoch: 74, Iteration: 522, Loss: 0.10120313614606857
INFO:root:Epoch: 74, Iteration: 523, Loss: 0.10986384749412537
INFO:root:Epoch: 74, Iteration: 524, Loss: 0.09062838554382324
INFO:root:Epoch: 74, Iteration: 525, Loss: 0.08125948905944824
INFO:root:Validation set mIOU: 81.37301408358078
INFO:root:Epoch: 75, Iteration: 526, Loss: 0.09215418249368668
INFO:root:Epoch: 75, Iteration: 527, Loss: 0.09439295530319214
INFO:root:Epoch: 75, Iteration: 528, Loss: 0.15934579074382782
INFO:root:Epoch: 75, Iteration: 529, Loss: 0.14584258198738098
INFO:root:Epoch: 75, Iteration: 530, Loss: 0.08862486481666565
INFO:root:Epoch: 75, Iteration: 531, Loss: 0.12023302912712097
INFO:root:Epoch: 75, Iteration: 532, Loss: 0.09389183670282364
INFO:root:Validation set mIOU: 81.3455708299693
INFO:root:Epoch: 76, Iteration: 533, Loss: 0.15193071961402893
INFO:root:Epoch: 76, Iteration: 534, Loss: 0.09764958173036575
INFO:root:Epoch: 76, Iteration: 535, Loss: 0.11601708084344864
INFO:root:Epoch: 76, Iteration: 536, Loss: 0.10540802776813507
INFO:root:Epoch: 76, Iteration: 537, Loss: 0.08475088328123093
INFO:root:Epoch: 76, Iteration: 538, Loss: 0.10099970549345016
INFO:root:Epoch: 76, Iteration: 539, Loss: 0.09898717701435089
INFO:root:Validation set mIOU: 81.68957395251697
INFO:root:Epoch: 77, Iteration: 540, Loss: 0.08961731195449829
INFO:root:Epoch: 77, Iteration: 541, Loss: 0.0962110310792923
INFO:root:Epoch: 77, Iteration: 542, Loss: 0.09743953496217728
INFO:root:Epoch: 77, Iteration: 543, Loss: 0.09762219339609146
INFO:root:Epoch: 77, Iteration: 544, Loss: 0.12516406178474426
INFO:root:Epoch: 77, Iteration: 545, Loss: 0.11860019713640213
INFO:root:Epoch: 77, Iteration: 546, Loss: 0.1261003166437149
INFO:root:Validation set mIOU: 81.88413801995674
INFO:root:Epoch: 78, Iteration: 547, Loss: 0.10270281136035919
INFO:root:Epoch: 78, Iteration: 548, Loss: 0.11226503551006317
INFO:root:Epoch: 78, Iteration: 549, Loss: 0.08189468085765839
INFO:root:Epoch: 78, Iteration: 550, Loss: 0.09186151623725891
INFO:root:Epoch: 78, Iteration: 551, Loss: 0.08739665895700455
INFO:root:Epoch: 78, Iteration: 552, Loss: 0.10925117880105972
INFO:root:Epoch: 78, Iteration: 553, Loss: 0.11754021793603897
INFO:root:Validation set mIOU: 81.80696319216636
INFO:root:Epoch: 79, Iteration: 554, Loss: 0.09216881543397903
INFO:root:Epoch: 79, Iteration: 555, Loss: 0.15035563707351685
INFO:root:Epoch: 79, Iteration: 556, Loss: 0.10534682124853134
INFO:root:Epoch: 79, Iteration: 557, Loss: 0.07789231091737747
INFO:root:Epoch: 79, Iteration: 558, Loss: 0.111271433532238
INFO:root:Epoch: 79, Iteration: 559, Loss: 0.10628929734230042
INFO:root:Epoch: 79, Iteration: 560, Loss: 0.09157652407884598
INFO:root:Validation set mIOU: 82.09001891904029
INFO:root:Epoch: 80, Iteration: 561, Loss: 0.16729767620563507
INFO:root:Epoch: 80, Iteration: 562, Loss: 0.10108745843172073
INFO:root:Epoch: 80, Iteration: 563, Loss: 0.1015799269080162
INFO:root:Epoch: 80, Iteration: 564, Loss: 0.1051170825958252
INFO:root:Epoch: 80, Iteration: 565, Loss: 0.15366685390472412
INFO:root:Epoch: 80, Iteration: 566, Loss: 0.09573536366224289
INFO:root:Epoch: 80, Iteration: 567, Loss: 0.07853980362415314
INFO:root:Validation set mIOU: 81.99232636858959
INFO:root:Epoch: 81, Iteration: 568, Loss: 0.09464723616838455
INFO:root:Epoch: 81, Iteration: 569, Loss: 0.13316801190376282
INFO:root:Epoch: 81, Iteration: 570, Loss: 0.09109759330749512
INFO:root:Epoch: 81, Iteration: 571, Loss: 0.09957008063793182
INFO:root:Epoch: 81, Iteration: 572, Loss: 0.104189932346344
INFO:root:Epoch: 81, Iteration: 573, Loss: 0.10291336476802826
INFO:root:Epoch: 81, Iteration: 574, Loss: 0.09384845197200775
INFO:root:Validation set mIOU: 82.02914030280945
INFO:root:Epoch: 82, Iteration: 575, Loss: 0.09585876017808914
INFO:root:Epoch: 82, Iteration: 576, Loss: 0.10723050683736801
INFO:root:Epoch: 82, Iteration: 577, Loss: 0.1049412414431572
INFO:root:Epoch: 82, Iteration: 578, Loss: 0.08344785869121552
INFO:root:Epoch: 82, Iteration: 579, Loss: 0.10562946647405624
INFO:root:Epoch: 82, Iteration: 580, Loss: 0.09075618535280228
INFO:root:Epoch: 82, Iteration: 581, Loss: 0.11506125330924988
INFO:root:Validation set mIOU: 81.7992114606449
INFO:root:Epoch: 83, Iteration: 582, Loss: 0.10117218643426895
INFO:root:Epoch: 83, Iteration: 583, Loss: 0.08549804985523224
INFO:root:Epoch: 83, Iteration: 584, Loss: 0.1583220511674881
INFO:root:Epoch: 83, Iteration: 585, Loss: 0.12361225485801697
INFO:root:Epoch: 83, Iteration: 586, Loss: 0.08965788036584854
INFO:root:Epoch: 83, Iteration: 587, Loss: 0.1163734644651413
INFO:root:Epoch: 83, Iteration: 588, Loss: 0.10653766244649887
INFO:root:Validation set mIOU: 81.7931532521979
INFO:root:Epoch: 84, Iteration: 589, Loss: 0.08641747385263443
INFO:root:Epoch: 84, Iteration: 590, Loss: 0.10318515449762344
INFO:root:Epoch: 84, Iteration: 591, Loss: 0.09061408787965775
INFO:root:Epoch: 84, Iteration: 592, Loss: 0.07781951129436493
INFO:root:Epoch: 84, Iteration: 593, Loss: 0.11955195665359497
INFO:root:Epoch: 84, Iteration: 594, Loss: 0.11693652719259262
INFO:root:Epoch: 84, Iteration: 595, Loss: 0.12437301129102707
INFO:root:Validation set mIOU: 82.30544782842804
INFO:root:Epoch: 85, Iteration: 596, Loss: 0.11003345996141434
INFO:root:Epoch: 85, Iteration: 597, Loss: 0.07362166792154312
INFO:root:Epoch: 85, Iteration: 598, Loss: 0.09126585721969604
INFO:root:Epoch: 85, Iteration: 599, Loss: 0.13040368258953094
INFO:root:Epoch: 85, Iteration: 600, Loss: 0.10963095724582672
INFO:root:Epoch: 85, Iteration: 601, Loss: 0.11518940329551697
INFO:root:Epoch: 85, Iteration: 602, Loss: 0.09501168876886368
INFO:root:Validation set mIOU: 82.34963449214186
INFO:root:Epoch: 86, Iteration: 603, Loss: 0.09208188205957413
INFO:root:Epoch: 86, Iteration: 604, Loss: 0.10534212738275528
INFO:root:Epoch: 86, Iteration: 605, Loss: 0.1346721351146698
INFO:root:Epoch: 86, Iteration: 606, Loss: 0.09357726573944092
INFO:root:Epoch: 86, Iteration: 607, Loss: 0.10728681087493896
INFO:root:Epoch: 86, Iteration: 608, Loss: 0.10968638211488724
INFO:root:Epoch: 86, Iteration: 609, Loss: 0.09186781942844391
INFO:root:Validation set mIOU: 82.09628538272325
INFO:root:Epoch: 87, Iteration: 610, Loss: 0.08685769885778427
INFO:root:Epoch: 87, Iteration: 611, Loss: 0.1016828864812851
INFO:root:Epoch: 87, Iteration: 612, Loss: 0.10290541499853134
INFO:root:Epoch: 87, Iteration: 613, Loss: 0.09190000593662262
INFO:root:Epoch: 87, Iteration: 614, Loss: 0.09161005914211273
INFO:root:Epoch: 87, Iteration: 615, Loss: 0.09278490394353867
INFO:root:Epoch: 87, Iteration: 616, Loss: 0.095322385430336
INFO:root:Validation set mIOU: 82.19490534732579
INFO:root:Epoch: 88, Iteration: 617, Loss: 0.08764283359050751
INFO:root:Epoch: 88, Iteration: 618, Loss: 0.0858461931347847
INFO:root:Epoch: 88, Iteration: 619, Loss: 0.0962524488568306
INFO:root:Epoch: 88, Iteration: 620, Loss: 0.10091088712215424
INFO:root:Epoch: 88, Iteration: 621, Loss: 0.10818619281053543
INFO:root:Epoch: 88, Iteration: 622, Loss: 0.0884551927447319
INFO:root:Epoch: 88, Iteration: 623, Loss: 0.09538529813289642
INFO:root:Validation set mIOU: 82.13253260598205
INFO:root:Epoch: 89, Iteration: 624, Loss: 0.08777774125337601
INFO:root:Epoch: 89, Iteration: 625, Loss: 0.08416138589382172
INFO:root:Epoch: 89, Iteration: 626, Loss: 0.07281941920518875
INFO:root:Epoch: 89, Iteration: 627, Loss: 0.11012628674507141
INFO:root:Epoch: 89, Iteration: 628, Loss: 0.10936876386404037
INFO:root:Epoch: 89, Iteration: 629, Loss: 0.12319602817296982
INFO:root:Epoch: 89, Iteration: 630, Loss: 0.09822387248277664
INFO:root:Validation set mIOU: 82.49699365510054
INFO:root:Epoch: 90, Iteration: 631, Loss: 0.11668414622545242
INFO:root:Epoch: 90, Iteration: 632, Loss: 0.10150140523910522
INFO:root:Epoch: 90, Iteration: 633, Loss: 0.10799293965101242
INFO:root:Epoch: 90, Iteration: 634, Loss: 0.10276312381029129
INFO:root:Epoch: 90, Iteration: 635, Loss: 0.09776928275823593
INFO:root:Epoch: 90, Iteration: 636, Loss: 0.11172721534967422
INFO:root:Epoch: 90, Iteration: 637, Loss: 0.0815279632806778
INFO:root:Validation set mIOU: 82.08236597012534
INFO:root:Epoch: 91, Iteration: 638, Loss: 0.08249467611312866
INFO:root:Epoch: 91, Iteration: 639, Loss: 0.09646577388048172
INFO:root:Epoch: 91, Iteration: 640, Loss: 0.1535986065864563
INFO:root:Epoch: 91, Iteration: 641, Loss: 0.0937933400273323
INFO:root:Epoch: 91, Iteration: 642, Loss: 0.09962373971939087
INFO:root:Epoch: 91, Iteration: 643, Loss: 0.08938669413328171
INFO:root:Epoch: 91, Iteration: 644, Loss: 0.08476947247982025
INFO:root:Validation set mIOU: 82.29046626375359
INFO:root:Epoch: 92, Iteration: 645, Loss: 0.12227188795804977
INFO:root:Epoch: 92, Iteration: 646, Loss: 0.12404648214578629
INFO:root:Epoch: 92, Iteration: 647, Loss: 0.07660411298274994
INFO:root:Epoch: 92, Iteration: 648, Loss: 0.073455810546875
INFO:root:Epoch: 92, Iteration: 649, Loss: 0.08336742967367172
INFO:root:Epoch: 92, Iteration: 650, Loss: 0.07838175445795059
INFO:root:Epoch: 92, Iteration: 651, Loss: 0.09573031961917877
INFO:root:Validation set mIOU: 82.14662343179381
INFO:root:Epoch: 93, Iteration: 652, Loss: 0.11897728592157364
INFO:root:Epoch: 93, Iteration: 653, Loss: 0.08753564953804016
INFO:root:Epoch: 93, Iteration: 654, Loss: 0.09486022591590881
INFO:root:Epoch: 93, Iteration: 655, Loss: 0.08762100338935852
INFO:root:Epoch: 93, Iteration: 656, Loss: 0.09394323825836182
INFO:root:Epoch: 93, Iteration: 657, Loss: 0.09824112057685852
INFO:root:Epoch: 93, Iteration: 658, Loss: 0.0861380472779274
INFO:root:Validation set mIOU: 82.11300555659574
INFO:root:Epoch: 94, Iteration: 659, Loss: 0.08672814071178436
INFO:root:Epoch: 94, Iteration: 660, Loss: 0.09749102592468262
INFO:root:Epoch: 94, Iteration: 661, Loss: 0.10843415558338165
INFO:root:Epoch: 94, Iteration: 662, Loss: 0.08760327845811844
INFO:root:Epoch: 94, Iteration: 663, Loss: 0.13978996872901917
INFO:root:Epoch: 94, Iteration: 664, Loss: 0.10376986861228943
INFO:root:Epoch: 94, Iteration: 665, Loss: 0.09483171254396439
INFO:root:Validation set mIOU: 81.82490097609887
INFO:root:Epoch: 95, Iteration: 666, Loss: 0.09366201609373093
INFO:root:Epoch: 95, Iteration: 667, Loss: 0.09108678251504898
INFO:root:Epoch: 95, Iteration: 668, Loss: 0.0946367084980011
INFO:root:Epoch: 95, Iteration: 669, Loss: 0.11955570429563522
INFO:root:Epoch: 95, Iteration: 670, Loss: 0.11526218801736832
INFO:root:Epoch: 95, Iteration: 671, Loss: 0.08336055278778076
INFO:root:Epoch: 95, Iteration: 672, Loss: 0.10964413732290268
INFO:root:Validation set mIOU: 81.89391775642272
INFO:root:Epoch: 96, Iteration: 673, Loss: 0.08311393111944199
INFO:root:Epoch: 96, Iteration: 674, Loss: 0.10422848165035248
INFO:root:Epoch: 96, Iteration: 675, Loss: 0.1272139847278595
INFO:root:Epoch: 96, Iteration: 676, Loss: 0.0778939351439476
INFO:root:Epoch: 96, Iteration: 677, Loss: 0.0930076390504837
INFO:root:Epoch: 96, Iteration: 678, Loss: 0.09308364242315292
INFO:root:Epoch: 96, Iteration: 679, Loss: 0.08325465023517609
INFO:root:Validation set mIOU: 81.95709900343508
INFO:root:Epoch: 97, Iteration: 680, Loss: 0.08469541370868683
INFO:root:Epoch: 97, Iteration: 681, Loss: 0.09639038890600204
INFO:root:Epoch: 97, Iteration: 682, Loss: 0.09950929880142212
INFO:root:Epoch: 97, Iteration: 683, Loss: 0.08840754628181458
INFO:root:Epoch: 97, Iteration: 684, Loss: 0.0833529531955719
INFO:root:Epoch: 97, Iteration: 685, Loss: 0.09566984325647354
INFO:root:Epoch: 97, Iteration: 686, Loss: 0.10524513572454453
INFO:root:Validation set mIOU: 81.83368902250876
INFO:root:Epoch: 98, Iteration: 687, Loss: 0.10828449577093124
INFO:root:Epoch: 98, Iteration: 688, Loss: 0.09703336656093597
INFO:root:Epoch: 98, Iteration: 689, Loss: 0.08804448693990707
INFO:root:Epoch: 98, Iteration: 690, Loss: 0.11315909773111343
INFO:root:Epoch: 98, Iteration: 691, Loss: 0.07586374133825302
INFO:root:Epoch: 98, Iteration: 692, Loss: 0.07879633456468582
INFO:root:Epoch: 98, Iteration: 693, Loss: 0.0947604775428772
INFO:root:Validation set mIOU: 82.1313174687618
INFO:root:Epoch: 99, Iteration: 694, Loss: 0.09864763915538788
INFO:root:Epoch: 99, Iteration: 695, Loss: 0.08815895766019821
INFO:root:Epoch: 99, Iteration: 696, Loss: 0.09106186777353287
INFO:root:Epoch: 99, Iteration: 697, Loss: 0.08245047926902771
INFO:root:Epoch: 99, Iteration: 698, Loss: 0.1003277599811554
INFO:root:Epoch: 99, Iteration: 699, Loss: 0.10343959927558899
INFO:root:Epoch: 99, Iteration: 700, Loss: 0.12572622299194336
INFO:root:Validation set mIOU: 81.86474771864995
