INFO:root:{'addition': 'no_noisy',
 'backbone': 'resnet50',
 'batch_size': 16,
 'batch_size_consistency': 16,
 'conf_thres': 0.95,
 'config': 'configs/dataset2.yaml',
 'consistency_training': False,
 'crop_size': 320,
 'data_root': './',
 'dataset': 'dataset2',
 'epochs': 100,
 'labeled_id_path': 'dataset/splits/dataset2/1_4/split_no_noisy/labeled.txt',
 'lr': 0.0009,
 'model': 'pspnet',
 'ngpus': 1,
 'plus': False,
 'pseudo_consistency_mask_path': None,
 'pseudo_mask_path': 'outdir/pseudo_masks/dataset2/1_4/split_no_noisy/pspnet/resnet50/no_noisy/self_training/non_consistency_training/first_time',
 'rand_thres': 0.8,
 'reliable_id_path': None,
 'save_path': 'outdir/models/dataset2/1_4/split_no_noisy/pspnet/resnet50/no_noisy/self_training/non_consistency_training/first_time',
 'time': 1,
 'unlabeled_id_path': 'dataset/splits/dataset2/1_4/split_no_noisy/unlabeled.txt',
 'warm_up': 30}

INFO:root:Training supervised with consistency on unlabeled images
INFO:root:Epoch: 0, Iteration: 1, Loss: 1.1002272367477417
INFO:root:Epoch: 0, Iteration: 2, Loss: 0.7423295378684998
INFO:root:Validation set mIOU: 41.95409440182118
INFO:root:Epoch: 1, Iteration: 3, Loss: 0.47977012395858765
INFO:root:Epoch: 1, Iteration: 4, Loss: 0.43023547530174255
INFO:root:Validation set mIOU: 55.14354650018286
INFO:root:Epoch: 2, Iteration: 5, Loss: 0.3845449388027191
INFO:root:Epoch: 2, Iteration: 6, Loss: 0.3657272160053253
INFO:root:Validation set mIOU: 61.00300842148888
INFO:root:Epoch: 3, Iteration: 7, Loss: 0.28342941403388977
INFO:root:Epoch: 3, Iteration: 8, Loss: 0.36018481850624084
INFO:root:Validation set mIOU: 57.08426529737891
INFO:root:Epoch: 4, Iteration: 9, Loss: 0.2629410922527313
INFO:root:Epoch: 4, Iteration: 10, Loss: 0.21743372082710266
INFO:root:Validation set mIOU: 57.01068886696689
INFO:root:Epoch: 5, Iteration: 11, Loss: 0.24590587615966797
INFO:root:Epoch: 5, Iteration: 12, Loss: 0.21784982085227966
INFO:root:Validation set mIOU: 60.106573927886444
INFO:root:Epoch: 6, Iteration: 13, Loss: 0.20729395747184753
INFO:root:Epoch: 6, Iteration: 14, Loss: 0.23612532019615173
INFO:root:Validation set mIOU: 61.62232007031147
INFO:root:Epoch: 7, Iteration: 15, Loss: 0.2507210075855255
INFO:root:Epoch: 7, Iteration: 16, Loss: 0.22606053948402405
INFO:root:Validation set mIOU: 63.65741960017214
INFO:root:Epoch: 8, Iteration: 17, Loss: 0.18665143847465515
INFO:root:Epoch: 8, Iteration: 18, Loss: 0.19950398802757263
INFO:root:Validation set mIOU: 65.78415186245114
INFO:root:Epoch: 9, Iteration: 19, Loss: 0.186439648270607
INFO:root:Epoch: 9, Iteration: 20, Loss: 0.22629833221435547
INFO:root:Validation set mIOU: 66.53803029548891
INFO:root:Epoch: 10, Iteration: 21, Loss: 0.2770177721977234
INFO:root:Epoch: 10, Iteration: 22, Loss: 0.17928478121757507
INFO:root:Validation set mIOU: 65.88312238804308
INFO:root:Epoch: 11, Iteration: 23, Loss: 0.17249006032943726
INFO:root:Epoch: 11, Iteration: 24, Loss: 0.1750914305448532
INFO:root:Validation set mIOU: 65.8057836652984
INFO:root:Epoch: 12, Iteration: 25, Loss: 0.168878972530365
INFO:root:Epoch: 12, Iteration: 26, Loss: 0.19666947424411774
INFO:root:Validation set mIOU: 66.40479686130315
INFO:root:Epoch: 13, Iteration: 27, Loss: 0.18353544175624847
INFO:root:Epoch: 13, Iteration: 28, Loss: 0.16576051712036133
INFO:root:Validation set mIOU: 67.25276839049091
INFO:root:Epoch: 14, Iteration: 29, Loss: 0.16405834257602692
INFO:root:Epoch: 14, Iteration: 30, Loss: 0.18855296075344086
INFO:root:Validation set mIOU: 67.43888462238647
INFO:root:Epoch: 15, Iteration: 31, Loss: 0.14989954233169556
INFO:root:Epoch: 15, Iteration: 32, Loss: 0.16521760821342468
INFO:root:Validation set mIOU: 68.68580595208087
INFO:root:Epoch: 16, Iteration: 33, Loss: 0.14467772841453552
INFO:root:Epoch: 16, Iteration: 34, Loss: 0.1714300513267517
INFO:root:Validation set mIOU: 69.90271565460063
INFO:root:Epoch: 17, Iteration: 35, Loss: 0.13945980370044708
INFO:root:Epoch: 17, Iteration: 36, Loss: 0.16799814999103546
INFO:root:Validation set mIOU: 70.58564882231094
INFO:root:Epoch: 18, Iteration: 37, Loss: 0.17481321096420288
INFO:root:Epoch: 18, Iteration: 38, Loss: 0.14623145759105682
INFO:root:Validation set mIOU: 70.47388096695609
INFO:root:Epoch: 19, Iteration: 39, Loss: 0.1554824560880661
INFO:root:Epoch: 19, Iteration: 40, Loss: 0.15432009100914001
INFO:root:Validation set mIOU: 70.81772232962535
INFO:root:Epoch: 20, Iteration: 41, Loss: 0.14798302948474884
INFO:root:Epoch: 20, Iteration: 42, Loss: 0.14187069237232208
INFO:root:Validation set mIOU: 70.08461822026571
INFO:root:Epoch: 21, Iteration: 43, Loss: 0.1588442176580429
INFO:root:Epoch: 21, Iteration: 44, Loss: 0.15921245515346527
INFO:root:Validation set mIOU: 68.77207147334569
INFO:root:Epoch: 22, Iteration: 45, Loss: 0.1461334079504013
INFO:root:Epoch: 22, Iteration: 46, Loss: 0.14887957274913788
INFO:root:Validation set mIOU: 68.35787006204554
INFO:root:Epoch: 23, Iteration: 47, Loss: 0.16397462785243988
INFO:root:Epoch: 23, Iteration: 48, Loss: 0.11936285346746445
INFO:root:Validation set mIOU: 69.51627193618997
INFO:root:Epoch: 24, Iteration: 49, Loss: 0.18742601573467255
INFO:root:Epoch: 24, Iteration: 50, Loss: 0.14601317048072815
INFO:root:Validation set mIOU: 70.86294979357385
INFO:root:Epoch: 25, Iteration: 51, Loss: 0.16165216267108917
INFO:root:Epoch: 25, Iteration: 52, Loss: 0.17661868035793304
INFO:root:Validation set mIOU: 71.72279882809444
INFO:root:Epoch: 26, Iteration: 53, Loss: 0.15543191134929657
INFO:root:Epoch: 26, Iteration: 54, Loss: 0.12592190504074097
INFO:root:Validation set mIOU: 71.94063165260629
INFO:root:Epoch: 27, Iteration: 55, Loss: 0.14847995340824127
INFO:root:Epoch: 27, Iteration: 56, Loss: 0.13785132765769958
INFO:root:Validation set mIOU: 71.60365206518215
INFO:root:Epoch: 28, Iteration: 57, Loss: 0.1474643349647522
INFO:root:Epoch: 28, Iteration: 58, Loss: 0.1623872071504593
INFO:root:Validation set mIOU: 69.6254890853469
INFO:root:Epoch: 29, Iteration: 59, Loss: 0.12338227778673172
INFO:root:Epoch: 29, Iteration: 60, Loss: 0.14597204327583313
INFO:root:Validation set mIOU: 68.81271333810191
INFO:root:Epoch: 30, Iteration: 61, Loss: 0.12572236359119415
INFO:root:Epoch: 30, Iteration: 62, Loss: 0.12088961899280548
INFO:root:Validation set mIOU: 69.89855038912066
INFO:root:Epoch: 31, Iteration: 63, Loss: 0.13760744035243988
INFO:root:Epoch: 31, Iteration: 64, Loss: 0.12637072801589966
INFO:root:Validation set mIOU: 72.03080406164601
INFO:root:Epoch: 32, Iteration: 65, Loss: 0.1198560893535614
INFO:root:Epoch: 32, Iteration: 66, Loss: 0.1293625384569168
INFO:root:Validation set mIOU: 73.75990047958014
INFO:root:Epoch: 33, Iteration: 67, Loss: 0.11824464797973633
INFO:root:Epoch: 33, Iteration: 68, Loss: 0.1467793881893158
INFO:root:Validation set mIOU: 74.4379054528367
INFO:root:Epoch: 34, Iteration: 69, Loss: 0.12008101493120193
INFO:root:Epoch: 34, Iteration: 70, Loss: 0.13844773173332214
INFO:root:Validation set mIOU: 74.30941128676955
INFO:root:Epoch: 35, Iteration: 71, Loss: 0.11687959730625153
INFO:root:Epoch: 35, Iteration: 72, Loss: 0.11229512095451355
INFO:root:Validation set mIOU: 73.97851806126573
INFO:root:Epoch: 36, Iteration: 73, Loss: 0.12307483702898026
INFO:root:Epoch: 36, Iteration: 74, Loss: 0.12148700654506683
INFO:root:Validation set mIOU: 73.38725796553777
INFO:root:Epoch: 37, Iteration: 75, Loss: 0.14305105805397034
INFO:root:Epoch: 37, Iteration: 76, Loss: 0.1390538066625595
INFO:root:Validation set mIOU: 72.74581868272459
INFO:root:Epoch: 38, Iteration: 77, Loss: 0.12623852491378784
INFO:root:Epoch: 38, Iteration: 78, Loss: 0.12264887988567352
INFO:root:Validation set mIOU: 71.78373162523573
INFO:root:Epoch: 39, Iteration: 79, Loss: 0.12676256895065308
INFO:root:Epoch: 39, Iteration: 80, Loss: 0.11052022874355316
INFO:root:Validation set mIOU: 71.44222284881523
INFO:root:Epoch: 40, Iteration: 81, Loss: 0.16522152721881866
INFO:root:Epoch: 40, Iteration: 82, Loss: 0.12243369221687317
INFO:root:Validation set mIOU: 70.0926965793102
INFO:root:Epoch: 41, Iteration: 83, Loss: 0.12238651514053345
INFO:root:Epoch: 41, Iteration: 84, Loss: 0.12922939658164978
INFO:root:Validation set mIOU: 70.06337888998456
INFO:root:Epoch: 42, Iteration: 85, Loss: 0.13515545427799225
INFO:root:Epoch: 42, Iteration: 86, Loss: 0.11275343596935272
INFO:root:Validation set mIOU: 70.89965769468675
INFO:root:Epoch: 43, Iteration: 87, Loss: 0.11664918810129166
INFO:root:Epoch: 43, Iteration: 88, Loss: 0.10723800212144852
INFO:root:Validation set mIOU: 72.07437759487728
INFO:root:Epoch: 44, Iteration: 89, Loss: 0.11573703587055206
INFO:root:Epoch: 44, Iteration: 90, Loss: 0.11072444915771484
INFO:root:Validation set mIOU: 73.30931483403235
INFO:root:Epoch: 45, Iteration: 91, Loss: 0.111657053232193
INFO:root:Epoch: 45, Iteration: 92, Loss: 0.11615421622991562
INFO:root:Validation set mIOU: 74.43035430961619
INFO:root:Epoch: 46, Iteration: 93, Loss: 0.1153881847858429
INFO:root:Epoch: 46, Iteration: 94, Loss: 0.12244237959384918
INFO:root:Validation set mIOU: 74.45354107071593
INFO:root:Epoch: 47, Iteration: 95, Loss: 0.10649227350950241
INFO:root:Epoch: 47, Iteration: 96, Loss: 0.1252298504114151
INFO:root:Validation set mIOU: 74.11867442279444
INFO:root:Epoch: 48, Iteration: 97, Loss: 0.10196840018033981
INFO:root:Epoch: 48, Iteration: 98, Loss: 0.1327550858259201
INFO:root:Validation set mIOU: 72.8383039351784
INFO:root:Epoch: 49, Iteration: 99, Loss: 0.11912952363491058
INFO:root:Epoch: 49, Iteration: 100, Loss: 0.10399026423692703
INFO:root:Validation set mIOU: 72.85876149653294
INFO:root:Epoch: 50, Iteration: 101, Loss: 0.11606764793395996
INFO:root:Epoch: 50, Iteration: 102, Loss: 0.10924936085939407
INFO:root:Validation set mIOU: 73.33499346517341
INFO:root:Epoch: 51, Iteration: 103, Loss: 0.1054648831486702
INFO:root:Epoch: 51, Iteration: 104, Loss: 0.10877228528261185
INFO:root:Validation set mIOU: 73.45309839402789
INFO:root:Epoch: 52, Iteration: 105, Loss: 0.11385717988014221
INFO:root:Epoch: 52, Iteration: 106, Loss: 0.11770707368850708
INFO:root:Validation set mIOU: 74.04784904093825
INFO:root:Epoch: 53, Iteration: 107, Loss: 0.12599830329418182
INFO:root:Epoch: 53, Iteration: 108, Loss: 0.11981017887592316
INFO:root:Validation set mIOU: 74.68635073122086
INFO:root:Epoch: 54, Iteration: 109, Loss: 0.11315350979566574
INFO:root:Epoch: 54, Iteration: 110, Loss: 0.1141904816031456
INFO:root:Validation set mIOU: 74.6770475990307
INFO:root:Epoch: 55, Iteration: 111, Loss: 0.13104763627052307
INFO:root:Epoch: 55, Iteration: 112, Loss: 0.1097429096698761
INFO:root:Validation set mIOU: 74.53150900924128
INFO:root:Epoch: 56, Iteration: 113, Loss: 0.1302805095911026
INFO:root:Epoch: 56, Iteration: 114, Loss: 0.11169146001338959
INFO:root:Validation set mIOU: 74.14587425748206
INFO:root:Epoch: 57, Iteration: 115, Loss: 0.10557930916547775
INFO:root:Epoch: 57, Iteration: 116, Loss: 0.11194348335266113
INFO:root:Validation set mIOU: 74.07544697369613
INFO:root:Epoch: 58, Iteration: 117, Loss: 0.10680912435054779
INFO:root:Epoch: 58, Iteration: 118, Loss: 0.11824031174182892
INFO:root:Validation set mIOU: 74.50502289739421
INFO:root:Epoch: 59, Iteration: 119, Loss: 0.11741364747285843
INFO:root:Epoch: 59, Iteration: 120, Loss: 0.11009534448385239
INFO:root:Validation set mIOU: 74.79973327078255
INFO:root:Epoch: 60, Iteration: 121, Loss: 0.10494976490736008
INFO:root:Epoch: 60, Iteration: 122, Loss: 0.13241872191429138
INFO:root:Validation set mIOU: 75.015877414519
INFO:root:Epoch: 61, Iteration: 123, Loss: 0.09969320893287659
INFO:root:Epoch: 61, Iteration: 124, Loss: 0.11282110959291458
INFO:root:Validation set mIOU: 75.1919661731776
INFO:root:Epoch: 62, Iteration: 125, Loss: 0.1349060982465744
INFO:root:Epoch: 62, Iteration: 126, Loss: 0.11383302509784698
INFO:root:Validation set mIOU: 75.42527641123834
INFO:root:Epoch: 63, Iteration: 127, Loss: 0.11143314838409424
INFO:root:Epoch: 63, Iteration: 128, Loss: 0.10754704475402832
INFO:root:Validation set mIOU: 75.62905999215097
INFO:root:Epoch: 64, Iteration: 129, Loss: 0.12783534824848175
INFO:root:Epoch: 64, Iteration: 130, Loss: 0.09140253812074661
INFO:root:Validation set mIOU: 75.35824124595841
INFO:root:Epoch: 65, Iteration: 131, Loss: 0.1086481437087059
INFO:root:Epoch: 65, Iteration: 132, Loss: 0.10709677636623383
INFO:root:Validation set mIOU: 74.884742958589
INFO:root:Epoch: 66, Iteration: 133, Loss: 0.10448791831731796
INFO:root:Epoch: 66, Iteration: 134, Loss: 0.12336227297782898
INFO:root:Validation set mIOU: 74.29967947758193
INFO:root:Epoch: 67, Iteration: 135, Loss: 0.12263227999210358
INFO:root:Epoch: 67, Iteration: 136, Loss: 0.0995611771941185
INFO:root:Validation set mIOU: 73.98891492642228
INFO:root:Epoch: 68, Iteration: 137, Loss: 0.09993905574083328
INFO:root:Epoch: 68, Iteration: 138, Loss: 0.11705351620912552
INFO:root:Validation set mIOU: 73.60322824544836
INFO:root:Epoch: 69, Iteration: 139, Loss: 0.10648456960916519
INFO:root:Epoch: 69, Iteration: 140, Loss: 0.09153449535369873
INFO:root:Validation set mIOU: 73.73008403732118
INFO:root:Epoch: 70, Iteration: 141, Loss: 0.09184443205595016
INFO:root:Epoch: 70, Iteration: 142, Loss: 0.10121656954288483
INFO:root:Validation set mIOU: 74.44913365277147
INFO:root:Epoch: 71, Iteration: 143, Loss: 0.10295802354812622
INFO:root:Epoch: 71, Iteration: 144, Loss: 0.09974081069231033
INFO:root:Validation set mIOU: 74.87826375076888
INFO:root:Epoch: 72, Iteration: 145, Loss: 0.098456010222435
INFO:root:Epoch: 72, Iteration: 146, Loss: 0.10974790900945663
INFO:root:Validation set mIOU: 74.99102534566885
INFO:root:Epoch: 73, Iteration: 147, Loss: 0.0962020605802536
INFO:root:Epoch: 73, Iteration: 148, Loss: 0.10589716583490372
INFO:root:Validation set mIOU: 75.21143859581191
INFO:root:Epoch: 74, Iteration: 149, Loss: 0.09884827584028244
INFO:root:Epoch: 74, Iteration: 150, Loss: 0.09230619668960571
INFO:root:Validation set mIOU: 75.22653257026847
INFO:root:Epoch: 75, Iteration: 151, Loss: 0.0956195816397667
INFO:root:Epoch: 75, Iteration: 152, Loss: 0.1194455623626709
INFO:root:Validation set mIOU: 75.48471750695006
INFO:root:Epoch: 76, Iteration: 153, Loss: 0.09025391191244125
INFO:root:Epoch: 76, Iteration: 154, Loss: 0.09590853005647659
INFO:root:Validation set mIOU: 75.41297975995177
INFO:root:Epoch: 77, Iteration: 155, Loss: 0.10295751690864563
INFO:root:Epoch: 77, Iteration: 156, Loss: 0.11968102306127548
INFO:root:Validation set mIOU: 75.33915894729046
INFO:root:Epoch: 78, Iteration: 157, Loss: 0.10451363027095795
INFO:root:Epoch: 78, Iteration: 158, Loss: 0.09514018148183823
INFO:root:Validation set mIOU: 75.52202134586202
INFO:root:Epoch: 79, Iteration: 159, Loss: 0.1026918962597847
INFO:root:Epoch: 79, Iteration: 160, Loss: 0.11234407871961594
INFO:root:Validation set mIOU: 75.5549136152315
INFO:root:Epoch: 80, Iteration: 161, Loss: 0.09818632900714874
INFO:root:Epoch: 80, Iteration: 162, Loss: 0.10139104723930359
INFO:root:Validation set mIOU: 75.49728982070815
INFO:root:Epoch: 81, Iteration: 163, Loss: 0.09344988316297531
INFO:root:Epoch: 81, Iteration: 164, Loss: 0.10323458164930344
INFO:root:Validation set mIOU: 75.72658320513452
INFO:root:Epoch: 82, Iteration: 165, Loss: 0.10274547338485718
INFO:root:Epoch: 82, Iteration: 166, Loss: 0.10109981149435043
INFO:root:Validation set mIOU: 75.55876684543229
INFO:root:Epoch: 83, Iteration: 167, Loss: 0.10364019870758057
INFO:root:Epoch: 83, Iteration: 168, Loss: 0.09562890231609344
INFO:root:Validation set mIOU: 75.37482211152314
INFO:root:Epoch: 84, Iteration: 169, Loss: 0.10020197182893753
INFO:root:Epoch: 84, Iteration: 170, Loss: 0.09825845062732697
INFO:root:Validation set mIOU: 75.29532643339488
INFO:root:Epoch: 85, Iteration: 171, Loss: 0.09415492415428162
INFO:root:Epoch: 85, Iteration: 172, Loss: 0.09049457311630249
INFO:root:Validation set mIOU: 75.28276258016763
INFO:root:Epoch: 86, Iteration: 173, Loss: 0.08243891596794128
INFO:root:Epoch: 86, Iteration: 174, Loss: 0.09754722565412521
INFO:root:Validation set mIOU: 75.17678340881729
INFO:root:Epoch: 87, Iteration: 175, Loss: 0.09005334973335266
INFO:root:Epoch: 87, Iteration: 176, Loss: 0.11794930696487427
INFO:root:Validation set mIOU: 75.02497060804464
INFO:root:Epoch: 88, Iteration: 177, Loss: 0.10690955817699432
INFO:root:Epoch: 88, Iteration: 178, Loss: 0.09636183828115463
INFO:root:Validation set mIOU: 75.01010130479813
INFO:root:Epoch: 89, Iteration: 179, Loss: 0.09848307073116302
INFO:root:Epoch: 89, Iteration: 180, Loss: 0.12558849155902863
INFO:root:Validation set mIOU: 75.22266404048032
INFO:root:Epoch: 90, Iteration: 181, Loss: 0.09120360016822815
INFO:root:Epoch: 90, Iteration: 182, Loss: 0.11431010812520981
INFO:root:Validation set mIOU: 75.43158300049745
INFO:root:Epoch: 91, Iteration: 183, Loss: 0.11879950761795044
INFO:root:Epoch: 91, Iteration: 184, Loss: 0.09457386285066605
INFO:root:Validation set mIOU: 75.48161579913551
INFO:root:Epoch: 92, Iteration: 185, Loss: 0.09207600355148315
INFO:root:Epoch: 92, Iteration: 186, Loss: 0.17499975860118866
INFO:root:Validation set mIOU: 75.53041804431345
INFO:root:Epoch: 93, Iteration: 187, Loss: 0.08128418773412704
INFO:root:Epoch: 93, Iteration: 188, Loss: 0.10142084956169128
INFO:root:Validation set mIOU: 75.46585026318148
INFO:root:Epoch: 94, Iteration: 189, Loss: 0.09893234074115753
INFO:root:Epoch: 94, Iteration: 190, Loss: 0.09019620716571808
INFO:root:Validation set mIOU: 75.40591462303537
INFO:root:Epoch: 95, Iteration: 191, Loss: 0.10967477411031723
INFO:root:Epoch: 95, Iteration: 192, Loss: 0.09331714361906052
INFO:root:Validation set mIOU: 75.46417091364481
INFO:root:Epoch: 96, Iteration: 193, Loss: 0.10430651158094406
INFO:root:Epoch: 96, Iteration: 194, Loss: 0.09357884526252747
INFO:root:Validation set mIOU: 75.63079706833466
INFO:root:Epoch: 97, Iteration: 195, Loss: 0.09069713950157166
INFO:root:Epoch: 97, Iteration: 196, Loss: 0.09649006277322769
INFO:root:Validation set mIOU: 75.71012463657027
INFO:root:Epoch: 98, Iteration: 197, Loss: 0.0974711924791336
INFO:root:Epoch: 98, Iteration: 198, Loss: 0.09847236424684525
INFO:root:Validation set mIOU: 75.5809929361201
INFO:root:Epoch: 99, Iteration: 199, Loss: 0.08486555516719818
INFO:root:Epoch: 99, Iteration: 200, Loss: 0.11402573436498642
INFO:root:Validation set mIOU: 75.36421959756545
INFO:root:Semi-training
INFO:root:Epoch: 0, Iteration: 1, Loss: 1.1097993850708008
INFO:root:Epoch: 0, Iteration: 2, Loss: 0.7691720724105835
INFO:root:Epoch: 0, Iteration: 3, Loss: 0.48119333386421204
INFO:root:Epoch: 0, Iteration: 4, Loss: 0.49140504002571106
INFO:root:Epoch: 0, Iteration: 5, Loss: 0.4192149341106415
INFO:root:Epoch: 0, Iteration: 6, Loss: 0.3785669207572937
INFO:root:Epoch: 0, Iteration: 7, Loss: 0.3703445792198181
INFO:root:Validation set mIOU: 64.64450513977133
INFO:root:Epoch: 1, Iteration: 8, Loss: 0.3070657253265381
INFO:root:Epoch: 1, Iteration: 9, Loss: 0.35057970881462097
INFO:root:Epoch: 1, Iteration: 10, Loss: 0.33079659938812256
INFO:root:Epoch: 1, Iteration: 11, Loss: 0.25653305649757385
INFO:root:Epoch: 1, Iteration: 12, Loss: 0.3065853416919708
INFO:root:Epoch: 1, Iteration: 13, Loss: 0.314527690410614
INFO:root:Epoch: 1, Iteration: 14, Loss: 0.38447636365890503
INFO:root:Validation set mIOU: 61.97270117984427
INFO:root:Epoch: 2, Iteration: 15, Loss: 0.2343730479478836
INFO:root:Epoch: 2, Iteration: 16, Loss: 0.2934543490409851
INFO:root:Epoch: 2, Iteration: 17, Loss: 0.29453590512275696
INFO:root:Epoch: 2, Iteration: 18, Loss: 0.3069588243961334
INFO:root:Epoch: 2, Iteration: 19, Loss: 0.2703692317008972
INFO:root:Epoch: 2, Iteration: 20, Loss: 0.27733805775642395
INFO:root:Epoch: 2, Iteration: 21, Loss: 0.29991888999938965
INFO:root:Validation set mIOU: 65.72759977565262
INFO:root:Epoch: 3, Iteration: 22, Loss: 0.23831775784492493
INFO:root:Epoch: 3, Iteration: 23, Loss: 0.23193658888339996
INFO:root:Epoch: 3, Iteration: 24, Loss: 0.21775056421756744
INFO:root:Epoch: 3, Iteration: 25, Loss: 0.2437998503446579
INFO:root:Epoch: 3, Iteration: 26, Loss: 0.219748392701149
INFO:root:Epoch: 3, Iteration: 27, Loss: 0.21508847177028656
INFO:root:Epoch: 3, Iteration: 28, Loss: 0.20990121364593506
INFO:root:Validation set mIOU: 65.28838901752142
INFO:root:Epoch: 4, Iteration: 29, Loss: 0.22709661722183228
INFO:root:Epoch: 4, Iteration: 30, Loss: 0.21296392381191254
INFO:root:Epoch: 4, Iteration: 31, Loss: 0.19463777542114258
INFO:root:Epoch: 4, Iteration: 32, Loss: 0.19790469110012054
INFO:root:Epoch: 4, Iteration: 33, Loss: 0.23937171697616577
INFO:root:Epoch: 4, Iteration: 34, Loss: 0.19974084198474884
INFO:root:Epoch: 4, Iteration: 35, Loss: 0.3246501386165619
INFO:root:Validation set mIOU: 74.57949471546695
INFO:root:Epoch: 5, Iteration: 36, Loss: 0.24202550947666168
INFO:root:Epoch: 5, Iteration: 37, Loss: 0.2296534925699234
INFO:root:Epoch: 5, Iteration: 38, Loss: 0.28144264221191406
INFO:root:Epoch: 5, Iteration: 39, Loss: 0.2025900036096573
INFO:root:Epoch: 5, Iteration: 40, Loss: 0.22057978808879852
INFO:root:Epoch: 5, Iteration: 41, Loss: 0.1936626136302948
INFO:root:Epoch: 5, Iteration: 42, Loss: 0.20690037310123444
INFO:root:Validation set mIOU: 71.05767845897296
INFO:root:Epoch: 6, Iteration: 43, Loss: 0.19475668668746948
INFO:root:Epoch: 6, Iteration: 44, Loss: 0.20038250088691711
INFO:root:Epoch: 6, Iteration: 45, Loss: 0.20200012624263763
INFO:root:Epoch: 6, Iteration: 46, Loss: 0.201055109500885
INFO:root:Epoch: 6, Iteration: 47, Loss: 0.18030191957950592
INFO:root:Epoch: 6, Iteration: 48, Loss: 0.26228421926498413
INFO:root:Epoch: 6, Iteration: 49, Loss: 0.2144734263420105
INFO:root:Validation set mIOU: 73.39013360996776
INFO:root:Epoch: 7, Iteration: 50, Loss: 0.21740570664405823
INFO:root:Epoch: 7, Iteration: 51, Loss: 0.18866434693336487
INFO:root:Epoch: 7, Iteration: 52, Loss: 0.20591360330581665
INFO:root:Epoch: 7, Iteration: 53, Loss: 0.1945335417985916
INFO:root:Epoch: 7, Iteration: 54, Loss: 0.21485693752765656
INFO:root:Epoch: 7, Iteration: 55, Loss: 0.2178833931684494
INFO:root:Epoch: 7, Iteration: 56, Loss: 0.18931357562541962
INFO:root:Validation set mIOU: 72.37794594183539
INFO:root:Epoch: 8, Iteration: 57, Loss: 0.17680849134922028
INFO:root:Epoch: 8, Iteration: 58, Loss: 0.16735638678073883
INFO:root:Epoch: 8, Iteration: 59, Loss: 0.16059154272079468
INFO:root:Epoch: 8, Iteration: 60, Loss: 0.16777493059635162
INFO:root:Epoch: 8, Iteration: 61, Loss: 0.22705601155757904
INFO:root:Epoch: 8, Iteration: 62, Loss: 0.1557140350341797
INFO:root:Epoch: 8, Iteration: 63, Loss: 0.18453267216682434
INFO:root:Validation set mIOU: 76.06340409269808
INFO:root:Epoch: 9, Iteration: 64, Loss: 0.14333370327949524
INFO:root:Epoch: 9, Iteration: 65, Loss: 0.185008704662323
INFO:root:Epoch: 9, Iteration: 66, Loss: 0.16317926347255707
INFO:root:Epoch: 9, Iteration: 67, Loss: 0.16645270586013794
INFO:root:Epoch: 9, Iteration: 68, Loss: 0.14519257843494415
INFO:root:Epoch: 9, Iteration: 69, Loss: 0.1784282624721527
INFO:root:Epoch: 9, Iteration: 70, Loss: 0.17943021655082703
INFO:root:Validation set mIOU: 76.85538052644478
INFO:root:Epoch: 10, Iteration: 71, Loss: 0.19024959206581116
INFO:root:Epoch: 10, Iteration: 72, Loss: 0.17036502063274384
INFO:root:Epoch: 10, Iteration: 73, Loss: 0.2496265023946762
INFO:root:Epoch: 10, Iteration: 74, Loss: 0.16386394202709198
INFO:root:Epoch: 10, Iteration: 75, Loss: 0.1616516411304474
INFO:root:Epoch: 10, Iteration: 76, Loss: 0.16109153628349304
INFO:root:Epoch: 10, Iteration: 77, Loss: 0.18455521762371063
INFO:root:Validation set mIOU: 76.71765799522662
INFO:root:Epoch: 11, Iteration: 78, Loss: 0.15377917885780334
INFO:root:Epoch: 11, Iteration: 79, Loss: 0.17760318517684937
INFO:root:Epoch: 11, Iteration: 80, Loss: 0.15643373131752014
INFO:root:Epoch: 11, Iteration: 81, Loss: 0.14870624244213104
INFO:root:Epoch: 11, Iteration: 82, Loss: 0.2077949494123459
INFO:root:Epoch: 11, Iteration: 83, Loss: 0.16144895553588867
INFO:root:Epoch: 11, Iteration: 84, Loss: 0.16549846529960632
INFO:root:Validation set mIOU: 78.10905817257456
INFO:root:Epoch: 12, Iteration: 85, Loss: 0.14293034374713898
INFO:root:Epoch: 12, Iteration: 86, Loss: 0.1482563614845276
INFO:root:Epoch: 12, Iteration: 87, Loss: 0.19224123656749725
INFO:root:Epoch: 12, Iteration: 88, Loss: 0.15510763227939606
INFO:root:Epoch: 12, Iteration: 89, Loss: 0.1467919647693634
INFO:root:Epoch: 12, Iteration: 90, Loss: 0.14933420717716217
INFO:root:Epoch: 12, Iteration: 91, Loss: 0.1389680653810501
INFO:root:Validation set mIOU: 77.77364599330492
INFO:root:Epoch: 13, Iteration: 92, Loss: 0.15449760854244232
INFO:root:Epoch: 13, Iteration: 93, Loss: 0.19729459285736084
INFO:root:Epoch: 13, Iteration: 94, Loss: 0.1913248896598816
INFO:root:Epoch: 13, Iteration: 95, Loss: 0.15526729822158813
INFO:root:Epoch: 13, Iteration: 96, Loss: 0.13444790244102478
INFO:root:Epoch: 13, Iteration: 97, Loss: 0.17693859338760376
INFO:root:Epoch: 13, Iteration: 98, Loss: 0.1409468948841095
INFO:root:Validation set mIOU: 77.93988179886219
INFO:root:Epoch: 14, Iteration: 99, Loss: 0.14251045882701874
INFO:root:Epoch: 14, Iteration: 100, Loss: 0.11714067310094833
INFO:root:Epoch: 14, Iteration: 101, Loss: 0.1365472674369812
INFO:root:Epoch: 14, Iteration: 102, Loss: 0.16143710911273956
INFO:root:Epoch: 14, Iteration: 103, Loss: 0.1595277190208435
INFO:root:Epoch: 14, Iteration: 104, Loss: 0.19999170303344727
INFO:root:Epoch: 14, Iteration: 105, Loss: 0.15134485065937042
INFO:root:Validation set mIOU: 78.81988464100901
INFO:root:Epoch: 15, Iteration: 106, Loss: 0.15324190258979797
INFO:root:Epoch: 15, Iteration: 107, Loss: 0.16004014015197754
INFO:root:Epoch: 15, Iteration: 108, Loss: 0.1202305257320404
INFO:root:Epoch: 15, Iteration: 109, Loss: 0.158692866563797
INFO:root:Epoch: 15, Iteration: 110, Loss: 0.1525397151708603
INFO:root:Epoch: 15, Iteration: 111, Loss: 0.20436769723892212
INFO:root:Epoch: 15, Iteration: 112, Loss: 0.15846414864063263
INFO:root:Validation set mIOU: 77.34375441354247
INFO:root:Epoch: 16, Iteration: 113, Loss: 0.142582967877388
INFO:root:Epoch: 16, Iteration: 114, Loss: 0.21551242470741272
INFO:root:Epoch: 16, Iteration: 115, Loss: 0.16337987780570984
INFO:root:Epoch: 16, Iteration: 116, Loss: 0.12859386205673218
INFO:root:Epoch: 16, Iteration: 117, Loss: 0.1593528389930725
INFO:root:Epoch: 16, Iteration: 118, Loss: 0.18014591932296753
INFO:root:Epoch: 16, Iteration: 119, Loss: 0.1666996330022812
INFO:root:Validation set mIOU: 79.00085822329712
INFO:root:Epoch: 17, Iteration: 120, Loss: 0.1371220499277115
INFO:root:Epoch: 17, Iteration: 121, Loss: 0.15726310014724731
INFO:root:Epoch: 17, Iteration: 122, Loss: 0.1282203495502472
INFO:root:Epoch: 17, Iteration: 123, Loss: 0.1339176893234253
INFO:root:Epoch: 17, Iteration: 124, Loss: 0.1464935690164566
INFO:root:Epoch: 17, Iteration: 125, Loss: 0.14563855528831482
INFO:root:Epoch: 17, Iteration: 126, Loss: 0.15084852278232574
INFO:root:Validation set mIOU: 78.69341592679103
INFO:root:Epoch: 18, Iteration: 127, Loss: 0.23759250342845917
INFO:root:Epoch: 18, Iteration: 128, Loss: 0.1273077130317688
INFO:root:Epoch: 18, Iteration: 129, Loss: 0.1348711997270584
INFO:root:Epoch: 18, Iteration: 130, Loss: 0.18456952273845673
INFO:root:Epoch: 18, Iteration: 131, Loss: 0.15783561766147614
INFO:root:Epoch: 18, Iteration: 132, Loss: 0.14720748364925385
INFO:root:Epoch: 18, Iteration: 133, Loss: 0.10618048906326294
INFO:root:Validation set mIOU: 78.73619676079775
INFO:root:Epoch: 19, Iteration: 134, Loss: 0.13385526835918427
INFO:root:Epoch: 19, Iteration: 135, Loss: 0.15535397827625275
INFO:root:Epoch: 19, Iteration: 136, Loss: 0.1625065803527832
INFO:root:Epoch: 19, Iteration: 137, Loss: 0.1282086968421936
INFO:root:Epoch: 19, Iteration: 138, Loss: 0.1138617992401123
INFO:root:Epoch: 19, Iteration: 139, Loss: 0.16454023122787476
INFO:root:Epoch: 19, Iteration: 140, Loss: 0.11620182543992996
INFO:root:Validation set mIOU: 79.60151134740964
INFO:root:Epoch: 20, Iteration: 141, Loss: 0.15591883659362793
INFO:root:Epoch: 20, Iteration: 142, Loss: 0.12600725889205933
INFO:root:Epoch: 20, Iteration: 143, Loss: 0.12953507900238037
INFO:root:Epoch: 20, Iteration: 144, Loss: 0.1541435271501541
INFO:root:Epoch: 20, Iteration: 145, Loss: 0.13337861001491547
INFO:root:Epoch: 20, Iteration: 146, Loss: 0.14055390655994415
INFO:root:Epoch: 20, Iteration: 147, Loss: 0.11508883535861969
INFO:root:Validation set mIOU: 79.68563178793055
INFO:root:Epoch: 21, Iteration: 148, Loss: 0.10580456256866455
INFO:root:Epoch: 21, Iteration: 149, Loss: 0.13812367618083954
INFO:root:Epoch: 21, Iteration: 150, Loss: 0.1423056423664093
INFO:root:Epoch: 21, Iteration: 151, Loss: 0.1447911262512207
INFO:root:Epoch: 21, Iteration: 152, Loss: 0.12788026034832
INFO:root:Epoch: 21, Iteration: 153, Loss: 0.14124973118305206
INFO:root:Epoch: 21, Iteration: 154, Loss: 0.1484590321779251
INFO:root:Validation set mIOU: 79.77835687281112
INFO:root:Epoch: 22, Iteration: 155, Loss: 0.1686302125453949
INFO:root:Epoch: 22, Iteration: 156, Loss: 0.1554313600063324
INFO:root:Epoch: 22, Iteration: 157, Loss: 0.12521503865718842
INFO:root:Epoch: 22, Iteration: 158, Loss: 0.17950446903705597
INFO:root:Epoch: 22, Iteration: 159, Loss: 0.12360253930091858
INFO:root:Epoch: 22, Iteration: 160, Loss: 0.11401736736297607
INFO:root:Epoch: 22, Iteration: 161, Loss: 0.1158953383564949
INFO:root:Validation set mIOU: 79.79359442002125
INFO:root:Epoch: 23, Iteration: 162, Loss: 0.13252751529216766
INFO:root:Epoch: 23, Iteration: 163, Loss: 0.12915559113025665
INFO:root:Epoch: 23, Iteration: 164, Loss: 0.14314419031143188
INFO:root:Epoch: 23, Iteration: 165, Loss: 0.11402832716703415
INFO:root:Epoch: 23, Iteration: 166, Loss: 0.11304610222578049
INFO:root:Epoch: 23, Iteration: 167, Loss: 0.12311302125453949
INFO:root:Epoch: 23, Iteration: 168, Loss: 0.11919226497411728
INFO:root:Validation set mIOU: 80.73750357184345
INFO:root:Epoch: 24, Iteration: 169, Loss: 0.14631469547748566
INFO:root:Epoch: 24, Iteration: 170, Loss: 0.11691436171531677
INFO:root:Epoch: 24, Iteration: 171, Loss: 0.16619402170181274
INFO:root:Epoch: 24, Iteration: 172, Loss: 0.12065794318914413
INFO:root:Epoch: 24, Iteration: 173, Loss: 0.12368007004261017
INFO:root:Epoch: 24, Iteration: 174, Loss: 0.16897010803222656
INFO:root:Epoch: 24, Iteration: 175, Loss: 0.14317166805267334
INFO:root:Validation set mIOU: 80.82396953048855
INFO:root:Epoch: 25, Iteration: 176, Loss: 0.11694515496492386
INFO:root:Epoch: 25, Iteration: 177, Loss: 0.16812951862812042
INFO:root:Epoch: 25, Iteration: 178, Loss: 0.1152581125497818
INFO:root:Epoch: 25, Iteration: 179, Loss: 0.12007597088813782
INFO:root:Epoch: 25, Iteration: 180, Loss: 0.1658807396888733
INFO:root:Epoch: 25, Iteration: 181, Loss: 0.11842727661132812
INFO:root:Epoch: 25, Iteration: 182, Loss: 0.11413122713565826
INFO:root:Validation set mIOU: 80.39068279527069
INFO:root:Epoch: 26, Iteration: 183, Loss: 0.1474102884531021
INFO:root:Epoch: 26, Iteration: 184, Loss: 0.11256268620491028
INFO:root:Epoch: 26, Iteration: 185, Loss: 0.13461263477802277
INFO:root:Epoch: 26, Iteration: 186, Loss: 0.11276711523532867
INFO:root:Epoch: 26, Iteration: 187, Loss: 0.13726337254047394
INFO:root:Epoch: 26, Iteration: 188, Loss: 0.12217723578214645
INFO:root:Epoch: 26, Iteration: 189, Loss: 0.12680476903915405
INFO:root:Validation set mIOU: 80.40690434036217
INFO:root:Epoch: 27, Iteration: 190, Loss: 0.12578807771205902
INFO:root:Epoch: 27, Iteration: 191, Loss: 0.12798622250556946
INFO:root:Epoch: 27, Iteration: 192, Loss: 0.13997650146484375
INFO:root:Epoch: 27, Iteration: 193, Loss: 0.13149617612361908
INFO:root:Epoch: 27, Iteration: 194, Loss: 0.11392487585544586
INFO:root:Epoch: 27, Iteration: 195, Loss: 0.11750316619873047
INFO:root:Epoch: 27, Iteration: 196, Loss: 0.1041109636425972
INFO:root:Validation set mIOU: 81.18454219293754
INFO:root:Epoch: 28, Iteration: 197, Loss: 0.11004624515771866
INFO:root:Epoch: 28, Iteration: 198, Loss: 0.12887422740459442
INFO:root:Epoch: 28, Iteration: 199, Loss: 0.12239892035722733
INFO:root:Epoch: 28, Iteration: 200, Loss: 0.11287647485733032
INFO:root:Epoch: 28, Iteration: 201, Loss: 0.11768661439418793
INFO:root:Epoch: 28, Iteration: 202, Loss: 0.13823579251766205
INFO:root:Epoch: 28, Iteration: 203, Loss: 0.12302341312170029
INFO:root:Validation set mIOU: 81.46149707149446
INFO:root:Epoch: 29, Iteration: 204, Loss: 0.10777772963047028
INFO:root:Epoch: 29, Iteration: 205, Loss: 0.14108523726463318
INFO:root:Epoch: 29, Iteration: 206, Loss: 0.11027063429355621
INFO:root:Epoch: 29, Iteration: 207, Loss: 0.11050194501876831
INFO:root:Epoch: 29, Iteration: 208, Loss: 0.11288802325725555
INFO:root:Epoch: 29, Iteration: 209, Loss: 0.11888156831264496
INFO:root:Epoch: 29, Iteration: 210, Loss: 0.13364171981811523
INFO:root:Validation set mIOU: 80.34893339226788
INFO:root:Epoch: 30, Iteration: 211, Loss: 0.12029848992824554
INFO:root:Epoch: 30, Iteration: 212, Loss: 0.1325138509273529
INFO:root:Epoch: 30, Iteration: 213, Loss: 0.1629372537136078
INFO:root:Epoch: 30, Iteration: 214, Loss: 0.11708594113588333
INFO:root:Epoch: 30, Iteration: 215, Loss: 0.1910349279642105
INFO:root:Epoch: 30, Iteration: 216, Loss: 0.13947723805904388
INFO:root:Epoch: 30, Iteration: 217, Loss: 0.1313510239124298
INFO:root:Validation set mIOU: 81.00673973539952
INFO:root:Epoch: 31, Iteration: 218, Loss: 0.15598231554031372
INFO:root:Epoch: 31, Iteration: 219, Loss: 0.12636597454547882
INFO:root:Epoch: 31, Iteration: 220, Loss: 0.14189587533473969
INFO:root:Epoch: 31, Iteration: 221, Loss: 0.12493079155683517
INFO:root:Epoch: 31, Iteration: 222, Loss: 0.11883589625358582
INFO:root:Epoch: 31, Iteration: 223, Loss: 0.13310588896274567
INFO:root:Epoch: 31, Iteration: 224, Loss: 0.13010276854038239
INFO:root:Validation set mIOU: 81.585731036581
INFO:root:Epoch: 32, Iteration: 225, Loss: 0.12859806418418884
INFO:root:Epoch: 32, Iteration: 226, Loss: 0.1444968730211258
INFO:root:Epoch: 32, Iteration: 227, Loss: 0.11449875682592392
INFO:root:Epoch: 32, Iteration: 228, Loss: 0.0869884267449379
INFO:root:Epoch: 32, Iteration: 229, Loss: 0.1317264437675476
INFO:root:Epoch: 32, Iteration: 230, Loss: 0.10771999508142471
INFO:root:Epoch: 32, Iteration: 231, Loss: 0.13848017156124115
INFO:root:Validation set mIOU: 81.92814156524143
INFO:root:Epoch: 33, Iteration: 232, Loss: 0.1359822154045105
INFO:root:Epoch: 33, Iteration: 233, Loss: 0.1054239571094513
INFO:root:Epoch: 33, Iteration: 234, Loss: 0.1326056569814682
INFO:root:Epoch: 33, Iteration: 235, Loss: 0.13827034831047058
INFO:root:Epoch: 33, Iteration: 236, Loss: 0.12141755223274231
INFO:root:Epoch: 33, Iteration: 237, Loss: 0.1303555816411972
INFO:root:Epoch: 33, Iteration: 238, Loss: 0.14613863825798035
INFO:root:Validation set mIOU: 81.8026903491413
INFO:root:Epoch: 34, Iteration: 239, Loss: 0.1589529663324356
INFO:root:Epoch: 34, Iteration: 240, Loss: 0.12010151892900467
INFO:root:Epoch: 34, Iteration: 241, Loss: 0.08033668249845505
INFO:root:Epoch: 34, Iteration: 242, Loss: 0.1107131838798523
INFO:root:Epoch: 34, Iteration: 243, Loss: 0.1611897349357605
INFO:root:Epoch: 34, Iteration: 244, Loss: 0.09509580582380295
INFO:root:Epoch: 34, Iteration: 245, Loss: 0.09546905755996704
INFO:root:Validation set mIOU: 81.93122081750288
INFO:root:Epoch: 35, Iteration: 246, Loss: 0.141846165060997
INFO:root:Epoch: 35, Iteration: 247, Loss: 0.11573243141174316
INFO:root:Epoch: 35, Iteration: 248, Loss: 0.11161758750677109
INFO:root:Epoch: 35, Iteration: 249, Loss: 0.10051046311855316
INFO:root:Epoch: 35, Iteration: 250, Loss: 0.11719421297311783
INFO:root:Epoch: 35, Iteration: 251, Loss: 0.1361529380083084
INFO:root:Epoch: 35, Iteration: 252, Loss: 0.1206217035651207
INFO:root:Validation set mIOU: 80.64985119748054
INFO:root:Epoch: 36, Iteration: 253, Loss: 0.10621559619903564
INFO:root:Epoch: 36, Iteration: 254, Loss: 0.1539122611284256
INFO:root:Epoch: 36, Iteration: 255, Loss: 0.11155065894126892
INFO:root:Epoch: 36, Iteration: 256, Loss: 0.14183560013771057
INFO:root:Epoch: 36, Iteration: 257, Loss: 0.1110086739063263
INFO:root:Epoch: 36, Iteration: 258, Loss: 0.11686574667692184
INFO:root:Epoch: 36, Iteration: 259, Loss: 0.10470053553581238
INFO:root:Validation set mIOU: 81.43768209575467
INFO:root:Epoch: 37, Iteration: 260, Loss: 0.11846909672021866
INFO:root:Epoch: 37, Iteration: 261, Loss: 0.130377858877182
INFO:root:Epoch: 37, Iteration: 262, Loss: 0.1353740245103836
INFO:root:Epoch: 37, Iteration: 263, Loss: 0.11224404722452164
INFO:root:Epoch: 37, Iteration: 264, Loss: 0.11914677172899246
INFO:root:Epoch: 37, Iteration: 265, Loss: 0.17827247083187103
INFO:root:Epoch: 37, Iteration: 266, Loss: 0.114956334233284
INFO:root:Validation set mIOU: 81.7062910591439
INFO:root:Epoch: 38, Iteration: 267, Loss: 0.12582802772521973
INFO:root:Epoch: 38, Iteration: 268, Loss: 0.12693952023983002
INFO:root:Epoch: 38, Iteration: 269, Loss: 0.09910207241773605
INFO:root:Epoch: 38, Iteration: 270, Loss: 0.15254609286785126
INFO:root:Epoch: 38, Iteration: 271, Loss: 0.11532879620790482
INFO:root:Epoch: 38, Iteration: 272, Loss: 0.13650710880756378
INFO:root:Epoch: 38, Iteration: 273, Loss: 0.11426332592964172
INFO:root:Validation set mIOU: 81.92372858316382
INFO:root:Epoch: 39, Iteration: 274, Loss: 0.10279546678066254
INFO:root:Epoch: 39, Iteration: 275, Loss: 0.18728286027908325
INFO:root:Epoch: 39, Iteration: 276, Loss: 0.13132016360759735
INFO:root:Epoch: 39, Iteration: 277, Loss: 0.11603867262601852
INFO:root:Epoch: 39, Iteration: 278, Loss: 0.11699546873569489
INFO:root:Epoch: 39, Iteration: 279, Loss: 0.14945974946022034
INFO:root:Epoch: 39, Iteration: 280, Loss: 0.11118606477975845
INFO:root:Validation set mIOU: 81.44391048644516
INFO:root:Epoch: 40, Iteration: 281, Loss: 0.0904456079006195
INFO:root:Epoch: 40, Iteration: 282, Loss: 0.08737250417470932
INFO:root:Epoch: 40, Iteration: 283, Loss: 0.0906800925731659
INFO:root:Epoch: 40, Iteration: 284, Loss: 0.11137796938419342
INFO:root:Epoch: 40, Iteration: 285, Loss: 0.12659834325313568
INFO:root:Epoch: 40, Iteration: 286, Loss: 0.11208129674196243
INFO:root:Epoch: 40, Iteration: 287, Loss: 0.10663804411888123
INFO:root:Validation set mIOU: 81.90620609937285
INFO:root:Epoch: 41, Iteration: 288, Loss: 0.09703998267650604
INFO:root:Epoch: 41, Iteration: 289, Loss: 0.11394218355417252
INFO:root:Epoch: 41, Iteration: 290, Loss: 0.13224807381629944
INFO:root:Epoch: 41, Iteration: 291, Loss: 0.1286117434501648
INFO:root:Epoch: 41, Iteration: 292, Loss: 0.11197658628225327
INFO:root:Epoch: 41, Iteration: 293, Loss: 0.1033143624663353
INFO:root:Epoch: 41, Iteration: 294, Loss: 0.10903604328632355
INFO:root:Validation set mIOU: 81.93925983705319
INFO:root:Epoch: 42, Iteration: 295, Loss: 0.1096731498837471
INFO:root:Epoch: 42, Iteration: 296, Loss: 0.12533873319625854
INFO:root:Epoch: 42, Iteration: 297, Loss: 0.10588107258081436
INFO:root:Epoch: 42, Iteration: 298, Loss: 0.09569067507982254
INFO:root:Epoch: 42, Iteration: 299, Loss: 0.134500652551651
INFO:root:Epoch: 42, Iteration: 300, Loss: 0.11265801638364792
INFO:root:Epoch: 42, Iteration: 301, Loss: 0.10469824075698853
INFO:root:Validation set mIOU: 82.21077594599117
INFO:root:Epoch: 43, Iteration: 302, Loss: 0.11517252027988434
INFO:root:Epoch: 43, Iteration: 303, Loss: 0.09256728738546371
INFO:root:Epoch: 43, Iteration: 304, Loss: 0.12555193901062012
INFO:root:Epoch: 43, Iteration: 305, Loss: 0.11092439293861389
INFO:root:Epoch: 43, Iteration: 306, Loss: 0.11859589070081711
INFO:root:Epoch: 43, Iteration: 307, Loss: 0.1588580459356308
INFO:root:Epoch: 43, Iteration: 308, Loss: 0.1495276540517807
INFO:root:Validation set mIOU: 81.71777444302494
INFO:root:Epoch: 44, Iteration: 309, Loss: 0.11240257322788239
INFO:root:Epoch: 44, Iteration: 310, Loss: 0.09514785557985306
INFO:root:Epoch: 44, Iteration: 311, Loss: 0.10318677127361298
INFO:root:Epoch: 44, Iteration: 312, Loss: 0.12698449194431305
INFO:root:Epoch: 44, Iteration: 313, Loss: 0.12201432138681412
INFO:root:Epoch: 44, Iteration: 314, Loss: 0.10780791938304901
INFO:root:Epoch: 44, Iteration: 315, Loss: 0.12309739738702774
INFO:root:Validation set mIOU: 82.14484091281858
INFO:root:Epoch: 45, Iteration: 316, Loss: 0.12218502908945084
INFO:root:Epoch: 45, Iteration: 317, Loss: 0.11576531827449799
INFO:root:Epoch: 45, Iteration: 318, Loss: 0.10293376445770264
INFO:root:Epoch: 45, Iteration: 319, Loss: 0.08858807384967804
INFO:root:Epoch: 45, Iteration: 320, Loss: 0.14944566786289215
INFO:root:Epoch: 45, Iteration: 321, Loss: 0.11421027779579163
INFO:root:Epoch: 45, Iteration: 322, Loss: 0.10732734203338623
INFO:root:Validation set mIOU: 82.24895729072958
INFO:root:Epoch: 46, Iteration: 323, Loss: 0.10210301727056503
INFO:root:Epoch: 46, Iteration: 324, Loss: 0.15438441932201385
INFO:root:Epoch: 46, Iteration: 325, Loss: 0.12674583494663239
INFO:root:Epoch: 46, Iteration: 326, Loss: 0.14099185168743134
INFO:root:Epoch: 46, Iteration: 327, Loss: 0.11684486269950867
INFO:root:Epoch: 46, Iteration: 328, Loss: 0.1165262907743454
INFO:root:Epoch: 46, Iteration: 329, Loss: 0.09909497201442719
INFO:root:Validation set mIOU: 82.93438625326745
INFO:root:Epoch: 47, Iteration: 330, Loss: 0.12393047660589218
INFO:root:Epoch: 47, Iteration: 331, Loss: 0.14319898188114166
INFO:root:Epoch: 47, Iteration: 332, Loss: 0.15858078002929688
INFO:root:Epoch: 47, Iteration: 333, Loss: 0.11839937418699265
INFO:root:Epoch: 47, Iteration: 334, Loss: 0.11955812573432922
INFO:root:Epoch: 47, Iteration: 335, Loss: 0.10910988599061966
INFO:root:Epoch: 47, Iteration: 336, Loss: 0.09372750669717789
INFO:root:Validation set mIOU: 81.7218318321474
INFO:root:Epoch: 48, Iteration: 337, Loss: 0.11659242957830429
INFO:root:Epoch: 48, Iteration: 338, Loss: 0.1024567261338234
INFO:root:Epoch: 48, Iteration: 339, Loss: 0.10187433660030365
INFO:root:Epoch: 48, Iteration: 340, Loss: 0.09863543510437012
INFO:root:Epoch: 48, Iteration: 341, Loss: 0.0875486359000206
INFO:root:Epoch: 48, Iteration: 342, Loss: 0.11601248383522034
INFO:root:Epoch: 48, Iteration: 343, Loss: 0.10903076827526093
INFO:root:Validation set mIOU: 80.83855395608549
INFO:root:Epoch: 49, Iteration: 344, Loss: 0.13189323246479034
INFO:root:Epoch: 49, Iteration: 345, Loss: 0.11844420433044434
INFO:root:Epoch: 49, Iteration: 346, Loss: 0.12627755105495453
INFO:root:Epoch: 49, Iteration: 347, Loss: 0.1349860578775406
INFO:root:Epoch: 49, Iteration: 348, Loss: 0.08768723905086517
INFO:root:Epoch: 49, Iteration: 349, Loss: 0.10717682540416718
INFO:root:Epoch: 49, Iteration: 350, Loss: 0.08685784786939621
INFO:root:Validation set mIOU: 82.21926169409195
INFO:root:Epoch: 50, Iteration: 351, Loss: 0.10522636026144028
INFO:root:Epoch: 50, Iteration: 352, Loss: 0.12010154873132706
INFO:root:Epoch: 50, Iteration: 353, Loss: 0.10026074945926666
INFO:root:Epoch: 50, Iteration: 354, Loss: 0.09839442372322083
INFO:root:Epoch: 50, Iteration: 355, Loss: 0.11620768159627914
INFO:root:Epoch: 50, Iteration: 356, Loss: 0.11371822655200958
INFO:root:Epoch: 50, Iteration: 357, Loss: 0.10086958855390549
INFO:root:Validation set mIOU: 82.45479921370381
INFO:root:Epoch: 51, Iteration: 358, Loss: 0.11131249368190765
INFO:root:Epoch: 51, Iteration: 359, Loss: 0.10571156442165375
INFO:root:Epoch: 51, Iteration: 360, Loss: 0.10672415047883987
INFO:root:Epoch: 51, Iteration: 361, Loss: 0.13017143309116364
INFO:root:Epoch: 51, Iteration: 362, Loss: 0.11382929980754852
INFO:root:Epoch: 51, Iteration: 363, Loss: 0.09105173498392105
INFO:root:Epoch: 51, Iteration: 364, Loss: 0.08477890491485596
INFO:root:Validation set mIOU: 81.48775186587942
INFO:root:Epoch: 52, Iteration: 365, Loss: 0.0950537696480751
INFO:root:Epoch: 52, Iteration: 366, Loss: 0.1701069325208664
INFO:root:Epoch: 52, Iteration: 367, Loss: 0.09855105727910995
INFO:root:Epoch: 52, Iteration: 368, Loss: 0.10046754777431488
INFO:root:Epoch: 52, Iteration: 369, Loss: 0.1122521460056305
INFO:root:Epoch: 52, Iteration: 370, Loss: 0.10077004134654999
INFO:root:Epoch: 52, Iteration: 371, Loss: 0.09897512942552567
INFO:root:Validation set mIOU: 81.68609773178524
INFO:root:Epoch: 53, Iteration: 372, Loss: 0.08652404695749283
INFO:root:Epoch: 53, Iteration: 373, Loss: 0.11522269994020462
INFO:root:Epoch: 53, Iteration: 374, Loss: 0.11205360293388367
INFO:root:Epoch: 53, Iteration: 375, Loss: 0.11315616965293884
INFO:root:Epoch: 53, Iteration: 376, Loss: 0.11283519864082336
INFO:root:Epoch: 53, Iteration: 377, Loss: 0.10037557780742645
INFO:root:Epoch: 53, Iteration: 378, Loss: 0.08860883116722107
INFO:root:Validation set mIOU: 82.4649044786586
INFO:root:Epoch: 54, Iteration: 379, Loss: 0.08611010760068893
INFO:root:Epoch: 54, Iteration: 380, Loss: 0.10291970521211624
INFO:root:Epoch: 54, Iteration: 381, Loss: 0.10619478672742844
INFO:root:Epoch: 54, Iteration: 382, Loss: 0.14882418513298035
INFO:root:Epoch: 54, Iteration: 383, Loss: 0.0919911190867424
INFO:root:Epoch: 54, Iteration: 384, Loss: 0.11511387676000595
INFO:root:Epoch: 54, Iteration: 385, Loss: 0.11481689661741257
INFO:root:Validation set mIOU: 82.73602398590486
INFO:root:Epoch: 55, Iteration: 386, Loss: 0.0978071391582489
INFO:root:Epoch: 55, Iteration: 387, Loss: 0.13488930463790894
INFO:root:Epoch: 55, Iteration: 388, Loss: 0.09155041724443436
INFO:root:Epoch: 55, Iteration: 389, Loss: 0.10376356542110443
INFO:root:Epoch: 55, Iteration: 390, Loss: 0.15061059594154358
INFO:root:Epoch: 55, Iteration: 391, Loss: 0.10761308670043945
INFO:root:Epoch: 55, Iteration: 392, Loss: 0.1281285434961319
INFO:root:Validation set mIOU: 82.48797925161448
INFO:root:Epoch: 56, Iteration: 393, Loss: 0.10118866711854935
INFO:root:Epoch: 56, Iteration: 394, Loss: 0.1388634890317917
INFO:root:Epoch: 56, Iteration: 395, Loss: 0.15340648591518402
INFO:root:Epoch: 56, Iteration: 396, Loss: 0.1538056582212448
INFO:root:Epoch: 56, Iteration: 397, Loss: 0.09426616132259369
INFO:root:Epoch: 56, Iteration: 398, Loss: 0.09391409903764725
INFO:root:Epoch: 56, Iteration: 399, Loss: 0.104295514523983
INFO:root:Validation set mIOU: 82.7186914967209
INFO:root:Epoch: 57, Iteration: 400, Loss: 0.12947328388690948
INFO:root:Epoch: 57, Iteration: 401, Loss: 0.13830220699310303
INFO:root:Epoch: 57, Iteration: 402, Loss: 0.1182456687092781
INFO:root:Epoch: 57, Iteration: 403, Loss: 0.11130254715681076
INFO:root:Epoch: 57, Iteration: 404, Loss: 0.12083333730697632
INFO:root:Epoch: 57, Iteration: 405, Loss: 0.10069380700588226
INFO:root:Epoch: 57, Iteration: 406, Loss: 0.09168357402086258
INFO:root:Validation set mIOU: 82.5431954580396
INFO:root:Epoch: 58, Iteration: 407, Loss: 0.10322577506303787
INFO:root:Epoch: 58, Iteration: 408, Loss: 0.11021654307842255
INFO:root:Epoch: 58, Iteration: 409, Loss: 0.10595624893903732
INFO:root:Epoch: 58, Iteration: 410, Loss: 0.11049853265285492
INFO:root:Epoch: 58, Iteration: 411, Loss: 0.1005665585398674
INFO:root:Epoch: 58, Iteration: 412, Loss: 0.08389190584421158
INFO:root:Epoch: 58, Iteration: 413, Loss: 0.10776203870773315
INFO:root:Validation set mIOU: 82.9184724807766
INFO:root:Epoch: 59, Iteration: 414, Loss: 0.15063486993312836
INFO:root:Epoch: 59, Iteration: 415, Loss: 0.10825543105602264
INFO:root:Epoch: 59, Iteration: 416, Loss: 0.11880675703287125
INFO:root:Epoch: 59, Iteration: 417, Loss: 0.08224355429410934
INFO:root:Epoch: 59, Iteration: 418, Loss: 0.08770684897899628
INFO:root:Epoch: 59, Iteration: 419, Loss: 0.12020670622587204
INFO:root:Epoch: 59, Iteration: 420, Loss: 0.10517677664756775
INFO:root:Validation set mIOU: 82.21201433843689
INFO:root:Epoch: 60, Iteration: 421, Loss: 0.11067678779363632
INFO:root:Epoch: 60, Iteration: 422, Loss: 0.13109943270683289
INFO:root:Epoch: 60, Iteration: 423, Loss: 0.09286890923976898
INFO:root:Epoch: 60, Iteration: 424, Loss: 0.10735443979501724
INFO:root:Epoch: 60, Iteration: 425, Loss: 0.11401896923780441
INFO:root:Epoch: 60, Iteration: 426, Loss: 0.139609232544899
INFO:root:Epoch: 60, Iteration: 427, Loss: 0.11260107159614563
INFO:root:Validation set mIOU: 82.4552101625294
INFO:root:Epoch: 61, Iteration: 428, Loss: 0.10923358798027039
INFO:root:Epoch: 61, Iteration: 429, Loss: 0.0814027339220047
INFO:root:Epoch: 61, Iteration: 430, Loss: 0.11050410568714142
INFO:root:Epoch: 61, Iteration: 431, Loss: 0.09940823167562485
INFO:root:Epoch: 61, Iteration: 432, Loss: 0.11709447205066681
INFO:root:Epoch: 61, Iteration: 433, Loss: 0.0978454053401947
INFO:root:Epoch: 61, Iteration: 434, Loss: 0.08603264391422272
INFO:root:Validation set mIOU: 82.57131288716235
INFO:root:Epoch: 62, Iteration: 435, Loss: 0.0922316163778305
INFO:root:Epoch: 62, Iteration: 436, Loss: 0.09341543167829514
INFO:root:Epoch: 62, Iteration: 437, Loss: 0.10016646236181259
INFO:root:Epoch: 62, Iteration: 438, Loss: 0.09960713982582092
INFO:root:Epoch: 62, Iteration: 439, Loss: 0.14857429265975952
INFO:root:Epoch: 62, Iteration: 440, Loss: 0.1302071064710617
INFO:root:Epoch: 62, Iteration: 441, Loss: 0.09218092262744904
INFO:root:Validation set mIOU: 82.90604889660064
INFO:root:Epoch: 63, Iteration: 442, Loss: 0.10549035668373108
INFO:root:Epoch: 63, Iteration: 443, Loss: 0.11789844185113907
INFO:root:Epoch: 63, Iteration: 444, Loss: 0.10044293850660324
INFO:root:Epoch: 63, Iteration: 445, Loss: 0.11643186211585999
INFO:root:Epoch: 63, Iteration: 446, Loss: 0.08937200158834457
INFO:root:Epoch: 63, Iteration: 447, Loss: 0.08690474182367325
INFO:root:Epoch: 63, Iteration: 448, Loss: 0.10175438970327377
INFO:root:Validation set mIOU: 82.771743918053
INFO:root:Epoch: 64, Iteration: 449, Loss: 0.1190609410405159
INFO:root:Epoch: 64, Iteration: 450, Loss: 0.11010389775037766
INFO:root:Epoch: 64, Iteration: 451, Loss: 0.10530859231948853
INFO:root:Epoch: 64, Iteration: 452, Loss: 0.07643775641918182
INFO:root:Epoch: 64, Iteration: 453, Loss: 0.09353610128164291
INFO:root:Epoch: 64, Iteration: 454, Loss: 0.08951307833194733
INFO:root:Epoch: 64, Iteration: 455, Loss: 0.1171552985906601
INFO:root:Validation set mIOU: 82.45605484649435
INFO:root:Epoch: 65, Iteration: 456, Loss: 0.1257307082414627
INFO:root:Epoch: 65, Iteration: 457, Loss: 0.09229177981615067
INFO:root:Epoch: 65, Iteration: 458, Loss: 0.08763167262077332
INFO:root:Epoch: 65, Iteration: 459, Loss: 0.11413736641407013
INFO:root:Epoch: 65, Iteration: 460, Loss: 0.10983090847730637
INFO:root:Epoch: 65, Iteration: 461, Loss: 0.09847886860370636
INFO:root:Epoch: 65, Iteration: 462, Loss: 0.10539553314447403
INFO:root:Validation set mIOU: 81.29472534046286
INFO:root:Epoch: 66, Iteration: 463, Loss: 0.09611539542675018
INFO:root:Epoch: 66, Iteration: 464, Loss: 0.11951535940170288
INFO:root:Epoch: 66, Iteration: 465, Loss: 0.09279713779687881
INFO:root:Epoch: 66, Iteration: 466, Loss: 0.11647918075323105
INFO:root:Epoch: 66, Iteration: 467, Loss: 0.11908826977014542
INFO:root:Epoch: 66, Iteration: 468, Loss: 0.09117593616247177
INFO:root:Epoch: 66, Iteration: 469, Loss: 0.09163264185190201
INFO:root:Validation set mIOU: 81.07314092391428
INFO:root:Epoch: 67, Iteration: 470, Loss: 0.09584236890077591
INFO:root:Epoch: 67, Iteration: 471, Loss: 0.09248199313879013
INFO:root:Epoch: 67, Iteration: 472, Loss: 0.09548939019441605
INFO:root:Epoch: 67, Iteration: 473, Loss: 0.12615825235843658
INFO:root:Epoch: 67, Iteration: 474, Loss: 0.09516067802906036
INFO:root:Epoch: 67, Iteration: 475, Loss: 0.09330305457115173
INFO:root:Epoch: 67, Iteration: 476, Loss: 0.09752574563026428
INFO:root:Validation set mIOU: 82.20031959194598
INFO:root:Epoch: 68, Iteration: 477, Loss: 0.11946094036102295
INFO:root:Epoch: 68, Iteration: 478, Loss: 0.10693933069705963
INFO:root:Epoch: 68, Iteration: 479, Loss: 0.0928967222571373
INFO:root:Epoch: 68, Iteration: 480, Loss: 0.10502105206251144
INFO:root:Epoch: 68, Iteration: 481, Loss: 0.1276547759771347
INFO:root:Epoch: 68, Iteration: 482, Loss: 0.078360915184021
INFO:root:Epoch: 68, Iteration: 483, Loss: 0.08699899166822433
INFO:root:Validation set mIOU: 82.8041792212229
INFO:root:Epoch: 69, Iteration: 484, Loss: 0.09741505980491638
INFO:root:Epoch: 69, Iteration: 485, Loss: 0.09759930521249771
INFO:root:Epoch: 69, Iteration: 486, Loss: 0.10707473754882812
INFO:root:Epoch: 69, Iteration: 487, Loss: 0.10862769931554794
INFO:root:Epoch: 69, Iteration: 488, Loss: 0.08109304308891296
INFO:root:Epoch: 69, Iteration: 489, Loss: 0.1086878776550293
INFO:root:Epoch: 69, Iteration: 490, Loss: 0.0953211635351181
INFO:root:Validation set mIOU: 82.73122161190742
INFO:root:Epoch: 70, Iteration: 491, Loss: 0.10680188983678818
INFO:root:Epoch: 70, Iteration: 492, Loss: 0.09802527725696564
INFO:root:Epoch: 70, Iteration: 493, Loss: 0.12102759629487991
INFO:root:Epoch: 70, Iteration: 494, Loss: 0.09125937521457672
INFO:root:Epoch: 70, Iteration: 495, Loss: 0.13373224437236786
INFO:root:Epoch: 70, Iteration: 496, Loss: 0.08231476694345474
INFO:root:Epoch: 70, Iteration: 497, Loss: 0.10255703330039978
INFO:root:Validation set mIOU: 82.54660047666069
INFO:root:Epoch: 71, Iteration: 498, Loss: 0.12463466823101044
INFO:root:Epoch: 71, Iteration: 499, Loss: 0.10316911339759827
INFO:root:Epoch: 71, Iteration: 500, Loss: 0.11208143830299377
INFO:root:Epoch: 71, Iteration: 501, Loss: 0.07730472832918167
INFO:root:Epoch: 71, Iteration: 502, Loss: 0.10480498522520065
INFO:root:Epoch: 71, Iteration: 503, Loss: 0.09243018925189972
INFO:root:Epoch: 71, Iteration: 504, Loss: 0.08513536304235458
INFO:root:Validation set mIOU: 82.81343524197739
INFO:root:Epoch: 72, Iteration: 505, Loss: 0.0950784683227539
INFO:root:Epoch: 72, Iteration: 506, Loss: 0.1021629199385643
INFO:root:Epoch: 72, Iteration: 507, Loss: 0.1077401340007782
INFO:root:Epoch: 72, Iteration: 508, Loss: 0.12165038287639618
INFO:root:Epoch: 72, Iteration: 509, Loss: 0.09573119878768921
INFO:root:Epoch: 72, Iteration: 510, Loss: 0.11053016036748886
INFO:root:Epoch: 72, Iteration: 511, Loss: 0.09256234765052795
INFO:root:Validation set mIOU: 82.84644884725081
INFO:root:Epoch: 73, Iteration: 512, Loss: 0.09052842855453491
INFO:root:Epoch: 73, Iteration: 513, Loss: 0.10796941816806793
INFO:root:Epoch: 73, Iteration: 514, Loss: 0.09948580712080002
INFO:root:Epoch: 73, Iteration: 515, Loss: 0.09354767203330994
INFO:root:Epoch: 73, Iteration: 516, Loss: 0.08615881204605103
INFO:root:Epoch: 73, Iteration: 517, Loss: 0.09720136225223541
INFO:root:Epoch: 73, Iteration: 518, Loss: 0.09678872674703598
INFO:root:Validation set mIOU: 83.12631993197934
INFO:root:Epoch: 74, Iteration: 519, Loss: 0.09062179177999496
INFO:root:Epoch: 74, Iteration: 520, Loss: 0.08143742382526398
INFO:root:Epoch: 74, Iteration: 521, Loss: 0.11542031913995743
INFO:root:Epoch: 74, Iteration: 522, Loss: 0.09529576450586319
INFO:root:Epoch: 74, Iteration: 523, Loss: 0.09016627073287964
INFO:root:Epoch: 74, Iteration: 524, Loss: 0.11321752518415451
INFO:root:Epoch: 74, Iteration: 525, Loss: 0.1251714527606964
INFO:root:Validation set mIOU: 83.15332685557907
INFO:root:Epoch: 75, Iteration: 526, Loss: 0.10893800109624863
INFO:root:Epoch: 75, Iteration: 527, Loss: 0.11761520802974701
INFO:root:Epoch: 75, Iteration: 528, Loss: 0.0801687240600586
INFO:root:Epoch: 75, Iteration: 529, Loss: 0.0825585350394249
INFO:root:Epoch: 75, Iteration: 530, Loss: 0.1248837485909462
INFO:root:Epoch: 75, Iteration: 531, Loss: 0.0887364000082016
INFO:root:Epoch: 75, Iteration: 532, Loss: 0.11123333871364594
INFO:root:Validation set mIOU: 83.16390477070468
INFO:root:Epoch: 76, Iteration: 533, Loss: 0.13092541694641113
INFO:root:Epoch: 76, Iteration: 534, Loss: 0.0822468027472496
INFO:root:Epoch: 76, Iteration: 535, Loss: 0.0988975390791893
INFO:root:Epoch: 76, Iteration: 536, Loss: 0.12314651161432266
INFO:root:Epoch: 76, Iteration: 537, Loss: 0.09628606587648392
INFO:root:Epoch: 76, Iteration: 538, Loss: 0.08073075860738754
INFO:root:Epoch: 76, Iteration: 539, Loss: 0.09020476788282394
INFO:root:Validation set mIOU: 83.28615970067935
INFO:root:Epoch: 77, Iteration: 540, Loss: 0.11002621054649353
INFO:root:Epoch: 77, Iteration: 541, Loss: 0.07450518012046814
INFO:root:Epoch: 77, Iteration: 542, Loss: 0.13111913204193115
INFO:root:Epoch: 77, Iteration: 543, Loss: 0.12209183722734451
INFO:root:Epoch: 77, Iteration: 544, Loss: 0.0929940715432167
INFO:root:Epoch: 77, Iteration: 545, Loss: 0.09349892288446426
INFO:root:Epoch: 77, Iteration: 546, Loss: 0.09012976288795471
INFO:root:Validation set mIOU: 83.17677307133512
INFO:root:Epoch: 78, Iteration: 547, Loss: 0.08375082910060883
INFO:root:Epoch: 78, Iteration: 548, Loss: 0.09706404060125351
INFO:root:Epoch: 78, Iteration: 549, Loss: 0.12797923386096954
INFO:root:Epoch: 78, Iteration: 550, Loss: 0.09126318991184235
INFO:root:Epoch: 78, Iteration: 551, Loss: 0.10001040250062943
INFO:root:Epoch: 78, Iteration: 552, Loss: 0.07949941605329514
INFO:root:Epoch: 78, Iteration: 553, Loss: 0.08965016156435013
INFO:root:Validation set mIOU: 82.83475421732206
INFO:root:Epoch: 79, Iteration: 554, Loss: 0.10798994451761246
INFO:root:Epoch: 79, Iteration: 555, Loss: 0.09877870231866837
INFO:root:Epoch: 79, Iteration: 556, Loss: 0.10981801152229309
INFO:root:Epoch: 79, Iteration: 557, Loss: 0.09786778688430786
INFO:root:Epoch: 79, Iteration: 558, Loss: 0.1255808174610138
INFO:root:Epoch: 79, Iteration: 559, Loss: 0.11794330924749374
INFO:root:Epoch: 79, Iteration: 560, Loss: 0.09454476088285446
INFO:root:Validation set mIOU: 82.6324349071058
INFO:root:Epoch: 80, Iteration: 561, Loss: 0.12225242704153061
INFO:root:Epoch: 80, Iteration: 562, Loss: 0.09980207681655884
INFO:root:Epoch: 80, Iteration: 563, Loss: 0.1331046223640442
INFO:root:Epoch: 80, Iteration: 564, Loss: 0.08215484023094177
INFO:root:Epoch: 80, Iteration: 565, Loss: 0.07686495035886765
INFO:root:Epoch: 80, Iteration: 566, Loss: 0.08883731067180634
INFO:root:Epoch: 80, Iteration: 567, Loss: 0.13734188675880432
INFO:root:Validation set mIOU: 82.51926550967484
INFO:root:Epoch: 81, Iteration: 568, Loss: 0.08592347800731659
INFO:root:Epoch: 81, Iteration: 569, Loss: 0.0878191590309143
INFO:root:Epoch: 81, Iteration: 570, Loss: 0.11022390425205231
INFO:root:Epoch: 81, Iteration: 571, Loss: 0.11386550217866898
INFO:root:Epoch: 81, Iteration: 572, Loss: 0.07653973251581192
INFO:root:Epoch: 81, Iteration: 573, Loss: 0.0988311842083931
INFO:root:Epoch: 81, Iteration: 574, Loss: 0.09122059494256973
INFO:root:Validation set mIOU: 82.17362586970674
INFO:root:Epoch: 82, Iteration: 575, Loss: 0.14840641617774963
INFO:root:Epoch: 82, Iteration: 576, Loss: 0.11504335701465607
INFO:root:Epoch: 82, Iteration: 577, Loss: 0.08303122222423553
INFO:root:Epoch: 82, Iteration: 578, Loss: 0.0891249030828476
INFO:root:Epoch: 82, Iteration: 579, Loss: 0.10611162334680557
INFO:root:Epoch: 82, Iteration: 580, Loss: 0.08009590953588486
INFO:root:Epoch: 82, Iteration: 581, Loss: 0.12008561193943024
INFO:root:Validation set mIOU: 82.59419491995097
INFO:root:Epoch: 83, Iteration: 582, Loss: 0.09643694758415222
INFO:root:Epoch: 83, Iteration: 583, Loss: 0.08754565566778183
INFO:root:Epoch: 83, Iteration: 584, Loss: 0.07267646491527557
INFO:root:Epoch: 83, Iteration: 585, Loss: 0.10324694961309433
INFO:root:Epoch: 83, Iteration: 586, Loss: 0.09302271902561188
INFO:root:Epoch: 83, Iteration: 587, Loss: 0.09302257746458054
INFO:root:Epoch: 83, Iteration: 588, Loss: 0.08467355370521545
INFO:root:Validation set mIOU: 82.7015205372009
INFO:root:Epoch: 84, Iteration: 589, Loss: 0.11958693712949753
INFO:root:Epoch: 84, Iteration: 590, Loss: 0.09102316200733185
INFO:root:Epoch: 84, Iteration: 591, Loss: 0.13399840891361237
INFO:root:Epoch: 84, Iteration: 592, Loss: 0.10236510634422302
INFO:root:Epoch: 84, Iteration: 593, Loss: 0.11278031021356583
INFO:root:Epoch: 84, Iteration: 594, Loss: 0.14024651050567627
INFO:root:Epoch: 84, Iteration: 595, Loss: 0.09159670770168304
INFO:root:Validation set mIOU: 82.68959564428974
INFO:root:Epoch: 85, Iteration: 596, Loss: 0.1058831512928009
INFO:root:Epoch: 85, Iteration: 597, Loss: 0.1152910441160202
INFO:root:Epoch: 85, Iteration: 598, Loss: 0.09596826136112213
INFO:root:Epoch: 85, Iteration: 599, Loss: 0.09536328166723251
INFO:root:Epoch: 85, Iteration: 600, Loss: 0.08356968313455582
INFO:root:Epoch: 85, Iteration: 601, Loss: 0.09202086180448532
INFO:root:Epoch: 85, Iteration: 602, Loss: 0.1354590505361557
INFO:root:Validation set mIOU: 82.79354532118433
INFO:root:Epoch: 86, Iteration: 603, Loss: 0.10156044363975525
INFO:root:Epoch: 86, Iteration: 604, Loss: 0.07494694739580154
INFO:root:Epoch: 86, Iteration: 605, Loss: 0.11769144982099533
INFO:root:Epoch: 86, Iteration: 606, Loss: 0.09070291370153427
INFO:root:Epoch: 86, Iteration: 607, Loss: 0.09021592885255814
INFO:root:Epoch: 86, Iteration: 608, Loss: 0.07557547092437744
INFO:root:Epoch: 86, Iteration: 609, Loss: 0.10063532739877701
INFO:root:Validation set mIOU: 82.70300311285159
INFO:root:Epoch: 87, Iteration: 610, Loss: 0.09195038676261902
INFO:root:Epoch: 87, Iteration: 611, Loss: 0.09708518534898758
INFO:root:Epoch: 87, Iteration: 612, Loss: 0.08563636243343353
INFO:root:Epoch: 87, Iteration: 613, Loss: 0.10319732874631882
INFO:root:Epoch: 87, Iteration: 614, Loss: 0.10996804386377335
INFO:root:Epoch: 87, Iteration: 615, Loss: 0.09349854290485382
INFO:root:Epoch: 87, Iteration: 616, Loss: 0.09933022409677505
INFO:root:Validation set mIOU: 82.45954727247207
INFO:root:Epoch: 88, Iteration: 617, Loss: 0.1305980086326599
INFO:root:Epoch: 88, Iteration: 618, Loss: 0.07996192574501038
INFO:root:Epoch: 88, Iteration: 619, Loss: 0.09956856817007065
INFO:root:Epoch: 88, Iteration: 620, Loss: 0.09764179587364197
INFO:root:Epoch: 88, Iteration: 621, Loss: 0.11970706284046173
INFO:root:Epoch: 88, Iteration: 622, Loss: 0.11525444686412811
INFO:root:Epoch: 88, Iteration: 623, Loss: 0.09318142384290695
INFO:root:Validation set mIOU: 82.77519038211835
INFO:root:Epoch: 89, Iteration: 624, Loss: 0.09098877757787704
INFO:root:Epoch: 89, Iteration: 625, Loss: 0.09329026937484741
INFO:root:Epoch: 89, Iteration: 626, Loss: 0.0880446806550026
INFO:root:Epoch: 89, Iteration: 627, Loss: 0.10201040655374527
INFO:root:Epoch: 89, Iteration: 628, Loss: 0.10418092459440231
INFO:root:Epoch: 89, Iteration: 629, Loss: 0.10682936757802963
INFO:root:Epoch: 89, Iteration: 630, Loss: 0.0853208377957344
INFO:root:Validation set mIOU: 83.02166653826616
INFO:root:Epoch: 90, Iteration: 631, Loss: 0.11761900037527084
INFO:root:Epoch: 90, Iteration: 632, Loss: 0.09092602878808975
INFO:root:Epoch: 90, Iteration: 633, Loss: 0.11128541827201843
INFO:root:Epoch: 90, Iteration: 634, Loss: 0.08754586428403854
INFO:root:Epoch: 90, Iteration: 635, Loss: 0.0937170535326004
INFO:root:Epoch: 90, Iteration: 636, Loss: 0.07086525857448578
INFO:root:Epoch: 90, Iteration: 637, Loss: 0.13126511871814728
INFO:root:Validation set mIOU: 82.64702294101313
INFO:root:Epoch: 91, Iteration: 638, Loss: 0.0997072383761406
INFO:root:Epoch: 91, Iteration: 639, Loss: 0.09966129064559937
INFO:root:Epoch: 91, Iteration: 640, Loss: 0.08917182683944702
INFO:root:Epoch: 91, Iteration: 641, Loss: 0.09406915307044983
INFO:root:Epoch: 91, Iteration: 642, Loss: 0.08531399816274643
INFO:root:Epoch: 91, Iteration: 643, Loss: 0.10488241165876389
INFO:root:Epoch: 91, Iteration: 644, Loss: 0.11357257515192032
INFO:root:Validation set mIOU: 82.52120319017871
INFO:root:Epoch: 92, Iteration: 645, Loss: 0.10223430395126343
INFO:root:Epoch: 92, Iteration: 646, Loss: 0.06926101446151733
INFO:root:Epoch: 92, Iteration: 647, Loss: 0.09060565382242203
INFO:root:Epoch: 92, Iteration: 648, Loss: 0.09583165496587753
INFO:root:Epoch: 92, Iteration: 649, Loss: 0.11121976375579834
INFO:root:Epoch: 92, Iteration: 650, Loss: 0.09765960276126862
INFO:root:Epoch: 92, Iteration: 651, Loss: 0.08841980248689651
INFO:root:Validation set mIOU: 82.59896180024042
INFO:root:Epoch: 93, Iteration: 652, Loss: 0.10214876383543015
INFO:root:Epoch: 93, Iteration: 653, Loss: 0.10450148582458496
INFO:root:Epoch: 93, Iteration: 654, Loss: 0.0760025605559349
INFO:root:Epoch: 93, Iteration: 655, Loss: 0.09813953191041946
INFO:root:Epoch: 93, Iteration: 656, Loss: 0.0752984806895256
INFO:root:Epoch: 93, Iteration: 657, Loss: 0.11251991987228394
INFO:root:Epoch: 93, Iteration: 658, Loss: 0.09206803888082504
INFO:root:Validation set mIOU: 82.63916456491746
INFO:root:Epoch: 94, Iteration: 659, Loss: 0.09206821024417877
INFO:root:Epoch: 94, Iteration: 660, Loss: 0.08732205629348755
INFO:root:Epoch: 94, Iteration: 661, Loss: 0.08790246397256851
INFO:root:Epoch: 94, Iteration: 662, Loss: 0.10469604283571243
INFO:root:Epoch: 94, Iteration: 663, Loss: 0.09471986442804337
INFO:root:Epoch: 94, Iteration: 664, Loss: 0.12310045957565308
INFO:root:Epoch: 94, Iteration: 665, Loss: 0.11195360124111176
INFO:root:Validation set mIOU: 82.86931795350424
INFO:root:Epoch: 95, Iteration: 666, Loss: 0.10507664084434509
INFO:root:Epoch: 95, Iteration: 667, Loss: 0.10923366248607635
INFO:root:Epoch: 95, Iteration: 668, Loss: 0.10320174694061279
INFO:root:Epoch: 95, Iteration: 669, Loss: 0.08312352001667023
INFO:root:Epoch: 95, Iteration: 670, Loss: 0.09586609899997711
INFO:root:Epoch: 95, Iteration: 671, Loss: 0.08988205343484879
INFO:root:Epoch: 95, Iteration: 672, Loss: 0.1046256273984909
INFO:root:Validation set mIOU: 82.71467714695132
INFO:root:Epoch: 96, Iteration: 673, Loss: 0.07538064569234848
INFO:root:Epoch: 96, Iteration: 674, Loss: 0.09817368537187576
INFO:root:Epoch: 96, Iteration: 675, Loss: 0.10083053261041641
INFO:root:Epoch: 96, Iteration: 676, Loss: 0.11465666443109512
INFO:root:Epoch: 96, Iteration: 677, Loss: 0.09746868908405304
INFO:root:Epoch: 96, Iteration: 678, Loss: 0.11007602512836456
INFO:root:Epoch: 96, Iteration: 679, Loss: 0.09345279633998871
INFO:root:Validation set mIOU: 82.90749259378642
INFO:root:Epoch: 97, Iteration: 680, Loss: 0.10691574960947037
INFO:root:Epoch: 97, Iteration: 681, Loss: 0.09818658977746964
INFO:root:Epoch: 97, Iteration: 682, Loss: 0.09149688482284546
INFO:root:Epoch: 97, Iteration: 683, Loss: 0.0800073891878128
INFO:root:Epoch: 97, Iteration: 684, Loss: 0.13896839320659637
INFO:root:Epoch: 97, Iteration: 685, Loss: 0.08523839712142944
INFO:root:Epoch: 97, Iteration: 686, Loss: 0.11448977142572403
INFO:root:Validation set mIOU: 82.85493848573546
INFO:root:Epoch: 98, Iteration: 687, Loss: 0.12018492072820663
INFO:root:Epoch: 98, Iteration: 688, Loss: 0.08798452466726303
INFO:root:Epoch: 98, Iteration: 689, Loss: 0.09126532822847366
INFO:root:Epoch: 98, Iteration: 690, Loss: 0.08638650923967361
INFO:root:Epoch: 98, Iteration: 691, Loss: 0.08986491709947586
INFO:root:Epoch: 98, Iteration: 692, Loss: 0.08425705134868622
INFO:root:Epoch: 98, Iteration: 693, Loss: 0.08461906015872955
INFO:root:Validation set mIOU: 82.89603481705264
INFO:root:Epoch: 99, Iteration: 694, Loss: 0.09491680562496185
INFO:root:Epoch: 99, Iteration: 695, Loss: 0.09764841943979263
INFO:root:Epoch: 99, Iteration: 696, Loss: 0.08836371451616287
INFO:root:Epoch: 99, Iteration: 697, Loss: 0.08661395311355591
INFO:root:Epoch: 99, Iteration: 698, Loss: 0.07843346893787384
INFO:root:Epoch: 99, Iteration: 699, Loss: 0.1057743951678276
INFO:root:Epoch: 99, Iteration: 700, Loss: 0.10183446854352951
INFO:root:Validation set mIOU: 82.7483372792716
