INFO:root:{'addition': 'nothing_old_mean_std',
 'backbone': 'resnet50',
 'batch_size': 16,
 'batch_size_consistency': 16,
 'conf_thres': 0.95,
 'config': 'configs/dataset2.yaml',
 'consistency_training': False,
 'crop_size': 320,
 'data_root': './',
 'dataset': 'dataset2',
 'epochs': 100,
 'labeled_id_path': 'dataset/splits/dataset2/1_4/split_random/labeled.txt',
 'lr': 0.0009,
 'model': 'pspnet',
 'ngpus': 1,
 'plus': False,
 'pseudo_consistency_mask_path': None,
 'pseudo_mask_path': 'outdir/pseudo_masks/dataset2/1_4/split_random/pspnet/resnet50/nothing_old_mean_std/self_training/non_consistency_training/first_time',
 'rand_thres': 0.8,
 'reliable_id_path': None,
 'save_path': 'outdir/models/dataset2/1_4/split_random/pspnet/resnet50/nothing_old_mean_std/self_training/non_consistency_training/first_time',
 'time': 1,
 'unlabeled_id_path': 'dataset/splits/dataset2/1_4/split_random/unlabeled.txt',
 'warm_up': 30}

INFO:root:Training supervised with consistency on unlabeled images
INFO:root:{'addition': 'nothing_old_mean_std',
 'backbone': 'resnet50',
 'batch_size': 16,
 'batch_size_consistency': 16,
 'conf_thres': 0.95,
 'config': 'configs/dataset2.yaml',
 'consistency_training': False,
 'crop_size': 320,
 'data_root': './',
 'dataset': 'dataset2',
 'epochs': 100,
 'labeled_id_path': 'dataset/splits/dataset2/1_4/split_random/labeled.txt',
 'lr': 0.0009,
 'model': 'pspnet',
 'ngpus': 1,
 'plus': False,
 'pseudo_consistency_mask_path': None,
 'pseudo_mask_path': 'outdir/pseudo_masks/dataset2/1_4/split_random/pspnet/resnet50/nothing_old_mean_std/self_training/non_consistency_training/first_time',
 'rand_thres': 0.8,
 'reliable_id_path': None,
 'save_path': 'outdir/models/dataset2/1_4/split_random/pspnet/resnet50/nothing_old_mean_std/self_training/non_consistency_training/first_time',
 'time': 1,
 'unlabeled_id_path': 'dataset/splits/dataset2/1_4/split_random/unlabeled.txt',
 'warm_up': 30}

INFO:root:Training supervised with consistency on unlabeled images
INFO:root:Epoch: 0, Iteration: 1, Loss: 1.1813229322433472
INFO:root:Epoch: 0, Iteration: 2, Loss: 0.8087502717971802
INFO:root:Validation set mIOU: 45.593187044551584
INFO:root:Epoch: 1, Iteration: 3, Loss: 0.4712287485599518
INFO:root:Epoch: 1, Iteration: 4, Loss: 0.4302164316177368
INFO:root:Validation set mIOU: 51.97739168857706
INFO:root:Epoch: 2, Iteration: 5, Loss: 0.3505088686943054
INFO:root:Epoch: 2, Iteration: 6, Loss: 0.4055838882923126
INFO:root:Validation set mIOU: 55.72355471430694
INFO:root:Epoch: 3, Iteration: 7, Loss: 0.3012446165084839
INFO:root:Epoch: 3, Iteration: 8, Loss: 0.34956255555152893
INFO:root:Validation set mIOU: 60.43872800488002
INFO:root:Epoch: 4, Iteration: 9, Loss: 0.3471290171146393
INFO:root:Epoch: 4, Iteration: 10, Loss: 0.25807440280914307
INFO:root:Validation set mIOU: 61.23144947965559
INFO:root:Epoch: 5, Iteration: 11, Loss: 0.21742413938045502
INFO:root:Epoch: 5, Iteration: 12, Loss: 0.28405359387397766
INFO:root:Validation set mIOU: 58.909907542957185
INFO:root:Epoch: 6, Iteration: 13, Loss: 0.19012559950351715
INFO:root:Epoch: 6, Iteration: 14, Loss: 0.27904510498046875
INFO:root:Validation set mIOU: 58.23789920437111
INFO:root:Epoch: 7, Iteration: 15, Loss: 0.2393101453781128
INFO:root:Epoch: 7, Iteration: 16, Loss: 0.21026207506656647
INFO:root:Validation set mIOU: 59.71382516764289
INFO:root:Epoch: 8, Iteration: 17, Loss: 0.2410830855369568
INFO:root:Epoch: 8, Iteration: 18, Loss: 0.2102189064025879
INFO:root:Validation set mIOU: 62.004328463948596
INFO:root:Epoch: 9, Iteration: 19, Loss: 0.22186890244483948
INFO:root:Epoch: 9, Iteration: 20, Loss: 0.23507900536060333
INFO:root:Validation set mIOU: 64.21575762572228
INFO:root:Epoch: 10, Iteration: 21, Loss: 0.19442833960056305
INFO:root:Epoch: 10, Iteration: 22, Loss: 0.18772496283054352
INFO:root:Validation set mIOU: 65.40561279814149
INFO:root:Epoch: 11, Iteration: 23, Loss: 0.18451927602291107
INFO:root:Epoch: 11, Iteration: 24, Loss: 0.21271303296089172
INFO:root:Validation set mIOU: 66.21421375683315
INFO:root:Epoch: 12, Iteration: 25, Loss: 0.20002196729183197
INFO:root:Epoch: 12, Iteration: 26, Loss: 0.20691578090190887
INFO:root:Validation set mIOU: 65.39399226437152
INFO:root:Epoch: 13, Iteration: 27, Loss: 0.20435470342636108
INFO:root:Epoch: 13, Iteration: 28, Loss: 0.1710933893918991
INFO:root:Validation set mIOU: 65.01602170195498
INFO:root:Epoch: 14, Iteration: 29, Loss: 0.1911388635635376
INFO:root:Epoch: 14, Iteration: 30, Loss: 0.1742422729730606
INFO:root:Validation set mIOU: 64.94556876385266
INFO:root:Epoch: 15, Iteration: 31, Loss: 0.1837780475616455
INFO:root:Epoch: 15, Iteration: 32, Loss: 0.16916385293006897
INFO:root:Validation set mIOU: 65.9602858683458
INFO:root:Epoch: 16, Iteration: 33, Loss: 0.1403704583644867
INFO:root:Epoch: 16, Iteration: 34, Loss: 0.19355393946170807
INFO:root:Validation set mIOU: 67.85757691876051
INFO:root:Epoch: 17, Iteration: 35, Loss: 0.17479556798934937
INFO:root:Epoch: 17, Iteration: 36, Loss: 0.14916688203811646
INFO:root:Validation set mIOU: 69.00346943100124
INFO:root:Epoch: 18, Iteration: 37, Loss: 0.13728772103786469
INFO:root:Epoch: 18, Iteration: 38, Loss: 0.16460074484348297
INFO:root:Validation set mIOU: 69.95225476364334
INFO:root:Epoch: 19, Iteration: 39, Loss: 0.15511788427829742
INFO:root:Epoch: 19, Iteration: 40, Loss: 0.16257648169994354
INFO:root:Validation set mIOU: 70.92502589354875
INFO:root:Epoch: 20, Iteration: 41, Loss: 0.193959042429924
INFO:root:Epoch: 20, Iteration: 42, Loss: 0.14403703808784485
INFO:root:Validation set mIOU: 71.41269813632114
INFO:root:Epoch: 21, Iteration: 43, Loss: 0.1431768238544464
INFO:root:Epoch: 21, Iteration: 44, Loss: 0.16997575759887695
INFO:root:Validation set mIOU: 70.56424963870133
INFO:root:Epoch: 22, Iteration: 45, Loss: 0.1455504149198532
INFO:root:Epoch: 22, Iteration: 46, Loss: 0.20519158244132996
INFO:root:Validation set mIOU: 69.42870430837763
INFO:root:Epoch: 23, Iteration: 47, Loss: 0.17131368815898895
INFO:root:Epoch: 23, Iteration: 48, Loss: 0.16626310348510742
INFO:root:Validation set mIOU: 69.62028006689941
INFO:root:Epoch: 24, Iteration: 49, Loss: 0.14524255692958832
INFO:root:Epoch: 24, Iteration: 50, Loss: 0.1487317532300949
INFO:root:Validation set mIOU: 69.5718598993304
INFO:root:Epoch: 25, Iteration: 51, Loss: 0.14361035823822021
INFO:root:Epoch: 25, Iteration: 52, Loss: 0.1614600121974945
INFO:root:Validation set mIOU: 70.15933389548088
INFO:root:Epoch: 26, Iteration: 53, Loss: 0.12733499705791473
INFO:root:Epoch: 26, Iteration: 54, Loss: 0.16258221864700317
INFO:root:Validation set mIOU: 70.5053285186135
INFO:root:Epoch: 27, Iteration: 55, Loss: 0.13523171842098236
INFO:root:Epoch: 27, Iteration: 56, Loss: 0.1341385692358017
INFO:root:Validation set mIOU: 70.04110037895805
INFO:root:Epoch: 28, Iteration: 57, Loss: 0.1503780037164688
INFO:root:Epoch: 28, Iteration: 58, Loss: 0.12888197600841522
INFO:root:Validation set mIOU: 70.50058112230624
INFO:root:Epoch: 29, Iteration: 59, Loss: 0.11997629702091217
INFO:root:Epoch: 29, Iteration: 60, Loss: 0.19562236964702606
INFO:root:Validation set mIOU: 71.17526361788137
INFO:root:Epoch: 30, Iteration: 61, Loss: 0.12769043445587158
INFO:root:Epoch: 30, Iteration: 62, Loss: 0.13510636985301971
INFO:root:Validation set mIOU: 71.70201026819828
INFO:root:Epoch: 31, Iteration: 63, Loss: 0.12797625362873077
INFO:root:Epoch: 31, Iteration: 64, Loss: 0.12421865016222
INFO:root:Validation set mIOU: 72.49643790431071
INFO:root:Epoch: 32, Iteration: 65, Loss: 0.11503971368074417
INFO:root:Epoch: 32, Iteration: 66, Loss: 0.12140735983848572
INFO:root:Validation set mIOU: 73.00523676796732
INFO:root:Epoch: 33, Iteration: 67, Loss: 0.11783486604690552
INFO:root:Epoch: 33, Iteration: 68, Loss: 0.14205586910247803
INFO:root:Validation set mIOU: 73.15175018684195
INFO:root:Epoch: 34, Iteration: 69, Loss: 0.1191573515534401
INFO:root:Epoch: 34, Iteration: 70, Loss: 0.11648841202259064
INFO:root:Validation set mIOU: 73.3829480686731
INFO:root:Epoch: 35, Iteration: 71, Loss: 0.13536162674427032
INFO:root:Epoch: 35, Iteration: 72, Loss: 0.13464868068695068
INFO:root:Validation set mIOU: 73.32542897285407
INFO:root:Epoch: 36, Iteration: 73, Loss: 0.13206808269023895
INFO:root:Epoch: 36, Iteration: 74, Loss: 0.12304367125034332
INFO:root:Validation set mIOU: 73.16925771834947
INFO:root:Epoch: 37, Iteration: 75, Loss: 0.1166168823838234
INFO:root:Epoch: 37, Iteration: 76, Loss: 0.1280512660741806
INFO:root:Validation set mIOU: 73.0136889338215
INFO:root:Epoch: 38, Iteration: 77, Loss: 0.12273406982421875
INFO:root:Epoch: 38, Iteration: 78, Loss: 0.12683521211147308
INFO:root:Validation set mIOU: 73.19402144968606
INFO:root:Epoch: 39, Iteration: 79, Loss: 0.13564425706863403
INFO:root:Epoch: 39, Iteration: 80, Loss: 0.11344084143638611
INFO:root:Validation set mIOU: 73.50089706815233
INFO:root:Epoch: 40, Iteration: 81, Loss: 0.1167021244764328
INFO:root:Epoch: 40, Iteration: 82, Loss: 0.12350548058748245
INFO:root:Validation set mIOU: 73.45874028917872
INFO:root:Epoch: 41, Iteration: 83, Loss: 0.0991794615983963
INFO:root:Epoch: 41, Iteration: 84, Loss: 0.1296711415052414
INFO:root:Validation set mIOU: 73.76778656377454
INFO:root:Epoch: 42, Iteration: 85, Loss: 0.1112503856420517
INFO:root:Epoch: 42, Iteration: 86, Loss: 0.13750073313713074
INFO:root:Validation set mIOU: 74.16152118248274
INFO:root:Epoch: 43, Iteration: 87, Loss: 0.11515465378761292
INFO:root:Epoch: 43, Iteration: 88, Loss: 0.09586292505264282
INFO:root:Validation set mIOU: 74.41879589610609
INFO:root:Epoch: 44, Iteration: 89, Loss: 0.1106894314289093
INFO:root:Epoch: 44, Iteration: 90, Loss: 0.110818050801754
INFO:root:Validation set mIOU: 74.6416181902539
INFO:root:Epoch: 45, Iteration: 91, Loss: 0.12426760792732239
INFO:root:Epoch: 45, Iteration: 92, Loss: 0.10765450447797775
INFO:root:Validation set mIOU: 74.818586733989
INFO:root:Epoch: 46, Iteration: 93, Loss: 0.11160778999328613
INFO:root:Epoch: 46, Iteration: 94, Loss: 0.11797702312469482
INFO:root:Validation set mIOU: 74.9303507321546
INFO:root:Epoch: 47, Iteration: 95, Loss: 0.12321598082780838
INFO:root:Epoch: 47, Iteration: 96, Loss: 0.10379652678966522
INFO:root:Validation set mIOU: 74.75990183030561
INFO:root:Epoch: 48, Iteration: 97, Loss: 0.10797355324029922
INFO:root:Epoch: 48, Iteration: 98, Loss: 0.10059159994125366
INFO:root:Validation set mIOU: 74.719265166953
INFO:root:Epoch: 49, Iteration: 99, Loss: 0.10537849366664886
INFO:root:Epoch: 49, Iteration: 100, Loss: 0.09615378081798553
INFO:root:Validation set mIOU: 74.69046349725517
INFO:root:Epoch: 50, Iteration: 101, Loss: 0.11199977248907089
INFO:root:Epoch: 50, Iteration: 102, Loss: 0.10397844016551971
INFO:root:Validation set mIOU: 74.73515819068338
INFO:root:Epoch: 51, Iteration: 103, Loss: 0.12332956492900848
INFO:root:Epoch: 51, Iteration: 104, Loss: 0.12956400215625763
INFO:root:Validation set mIOU: 74.72663906100891
INFO:root:Epoch: 52, Iteration: 105, Loss: 0.11845476180315018
INFO:root:Epoch: 52, Iteration: 106, Loss: 0.1169678345322609
INFO:root:Validation set mIOU: 74.98475358673173
INFO:root:Epoch: 53, Iteration: 107, Loss: 0.1061464175581932
INFO:root:Epoch: 53, Iteration: 108, Loss: 0.13333874940872192
INFO:root:Validation set mIOU: 74.76212512563085
INFO:root:Epoch: 54, Iteration: 109, Loss: 0.11387725919485092
INFO:root:Epoch: 54, Iteration: 110, Loss: 0.11185703426599503
INFO:root:Validation set mIOU: 74.66128609815605
INFO:root:Epoch: 55, Iteration: 111, Loss: 0.11925564706325531
INFO:root:Epoch: 55, Iteration: 112, Loss: 0.10700155049562454
INFO:root:Validation set mIOU: 74.42795383369028
INFO:root:Epoch: 56, Iteration: 113, Loss: 0.10276784002780914
INFO:root:Epoch: 56, Iteration: 114, Loss: 0.10016563534736633
INFO:root:Validation set mIOU: 74.61634465121774
INFO:root:Epoch: 57, Iteration: 115, Loss: 0.10914337635040283
INFO:root:Epoch: 57, Iteration: 116, Loss: 0.10386073589324951
INFO:root:Validation set mIOU: 74.42142068857352
INFO:root:Epoch: 58, Iteration: 117, Loss: 0.1090264841914177
INFO:root:Epoch: 58, Iteration: 118, Loss: 0.11069269478321075
INFO:root:Validation set mIOU: 74.25439873000145
INFO:root:Epoch: 59, Iteration: 119, Loss: 0.10209791362285614
INFO:root:Epoch: 59, Iteration: 120, Loss: 0.09540867805480957
INFO:root:Validation set mIOU: 74.47093189807164
INFO:root:Epoch: 60, Iteration: 121, Loss: 0.09935201704502106
INFO:root:Epoch: 60, Iteration: 122, Loss: 0.12132168561220169
INFO:root:Validation set mIOU: 74.31328213676505
INFO:root:Epoch: 61, Iteration: 123, Loss: 0.09607934951782227
INFO:root:Epoch: 61, Iteration: 124, Loss: 0.1000886857509613
INFO:root:Validation set mIOU: 74.31199477839134
INFO:root:Epoch: 62, Iteration: 125, Loss: 0.09540192037820816
INFO:root:Epoch: 62, Iteration: 126, Loss: 0.10451021790504456
INFO:root:Validation set mIOU: 74.48167344393313
INFO:root:Epoch: 63, Iteration: 127, Loss: 0.11962629854679108
INFO:root:Epoch: 63, Iteration: 128, Loss: 0.13954368233680725
INFO:root:Validation set mIOU: 74.31811805151828
INFO:root:Epoch: 64, Iteration: 129, Loss: 0.11954498291015625
INFO:root:Epoch: 64, Iteration: 130, Loss: 0.0951484888792038
INFO:root:Validation set mIOU: 74.32785014491591
INFO:root:Epoch: 65, Iteration: 131, Loss: 0.09762586653232574
INFO:root:Epoch: 65, Iteration: 132, Loss: 0.12267312407493591
INFO:root:Validation set mIOU: 74.37345262098782
INFO:root:Epoch: 66, Iteration: 133, Loss: 0.10692955553531647
INFO:root:Epoch: 66, Iteration: 134, Loss: 0.11472112685441971
INFO:root:Validation set mIOU: 74.76494811203234
INFO:root:Epoch: 67, Iteration: 135, Loss: 0.10397068411111832
INFO:root:Epoch: 67, Iteration: 136, Loss: 0.10101688653230667
INFO:root:Validation set mIOU: 75.19711439337586
INFO:root:Epoch: 68, Iteration: 137, Loss: 0.10166046768426895
INFO:root:Epoch: 68, Iteration: 138, Loss: 0.10585273057222366
INFO:root:Validation set mIOU: 75.29127856722862
INFO:root:Epoch: 69, Iteration: 139, Loss: 0.10556115210056305
INFO:root:Epoch: 69, Iteration: 140, Loss: 0.08863312005996704
INFO:root:Validation set mIOU: 75.41153547527807
INFO:root:Epoch: 70, Iteration: 141, Loss: 0.10859880596399307
INFO:root:Epoch: 70, Iteration: 142, Loss: 0.09695768356323242
INFO:root:Validation set mIOU: 75.46036999433935
INFO:root:Epoch: 71, Iteration: 143, Loss: 0.10543391108512878
INFO:root:Epoch: 71, Iteration: 144, Loss: 0.106016606092453
INFO:root:Validation set mIOU: 75.49212333346996
INFO:root:Epoch: 72, Iteration: 145, Loss: 0.0956309512257576
INFO:root:Epoch: 72, Iteration: 146, Loss: 0.13230381906032562
INFO:root:Validation set mIOU: 75.75927084699804
INFO:root:Epoch: 73, Iteration: 147, Loss: 0.09395268559455872
INFO:root:Epoch: 73, Iteration: 148, Loss: 0.09816252440214157
INFO:root:Validation set mIOU: 75.79986668344718
INFO:root:Epoch: 74, Iteration: 149, Loss: 0.09649091213941574
INFO:root:Epoch: 74, Iteration: 150, Loss: 0.11755575984716415
INFO:root:Validation set mIOU: 75.74058719906249
INFO:root:Epoch: 75, Iteration: 151, Loss: 0.09823798388242722
INFO:root:Epoch: 75, Iteration: 152, Loss: 0.09850384294986725
INFO:root:Validation set mIOU: 75.77488520927123
INFO:root:Epoch: 76, Iteration: 153, Loss: 0.11733203381299973
INFO:root:Epoch: 76, Iteration: 154, Loss: 0.09127408266067505
INFO:root:Validation set mIOU: 75.6337470679537
INFO:root:Epoch: 77, Iteration: 155, Loss: 0.12377065420150757
INFO:root:Epoch: 77, Iteration: 156, Loss: 0.08706691861152649
INFO:root:Validation set mIOU: 75.83983765661505
INFO:root:Epoch: 78, Iteration: 157, Loss: 0.10836057364940643
INFO:root:Epoch: 78, Iteration: 158, Loss: 0.09507046639919281
INFO:root:Validation set mIOU: 75.84069340735908
INFO:root:Epoch: 79, Iteration: 159, Loss: 0.09541703760623932
INFO:root:Epoch: 79, Iteration: 160, Loss: 0.09630119055509567
INFO:root:Validation set mIOU: 75.91819238300603
INFO:root:Epoch: 80, Iteration: 161, Loss: 0.10792326182126999
INFO:root:Epoch: 80, Iteration: 162, Loss: 0.09637866169214249
INFO:root:Validation set mIOU: 76.10387984945825
INFO:root:Epoch: 81, Iteration: 163, Loss: 0.1019999235868454
INFO:root:Epoch: 81, Iteration: 164, Loss: 0.10380316525697708
INFO:root:Validation set mIOU: 76.32247253462965
INFO:root:Epoch: 82, Iteration: 165, Loss: 0.1341828852891922
INFO:root:Epoch: 82, Iteration: 166, Loss: 0.09253448247909546
INFO:root:Validation set mIOU: 76.3807675272969
INFO:root:Epoch: 83, Iteration: 167, Loss: 0.09938829392194748
INFO:root:Epoch: 83, Iteration: 168, Loss: 0.09773676842451096
INFO:root:Validation set mIOU: 76.54625633555071
INFO:root:Epoch: 84, Iteration: 169, Loss: 0.10106728971004486
INFO:root:Epoch: 84, Iteration: 170, Loss: 0.10812091827392578
INFO:root:Validation set mIOU: 76.43342198983244
INFO:root:Epoch: 85, Iteration: 171, Loss: 0.09741715341806412
INFO:root:Epoch: 85, Iteration: 172, Loss: 0.10066534578800201
INFO:root:Validation set mIOU: 76.4088827407471
INFO:root:Epoch: 86, Iteration: 173, Loss: 0.09922226518392563
INFO:root:Epoch: 86, Iteration: 174, Loss: 0.1040540263056755
INFO:root:Validation set mIOU: 76.2541403664597
INFO:root:Epoch: 87, Iteration: 175, Loss: 0.09163917601108551
INFO:root:Epoch: 87, Iteration: 176, Loss: 0.09528893977403641
INFO:root:Validation set mIOU: 76.3265316825679
INFO:root:Epoch: 88, Iteration: 177, Loss: 0.09222681075334549
INFO:root:Epoch: 88, Iteration: 178, Loss: 0.08978210389614105
INFO:root:Validation set mIOU: 76.35808192832961
INFO:root:Epoch: 89, Iteration: 179, Loss: 0.12089750170707703
INFO:root:Epoch: 89, Iteration: 180, Loss: 0.0908292755484581
INFO:root:Validation set mIOU: 76.4709030195054
INFO:root:Epoch: 90, Iteration: 181, Loss: 0.07966463267803192
INFO:root:Epoch: 90, Iteration: 182, Loss: 0.11141107231378555
INFO:root:Validation set mIOU: 76.43383734350137
INFO:root:Epoch: 91, Iteration: 183, Loss: 0.09808406978845596
INFO:root:Epoch: 91, Iteration: 184, Loss: 0.11003535240888596
INFO:root:Validation set mIOU: 76.38891150526605
INFO:root:Epoch: 92, Iteration: 185, Loss: 0.10531438142061234
INFO:root:Epoch: 92, Iteration: 186, Loss: 0.08403198421001434
INFO:root:Validation set mIOU: 76.30672509360332
INFO:root:Epoch: 93, Iteration: 187, Loss: 0.0923834964632988
INFO:root:Epoch: 93, Iteration: 188, Loss: 0.10605176538228989
INFO:root:Validation set mIOU: 76.32919064153634
INFO:root:Epoch: 94, Iteration: 189, Loss: 0.09219377487897873
INFO:root:Epoch: 94, Iteration: 190, Loss: 0.09915072470903397
INFO:root:Validation set mIOU: 76.24552998665986
INFO:root:Epoch: 95, Iteration: 191, Loss: 0.0999026671051979
INFO:root:Epoch: 95, Iteration: 192, Loss: 0.0834658220410347
INFO:root:Validation set mIOU: 76.19554188121134
INFO:root:Epoch: 96, Iteration: 193, Loss: 0.09728651493787766
INFO:root:Epoch: 96, Iteration: 194, Loss: 0.13144779205322266
INFO:root:Validation set mIOU: 76.16019887362512
INFO:root:Epoch: 97, Iteration: 195, Loss: 0.10251172631978989
INFO:root:Epoch: 97, Iteration: 196, Loss: 0.08773181587457657
INFO:root:Validation set mIOU: 76.16041272482722
INFO:root:Epoch: 98, Iteration: 197, Loss: 0.0987505093216896
INFO:root:Epoch: 98, Iteration: 198, Loss: 0.11352746933698654
INFO:root:Validation set mIOU: 76.02659844684902
INFO:root:Epoch: 99, Iteration: 199, Loss: 0.09859257936477661
INFO:root:Epoch: 99, Iteration: 200, Loss: 0.10481557995080948
INFO:root:Validation set mIOU: 76.01052453590827
INFO:root:Semi-training
INFO:root:Epoch: 0, Iteration: 1, Loss: 1.1428800821304321
INFO:root:Epoch: 0, Iteration: 2, Loss: 0.8277495503425598
INFO:root:Epoch: 0, Iteration: 3, Loss: 0.5531587600708008
INFO:root:Epoch: 0, Iteration: 4, Loss: 0.4773070216178894
INFO:root:Epoch: 0, Iteration: 5, Loss: 0.46876832842826843
INFO:root:Epoch: 0, Iteration: 6, Loss: 0.44385313987731934
INFO:root:Epoch: 0, Iteration: 7, Loss: 0.3136158585548401
INFO:root:Validation set mIOU: 61.434544940351685
INFO:root:Epoch: 1, Iteration: 8, Loss: 0.33798179030418396
INFO:root:Epoch: 1, Iteration: 9, Loss: 0.3473927676677704
INFO:root:Epoch: 1, Iteration: 10, Loss: 0.2889246344566345
INFO:root:Epoch: 1, Iteration: 11, Loss: 0.357391893863678
INFO:root:Epoch: 1, Iteration: 12, Loss: 0.323104590177536
INFO:root:Epoch: 1, Iteration: 13, Loss: 0.28922247886657715
INFO:root:Epoch: 1, Iteration: 14, Loss: 0.24134719371795654
INFO:root:Validation set mIOU: 67.3585656317309
INFO:root:Epoch: 2, Iteration: 15, Loss: 0.3521220088005066
INFO:root:Epoch: 2, Iteration: 16, Loss: 0.21454507112503052
INFO:root:Epoch: 2, Iteration: 17, Loss: 0.22402240335941315
INFO:root:Epoch: 2, Iteration: 18, Loss: 0.29595792293548584
INFO:root:Epoch: 2, Iteration: 19, Loss: 0.2506238520145416
INFO:root:Epoch: 2, Iteration: 20, Loss: 0.23379027843475342
INFO:root:Epoch: 2, Iteration: 21, Loss: 0.2740732729434967
INFO:root:Validation set mIOU: 71.31542171773776
INFO:root:Epoch: 3, Iteration: 22, Loss: 0.22991101443767548
INFO:root:Epoch: 3, Iteration: 23, Loss: 0.29029813408851624
INFO:root:Epoch: 3, Iteration: 24, Loss: 0.23359447717666626
INFO:root:Epoch: 3, Iteration: 25, Loss: 0.20067808032035828
INFO:root:Epoch: 3, Iteration: 26, Loss: 0.22967146337032318
INFO:root:Epoch: 3, Iteration: 27, Loss: 0.22308556735515594
INFO:root:Epoch: 3, Iteration: 28, Loss: 0.20823432505130768
INFO:root:Validation set mIOU: 71.15163593971458
INFO:root:Epoch: 4, Iteration: 29, Loss: 0.2651587724685669
INFO:root:Epoch: 4, Iteration: 30, Loss: 0.20444822311401367
INFO:root:Epoch: 4, Iteration: 31, Loss: 0.295886754989624
INFO:root:Epoch: 4, Iteration: 32, Loss: 0.21547916531562805
INFO:root:Epoch: 4, Iteration: 33, Loss: 0.21048860251903534
INFO:root:Epoch: 4, Iteration: 34, Loss: 0.2204175591468811
INFO:root:Epoch: 4, Iteration: 35, Loss: 0.23881720006465912
INFO:root:Validation set mIOU: 66.14012199895933
INFO:root:Epoch: 5, Iteration: 36, Loss: 0.20981276035308838
INFO:root:Epoch: 5, Iteration: 37, Loss: 0.2264874428510666
INFO:root:Epoch: 5, Iteration: 38, Loss: 0.2067452073097229
INFO:root:Epoch: 5, Iteration: 39, Loss: 0.19705475866794586
INFO:root:Epoch: 5, Iteration: 40, Loss: 0.1988719403743744
INFO:root:Epoch: 5, Iteration: 41, Loss: 0.2189730703830719
INFO:root:Epoch: 5, Iteration: 42, Loss: 0.16653631627559662
INFO:root:Validation set mIOU: 72.55740870187735
INFO:root:Epoch: 6, Iteration: 43, Loss: 0.20971618592739105
INFO:root:Epoch: 6, Iteration: 44, Loss: 0.22252556681632996
INFO:root:Epoch: 6, Iteration: 45, Loss: 0.22195656597614288
INFO:root:Epoch: 6, Iteration: 46, Loss: 0.2209133505821228
INFO:root:Epoch: 6, Iteration: 47, Loss: 0.21311865746974945
INFO:root:Epoch: 6, Iteration: 48, Loss: 0.1903337687253952
INFO:root:Epoch: 6, Iteration: 49, Loss: 0.1778639405965805
INFO:root:Validation set mIOU: 75.62387260189635
INFO:root:Epoch: 7, Iteration: 50, Loss: 0.15044927597045898
INFO:root:Epoch: 7, Iteration: 51, Loss: 0.1508398801088333
INFO:root:Epoch: 7, Iteration: 52, Loss: 0.22667992115020752
INFO:root:Epoch: 7, Iteration: 53, Loss: 0.22280022501945496
INFO:root:Epoch: 7, Iteration: 54, Loss: 0.27823278307914734
INFO:root:Epoch: 7, Iteration: 55, Loss: 0.2622807025909424
INFO:root:Epoch: 7, Iteration: 56, Loss: 0.20350372791290283
INFO:root:Validation set mIOU: 74.83783037332623
INFO:root:Epoch: 8, Iteration: 57, Loss: 0.1527329683303833
INFO:root:Epoch: 8, Iteration: 58, Loss: 0.16160880029201508
INFO:root:Epoch: 8, Iteration: 59, Loss: 0.16389068961143494
INFO:root:Epoch: 8, Iteration: 60, Loss: 0.17347006499767303
INFO:root:Epoch: 8, Iteration: 61, Loss: 0.17112480103969574
INFO:root:Epoch: 8, Iteration: 62, Loss: 0.15533606708049774
INFO:root:Epoch: 8, Iteration: 63, Loss: 0.2009306252002716
INFO:root:Validation set mIOU: 76.86428275210056
INFO:root:Epoch: 9, Iteration: 64, Loss: 0.21182481944561005
INFO:root:Epoch: 9, Iteration: 65, Loss: 0.16489265859127045
INFO:root:Epoch: 9, Iteration: 66, Loss: 0.14713218808174133
INFO:root:Epoch: 9, Iteration: 67, Loss: 0.1631304919719696
INFO:root:Epoch: 9, Iteration: 68, Loss: 0.13267502188682556
INFO:root:Epoch: 9, Iteration: 69, Loss: 0.14204853773117065
INFO:root:Epoch: 9, Iteration: 70, Loss: 0.2038763463497162
INFO:root:Validation set mIOU: 75.91853991271154
INFO:root:Epoch: 10, Iteration: 71, Loss: 0.16979165375232697
INFO:root:Epoch: 10, Iteration: 72, Loss: 0.14308731257915497
INFO:root:Epoch: 10, Iteration: 73, Loss: 0.1532684862613678
INFO:root:Epoch: 10, Iteration: 74, Loss: 0.15704600512981415
INFO:root:Epoch: 10, Iteration: 75, Loss: 0.1866898089647293
INFO:root:Epoch: 10, Iteration: 76, Loss: 0.14293257892131805
INFO:root:Epoch: 10, Iteration: 77, Loss: 0.1657106876373291
INFO:root:Validation set mIOU: 77.65253794392932
INFO:root:Epoch: 11, Iteration: 78, Loss: 0.22429333627223969
INFO:root:Epoch: 11, Iteration: 79, Loss: 0.13733385503292084
INFO:root:Epoch: 11, Iteration: 80, Loss: 0.1367318034172058
INFO:root:Epoch: 11, Iteration: 81, Loss: 0.1488955169916153
INFO:root:Epoch: 11, Iteration: 82, Loss: 0.17299675941467285
INFO:root:Epoch: 11, Iteration: 83, Loss: 0.16452433168888092
INFO:root:Epoch: 11, Iteration: 84, Loss: 0.1530374437570572
INFO:root:Validation set mIOU: 78.28940882042531
INFO:root:Epoch: 12, Iteration: 85, Loss: 0.1525590568780899
INFO:root:Epoch: 12, Iteration: 86, Loss: 0.15260513126850128
INFO:root:Epoch: 12, Iteration: 87, Loss: 0.20410270988941193
INFO:root:Epoch: 12, Iteration: 88, Loss: 0.1635880321264267
INFO:root:Epoch: 12, Iteration: 89, Loss: 0.13863857090473175
INFO:root:Epoch: 12, Iteration: 90, Loss: 0.1407678723335266
INFO:root:Epoch: 12, Iteration: 91, Loss: 0.17594711482524872
INFO:root:Validation set mIOU: 78.47330447039236
INFO:root:Epoch: 13, Iteration: 92, Loss: 0.19031627476215363
INFO:root:Epoch: 13, Iteration: 93, Loss: 0.15227314829826355
INFO:root:Epoch: 13, Iteration: 94, Loss: 0.15032446384429932
INFO:root:Epoch: 13, Iteration: 95, Loss: 0.14544589817523956
INFO:root:Epoch: 13, Iteration: 96, Loss: 0.13973119854927063
INFO:root:Epoch: 13, Iteration: 97, Loss: 0.17067690193653107
INFO:root:Epoch: 13, Iteration: 98, Loss: 0.15137290954589844
INFO:root:Validation set mIOU: 79.3188424339434
INFO:root:Epoch: 14, Iteration: 99, Loss: 0.1463591456413269
INFO:root:Epoch: 14, Iteration: 100, Loss: 0.17677254974842072
INFO:root:Epoch: 14, Iteration: 101, Loss: 0.1310500055551529
INFO:root:Epoch: 14, Iteration: 102, Loss: 0.13972146809101105
INFO:root:Epoch: 14, Iteration: 103, Loss: 0.11874710768461227
INFO:root:Epoch: 14, Iteration: 104, Loss: 0.18143095076084137
INFO:root:Epoch: 14, Iteration: 105, Loss: 0.13255581259727478
INFO:root:Validation set mIOU: 79.4847200631925
INFO:root:Epoch: 15, Iteration: 106, Loss: 0.13742707669734955
INFO:root:Epoch: 15, Iteration: 107, Loss: 0.14701364934444427
INFO:root:Epoch: 15, Iteration: 108, Loss: 0.1460915058851242
INFO:root:Epoch: 15, Iteration: 109, Loss: 0.16160471737384796
INFO:root:Epoch: 15, Iteration: 110, Loss: 0.13332228362560272
INFO:root:Epoch: 15, Iteration: 111, Loss: 0.1428375542163849
INFO:root:Epoch: 15, Iteration: 112, Loss: 0.11701970547437668
INFO:root:Validation set mIOU: 79.88249920080153
INFO:root:Epoch: 16, Iteration: 113, Loss: 0.1856561005115509
INFO:root:Epoch: 16, Iteration: 114, Loss: 0.1360955387353897
INFO:root:Epoch: 16, Iteration: 115, Loss: 0.11246468871831894
INFO:root:Epoch: 16, Iteration: 116, Loss: 0.16562259197235107
INFO:root:Epoch: 16, Iteration: 117, Loss: 0.134088397026062
INFO:root:Epoch: 16, Iteration: 118, Loss: 0.14978325366973877
INFO:root:Epoch: 16, Iteration: 119, Loss: 0.17435123026371002
INFO:root:Validation set mIOU: 79.21212746317056
INFO:root:Epoch: 17, Iteration: 120, Loss: 0.13834165036678314
INFO:root:Epoch: 17, Iteration: 121, Loss: 0.147414892911911
INFO:root:Epoch: 17, Iteration: 122, Loss: 0.16198496520519257
INFO:root:Epoch: 17, Iteration: 123, Loss: 0.15278270840644836
INFO:root:Epoch: 17, Iteration: 124, Loss: 0.13940133154392242
INFO:root:Epoch: 17, Iteration: 125, Loss: 0.16493172943592072
INFO:root:Epoch: 17, Iteration: 126, Loss: 0.1571650207042694
INFO:root:Validation set mIOU: 78.64668970001264
INFO:root:Epoch: 18, Iteration: 127, Loss: 0.20370832085609436
INFO:root:Epoch: 18, Iteration: 128, Loss: 0.13547642529010773
INFO:root:Epoch: 18, Iteration: 129, Loss: 0.1291920244693756
INFO:root:Epoch: 18, Iteration: 130, Loss: 0.12940770387649536
INFO:root:Epoch: 18, Iteration: 131, Loss: 0.128160297870636
INFO:root:Epoch: 18, Iteration: 132, Loss: 0.23014016449451447
INFO:root:Epoch: 18, Iteration: 133, Loss: 0.18079619109630585
INFO:root:Validation set mIOU: 79.79917172986616
INFO:root:Epoch: 19, Iteration: 134, Loss: 0.14921946823596954
INFO:root:Epoch: 19, Iteration: 135, Loss: 0.13945867121219635
INFO:root:Epoch: 19, Iteration: 136, Loss: 0.17694221436977386
INFO:root:Epoch: 19, Iteration: 137, Loss: 0.14622430503368378
INFO:root:Epoch: 19, Iteration: 138, Loss: 0.13216836750507355
INFO:root:Epoch: 19, Iteration: 139, Loss: 0.11829305440187454
INFO:root:Epoch: 19, Iteration: 140, Loss: 0.13167837262153625
INFO:root:Validation set mIOU: 78.08797464478494
INFO:root:Epoch: 20, Iteration: 141, Loss: 0.1513892561197281
INFO:root:Epoch: 20, Iteration: 142, Loss: 0.13511671125888824
INFO:root:Epoch: 20, Iteration: 143, Loss: 0.13488034904003143
INFO:root:Epoch: 20, Iteration: 144, Loss: 0.10641203820705414
INFO:root:Epoch: 20, Iteration: 145, Loss: 0.19548417627811432
INFO:root:Epoch: 20, Iteration: 146, Loss: 0.21767649054527283
INFO:root:Epoch: 20, Iteration: 147, Loss: 0.16080865263938904
INFO:root:Validation set mIOU: 79.48939085137195
INFO:root:Epoch: 21, Iteration: 148, Loss: 0.12560267746448517
INFO:root:Epoch: 21, Iteration: 149, Loss: 0.12442699074745178
INFO:root:Epoch: 21, Iteration: 150, Loss: 0.1270633041858673
INFO:root:Epoch: 21, Iteration: 151, Loss: 0.16003656387329102
INFO:root:Epoch: 21, Iteration: 152, Loss: 0.11600742489099503
INFO:root:Epoch: 21, Iteration: 153, Loss: 0.16381917893886566
INFO:root:Epoch: 21, Iteration: 154, Loss: 0.1846163421869278
INFO:root:Validation set mIOU: 78.03352083518219
INFO:root:Epoch: 22, Iteration: 155, Loss: 0.2214367538690567
INFO:root:Epoch: 22, Iteration: 156, Loss: 0.16281664371490479
INFO:root:Epoch: 22, Iteration: 157, Loss: 0.1860361546278
INFO:root:Epoch: 22, Iteration: 158, Loss: 0.11476297676563263
INFO:root:Epoch: 22, Iteration: 159, Loss: 0.14595282077789307
INFO:root:Epoch: 22, Iteration: 160, Loss: 0.12523537874221802
INFO:root:Epoch: 22, Iteration: 161, Loss: 0.13763196766376495
INFO:root:Validation set mIOU: 78.42930981571668
INFO:root:Epoch: 23, Iteration: 162, Loss: 0.13827326893806458
INFO:root:Epoch: 23, Iteration: 163, Loss: 0.12016463279724121
INFO:root:Epoch: 23, Iteration: 164, Loss: 0.11559751629829407
INFO:root:Epoch: 23, Iteration: 165, Loss: 0.14770494401454926
INFO:root:Epoch: 23, Iteration: 166, Loss: 0.11743680387735367
INFO:root:Epoch: 23, Iteration: 167, Loss: 0.11919765919446945
INFO:root:Epoch: 23, Iteration: 168, Loss: 0.11562320590019226
INFO:root:Validation set mIOU: 80.43693701758157
INFO:root:Epoch: 24, Iteration: 169, Loss: 0.13124114274978638
INFO:root:Epoch: 24, Iteration: 170, Loss: 0.11535055190324783
INFO:root:Epoch: 24, Iteration: 171, Loss: 0.11633463948965073
INFO:root:Epoch: 24, Iteration: 172, Loss: 0.1379576027393341
INFO:root:Epoch: 24, Iteration: 173, Loss: 0.17734754085540771
INFO:root:Epoch: 24, Iteration: 174, Loss: 0.13445094227790833
INFO:root:Epoch: 24, Iteration: 175, Loss: 0.18513807654380798
INFO:root:Validation set mIOU: 80.36034772985624
INFO:root:Epoch: 25, Iteration: 176, Loss: 0.1072239950299263
INFO:root:Epoch: 25, Iteration: 177, Loss: 0.13535304367542267
INFO:root:Epoch: 25, Iteration: 178, Loss: 0.1365411877632141
INFO:root:Epoch: 25, Iteration: 179, Loss: 0.12084552645683289
INFO:root:Epoch: 25, Iteration: 180, Loss: 0.12708544731140137
INFO:root:Epoch: 25, Iteration: 181, Loss: 0.15524400770664215
INFO:root:Epoch: 25, Iteration: 182, Loss: 0.127550408244133
INFO:root:Validation set mIOU: 80.55650136986795
INFO:root:Epoch: 26, Iteration: 183, Loss: 0.13642889261245728
INFO:root:Epoch: 26, Iteration: 184, Loss: 0.12499367445707321
INFO:root:Epoch: 26, Iteration: 185, Loss: 0.10903346538543701
INFO:root:Epoch: 26, Iteration: 186, Loss: 0.1393958479166031
INFO:root:Epoch: 26, Iteration: 187, Loss: 0.10447228699922562
INFO:root:Epoch: 26, Iteration: 188, Loss: 0.14427362382411957
INFO:root:Epoch: 26, Iteration: 189, Loss: 0.13120277225971222
INFO:root:Validation set mIOU: 80.88737953557009
INFO:root:Epoch: 27, Iteration: 190, Loss: 0.12910494208335876
INFO:root:Epoch: 27, Iteration: 191, Loss: 0.1280401200056076
INFO:root:Epoch: 27, Iteration: 192, Loss: 0.12333793193101883
INFO:root:Epoch: 27, Iteration: 193, Loss: 0.14165416359901428
INFO:root:Epoch: 27, Iteration: 194, Loss: 0.1183638647198677
INFO:root:Epoch: 27, Iteration: 195, Loss: 0.10709712654352188
INFO:root:Epoch: 27, Iteration: 196, Loss: 0.13260801136493683
INFO:root:Validation set mIOU: 80.61796863649579
INFO:root:Epoch: 28, Iteration: 197, Loss: 0.10987429320812225
INFO:root:Epoch: 28, Iteration: 198, Loss: 0.12791840732097626
INFO:root:Epoch: 28, Iteration: 199, Loss: 0.12553603947162628
INFO:root:Epoch: 28, Iteration: 200, Loss: 0.11846126616001129
INFO:root:Epoch: 28, Iteration: 201, Loss: 0.13724099099636078
INFO:root:Epoch: 28, Iteration: 202, Loss: 0.10984040796756744
INFO:root:Epoch: 28, Iteration: 203, Loss: 0.12445063143968582
INFO:root:Validation set mIOU: 80.87761408617399
INFO:root:Epoch: 29, Iteration: 204, Loss: 0.12827803194522858
INFO:root:Epoch: 29, Iteration: 205, Loss: 0.17320191860198975
INFO:root:Epoch: 29, Iteration: 206, Loss: 0.12186463177204132
INFO:root:Epoch: 29, Iteration: 207, Loss: 0.1205659955739975
INFO:root:Epoch: 29, Iteration: 208, Loss: 0.11789301782846451
INFO:root:Epoch: 29, Iteration: 209, Loss: 0.10988403856754303
INFO:root:Epoch: 29, Iteration: 210, Loss: 0.09804601222276688
INFO:root:Validation set mIOU: 81.55354955273158
INFO:root:Epoch: 30, Iteration: 211, Loss: 0.1298169195652008
INFO:root:Epoch: 30, Iteration: 212, Loss: 0.11624205112457275
INFO:root:Epoch: 30, Iteration: 213, Loss: 0.13544827699661255
INFO:root:Epoch: 30, Iteration: 214, Loss: 0.13023614883422852
INFO:root:Epoch: 30, Iteration: 215, Loss: 0.0996306762099266
INFO:root:Epoch: 30, Iteration: 216, Loss: 0.11574887484312057
INFO:root:Epoch: 30, Iteration: 217, Loss: 0.1373511701822281
INFO:root:Validation set mIOU: 81.19367824639747
INFO:root:Epoch: 31, Iteration: 218, Loss: 0.11139056831598282
INFO:root:Epoch: 31, Iteration: 219, Loss: 0.11635472625494003
INFO:root:Epoch: 31, Iteration: 220, Loss: 0.10791061818599701
INFO:root:Epoch: 31, Iteration: 221, Loss: 0.10905468463897705
INFO:root:Epoch: 31, Iteration: 222, Loss: 0.13733212649822235
INFO:root:Epoch: 31, Iteration: 223, Loss: 0.12002946436405182
INFO:root:Epoch: 31, Iteration: 224, Loss: 0.09621857851743698
INFO:root:Validation set mIOU: 81.55890836599615
INFO:root:Epoch: 32, Iteration: 225, Loss: 0.10150694102048874
INFO:root:Epoch: 32, Iteration: 226, Loss: 0.10213860124349594
INFO:root:Epoch: 32, Iteration: 227, Loss: 0.1165667399764061
INFO:root:Epoch: 32, Iteration: 228, Loss: 0.11795959621667862
INFO:root:Epoch: 32, Iteration: 229, Loss: 0.23560099303722382
INFO:root:Epoch: 32, Iteration: 230, Loss: 0.11049019545316696
INFO:root:Epoch: 32, Iteration: 231, Loss: 0.10532490164041519
INFO:root:Validation set mIOU: 81.30908887140481
INFO:root:Epoch: 33, Iteration: 232, Loss: 0.145982027053833
INFO:root:Epoch: 33, Iteration: 233, Loss: 0.14105458557605743
INFO:root:Epoch: 33, Iteration: 234, Loss: 0.1058800220489502
INFO:root:Epoch: 33, Iteration: 235, Loss: 0.11142885684967041
INFO:root:Epoch: 33, Iteration: 236, Loss: 0.10531537234783173
INFO:root:Epoch: 33, Iteration: 237, Loss: 0.11738049983978271
INFO:root:Epoch: 33, Iteration: 238, Loss: 0.09909120202064514
INFO:root:Validation set mIOU: 81.8012649791406
INFO:root:Epoch: 34, Iteration: 239, Loss: 0.11955583095550537
INFO:root:Epoch: 34, Iteration: 240, Loss: 0.17318035662174225
INFO:root:Epoch: 34, Iteration: 241, Loss: 0.1235959529876709
INFO:root:Epoch: 34, Iteration: 242, Loss: 0.2038813680410385
INFO:root:Epoch: 34, Iteration: 243, Loss: 0.10441112518310547
INFO:root:Epoch: 34, Iteration: 244, Loss: 0.12309512495994568
INFO:root:Epoch: 34, Iteration: 245, Loss: 0.12876799702644348
INFO:root:Validation set mIOU: 81.04755475468079
INFO:root:Epoch: 35, Iteration: 246, Loss: 0.1244349330663681
INFO:root:Epoch: 35, Iteration: 247, Loss: 0.16860590875148773
INFO:root:Epoch: 35, Iteration: 248, Loss: 0.12494897842407227
INFO:root:Epoch: 35, Iteration: 249, Loss: 0.11216037720441818
INFO:root:Epoch: 35, Iteration: 250, Loss: 0.13575251400470734
INFO:root:Epoch: 35, Iteration: 251, Loss: 0.1268366426229477
INFO:root:Epoch: 35, Iteration: 252, Loss: 0.12885704636573792
INFO:root:Validation set mIOU: 82.11495398430357
INFO:root:Epoch: 36, Iteration: 253, Loss: 0.11730094999074936
INFO:root:Epoch: 36, Iteration: 254, Loss: 0.1538493037223816
INFO:root:Epoch: 36, Iteration: 255, Loss: 0.12120679765939713
INFO:root:Epoch: 36, Iteration: 256, Loss: 0.12160737067461014
INFO:root:Epoch: 36, Iteration: 257, Loss: 0.15540502965450287
INFO:root:Epoch: 36, Iteration: 258, Loss: 0.1032225713133812
INFO:root:Epoch: 36, Iteration: 259, Loss: 0.12569676339626312
INFO:root:Validation set mIOU: 81.46621610635391
INFO:root:Epoch: 37, Iteration: 260, Loss: 0.11931563168764114
INFO:root:Epoch: 37, Iteration: 261, Loss: 0.0928991436958313
INFO:root:Epoch: 37, Iteration: 262, Loss: 0.11804957687854767
INFO:root:Epoch: 37, Iteration: 263, Loss: 0.1510510891675949
INFO:root:Epoch: 37, Iteration: 264, Loss: 0.18683917820453644
INFO:root:Epoch: 37, Iteration: 265, Loss: 0.12409064918756485
INFO:root:Epoch: 37, Iteration: 266, Loss: 0.15512222051620483
INFO:root:Validation set mIOU: 80.90959619666265
INFO:root:Epoch: 38, Iteration: 267, Loss: 0.12700894474983215
INFO:root:Epoch: 38, Iteration: 268, Loss: 0.13912911713123322
INFO:root:Epoch: 38, Iteration: 269, Loss: 0.11866030097007751
INFO:root:Epoch: 38, Iteration: 270, Loss: 0.10601749271154404
INFO:root:Epoch: 38, Iteration: 271, Loss: 0.11000143736600876
INFO:root:Epoch: 38, Iteration: 272, Loss: 0.11459880322217941
INFO:root:Epoch: 38, Iteration: 273, Loss: 0.14013929665088654
INFO:root:Validation set mIOU: 81.17278862499879
INFO:root:Epoch: 39, Iteration: 274, Loss: 0.10822548717260361
INFO:root:Epoch: 39, Iteration: 275, Loss: 0.10429438948631287
INFO:root:Epoch: 39, Iteration: 276, Loss: 0.09586922824382782
INFO:root:Epoch: 39, Iteration: 277, Loss: 0.12397531419992447
INFO:root:Epoch: 39, Iteration: 278, Loss: 0.1122005507349968
INFO:root:Epoch: 39, Iteration: 279, Loss: 0.1263018399477005
INFO:root:Epoch: 39, Iteration: 280, Loss: 0.12016484886407852
INFO:root:Validation set mIOU: 81.65347359108065
INFO:root:Epoch: 40, Iteration: 281, Loss: 0.1053721234202385
INFO:root:Epoch: 40, Iteration: 282, Loss: 0.11207403242588043
INFO:root:Epoch: 40, Iteration: 283, Loss: 0.10868823528289795
INFO:root:Epoch: 40, Iteration: 284, Loss: 0.10350316017866135
INFO:root:Epoch: 40, Iteration: 285, Loss: 0.11171410232782364
INFO:root:Epoch: 40, Iteration: 286, Loss: 0.1123223528265953
INFO:root:Epoch: 40, Iteration: 287, Loss: 0.17599472403526306
INFO:root:Validation set mIOU: 81.16427699464826
INFO:root:Epoch: 41, Iteration: 288, Loss: 0.13143715262413025
INFO:root:Epoch: 41, Iteration: 289, Loss: 0.1070619523525238
INFO:root:Epoch: 41, Iteration: 290, Loss: 0.1127987951040268
INFO:root:Epoch: 41, Iteration: 291, Loss: 0.10760492831468582
INFO:root:Epoch: 41, Iteration: 292, Loss: 0.11125259101390839
INFO:root:Epoch: 41, Iteration: 293, Loss: 0.12199337035417557
INFO:root:Epoch: 41, Iteration: 294, Loss: 0.10959438979625702
INFO:root:Validation set mIOU: 80.81818135940658
INFO:root:Epoch: 42, Iteration: 295, Loss: 0.10819711536169052
INFO:root:Epoch: 42, Iteration: 296, Loss: 0.10111784934997559
INFO:root:Epoch: 42, Iteration: 297, Loss: 0.10321719199419022
INFO:root:Epoch: 42, Iteration: 298, Loss: 0.10224649310112
INFO:root:Epoch: 42, Iteration: 299, Loss: 0.11209949851036072
INFO:root:Epoch: 42, Iteration: 300, Loss: 0.09807811677455902
INFO:root:Epoch: 42, Iteration: 301, Loss: 0.15399333834648132
INFO:root:Validation set mIOU: 81.38740766397538
INFO:root:Epoch: 43, Iteration: 302, Loss: 0.12571898102760315
INFO:root:Epoch: 43, Iteration: 303, Loss: 0.10348508507013321
INFO:root:Epoch: 43, Iteration: 304, Loss: 0.11482489854097366
INFO:root:Epoch: 43, Iteration: 305, Loss: 0.103738933801651
INFO:root:Epoch: 43, Iteration: 306, Loss: 0.12922757863998413
INFO:root:Epoch: 43, Iteration: 307, Loss: 0.09915217757225037
INFO:root:Epoch: 43, Iteration: 308, Loss: 0.10709064453840256
INFO:root:Validation set mIOU: 82.46286877159511
INFO:root:Epoch: 44, Iteration: 309, Loss: 0.12544314563274384
INFO:root:Epoch: 44, Iteration: 310, Loss: 0.11032746732234955
INFO:root:Epoch: 44, Iteration: 311, Loss: 0.10617566853761673
INFO:root:Epoch: 44, Iteration: 312, Loss: 0.15149438381195068
INFO:root:Epoch: 44, Iteration: 313, Loss: 0.11940153688192368
INFO:root:Epoch: 44, Iteration: 314, Loss: 0.08507958054542542
INFO:root:Epoch: 44, Iteration: 315, Loss: 0.12673431634902954
INFO:root:Validation set mIOU: 82.64136847897335
INFO:root:Epoch: 45, Iteration: 316, Loss: 0.09290749579668045
INFO:root:Epoch: 45, Iteration: 317, Loss: 0.10771389305591583
INFO:root:Epoch: 45, Iteration: 318, Loss: 0.12478793412446976
INFO:root:Epoch: 45, Iteration: 319, Loss: 0.10663506388664246
INFO:root:Epoch: 45, Iteration: 320, Loss: 0.11086057871580124
INFO:root:Epoch: 45, Iteration: 321, Loss: 0.0925590768456459
INFO:root:Epoch: 45, Iteration: 322, Loss: 0.11484420299530029
INFO:root:Validation set mIOU: 82.40079145951599
INFO:root:Epoch: 46, Iteration: 323, Loss: 0.0925820842385292
INFO:root:Epoch: 46, Iteration: 324, Loss: 0.11099445819854736
INFO:root:Epoch: 46, Iteration: 325, Loss: 0.09083773195743561
INFO:root:Epoch: 46, Iteration: 326, Loss: 0.12476846575737
INFO:root:Epoch: 46, Iteration: 327, Loss: 0.12585334479808807
INFO:root:Epoch: 46, Iteration: 328, Loss: 0.09579724818468094
INFO:root:Epoch: 46, Iteration: 329, Loss: 0.10042969882488251
INFO:root:Validation set mIOU: 82.63701347406646
INFO:root:Epoch: 47, Iteration: 330, Loss: 0.16499090194702148
INFO:root:Epoch: 47, Iteration: 331, Loss: 0.12821003794670105
INFO:root:Epoch: 47, Iteration: 332, Loss: 0.11047258228063583
INFO:root:Epoch: 47, Iteration: 333, Loss: 0.13668100535869598
INFO:root:Epoch: 47, Iteration: 334, Loss: 0.1347106397151947
INFO:root:Epoch: 47, Iteration: 335, Loss: 0.11118170619010925
INFO:root:Epoch: 47, Iteration: 336, Loss: 0.11457670480012894
INFO:root:Validation set mIOU: 82.75704367417416
INFO:root:Epoch: 48, Iteration: 337, Loss: 0.09232212603092194
INFO:root:Epoch: 48, Iteration: 338, Loss: 0.11732310801744461
INFO:root:Epoch: 48, Iteration: 339, Loss: 0.11938700824975967
INFO:root:Epoch: 48, Iteration: 340, Loss: 0.08896652609109879
INFO:root:Epoch: 48, Iteration: 341, Loss: 0.14669856429100037
INFO:root:Epoch: 48, Iteration: 342, Loss: 0.10602793842554092
INFO:root:Epoch: 48, Iteration: 343, Loss: 0.1408248096704483
INFO:root:Validation set mIOU: 82.44850485472315
INFO:root:Epoch: 49, Iteration: 344, Loss: 0.11139333248138428
INFO:root:Epoch: 49, Iteration: 345, Loss: 0.15676669776439667
INFO:root:Epoch: 49, Iteration: 346, Loss: 0.09661594033241272
INFO:root:Epoch: 49, Iteration: 347, Loss: 0.10498460382223129
INFO:root:Epoch: 49, Iteration: 348, Loss: 0.10332754254341125
INFO:root:Epoch: 49, Iteration: 349, Loss: 0.15522271394729614
INFO:root:Epoch: 49, Iteration: 350, Loss: 0.10788831859827042
INFO:root:Validation set mIOU: 81.85087796518545
INFO:root:Epoch: 50, Iteration: 351, Loss: 0.09871657937765121
INFO:root:Epoch: 50, Iteration: 352, Loss: 0.11766373366117477
INFO:root:Epoch: 50, Iteration: 353, Loss: 0.09409791976213455
INFO:root:Epoch: 50, Iteration: 354, Loss: 0.10789884626865387
INFO:root:Epoch: 50, Iteration: 355, Loss: 0.11374294757843018
INFO:root:Epoch: 50, Iteration: 356, Loss: 0.14564816653728485
INFO:root:Epoch: 50, Iteration: 357, Loss: 0.10263876616954803
INFO:root:Validation set mIOU: 81.46889318255415
INFO:root:Epoch: 51, Iteration: 358, Loss: 0.10921954363584518
INFO:root:Epoch: 51, Iteration: 359, Loss: 0.1267562210559845
INFO:root:Epoch: 51, Iteration: 360, Loss: 0.1505722999572754
INFO:root:Epoch: 51, Iteration: 361, Loss: 0.0935894325375557
INFO:root:Epoch: 51, Iteration: 362, Loss: 0.14366276562213898
INFO:root:Epoch: 51, Iteration: 363, Loss: 0.10858692228794098
INFO:root:Epoch: 51, Iteration: 364, Loss: 0.10728374868631363
INFO:root:Validation set mIOU: 82.1389243810479
INFO:root:Epoch: 52, Iteration: 365, Loss: 0.11878205835819244
INFO:root:Epoch: 52, Iteration: 366, Loss: 0.11737851053476334
INFO:root:Epoch: 52, Iteration: 367, Loss: 0.11319073289632797
INFO:root:Epoch: 52, Iteration: 368, Loss: 0.10612794011831284
INFO:root:Epoch: 52, Iteration: 369, Loss: 0.07702241837978363
INFO:root:Epoch: 52, Iteration: 370, Loss: 0.09695875644683838
INFO:root:Epoch: 52, Iteration: 371, Loss: 0.10608304291963577
INFO:root:Validation set mIOU: 81.8201302114281
INFO:root:Epoch: 53, Iteration: 372, Loss: 0.09417200088500977
INFO:root:Epoch: 53, Iteration: 373, Loss: 0.0914236530661583
INFO:root:Epoch: 53, Iteration: 374, Loss: 0.12207023799419403
INFO:root:Epoch: 53, Iteration: 375, Loss: 0.14038582146167755
INFO:root:Epoch: 53, Iteration: 376, Loss: 0.0833451896905899
INFO:root:Epoch: 53, Iteration: 377, Loss: 0.11178991943597794
INFO:root:Epoch: 53, Iteration: 378, Loss: 0.11483480036258698
INFO:root:Validation set mIOU: 81.98140657104099
INFO:root:Epoch: 54, Iteration: 379, Loss: 0.10678905993700027
INFO:root:Epoch: 54, Iteration: 380, Loss: 0.11310230940580368
INFO:root:Epoch: 54, Iteration: 381, Loss: 0.09915826469659805
INFO:root:Epoch: 54, Iteration: 382, Loss: 0.14261814951896667
INFO:root:Epoch: 54, Iteration: 383, Loss: 0.11636153608560562
INFO:root:Epoch: 54, Iteration: 384, Loss: 0.0913909301161766
INFO:root:Epoch: 54, Iteration: 385, Loss: 0.08734781295061111
INFO:root:Validation set mIOU: 82.0777872590318
INFO:root:Epoch: 55, Iteration: 386, Loss: 0.10567652434110641
INFO:root:Epoch: 55, Iteration: 387, Loss: 0.08995920419692993
INFO:root:Epoch: 55, Iteration: 388, Loss: 0.13125954568386078
INFO:root:Epoch: 55, Iteration: 389, Loss: 0.11054165661334991
INFO:root:Epoch: 55, Iteration: 390, Loss: 0.09072044491767883
INFO:root:Epoch: 55, Iteration: 391, Loss: 0.09488468617200851
INFO:root:Epoch: 55, Iteration: 392, Loss: 0.09887082129716873
INFO:root:Validation set mIOU: 81.42976158721694
INFO:root:Epoch: 56, Iteration: 393, Loss: 0.10753417015075684
INFO:root:Epoch: 56, Iteration: 394, Loss: 0.10527598112821579
INFO:root:Epoch: 56, Iteration: 395, Loss: 0.09364038705825806
INFO:root:Epoch: 56, Iteration: 396, Loss: 0.11451375484466553
INFO:root:Epoch: 56, Iteration: 397, Loss: 0.12479853630065918
INFO:root:Epoch: 56, Iteration: 398, Loss: 0.09448282420635223
INFO:root:Epoch: 56, Iteration: 399, Loss: 0.11741864681243896
INFO:root:Validation set mIOU: 81.83380682971179
INFO:root:Epoch: 57, Iteration: 400, Loss: 0.09696973860263824
INFO:root:Epoch: 57, Iteration: 401, Loss: 0.07711862027645111
INFO:root:Epoch: 57, Iteration: 402, Loss: 0.10056544840335846
INFO:root:Epoch: 57, Iteration: 403, Loss: 0.09176445007324219
INFO:root:Epoch: 57, Iteration: 404, Loss: 0.08858334273099899
INFO:root:Epoch: 57, Iteration: 405, Loss: 0.09035314619541168
INFO:root:Epoch: 57, Iteration: 406, Loss: 0.1269218772649765
INFO:root:Validation set mIOU: 82.0794597134799
INFO:root:Epoch: 58, Iteration: 407, Loss: 0.0880703255534172
INFO:root:Epoch: 58, Iteration: 408, Loss: 0.1656358689069748
INFO:root:Epoch: 58, Iteration: 409, Loss: 0.1107354387640953
INFO:root:Epoch: 58, Iteration: 410, Loss: 0.1123465746641159
INFO:root:Epoch: 58, Iteration: 411, Loss: 0.09117667376995087
INFO:root:Epoch: 58, Iteration: 412, Loss: 0.08800720423460007
INFO:root:Epoch: 58, Iteration: 413, Loss: 0.11321920156478882
INFO:root:Validation set mIOU: 81.98969166848346
INFO:root:Epoch: 59, Iteration: 414, Loss: 0.1087300255894661
INFO:root:Epoch: 59, Iteration: 415, Loss: 0.0930297002196312
INFO:root:Epoch: 59, Iteration: 416, Loss: 0.10173586010932922
INFO:root:Epoch: 59, Iteration: 417, Loss: 0.10030042380094528
INFO:root:Epoch: 59, Iteration: 418, Loss: 0.097646065056324
INFO:root:Epoch: 59, Iteration: 419, Loss: 0.11005739867687225
INFO:root:Epoch: 59, Iteration: 420, Loss: 0.11066796630620956
INFO:root:Validation set mIOU: 81.80947840459079
INFO:root:Epoch: 60, Iteration: 421, Loss: 0.09155414253473282
INFO:root:Epoch: 60, Iteration: 422, Loss: 0.10139358043670654
INFO:root:Epoch: 60, Iteration: 423, Loss: 0.09186150878667831
INFO:root:Epoch: 60, Iteration: 424, Loss: 0.18221089243888855
INFO:root:Epoch: 60, Iteration: 425, Loss: 0.13356997072696686
INFO:root:Epoch: 60, Iteration: 426, Loss: 0.13071948289871216
INFO:root:Epoch: 60, Iteration: 427, Loss: 0.10347880423069
INFO:root:Validation set mIOU: 81.56785500150981
INFO:root:Epoch: 61, Iteration: 428, Loss: 0.10637514293193817
INFO:root:Epoch: 61, Iteration: 429, Loss: 0.09145314246416092
INFO:root:Epoch: 61, Iteration: 430, Loss: 0.08109907060861588
INFO:root:Epoch: 61, Iteration: 431, Loss: 0.09769473969936371
INFO:root:Epoch: 61, Iteration: 432, Loss: 0.09579824656248093
INFO:root:Epoch: 61, Iteration: 433, Loss: 0.1207103580236435
INFO:root:Epoch: 61, Iteration: 434, Loss: 0.16043925285339355
INFO:root:Validation set mIOU: 82.1039995700906
INFO:root:Epoch: 62, Iteration: 435, Loss: 0.09846759587526321
INFO:root:Epoch: 62, Iteration: 436, Loss: 0.0823264941573143
INFO:root:Epoch: 62, Iteration: 437, Loss: 0.09824733436107635
INFO:root:Epoch: 62, Iteration: 438, Loss: 0.11071363091468811
INFO:root:Epoch: 62, Iteration: 439, Loss: 0.0882287546992302
INFO:root:Epoch: 62, Iteration: 440, Loss: 0.09839648753404617
INFO:root:Epoch: 62, Iteration: 441, Loss: 0.13714155554771423
INFO:root:Validation set mIOU: 82.22528422653113
INFO:root:Epoch: 63, Iteration: 442, Loss: 0.13618212938308716
INFO:root:Epoch: 63, Iteration: 443, Loss: 0.10515102744102478
INFO:root:Epoch: 63, Iteration: 444, Loss: 0.09880487620830536
INFO:root:Epoch: 63, Iteration: 445, Loss: 0.11051435768604279
INFO:root:Epoch: 63, Iteration: 446, Loss: 0.10354349762201309
INFO:root:Epoch: 63, Iteration: 447, Loss: 0.094915010035038
INFO:root:Epoch: 63, Iteration: 448, Loss: 0.09226276725530624
INFO:root:Validation set mIOU: 82.34087421484922
INFO:root:Epoch: 64, Iteration: 449, Loss: 0.12297698110342026
INFO:root:Epoch: 64, Iteration: 450, Loss: 0.09462850540876389
INFO:root:Epoch: 64, Iteration: 451, Loss: 0.08448842912912369
INFO:root:Epoch: 64, Iteration: 452, Loss: 0.1015990674495697
INFO:root:Epoch: 64, Iteration: 453, Loss: 0.1075325608253479
INFO:root:Epoch: 64, Iteration: 454, Loss: 0.08426179736852646
INFO:root:Epoch: 64, Iteration: 455, Loss: 0.10650569945573807
INFO:root:Validation set mIOU: 81.74610212409279
INFO:root:Epoch: 65, Iteration: 456, Loss: 0.10140722990036011
INFO:root:Epoch: 65, Iteration: 457, Loss: 0.0998634397983551
INFO:root:Epoch: 65, Iteration: 458, Loss: 0.09733759611845016
INFO:root:Epoch: 65, Iteration: 459, Loss: 0.09237971156835556
INFO:root:Epoch: 65, Iteration: 460, Loss: 0.09912361204624176
INFO:root:Epoch: 65, Iteration: 461, Loss: 0.11007066071033478
INFO:root:Epoch: 65, Iteration: 462, Loss: 0.10318924486637115
INFO:root:Validation set mIOU: 82.29833805697386
INFO:root:Epoch: 66, Iteration: 463, Loss: 0.12605030834674835
INFO:root:Epoch: 66, Iteration: 464, Loss: 0.10074839740991592
INFO:root:Epoch: 66, Iteration: 465, Loss: 0.10267310589551926
INFO:root:Epoch: 66, Iteration: 466, Loss: 0.08282680064439774
INFO:root:Epoch: 66, Iteration: 467, Loss: 0.13983900845050812
INFO:root:Epoch: 66, Iteration: 468, Loss: 0.09083530306816101
INFO:root:Epoch: 66, Iteration: 469, Loss: 0.09897435456514359
INFO:root:Validation set mIOU: 82.2805144557698
INFO:root:Epoch: 67, Iteration: 470, Loss: 0.12772847712039948
INFO:root:Epoch: 67, Iteration: 471, Loss: 0.11607026308774948
INFO:root:Epoch: 67, Iteration: 472, Loss: 0.11712106317281723
INFO:root:Epoch: 67, Iteration: 473, Loss: 0.10365387797355652
INFO:root:Epoch: 67, Iteration: 474, Loss: 0.10264278948307037
INFO:root:Epoch: 67, Iteration: 475, Loss: 0.0855928584933281
INFO:root:Epoch: 67, Iteration: 476, Loss: 0.07481321692466736
INFO:root:Validation set mIOU: 82.22049745300312
INFO:root:Epoch: 68, Iteration: 477, Loss: 0.15551570057868958
INFO:root:Epoch: 68, Iteration: 478, Loss: 0.10448185354471207
INFO:root:Epoch: 68, Iteration: 479, Loss: 0.07859434187412262
INFO:root:Epoch: 68, Iteration: 480, Loss: 0.0946844071149826
INFO:root:Epoch: 68, Iteration: 481, Loss: 0.11662083864212036
INFO:root:Epoch: 68, Iteration: 482, Loss: 0.09692639112472534
INFO:root:Epoch: 68, Iteration: 483, Loss: 0.0910429060459137
INFO:root:Validation set mIOU: 81.90592009689618
INFO:root:Epoch: 69, Iteration: 484, Loss: 0.12248069792985916
INFO:root:Epoch: 69, Iteration: 485, Loss: 0.09312907606363297
INFO:root:Epoch: 69, Iteration: 486, Loss: 0.09183765947818756
INFO:root:Epoch: 69, Iteration: 487, Loss: 0.08167105168104172
INFO:root:Epoch: 69, Iteration: 488, Loss: 0.08060615509748459
INFO:root:Epoch: 69, Iteration: 489, Loss: 0.09512441605329514
INFO:root:Epoch: 69, Iteration: 490, Loss: 0.10175353288650513
INFO:root:Validation set mIOU: 81.85903433545357
INFO:root:Epoch: 70, Iteration: 491, Loss: 0.09659110009670258
INFO:root:Epoch: 70, Iteration: 492, Loss: 0.07270118594169617
INFO:root:Epoch: 70, Iteration: 493, Loss: 0.1293938010931015
INFO:root:Epoch: 70, Iteration: 494, Loss: 0.09125541895627975
INFO:root:Epoch: 70, Iteration: 495, Loss: 0.08758902549743652
INFO:root:Epoch: 70, Iteration: 496, Loss: 0.13890647888183594
INFO:root:Epoch: 70, Iteration: 497, Loss: 0.10720861703157425
INFO:root:Validation set mIOU: 81.9239003377788
INFO:root:Epoch: 71, Iteration: 498, Loss: 0.09374167025089264
INFO:root:Epoch: 71, Iteration: 499, Loss: 0.10497038066387177
INFO:root:Epoch: 71, Iteration: 500, Loss: 0.08518005162477493
INFO:root:Epoch: 71, Iteration: 501, Loss: 0.10066135227680206
INFO:root:Epoch: 71, Iteration: 502, Loss: 0.0940803736448288
INFO:root:Epoch: 71, Iteration: 503, Loss: 0.09319015592336655
INFO:root:Epoch: 71, Iteration: 504, Loss: 0.09372510761022568
INFO:root:Validation set mIOU: 82.35281954390425
INFO:root:Epoch: 72, Iteration: 505, Loss: 0.1226152777671814
INFO:root:Epoch: 72, Iteration: 506, Loss: 0.07611106336116791
INFO:root:Epoch: 72, Iteration: 507, Loss: 0.07776902616024017
INFO:root:Epoch: 72, Iteration: 508, Loss: 0.09786072373390198
INFO:root:Epoch: 72, Iteration: 509, Loss: 0.08776260167360306
INFO:root:Epoch: 72, Iteration: 510, Loss: 0.08331096172332764
INFO:root:Epoch: 72, Iteration: 511, Loss: 0.08070196956396103
INFO:root:Validation set mIOU: 82.53207602651959
INFO:root:Epoch: 73, Iteration: 512, Loss: 0.11107750982046127
INFO:root:Epoch: 73, Iteration: 513, Loss: 0.0964616984128952
INFO:root:Epoch: 73, Iteration: 514, Loss: 0.10341209918260574
INFO:root:Epoch: 73, Iteration: 515, Loss: 0.09813099354505539
INFO:root:Epoch: 73, Iteration: 516, Loss: 0.09108587354421616
INFO:root:Epoch: 73, Iteration: 517, Loss: 0.1192765086889267
INFO:root:Epoch: 73, Iteration: 518, Loss: 0.0900043398141861
INFO:root:Validation set mIOU: 82.36271494498449
INFO:root:Epoch: 74, Iteration: 519, Loss: 0.08850646764039993
INFO:root:Epoch: 74, Iteration: 520, Loss: 0.09628782421350479
INFO:root:Epoch: 74, Iteration: 521, Loss: 0.07686065882444382
INFO:root:Epoch: 74, Iteration: 522, Loss: 0.11446356028318405
INFO:root:Epoch: 74, Iteration: 523, Loss: 0.08746378868818283
INFO:root:Epoch: 74, Iteration: 524, Loss: 0.08388408273458481
INFO:root:Epoch: 74, Iteration: 525, Loss: 0.10373795032501221
INFO:root:Validation set mIOU: 82.195500906741
INFO:root:Epoch: 75, Iteration: 526, Loss: 0.11866535991430283
INFO:root:Epoch: 75, Iteration: 527, Loss: 0.08343146741390228
INFO:root:Epoch: 75, Iteration: 528, Loss: 0.1057787612080574
INFO:root:Epoch: 75, Iteration: 529, Loss: 0.09032169729471207
INFO:root:Epoch: 75, Iteration: 530, Loss: 0.12136922776699066
INFO:root:Epoch: 75, Iteration: 531, Loss: 0.09105143696069717
INFO:root:Epoch: 75, Iteration: 532, Loss: 0.11518405377864838
INFO:root:Validation set mIOU: 82.36136712966174
INFO:root:Epoch: 76, Iteration: 533, Loss: 0.08852660655975342
INFO:root:Epoch: 76, Iteration: 534, Loss: 0.10400903970003128
INFO:root:Epoch: 76, Iteration: 535, Loss: 0.0787963718175888
INFO:root:Epoch: 76, Iteration: 536, Loss: 0.0962531566619873
INFO:root:Epoch: 76, Iteration: 537, Loss: 0.10594341903924942
INFO:root:Epoch: 76, Iteration: 538, Loss: 0.12789002060890198
INFO:root:Epoch: 76, Iteration: 539, Loss: 0.10714206099510193
INFO:root:Validation set mIOU: 82.65868869492023
INFO:root:Epoch: 77, Iteration: 540, Loss: 0.08941031247377396
INFO:root:Epoch: 77, Iteration: 541, Loss: 0.07911058515310287
INFO:root:Epoch: 77, Iteration: 542, Loss: 0.08099038153886795
INFO:root:Epoch: 77, Iteration: 543, Loss: 0.09007976949214935
INFO:root:Epoch: 77, Iteration: 544, Loss: 0.09168918430805206
INFO:root:Epoch: 77, Iteration: 545, Loss: 0.09747271984815598
INFO:root:Epoch: 77, Iteration: 546, Loss: 0.09196122735738754
INFO:root:Validation set mIOU: 83.03815279993186
INFO:root:Epoch: 78, Iteration: 547, Loss: 0.09620405733585358
INFO:root:Epoch: 78, Iteration: 548, Loss: 0.09397386759519577
INFO:root:Epoch: 78, Iteration: 549, Loss: 0.08503521233797073
INFO:root:Epoch: 78, Iteration: 550, Loss: 0.12487348914146423
INFO:root:Epoch: 78, Iteration: 551, Loss: 0.08779354393482208
INFO:root:Epoch: 78, Iteration: 552, Loss: 0.10670556128025055
INFO:root:Epoch: 78, Iteration: 553, Loss: 0.08585260808467865
INFO:root:Validation set mIOU: 82.82951927409195
INFO:root:Epoch: 79, Iteration: 554, Loss: 0.08432083576917648
INFO:root:Epoch: 79, Iteration: 555, Loss: 0.09076263010501862
INFO:root:Epoch: 79, Iteration: 556, Loss: 0.1207294687628746
INFO:root:Epoch: 79, Iteration: 557, Loss: 0.093021921813488
INFO:root:Epoch: 79, Iteration: 558, Loss: 0.1043018326163292
INFO:root:Epoch: 79, Iteration: 559, Loss: 0.08964509516954422
INFO:root:Epoch: 79, Iteration: 560, Loss: 0.10013756901025772
INFO:root:Validation set mIOU: 82.71171008029988
INFO:root:Epoch: 80, Iteration: 561, Loss: 0.09216845780611038
INFO:root:Epoch: 80, Iteration: 562, Loss: 0.0932484120130539
INFO:root:Epoch: 80, Iteration: 563, Loss: 0.07730407267808914
INFO:root:Epoch: 80, Iteration: 564, Loss: 0.1080532819032669
INFO:root:Epoch: 80, Iteration: 565, Loss: 0.09509816020727158
INFO:root:Epoch: 80, Iteration: 566, Loss: 0.11184605211019516
INFO:root:Epoch: 80, Iteration: 567, Loss: 0.09553562104701996
INFO:root:Validation set mIOU: 83.04490318079672
INFO:root:Epoch: 81, Iteration: 568, Loss: 0.10032902657985687
INFO:root:Epoch: 81, Iteration: 569, Loss: 0.09401169419288635
INFO:root:Epoch: 81, Iteration: 570, Loss: 0.08240080624818802
INFO:root:Epoch: 81, Iteration: 571, Loss: 0.10457666218280792
INFO:root:Epoch: 81, Iteration: 572, Loss: 0.09189601987600327
INFO:root:Epoch: 81, Iteration: 573, Loss: 0.10010159760713577
INFO:root:Epoch: 81, Iteration: 574, Loss: 0.0779399424791336
INFO:root:Validation set mIOU: 82.92962950185569
INFO:root:Epoch: 82, Iteration: 575, Loss: 0.08988931030035019
INFO:root:Epoch: 82, Iteration: 576, Loss: 0.09136655926704407
INFO:root:Epoch: 82, Iteration: 577, Loss: 0.10287337005138397
INFO:root:Epoch: 82, Iteration: 578, Loss: 0.08928587287664413
INFO:root:Epoch: 82, Iteration: 579, Loss: 0.09434159845113754
INFO:root:Epoch: 82, Iteration: 580, Loss: 0.10659542679786682
INFO:root:Epoch: 82, Iteration: 581, Loss: 0.09941855818033218
INFO:root:Validation set mIOU: 83.06232884603718
INFO:root:Epoch: 83, Iteration: 582, Loss: 0.1463935822248459
INFO:root:Epoch: 83, Iteration: 583, Loss: 0.10658851265907288
INFO:root:Epoch: 83, Iteration: 584, Loss: 0.07579512149095535
INFO:root:Epoch: 83, Iteration: 585, Loss: 0.07546640187501907
INFO:root:Epoch: 83, Iteration: 586, Loss: 0.07922276854515076
INFO:root:Epoch: 83, Iteration: 587, Loss: 0.10491031408309937
INFO:root:Epoch: 83, Iteration: 588, Loss: 0.08531934022903442
INFO:root:Validation set mIOU: 83.11536972694566
INFO:root:Epoch: 84, Iteration: 589, Loss: 0.13542304933071136
INFO:root:Epoch: 84, Iteration: 590, Loss: 0.08327506482601166
INFO:root:Epoch: 84, Iteration: 591, Loss: 0.08227907121181488
INFO:root:Epoch: 84, Iteration: 592, Loss: 0.08330175280570984
INFO:root:Epoch: 84, Iteration: 593, Loss: 0.07576054334640503
INFO:root:Epoch: 84, Iteration: 594, Loss: 0.10078565776348114
INFO:root:Epoch: 84, Iteration: 595, Loss: 0.12412070482969284
INFO:root:Validation set mIOU: 83.2079173730369
INFO:root:Epoch: 85, Iteration: 596, Loss: 0.11788242310285568
INFO:root:Epoch: 85, Iteration: 597, Loss: 0.11575892567634583
INFO:root:Epoch: 85, Iteration: 598, Loss: 0.10965948551893234
INFO:root:Epoch: 85, Iteration: 599, Loss: 0.11132077127695084
INFO:root:Epoch: 85, Iteration: 600, Loss: 0.09396123886108398
INFO:root:Epoch: 85, Iteration: 601, Loss: 0.10831376165151596
INFO:root:Epoch: 85, Iteration: 602, Loss: 0.10055973380804062
INFO:root:Validation set mIOU: 82.76732303227789
INFO:root:Epoch: 86, Iteration: 603, Loss: 0.08132024854421616
INFO:root:Epoch: 86, Iteration: 604, Loss: 0.08729776740074158
INFO:root:Epoch: 86, Iteration: 605, Loss: 0.08283933997154236
INFO:root:Epoch: 86, Iteration: 606, Loss: 0.09439226984977722
INFO:root:Epoch: 86, Iteration: 607, Loss: 0.10472869127988815
INFO:root:Epoch: 86, Iteration: 608, Loss: 0.08453301340341568
INFO:root:Epoch: 86, Iteration: 609, Loss: 0.08125218749046326
INFO:root:Validation set mIOU: 82.85533991810252
INFO:root:Epoch: 87, Iteration: 610, Loss: 0.07903042435646057
INFO:root:Epoch: 87, Iteration: 611, Loss: 0.10538104921579361
INFO:root:Epoch: 87, Iteration: 612, Loss: 0.10947363078594208
INFO:root:Epoch: 87, Iteration: 613, Loss: 0.0713215172290802
INFO:root:Epoch: 87, Iteration: 614, Loss: 0.08853599429130554
INFO:root:Epoch: 87, Iteration: 615, Loss: 0.07463008165359497
INFO:root:Epoch: 87, Iteration: 616, Loss: 0.11629658192396164
INFO:root:Validation set mIOU: 82.71159077538583
INFO:root:Epoch: 88, Iteration: 617, Loss: 0.09712596237659454
INFO:root:Epoch: 88, Iteration: 618, Loss: 0.08277849107980728
INFO:root:Epoch: 88, Iteration: 619, Loss: 0.08780276030302048
INFO:root:Epoch: 88, Iteration: 620, Loss: 0.09343714267015457
INFO:root:Epoch: 88, Iteration: 621, Loss: 0.10116606205701828
INFO:root:Epoch: 88, Iteration: 622, Loss: 0.12880119681358337
INFO:root:Epoch: 88, Iteration: 623, Loss: 0.08931174874305725
INFO:root:Validation set mIOU: 82.6984813445143
INFO:root:Epoch: 89, Iteration: 624, Loss: 0.09800249338150024
INFO:root:Epoch: 89, Iteration: 625, Loss: 0.07814120501279831
INFO:root:Epoch: 89, Iteration: 626, Loss: 0.08515144139528275
INFO:root:Epoch: 89, Iteration: 627, Loss: 0.0934859961271286
INFO:root:Epoch: 89, Iteration: 628, Loss: 0.09493058174848557
INFO:root:Epoch: 89, Iteration: 629, Loss: 0.07374230027198792
INFO:root:Epoch: 89, Iteration: 630, Loss: 0.11007235944271088
INFO:root:Validation set mIOU: 82.87328832009649
INFO:root:Epoch: 90, Iteration: 631, Loss: 0.08415652811527252
INFO:root:Epoch: 90, Iteration: 632, Loss: 0.08067729324102402
INFO:root:Epoch: 90, Iteration: 633, Loss: 0.10348640382289886
INFO:root:Epoch: 90, Iteration: 634, Loss: 0.11074189096689224
INFO:root:Epoch: 90, Iteration: 635, Loss: 0.11252099275588989
INFO:root:Epoch: 90, Iteration: 636, Loss: 0.11428802460432053
INFO:root:Epoch: 90, Iteration: 637, Loss: 0.09397048503160477
INFO:root:Validation set mIOU: 82.78684773318405
INFO:root:Epoch: 91, Iteration: 638, Loss: 0.0824609100818634
INFO:root:Epoch: 91, Iteration: 639, Loss: 0.08482951670885086
INFO:root:Epoch: 91, Iteration: 640, Loss: 0.08125602453947067
INFO:root:Epoch: 91, Iteration: 641, Loss: 0.09529011696577072
INFO:root:Epoch: 91, Iteration: 642, Loss: 0.08260300010442734
INFO:root:Epoch: 91, Iteration: 643, Loss: 0.17193099856376648
INFO:root:Epoch: 91, Iteration: 644, Loss: 0.12306557595729828
INFO:root:Validation set mIOU: 83.15556104866056
INFO:root:Epoch: 92, Iteration: 645, Loss: 0.11240305006504059
INFO:root:Epoch: 92, Iteration: 646, Loss: 0.0769723504781723
INFO:root:Epoch: 92, Iteration: 647, Loss: 0.12962885200977325
INFO:root:Epoch: 92, Iteration: 648, Loss: 0.11062350124120712
INFO:root:Epoch: 92, Iteration: 649, Loss: 0.11317116767168045
INFO:root:Epoch: 92, Iteration: 650, Loss: 0.12643739581108093
INFO:root:Epoch: 92, Iteration: 651, Loss: 0.08486752957105637
INFO:root:Validation set mIOU: 83.19813555485212
INFO:root:Epoch: 93, Iteration: 652, Loss: 0.09374245256185532
INFO:root:Epoch: 93, Iteration: 653, Loss: 0.08586841821670532
INFO:root:Epoch: 93, Iteration: 654, Loss: 0.11242564767599106
INFO:root:Epoch: 93, Iteration: 655, Loss: 0.09227912873029709
INFO:root:Epoch: 93, Iteration: 656, Loss: 0.0856027603149414
INFO:root:Epoch: 93, Iteration: 657, Loss: 0.10239151120185852
INFO:root:Epoch: 93, Iteration: 658, Loss: 0.13905006647109985
INFO:root:Validation set mIOU: 83.14497657592673
INFO:root:Epoch: 94, Iteration: 659, Loss: 0.10265204310417175
INFO:root:Epoch: 94, Iteration: 660, Loss: 0.12223635613918304
INFO:root:Epoch: 94, Iteration: 661, Loss: 0.07996442168951035
INFO:root:Epoch: 94, Iteration: 662, Loss: 0.09305652230978012
INFO:root:Epoch: 94, Iteration: 663, Loss: 0.10387063026428223
INFO:root:Epoch: 94, Iteration: 664, Loss: 0.0823555737733841
INFO:root:Epoch: 94, Iteration: 665, Loss: 0.08495228737592697
INFO:root:Validation set mIOU: 83.1632450762123
INFO:root:Epoch: 95, Iteration: 666, Loss: 0.10069328546524048
INFO:root:Epoch: 95, Iteration: 667, Loss: 0.09848181903362274
INFO:root:Epoch: 95, Iteration: 668, Loss: 0.09892385452985764
INFO:root:Epoch: 95, Iteration: 669, Loss: 0.10374432802200317
INFO:root:Epoch: 95, Iteration: 670, Loss: 0.09629403054714203
INFO:root:Epoch: 95, Iteration: 671, Loss: 0.0913648009300232
INFO:root:Epoch: 95, Iteration: 672, Loss: 0.11225840449333191
INFO:root:Validation set mIOU: 83.17558015842157
INFO:root:Epoch: 96, Iteration: 673, Loss: 0.10207349807024002
INFO:root:Epoch: 96, Iteration: 674, Loss: 0.07935230433940887
INFO:root:Epoch: 96, Iteration: 675, Loss: 0.07833688706159592
INFO:root:Epoch: 96, Iteration: 676, Loss: 0.13884511590003967
INFO:root:Epoch: 96, Iteration: 677, Loss: 0.10663684457540512
INFO:root:Epoch: 96, Iteration: 678, Loss: 0.09446009993553162
INFO:root:Epoch: 96, Iteration: 679, Loss: 0.084270179271698
INFO:root:Validation set mIOU: 83.40631138270248
INFO:root:Epoch: 97, Iteration: 680, Loss: 0.15683792531490326
INFO:root:Epoch: 97, Iteration: 681, Loss: 0.1354258805513382
INFO:root:Epoch: 97, Iteration: 682, Loss: 0.10515306890010834
INFO:root:Epoch: 97, Iteration: 683, Loss: 0.0830226019024849
INFO:root:Epoch: 97, Iteration: 684, Loss: 0.09678926318883896
INFO:root:Epoch: 97, Iteration: 685, Loss: 0.09011363238096237
INFO:root:Epoch: 97, Iteration: 686, Loss: 0.09442847222089767
INFO:root:Validation set mIOU: 83.16115457601785
INFO:root:Epoch: 98, Iteration: 687, Loss: 0.09354855120182037
INFO:root:Epoch: 98, Iteration: 688, Loss: 0.0774097740650177
INFO:root:Epoch: 98, Iteration: 689, Loss: 0.09313973039388657
INFO:root:Epoch: 98, Iteration: 690, Loss: 0.09155818819999695
INFO:root:Epoch: 98, Iteration: 691, Loss: 0.08827845007181168
INFO:root:Epoch: 98, Iteration: 692, Loss: 0.09071654081344604
INFO:root:Epoch: 98, Iteration: 693, Loss: 0.09556815773248672
INFO:root:Validation set mIOU: 83.19907629904503
INFO:root:Epoch: 99, Iteration: 694, Loss: 0.08806963264942169
INFO:root:Epoch: 99, Iteration: 695, Loss: 0.10543917119503021
INFO:root:Epoch: 99, Iteration: 696, Loss: 0.1378752887248993
INFO:root:Epoch: 99, Iteration: 697, Loss: 0.09412352740764618
INFO:root:Epoch: 99, Iteration: 698, Loss: 0.07813630998134613
INFO:root:Epoch: 99, Iteration: 699, Loss: 0.11512400209903717
INFO:root:Epoch: 99, Iteration: 700, Loss: 0.09209445118904114
INFO:root:Validation set mIOU: 83.25652106627714
