INFO:root:{'backbone': 'resnet50',
 'batch_size': 16,
 'batch_size_consistency': 4,
 'conf_thres': 0.95,
 'config': 'configs/dataset2.yaml',
 'consistency_training': False,
 'crop_size': 320,
 'data_root': './',
 'dataset': 'dataset2',
 'epochs': 100,
 'labeled_id_path': 'dataset/splits/dataset2/1_4/split_random/labeled.txt',
 'lr': 0.0009,
 'model': 'deeplabv3plus',
 'ngpus': 1,
 'plus': False,
 'pseudo_consistency_mask_path': None,
 'pseudo_mask_path': 'outdir/pseudo_masks/dataset2/1_4/split_random/deeplabv3plus/self_training/resnet50/non_consistency_training/second_time',
 'rand_thres': 0.8,
 'reliable_id_path': None,
 'save_path': 'outdir/models/dataset2/1_4/split_random/deeplabv3plus/self_training/resnet50/non_consistency_training/second_time',
 'time': 2,
 'unlabeled_id_path': 'dataset/splits/dataset2/1_4/split_random/unlabeled.txt',
 'warm_up': 30}

INFO:root:Training supervised with consistency on unlabeled images
INFO:root:Epoch: 0, Iteration: 1, Loss: 1.1077241897583008
INFO:root:Epoch: 0, Iteration: 2, Loss: 1.0275299549102783
INFO:root:Validation set mIOU: 25.644431178819588
INFO:root:Epoch: 1, Iteration: 3, Loss: 0.8844563364982605
INFO:root:Epoch: 1, Iteration: 4, Loss: 0.757350504398346
INFO:root:Validation set mIOU: 25.450583966005613
INFO:root:Epoch: 2, Iteration: 5, Loss: 0.6671366691589355
INFO:root:Epoch: 2, Iteration: 6, Loss: 0.6578126549720764
INFO:root:Validation set mIOU: 25.450583966005613
INFO:root:Epoch: 3, Iteration: 7, Loss: 0.538743257522583
INFO:root:Epoch: 3, Iteration: 8, Loss: 0.4782506823539734
INFO:root:Validation set mIOU: 31.469272928855325
INFO:root:Epoch: 4, Iteration: 9, Loss: 0.5115799307823181
INFO:root:Epoch: 4, Iteration: 10, Loss: 0.38419172167778015
INFO:root:Validation set mIOU: 52.26497788133674
INFO:root:Epoch: 5, Iteration: 11, Loss: 0.3534384071826935
INFO:root:Epoch: 5, Iteration: 12, Loss: 0.3026403784751892
INFO:root:Validation set mIOU: 67.73394013729728
INFO:root:Epoch: 6, Iteration: 13, Loss: 0.3125530183315277
INFO:root:Epoch: 6, Iteration: 14, Loss: 0.26436465978622437
INFO:root:Validation set mIOU: 73.35342833533437
INFO:root:Epoch: 7, Iteration: 15, Loss: 0.2545188069343567
INFO:root:Epoch: 7, Iteration: 16, Loss: 0.2218140810728073
INFO:root:Validation set mIOU: 74.99122625844535
INFO:root:Epoch: 8, Iteration: 17, Loss: 0.21739520132541656
INFO:root:Epoch: 8, Iteration: 18, Loss: 0.21538035571575165
INFO:root:Validation set mIOU: 76.57381193829224
INFO:root:Epoch: 9, Iteration: 19, Loss: 0.19029395282268524
INFO:root:Epoch: 9, Iteration: 20, Loss: 0.18133001029491425
INFO:root:Validation set mIOU: 77.157086968118
INFO:root:Epoch: 10, Iteration: 21, Loss: 0.17854459583759308
INFO:root:Epoch: 10, Iteration: 22, Loss: 0.15887261927127838
INFO:root:Validation set mIOU: 75.6514452264565
INFO:root:Epoch: 11, Iteration: 23, Loss: 0.14207714796066284
INFO:root:Epoch: 11, Iteration: 24, Loss: 0.17897121608257294
INFO:root:Validation set mIOU: 74.86155331803178
INFO:root:Epoch: 12, Iteration: 25, Loss: 0.20545963943004608
INFO:root:Epoch: 12, Iteration: 26, Loss: 0.1317930370569229
INFO:root:Validation set mIOU: 74.17887712880233
INFO:root:Epoch: 13, Iteration: 27, Loss: 0.13861553370952606
INFO:root:Epoch: 13, Iteration: 28, Loss: 0.14098578691482544
INFO:root:Validation set mIOU: 74.2823798378836
INFO:root:Epoch: 14, Iteration: 29, Loss: 0.1497812271118164
INFO:root:Epoch: 14, Iteration: 30, Loss: 0.12516608834266663
INFO:root:Validation set mIOU: 75.67243747193343
INFO:root:Epoch: 15, Iteration: 31, Loss: 0.13514290750026703
INFO:root:Epoch: 15, Iteration: 32, Loss: 0.13858354091644287
INFO:root:Validation set mIOU: 76.61743621288325
INFO:root:Epoch: 16, Iteration: 33, Loss: 0.1072445958852768
INFO:root:Epoch: 16, Iteration: 34, Loss: 0.10534500330686569
INFO:root:Validation set mIOU: 76.87135848297562
INFO:root:Epoch: 17, Iteration: 35, Loss: 0.11046881973743439
INFO:root:Epoch: 17, Iteration: 36, Loss: 0.14823833107948303
INFO:root:Validation set mIOU: 77.84612407218904
INFO:root:Epoch: 18, Iteration: 37, Loss: 0.13172440230846405
INFO:root:Epoch: 18, Iteration: 38, Loss: 0.11121159046888351
INFO:root:Validation set mIOU: 78.19927569312406
INFO:root:Epoch: 19, Iteration: 39, Loss: 0.10327325761318207
INFO:root:Epoch: 19, Iteration: 40, Loss: 0.10964375734329224
INFO:root:Validation set mIOU: 78.04858700696707
INFO:root:Epoch: 20, Iteration: 41, Loss: 0.09192945063114166
INFO:root:Epoch: 20, Iteration: 42, Loss: 0.08915900439023972
INFO:root:Validation set mIOU: 79.48981896731709
INFO:root:Epoch: 21, Iteration: 43, Loss: 0.09371531009674072
INFO:root:Epoch: 21, Iteration: 44, Loss: 0.08200808614492416
INFO:root:Validation set mIOU: 80.70817863732242
INFO:root:Epoch: 22, Iteration: 45, Loss: 0.08845198154449463
INFO:root:Epoch: 22, Iteration: 46, Loss: 0.09765008091926575
INFO:root:Validation set mIOU: 81.40168836546607
INFO:root:Epoch: 23, Iteration: 47, Loss: 0.09784502536058426
INFO:root:Epoch: 23, Iteration: 48, Loss: 0.2018139660358429
INFO:root:Validation set mIOU: 80.98870920334625
INFO:root:Epoch: 24, Iteration: 49, Loss: 0.09946563094854355
INFO:root:Epoch: 24, Iteration: 50, Loss: 0.08367358893156052
INFO:root:Validation set mIOU: 81.07147844412138
INFO:root:Epoch: 25, Iteration: 51, Loss: 0.0956859216094017
INFO:root:Epoch: 25, Iteration: 52, Loss: 0.07936116307973862
INFO:root:Validation set mIOU: 80.94402864865053
INFO:root:Epoch: 26, Iteration: 53, Loss: 0.08869753032922745
INFO:root:Epoch: 26, Iteration: 54, Loss: 0.1042194813489914
INFO:root:Validation set mIOU: 81.21111358494076
INFO:root:Epoch: 27, Iteration: 55, Loss: 0.10745541751384735
INFO:root:Epoch: 27, Iteration: 56, Loss: 0.0743323341012001
INFO:root:Validation set mIOU: 82.07128425849652
INFO:root:Epoch: 28, Iteration: 57, Loss: 0.07948531955480576
INFO:root:Epoch: 28, Iteration: 58, Loss: 0.1027086079120636
INFO:root:Validation set mIOU: 82.97595915267637
INFO:root:Epoch: 29, Iteration: 59, Loss: 0.11803074181079865
INFO:root:Epoch: 29, Iteration: 60, Loss: 0.08241475373506546
INFO:root:Validation set mIOU: 83.6770782195997
INFO:root:Epoch: 30, Iteration: 61, Loss: 0.08117234706878662
INFO:root:Epoch: 30, Iteration: 62, Loss: 0.09248001128435135
INFO:root:Validation set mIOU: 83.9235686076513
INFO:root:Epoch: 31, Iteration: 63, Loss: 0.0917406752705574
INFO:root:Epoch: 31, Iteration: 64, Loss: 0.07971794158220291
INFO:root:Validation set mIOU: 83.56939410015389
INFO:root:Epoch: 32, Iteration: 65, Loss: 0.0738082304596901
INFO:root:Epoch: 32, Iteration: 66, Loss: 0.0703577995300293
INFO:root:Validation set mIOU: 83.005957595811
INFO:root:Epoch: 33, Iteration: 67, Loss: 0.06590963900089264
INFO:root:Epoch: 33, Iteration: 68, Loss: 0.1747479885816574
INFO:root:Validation set mIOU: 82.61964472751058
INFO:root:Epoch: 34, Iteration: 69, Loss: 0.07064003497362137
INFO:root:Epoch: 34, Iteration: 70, Loss: 0.08485086262226105
INFO:root:Validation set mIOU: 82.83998396360501
INFO:root:Epoch: 35, Iteration: 71, Loss: 0.113925039768219
INFO:root:Epoch: 35, Iteration: 72, Loss: 0.07775434106588364
INFO:root:Validation set mIOU: 83.15240106977902
INFO:root:Epoch: 36, Iteration: 73, Loss: 0.08897887170314789
INFO:root:Epoch: 36, Iteration: 74, Loss: 0.08337895572185516
INFO:root:Validation set mIOU: 82.97424310821665
INFO:root:Epoch: 37, Iteration: 75, Loss: 0.09317387640476227
INFO:root:Epoch: 37, Iteration: 76, Loss: 0.0928950384259224
INFO:root:Validation set mIOU: 82.918810836897
INFO:root:Epoch: 38, Iteration: 77, Loss: 0.07943620532751083
INFO:root:Epoch: 38, Iteration: 78, Loss: 0.06199054792523384
INFO:root:Validation set mIOU: 83.09882199115485
INFO:root:Epoch: 39, Iteration: 79, Loss: 0.07730415463447571
INFO:root:Epoch: 39, Iteration: 80, Loss: 0.07899849116802216
INFO:root:Validation set mIOU: 83.25302733155125
INFO:root:Epoch: 40, Iteration: 81, Loss: 0.07586939632892609
INFO:root:Epoch: 40, Iteration: 82, Loss: 0.11162290722131729
INFO:root:Validation set mIOU: 83.70748816726925
INFO:root:Epoch: 41, Iteration: 83, Loss: 0.05630485713481903
INFO:root:Epoch: 41, Iteration: 84, Loss: 0.08701486140489578
INFO:root:Validation set mIOU: 84.14165262647883
INFO:root:Epoch: 42, Iteration: 85, Loss: 0.0724085196852684
INFO:root:Epoch: 42, Iteration: 86, Loss: 0.06863199919462204
INFO:root:Validation set mIOU: 84.13526195162078
INFO:root:Epoch: 43, Iteration: 87, Loss: 0.07356509566307068
INFO:root:Epoch: 43, Iteration: 88, Loss: 0.07326657325029373
INFO:root:Validation set mIOU: 84.10280986899744
INFO:root:Epoch: 44, Iteration: 89, Loss: 0.07958273589611053
INFO:root:Epoch: 44, Iteration: 90, Loss: 0.06577149778604507
INFO:root:Validation set mIOU: 83.91751715862283
INFO:root:Epoch: 45, Iteration: 91, Loss: 0.06469167023897171
INFO:root:Epoch: 45, Iteration: 92, Loss: 0.05727451667189598
INFO:root:Validation set mIOU: 83.7225283389882
INFO:root:Epoch: 46, Iteration: 93, Loss: 0.07029012590646744
INFO:root:Epoch: 46, Iteration: 94, Loss: 0.056204356253147125
INFO:root:Validation set mIOU: 83.70551504164246
INFO:root:Epoch: 47, Iteration: 95, Loss: 0.05140487477183342
INFO:root:Epoch: 47, Iteration: 96, Loss: 0.11017967760562897
INFO:root:Validation set mIOU: 83.38547632457121
INFO:root:Epoch: 48, Iteration: 97, Loss: 0.06429751962423325
INFO:root:Epoch: 48, Iteration: 98, Loss: 0.11783667653799057
INFO:root:Validation set mIOU: 83.12430702075261
INFO:root:Epoch: 49, Iteration: 99, Loss: 0.061032529920339584
INFO:root:Epoch: 49, Iteration: 100, Loss: 0.06472949683666229
INFO:root:Validation set mIOU: 82.95694879760104
INFO:root:Epoch: 50, Iteration: 101, Loss: 0.06814544647932053
INFO:root:Epoch: 50, Iteration: 102, Loss: 0.058366719633340836
INFO:root:Validation set mIOU: 82.86362777464808
INFO:root:Epoch: 51, Iteration: 103, Loss: 0.06952376663684845
INFO:root:Epoch: 51, Iteration: 104, Loss: 0.07062602788209915
INFO:root:Validation set mIOU: 83.12606934973374
INFO:root:Epoch: 52, Iteration: 105, Loss: 0.07375221699476242
INFO:root:Epoch: 52, Iteration: 106, Loss: 0.06616894900798798
INFO:root:Validation set mIOU: 83.6528096209432
INFO:root:Epoch: 53, Iteration: 107, Loss: 0.06954392790794373
INFO:root:Epoch: 53, Iteration: 108, Loss: 0.06605671346187592
INFO:root:Validation set mIOU: 83.93899655456536
INFO:root:Epoch: 54, Iteration: 109, Loss: 0.0650821328163147
INFO:root:Epoch: 54, Iteration: 110, Loss: 0.09279610216617584
INFO:root:Validation set mIOU: 84.00597127425084
INFO:root:Epoch: 55, Iteration: 111, Loss: 0.048888251185417175
INFO:root:Epoch: 55, Iteration: 112, Loss: 0.0625881776213646
INFO:root:Validation set mIOU: 84.1816681244549
INFO:root:Epoch: 56, Iteration: 113, Loss: 0.06512896716594696
INFO:root:Epoch: 56, Iteration: 114, Loss: 0.05904354527592659
INFO:root:Validation set mIOU: 84.18159183144455
INFO:root:Epoch: 57, Iteration: 115, Loss: 0.09033951163291931
INFO:root:Epoch: 57, Iteration: 116, Loss: 0.07970723509788513
INFO:root:Validation set mIOU: 84.45719226242177
INFO:root:Epoch: 58, Iteration: 117, Loss: 0.06845870614051819
INFO:root:Epoch: 58, Iteration: 118, Loss: 0.05231031775474548
INFO:root:Validation set mIOU: 84.36177854684775
INFO:root:Epoch: 59, Iteration: 119, Loss: 0.06884906440973282
INFO:root:Epoch: 59, Iteration: 120, Loss: 0.057313982397317886
INFO:root:Validation set mIOU: 84.35327498159573
INFO:root:Epoch: 60, Iteration: 121, Loss: 0.08034182339906693
INFO:root:Epoch: 60, Iteration: 122, Loss: 0.05996701493859291
INFO:root:Validation set mIOU: 84.15313745939984
INFO:root:Epoch: 61, Iteration: 123, Loss: 0.12193123251199722
INFO:root:Epoch: 61, Iteration: 124, Loss: 0.05790189281105995
INFO:root:Validation set mIOU: 83.85857414631096
INFO:root:Epoch: 62, Iteration: 125, Loss: 0.06106659397482872
INFO:root:Epoch: 62, Iteration: 126, Loss: 0.061375126242637634
INFO:root:Validation set mIOU: 83.70857470850717
INFO:root:Epoch: 63, Iteration: 127, Loss: 0.07034461945295334
INFO:root:Epoch: 63, Iteration: 128, Loss: 0.06889554113149643
INFO:root:Validation set mIOU: 83.60205247573553
INFO:root:Epoch: 64, Iteration: 129, Loss: 0.06653258204460144
INFO:root:Epoch: 64, Iteration: 130, Loss: 0.05096163600683212
INFO:root:Validation set mIOU: 83.53891013512978
INFO:root:Epoch: 65, Iteration: 131, Loss: 0.06423171609640121
INFO:root:Epoch: 65, Iteration: 132, Loss: 0.06825551390647888
INFO:root:Validation set mIOU: 83.32053992659057
INFO:root:Epoch: 66, Iteration: 133, Loss: 0.05928368866443634
INFO:root:Epoch: 66, Iteration: 134, Loss: 0.08430144190788269
INFO:root:Validation set mIOU: 83.39512769815919
INFO:root:Epoch: 67, Iteration: 135, Loss: 0.07106092572212219
INFO:root:Epoch: 67, Iteration: 136, Loss: 0.0633968859910965
INFO:root:Validation set mIOU: 83.35969051841558
INFO:root:Epoch: 68, Iteration: 137, Loss: 0.05318243429064751
INFO:root:Epoch: 68, Iteration: 138, Loss: 0.05609281733632088
INFO:root:Validation set mIOU: 83.53852156228476
INFO:root:Epoch: 69, Iteration: 139, Loss: 0.07790295034646988
INFO:root:Epoch: 69, Iteration: 140, Loss: 0.05841774865984917
INFO:root:Validation set mIOU: 83.48595803839522
INFO:root:Epoch: 70, Iteration: 141, Loss: 0.06302130967378616
INFO:root:Epoch: 70, Iteration: 142, Loss: 0.08137387037277222
INFO:root:Validation set mIOU: 83.51457428838654
INFO:root:Epoch: 71, Iteration: 143, Loss: 0.05151871591806412
INFO:root:Epoch: 71, Iteration: 144, Loss: 0.06788996607065201
INFO:root:Validation set mIOU: 83.44558357632374
INFO:root:Epoch: 72, Iteration: 145, Loss: 0.05675718933343887
INFO:root:Epoch: 72, Iteration: 146, Loss: 0.05721243843436241
INFO:root:Validation set mIOU: 83.66405792724888
INFO:root:Epoch: 73, Iteration: 147, Loss: 0.06108861044049263
INFO:root:Epoch: 73, Iteration: 148, Loss: 0.08342931419610977
INFO:root:Validation set mIOU: 83.8178767812436
INFO:root:Epoch: 74, Iteration: 149, Loss: 0.05640329793095589
INFO:root:Epoch: 74, Iteration: 150, Loss: 0.056632641702890396
INFO:root:Validation set mIOU: 84.00473883114904
INFO:root:Epoch: 75, Iteration: 151, Loss: 0.05784211307764053
INFO:root:Epoch: 75, Iteration: 152, Loss: 0.05487752705812454
INFO:root:Validation set mIOU: 84.1431782865012
INFO:root:Epoch: 76, Iteration: 153, Loss: 0.07494087517261505
INFO:root:Epoch: 76, Iteration: 154, Loss: 0.06065348535776138
INFO:root:Validation set mIOU: 84.19603351967787
INFO:root:Epoch: 77, Iteration: 155, Loss: 0.07272431254386902
INFO:root:Epoch: 77, Iteration: 156, Loss: 0.055557794868946075
INFO:root:Validation set mIOU: 84.02290987605149
INFO:root:Epoch: 78, Iteration: 157, Loss: 0.056938111782073975
INFO:root:Epoch: 78, Iteration: 158, Loss: 0.06115173548460007
INFO:root:Validation set mIOU: 84.10673516133814
INFO:root:Epoch: 79, Iteration: 159, Loss: 0.04848003387451172
INFO:root:Epoch: 79, Iteration: 160, Loss: 0.06371643394231796
INFO:root:Validation set mIOU: 84.09258113386984
INFO:root:Epoch: 80, Iteration: 161, Loss: 0.06573180854320526
INFO:root:Epoch: 80, Iteration: 162, Loss: 0.05443519726395607
INFO:root:Validation set mIOU: 83.9939550936421
INFO:root:Epoch: 81, Iteration: 163, Loss: 0.05971132591366768
INFO:root:Epoch: 81, Iteration: 164, Loss: 0.06919153034687042
INFO:root:Validation set mIOU: 83.79321528662884
INFO:root:Epoch: 82, Iteration: 165, Loss: 0.04969186708331108
INFO:root:Epoch: 82, Iteration: 166, Loss: 0.06013936549425125
INFO:root:Validation set mIOU: 83.77111206154838
INFO:root:Epoch: 83, Iteration: 167, Loss: 0.05957338958978653
INFO:root:Epoch: 83, Iteration: 168, Loss: 0.05151628330349922
INFO:root:Validation set mIOU: 83.78768631775483
INFO:root:Epoch: 84, Iteration: 169, Loss: 0.08208473026752472
INFO:root:Epoch: 84, Iteration: 170, Loss: 0.0629730224609375
INFO:root:Validation set mIOU: 83.57243254028322
INFO:root:Epoch: 85, Iteration: 171, Loss: 0.054772596806287766
INFO:root:Epoch: 85, Iteration: 172, Loss: 0.09508635848760605
INFO:root:Validation set mIOU: 83.49262498245587
INFO:root:Epoch: 86, Iteration: 173, Loss: 0.06902247667312622
INFO:root:Epoch: 86, Iteration: 174, Loss: 0.052892908453941345
INFO:root:Validation set mIOU: 83.62123795101543
INFO:root:Epoch: 87, Iteration: 175, Loss: 0.05239824205636978
INFO:root:Epoch: 87, Iteration: 176, Loss: 0.055853720754384995
INFO:root:Validation set mIOU: 83.88086121016757
INFO:root:Epoch: 88, Iteration: 177, Loss: 0.05251915752887726
INFO:root:Epoch: 88, Iteration: 178, Loss: 0.06686819344758987
INFO:root:Validation set mIOU: 83.87939981865462
INFO:root:Epoch: 89, Iteration: 179, Loss: 0.056805141270160675
INFO:root:Epoch: 89, Iteration: 180, Loss: 0.055028077214956284
INFO:root:Validation set mIOU: 83.8976573688504
INFO:root:Epoch: 90, Iteration: 181, Loss: 0.14801383018493652
INFO:root:Epoch: 90, Iteration: 182, Loss: 0.07571276277303696
INFO:root:Validation set mIOU: 83.53145857262722
INFO:root:Epoch: 91, Iteration: 183, Loss: 0.05851373076438904
INFO:root:Epoch: 91, Iteration: 184, Loss: 0.07802634686231613
INFO:root:Validation set mIOU: 83.76083060368619
INFO:root:Epoch: 92, Iteration: 185, Loss: 0.06390178203582764
INFO:root:Epoch: 92, Iteration: 186, Loss: 0.05639085918664932
INFO:root:Validation set mIOU: 84.00753816595534
INFO:root:Epoch: 93, Iteration: 187, Loss: 0.06283431500196457
INFO:root:Epoch: 93, Iteration: 188, Loss: 0.06144161894917488
INFO:root:Validation set mIOU: 84.24167913397444
INFO:root:Epoch: 94, Iteration: 189, Loss: 0.08111968636512756
INFO:root:Epoch: 94, Iteration: 190, Loss: 0.05818583071231842
INFO:root:Validation set mIOU: 84.23937207303891
INFO:root:Epoch: 95, Iteration: 191, Loss: 0.051657259464263916
INFO:root:Epoch: 95, Iteration: 192, Loss: 0.062190618366003036
INFO:root:Validation set mIOU: 84.29978952222865
INFO:root:Epoch: 96, Iteration: 193, Loss: 0.058095891028642654
INFO:root:Epoch: 96, Iteration: 194, Loss: 0.06208847090601921
INFO:root:Validation set mIOU: 84.47439249787001
INFO:root:Epoch: 97, Iteration: 195, Loss: 0.05977078899741173
INFO:root:Epoch: 97, Iteration: 196, Loss: 0.05834192410111427
INFO:root:Validation set mIOU: 84.46041768417612
INFO:root:Epoch: 98, Iteration: 197, Loss: 0.05535515397787094
INFO:root:Epoch: 98, Iteration: 198, Loss: 0.061967864632606506
INFO:root:Validation set mIOU: 84.34114825264761
INFO:root:Epoch: 99, Iteration: 199, Loss: 0.046907804906368256
INFO:root:Epoch: 99, Iteration: 200, Loss: 0.05625853314995766
INFO:root:Validation set mIOU: 84.37781606313163
INFO:root:Semi-training
INFO:root:Epoch: 0, Iteration: 1, Loss: 1.2953431606292725
INFO:root:Epoch: 0, Iteration: 2, Loss: 1.1617953777313232
INFO:root:Epoch: 0, Iteration: 3, Loss: 0.9603940844535828
INFO:root:Epoch: 0, Iteration: 4, Loss: 0.9187040328979492
INFO:root:Epoch: 0, Iteration: 5, Loss: 0.7234823703765869
INFO:root:Epoch: 0, Iteration: 6, Loss: 0.7977516055107117
INFO:root:Epoch: 0, Iteration: 7, Loss: 0.6537321209907532
INFO:root:Validation set mIOU: 25.450583966005613
INFO:root:Epoch: 1, Iteration: 8, Loss: 0.6125532984733582
INFO:root:Epoch: 1, Iteration: 9, Loss: 0.6833939552307129
INFO:root:Epoch: 1, Iteration: 10, Loss: 0.43221747875213623
INFO:root:Epoch: 1, Iteration: 11, Loss: 0.43655669689178467
INFO:root:Epoch: 1, Iteration: 12, Loss: 0.40841543674468994
INFO:root:Epoch: 1, Iteration: 13, Loss: 0.3899748921394348
INFO:root:Epoch: 1, Iteration: 14, Loss: 0.3584080934524536
INFO:root:Validation set mIOU: 57.50734273221498
INFO:root:Epoch: 2, Iteration: 15, Loss: 0.36462727189064026
INFO:root:Epoch: 2, Iteration: 16, Loss: 0.3719504177570343
INFO:root:Epoch: 2, Iteration: 17, Loss: 0.3280719518661499
INFO:root:Epoch: 2, Iteration: 18, Loss: 0.32712751626968384
INFO:root:Epoch: 2, Iteration: 19, Loss: 0.31454789638519287
INFO:root:Epoch: 2, Iteration: 20, Loss: 0.294885516166687
INFO:root:Epoch: 2, Iteration: 21, Loss: 0.21046458184719086
INFO:root:Validation set mIOU: 69.91238781244215
INFO:root:Epoch: 3, Iteration: 22, Loss: 0.3104783594608307
INFO:root:Epoch: 3, Iteration: 23, Loss: 0.31598779559135437
INFO:root:Epoch: 3, Iteration: 24, Loss: 0.2149900197982788
INFO:root:Epoch: 3, Iteration: 25, Loss: 0.23428331315517426
INFO:root:Epoch: 3, Iteration: 26, Loss: 0.2116187959909439
INFO:root:Epoch: 3, Iteration: 27, Loss: 0.225728839635849
INFO:root:Epoch: 3, Iteration: 28, Loss: 0.2868485450744629
INFO:root:Validation set mIOU: 73.63436274619687
INFO:root:Epoch: 4, Iteration: 29, Loss: 0.196205273270607
INFO:root:Epoch: 4, Iteration: 30, Loss: 0.20446385443210602
INFO:root:Epoch: 4, Iteration: 31, Loss: 0.2390691339969635
INFO:root:Epoch: 4, Iteration: 32, Loss: 0.24292020499706268
INFO:root:Epoch: 4, Iteration: 33, Loss: 0.20634016394615173
INFO:root:Epoch: 4, Iteration: 34, Loss: 0.1879890114068985
INFO:root:Epoch: 4, Iteration: 35, Loss: 0.19304867088794708
INFO:root:Validation set mIOU: 76.42817949606123
INFO:root:Epoch: 5, Iteration: 36, Loss: 0.26167240738868713
INFO:root:Epoch: 5, Iteration: 37, Loss: 0.17868851125240326
INFO:root:Epoch: 5, Iteration: 38, Loss: 0.15698771178722382
INFO:root:Epoch: 5, Iteration: 39, Loss: 0.17714224755764008
INFO:root:Epoch: 5, Iteration: 40, Loss: 0.16588588058948517
INFO:root:Epoch: 5, Iteration: 41, Loss: 0.15602193772792816
INFO:root:Epoch: 5, Iteration: 42, Loss: 0.14606070518493652
INFO:root:Validation set mIOU: 80.61840851950963
INFO:root:Epoch: 6, Iteration: 43, Loss: 0.15385930240154266
INFO:root:Epoch: 6, Iteration: 44, Loss: 0.22209736704826355
INFO:root:Epoch: 6, Iteration: 45, Loss: 0.1541314274072647
INFO:root:Epoch: 6, Iteration: 46, Loss: 0.2818256914615631
INFO:root:Epoch: 6, Iteration: 47, Loss: 0.16607163846492767
INFO:root:Epoch: 6, Iteration: 48, Loss: 0.12791533768177032
INFO:root:Epoch: 6, Iteration: 49, Loss: 0.14512333273887634
INFO:root:Validation set mIOU: 79.61776398176208
INFO:root:Epoch: 7, Iteration: 50, Loss: 0.13419142365455627
INFO:root:Epoch: 7, Iteration: 51, Loss: 0.17106232047080994
INFO:root:Epoch: 7, Iteration: 52, Loss: 0.14999258518218994
INFO:root:Epoch: 7, Iteration: 53, Loss: 0.20049506425857544
INFO:root:Epoch: 7, Iteration: 54, Loss: 0.18693199753761292
INFO:root:Epoch: 7, Iteration: 55, Loss: 0.21519793570041656
INFO:root:Epoch: 7, Iteration: 56, Loss: 0.19281768798828125
INFO:root:Validation set mIOU: 82.63210055850942
INFO:root:Epoch: 8, Iteration: 57, Loss: 0.1692720204591751
INFO:root:Epoch: 8, Iteration: 58, Loss: 0.21987630426883698
INFO:root:Epoch: 8, Iteration: 59, Loss: 0.13429312407970428
INFO:root:Epoch: 8, Iteration: 60, Loss: 0.13103196024894714
INFO:root:Epoch: 8, Iteration: 61, Loss: 0.12971660494804382
INFO:root:Epoch: 8, Iteration: 62, Loss: 0.13119590282440186
INFO:root:Epoch: 8, Iteration: 63, Loss: 0.15892967581748962
INFO:root:Validation set mIOU: 81.16309983683104
INFO:root:Epoch: 9, Iteration: 64, Loss: 0.12252169847488403
INFO:root:Epoch: 9, Iteration: 65, Loss: 0.11366014927625656
INFO:root:Epoch: 9, Iteration: 66, Loss: 0.17327383160591125
INFO:root:Epoch: 9, Iteration: 67, Loss: 0.12482517957687378
INFO:root:Epoch: 9, Iteration: 68, Loss: 0.12293532490730286
INFO:root:Epoch: 9, Iteration: 69, Loss: 0.2631627917289734
INFO:root:Epoch: 9, Iteration: 70, Loss: 0.13980935513973236
INFO:root:Validation set mIOU: 81.30631251223456
INFO:root:Epoch: 10, Iteration: 71, Loss: 0.12461934238672256
INFO:root:Epoch: 10, Iteration: 72, Loss: 0.20313696563243866
INFO:root:Epoch: 10, Iteration: 73, Loss: 0.22874531149864197
INFO:root:Epoch: 10, Iteration: 74, Loss: 0.13771289587020874
INFO:root:Epoch: 10, Iteration: 75, Loss: 0.12221892178058624
INFO:root:Epoch: 10, Iteration: 76, Loss: 0.15267212688922882
INFO:root:Epoch: 10, Iteration: 77, Loss: 0.15772156417369843
INFO:root:Validation set mIOU: 82.62659165345264
INFO:root:Epoch: 11, Iteration: 78, Loss: 0.1266225427389145
INFO:root:Epoch: 11, Iteration: 79, Loss: 0.14729784429073334
INFO:root:Epoch: 11, Iteration: 80, Loss: 0.18171310424804688
INFO:root:Epoch: 11, Iteration: 81, Loss: 0.19156122207641602
INFO:root:Epoch: 11, Iteration: 82, Loss: 0.1175016388297081
INFO:root:Epoch: 11, Iteration: 83, Loss: 0.16782188415527344
INFO:root:Epoch: 11, Iteration: 84, Loss: 0.16146749258041382
INFO:root:Validation set mIOU: 80.82081104620393
INFO:root:Epoch: 12, Iteration: 85, Loss: 0.1251991242170334
INFO:root:Epoch: 12, Iteration: 86, Loss: 0.10771521925926208
INFO:root:Epoch: 12, Iteration: 87, Loss: 0.11432512104511261
INFO:root:Epoch: 12, Iteration: 88, Loss: 0.1557845026254654
INFO:root:Epoch: 12, Iteration: 89, Loss: 0.1522238701581955
INFO:root:Epoch: 12, Iteration: 90, Loss: 0.12408310174942017
INFO:root:Epoch: 12, Iteration: 91, Loss: 0.13193155825138092
INFO:root:Validation set mIOU: 83.22001847745662
INFO:root:Epoch: 13, Iteration: 92, Loss: 0.12110321968793869
INFO:root:Epoch: 13, Iteration: 93, Loss: 0.13070733845233917
INFO:root:Epoch: 13, Iteration: 94, Loss: 0.11108610779047012
INFO:root:Epoch: 13, Iteration: 95, Loss: 0.14509236812591553
INFO:root:Epoch: 13, Iteration: 96, Loss: 0.1380208134651184
INFO:root:Epoch: 13, Iteration: 97, Loss: 0.10774115473031998
INFO:root:Epoch: 13, Iteration: 98, Loss: 0.21282720565795898
INFO:root:Validation set mIOU: 83.79035029775198
INFO:root:Epoch: 14, Iteration: 99, Loss: 0.17295750975608826
INFO:root:Epoch: 14, Iteration: 100, Loss: 0.124176524579525
INFO:root:Epoch: 14, Iteration: 101, Loss: 0.10220038145780563
INFO:root:Epoch: 14, Iteration: 102, Loss: 0.09275291860103607
INFO:root:Epoch: 14, Iteration: 103, Loss: 0.1592874377965927
INFO:root:Epoch: 14, Iteration: 104, Loss: 0.1119302436709404
INFO:root:Epoch: 14, Iteration: 105, Loss: 0.12300772219896317
INFO:root:Validation set mIOU: 83.76262938081501
INFO:root:Epoch: 15, Iteration: 106, Loss: 0.10976934432983398
INFO:root:Epoch: 15, Iteration: 107, Loss: 0.11622358113527298
INFO:root:Epoch: 15, Iteration: 108, Loss: 0.12465090304613113
INFO:root:Epoch: 15, Iteration: 109, Loss: 0.0894220769405365
INFO:root:Epoch: 15, Iteration: 110, Loss: 0.11906415224075317
INFO:root:Epoch: 15, Iteration: 111, Loss: 0.09306938946247101
INFO:root:Epoch: 15, Iteration: 112, Loss: 0.14449983835220337
INFO:root:Validation set mIOU: 83.98719562493713
INFO:root:Epoch: 16, Iteration: 113, Loss: 0.09768516570329666
INFO:root:Epoch: 16, Iteration: 114, Loss: 0.13667063415050507
INFO:root:Epoch: 16, Iteration: 115, Loss: 0.10800895094871521
INFO:root:Epoch: 16, Iteration: 116, Loss: 0.09371531754732132
INFO:root:Epoch: 16, Iteration: 117, Loss: 0.13829480111598969
INFO:root:Epoch: 16, Iteration: 118, Loss: 0.14513489603996277
INFO:root:Epoch: 16, Iteration: 119, Loss: 0.11339496076107025
INFO:root:Validation set mIOU: 84.32424892522135
INFO:root:Epoch: 17, Iteration: 120, Loss: 0.14335669577121735
INFO:root:Epoch: 17, Iteration: 121, Loss: 0.1258247345685959
INFO:root:Epoch: 17, Iteration: 122, Loss: 0.10379590094089508
INFO:root:Epoch: 17, Iteration: 123, Loss: 0.18057560920715332
INFO:root:Epoch: 17, Iteration: 124, Loss: 0.13223519921302795
INFO:root:Epoch: 17, Iteration: 125, Loss: 0.08035022020339966
INFO:root:Epoch: 17, Iteration: 126, Loss: 0.08751948177814484
INFO:root:Validation set mIOU: 84.53890136125204
INFO:root:Epoch: 18, Iteration: 127, Loss: 0.14382685720920563
INFO:root:Epoch: 18, Iteration: 128, Loss: 0.09328604489564896
INFO:root:Epoch: 18, Iteration: 129, Loss: 0.11454261094331741
INFO:root:Epoch: 18, Iteration: 130, Loss: 0.09530710428953171
INFO:root:Epoch: 18, Iteration: 131, Loss: 0.09341797232627869
INFO:root:Epoch: 18, Iteration: 132, Loss: 0.15416480600833893
INFO:root:Epoch: 18, Iteration: 133, Loss: 0.11266376823186874
INFO:root:Validation set mIOU: 84.03204726978481
INFO:root:Epoch: 19, Iteration: 134, Loss: 0.1311686486005783
INFO:root:Epoch: 19, Iteration: 135, Loss: 0.12719248235225677
INFO:root:Epoch: 19, Iteration: 136, Loss: 0.1222439631819725
INFO:root:Epoch: 19, Iteration: 137, Loss: 0.14816182851791382
INFO:root:Epoch: 19, Iteration: 138, Loss: 0.1091160923242569
INFO:root:Epoch: 19, Iteration: 139, Loss: 0.11751542240381241
INFO:root:Epoch: 19, Iteration: 140, Loss: 0.15136663615703583
INFO:root:Validation set mIOU: 84.56824803077211
INFO:root:Epoch: 20, Iteration: 141, Loss: 0.10846473276615143
INFO:root:Epoch: 20, Iteration: 142, Loss: 0.12945394217967987
INFO:root:Epoch: 20, Iteration: 143, Loss: 0.09637977182865143
INFO:root:Epoch: 20, Iteration: 144, Loss: 0.110835500061512
INFO:root:Epoch: 20, Iteration: 145, Loss: 0.11859451979398727
INFO:root:Epoch: 20, Iteration: 146, Loss: 0.10029064863920212
INFO:root:Epoch: 20, Iteration: 147, Loss: 0.0894860327243805
INFO:root:Validation set mIOU: 84.22883653525665
INFO:root:Epoch: 21, Iteration: 148, Loss: 0.07900609821081161
INFO:root:Epoch: 21, Iteration: 149, Loss: 0.10614331066608429
INFO:root:Epoch: 21, Iteration: 150, Loss: 0.1302873194217682
INFO:root:Epoch: 21, Iteration: 151, Loss: 0.13416975736618042
INFO:root:Epoch: 21, Iteration: 152, Loss: 0.10048732161521912
INFO:root:Epoch: 21, Iteration: 153, Loss: 0.1291016787290573
INFO:root:Epoch: 21, Iteration: 154, Loss: 0.1492815911769867
INFO:root:Validation set mIOU: 83.5322262688725
INFO:root:Epoch: 22, Iteration: 155, Loss: 0.0975758358836174
INFO:root:Epoch: 22, Iteration: 156, Loss: 0.12207410484552383
INFO:root:Epoch: 22, Iteration: 157, Loss: 0.085713230073452
INFO:root:Epoch: 22, Iteration: 158, Loss: 0.12655845284461975
INFO:root:Epoch: 22, Iteration: 159, Loss: 0.10139348357915878
INFO:root:Epoch: 22, Iteration: 160, Loss: 0.11278272420167923
INFO:root:Epoch: 22, Iteration: 161, Loss: 0.12212451547384262
INFO:root:Validation set mIOU: 83.15953993064532
INFO:root:Epoch: 23, Iteration: 162, Loss: 0.10989890992641449
INFO:root:Epoch: 23, Iteration: 163, Loss: 0.09569405019283295
INFO:root:Epoch: 23, Iteration: 164, Loss: 0.11675351858139038
INFO:root:Epoch: 23, Iteration: 165, Loss: 0.14141060411930084
INFO:root:Epoch: 23, Iteration: 166, Loss: 0.0877833366394043
INFO:root:Epoch: 23, Iteration: 167, Loss: 0.11141203343868256
INFO:root:Epoch: 23, Iteration: 168, Loss: 0.10946037620306015
INFO:root:Validation set mIOU: 83.03967117329681
INFO:root:Epoch: 24, Iteration: 169, Loss: 0.11089008301496506
INFO:root:Epoch: 24, Iteration: 170, Loss: 0.0930357426404953
INFO:root:Epoch: 24, Iteration: 171, Loss: 0.12375258654356003
INFO:root:Epoch: 24, Iteration: 172, Loss: 0.1109878271818161
INFO:root:Epoch: 24, Iteration: 173, Loss: 0.08200222998857498
INFO:root:Epoch: 24, Iteration: 174, Loss: 0.0670081153512001
INFO:root:Epoch: 24, Iteration: 175, Loss: 0.11824239790439606
INFO:root:Validation set mIOU: 84.014249713849
INFO:root:Epoch: 25, Iteration: 176, Loss: 0.09705941379070282
INFO:root:Epoch: 25, Iteration: 177, Loss: 0.10245963931083679
INFO:root:Epoch: 25, Iteration: 178, Loss: 0.10967035591602325
INFO:root:Epoch: 25, Iteration: 179, Loss: 0.10115116089582443
INFO:root:Epoch: 25, Iteration: 180, Loss: 0.10774834454059601
INFO:root:Epoch: 25, Iteration: 181, Loss: 0.16343630850315094
INFO:root:Epoch: 25, Iteration: 182, Loss: 0.09411505609750748
INFO:root:Validation set mIOU: 84.68360385958498
INFO:root:Epoch: 26, Iteration: 183, Loss: 0.11169558763504028
INFO:root:Epoch: 26, Iteration: 184, Loss: 0.09114198386669159
INFO:root:Epoch: 26, Iteration: 185, Loss: 0.17061962187290192
INFO:root:Epoch: 26, Iteration: 186, Loss: 0.14213238656520844
INFO:root:Epoch: 26, Iteration: 187, Loss: 0.10212301462888718
INFO:root:Epoch: 26, Iteration: 188, Loss: 0.11796598881483078
INFO:root:Epoch: 26, Iteration: 189, Loss: 0.0886610671877861
INFO:root:Validation set mIOU: 84.49761240030611
INFO:root:Epoch: 27, Iteration: 190, Loss: 0.12528659403324127
INFO:root:Epoch: 27, Iteration: 191, Loss: 0.07472676038742065
INFO:root:Epoch: 27, Iteration: 192, Loss: 0.10227767378091812
INFO:root:Epoch: 27, Iteration: 193, Loss: 0.09119753539562225
INFO:root:Epoch: 27, Iteration: 194, Loss: 0.14584246277809143
INFO:root:Epoch: 27, Iteration: 195, Loss: 0.12575095891952515
INFO:root:Epoch: 27, Iteration: 196, Loss: 0.12836284935474396
INFO:root:Validation set mIOU: 83.95419560565655
INFO:root:Epoch: 28, Iteration: 197, Loss: 0.09770932048559189
INFO:root:Epoch: 28, Iteration: 198, Loss: 0.07807812839746475
INFO:root:Epoch: 28, Iteration: 199, Loss: 0.1196679174900055
INFO:root:Epoch: 28, Iteration: 200, Loss: 0.10485954582691193
INFO:root:Epoch: 28, Iteration: 201, Loss: 0.1328911930322647
INFO:root:Epoch: 28, Iteration: 202, Loss: 0.1040797084569931
INFO:root:Epoch: 28, Iteration: 203, Loss: 0.1083073616027832
INFO:root:Validation set mIOU: 84.4338685371549
INFO:root:Epoch: 29, Iteration: 204, Loss: 0.11538763344287872
INFO:root:Epoch: 29, Iteration: 205, Loss: 0.14824892580509186
INFO:root:Epoch: 29, Iteration: 206, Loss: 0.0948372557759285
INFO:root:Epoch: 29, Iteration: 207, Loss: 0.08122841268777847
INFO:root:Epoch: 29, Iteration: 208, Loss: 0.0937487930059433
INFO:root:Epoch: 29, Iteration: 209, Loss: 0.07643772661685944
INFO:root:Epoch: 29, Iteration: 210, Loss: 0.12174877524375916
INFO:root:Validation set mIOU: 84.58722847238566
INFO:root:Epoch: 30, Iteration: 211, Loss: 0.08687242120504379
INFO:root:Epoch: 30, Iteration: 212, Loss: 0.06564712524414062
INFO:root:Epoch: 30, Iteration: 213, Loss: 0.15789709985256195
INFO:root:Epoch: 30, Iteration: 214, Loss: 0.10303686559200287
INFO:root:Epoch: 30, Iteration: 215, Loss: 0.11085782945156097
INFO:root:Epoch: 30, Iteration: 216, Loss: 0.17482131719589233
INFO:root:Epoch: 30, Iteration: 217, Loss: 0.07610591500997543
INFO:root:Validation set mIOU: 84.20132494165217
INFO:root:Epoch: 31, Iteration: 218, Loss: 0.09152650088071823
INFO:root:Epoch: 31, Iteration: 219, Loss: 0.08323831111192703
INFO:root:Epoch: 31, Iteration: 220, Loss: 0.10346078127622604
INFO:root:Epoch: 31, Iteration: 221, Loss: 0.09766233712434769
INFO:root:Epoch: 31, Iteration: 222, Loss: 0.09175748378038406
INFO:root:Epoch: 31, Iteration: 223, Loss: 0.06721233576536179
INFO:root:Epoch: 31, Iteration: 224, Loss: 0.0895071029663086
INFO:root:Validation set mIOU: 84.09094295595155
INFO:root:Epoch: 32, Iteration: 225, Loss: 0.08695140480995178
INFO:root:Epoch: 32, Iteration: 226, Loss: 0.1556227058172226
INFO:root:Epoch: 32, Iteration: 227, Loss: 0.09649775922298431
INFO:root:Epoch: 32, Iteration: 228, Loss: 0.09374504536390305
INFO:root:Epoch: 32, Iteration: 229, Loss: 0.13060183823108673
INFO:root:Epoch: 32, Iteration: 230, Loss: 0.10232582688331604
INFO:root:Epoch: 32, Iteration: 231, Loss: 0.07932978868484497
INFO:root:Validation set mIOU: 84.1067382747316
INFO:root:Epoch: 33, Iteration: 232, Loss: 0.10897660255432129
INFO:root:Epoch: 33, Iteration: 233, Loss: 0.09530303627252579
INFO:root:Epoch: 33, Iteration: 234, Loss: 0.08866076916456223
INFO:root:Epoch: 33, Iteration: 235, Loss: 0.12967534363269806
INFO:root:Epoch: 33, Iteration: 236, Loss: 0.10515622794628143
INFO:root:Epoch: 33, Iteration: 237, Loss: 0.07608277350664139
INFO:root:Epoch: 33, Iteration: 238, Loss: 0.11535336077213287
INFO:root:Validation set mIOU: 84.23366236052632
INFO:root:Epoch: 34, Iteration: 239, Loss: 0.12468337267637253
INFO:root:Epoch: 34, Iteration: 240, Loss: 0.09629315137863159
INFO:root:Epoch: 34, Iteration: 241, Loss: 0.10657995939254761
INFO:root:Epoch: 34, Iteration: 242, Loss: 0.0661960244178772
INFO:root:Epoch: 34, Iteration: 243, Loss: 0.11348278075456619
INFO:root:Epoch: 34, Iteration: 244, Loss: 0.18072563409805298
INFO:root:Epoch: 34, Iteration: 245, Loss: 0.1030215322971344
INFO:root:Validation set mIOU: 83.97970419970218
INFO:root:Epoch: 35, Iteration: 246, Loss: 0.09923096001148224
INFO:root:Epoch: 35, Iteration: 247, Loss: 0.09023433923721313
INFO:root:Epoch: 35, Iteration: 248, Loss: 0.10220611840486526
INFO:root:Epoch: 35, Iteration: 249, Loss: 0.09124274551868439
INFO:root:Epoch: 35, Iteration: 250, Loss: 0.08825619518756866
INFO:root:Epoch: 35, Iteration: 251, Loss: 0.10201013088226318
INFO:root:Epoch: 35, Iteration: 252, Loss: 0.0943290963768959
INFO:root:Validation set mIOU: 84.27209498945967
INFO:root:Epoch: 36, Iteration: 253, Loss: 0.06922450661659241
INFO:root:Epoch: 36, Iteration: 254, Loss: 0.1355668604373932
INFO:root:Epoch: 36, Iteration: 255, Loss: 0.14093650877475739
INFO:root:Epoch: 36, Iteration: 256, Loss: 0.09108459204435349
INFO:root:Epoch: 36, Iteration: 257, Loss: 0.07868296653032303
INFO:root:Epoch: 36, Iteration: 258, Loss: 0.09355344623327255
INFO:root:Epoch: 36, Iteration: 259, Loss: 0.07448609918355942
INFO:root:Validation set mIOU: 84.9068528305942
INFO:root:Epoch: 37, Iteration: 260, Loss: 0.10289011895656586
INFO:root:Epoch: 37, Iteration: 261, Loss: 0.08200091123580933
INFO:root:Epoch: 37, Iteration: 262, Loss: 0.08786360174417496
INFO:root:Epoch: 37, Iteration: 263, Loss: 0.07395422458648682
INFO:root:Epoch: 37, Iteration: 264, Loss: 0.08765503764152527
INFO:root:Epoch: 37, Iteration: 265, Loss: 0.09014515578746796
INFO:root:Epoch: 37, Iteration: 266, Loss: 0.08740830421447754
INFO:root:Validation set mIOU: 84.57150639969467
INFO:root:Epoch: 38, Iteration: 267, Loss: 0.07796836644411087
INFO:root:Epoch: 38, Iteration: 268, Loss: 0.09558947384357452
INFO:root:Epoch: 38, Iteration: 269, Loss: 0.09870561212301254
INFO:root:Epoch: 38, Iteration: 270, Loss: 0.09150826930999756
INFO:root:Epoch: 38, Iteration: 271, Loss: 0.08737772703170776
INFO:root:Epoch: 38, Iteration: 272, Loss: 0.09529967606067657
INFO:root:Epoch: 38, Iteration: 273, Loss: 0.12680917978286743
INFO:root:Validation set mIOU: 84.59980777527988
INFO:root:Epoch: 39, Iteration: 274, Loss: 0.1286209374666214
INFO:root:Epoch: 39, Iteration: 275, Loss: 0.1365574598312378
INFO:root:Epoch: 39, Iteration: 276, Loss: 0.07979317754507065
INFO:root:Epoch: 39, Iteration: 277, Loss: 0.09464544802904129
INFO:root:Epoch: 39, Iteration: 278, Loss: 0.10111451894044876
INFO:root:Epoch: 39, Iteration: 279, Loss: 0.09647061675786972
INFO:root:Epoch: 39, Iteration: 280, Loss: 0.08870998024940491
INFO:root:Validation set mIOU: 84.72250903959302
INFO:root:Epoch: 40, Iteration: 281, Loss: 0.0927250012755394
INFO:root:Epoch: 40, Iteration: 282, Loss: 0.0782567635178566
INFO:root:Epoch: 40, Iteration: 283, Loss: 0.07026783376932144
INFO:root:Epoch: 40, Iteration: 284, Loss: 0.1140831783413887
INFO:root:Epoch: 40, Iteration: 285, Loss: 0.07511436939239502
INFO:root:Epoch: 40, Iteration: 286, Loss: 0.10622881352901459
INFO:root:Epoch: 40, Iteration: 287, Loss: 0.08180580288171768
INFO:root:Validation set mIOU: 84.77279506275032
INFO:root:Epoch: 41, Iteration: 288, Loss: 0.08436082303524017
INFO:root:Epoch: 41, Iteration: 289, Loss: 0.07463130354881287
INFO:root:Epoch: 41, Iteration: 290, Loss: 0.14709773659706116
INFO:root:Epoch: 41, Iteration: 291, Loss: 0.08780971169471741
INFO:root:Epoch: 41, Iteration: 292, Loss: 0.0815114825963974
INFO:root:Epoch: 41, Iteration: 293, Loss: 0.1044100746512413
INFO:root:Epoch: 41, Iteration: 294, Loss: 0.11296563595533371
INFO:root:Validation set mIOU: 84.50987532739332
INFO:root:Epoch: 42, Iteration: 295, Loss: 0.09846319258213043
INFO:root:Epoch: 42, Iteration: 296, Loss: 0.10999389737844467
INFO:root:Epoch: 42, Iteration: 297, Loss: 0.10915596038103104
INFO:root:Epoch: 42, Iteration: 298, Loss: 0.10508261620998383
INFO:root:Epoch: 42, Iteration: 299, Loss: 0.08108877390623093
INFO:root:Epoch: 42, Iteration: 300, Loss: 0.08150754123926163
INFO:root:Epoch: 42, Iteration: 301, Loss: 0.0722595676779747
INFO:root:Validation set mIOU: 83.9195090808925
INFO:root:Epoch: 43, Iteration: 302, Loss: 0.09446563571691513
INFO:root:Epoch: 43, Iteration: 303, Loss: 0.07264558970928192
INFO:root:Epoch: 43, Iteration: 304, Loss: 0.0998227521777153
INFO:root:Epoch: 43, Iteration: 305, Loss: 0.09327322244644165
INFO:root:Epoch: 43, Iteration: 306, Loss: 0.12187639623880386
INFO:root:Epoch: 43, Iteration: 307, Loss: 0.07802153378725052
INFO:root:Epoch: 43, Iteration: 308, Loss: 0.0964808464050293
INFO:root:Validation set mIOU: 83.42468844283131
INFO:root:Epoch: 44, Iteration: 309, Loss: 0.11491014808416367
INFO:root:Epoch: 44, Iteration: 310, Loss: 0.09716728329658508
INFO:root:Epoch: 44, Iteration: 311, Loss: 0.09688323736190796
INFO:root:Epoch: 44, Iteration: 312, Loss: 0.08346173912286758
INFO:root:Epoch: 44, Iteration: 313, Loss: 0.1538562774658203
INFO:root:Epoch: 44, Iteration: 314, Loss: 0.10602535307407379
INFO:root:Epoch: 44, Iteration: 315, Loss: 0.09483589231967926
INFO:root:Validation set mIOU: 84.14420508372652
INFO:root:Epoch: 45, Iteration: 316, Loss: 0.08387599885463715
INFO:root:Epoch: 45, Iteration: 317, Loss: 0.09264108538627625
INFO:root:Epoch: 45, Iteration: 318, Loss: 0.0889110341668129
INFO:root:Epoch: 45, Iteration: 319, Loss: 0.07765060663223267
INFO:root:Epoch: 45, Iteration: 320, Loss: 0.16859224438667297
INFO:root:Epoch: 45, Iteration: 321, Loss: 0.08066704869270325
INFO:root:Epoch: 45, Iteration: 322, Loss: 0.07603725790977478
INFO:root:Validation set mIOU: 84.67551130714934
INFO:root:Epoch: 46, Iteration: 323, Loss: 0.11252263188362122
INFO:root:Epoch: 46, Iteration: 324, Loss: 0.09968414157629013
INFO:root:Epoch: 46, Iteration: 325, Loss: 0.07754404842853546
INFO:root:Epoch: 46, Iteration: 326, Loss: 0.09912645071744919
INFO:root:Epoch: 46, Iteration: 327, Loss: 0.0896434336900711
INFO:root:Epoch: 46, Iteration: 328, Loss: 0.07745551317930222
INFO:root:Epoch: 46, Iteration: 329, Loss: 0.10912541300058365
INFO:root:Validation set mIOU: 84.15849671469843
INFO:root:Epoch: 47, Iteration: 330, Loss: 0.09973025321960449
INFO:root:Epoch: 47, Iteration: 331, Loss: 0.10167629271745682
INFO:root:Epoch: 47, Iteration: 332, Loss: 0.08989480137825012
INFO:root:Epoch: 47, Iteration: 333, Loss: 0.0884028971195221
INFO:root:Epoch: 47, Iteration: 334, Loss: 0.07963719964027405
INFO:root:Epoch: 47, Iteration: 335, Loss: 0.08483181893825531
INFO:root:Epoch: 47, Iteration: 336, Loss: 0.10191621631383896
INFO:root:Validation set mIOU: 84.35367708868883
INFO:root:Epoch: 48, Iteration: 337, Loss: 0.15314579010009766
INFO:root:Epoch: 48, Iteration: 338, Loss: 0.08492675423622131
INFO:root:Epoch: 48, Iteration: 339, Loss: 0.10986532270908356
INFO:root:Epoch: 48, Iteration: 340, Loss: 0.1291235387325287
INFO:root:Epoch: 48, Iteration: 341, Loss: 0.1246175691485405
INFO:root:Epoch: 48, Iteration: 342, Loss: 0.15110467374324799
INFO:root:Epoch: 48, Iteration: 343, Loss: 0.08236352354288101
INFO:root:Validation set mIOU: 84.40959646499891
INFO:root:Epoch: 49, Iteration: 344, Loss: 0.0729612186551094
INFO:root:Epoch: 49, Iteration: 345, Loss: 0.08369560539722443
INFO:root:Epoch: 49, Iteration: 346, Loss: 0.07257868349552155
INFO:root:Epoch: 49, Iteration: 347, Loss: 0.09462522715330124
INFO:root:Epoch: 49, Iteration: 348, Loss: 0.09856651723384857
INFO:root:Epoch: 49, Iteration: 349, Loss: 0.09139911085367203
INFO:root:Epoch: 49, Iteration: 350, Loss: 0.08862638473510742
INFO:root:Validation set mIOU: 84.72347454020702
INFO:root:Epoch: 50, Iteration: 351, Loss: 0.09038389474153519
INFO:root:Epoch: 50, Iteration: 352, Loss: 0.06336287409067154
INFO:root:Epoch: 50, Iteration: 353, Loss: 0.0789501816034317
INFO:root:Epoch: 50, Iteration: 354, Loss: 0.12073270231485367
INFO:root:Epoch: 50, Iteration: 355, Loss: 0.09405992925167084
INFO:root:Epoch: 50, Iteration: 356, Loss: 0.08390774577856064
INFO:root:Epoch: 50, Iteration: 357, Loss: 0.1366395354270935
INFO:root:Validation set mIOU: 84.6711989968718
INFO:root:Epoch: 51, Iteration: 358, Loss: 0.09230291843414307
INFO:root:Epoch: 51, Iteration: 359, Loss: 0.06220470368862152
INFO:root:Epoch: 51, Iteration: 360, Loss: 0.15405888855457306
INFO:root:Epoch: 51, Iteration: 361, Loss: 0.07249853014945984
INFO:root:Epoch: 51, Iteration: 362, Loss: 0.0858176201581955
INFO:root:Epoch: 51, Iteration: 363, Loss: 0.07760537415742874
INFO:root:Epoch: 51, Iteration: 364, Loss: 0.09515614807605743
INFO:root:Validation set mIOU: 84.61605223687981
INFO:root:Epoch: 52, Iteration: 365, Loss: 0.10346471518278122
INFO:root:Epoch: 52, Iteration: 366, Loss: 0.07455800473690033
INFO:root:Epoch: 52, Iteration: 367, Loss: 0.08726892620325089
INFO:root:Epoch: 52, Iteration: 368, Loss: 0.09919755905866623
INFO:root:Epoch: 52, Iteration: 369, Loss: 0.09271112084388733
INFO:root:Epoch: 52, Iteration: 370, Loss: 0.06040174141526222
INFO:root:Epoch: 52, Iteration: 371, Loss: 0.10184509307146072
INFO:root:Validation set mIOU: 84.79281208978945
INFO:root:Epoch: 53, Iteration: 372, Loss: 0.08147282898426056
INFO:root:Epoch: 53, Iteration: 373, Loss: 0.10056760162115097
INFO:root:Epoch: 53, Iteration: 374, Loss: 0.08520256727933884
INFO:root:Epoch: 53, Iteration: 375, Loss: 0.11887866258621216
INFO:root:Epoch: 53, Iteration: 376, Loss: 0.09417150914669037
INFO:root:Epoch: 53, Iteration: 377, Loss: 0.0853559747338295
INFO:root:Epoch: 53, Iteration: 378, Loss: 0.09811412543058395
INFO:root:Validation set mIOU: 84.38051109990282
INFO:root:Epoch: 54, Iteration: 379, Loss: 0.0736580565571785
INFO:root:Epoch: 54, Iteration: 380, Loss: 0.06995398551225662
INFO:root:Epoch: 54, Iteration: 381, Loss: 0.05517835542559624
INFO:root:Epoch: 54, Iteration: 382, Loss: 0.10182435810565948
INFO:root:Epoch: 54, Iteration: 383, Loss: 0.07282693684101105
INFO:root:Epoch: 54, Iteration: 384, Loss: 0.1272878795862198
INFO:root:Epoch: 54, Iteration: 385, Loss: 0.0866975262761116
INFO:root:Validation set mIOU: 84.86014031184374
INFO:root:Epoch: 55, Iteration: 386, Loss: 0.09471150487661362
INFO:root:Epoch: 55, Iteration: 387, Loss: 0.07368241995573044
INFO:root:Epoch: 55, Iteration: 388, Loss: 0.08646613359451294
INFO:root:Epoch: 55, Iteration: 389, Loss: 0.08231095969676971
INFO:root:Epoch: 55, Iteration: 390, Loss: 0.12113252282142639
INFO:root:Epoch: 55, Iteration: 391, Loss: 0.07492747157812119
INFO:root:Epoch: 55, Iteration: 392, Loss: 0.08609774708747864
INFO:root:Validation set mIOU: 84.92093820097692
INFO:root:Epoch: 56, Iteration: 393, Loss: 0.07652223855257034
INFO:root:Epoch: 56, Iteration: 394, Loss: 0.10139024257659912
INFO:root:Epoch: 56, Iteration: 395, Loss: 0.12357237935066223
INFO:root:Epoch: 56, Iteration: 396, Loss: 0.0750383511185646
INFO:root:Epoch: 56, Iteration: 397, Loss: 0.07852793484926224
INFO:root:Epoch: 56, Iteration: 398, Loss: 0.1506902426481247
INFO:root:Epoch: 56, Iteration: 399, Loss: 0.07111484557390213
INFO:root:Validation set mIOU: 84.91935206338512
INFO:root:Epoch: 57, Iteration: 400, Loss: 0.07677730172872543
INFO:root:Epoch: 57, Iteration: 401, Loss: 0.0784091055393219
INFO:root:Epoch: 57, Iteration: 402, Loss: 0.094390869140625
INFO:root:Epoch: 57, Iteration: 403, Loss: 0.12293283641338348
INFO:root:Epoch: 57, Iteration: 404, Loss: 0.09394737333059311
INFO:root:Epoch: 57, Iteration: 405, Loss: 0.06155876815319061
INFO:root:Epoch: 57, Iteration: 406, Loss: 0.13489805161952972
INFO:root:Validation set mIOU: 84.6465533369574
INFO:root:Epoch: 58, Iteration: 407, Loss: 0.07993417978286743
INFO:root:Epoch: 58, Iteration: 408, Loss: 0.13628247380256653
INFO:root:Epoch: 58, Iteration: 409, Loss: 0.10170770436525345
INFO:root:Epoch: 58, Iteration: 410, Loss: 0.08777439594268799
INFO:root:Epoch: 58, Iteration: 411, Loss: 0.058323223143815994
INFO:root:Epoch: 58, Iteration: 412, Loss: 0.08491019904613495
INFO:root:Epoch: 58, Iteration: 413, Loss: 0.09841559082269669
INFO:root:Validation set mIOU: 84.78003656898521
INFO:root:Epoch: 59, Iteration: 414, Loss: 0.0974961519241333
INFO:root:Epoch: 59, Iteration: 415, Loss: 0.08034393936395645
INFO:root:Epoch: 59, Iteration: 416, Loss: 0.09966780245304108
INFO:root:Epoch: 59, Iteration: 417, Loss: 0.08582281321287155
INFO:root:Epoch: 59, Iteration: 418, Loss: 0.09361771494150162
INFO:root:Epoch: 59, Iteration: 419, Loss: 0.09898281842470169
INFO:root:Epoch: 59, Iteration: 420, Loss: 0.10446180403232574
INFO:root:Validation set mIOU: 84.75424196211864
INFO:root:Epoch: 60, Iteration: 421, Loss: 0.11547920852899551
INFO:root:Epoch: 60, Iteration: 422, Loss: 0.08107177168130875
INFO:root:Epoch: 60, Iteration: 423, Loss: 0.10165225714445114
INFO:root:Epoch: 60, Iteration: 424, Loss: 0.07494525611400604
INFO:root:Epoch: 60, Iteration: 425, Loss: 0.08758153766393661
INFO:root:Epoch: 60, Iteration: 426, Loss: 0.08035603910684586
INFO:root:Epoch: 60, Iteration: 427, Loss: 0.062168870121240616
INFO:root:Validation set mIOU: 84.8642205624396
INFO:root:Epoch: 61, Iteration: 428, Loss: 0.0927964374423027
INFO:root:Epoch: 61, Iteration: 429, Loss: 0.09519437700510025
INFO:root:Epoch: 61, Iteration: 430, Loss: 0.0601307675242424
INFO:root:Epoch: 61, Iteration: 431, Loss: 0.07631364464759827
INFO:root:Epoch: 61, Iteration: 432, Loss: 0.06775686144828796
INFO:root:Epoch: 61, Iteration: 433, Loss: 0.08958087116479874
INFO:root:Epoch: 61, Iteration: 434, Loss: 0.10695324838161469
INFO:root:Validation set mIOU: 84.62669123121677
INFO:root:Epoch: 62, Iteration: 435, Loss: 0.0869542583823204
INFO:root:Epoch: 62, Iteration: 436, Loss: 0.0785449743270874
INFO:root:Epoch: 62, Iteration: 437, Loss: 0.09072745591402054
INFO:root:Epoch: 62, Iteration: 438, Loss: 0.08100777119398117
INFO:root:Epoch: 62, Iteration: 439, Loss: 0.10544080287218094
INFO:root:Epoch: 62, Iteration: 440, Loss: 0.062400657683610916
INFO:root:Epoch: 62, Iteration: 441, Loss: 0.07854808866977692
INFO:root:Validation set mIOU: 85.25871058224114
INFO:root:Epoch: 63, Iteration: 442, Loss: 0.07638455927371979
INFO:root:Epoch: 63, Iteration: 443, Loss: 0.08465615659952164
INFO:root:Epoch: 63, Iteration: 444, Loss: 0.09648465365171432
INFO:root:Epoch: 63, Iteration: 445, Loss: 0.09084475785493851
INFO:root:Epoch: 63, Iteration: 446, Loss: 0.10536288470029831
INFO:root:Epoch: 63, Iteration: 447, Loss: 0.06438575685024261
INFO:root:Epoch: 63, Iteration: 448, Loss: 0.08145250380039215
INFO:root:Validation set mIOU: 85.15976750333301
INFO:root:Epoch: 64, Iteration: 449, Loss: 0.07219436764717102
INFO:root:Epoch: 64, Iteration: 450, Loss: 0.11089274287223816
INFO:root:Epoch: 64, Iteration: 451, Loss: 0.0963129773736
INFO:root:Epoch: 64, Iteration: 452, Loss: 0.08390390872955322
INFO:root:Epoch: 64, Iteration: 453, Loss: 0.10883535444736481
INFO:root:Epoch: 64, Iteration: 454, Loss: 0.0872371718287468
INFO:root:Epoch: 64, Iteration: 455, Loss: 0.0926537960767746
INFO:root:Validation set mIOU: 85.0318408981432
INFO:root:Epoch: 65, Iteration: 456, Loss: 0.051762841641902924
INFO:root:Epoch: 65, Iteration: 457, Loss: 0.09692014008760452
INFO:root:Epoch: 65, Iteration: 458, Loss: 0.09161937981843948
INFO:root:Epoch: 65, Iteration: 459, Loss: 0.0760703980922699
INFO:root:Epoch: 65, Iteration: 460, Loss: 0.07206480205059052
INFO:root:Epoch: 65, Iteration: 461, Loss: 0.12158863246440887
INFO:root:Epoch: 65, Iteration: 462, Loss: 0.08867569267749786
INFO:root:Validation set mIOU: 85.00157382727024
INFO:root:Epoch: 66, Iteration: 463, Loss: 0.08306735754013062
INFO:root:Epoch: 66, Iteration: 464, Loss: 0.0827135369181633
INFO:root:Epoch: 66, Iteration: 465, Loss: 0.08719632774591446
INFO:root:Epoch: 66, Iteration: 466, Loss: 0.08362319320440292
INFO:root:Epoch: 66, Iteration: 467, Loss: 0.09113816171884537
INFO:root:Epoch: 66, Iteration: 468, Loss: 0.1121041402220726
INFO:root:Epoch: 66, Iteration: 469, Loss: 0.08507010340690613
INFO:root:Validation set mIOU: 85.29652936244098
INFO:root:Epoch: 67, Iteration: 470, Loss: 0.06530135124921799
INFO:root:Epoch: 67, Iteration: 471, Loss: 0.09708397835493088
INFO:root:Epoch: 67, Iteration: 472, Loss: 0.12407860159873962
INFO:root:Epoch: 67, Iteration: 473, Loss: 0.09208209812641144
INFO:root:Epoch: 67, Iteration: 474, Loss: 0.10923247784376144
INFO:root:Epoch: 67, Iteration: 475, Loss: 0.06808342039585114
INFO:root:Epoch: 67, Iteration: 476, Loss: 0.0793243870139122
INFO:root:Validation set mIOU: 85.3919082144074
INFO:root:Epoch: 68, Iteration: 477, Loss: 0.12320644408464432
INFO:root:Epoch: 68, Iteration: 478, Loss: 0.09905105829238892
INFO:root:Epoch: 68, Iteration: 479, Loss: 0.06607098132371902
INFO:root:Epoch: 68, Iteration: 480, Loss: 0.10329584032297134
INFO:root:Epoch: 68, Iteration: 481, Loss: 0.05883195623755455
INFO:root:Epoch: 68, Iteration: 482, Loss: 0.08957920968532562
INFO:root:Epoch: 68, Iteration: 483, Loss: 0.07689911872148514
INFO:root:Validation set mIOU: 85.28281848095848
INFO:root:Epoch: 69, Iteration: 484, Loss: 0.10723599791526794
INFO:root:Epoch: 69, Iteration: 485, Loss: 0.06898482143878937
INFO:root:Epoch: 69, Iteration: 486, Loss: 0.0972183346748352
INFO:root:Epoch: 69, Iteration: 487, Loss: 0.08965393900871277
INFO:root:Epoch: 69, Iteration: 488, Loss: 0.0927187129855156
INFO:root:Epoch: 69, Iteration: 489, Loss: 0.05763611942529678
INFO:root:Epoch: 69, Iteration: 490, Loss: 0.060009751468896866
INFO:root:Validation set mIOU: 85.29349661318145
INFO:root:Epoch: 70, Iteration: 491, Loss: 0.07025279104709625
INFO:root:Epoch: 70, Iteration: 492, Loss: 0.0747414082288742
INFO:root:Epoch: 70, Iteration: 493, Loss: 0.08907879143953323
INFO:root:Epoch: 70, Iteration: 494, Loss: 0.06725193560123444
INFO:root:Epoch: 70, Iteration: 495, Loss: 0.061777666211128235
INFO:root:Epoch: 70, Iteration: 496, Loss: 0.09896653145551682
INFO:root:Epoch: 70, Iteration: 497, Loss: 0.058583881705999374
INFO:root:Validation set mIOU: 85.38006822909637
INFO:root:Epoch: 71, Iteration: 498, Loss: 0.09413913637399673
INFO:root:Epoch: 71, Iteration: 499, Loss: 0.11154922842979431
INFO:root:Epoch: 71, Iteration: 500, Loss: 0.10953009128570557
INFO:root:Epoch: 71, Iteration: 501, Loss: 0.05724577605724335
INFO:root:Epoch: 71, Iteration: 502, Loss: 0.1373274028301239
INFO:root:Epoch: 71, Iteration: 503, Loss: 0.10013744235038757
INFO:root:Epoch: 71, Iteration: 504, Loss: 0.08516247570514679
INFO:root:Validation set mIOU: 84.87585214184537
INFO:root:Epoch: 72, Iteration: 505, Loss: 0.09747274219989777
INFO:root:Epoch: 72, Iteration: 506, Loss: 0.13580094277858734
INFO:root:Epoch: 72, Iteration: 507, Loss: 0.08430787920951843
INFO:root:Epoch: 72, Iteration: 508, Loss: 0.06444892287254333
INFO:root:Epoch: 72, Iteration: 509, Loss: 0.07899501919746399
INFO:root:Epoch: 72, Iteration: 510, Loss: 0.07834821194410324
INFO:root:Epoch: 72, Iteration: 511, Loss: 0.08425843715667725
INFO:root:Validation set mIOU: 85.29818651090322
INFO:root:Epoch: 73, Iteration: 512, Loss: 0.0650777742266655
INFO:root:Epoch: 73, Iteration: 513, Loss: 0.06788324564695358
INFO:root:Epoch: 73, Iteration: 514, Loss: 0.1720176637172699
INFO:root:Epoch: 73, Iteration: 515, Loss: 0.07356986403465271
INFO:root:Epoch: 73, Iteration: 516, Loss: 0.10866717994213104
INFO:root:Epoch: 73, Iteration: 517, Loss: 0.05881867930293083
INFO:root:Epoch: 73, Iteration: 518, Loss: 0.08117789030075073
INFO:root:Validation set mIOU: 85.50916814510877
INFO:root:Epoch: 74, Iteration: 519, Loss: 0.09634141623973846
INFO:root:Epoch: 74, Iteration: 520, Loss: 0.059300366789102554
INFO:root:Epoch: 74, Iteration: 521, Loss: 0.06510790437459946
INFO:root:Epoch: 74, Iteration: 522, Loss: 0.09000574052333832
INFO:root:Epoch: 74, Iteration: 523, Loss: 0.10583606362342834
INFO:root:Epoch: 74, Iteration: 524, Loss: 0.08248388022184372
INFO:root:Epoch: 74, Iteration: 525, Loss: 0.09688565135002136
INFO:root:Validation set mIOU: 85.51503934758388
INFO:root:Epoch: 75, Iteration: 526, Loss: 0.07248701900243759
INFO:root:Epoch: 75, Iteration: 527, Loss: 0.0770014226436615
INFO:root:Epoch: 75, Iteration: 528, Loss: 0.07054667174816132
INFO:root:Epoch: 75, Iteration: 529, Loss: 0.07447692006826401
INFO:root:Epoch: 75, Iteration: 530, Loss: 0.06320789456367493
INFO:root:Epoch: 75, Iteration: 531, Loss: 0.0616111233830452
INFO:root:Epoch: 75, Iteration: 532, Loss: 0.08410803973674774
INFO:root:Validation set mIOU: 85.60919056486527
INFO:root:Epoch: 76, Iteration: 533, Loss: 0.07058501243591309
INFO:root:Epoch: 76, Iteration: 534, Loss: 0.10002128779888153
INFO:root:Epoch: 76, Iteration: 535, Loss: 0.07074139267206192
INFO:root:Epoch: 76, Iteration: 536, Loss: 0.11402691155672073
INFO:root:Epoch: 76, Iteration: 537, Loss: 0.06339932233095169
INFO:root:Epoch: 76, Iteration: 538, Loss: 0.17444927990436554
INFO:root:Epoch: 76, Iteration: 539, Loss: 0.09615079313516617
INFO:root:Validation set mIOU: 85.42027786262857
INFO:root:Epoch: 77, Iteration: 540, Loss: 0.10475252568721771
INFO:root:Epoch: 77, Iteration: 541, Loss: 0.08599963039159775
INFO:root:Epoch: 77, Iteration: 542, Loss: 0.07955891638994217
INFO:root:Epoch: 77, Iteration: 543, Loss: 0.11077047139406204
INFO:root:Epoch: 77, Iteration: 544, Loss: 0.07277723401784897
INFO:root:Epoch: 77, Iteration: 545, Loss: 0.08052711188793182
INFO:root:Epoch: 77, Iteration: 546, Loss: 0.06391062587499619
INFO:root:Validation set mIOU: 85.3883697276642
INFO:root:Epoch: 78, Iteration: 547, Loss: 0.08747486025094986
INFO:root:Epoch: 78, Iteration: 548, Loss: 0.06216517835855484
INFO:root:Epoch: 78, Iteration: 549, Loss: 0.07759549468755722
INFO:root:Epoch: 78, Iteration: 550, Loss: 0.09323178976774216
INFO:root:Epoch: 78, Iteration: 551, Loss: 0.06935934722423553
INFO:root:Epoch: 78, Iteration: 552, Loss: 0.08122099190950394
INFO:root:Epoch: 78, Iteration: 553, Loss: 0.18253543972969055
INFO:root:Validation set mIOU: 85.412634157052
INFO:root:Epoch: 79, Iteration: 554, Loss: 0.09747259318828583
INFO:root:Epoch: 79, Iteration: 555, Loss: 0.04732827842235565
INFO:root:Epoch: 79, Iteration: 556, Loss: 0.07796017825603485
INFO:root:Epoch: 79, Iteration: 557, Loss: 0.06370977312326431
INFO:root:Epoch: 79, Iteration: 558, Loss: 0.06576286256313324
INFO:root:Epoch: 79, Iteration: 559, Loss: 0.11909033358097076
INFO:root:Epoch: 79, Iteration: 560, Loss: 0.08013135939836502
INFO:root:Validation set mIOU: 85.25145327219309
INFO:root:Epoch: 80, Iteration: 561, Loss: 0.08112943917512894
INFO:root:Epoch: 80, Iteration: 562, Loss: 0.09168003499507904
INFO:root:Epoch: 80, Iteration: 563, Loss: 0.09813398122787476
INFO:root:Epoch: 80, Iteration: 564, Loss: 0.06317024677991867
INFO:root:Epoch: 80, Iteration: 565, Loss: 0.06588993221521378
INFO:root:Epoch: 80, Iteration: 566, Loss: 0.07592533528804779
INFO:root:Epoch: 80, Iteration: 567, Loss: 0.09743085503578186
INFO:root:Validation set mIOU: 85.1787337472036
INFO:root:Epoch: 81, Iteration: 568, Loss: 0.07150015980005264
INFO:root:Epoch: 81, Iteration: 569, Loss: 0.08501317352056503
INFO:root:Epoch: 81, Iteration: 570, Loss: 0.07491249591112137
INFO:root:Epoch: 81, Iteration: 571, Loss: 0.08183597028255463
INFO:root:Epoch: 81, Iteration: 572, Loss: 0.06411508470773697
INFO:root:Epoch: 81, Iteration: 573, Loss: 0.0757419541478157
INFO:root:Epoch: 81, Iteration: 574, Loss: 0.10865147411823273
INFO:root:Validation set mIOU: 85.1501992756068
INFO:root:Epoch: 82, Iteration: 575, Loss: 0.13136295974254608
INFO:root:Epoch: 82, Iteration: 576, Loss: 0.06463991850614548
INFO:root:Epoch: 82, Iteration: 577, Loss: 0.07649234682321548
INFO:root:Epoch: 82, Iteration: 578, Loss: 0.14240612089633942
INFO:root:Epoch: 82, Iteration: 579, Loss: 0.09461398422718048
INFO:root:Epoch: 82, Iteration: 580, Loss: 0.09615358710289001
INFO:root:Epoch: 82, Iteration: 581, Loss: 0.10590292513370514
INFO:root:Validation set mIOU: 85.27835407656914
INFO:root:Epoch: 83, Iteration: 582, Loss: 0.09133174270391464
INFO:root:Epoch: 83, Iteration: 583, Loss: 0.08308757841587067
INFO:root:Epoch: 83, Iteration: 584, Loss: 0.10857723653316498
INFO:root:Epoch: 83, Iteration: 585, Loss: 0.061775073409080505
INFO:root:Epoch: 83, Iteration: 586, Loss: 0.07767704129219055
INFO:root:Epoch: 83, Iteration: 587, Loss: 0.0917733833193779
INFO:root:Epoch: 83, Iteration: 588, Loss: 0.08185937255620956
INFO:root:Validation set mIOU: 85.50733328548361
INFO:root:Epoch: 84, Iteration: 589, Loss: 0.09835302084684372
INFO:root:Epoch: 84, Iteration: 590, Loss: 0.0680532306432724
INFO:root:Epoch: 84, Iteration: 591, Loss: 0.05773184448480606
INFO:root:Epoch: 84, Iteration: 592, Loss: 0.10433035343885422
INFO:root:Epoch: 84, Iteration: 593, Loss: 0.07251688092947006
INFO:root:Epoch: 84, Iteration: 594, Loss: 0.0912541002035141
INFO:root:Epoch: 84, Iteration: 595, Loss: 0.06719260662794113
INFO:root:Validation set mIOU: 85.26756064019249
INFO:root:Epoch: 85, Iteration: 596, Loss: 0.08944501727819443
INFO:root:Epoch: 85, Iteration: 597, Loss: 0.08342006057500839
INFO:root:Epoch: 85, Iteration: 598, Loss: 0.09589654952287674
INFO:root:Epoch: 85, Iteration: 599, Loss: 0.06229018047451973
INFO:root:Epoch: 85, Iteration: 600, Loss: 0.09578370302915573
INFO:root:Epoch: 85, Iteration: 601, Loss: 0.09372885525226593
INFO:root:Epoch: 85, Iteration: 602, Loss: 0.06624529510736465
INFO:root:Validation set mIOU: 85.20812678809024
INFO:root:Epoch: 86, Iteration: 603, Loss: 0.09332679957151413
INFO:root:Epoch: 86, Iteration: 604, Loss: 0.08272792398929596
INFO:root:Epoch: 86, Iteration: 605, Loss: 0.0744682028889656
INFO:root:Epoch: 86, Iteration: 606, Loss: 0.06775078922510147
INFO:root:Epoch: 86, Iteration: 607, Loss: 0.09773065894842148
INFO:root:Epoch: 86, Iteration: 608, Loss: 0.13137920200824738
INFO:root:Epoch: 86, Iteration: 609, Loss: 0.07655870169401169
INFO:root:Validation set mIOU: 85.17000710657548
INFO:root:Epoch: 87, Iteration: 610, Loss: 0.13831742107868195
INFO:root:Epoch: 87, Iteration: 611, Loss: 0.08428073674440384
INFO:root:Epoch: 87, Iteration: 612, Loss: 0.08470689505338669
INFO:root:Epoch: 87, Iteration: 613, Loss: 0.08757061511278152
INFO:root:Epoch: 87, Iteration: 614, Loss: 0.10105152428150177
INFO:root:Epoch: 87, Iteration: 615, Loss: 0.11140869557857513
INFO:root:Epoch: 87, Iteration: 616, Loss: 0.07633346319198608
INFO:root:Validation set mIOU: 85.16487265450893
INFO:root:Epoch: 88, Iteration: 617, Loss: 0.09582626074552536
INFO:root:Epoch: 88, Iteration: 618, Loss: 0.08897624164819717
INFO:root:Epoch: 88, Iteration: 619, Loss: 0.07381479442119598
INFO:root:Epoch: 88, Iteration: 620, Loss: 0.06547535955905914
INFO:root:Epoch: 88, Iteration: 621, Loss: 0.07581548392772675
INFO:root:Epoch: 88, Iteration: 622, Loss: 0.13358676433563232
INFO:root:Epoch: 88, Iteration: 623, Loss: 0.08952320367097855
INFO:root:Validation set mIOU: 85.06650859414003
INFO:root:Epoch: 89, Iteration: 624, Loss: 0.09480036795139313
INFO:root:Epoch: 89, Iteration: 625, Loss: 0.08165858685970306
INFO:root:Epoch: 89, Iteration: 626, Loss: 0.07026258856058121
INFO:root:Epoch: 89, Iteration: 627, Loss: 0.0799640342593193
INFO:root:Epoch: 89, Iteration: 628, Loss: 0.10425223410129547
INFO:root:Epoch: 89, Iteration: 629, Loss: 0.09050876647233963
INFO:root:Epoch: 89, Iteration: 630, Loss: 0.07833197712898254
INFO:root:Validation set mIOU: 85.17652135668085
INFO:root:Epoch: 90, Iteration: 631, Loss: 0.11156945675611496
INFO:root:Epoch: 90, Iteration: 632, Loss: 0.06753113865852356
INFO:root:Epoch: 90, Iteration: 633, Loss: 0.09281956404447556
INFO:root:Epoch: 90, Iteration: 634, Loss: 0.11657001078128815
INFO:root:Epoch: 90, Iteration: 635, Loss: 0.07174122333526611
INFO:root:Epoch: 90, Iteration: 636, Loss: 0.0769028514623642
INFO:root:Epoch: 90, Iteration: 637, Loss: 0.06546621769666672
INFO:root:Validation set mIOU: 85.40766569450318
INFO:root:Epoch: 91, Iteration: 638, Loss: 0.09013132750988007
INFO:root:Epoch: 91, Iteration: 639, Loss: 0.07476446777582169
INFO:root:Epoch: 91, Iteration: 640, Loss: 0.0829717293381691
INFO:root:Epoch: 91, Iteration: 641, Loss: 0.07428981363773346
INFO:root:Epoch: 91, Iteration: 642, Loss: 0.06249674782156944
INFO:root:Epoch: 91, Iteration: 643, Loss: 0.10052501410245895
INFO:root:Epoch: 91, Iteration: 644, Loss: 0.07002964615821838
INFO:root:Validation set mIOU: 85.51160413079458
INFO:root:Epoch: 92, Iteration: 645, Loss: 0.08103778958320618
INFO:root:Epoch: 92, Iteration: 646, Loss: 0.07385818660259247
INFO:root:Epoch: 92, Iteration: 647, Loss: 0.1065356656908989
INFO:root:Epoch: 92, Iteration: 648, Loss: 0.14353732764720917
INFO:root:Epoch: 92, Iteration: 649, Loss: 0.0792115330696106
INFO:root:Epoch: 92, Iteration: 650, Loss: 0.08681830763816833
INFO:root:Epoch: 92, Iteration: 651, Loss: 0.0815153568983078
INFO:root:Validation set mIOU: 85.36151019370534
INFO:root:Epoch: 93, Iteration: 652, Loss: 0.10135748982429504
INFO:root:Epoch: 93, Iteration: 653, Loss: 0.07171717286109924
INFO:root:Epoch: 93, Iteration: 654, Loss: 0.08574870228767395
INFO:root:Epoch: 93, Iteration: 655, Loss: 0.05731640383601189
INFO:root:Epoch: 93, Iteration: 656, Loss: 0.0884784609079361
INFO:root:Epoch: 93, Iteration: 657, Loss: 0.13962037861347198
INFO:root:Epoch: 93, Iteration: 658, Loss: 0.10870467126369476
INFO:root:Validation set mIOU: 85.59811039350052
INFO:root:Epoch: 94, Iteration: 659, Loss: 0.09126196801662445
INFO:root:Epoch: 94, Iteration: 660, Loss: 0.06280910223722458
INFO:root:Epoch: 94, Iteration: 661, Loss: 0.06667204946279526
INFO:root:Epoch: 94, Iteration: 662, Loss: 0.06760160624980927
INFO:root:Epoch: 94, Iteration: 663, Loss: 0.06928497552871704
INFO:root:Epoch: 94, Iteration: 664, Loss: 0.07897378504276276
INFO:root:Epoch: 94, Iteration: 665, Loss: 0.07095535844564438
INFO:root:Validation set mIOU: 85.65625810036744
INFO:root:Epoch: 95, Iteration: 666, Loss: 0.0899929627776146
INFO:root:Epoch: 95, Iteration: 667, Loss: 0.07259916514158249
INFO:root:Epoch: 95, Iteration: 668, Loss: 0.07214350253343582
INFO:root:Epoch: 95, Iteration: 669, Loss: 0.08206849545240402
INFO:root:Epoch: 95, Iteration: 670, Loss: 0.08763597905635834
INFO:root:Epoch: 95, Iteration: 671, Loss: 0.06096304580569267
INFO:root:Epoch: 95, Iteration: 672, Loss: 0.06815209984779358
INFO:root:Validation set mIOU: 85.66433986596937
INFO:root:Epoch: 96, Iteration: 673, Loss: 0.07895473390817642
INFO:root:Epoch: 96, Iteration: 674, Loss: 0.08717595785856247
INFO:root:Epoch: 96, Iteration: 675, Loss: 0.0708465427160263
INFO:root:Epoch: 96, Iteration: 676, Loss: 0.07065523415803909
INFO:root:Epoch: 96, Iteration: 677, Loss: 0.08572378009557724
INFO:root:Epoch: 96, Iteration: 678, Loss: 0.06088554859161377
INFO:root:Epoch: 96, Iteration: 679, Loss: 0.10320912301540375
INFO:root:Validation set mIOU: 85.27915391700175
INFO:root:Epoch: 97, Iteration: 680, Loss: 0.10698989033699036
INFO:root:Epoch: 97, Iteration: 681, Loss: 0.06244058161973953
INFO:root:Epoch: 97, Iteration: 682, Loss: 0.07808618247509003
INFO:root:Epoch: 97, Iteration: 683, Loss: 0.09209390729665756
INFO:root:Epoch: 97, Iteration: 684, Loss: 0.08247318863868713
INFO:root:Epoch: 97, Iteration: 685, Loss: 0.1096588671207428
INFO:root:Epoch: 97, Iteration: 686, Loss: 0.07227333635091782
INFO:root:Validation set mIOU: 85.4789867204716
INFO:root:Epoch: 98, Iteration: 687, Loss: 0.08893146365880966
INFO:root:Epoch: 98, Iteration: 688, Loss: 0.05581314489245415
INFO:root:Epoch: 98, Iteration: 689, Loss: 0.06561712175607681
INFO:root:Epoch: 98, Iteration: 690, Loss: 0.07457063347101212
INFO:root:Epoch: 98, Iteration: 691, Loss: 0.07537876814603806
INFO:root:Epoch: 98, Iteration: 692, Loss: 0.10209326446056366
INFO:root:Epoch: 98, Iteration: 693, Loss: 0.059755079448223114
INFO:root:Validation set mIOU: 85.75477739621175
INFO:root:Epoch: 99, Iteration: 694, Loss: 0.09405168145895004
INFO:root:Epoch: 99, Iteration: 695, Loss: 0.08150605112314224
INFO:root:Epoch: 99, Iteration: 696, Loss: 0.09133483469486237
INFO:root:Epoch: 99, Iteration: 697, Loss: 0.08307971060276031
INFO:root:Epoch: 99, Iteration: 698, Loss: 0.0596836693584919
INFO:root:Epoch: 99, Iteration: 699, Loss: 0.09620097279548645
INFO:root:Epoch: 99, Iteration: 700, Loss: 0.06724438071250916
INFO:root:Validation set mIOU: 85.62024680147132
INFO:root:{'backbone': 'resnet50',
 'batch_size': 16,
 'batch_size_consistency': 4,
 'conf_thres': 0.95,
 'config': 'configs/dataset2.yaml',
 'consistency_training': False,
 'crop_size': 320,
 'data_root': './',
 'dataset': 'dataset2',
 'epochs': 100,
 'labeled_id_path': 'dataset/splits/dataset2/1_4/split_random/labeled.txt',
 'lr': 0.0009,
 'model': 'deeplabv3plus',
 'ngpus': 1,
 'plus': False,
 'pseudo_consistency_mask_path': None,
 'pseudo_mask_path': 'outdir/pseudo_masks/dataset2/1_4/split_random/deeplabv3plus/self_training/resnet50/non_consistency_training/second_time',
 'rand_thres': 0.8,
 'reliable_id_path': None,
 'save_path': 'outdir/models/dataset2/1_4/split_random/deeplabv3plus/self_training/resnet50/non_consistency_training/second_time',
 'time': 2,
 'unlabeled_id_path': 'dataset/splits/dataset2/1_4/split_random/unlabeled.txt',
 'warm_up': 30}

INFO:root:Training supervised with consistency on unlabeled images
INFO:root:{'backbone': 'resnet50',
 'batch_size': 16,
 'batch_size_consistency': 4,
 'conf_thres': 0.95,
 'config': 'configs/dataset2.yaml',
 'consistency_training': False,
 'crop_size': 320,
 'data_root': './',
 'dataset': 'dataset2',
 'epochs': 100,
 'labeled_id_path': 'dataset/splits/dataset2/1_4/split_random/labeled.txt',
 'lr': 0.0009,
 'model': 'deeplabv3plus',
 'ngpus': 1,
 'plus': False,
 'pseudo_consistency_mask_path': None,
 'pseudo_mask_path': 'outdir/pseudo_masks/dataset2/1_4/split_random/deeplabv3plus/self_training/resnet50/non_consistency_training/second_time',
 'rand_thres': 0.8,
 'reliable_id_path': None,
 'save_path': 'outdir/models/dataset2/1_4/split_random/deeplabv3plus/self_training/resnet50/non_consistency_training/second_time',
 'time': 2,
 'unlabeled_id_path': 'dataset/splits/dataset2/1_4/split_random/unlabeled.txt',
 'warm_up': 30}

INFO:root:Training supervised with consistency on unlabeled images
INFO:root:{'backbone': 'resnet50',
 'batch_size': 16,
 'batch_size_consistency': 4,
 'conf_thres': 0.95,
 'config': 'configs/dataset2.yaml',
 'consistency_training': False,
 'crop_size': 320,
 'data_root': './',
 'dataset': 'dataset2',
 'epochs': 100,
 'labeled_id_path': 'dataset/splits/dataset2/1_4/split_random/labeled.txt',
 'lr': 0.0009,
 'model': 'deeplabv3plus',
 'ngpus': 1,
 'plus': False,
 'pseudo_consistency_mask_path': None,
 'pseudo_mask_path': 'outdir/pseudo_masks/dataset2/1_4/split_random/deeplabv3plus/self_training/resnet50/non_consistency_training/second_time',
 'rand_thres': 0.8,
 'reliable_id_path': None,
 'save_path': 'outdir/models/dataset2/1_4/split_random/deeplabv3plus/self_training/resnet50/non_consistency_training/second_time',
 'time': 2,
 'unlabeled_id_path': 'dataset/splits/dataset2/1_4/split_random/unlabeled.txt',
 'warm_up': 30}

INFO:root:Training supervised with consistency on unlabeled images
