INFO:root:{'addition': 'circular_cutout',
 'backbone': 'resnet50',
 'batch_size': 16,
 'batch_size_consistency': 16,
 'conf_thres': 0.95,
 'config': 'configs/dataset2.yaml',
 'consistency_training': False,
 'crop_size': 320,
 'data_root': './',
 'dataset': 'dataset2',
 'epochs': 100,
 'labeled_id_path': 'dataset/splits/dataset2/1_4/split_random/labeled.txt',
 'lr': 0.0009,
 'model': 'deeplabv3plus',
 'ngpus': 1,
 'plus': False,
 'pseudo_consistency_mask_path': None,
 'pseudo_mask_path': 'outdir/pseudo_masks/dataset2/1_4/split_random/deeplabv3plus/resnet50/circular_cutout/self_training/non_consistency_training/second_time',
 'rand_thres': 0.8,
 'reliable_id_path': None,
 'save_path': 'outdir/models/dataset2/1_4/split_random/deeplabv3plus/resnet50/circular_cutout/self_training/non_consistency_training/second_time',
 'time': 2,
 'unlabeled_id_path': 'dataset/splits/dataset2/1_4/split_random/unlabeled.txt',
 'warm_up': 30}

INFO:root:Training supervised with consistency on unlabeled images
INFO:root:Epoch: 0, Iteration: 1, Loss: 1.3300875425338745
INFO:root:Epoch: 0, Iteration: 2, Loss: 1.2397722005844116
INFO:root:Validation set mIOU: 3.2439956781448447
INFO:root:Epoch: 1, Iteration: 3, Loss: 0.9872536659240723
INFO:root:Epoch: 1, Iteration: 4, Loss: 0.7389711737632751
INFO:root:Validation set mIOU: 39.26520904468353
INFO:root:Epoch: 2, Iteration: 5, Loss: 0.660256028175354
INFO:root:Epoch: 2, Iteration: 6, Loss: 0.6619080901145935
INFO:root:Validation set mIOU: 28.364638627161582
INFO:root:Epoch: 3, Iteration: 7, Loss: 0.49874147772789
INFO:root:Epoch: 3, Iteration: 8, Loss: 0.38616257905960083
INFO:root:Validation set mIOU: 46.717040923152844
INFO:root:Epoch: 4, Iteration: 9, Loss: 0.4486690163612366
INFO:root:Epoch: 4, Iteration: 10, Loss: 0.34975287318229675
INFO:root:Validation set mIOU: 53.89549200429929
INFO:root:Epoch: 5, Iteration: 11, Loss: 0.3635929822921753
INFO:root:Epoch: 5, Iteration: 12, Loss: 0.2899949550628662
INFO:root:Validation set mIOU: 65.67756638168947
INFO:root:Epoch: 6, Iteration: 13, Loss: 0.2449224442243576
INFO:root:Epoch: 6, Iteration: 14, Loss: 0.24284060299396515
INFO:root:Validation set mIOU: 65.63786188964727
INFO:root:Epoch: 7, Iteration: 15, Loss: 0.25126010179519653
INFO:root:Epoch: 7, Iteration: 16, Loss: 0.21744297444820404
INFO:root:Validation set mIOU: 64.27425247338118
INFO:root:Epoch: 8, Iteration: 17, Loss: 0.21570244431495667
INFO:root:Epoch: 8, Iteration: 18, Loss: 0.20597074925899506
INFO:root:Validation set mIOU: 65.06064081365598
INFO:root:Epoch: 9, Iteration: 19, Loss: 0.19922518730163574
INFO:root:Epoch: 9, Iteration: 20, Loss: 0.1776639074087143
INFO:root:Validation set mIOU: 66.35553040546893
INFO:root:Epoch: 10, Iteration: 21, Loss: 0.1651289463043213
INFO:root:Epoch: 10, Iteration: 22, Loss: 0.15407301485538483
INFO:root:Validation set mIOU: 67.81797884837536
INFO:root:Epoch: 11, Iteration: 23, Loss: 0.14246916770935059
INFO:root:Epoch: 11, Iteration: 24, Loss: 0.13313399255275726
INFO:root:Validation set mIOU: 68.42516346329295
INFO:root:Epoch: 12, Iteration: 25, Loss: 0.1184757724404335
INFO:root:Epoch: 12, Iteration: 26, Loss: 0.18580850958824158
INFO:root:Validation set mIOU: 68.50121691033837
INFO:root:Epoch: 13, Iteration: 27, Loss: 0.11782265454530716
INFO:root:Epoch: 13, Iteration: 28, Loss: 0.13248398900032043
INFO:root:Validation set mIOU: 66.69600712154676
INFO:root:Epoch: 14, Iteration: 29, Loss: 0.1157771646976471
INFO:root:Epoch: 14, Iteration: 30, Loss: 0.12021391093730927
INFO:root:Validation set mIOU: 67.26614860999277
INFO:root:Epoch: 15, Iteration: 31, Loss: 0.11376713961362839
INFO:root:Epoch: 15, Iteration: 32, Loss: 0.14284023642539978
INFO:root:Validation set mIOU: 68.7367002838912
INFO:root:Epoch: 16, Iteration: 33, Loss: 0.09854429215192795
INFO:root:Epoch: 16, Iteration: 34, Loss: 0.09759950637817383
INFO:root:Validation set mIOU: 70.49931647005351
INFO:root:Epoch: 17, Iteration: 35, Loss: 0.13740010559558868
INFO:root:Epoch: 17, Iteration: 36, Loss: 0.1656111627817154
INFO:root:Validation set mIOU: 73.46519633428848
INFO:root:Epoch: 18, Iteration: 37, Loss: 0.11470194905996323
INFO:root:Epoch: 18, Iteration: 38, Loss: 0.08585977554321289
INFO:root:Validation set mIOU: 78.20842984430563
INFO:root:Epoch: 19, Iteration: 39, Loss: 0.08986595273017883
INFO:root:Epoch: 19, Iteration: 40, Loss: 0.0873124971985817
INFO:root:Validation set mIOU: 80.87166250505064
INFO:root:Epoch: 20, Iteration: 41, Loss: 0.08975937217473984
INFO:root:Epoch: 20, Iteration: 42, Loss: 0.10503830760717392
INFO:root:Validation set mIOU: 82.34360531433776
INFO:root:Epoch: 21, Iteration: 43, Loss: 0.088941290974617
INFO:root:Epoch: 21, Iteration: 44, Loss: 0.08352737128734589
INFO:root:Validation set mIOU: 83.14486072624838
INFO:root:Epoch: 22, Iteration: 45, Loss: 0.11461783200502396
INFO:root:Epoch: 22, Iteration: 46, Loss: 0.08035382628440857
INFO:root:Validation set mIOU: 83.67132712083256
INFO:root:Epoch: 23, Iteration: 47, Loss: 0.0767727717757225
INFO:root:Epoch: 23, Iteration: 48, Loss: 0.08846370875835419
INFO:root:Validation set mIOU: 83.68689809505224
INFO:root:Epoch: 24, Iteration: 49, Loss: 0.11526120454072952
INFO:root:Epoch: 24, Iteration: 50, Loss: 0.082659512758255
INFO:root:Validation set mIOU: 83.3931637930387
INFO:root:Epoch: 25, Iteration: 51, Loss: 0.1046007052063942
INFO:root:Epoch: 25, Iteration: 52, Loss: 0.08972059935331345
INFO:root:Validation set mIOU: 83.34686052842622
INFO:root:Epoch: 26, Iteration: 53, Loss: 0.08539309352636337
INFO:root:Epoch: 26, Iteration: 54, Loss: 0.07297620177268982
INFO:root:Validation set mIOU: 83.45063631171469
INFO:root:Epoch: 27, Iteration: 55, Loss: 0.08355960994958878
INFO:root:Epoch: 27, Iteration: 56, Loss: 0.08059633523225784
INFO:root:Validation set mIOU: 83.79279899112029
INFO:root:Epoch: 28, Iteration: 57, Loss: 0.10366035252809525
INFO:root:Epoch: 28, Iteration: 58, Loss: 0.0789652094244957
INFO:root:Validation set mIOU: 84.03170528830226
INFO:root:Epoch: 29, Iteration: 59, Loss: 0.10074996948242188
INFO:root:Epoch: 29, Iteration: 60, Loss: 0.08020982891321182
INFO:root:Validation set mIOU: 84.37389851630232
INFO:root:Epoch: 30, Iteration: 61, Loss: 0.09897463768720627
INFO:root:Epoch: 30, Iteration: 62, Loss: 0.08085406571626663
INFO:root:Validation set mIOU: 84.22168348293523
INFO:root:Epoch: 31, Iteration: 63, Loss: 0.09059884399175644
INFO:root:Epoch: 31, Iteration: 64, Loss: 0.06478455662727356
INFO:root:Validation set mIOU: 84.22804898403339
INFO:root:Epoch: 32, Iteration: 65, Loss: 0.06708820909261703
INFO:root:Epoch: 32, Iteration: 66, Loss: 0.09184476733207703
INFO:root:Validation set mIOU: 84.31573684844679
INFO:root:Epoch: 33, Iteration: 67, Loss: 0.06715280562639236
INFO:root:Epoch: 33, Iteration: 68, Loss: 0.07022181898355484
INFO:root:Validation set mIOU: 84.46046865474796
INFO:root:Epoch: 34, Iteration: 69, Loss: 0.10255979746580124
INFO:root:Epoch: 34, Iteration: 70, Loss: 0.07254724204540253
INFO:root:Validation set mIOU: 84.4743979275274
INFO:root:Epoch: 35, Iteration: 71, Loss: 0.07287614792585373
INFO:root:Epoch: 35, Iteration: 72, Loss: 0.06525539606809616
INFO:root:Validation set mIOU: 84.68617238493071
INFO:root:Epoch: 36, Iteration: 73, Loss: 0.06895492225885391
INFO:root:Epoch: 36, Iteration: 74, Loss: 0.08404763787984848
INFO:root:Validation set mIOU: 84.80104875168493
INFO:root:Epoch: 37, Iteration: 75, Loss: 0.07952713966369629
INFO:root:Epoch: 37, Iteration: 76, Loss: 0.08668404817581177
INFO:root:Validation set mIOU: 84.80369518287638
INFO:root:Epoch: 38, Iteration: 77, Loss: 0.06749841570854187
INFO:root:Epoch: 38, Iteration: 78, Loss: 0.08435536175966263
INFO:root:Validation set mIOU: 84.78526053557681
INFO:root:Epoch: 39, Iteration: 79, Loss: 0.06932538747787476
INFO:root:Epoch: 39, Iteration: 80, Loss: 0.06523486971855164
INFO:root:Validation set mIOU: 84.37049629469263
INFO:root:Epoch: 40, Iteration: 81, Loss: 0.07100439071655273
INFO:root:Epoch: 40, Iteration: 82, Loss: 0.05932288244366646
INFO:root:Validation set mIOU: 84.17514739075608
INFO:root:Epoch: 41, Iteration: 83, Loss: 0.07292457669973373
INFO:root:Epoch: 41, Iteration: 84, Loss: 0.07025350630283356
INFO:root:Validation set mIOU: 84.09717630166446
INFO:root:Epoch: 42, Iteration: 85, Loss: 0.056217458099126816
INFO:root:Epoch: 42, Iteration: 86, Loss: 0.10164771974086761
INFO:root:Validation set mIOU: 84.17570058206968
INFO:root:Epoch: 43, Iteration: 87, Loss: 0.08332964777946472
INFO:root:Epoch: 43, Iteration: 88, Loss: 0.07245822995901108
INFO:root:Validation set mIOU: 84.4976178608679
INFO:root:Epoch: 44, Iteration: 89, Loss: 0.07866789400577545
INFO:root:Epoch: 44, Iteration: 90, Loss: 0.08396871387958527
INFO:root:Validation set mIOU: 84.78573686626216
INFO:root:Epoch: 45, Iteration: 91, Loss: 0.05868256837129593
INFO:root:Epoch: 45, Iteration: 92, Loss: 0.07167229801416397
INFO:root:Validation set mIOU: 84.85400196017565
INFO:root:Epoch: 46, Iteration: 93, Loss: 0.06504615396261215
INFO:root:Epoch: 46, Iteration: 94, Loss: 0.07062128186225891
INFO:root:Validation set mIOU: 84.94475733458948
INFO:root:Epoch: 47, Iteration: 95, Loss: 0.06664729863405228
INFO:root:Epoch: 47, Iteration: 96, Loss: 0.06875964999198914
INFO:root:Validation set mIOU: 84.81461103254468
INFO:root:Epoch: 48, Iteration: 97, Loss: 0.0732877254486084
INFO:root:Epoch: 48, Iteration: 98, Loss: 0.1024533063173294
INFO:root:Validation set mIOU: 84.78564414009004
INFO:root:Epoch: 49, Iteration: 99, Loss: 0.08464876562356949
INFO:root:Epoch: 49, Iteration: 100, Loss: 0.07312896847724915
INFO:root:Validation set mIOU: 84.85719292267392
INFO:root:Epoch: 50, Iteration: 101, Loss: 0.059597063809633255
INFO:root:Epoch: 50, Iteration: 102, Loss: 0.06424537301063538
INFO:root:Validation set mIOU: 85.12476078100511
INFO:root:Epoch: 51, Iteration: 103, Loss: 0.0861935019493103
INFO:root:Epoch: 51, Iteration: 104, Loss: 0.08605572581291199
INFO:root:Validation set mIOU: 85.16615128184853
INFO:root:Epoch: 52, Iteration: 105, Loss: 0.05646221339702606
INFO:root:Epoch: 52, Iteration: 106, Loss: 0.0698859691619873
INFO:root:Validation set mIOU: 85.17899483366561
INFO:root:Epoch: 53, Iteration: 107, Loss: 0.06473232060670853
INFO:root:Epoch: 53, Iteration: 108, Loss: 0.06478265672922134
INFO:root:Validation set mIOU: 85.14703216696192
INFO:root:Epoch: 54, Iteration: 109, Loss: 0.05580192059278488
INFO:root:Epoch: 54, Iteration: 110, Loss: 0.06362145394086838
INFO:root:Validation set mIOU: 85.10574523963591
INFO:root:Epoch: 55, Iteration: 111, Loss: 0.06649193912744522
INFO:root:Epoch: 55, Iteration: 112, Loss: 0.08898572623729706
INFO:root:Validation set mIOU: 85.11134411767681
INFO:root:Epoch: 56, Iteration: 113, Loss: 0.06557808816432953
INFO:root:Epoch: 56, Iteration: 114, Loss: 0.0646338015794754
INFO:root:Validation set mIOU: 85.05918173080248
INFO:root:Epoch: 57, Iteration: 115, Loss: 0.05738772451877594
INFO:root:Epoch: 57, Iteration: 116, Loss: 0.05105380713939667
INFO:root:Validation set mIOU: 85.15361481755012
INFO:root:Epoch: 58, Iteration: 117, Loss: 0.07690983265638351
INFO:root:Epoch: 58, Iteration: 118, Loss: 0.07471556216478348
INFO:root:Validation set mIOU: 85.14798618829013
INFO:root:Epoch: 59, Iteration: 119, Loss: 0.05930587649345398
INFO:root:Epoch: 59, Iteration: 120, Loss: 0.07506737858057022
INFO:root:Validation set mIOU: 85.21527228604006
INFO:root:Epoch: 60, Iteration: 121, Loss: 0.05891590937972069
INFO:root:Epoch: 60, Iteration: 122, Loss: 0.07722529768943787
INFO:root:Validation set mIOU: 85.16386280859193
INFO:root:Epoch: 61, Iteration: 123, Loss: 0.08942956477403641
INFO:root:Epoch: 61, Iteration: 124, Loss: 0.06039806082844734
INFO:root:Validation set mIOU: 85.12712368621683
INFO:root:Epoch: 62, Iteration: 125, Loss: 0.08335741609334946
INFO:root:Epoch: 62, Iteration: 126, Loss: 0.06123238429427147
INFO:root:Validation set mIOU: 85.22626298107704
INFO:root:Epoch: 63, Iteration: 127, Loss: 0.0700695812702179
INFO:root:Epoch: 63, Iteration: 128, Loss: 0.05354353412985802
INFO:root:Validation set mIOU: 85.28152774294973
INFO:root:Epoch: 64, Iteration: 129, Loss: 0.059524521231651306
INFO:root:Epoch: 64, Iteration: 130, Loss: 0.05980965867638588
INFO:root:Validation set mIOU: 85.3601159118723
INFO:root:Epoch: 65, Iteration: 131, Loss: 0.07080638408660889
INFO:root:Epoch: 65, Iteration: 132, Loss: 0.0544259250164032
INFO:root:Validation set mIOU: 85.4416210865164
INFO:root:Epoch: 66, Iteration: 133, Loss: 0.07274354994297028
INFO:root:Epoch: 66, Iteration: 134, Loss: 0.0734880268573761
INFO:root:Validation set mIOU: 85.61844103123725
INFO:root:Epoch: 67, Iteration: 135, Loss: 0.061246100813150406
INFO:root:Epoch: 67, Iteration: 136, Loss: 0.06436623632907867
INFO:root:Validation set mIOU: 85.69589602626596
INFO:root:Epoch: 68, Iteration: 137, Loss: 0.05666567385196686
INFO:root:Epoch: 68, Iteration: 138, Loss: 0.05586598813533783
INFO:root:Validation set mIOU: 85.71867279015612
INFO:root:Epoch: 69, Iteration: 139, Loss: 0.06736979633569717
INFO:root:Epoch: 69, Iteration: 140, Loss: 0.073282390832901
INFO:root:Validation set mIOU: 85.84631331769724
INFO:root:Epoch: 70, Iteration: 141, Loss: 0.06063680723309517
INFO:root:Epoch: 70, Iteration: 142, Loss: 0.0599619522690773
INFO:root:Validation set mIOU: 85.827057351656
INFO:root:Epoch: 71, Iteration: 143, Loss: 0.061942458152770996
INFO:root:Epoch: 71, Iteration: 144, Loss: 0.06548219174146652
INFO:root:Validation set mIOU: 85.7766532521502
INFO:root:Epoch: 72, Iteration: 145, Loss: 0.09987109899520874
INFO:root:Epoch: 72, Iteration: 146, Loss: 0.06525574624538422
INFO:root:Validation set mIOU: 85.76952138184016
INFO:root:Epoch: 73, Iteration: 147, Loss: 0.07291130721569061
INFO:root:Epoch: 73, Iteration: 148, Loss: 0.06309667229652405
INFO:root:Validation set mIOU: 85.7015151952628
INFO:root:Epoch: 74, Iteration: 149, Loss: 0.06528834253549576
INFO:root:Epoch: 74, Iteration: 150, Loss: 0.06914980709552765
INFO:root:Validation set mIOU: 85.75251521255257
INFO:root:Epoch: 75, Iteration: 151, Loss: 0.06387676298618317
INFO:root:Epoch: 75, Iteration: 152, Loss: 0.058685701340436935
INFO:root:Validation set mIOU: 85.74020746289305
INFO:root:Epoch: 76, Iteration: 153, Loss: 0.0589088536798954
INFO:root:Epoch: 76, Iteration: 154, Loss: 0.064524345099926
INFO:root:Validation set mIOU: 85.5918647052917
INFO:root:Epoch: 77, Iteration: 155, Loss: 0.05723735690116882
INFO:root:Epoch: 77, Iteration: 156, Loss: 0.057546813040971756
INFO:root:Validation set mIOU: 85.60095426067322
INFO:root:Epoch: 78, Iteration: 157, Loss: 0.07032068073749542
INFO:root:Epoch: 78, Iteration: 158, Loss: 0.04954925924539566
INFO:root:Validation set mIOU: 85.5039266931161
INFO:root:Epoch: 79, Iteration: 159, Loss: 0.06559677422046661
INFO:root:Epoch: 79, Iteration: 160, Loss: 0.07660161703824997
INFO:root:Validation set mIOU: 85.45020797862509
INFO:root:Epoch: 80, Iteration: 161, Loss: 0.050499483942985535
INFO:root:Epoch: 80, Iteration: 162, Loss: 0.05723720043897629
INFO:root:Validation set mIOU: 85.38408793616932
INFO:root:Epoch: 81, Iteration: 163, Loss: 0.05731666833162308
INFO:root:Epoch: 81, Iteration: 164, Loss: 0.0796070471405983
INFO:root:Validation set mIOU: 85.31647715986875
INFO:root:Epoch: 82, Iteration: 165, Loss: 0.05005013197660446
INFO:root:Epoch: 82, Iteration: 166, Loss: 0.056283146142959595
INFO:root:Validation set mIOU: 85.31645912665763
INFO:root:Epoch: 83, Iteration: 167, Loss: 0.05973650887608528
INFO:root:Epoch: 83, Iteration: 168, Loss: 0.0551285482943058
INFO:root:Validation set mIOU: 85.42007047074378
INFO:root:Epoch: 84, Iteration: 169, Loss: 0.11100929975509644
INFO:root:Epoch: 84, Iteration: 170, Loss: 0.050493691116571426
INFO:root:Validation set mIOU: 85.27908551884428
INFO:root:Epoch: 85, Iteration: 171, Loss: 0.04413098096847534
INFO:root:Epoch: 85, Iteration: 172, Loss: 0.06772805005311966
INFO:root:Validation set mIOU: 85.30117448589333
INFO:root:Epoch: 86, Iteration: 173, Loss: 0.054680533707141876
INFO:root:Epoch: 86, Iteration: 174, Loss: 0.06369137018918991
INFO:root:Validation set mIOU: 85.45435356012715
INFO:root:Epoch: 87, Iteration: 175, Loss: 0.0513581708073616
INFO:root:Epoch: 87, Iteration: 176, Loss: 0.06205751374363899
INFO:root:Validation set mIOU: 85.54466976426093
INFO:root:Epoch: 88, Iteration: 177, Loss: 0.06729170680046082
INFO:root:Epoch: 88, Iteration: 178, Loss: 0.05826438590884209
INFO:root:Validation set mIOU: 85.63051485533086
INFO:root:Epoch: 89, Iteration: 179, Loss: 0.0519227460026741
INFO:root:Epoch: 89, Iteration: 180, Loss: 0.07527974247932434
INFO:root:Validation set mIOU: 85.5606271489579
INFO:root:Epoch: 90, Iteration: 181, Loss: 0.05362870544195175
INFO:root:Epoch: 90, Iteration: 182, Loss: 0.05550907924771309
INFO:root:Validation set mIOU: 85.582244254011
INFO:root:Epoch: 91, Iteration: 183, Loss: 0.05719710886478424
INFO:root:Epoch: 91, Iteration: 184, Loss: 0.04123861342668533
INFO:root:Validation set mIOU: 85.61353088836677
INFO:root:Epoch: 92, Iteration: 185, Loss: 0.06354614347219467
INFO:root:Epoch: 92, Iteration: 186, Loss: 0.0575406588613987
INFO:root:Validation set mIOU: 85.55920259060566
INFO:root:Epoch: 93, Iteration: 187, Loss: 0.06286179274320602
INFO:root:Epoch: 93, Iteration: 188, Loss: 0.06226528435945511
INFO:root:Validation set mIOU: 85.5565973751839
INFO:root:Epoch: 94, Iteration: 189, Loss: 0.05057369917631149
INFO:root:Epoch: 94, Iteration: 190, Loss: 0.054124753922224045
INFO:root:Validation set mIOU: 85.54500873299885
INFO:root:Epoch: 95, Iteration: 191, Loss: 0.055054422467947006
INFO:root:Epoch: 95, Iteration: 192, Loss: 0.05149130895733833
INFO:root:Validation set mIOU: 85.55685641898627
INFO:root:Epoch: 96, Iteration: 193, Loss: 0.05956157296895981
INFO:root:Epoch: 96, Iteration: 194, Loss: 0.059332750737667084
INFO:root:Validation set mIOU: 85.68145476463633
INFO:root:Epoch: 97, Iteration: 195, Loss: 0.059576645493507385
INFO:root:Epoch: 97, Iteration: 196, Loss: 0.053328171372413635
INFO:root:Validation set mIOU: 85.66731140082888
INFO:root:Epoch: 98, Iteration: 197, Loss: 0.05880018696188927
INFO:root:Epoch: 98, Iteration: 198, Loss: 0.06443153321743011
INFO:root:Validation set mIOU: 85.67870401864813
INFO:root:Epoch: 99, Iteration: 199, Loss: 0.053057003766298294
INFO:root:Epoch: 99, Iteration: 200, Loss: 0.07229722291231155
INFO:root:Validation set mIOU: 85.75109467837697
INFO:root:Semi-training
INFO:root:Epoch: 0, Iteration: 1, Loss: 1.0034176111221313
INFO:root:Epoch: 0, Iteration: 2, Loss: 0.99387526512146
INFO:root:Epoch: 0, Iteration: 3, Loss: 0.8934504985809326
INFO:root:Epoch: 0, Iteration: 4, Loss: 0.8381349444389343
INFO:root:Epoch: 0, Iteration: 5, Loss: 0.7600431442260742
INFO:root:Epoch: 0, Iteration: 6, Loss: 0.6103318929672241
INFO:root:Epoch: 0, Iteration: 7, Loss: 0.498727023601532
INFO:root:Validation set mIOU: 48.989622449756816
INFO:root:Epoch: 1, Iteration: 8, Loss: 0.5931738018989563
INFO:root:Epoch: 1, Iteration: 9, Loss: 0.45272308588027954
INFO:root:Epoch: 1, Iteration: 10, Loss: 0.44963446259498596
INFO:root:Epoch: 1, Iteration: 11, Loss: 0.42615342140197754
INFO:root:Epoch: 1, Iteration: 12, Loss: 0.37242335081100464
INFO:root:Epoch: 1, Iteration: 13, Loss: 0.4193122982978821
INFO:root:Epoch: 1, Iteration: 14, Loss: 0.31972166895866394
INFO:root:Validation set mIOU: 57.480459233174166
INFO:root:Epoch: 2, Iteration: 15, Loss: 0.3425709307193756
INFO:root:Epoch: 2, Iteration: 16, Loss: 0.2803719937801361
INFO:root:Epoch: 2, Iteration: 17, Loss: 0.3109367787837982
INFO:root:Epoch: 2, Iteration: 18, Loss: 0.2498100996017456
INFO:root:Epoch: 2, Iteration: 19, Loss: 0.23976053297519684
INFO:root:Epoch: 2, Iteration: 20, Loss: 0.32118597626686096
INFO:root:Epoch: 2, Iteration: 21, Loss: 0.2639859616756439
INFO:root:Validation set mIOU: 68.8199088566014
INFO:root:Epoch: 3, Iteration: 22, Loss: 0.3003595471382141
INFO:root:Epoch: 3, Iteration: 23, Loss: 0.27969852089881897
INFO:root:Epoch: 3, Iteration: 24, Loss: 0.20197883248329163
INFO:root:Epoch: 3, Iteration: 25, Loss: 0.2191978096961975
INFO:root:Epoch: 3, Iteration: 26, Loss: 0.2161715030670166
INFO:root:Epoch: 3, Iteration: 27, Loss: 0.20359133183956146
INFO:root:Epoch: 3, Iteration: 28, Loss: 0.26661697030067444
INFO:root:Validation set mIOU: 74.33680984797279
INFO:root:Epoch: 4, Iteration: 29, Loss: 0.20190751552581787
INFO:root:Epoch: 4, Iteration: 30, Loss: 0.17516246438026428
INFO:root:Epoch: 4, Iteration: 31, Loss: 0.20277151465415955
INFO:root:Epoch: 4, Iteration: 32, Loss: 0.21562953293323517
INFO:root:Epoch: 4, Iteration: 33, Loss: 0.1848837286233902
INFO:root:Epoch: 4, Iteration: 34, Loss: 0.2131611406803131
INFO:root:Epoch: 4, Iteration: 35, Loss: 0.19932812452316284
INFO:root:Validation set mIOU: 76.55680673449922
INFO:root:Epoch: 5, Iteration: 36, Loss: 0.1940947026014328
INFO:root:Epoch: 5, Iteration: 37, Loss: 0.1844702810049057
INFO:root:Epoch: 5, Iteration: 38, Loss: 0.21970924735069275
INFO:root:Epoch: 5, Iteration: 39, Loss: 0.17638473212718964
INFO:root:Epoch: 5, Iteration: 40, Loss: 0.15039058029651642
INFO:root:Epoch: 5, Iteration: 41, Loss: 0.1746630072593689
INFO:root:Epoch: 5, Iteration: 42, Loss: 0.1861944943666458
INFO:root:Validation set mIOU: 76.36708242707027
INFO:root:Epoch: 6, Iteration: 43, Loss: 0.19312092661857605
INFO:root:Epoch: 6, Iteration: 44, Loss: 0.1567024439573288
INFO:root:Epoch: 6, Iteration: 45, Loss: 0.12548673152923584
INFO:root:Epoch: 6, Iteration: 46, Loss: 0.18045154213905334
INFO:root:Epoch: 6, Iteration: 47, Loss: 0.14764130115509033
INFO:root:Epoch: 6, Iteration: 48, Loss: 0.18176749348640442
INFO:root:Epoch: 6, Iteration: 49, Loss: 0.10794487595558167
INFO:root:Validation set mIOU: 79.65356849099132
INFO:root:Epoch: 7, Iteration: 50, Loss: 0.13724564015865326
INFO:root:Epoch: 7, Iteration: 51, Loss: 0.13886307179927826
INFO:root:Epoch: 7, Iteration: 52, Loss: 0.14651116728782654
INFO:root:Epoch: 7, Iteration: 53, Loss: 0.15503698587417603
INFO:root:Epoch: 7, Iteration: 54, Loss: 0.1287173479795456
INFO:root:Epoch: 7, Iteration: 55, Loss: 0.19946816563606262
INFO:root:Epoch: 7, Iteration: 56, Loss: 0.18205921351909637
INFO:root:Validation set mIOU: 79.9917231224177
INFO:root:Epoch: 8, Iteration: 57, Loss: 0.12626150250434875
INFO:root:Epoch: 8, Iteration: 58, Loss: 0.1237417608499527
INFO:root:Epoch: 8, Iteration: 59, Loss: 0.18367789685726166
INFO:root:Epoch: 8, Iteration: 60, Loss: 0.23271338641643524
INFO:root:Epoch: 8, Iteration: 61, Loss: 0.10864158719778061
INFO:root:Epoch: 8, Iteration: 62, Loss: 0.12698686122894287
INFO:root:Epoch: 8, Iteration: 63, Loss: 0.16116933524608612
INFO:root:Validation set mIOU: 79.1323877074184
INFO:root:Epoch: 9, Iteration: 64, Loss: 0.13887709379196167
INFO:root:Epoch: 9, Iteration: 65, Loss: 0.12048443406820297
INFO:root:Epoch: 9, Iteration: 66, Loss: 0.16053757071495056
INFO:root:Epoch: 9, Iteration: 67, Loss: 0.1291370540857315
INFO:root:Epoch: 9, Iteration: 68, Loss: 0.1786785125732422
INFO:root:Epoch: 9, Iteration: 69, Loss: 0.1450468748807907
INFO:root:Epoch: 9, Iteration: 70, Loss: 0.18996568024158478
INFO:root:Validation set mIOU: 81.97556582233841
INFO:root:Epoch: 10, Iteration: 71, Loss: 0.14749285578727722
INFO:root:Epoch: 10, Iteration: 72, Loss: 0.1426129788160324
INFO:root:Epoch: 10, Iteration: 73, Loss: 0.11881754547357559
INFO:root:Epoch: 10, Iteration: 74, Loss: 0.10649150609970093
INFO:root:Epoch: 10, Iteration: 75, Loss: 0.11173868924379349
INFO:root:Epoch: 10, Iteration: 76, Loss: 0.10747040808200836
INFO:root:Epoch: 10, Iteration: 77, Loss: 0.16358566284179688
INFO:root:Validation set mIOU: 82.96076925931803
INFO:root:Epoch: 11, Iteration: 78, Loss: 0.13818250596523285
INFO:root:Epoch: 11, Iteration: 79, Loss: 0.14244121313095093
INFO:root:Epoch: 11, Iteration: 80, Loss: 0.11995995789766312
INFO:root:Epoch: 11, Iteration: 81, Loss: 0.11874919384717941
INFO:root:Epoch: 11, Iteration: 82, Loss: 0.1446225941181183
INFO:root:Epoch: 11, Iteration: 83, Loss: 0.15941627323627472
INFO:root:Epoch: 11, Iteration: 84, Loss: 0.11748416721820831
INFO:root:Validation set mIOU: 81.68641480329727
INFO:root:Epoch: 12, Iteration: 85, Loss: 0.1153443232178688
INFO:root:Epoch: 12, Iteration: 86, Loss: 0.10370409488677979
INFO:root:Epoch: 12, Iteration: 87, Loss: 0.31698697805404663
INFO:root:Epoch: 12, Iteration: 88, Loss: 0.14487408101558685
INFO:root:Epoch: 12, Iteration: 89, Loss: 0.16281180083751678
INFO:root:Epoch: 12, Iteration: 90, Loss: 0.16494150459766388
INFO:root:Epoch: 12, Iteration: 91, Loss: 0.1870836764574051
INFO:root:Validation set mIOU: 81.8250935873334
INFO:root:Epoch: 13, Iteration: 92, Loss: 0.10726802796125412
INFO:root:Epoch: 13, Iteration: 93, Loss: 0.17438490688800812
INFO:root:Epoch: 13, Iteration: 94, Loss: 0.15881791710853577
INFO:root:Epoch: 13, Iteration: 95, Loss: 0.10345995426177979
INFO:root:Epoch: 13, Iteration: 96, Loss: 0.08587615936994553
INFO:root:Epoch: 13, Iteration: 97, Loss: 0.12861643731594086
INFO:root:Epoch: 13, Iteration: 98, Loss: 0.08244923502206802
INFO:root:Validation set mIOU: 83.36229433392694
INFO:root:Epoch: 14, Iteration: 99, Loss: 0.1879550665616989
INFO:root:Epoch: 14, Iteration: 100, Loss: 0.165183424949646
INFO:root:Epoch: 14, Iteration: 101, Loss: 0.12381035834550858
INFO:root:Epoch: 14, Iteration: 102, Loss: 0.13943129777908325
INFO:root:Epoch: 14, Iteration: 103, Loss: 0.09449425339698792
INFO:root:Epoch: 14, Iteration: 104, Loss: 0.13817159831523895
INFO:root:Epoch: 14, Iteration: 105, Loss: 0.13479673862457275
INFO:root:Validation set mIOU: 84.1607026659808
INFO:root:Epoch: 15, Iteration: 106, Loss: 0.11849788576364517
INFO:root:Epoch: 15, Iteration: 107, Loss: 0.11476700007915497
INFO:root:Epoch: 15, Iteration: 108, Loss: 0.1135968565940857
INFO:root:Epoch: 15, Iteration: 109, Loss: 0.16518516838550568
INFO:root:Epoch: 15, Iteration: 110, Loss: 0.1439560353755951
INFO:root:Epoch: 15, Iteration: 111, Loss: 0.11091849207878113
INFO:root:Epoch: 15, Iteration: 112, Loss: 0.1372450441122055
INFO:root:Validation set mIOU: 83.83464211333042
INFO:root:Epoch: 16, Iteration: 113, Loss: 0.14380834996700287
INFO:root:Epoch: 16, Iteration: 114, Loss: 0.13278493285179138
INFO:root:Epoch: 16, Iteration: 115, Loss: 0.10691932588815689
INFO:root:Epoch: 16, Iteration: 116, Loss: 0.12208878248929977
INFO:root:Epoch: 16, Iteration: 117, Loss: 0.10053190588951111
INFO:root:Epoch: 16, Iteration: 118, Loss: 0.15284886956214905
INFO:root:Epoch: 16, Iteration: 119, Loss: 0.11596906185150146
INFO:root:Validation set mIOU: 85.01574385776401
INFO:root:Epoch: 17, Iteration: 120, Loss: 0.17885513603687286
INFO:root:Epoch: 17, Iteration: 121, Loss: 0.12283436208963394
INFO:root:Epoch: 17, Iteration: 122, Loss: 0.11559425294399261
INFO:root:Epoch: 17, Iteration: 123, Loss: 0.11904052644968033
INFO:root:Epoch: 17, Iteration: 124, Loss: 0.1261812001466751
INFO:root:Epoch: 17, Iteration: 125, Loss: 0.11138883233070374
INFO:root:Epoch: 17, Iteration: 126, Loss: 0.08846911787986755
INFO:root:Validation set mIOU: 84.88244424859349
INFO:root:Epoch: 18, Iteration: 127, Loss: 0.11150866746902466
INFO:root:Epoch: 18, Iteration: 128, Loss: 0.10042357444763184
INFO:root:Epoch: 18, Iteration: 129, Loss: 0.11292053759098053
INFO:root:Epoch: 18, Iteration: 130, Loss: 0.09428590536117554
INFO:root:Epoch: 18, Iteration: 131, Loss: 0.09735339879989624
INFO:root:Epoch: 18, Iteration: 132, Loss: 0.11006762832403183
INFO:root:Epoch: 18, Iteration: 133, Loss: 0.1001138687133789
INFO:root:Validation set mIOU: 84.31194021471198
INFO:root:Epoch: 19, Iteration: 134, Loss: 0.16027985513210297
INFO:root:Epoch: 19, Iteration: 135, Loss: 0.10679471492767334
INFO:root:Epoch: 19, Iteration: 136, Loss: 0.11513444781303406
INFO:root:Epoch: 19, Iteration: 137, Loss: 0.09481494873762131
INFO:root:Epoch: 19, Iteration: 138, Loss: 0.10687592625617981
INFO:root:Epoch: 19, Iteration: 139, Loss: 0.08952835202217102
INFO:root:Epoch: 19, Iteration: 140, Loss: 0.1201208233833313
INFO:root:Validation set mIOU: 84.37558108312017
INFO:root:Epoch: 20, Iteration: 141, Loss: 0.1522495001554489
INFO:root:Epoch: 20, Iteration: 142, Loss: 0.12926504015922546
INFO:root:Epoch: 20, Iteration: 143, Loss: 0.09981118887662888
INFO:root:Epoch: 20, Iteration: 144, Loss: 0.11358215659856796
INFO:root:Epoch: 20, Iteration: 145, Loss: 0.10523724555969238
INFO:root:Epoch: 20, Iteration: 146, Loss: 0.09326737374067307
INFO:root:Epoch: 20, Iteration: 147, Loss: 0.09601405262947083
INFO:root:Validation set mIOU: 83.93522400336543
INFO:root:Epoch: 21, Iteration: 148, Loss: 0.09706873446702957
INFO:root:Epoch: 21, Iteration: 149, Loss: 0.09799274802207947
INFO:root:Epoch: 21, Iteration: 150, Loss: 0.1096118614077568
INFO:root:Epoch: 21, Iteration: 151, Loss: 0.10445623099803925
INFO:root:Epoch: 21, Iteration: 152, Loss: 0.09934841096401215
INFO:root:Epoch: 21, Iteration: 153, Loss: 0.09347844868898392
INFO:root:Epoch: 21, Iteration: 154, Loss: 0.116276815533638
INFO:root:Validation set mIOU: 84.14352902824413
INFO:root:Epoch: 22, Iteration: 155, Loss: 0.09466658532619476
INFO:root:Epoch: 22, Iteration: 156, Loss: 0.10531777888536453
INFO:root:Epoch: 22, Iteration: 157, Loss: 0.08854176104068756
INFO:root:Epoch: 22, Iteration: 158, Loss: 0.16354672610759735
INFO:root:Epoch: 22, Iteration: 159, Loss: 0.1015547662973404
INFO:root:Epoch: 22, Iteration: 160, Loss: 0.10302277654409409
INFO:root:Epoch: 22, Iteration: 161, Loss: 0.0916585624217987
INFO:root:Validation set mIOU: 84.24761197144738
INFO:root:Epoch: 23, Iteration: 162, Loss: 0.08787558972835541
INFO:root:Epoch: 23, Iteration: 163, Loss: 0.11203266680240631
INFO:root:Epoch: 23, Iteration: 164, Loss: 0.15316089987754822
INFO:root:Epoch: 23, Iteration: 165, Loss: 0.30736106634140015
INFO:root:Epoch: 23, Iteration: 166, Loss: 0.0790412425994873
INFO:root:Epoch: 23, Iteration: 167, Loss: 0.13944655656814575
INFO:root:Epoch: 23, Iteration: 168, Loss: 0.13597948849201202
INFO:root:Validation set mIOU: 84.37006800190619
INFO:root:Epoch: 24, Iteration: 169, Loss: 0.14719386398792267
INFO:root:Epoch: 24, Iteration: 170, Loss: 0.1396106332540512
INFO:root:Epoch: 24, Iteration: 171, Loss: 0.08516409993171692
INFO:root:Epoch: 24, Iteration: 172, Loss: 0.11957573890686035
INFO:root:Epoch: 24, Iteration: 173, Loss: 0.11893513798713684
INFO:root:Epoch: 24, Iteration: 174, Loss: 0.11238081753253937
INFO:root:Epoch: 24, Iteration: 175, Loss: 0.10374200344085693
INFO:root:Validation set mIOU: 84.31531975145906
INFO:root:Epoch: 25, Iteration: 176, Loss: 0.10101988166570663
INFO:root:Epoch: 25, Iteration: 177, Loss: 0.09023144841194153
INFO:root:Epoch: 25, Iteration: 178, Loss: 0.11955930292606354
INFO:root:Epoch: 25, Iteration: 179, Loss: 0.15242154896259308
INFO:root:Epoch: 25, Iteration: 180, Loss: 0.09961921721696854
INFO:root:Epoch: 25, Iteration: 181, Loss: 0.1380118578672409
INFO:root:Epoch: 25, Iteration: 182, Loss: 0.15929344296455383
INFO:root:Validation set mIOU: 84.07446590955624
INFO:root:Epoch: 26, Iteration: 183, Loss: 0.13725830614566803
INFO:root:Epoch: 26, Iteration: 184, Loss: 0.10648515075445175
INFO:root:Epoch: 26, Iteration: 185, Loss: 0.12659430503845215
INFO:root:Epoch: 26, Iteration: 186, Loss: 0.10630545020103455
INFO:root:Epoch: 26, Iteration: 187, Loss: 0.08840497583150864
INFO:root:Epoch: 26, Iteration: 188, Loss: 0.12068270146846771
INFO:root:Epoch: 26, Iteration: 189, Loss: 0.10675769299268723
INFO:root:Validation set mIOU: 84.31727806883437
INFO:root:Epoch: 27, Iteration: 190, Loss: 0.0859576165676117
INFO:root:Epoch: 27, Iteration: 191, Loss: 0.08582981675863266
INFO:root:Epoch: 27, Iteration: 192, Loss: 0.08165668696165085
INFO:root:Epoch: 27, Iteration: 193, Loss: 0.07849369943141937
INFO:root:Epoch: 27, Iteration: 194, Loss: 0.12582378089427948
INFO:root:Epoch: 27, Iteration: 195, Loss: 0.1055777445435524
INFO:root:Epoch: 27, Iteration: 196, Loss: 0.10212190449237823
INFO:root:Validation set mIOU: 84.2050656183703
INFO:root:Epoch: 28, Iteration: 197, Loss: 0.13492140173912048
INFO:root:Epoch: 28, Iteration: 198, Loss: 0.09825893491506577
INFO:root:Epoch: 28, Iteration: 199, Loss: 0.0970444455742836
INFO:root:Epoch: 28, Iteration: 200, Loss: 0.12420625984668732
INFO:root:Epoch: 28, Iteration: 201, Loss: 0.08255724608898163
INFO:root:Epoch: 28, Iteration: 202, Loss: 0.07295475155115128
INFO:root:Epoch: 28, Iteration: 203, Loss: 0.08989540487527847
INFO:root:Validation set mIOU: 84.77523513332393
INFO:root:Epoch: 29, Iteration: 204, Loss: 0.0865769311785698
INFO:root:Epoch: 29, Iteration: 205, Loss: 0.07953128963708878
INFO:root:Epoch: 29, Iteration: 206, Loss: 0.12283798307180405
INFO:root:Epoch: 29, Iteration: 207, Loss: 0.09027771651744843
INFO:root:Epoch: 29, Iteration: 208, Loss: 0.10337426513433456
INFO:root:Epoch: 29, Iteration: 209, Loss: 0.10492565482854843
INFO:root:Epoch: 29, Iteration: 210, Loss: 0.07525436580181122
INFO:root:Validation set mIOU: 85.39151233045068
INFO:root:Epoch: 30, Iteration: 211, Loss: 0.08882167935371399
INFO:root:Epoch: 30, Iteration: 212, Loss: 0.14424917101860046
INFO:root:Epoch: 30, Iteration: 213, Loss: 0.10175234079360962
INFO:root:Epoch: 30, Iteration: 214, Loss: 0.1200471892952919
INFO:root:Epoch: 30, Iteration: 215, Loss: 0.10759555548429489
INFO:root:Epoch: 30, Iteration: 216, Loss: 0.10160638391971588
INFO:root:Epoch: 30, Iteration: 217, Loss: 0.09604162722826004
INFO:root:Validation set mIOU: 85.36344721901192
INFO:root:Epoch: 31, Iteration: 218, Loss: 0.10765822976827621
INFO:root:Epoch: 31, Iteration: 219, Loss: 0.07843564450740814
INFO:root:Epoch: 31, Iteration: 220, Loss: 0.09860619902610779
INFO:root:Epoch: 31, Iteration: 221, Loss: 0.11248812824487686
INFO:root:Epoch: 31, Iteration: 222, Loss: 0.12876200675964355
INFO:root:Epoch: 31, Iteration: 223, Loss: 0.0783584862947464
INFO:root:Epoch: 31, Iteration: 224, Loss: 0.08202458173036575
INFO:root:Validation set mIOU: 84.72171210800789
INFO:root:Epoch: 32, Iteration: 225, Loss: 0.13205721974372864
INFO:root:Epoch: 32, Iteration: 226, Loss: 0.08388998359441757
INFO:root:Epoch: 32, Iteration: 227, Loss: 0.1042196974158287
INFO:root:Epoch: 32, Iteration: 228, Loss: 0.20547081530094147
INFO:root:Epoch: 32, Iteration: 229, Loss: 0.11310187727212906
INFO:root:Epoch: 32, Iteration: 230, Loss: 0.09739795327186584
INFO:root:Epoch: 32, Iteration: 231, Loss: 0.10816091299057007
INFO:root:Validation set mIOU: 84.3861168120979
INFO:root:Epoch: 33, Iteration: 232, Loss: 0.07258021831512451
INFO:root:Epoch: 33, Iteration: 233, Loss: 0.09154314547777176
INFO:root:Epoch: 33, Iteration: 234, Loss: 0.09910698980093002
INFO:root:Epoch: 33, Iteration: 235, Loss: 0.2724032998085022
INFO:root:Epoch: 33, Iteration: 236, Loss: 0.13428285717964172
INFO:root:Epoch: 33, Iteration: 237, Loss: 0.1429731398820877
INFO:root:Epoch: 33, Iteration: 238, Loss: 0.09806487709283829
INFO:root:Validation set mIOU: 83.7675670366009
INFO:root:Epoch: 34, Iteration: 239, Loss: 0.07982397824525833
INFO:root:Epoch: 34, Iteration: 240, Loss: 0.09264269471168518
INFO:root:Epoch: 34, Iteration: 241, Loss: 0.07548869401216507
INFO:root:Epoch: 34, Iteration: 242, Loss: 0.11610794812440872
INFO:root:Epoch: 34, Iteration: 243, Loss: 0.06927844136953354
INFO:root:Epoch: 34, Iteration: 244, Loss: 0.13652664422988892
INFO:root:Epoch: 34, Iteration: 245, Loss: 0.10764217376708984
INFO:root:Validation set mIOU: 83.96680540011667
INFO:root:Epoch: 35, Iteration: 246, Loss: 0.10306668281555176
INFO:root:Epoch: 35, Iteration: 247, Loss: 0.10449126362800598
INFO:root:Epoch: 35, Iteration: 248, Loss: 0.12255037575960159
INFO:root:Epoch: 35, Iteration: 249, Loss: 0.10760969668626785
INFO:root:Epoch: 35, Iteration: 250, Loss: 0.08854891359806061
INFO:root:Epoch: 35, Iteration: 251, Loss: 0.15019671618938446
INFO:root:Epoch: 35, Iteration: 252, Loss: 0.09588619321584702
INFO:root:Validation set mIOU: 84.33589416463981
INFO:root:Epoch: 36, Iteration: 253, Loss: 0.0842592865228653
INFO:root:Epoch: 36, Iteration: 254, Loss: 0.09120149910449982
INFO:root:Epoch: 36, Iteration: 255, Loss: 0.10385836660861969
INFO:root:Epoch: 36, Iteration: 256, Loss: 0.0881788358092308
INFO:root:Epoch: 36, Iteration: 257, Loss: 0.10395530611276627
INFO:root:Epoch: 36, Iteration: 258, Loss: 0.08592062443494797
INFO:root:Epoch: 36, Iteration: 259, Loss: 0.0764027014374733
INFO:root:Validation set mIOU: 85.21178208615208
INFO:root:Epoch: 37, Iteration: 260, Loss: 0.12049083411693573
INFO:root:Epoch: 37, Iteration: 261, Loss: 0.08970790356397629
INFO:root:Epoch: 37, Iteration: 262, Loss: 0.13412055373191833
INFO:root:Epoch: 37, Iteration: 263, Loss: 0.09264933317899704
INFO:root:Epoch: 37, Iteration: 264, Loss: 0.09332454949617386
INFO:root:Epoch: 37, Iteration: 265, Loss: 0.11560895293951035
INFO:root:Epoch: 37, Iteration: 266, Loss: 0.1071588471531868
INFO:root:Validation set mIOU: 85.21669858255662
INFO:root:Epoch: 38, Iteration: 267, Loss: 0.08150038868188858
INFO:root:Epoch: 38, Iteration: 268, Loss: 0.0885181874036789
INFO:root:Epoch: 38, Iteration: 269, Loss: 0.09718886762857437
INFO:root:Epoch: 38, Iteration: 270, Loss: 0.09522403031587601
INFO:root:Epoch: 38, Iteration: 271, Loss: 0.08306210488080978
INFO:root:Epoch: 38, Iteration: 272, Loss: 0.08557165414094925
INFO:root:Epoch: 38, Iteration: 273, Loss: 0.08402163535356522
INFO:root:Validation set mIOU: 85.23529259127453
INFO:root:Epoch: 39, Iteration: 274, Loss: 0.0981646329164505
INFO:root:Epoch: 39, Iteration: 275, Loss: 0.06636157631874084
INFO:root:Epoch: 39, Iteration: 276, Loss: 0.15097105503082275
INFO:root:Epoch: 39, Iteration: 277, Loss: 0.10801160335540771
INFO:root:Epoch: 39, Iteration: 278, Loss: 0.09028909355401993
INFO:root:Epoch: 39, Iteration: 279, Loss: 0.07242584973573685
INFO:root:Epoch: 39, Iteration: 280, Loss: 0.08774638175964355
INFO:root:Validation set mIOU: 85.08918393471974
INFO:root:Epoch: 40, Iteration: 281, Loss: 0.10871468484401703
INFO:root:Epoch: 40, Iteration: 282, Loss: 0.06586926430463791
INFO:root:Epoch: 40, Iteration: 283, Loss: 0.0954604521393776
INFO:root:Epoch: 40, Iteration: 284, Loss: 0.09193862974643707
INFO:root:Epoch: 40, Iteration: 285, Loss: 0.07047546654939651
INFO:root:Epoch: 40, Iteration: 286, Loss: 0.0849175825715065
INFO:root:Epoch: 40, Iteration: 287, Loss: 0.1106010377407074
INFO:root:Validation set mIOU: 84.8829360260226
INFO:root:Epoch: 41, Iteration: 288, Loss: 0.08459701389074326
INFO:root:Epoch: 41, Iteration: 289, Loss: 0.08591576665639877
INFO:root:Epoch: 41, Iteration: 290, Loss: 0.08344721794128418
INFO:root:Epoch: 41, Iteration: 291, Loss: 0.14079247415065765
INFO:root:Epoch: 41, Iteration: 292, Loss: 0.09622623771429062
INFO:root:Epoch: 41, Iteration: 293, Loss: 0.09031146764755249
INFO:root:Epoch: 41, Iteration: 294, Loss: 0.12502199411392212
INFO:root:Validation set mIOU: 85.42340482774308
INFO:root:Epoch: 42, Iteration: 295, Loss: 0.0939474105834961
INFO:root:Epoch: 42, Iteration: 296, Loss: 0.0707925483584404
INFO:root:Epoch: 42, Iteration: 297, Loss: 0.06758080422878265
INFO:root:Epoch: 42, Iteration: 298, Loss: 0.08798019587993622
INFO:root:Epoch: 42, Iteration: 299, Loss: 0.07337868958711624
INFO:root:Epoch: 42, Iteration: 300, Loss: 0.1292313188314438
INFO:root:Epoch: 42, Iteration: 301, Loss: 0.09122803807258606
INFO:root:Validation set mIOU: 85.34206387057101
INFO:root:Epoch: 43, Iteration: 302, Loss: 0.0694650262594223
INFO:root:Epoch: 43, Iteration: 303, Loss: 0.10899230092763901
INFO:root:Epoch: 43, Iteration: 304, Loss: 0.07444484531879425
INFO:root:Epoch: 43, Iteration: 305, Loss: 0.07173988223075867
INFO:root:Epoch: 43, Iteration: 306, Loss: 0.08192224055528641
INFO:root:Epoch: 43, Iteration: 307, Loss: 0.1043350026011467
INFO:root:Epoch: 43, Iteration: 308, Loss: 0.07731828838586807
INFO:root:Validation set mIOU: 85.46022605777117
INFO:root:Epoch: 44, Iteration: 309, Loss: 0.0980556458234787
INFO:root:Epoch: 44, Iteration: 310, Loss: 0.10998185724020004
INFO:root:Epoch: 44, Iteration: 311, Loss: 0.0867215171456337
INFO:root:Epoch: 44, Iteration: 312, Loss: 0.1066189855337143
INFO:root:Epoch: 44, Iteration: 313, Loss: 0.10902395844459534
INFO:root:Epoch: 44, Iteration: 314, Loss: 0.08629707247018814
INFO:root:Epoch: 44, Iteration: 315, Loss: 0.11135915666818619
INFO:root:Validation set mIOU: 85.40025008909782
INFO:root:Epoch: 45, Iteration: 316, Loss: 0.0603334866464138
INFO:root:Epoch: 45, Iteration: 317, Loss: 0.06703004986047745
INFO:root:Epoch: 45, Iteration: 318, Loss: 0.07011572271585464
INFO:root:Epoch: 45, Iteration: 319, Loss: 0.07919922471046448
INFO:root:Epoch: 45, Iteration: 320, Loss: 0.07627300173044205
INFO:root:Epoch: 45, Iteration: 321, Loss: 0.18743261694908142
INFO:root:Epoch: 45, Iteration: 322, Loss: 0.09484191983938217
INFO:root:Validation set mIOU: 85.79238446768646
INFO:root:Epoch: 46, Iteration: 323, Loss: 0.08655724674463272
INFO:root:Epoch: 46, Iteration: 324, Loss: 0.0828658938407898
INFO:root:Epoch: 46, Iteration: 325, Loss: 0.0840107724070549
INFO:root:Epoch: 46, Iteration: 326, Loss: 0.06692111492156982
INFO:root:Epoch: 46, Iteration: 327, Loss: 0.12109488248825073
INFO:root:Epoch: 46, Iteration: 328, Loss: 0.08398322016000748
INFO:root:Epoch: 46, Iteration: 329, Loss: 0.07329543679952621
INFO:root:Validation set mIOU: 86.04860645656763
INFO:root:Epoch: 47, Iteration: 330, Loss: 0.10913527011871338
INFO:root:Epoch: 47, Iteration: 331, Loss: 0.08497525751590729
INFO:root:Epoch: 47, Iteration: 332, Loss: 0.09608791023492813
INFO:root:Epoch: 47, Iteration: 333, Loss: 0.09952325373888016
INFO:root:Epoch: 47, Iteration: 334, Loss: 0.09860928356647491
INFO:root:Epoch: 47, Iteration: 335, Loss: 0.08879377692937851
INFO:root:Epoch: 47, Iteration: 336, Loss: 0.12506750226020813
INFO:root:Validation set mIOU: 85.76959860726402
INFO:root:Epoch: 48, Iteration: 337, Loss: 0.10868850350379944
INFO:root:Epoch: 48, Iteration: 338, Loss: 0.071818508207798
INFO:root:Epoch: 48, Iteration: 339, Loss: 0.06911496073007584
INFO:root:Epoch: 48, Iteration: 340, Loss: 0.07761314511299133
INFO:root:Epoch: 48, Iteration: 341, Loss: 0.08990231156349182
INFO:root:Epoch: 48, Iteration: 342, Loss: 0.08146516233682632
INFO:root:Epoch: 48, Iteration: 343, Loss: 0.12079519778490067
INFO:root:Validation set mIOU: 86.16261629933355
INFO:root:Epoch: 49, Iteration: 344, Loss: 0.11864308267831802
INFO:root:Epoch: 49, Iteration: 345, Loss: 0.07977572083473206
INFO:root:Epoch: 49, Iteration: 346, Loss: 0.08681108802556992
INFO:root:Epoch: 49, Iteration: 347, Loss: 0.07846499979496002
INFO:root:Epoch: 49, Iteration: 348, Loss: 0.07927591353654861
INFO:root:Epoch: 49, Iteration: 349, Loss: 0.08561022579669952
INFO:root:Epoch: 49, Iteration: 350, Loss: 0.09670565277338028
INFO:root:Validation set mIOU: 86.14079141578004
INFO:root:Epoch: 50, Iteration: 351, Loss: 0.11425019055604935
INFO:root:Epoch: 50, Iteration: 352, Loss: 0.09666961431503296
INFO:root:Epoch: 50, Iteration: 353, Loss: 0.1262367069721222
INFO:root:Epoch: 50, Iteration: 354, Loss: 0.07903581857681274
INFO:root:Epoch: 50, Iteration: 355, Loss: 0.08829159289598465
INFO:root:Epoch: 50, Iteration: 356, Loss: 0.07566897571086884
INFO:root:Epoch: 50, Iteration: 357, Loss: 0.07569602131843567
INFO:root:Validation set mIOU: 86.35664982315954
INFO:root:Epoch: 51, Iteration: 358, Loss: 0.0930309072136879
INFO:root:Epoch: 51, Iteration: 359, Loss: 0.07092159241437912
INFO:root:Epoch: 51, Iteration: 360, Loss: 0.1274985820055008
INFO:root:Epoch: 51, Iteration: 361, Loss: 0.08856961131095886
INFO:root:Epoch: 51, Iteration: 362, Loss: 0.07626529037952423
INFO:root:Epoch: 51, Iteration: 363, Loss: 0.08527330309152603
INFO:root:Epoch: 51, Iteration: 364, Loss: 0.08308013528585434
INFO:root:Validation set mIOU: 85.84990943666217
INFO:root:Epoch: 52, Iteration: 365, Loss: 0.07321688532829285
INFO:root:Epoch: 52, Iteration: 366, Loss: 0.08783608675003052
INFO:root:Epoch: 52, Iteration: 367, Loss: 0.11015298217535019
INFO:root:Epoch: 52, Iteration: 368, Loss: 0.11250253766775131
INFO:root:Epoch: 52, Iteration: 369, Loss: 0.06144234910607338
INFO:root:Epoch: 52, Iteration: 370, Loss: 0.12478724867105484
INFO:root:Epoch: 52, Iteration: 371, Loss: 0.09452235698699951
INFO:root:Validation set mIOU: 85.6265293888677
INFO:root:Epoch: 53, Iteration: 372, Loss: 0.08517546206712723
INFO:root:Epoch: 53, Iteration: 373, Loss: 0.12786753475666046
INFO:root:Epoch: 53, Iteration: 374, Loss: 0.10370974242687225
INFO:root:Epoch: 53, Iteration: 375, Loss: 0.07898052036762238
INFO:root:Epoch: 53, Iteration: 376, Loss: 0.10850296169519424
INFO:root:Epoch: 53, Iteration: 377, Loss: 0.06521786749362946
INFO:root:Epoch: 53, Iteration: 378, Loss: 0.1067853644490242
INFO:root:Validation set mIOU: 85.87898201353092
INFO:root:Epoch: 54, Iteration: 379, Loss: 0.06825745105743408
INFO:root:Epoch: 54, Iteration: 380, Loss: 0.08890319615602493
INFO:root:Epoch: 54, Iteration: 381, Loss: 0.092562735080719
INFO:root:Epoch: 54, Iteration: 382, Loss: 0.13447052240371704
INFO:root:Epoch: 54, Iteration: 383, Loss: 0.08613844960927963
INFO:root:Epoch: 54, Iteration: 384, Loss: 0.09718316793441772
INFO:root:Epoch: 54, Iteration: 385, Loss: 0.069097600877285
INFO:root:Validation set mIOU: 85.90414875276467
INFO:root:Epoch: 55, Iteration: 386, Loss: 0.09595540910959244
INFO:root:Epoch: 55, Iteration: 387, Loss: 0.07706192880868912
INFO:root:Epoch: 55, Iteration: 388, Loss: 0.07193222641944885
INFO:root:Epoch: 55, Iteration: 389, Loss: 0.0763147696852684
INFO:root:Epoch: 55, Iteration: 390, Loss: 0.08577883243560791
INFO:root:Epoch: 55, Iteration: 391, Loss: 0.09127703309059143
INFO:root:Epoch: 55, Iteration: 392, Loss: 0.0941687747836113
INFO:root:Validation set mIOU: 85.92375372280229
INFO:root:Epoch: 56, Iteration: 393, Loss: 0.09851738065481186
INFO:root:Epoch: 56, Iteration: 394, Loss: 0.0786418467760086
INFO:root:Epoch: 56, Iteration: 395, Loss: 0.07249824702739716
INFO:root:Epoch: 56, Iteration: 396, Loss: 0.07888482511043549
INFO:root:Epoch: 56, Iteration: 397, Loss: 0.08778665214776993
INFO:root:Epoch: 56, Iteration: 398, Loss: 0.15805639326572418
INFO:root:Epoch: 56, Iteration: 399, Loss: 0.07564625144004822
INFO:root:Validation set mIOU: 85.91191849220588
INFO:root:Epoch: 57, Iteration: 400, Loss: 0.11051715165376663
INFO:root:Epoch: 57, Iteration: 401, Loss: 0.08512340486049652
INFO:root:Epoch: 57, Iteration: 402, Loss: 0.07663105428218842
INFO:root:Epoch: 57, Iteration: 403, Loss: 0.08592842519283295
INFO:root:Epoch: 57, Iteration: 404, Loss: 0.08961408585309982
INFO:root:Epoch: 57, Iteration: 405, Loss: 0.07929477095603943
INFO:root:Epoch: 57, Iteration: 406, Loss: 0.1461157649755478
INFO:root:Validation set mIOU: 85.96640131815664
INFO:root:Epoch: 58, Iteration: 407, Loss: 0.12807342410087585
INFO:root:Epoch: 58, Iteration: 408, Loss: 0.09309634566307068
INFO:root:Epoch: 58, Iteration: 409, Loss: 0.07631213217973709
INFO:root:Epoch: 58, Iteration: 410, Loss: 0.10256308317184448
INFO:root:Epoch: 58, Iteration: 411, Loss: 0.10265663266181946
INFO:root:Epoch: 58, Iteration: 412, Loss: 0.11282561719417572
INFO:root:Epoch: 58, Iteration: 413, Loss: 0.07817280292510986
INFO:root:Validation set mIOU: 85.69618972742124
INFO:root:Epoch: 59, Iteration: 414, Loss: 0.0814552754163742
INFO:root:Epoch: 59, Iteration: 415, Loss: 0.08234625309705734
INFO:root:Epoch: 59, Iteration: 416, Loss: 0.05080965906381607
INFO:root:Epoch: 59, Iteration: 417, Loss: 0.08442472666501999
INFO:root:Epoch: 59, Iteration: 418, Loss: 0.08465491235256195
INFO:root:Epoch: 59, Iteration: 419, Loss: 0.09276068955659866
INFO:root:Epoch: 59, Iteration: 420, Loss: 0.11411765962839127
INFO:root:Validation set mIOU: 85.8382779707744
INFO:root:Epoch: 60, Iteration: 421, Loss: 0.0755043476819992
INFO:root:Epoch: 60, Iteration: 422, Loss: 0.07351592928171158
INFO:root:Epoch: 60, Iteration: 423, Loss: 0.10120119154453278
INFO:root:Epoch: 60, Iteration: 424, Loss: 0.07398927956819534
INFO:root:Epoch: 60, Iteration: 425, Loss: 0.07826032489538193
INFO:root:Epoch: 60, Iteration: 426, Loss: 0.07879865169525146
INFO:root:Epoch: 60, Iteration: 427, Loss: 0.07695861905813217
INFO:root:Validation set mIOU: 85.94306925750574
INFO:root:Epoch: 61, Iteration: 428, Loss: 0.09193139523267746
INFO:root:Epoch: 61, Iteration: 429, Loss: 0.05877453461289406
INFO:root:Epoch: 61, Iteration: 430, Loss: 0.1215389147400856
INFO:root:Epoch: 61, Iteration: 431, Loss: 0.09532982856035233
INFO:root:Epoch: 61, Iteration: 432, Loss: 0.05320066213607788
INFO:root:Epoch: 61, Iteration: 433, Loss: 0.07478711009025574
INFO:root:Epoch: 61, Iteration: 434, Loss: 0.09997998923063278
INFO:root:Validation set mIOU: 86.40427934987726
INFO:root:Epoch: 62, Iteration: 435, Loss: 0.06383882462978363
INFO:root:Epoch: 62, Iteration: 436, Loss: 0.09962402284145355
INFO:root:Epoch: 62, Iteration: 437, Loss: 0.07585372030735016
INFO:root:Epoch: 62, Iteration: 438, Loss: 0.07544822245836258
INFO:root:Epoch: 62, Iteration: 439, Loss: 0.08612541109323502
INFO:root:Epoch: 62, Iteration: 440, Loss: 0.0914086326956749
INFO:root:Epoch: 62, Iteration: 441, Loss: 0.07505573332309723
INFO:root:Validation set mIOU: 86.55370733255297
INFO:root:Epoch: 63, Iteration: 442, Loss: 0.07497967779636383
INFO:root:Epoch: 63, Iteration: 443, Loss: 0.07778606563806534
INFO:root:Epoch: 63, Iteration: 444, Loss: 0.0818222165107727
INFO:root:Epoch: 63, Iteration: 445, Loss: 0.0776943638920784
INFO:root:Epoch: 63, Iteration: 446, Loss: 0.06056876853108406
INFO:root:Epoch: 63, Iteration: 447, Loss: 0.09679009765386581
INFO:root:Epoch: 63, Iteration: 448, Loss: 0.07207982242107391
INFO:root:Validation set mIOU: 86.25080219265286
INFO:root:Epoch: 64, Iteration: 449, Loss: 0.06690508127212524
INFO:root:Epoch: 64, Iteration: 450, Loss: 0.09083863347768784
INFO:root:Epoch: 64, Iteration: 451, Loss: 0.0912814736366272
INFO:root:Epoch: 64, Iteration: 452, Loss: 0.09679029136896133
INFO:root:Epoch: 64, Iteration: 453, Loss: 0.1015092134475708
INFO:root:Epoch: 64, Iteration: 454, Loss: 0.09383441507816315
INFO:root:Epoch: 64, Iteration: 455, Loss: 0.07662133872509003
INFO:root:Validation set mIOU: 86.21453151431537
INFO:root:Epoch: 65, Iteration: 456, Loss: 0.09312226623296738
INFO:root:Epoch: 65, Iteration: 457, Loss: 0.07629765570163727
INFO:root:Epoch: 65, Iteration: 458, Loss: 0.08768711984157562
INFO:root:Epoch: 65, Iteration: 459, Loss: 0.08705419301986694
INFO:root:Epoch: 65, Iteration: 460, Loss: 0.11237768083810806
INFO:root:Epoch: 65, Iteration: 461, Loss: 0.09174502640962601
INFO:root:Epoch: 65, Iteration: 462, Loss: 0.08965817838907242
INFO:root:Validation set mIOU: 86.3547168713494
INFO:root:Epoch: 66, Iteration: 463, Loss: 0.08243060857057571
INFO:root:Epoch: 66, Iteration: 464, Loss: 0.08917125314474106
INFO:root:Epoch: 66, Iteration: 465, Loss: 0.07687985897064209
INFO:root:Epoch: 66, Iteration: 466, Loss: 0.08036568760871887
INFO:root:Epoch: 66, Iteration: 467, Loss: 0.08747909963130951
INFO:root:Epoch: 66, Iteration: 468, Loss: 0.08917564153671265
INFO:root:Epoch: 66, Iteration: 469, Loss: 0.09159044176340103
INFO:root:Validation set mIOU: 86.5585037758524
INFO:root:Epoch: 67, Iteration: 470, Loss: 0.08921243250370026
INFO:root:Epoch: 67, Iteration: 471, Loss: 0.08298221975564957
INFO:root:Epoch: 67, Iteration: 472, Loss: 0.05914100259542465
INFO:root:Epoch: 67, Iteration: 473, Loss: 0.0764642134308815
INFO:root:Epoch: 67, Iteration: 474, Loss: 0.1179860308766365
INFO:root:Epoch: 67, Iteration: 475, Loss: 0.10903261601924896
INFO:root:Epoch: 67, Iteration: 476, Loss: 0.07102277874946594
INFO:root:Validation set mIOU: 86.51842573741894
INFO:root:Epoch: 68, Iteration: 477, Loss: 0.08827074617147446
INFO:root:Epoch: 68, Iteration: 478, Loss: 0.07579419761896133
INFO:root:Epoch: 68, Iteration: 479, Loss: 0.08695343881845474
INFO:root:Epoch: 68, Iteration: 480, Loss: 0.08833658695220947
INFO:root:Epoch: 68, Iteration: 481, Loss: 0.0805295929312706
INFO:root:Epoch: 68, Iteration: 482, Loss: 0.06961634755134583
INFO:root:Epoch: 68, Iteration: 483, Loss: 0.14593036472797394
INFO:root:Validation set mIOU: 85.96610074627739
INFO:root:Epoch: 69, Iteration: 484, Loss: 0.06603628396987915
INFO:root:Epoch: 69, Iteration: 485, Loss: 0.06697270274162292
INFO:root:Epoch: 69, Iteration: 486, Loss: 0.09410053491592407
INFO:root:Epoch: 69, Iteration: 487, Loss: 0.07269972562789917
INFO:root:Epoch: 69, Iteration: 488, Loss: 0.10366584360599518
INFO:root:Epoch: 69, Iteration: 489, Loss: 0.07503443956375122
INFO:root:Epoch: 69, Iteration: 490, Loss: 0.10881650447845459
INFO:root:Validation set mIOU: 85.64200634325732
INFO:root:Epoch: 70, Iteration: 491, Loss: 0.11450108140707016
INFO:root:Epoch: 70, Iteration: 492, Loss: 0.061077866703271866
INFO:root:Epoch: 70, Iteration: 493, Loss: 0.11102072149515152
INFO:root:Epoch: 70, Iteration: 494, Loss: 0.07090573757886887
INFO:root:Epoch: 70, Iteration: 495, Loss: 0.08215592801570892
INFO:root:Epoch: 70, Iteration: 496, Loss: 0.07726661115884781
INFO:root:Epoch: 70, Iteration: 497, Loss: 0.07169149816036224
INFO:root:Validation set mIOU: 86.08158785594809
INFO:root:Epoch: 71, Iteration: 498, Loss: 0.0512416735291481
INFO:root:Epoch: 71, Iteration: 499, Loss: 0.0861048698425293
INFO:root:Epoch: 71, Iteration: 500, Loss: 0.08318322896957397
INFO:root:Epoch: 71, Iteration: 501, Loss: 0.08029507845640182
INFO:root:Epoch: 71, Iteration: 502, Loss: 0.08096271008253098
INFO:root:Epoch: 71, Iteration: 503, Loss: 0.07435454428195953
INFO:root:Epoch: 71, Iteration: 504, Loss: 0.06874743103981018
INFO:root:Validation set mIOU: 86.07645703533451
INFO:root:Epoch: 72, Iteration: 505, Loss: 0.11549997329711914
INFO:root:Epoch: 72, Iteration: 506, Loss: 0.08282134681940079
INFO:root:Epoch: 72, Iteration: 507, Loss: 0.06275865435600281
INFO:root:Epoch: 72, Iteration: 508, Loss: 0.07256532460451126
INFO:root:Epoch: 72, Iteration: 509, Loss: 0.0804925486445427
INFO:root:Epoch: 72, Iteration: 510, Loss: 0.06557169556617737
INFO:root:Epoch: 72, Iteration: 511, Loss: 0.0715753585100174
INFO:root:Validation set mIOU: 86.71987967368989
INFO:root:Epoch: 73, Iteration: 512, Loss: 0.08771462738513947
INFO:root:Epoch: 73, Iteration: 513, Loss: 0.09662313759326935
INFO:root:Epoch: 73, Iteration: 514, Loss: 0.08513636142015457
INFO:root:Epoch: 73, Iteration: 515, Loss: 0.06845683604478836
INFO:root:Epoch: 73, Iteration: 516, Loss: 0.09032431989908218
INFO:root:Epoch: 73, Iteration: 517, Loss: 0.0701538547873497
INFO:root:Epoch: 73, Iteration: 518, Loss: 0.07873004674911499
INFO:root:Validation set mIOU: 86.85589591971134
INFO:root:Epoch: 74, Iteration: 519, Loss: 0.07671405375003815
INFO:root:Epoch: 74, Iteration: 520, Loss: 0.07160419225692749
INFO:root:Epoch: 74, Iteration: 521, Loss: 0.0723465234041214
INFO:root:Epoch: 74, Iteration: 522, Loss: 0.0577661506831646
INFO:root:Epoch: 74, Iteration: 523, Loss: 0.09948722273111343
INFO:root:Epoch: 74, Iteration: 524, Loss: 0.09069237112998962
INFO:root:Epoch: 74, Iteration: 525, Loss: 0.14931364357471466
INFO:root:Validation set mIOU: 86.4212978346423
INFO:root:Epoch: 75, Iteration: 526, Loss: 0.10383789986371994
INFO:root:Epoch: 75, Iteration: 527, Loss: 0.08279988169670105
INFO:root:Epoch: 75, Iteration: 528, Loss: 0.09456123411655426
INFO:root:Epoch: 75, Iteration: 529, Loss: 0.10824079066514969
INFO:root:Epoch: 75, Iteration: 530, Loss: 0.09062256664037704
INFO:root:Epoch: 75, Iteration: 531, Loss: 0.11312542110681534
INFO:root:Epoch: 75, Iteration: 532, Loss: 0.07006257027387619
INFO:root:Validation set mIOU: 86.36873284579701
INFO:root:Epoch: 76, Iteration: 533, Loss: 0.06554128974676132
INFO:root:Epoch: 76, Iteration: 534, Loss: 0.08584871143102646
INFO:root:Epoch: 76, Iteration: 535, Loss: 0.08524134010076523
INFO:root:Epoch: 76, Iteration: 536, Loss: 0.07194190472364426
INFO:root:Epoch: 76, Iteration: 537, Loss: 0.10286340862512589
INFO:root:Epoch: 76, Iteration: 538, Loss: 0.08494343608617783
INFO:root:Epoch: 76, Iteration: 539, Loss: 0.08379451930522919
INFO:root:Validation set mIOU: 86.66415680565916
INFO:root:Epoch: 77, Iteration: 540, Loss: 0.07200406491756439
INFO:root:Epoch: 77, Iteration: 541, Loss: 0.08628862351179123
INFO:root:Epoch: 77, Iteration: 542, Loss: 0.10725050419569016
INFO:root:Epoch: 77, Iteration: 543, Loss: 0.11679786443710327
INFO:root:Epoch: 77, Iteration: 544, Loss: 0.06566235423088074
INFO:root:Epoch: 77, Iteration: 545, Loss: 0.07216133922338486
INFO:root:Epoch: 77, Iteration: 546, Loss: 0.07796068489551544
INFO:root:Validation set mIOU: 86.54438158627626
INFO:root:Epoch: 78, Iteration: 547, Loss: 0.07471053302288055
INFO:root:Epoch: 78, Iteration: 548, Loss: 0.10923050343990326
INFO:root:Epoch: 78, Iteration: 549, Loss: 0.0962604507803917
INFO:root:Epoch: 78, Iteration: 550, Loss: 0.07464185357093811
INFO:root:Epoch: 78, Iteration: 551, Loss: 0.09298918396234512
INFO:root:Epoch: 78, Iteration: 552, Loss: 0.07387092709541321
INFO:root:Epoch: 78, Iteration: 553, Loss: 0.06744546443223953
INFO:root:Validation set mIOU: 86.18795256583809
INFO:root:Epoch: 79, Iteration: 554, Loss: 0.09484540671110153
INFO:root:Epoch: 79, Iteration: 555, Loss: 0.050410736352205276
INFO:root:Epoch: 79, Iteration: 556, Loss: 0.14481620490550995
INFO:root:Epoch: 79, Iteration: 557, Loss: 0.07872019708156586
INFO:root:Epoch: 79, Iteration: 558, Loss: 0.06761559844017029
INFO:root:Epoch: 79, Iteration: 559, Loss: 0.13914379477500916
INFO:root:Epoch: 79, Iteration: 560, Loss: 0.0573769174516201
INFO:root:Validation set mIOU: 86.01141614031786
INFO:root:Epoch: 80, Iteration: 561, Loss: 0.07190868258476257
INFO:root:Epoch: 80, Iteration: 562, Loss: 0.10283194482326508
INFO:root:Epoch: 80, Iteration: 563, Loss: 0.09830804914236069
INFO:root:Epoch: 80, Iteration: 564, Loss: 0.0792829841375351
INFO:root:Epoch: 80, Iteration: 565, Loss: 0.06010553240776062
INFO:root:Epoch: 80, Iteration: 566, Loss: 0.07809548079967499
INFO:root:Epoch: 80, Iteration: 567, Loss: 0.08764015883207321
INFO:root:Validation set mIOU: 85.76741131083232
INFO:root:Epoch: 81, Iteration: 568, Loss: 0.07758039236068726
INFO:root:Epoch: 81, Iteration: 569, Loss: 0.0771343931555748
INFO:root:Epoch: 81, Iteration: 570, Loss: 0.06886491179466248
INFO:root:Epoch: 81, Iteration: 571, Loss: 0.06069415807723999
INFO:root:Epoch: 81, Iteration: 572, Loss: 0.1157570332288742
INFO:root:Epoch: 81, Iteration: 573, Loss: 0.1036912053823471
INFO:root:Epoch: 81, Iteration: 574, Loss: 0.07074751704931259
INFO:root:Validation set mIOU: 86.21752719887206
INFO:root:Epoch: 82, Iteration: 575, Loss: 0.07023180276155472
INFO:root:Epoch: 82, Iteration: 576, Loss: 0.07530267536640167
INFO:root:Epoch: 82, Iteration: 577, Loss: 0.0752599760890007
INFO:root:Epoch: 82, Iteration: 578, Loss: 0.06059511750936508
INFO:root:Epoch: 82, Iteration: 579, Loss: 0.06367702037096024
INFO:root:Epoch: 82, Iteration: 580, Loss: 0.06867215782403946
INFO:root:Epoch: 82, Iteration: 581, Loss: 0.07290627062320709
INFO:root:Validation set mIOU: 86.28820765408149
INFO:root:Epoch: 83, Iteration: 582, Loss: 0.06627127528190613
INFO:root:Epoch: 83, Iteration: 583, Loss: 0.08665124326944351
INFO:root:Epoch: 83, Iteration: 584, Loss: 0.11054832488298416
INFO:root:Epoch: 83, Iteration: 585, Loss: 0.09837079048156738
INFO:root:Epoch: 83, Iteration: 586, Loss: 0.062466707080602646
INFO:root:Epoch: 83, Iteration: 587, Loss: 0.06111185625195503
INFO:root:Epoch: 83, Iteration: 588, Loss: 0.09429308772087097
INFO:root:Validation set mIOU: 86.32366678743351
INFO:root:Epoch: 84, Iteration: 589, Loss: 0.10765475779771805
INFO:root:Epoch: 84, Iteration: 590, Loss: 0.09591569006443024
INFO:root:Epoch: 84, Iteration: 591, Loss: 0.08033760637044907
INFO:root:Epoch: 84, Iteration: 592, Loss: 0.05994759127497673
INFO:root:Epoch: 84, Iteration: 593, Loss: 0.11513865739107132
INFO:root:Epoch: 84, Iteration: 594, Loss: 0.07528730481863022
INFO:root:Epoch: 84, Iteration: 595, Loss: 0.09625309705734253
INFO:root:Validation set mIOU: 86.44366081716429
INFO:root:Epoch: 85, Iteration: 596, Loss: 0.06465531885623932
INFO:root:Epoch: 85, Iteration: 597, Loss: 0.060593340545892715
INFO:root:Epoch: 85, Iteration: 598, Loss: 0.08338560909032822
INFO:root:Epoch: 85, Iteration: 599, Loss: 0.08997534215450287
INFO:root:Epoch: 85, Iteration: 600, Loss: 0.07023245841264725
INFO:root:Epoch: 85, Iteration: 601, Loss: 0.08404827862977982
INFO:root:Epoch: 85, Iteration: 602, Loss: 0.10480886697769165
INFO:root:Validation set mIOU: 86.2560934061667
INFO:root:Epoch: 86, Iteration: 603, Loss: 0.059514399617910385
INFO:root:Epoch: 86, Iteration: 604, Loss: 0.0985475406050682
INFO:root:Epoch: 86, Iteration: 605, Loss: 0.06815595179796219
INFO:root:Epoch: 86, Iteration: 606, Loss: 0.06807970255613327
INFO:root:Epoch: 86, Iteration: 607, Loss: 0.09378725290298462
INFO:root:Epoch: 86, Iteration: 608, Loss: 0.0832524374127388
INFO:root:Epoch: 86, Iteration: 609, Loss: 0.0688878670334816
INFO:root:Validation set mIOU: 86.11530921740244
INFO:root:Epoch: 87, Iteration: 610, Loss: 0.0672464519739151
INFO:root:Epoch: 87, Iteration: 611, Loss: 0.0710357204079628
INFO:root:Epoch: 87, Iteration: 612, Loss: 0.10164062678813934
INFO:root:Epoch: 87, Iteration: 613, Loss: 0.07498224079608917
INFO:root:Epoch: 87, Iteration: 614, Loss: 0.09587253630161285
INFO:root:Epoch: 87, Iteration: 615, Loss: 0.059660881757736206
INFO:root:Epoch: 87, Iteration: 616, Loss: 0.06739391386508942
INFO:root:Validation set mIOU: 85.92390681933864
INFO:root:Epoch: 88, Iteration: 617, Loss: 0.07650637626647949
INFO:root:Epoch: 88, Iteration: 618, Loss: 0.0782640129327774
INFO:root:Epoch: 88, Iteration: 619, Loss: 0.061667997390031815
INFO:root:Epoch: 88, Iteration: 620, Loss: 0.06618917733430862
INFO:root:Epoch: 88, Iteration: 621, Loss: 0.09580649435520172
INFO:root:Epoch: 88, Iteration: 622, Loss: 0.0692092627286911
INFO:root:Epoch: 88, Iteration: 623, Loss: 0.08095180988311768
INFO:root:Validation set mIOU: 85.80771800616373
INFO:root:Epoch: 89, Iteration: 624, Loss: 0.06491586565971375
INFO:root:Epoch: 89, Iteration: 625, Loss: 0.07655682414770126
INFO:root:Epoch: 89, Iteration: 626, Loss: 0.08835868537425995
INFO:root:Epoch: 89, Iteration: 627, Loss: 0.06196705251932144
INFO:root:Epoch: 89, Iteration: 628, Loss: 0.06816904246807098
INFO:root:Epoch: 89, Iteration: 629, Loss: 0.10294805467128754
INFO:root:Epoch: 89, Iteration: 630, Loss: 0.07482347637414932
INFO:root:Validation set mIOU: 85.77154683375618
INFO:root:Epoch: 90, Iteration: 631, Loss: 0.0907524898648262
INFO:root:Epoch: 90, Iteration: 632, Loss: 0.06495460122823715
INFO:root:Epoch: 90, Iteration: 633, Loss: 0.05916024371981621
INFO:root:Epoch: 90, Iteration: 634, Loss: 0.0659324899315834
INFO:root:Epoch: 90, Iteration: 635, Loss: 0.1379222571849823
INFO:root:Epoch: 90, Iteration: 636, Loss: 0.07585687935352325
INFO:root:Epoch: 90, Iteration: 637, Loss: 0.08534932881593704
INFO:root:Validation set mIOU: 86.0414711795031
INFO:root:Epoch: 91, Iteration: 638, Loss: 0.06080096215009689
INFO:root:Epoch: 91, Iteration: 639, Loss: 0.10327658802270889
INFO:root:Epoch: 91, Iteration: 640, Loss: 0.06351672112941742
INFO:root:Epoch: 91, Iteration: 641, Loss: 0.09170703589916229
INFO:root:Epoch: 91, Iteration: 642, Loss: 0.06949161738157272
INFO:root:Epoch: 91, Iteration: 643, Loss: 0.052904412150382996
INFO:root:Epoch: 91, Iteration: 644, Loss: 0.06316754221916199
INFO:root:Validation set mIOU: 86.03566187443154
INFO:root:Epoch: 92, Iteration: 645, Loss: 0.0785985216498375
INFO:root:Epoch: 92, Iteration: 646, Loss: 0.07773968577384949
INFO:root:Epoch: 92, Iteration: 647, Loss: 0.12417329847812653
INFO:root:Epoch: 92, Iteration: 648, Loss: 0.07552988082170486
INFO:root:Epoch: 92, Iteration: 649, Loss: 0.08266382664442062
INFO:root:Epoch: 92, Iteration: 650, Loss: 0.07379709929227829
INFO:root:Epoch: 92, Iteration: 651, Loss: 0.0817752480506897
INFO:root:Validation set mIOU: 86.0882856396855
INFO:root:Epoch: 93, Iteration: 652, Loss: 0.08973821252584457
INFO:root:Epoch: 93, Iteration: 653, Loss: 0.10081904381513596
INFO:root:Epoch: 93, Iteration: 654, Loss: 0.05535856634378433
INFO:root:Epoch: 93, Iteration: 655, Loss: 0.07140380889177322
INFO:root:Epoch: 93, Iteration: 656, Loss: 0.06664595007896423
INFO:root:Epoch: 93, Iteration: 657, Loss: 0.08078105747699738
INFO:root:Epoch: 93, Iteration: 658, Loss: 0.10154006630182266
INFO:root:Validation set mIOU: 86.09391905115592
INFO:root:Epoch: 94, Iteration: 659, Loss: 0.09445185959339142
INFO:root:Epoch: 94, Iteration: 660, Loss: 0.1378486603498459
INFO:root:Epoch: 94, Iteration: 661, Loss: 0.09051096439361572
INFO:root:Epoch: 94, Iteration: 662, Loss: 0.08260652422904968
INFO:root:Epoch: 94, Iteration: 663, Loss: 0.07192037254571915
INFO:root:Epoch: 94, Iteration: 664, Loss: 0.06918589025735855
INFO:root:Epoch: 94, Iteration: 665, Loss: 0.08522152900695801
INFO:root:Validation set mIOU: 86.19190506429591
INFO:root:Epoch: 95, Iteration: 666, Loss: 0.06051944941282272
INFO:root:Epoch: 95, Iteration: 667, Loss: 0.0643564984202385
INFO:root:Epoch: 95, Iteration: 668, Loss: 0.0793817937374115
INFO:root:Epoch: 95, Iteration: 669, Loss: 0.06290264427661896
INFO:root:Epoch: 95, Iteration: 670, Loss: 0.06484119594097137
INFO:root:Epoch: 95, Iteration: 671, Loss: 0.10147027671337128
INFO:root:Epoch: 95, Iteration: 672, Loss: 0.08219332993030548
INFO:root:Validation set mIOU: 86.21396658722459
INFO:root:Epoch: 96, Iteration: 673, Loss: 0.06572553515434265
INFO:root:Epoch: 96, Iteration: 674, Loss: 0.0859001949429512
INFO:root:Epoch: 96, Iteration: 675, Loss: 0.07244116812944412
INFO:root:Epoch: 96, Iteration: 676, Loss: 0.060984693467617035
INFO:root:Epoch: 96, Iteration: 677, Loss: 0.1248469278216362
INFO:root:Epoch: 96, Iteration: 678, Loss: 0.05961458384990692
INFO:root:Epoch: 96, Iteration: 679, Loss: 0.07415241003036499
INFO:root:Validation set mIOU: 86.39232941200436
INFO:root:Epoch: 97, Iteration: 680, Loss: 0.08551333844661713
INFO:root:Epoch: 97, Iteration: 681, Loss: 0.07739036530256271
INFO:root:Epoch: 97, Iteration: 682, Loss: 0.06678832322359085
INFO:root:Epoch: 97, Iteration: 683, Loss: 0.0873243659734726
INFO:root:Epoch: 97, Iteration: 684, Loss: 0.08303434401750565
INFO:root:Epoch: 97, Iteration: 685, Loss: 0.09476394951343536
INFO:root:Epoch: 97, Iteration: 686, Loss: 0.0774446576833725
INFO:root:Validation set mIOU: 86.45383403449158
INFO:root:Epoch: 98, Iteration: 687, Loss: 0.08070201426744461
INFO:root:Epoch: 98, Iteration: 688, Loss: 0.09586722403764725
INFO:root:Epoch: 98, Iteration: 689, Loss: 0.0598248727619648
INFO:root:Epoch: 98, Iteration: 690, Loss: 0.0630740225315094
INFO:root:Epoch: 98, Iteration: 691, Loss: 0.06142440810799599
INFO:root:Epoch: 98, Iteration: 692, Loss: 0.0744752287864685
INFO:root:Epoch: 98, Iteration: 693, Loss: 0.08891933411359787
INFO:root:Validation set mIOU: 86.57240399835753
INFO:root:Epoch: 99, Iteration: 694, Loss: 0.08252224326133728
INFO:root:Epoch: 99, Iteration: 695, Loss: 0.07218196988105774
INFO:root:Epoch: 99, Iteration: 696, Loss: 0.0863892212510109
INFO:root:Epoch: 99, Iteration: 697, Loss: 0.08480439335107803
INFO:root:Epoch: 99, Iteration: 698, Loss: 0.0658581480383873
INFO:root:Epoch: 99, Iteration: 699, Loss: 0.06394162774085999
INFO:root:Epoch: 99, Iteration: 700, Loss: 0.08745389431715012
INFO:root:Validation set mIOU: 86.67769377386423
