INFO:root:{'addition': 'no_noisy',
 'backbone': 'resnet50',
 'batch_size': 16,
 'batch_size_consistency': 16,
 'conf_thres': 0.95,
 'config': 'configs/dataset2.yaml',
 'consistency_training': False,
 'crop_size': 320,
 'data_root': './',
 'dataset': 'dataset2',
 'epochs': 100,
 'labeled_id_path': 'dataset/splits/dataset2/1_4/split_no_noisy/labeled.txt',
 'lr': 0.0009,
 'model': 'deeplabv3plus',
 'ngpus': 1,
 'plus': False,
 'pseudo_consistency_mask_path': None,
 'pseudo_mask_path': 'outdir/pseudo_masks/dataset2/1_4/split_no_noisy/deeplabv3plus/resnet50/no_noisy/self_training/non_consistency_training/second_time',
 'rand_thres': 0.8,
 'reliable_id_path': None,
 'save_path': 'outdir/models/dataset2/1_4/split_no_noisy/deeplabv3plus/resnet50/no_noisy/self_training/non_consistency_training/second_time',
 'time': 2,
 'unlabeled_id_path': 'dataset/splits/dataset2/1_4/split_no_noisy/unlabeled.txt',
 'warm_up': 30}

INFO:root:Training supervised with consistency on unlabeled images
INFO:root:Epoch: 0, Iteration: 1, Loss: 1.1455519199371338
INFO:root:Epoch: 0, Iteration: 2, Loss: 1.0860669612884521
INFO:root:Validation set mIOU: 3.2439956781448447
INFO:root:Epoch: 1, Iteration: 3, Loss: 0.9676306247711182
INFO:root:Epoch: 1, Iteration: 4, Loss: 0.8653097748756409
INFO:root:Validation set mIOU: 35.192241168860086
INFO:root:Epoch: 2, Iteration: 5, Loss: 0.7523324489593506
INFO:root:Epoch: 2, Iteration: 6, Loss: 0.6746901273727417
INFO:root:Validation set mIOU: 25.451709714310272
INFO:root:Epoch: 3, Iteration: 7, Loss: 0.5227964520454407
INFO:root:Epoch: 3, Iteration: 8, Loss: 0.4353092908859253
INFO:root:Validation set mIOU: 29.147448536165726
INFO:root:Epoch: 4, Iteration: 9, Loss: 0.4326682388782501
INFO:root:Epoch: 4, Iteration: 10, Loss: 0.36080944538116455
INFO:root:Validation set mIOU: 53.013903923355755
INFO:root:Epoch: 5, Iteration: 11, Loss: 0.3265649378299713
INFO:root:Epoch: 5, Iteration: 12, Loss: 0.27014875411987305
INFO:root:Validation set mIOU: 64.46634785630305
INFO:root:Epoch: 6, Iteration: 13, Loss: 0.23391009867191315
INFO:root:Epoch: 6, Iteration: 14, Loss: 0.25543466210365295
INFO:root:Validation set mIOU: 69.67825330006717
INFO:root:Epoch: 7, Iteration: 15, Loss: 0.21676971018314362
INFO:root:Epoch: 7, Iteration: 16, Loss: 0.31997373700141907
INFO:root:Validation set mIOU: 73.47724171070573
INFO:root:Epoch: 8, Iteration: 17, Loss: 0.21537697315216064
INFO:root:Epoch: 8, Iteration: 18, Loss: 0.17238126695156097
INFO:root:Validation set mIOU: 74.81530325177354
INFO:root:Epoch: 9, Iteration: 19, Loss: 0.191395103931427
INFO:root:Epoch: 9, Iteration: 20, Loss: 0.21795319020748138
INFO:root:Validation set mIOU: 75.95437239142724
INFO:root:Epoch: 10, Iteration: 21, Loss: 0.18527202308177948
INFO:root:Epoch: 10, Iteration: 22, Loss: 0.16701748967170715
INFO:root:Validation set mIOU: 76.29706993267443
INFO:root:Epoch: 11, Iteration: 23, Loss: 0.18503443896770477
INFO:root:Epoch: 11, Iteration: 24, Loss: 0.13303174078464508
INFO:root:Validation set mIOU: 76.8286249154243
INFO:root:Epoch: 12, Iteration: 25, Loss: 0.16333375871181488
INFO:root:Epoch: 12, Iteration: 26, Loss: 0.14780421555042267
INFO:root:Validation set mIOU: 77.014103051935
INFO:root:Epoch: 13, Iteration: 27, Loss: 0.1598540097475052
INFO:root:Epoch: 13, Iteration: 28, Loss: 0.15805403888225555
INFO:root:Validation set mIOU: 76.68024650420605
INFO:root:Epoch: 14, Iteration: 29, Loss: 0.15547168254852295
INFO:root:Epoch: 14, Iteration: 30, Loss: 0.18752968311309814
INFO:root:Validation set mIOU: 77.37057312755594
INFO:root:Epoch: 15, Iteration: 31, Loss: 0.11400843411684036
INFO:root:Epoch: 15, Iteration: 32, Loss: 0.12125784158706665
INFO:root:Validation set mIOU: 76.98221916281868
INFO:root:Epoch: 16, Iteration: 33, Loss: 0.11018594354391098
INFO:root:Epoch: 16, Iteration: 34, Loss: 0.14336760342121124
INFO:root:Validation set mIOU: 77.52394612512012
INFO:root:Epoch: 17, Iteration: 35, Loss: 0.12794651091098785
INFO:root:Epoch: 17, Iteration: 36, Loss: 0.09990620613098145
INFO:root:Validation set mIOU: 78.84216715616516
INFO:root:Epoch: 18, Iteration: 37, Loss: 0.09583759307861328
INFO:root:Epoch: 18, Iteration: 38, Loss: 0.11346909403800964
INFO:root:Validation set mIOU: 81.08545096281355
INFO:root:Epoch: 19, Iteration: 39, Loss: 0.0992656946182251
INFO:root:Epoch: 19, Iteration: 40, Loss: 0.08706120401620865
INFO:root:Validation set mIOU: 82.27314005268592
INFO:root:Epoch: 20, Iteration: 41, Loss: 0.09537247568368912
INFO:root:Epoch: 20, Iteration: 42, Loss: 0.09010196477174759
INFO:root:Validation set mIOU: 82.70019829379267
INFO:root:Epoch: 21, Iteration: 43, Loss: 0.1313406527042389
INFO:root:Epoch: 21, Iteration: 44, Loss: 0.10623255372047424
INFO:root:Validation set mIOU: 82.85540490913883
INFO:root:Epoch: 22, Iteration: 45, Loss: 0.11652771383523941
INFO:root:Epoch: 22, Iteration: 46, Loss: 0.10604777932167053
INFO:root:Validation set mIOU: 82.94578332979712
INFO:root:Epoch: 23, Iteration: 47, Loss: 0.11237141489982605
INFO:root:Epoch: 23, Iteration: 48, Loss: 0.08509179949760437
INFO:root:Validation set mIOU: 83.12811283290222
INFO:root:Epoch: 24, Iteration: 49, Loss: 0.07504159957170486
INFO:root:Epoch: 24, Iteration: 50, Loss: 0.09731458127498627
INFO:root:Validation set mIOU: 83.19195772922772
INFO:root:Epoch: 25, Iteration: 51, Loss: 0.09667561203241348
INFO:root:Epoch: 25, Iteration: 52, Loss: 0.07761841267347336
INFO:root:Validation set mIOU: 83.23158394727287
INFO:root:Epoch: 26, Iteration: 53, Loss: 0.0980975553393364
INFO:root:Epoch: 26, Iteration: 54, Loss: 0.08194147795438766
INFO:root:Validation set mIOU: 83.31973142655492
INFO:root:Epoch: 27, Iteration: 55, Loss: 0.08698061853647232
INFO:root:Epoch: 27, Iteration: 56, Loss: 0.07567062228918076
INFO:root:Validation set mIOU: 83.3814082276883
INFO:root:Epoch: 28, Iteration: 57, Loss: 0.1041906550526619
INFO:root:Epoch: 28, Iteration: 58, Loss: 0.0927671268582344
INFO:root:Validation set mIOU: 83.15418173109141
INFO:root:Epoch: 29, Iteration: 59, Loss: 0.07331312447786331
INFO:root:Epoch: 29, Iteration: 60, Loss: 0.09714879840612411
INFO:root:Validation set mIOU: 83.26616580295814
INFO:root:Epoch: 30, Iteration: 61, Loss: 0.09128572046756744
INFO:root:Epoch: 30, Iteration: 62, Loss: 0.08308257162570953
INFO:root:Validation set mIOU: 82.72908605024503
INFO:root:Epoch: 31, Iteration: 63, Loss: 0.08440084755420685
INFO:root:Epoch: 31, Iteration: 64, Loss: 0.10843681544065475
INFO:root:Validation set mIOU: 82.2140035336336
INFO:root:Epoch: 32, Iteration: 65, Loss: 0.09631066769361496
INFO:root:Epoch: 32, Iteration: 66, Loss: 0.11931771039962769
INFO:root:Validation set mIOU: 82.23931574012052
INFO:root:Epoch: 33, Iteration: 67, Loss: 0.07518647611141205
INFO:root:Epoch: 33, Iteration: 68, Loss: 0.08702840656042099
INFO:root:Validation set mIOU: 82.5339350586879
INFO:root:Epoch: 34, Iteration: 69, Loss: 0.08616838604211807
INFO:root:Epoch: 34, Iteration: 70, Loss: 0.06625525653362274
INFO:root:Validation set mIOU: 83.13001383694026
INFO:root:Epoch: 35, Iteration: 71, Loss: 0.09370221942663193
INFO:root:Epoch: 35, Iteration: 72, Loss: 0.09554250538349152
INFO:root:Validation set mIOU: 83.3490792925057
INFO:root:Epoch: 36, Iteration: 73, Loss: 0.08435370028018951
INFO:root:Epoch: 36, Iteration: 74, Loss: 0.07028623670339584
INFO:root:Validation set mIOU: 83.72471668750933
INFO:root:Epoch: 37, Iteration: 75, Loss: 0.09295569360256195
INFO:root:Epoch: 37, Iteration: 76, Loss: 0.07062269747257233
INFO:root:Validation set mIOU: 83.95567577694906
INFO:root:Epoch: 38, Iteration: 77, Loss: 0.08028208464384079
INFO:root:Epoch: 38, Iteration: 78, Loss: 0.0685717910528183
INFO:root:Validation set mIOU: 83.98448406618377
INFO:root:Epoch: 39, Iteration: 79, Loss: 0.09863907098770142
INFO:root:Epoch: 39, Iteration: 80, Loss: 0.06609469652175903
INFO:root:Validation set mIOU: 83.86429766096484
INFO:root:Epoch: 40, Iteration: 81, Loss: 0.09051825851202011
INFO:root:Epoch: 40, Iteration: 82, Loss: 0.05849633738398552
INFO:root:Validation set mIOU: 83.86622883939326
INFO:root:Epoch: 41, Iteration: 83, Loss: 0.07116248458623886
INFO:root:Epoch: 41, Iteration: 84, Loss: 0.06541534513235092
INFO:root:Validation set mIOU: 84.1000599067837
INFO:root:Epoch: 42, Iteration: 85, Loss: 0.05997335538268089
INFO:root:Epoch: 42, Iteration: 86, Loss: 0.07881800830364227
INFO:root:Validation set mIOU: 84.0473863750971
INFO:root:Epoch: 43, Iteration: 87, Loss: 0.06458444148302078
INFO:root:Epoch: 43, Iteration: 88, Loss: 0.09434094280004501
INFO:root:Validation set mIOU: 84.20038894395519
INFO:root:Epoch: 44, Iteration: 89, Loss: 0.06708502024412155
INFO:root:Epoch: 44, Iteration: 90, Loss: 0.06310664117336273
INFO:root:Validation set mIOU: 84.41382130030705
INFO:root:Epoch: 45, Iteration: 91, Loss: 0.06163405254483223
INFO:root:Epoch: 45, Iteration: 92, Loss: 0.08121723681688309
INFO:root:Validation set mIOU: 84.4257338250861
INFO:root:Epoch: 46, Iteration: 93, Loss: 0.07061285525560379
INFO:root:Epoch: 46, Iteration: 94, Loss: 0.08589404076337814
INFO:root:Validation set mIOU: 84.16834143718147
INFO:root:Epoch: 47, Iteration: 95, Loss: 0.06582584977149963
INFO:root:Epoch: 47, Iteration: 96, Loss: 0.06248689815402031
INFO:root:Validation set mIOU: 84.11415336822576
INFO:root:Epoch: 48, Iteration: 97, Loss: 0.08666843920946121
INFO:root:Epoch: 48, Iteration: 98, Loss: 0.06888608634471893
INFO:root:Validation set mIOU: 84.01421079355737
INFO:root:Epoch: 49, Iteration: 99, Loss: 0.06689000874757767
INFO:root:Epoch: 49, Iteration: 100, Loss: 0.06499700993299484
INFO:root:Validation set mIOU: 83.97336503292821
INFO:root:Epoch: 50, Iteration: 101, Loss: 0.05739632993936539
INFO:root:Epoch: 50, Iteration: 102, Loss: 0.058647915720939636
INFO:root:Validation set mIOU: 84.14947696382956
INFO:root:Epoch: 51, Iteration: 103, Loss: 0.062145404517650604
INFO:root:Epoch: 51, Iteration: 104, Loss: 0.06567267328500748
INFO:root:Validation set mIOU: 84.03733102136304
INFO:root:Epoch: 52, Iteration: 105, Loss: 0.06368450820446014
INFO:root:Epoch: 52, Iteration: 106, Loss: 0.061581894755363464
INFO:root:Validation set mIOU: 84.02438464517782
INFO:root:Epoch: 53, Iteration: 107, Loss: 0.06441706418991089
INFO:root:Epoch: 53, Iteration: 108, Loss: 0.059735365211963654
INFO:root:Validation set mIOU: 84.03941923801752
INFO:root:Epoch: 54, Iteration: 109, Loss: 0.07222232967615128
INFO:root:Epoch: 54, Iteration: 110, Loss: 0.06417722254991531
INFO:root:Validation set mIOU: 83.99546650253158
INFO:root:Epoch: 55, Iteration: 111, Loss: 0.06600834429264069
INFO:root:Epoch: 55, Iteration: 112, Loss: 0.06730348616838455
INFO:root:Validation set mIOU: 84.02976049711506
INFO:root:Epoch: 56, Iteration: 113, Loss: 0.05816508084535599
INFO:root:Epoch: 56, Iteration: 114, Loss: 0.058330073952674866
INFO:root:Validation set mIOU: 84.08455910188263
INFO:root:Epoch: 57, Iteration: 115, Loss: 0.05130160599946976
INFO:root:Epoch: 57, Iteration: 116, Loss: 0.06972630321979523
INFO:root:Validation set mIOU: 84.08739852853078
INFO:root:Epoch: 58, Iteration: 117, Loss: 0.0522698350250721
INFO:root:Epoch: 58, Iteration: 118, Loss: 0.05820297449827194
INFO:root:Validation set mIOU: 84.15922673464365
INFO:root:Epoch: 59, Iteration: 119, Loss: 0.06982660293579102
INFO:root:Epoch: 59, Iteration: 120, Loss: 0.09582323580980301
INFO:root:Validation set mIOU: 83.92485937515222
INFO:root:Epoch: 60, Iteration: 121, Loss: 0.07392435520887375
INFO:root:Epoch: 60, Iteration: 122, Loss: 0.10138324648141861
INFO:root:Validation set mIOU: 83.87673617329122
INFO:root:Epoch: 61, Iteration: 123, Loss: 0.06316094100475311
INFO:root:Epoch: 61, Iteration: 124, Loss: 0.05804775282740593
INFO:root:Validation set mIOU: 83.88869142693518
INFO:root:Epoch: 62, Iteration: 125, Loss: 0.0713309720158577
INFO:root:Epoch: 62, Iteration: 126, Loss: 0.060195717960596085
INFO:root:Validation set mIOU: 83.83791456891147
INFO:root:Epoch: 63, Iteration: 127, Loss: 0.05733561888337135
INFO:root:Epoch: 63, Iteration: 128, Loss: 0.0651949793100357
INFO:root:Validation set mIOU: 83.86609313686598
INFO:root:Epoch: 64, Iteration: 129, Loss: 0.06001166254281998
INFO:root:Epoch: 64, Iteration: 130, Loss: 0.06780655682086945
INFO:root:Validation set mIOU: 84.01507628465453
INFO:root:Epoch: 65, Iteration: 131, Loss: 0.058148209005594254
INFO:root:Epoch: 65, Iteration: 132, Loss: 0.05960040166974068
INFO:root:Validation set mIOU: 84.22333881539708
INFO:root:Epoch: 66, Iteration: 133, Loss: 0.0628209039568901
INFO:root:Epoch: 66, Iteration: 134, Loss: 0.06004077196121216
INFO:root:Validation set mIOU: 84.45732625659448
INFO:root:Epoch: 67, Iteration: 135, Loss: 0.06077469140291214
INFO:root:Epoch: 67, Iteration: 136, Loss: 0.0606316402554512
INFO:root:Validation set mIOU: 84.65910333039447
INFO:root:Epoch: 68, Iteration: 137, Loss: 0.06130973622202873
INFO:root:Epoch: 68, Iteration: 138, Loss: 0.07203659415245056
INFO:root:Validation set mIOU: 84.81743538171122
INFO:root:Epoch: 69, Iteration: 139, Loss: 0.06508872658014297
INFO:root:Epoch: 69, Iteration: 140, Loss: 0.06425032764673233
INFO:root:Validation set mIOU: 84.79974325549219
INFO:root:Epoch: 70, Iteration: 141, Loss: 0.07440877705812454
INFO:root:Epoch: 70, Iteration: 142, Loss: 0.07302641123533249
INFO:root:Validation set mIOU: 84.71066561884984
INFO:root:Epoch: 71, Iteration: 143, Loss: 0.05433204770088196
INFO:root:Epoch: 71, Iteration: 144, Loss: 0.07565813511610031
INFO:root:Validation set mIOU: 84.89078378219314
INFO:root:Epoch: 72, Iteration: 145, Loss: 0.0934092327952385
INFO:root:Epoch: 72, Iteration: 146, Loss: 0.06089509651064873
INFO:root:Validation set mIOU: 84.96765961225407
INFO:root:Epoch: 73, Iteration: 147, Loss: 0.08843089640140533
INFO:root:Epoch: 73, Iteration: 148, Loss: 0.061917196959257126
INFO:root:Validation set mIOU: 84.90579454107801
INFO:root:Epoch: 74, Iteration: 149, Loss: 0.06215023249387741
INFO:root:Epoch: 74, Iteration: 150, Loss: 0.06139310076832771
INFO:root:Validation set mIOU: 84.9098991513321
INFO:root:Epoch: 75, Iteration: 151, Loss: 0.09079175442457199
INFO:root:Epoch: 75, Iteration: 152, Loss: 0.05112680792808533
INFO:root:Validation set mIOU: 84.89879403621234
INFO:root:Epoch: 76, Iteration: 153, Loss: 0.059778645634651184
INFO:root:Epoch: 76, Iteration: 154, Loss: 0.0822884663939476
INFO:root:Validation set mIOU: 84.85285806935542
INFO:root:Epoch: 77, Iteration: 155, Loss: 0.060499366372823715
INFO:root:Epoch: 77, Iteration: 156, Loss: 0.06532514840364456
INFO:root:Validation set mIOU: 84.52320555699706
INFO:root:Epoch: 78, Iteration: 157, Loss: 0.06089888513088226
INFO:root:Epoch: 78, Iteration: 158, Loss: 0.0648646205663681
INFO:root:Validation set mIOU: 84.54527838821964
INFO:root:Epoch: 79, Iteration: 159, Loss: 0.06833212822675705
INFO:root:Epoch: 79, Iteration: 160, Loss: 0.0527040958404541
INFO:root:Validation set mIOU: 84.53349126440219
INFO:root:Epoch: 80, Iteration: 161, Loss: 0.06433512270450592
INFO:root:Epoch: 80, Iteration: 162, Loss: 0.056765418499708176
INFO:root:Validation set mIOU: 84.52005915548794
INFO:root:Epoch: 81, Iteration: 163, Loss: 0.05476534366607666
INFO:root:Epoch: 81, Iteration: 164, Loss: 0.07585780322551727
INFO:root:Validation set mIOU: 84.57323268969526
INFO:root:Epoch: 82, Iteration: 165, Loss: 0.060997504740953445
INFO:root:Epoch: 82, Iteration: 166, Loss: 0.05104098469018936
INFO:root:Validation set mIOU: 84.52546833136914
INFO:root:Epoch: 83, Iteration: 167, Loss: 0.05821128934621811
INFO:root:Epoch: 83, Iteration: 168, Loss: 0.06057446449995041
INFO:root:Validation set mIOU: 84.4305428037103
INFO:root:Epoch: 84, Iteration: 169, Loss: 0.06626124680042267
INFO:root:Epoch: 84, Iteration: 170, Loss: 0.058065805584192276
INFO:root:Validation set mIOU: 84.43144790331127
INFO:root:Epoch: 85, Iteration: 171, Loss: 0.07509695738554001
INFO:root:Epoch: 85, Iteration: 172, Loss: 0.06164994463324547
INFO:root:Validation set mIOU: 84.4316079948241
INFO:root:Epoch: 86, Iteration: 173, Loss: 0.05722856521606445
INFO:root:Epoch: 86, Iteration: 174, Loss: 0.06484220921993256
INFO:root:Validation set mIOU: 84.32299193930449
INFO:root:Epoch: 87, Iteration: 175, Loss: 0.04974966496229172
INFO:root:Epoch: 87, Iteration: 176, Loss: 0.06693626940250397
INFO:root:Validation set mIOU: 84.35784012729913
INFO:root:Epoch: 88, Iteration: 177, Loss: 0.052975255995988846
INFO:root:Epoch: 88, Iteration: 178, Loss: 0.06743884086608887
INFO:root:Validation set mIOU: 84.50390753330606
INFO:root:Epoch: 89, Iteration: 179, Loss: 0.05227699130773544
INFO:root:Epoch: 89, Iteration: 180, Loss: 0.060605958104133606
INFO:root:Validation set mIOU: 84.58981795450656
INFO:root:Epoch: 90, Iteration: 181, Loss: 0.05428456515073776
INFO:root:Epoch: 90, Iteration: 182, Loss: 0.06001408025622368
INFO:root:Validation set mIOU: 84.7178140715465
INFO:root:Epoch: 91, Iteration: 183, Loss: 0.06174001470208168
INFO:root:Epoch: 91, Iteration: 184, Loss: 0.06611704081296921
INFO:root:Validation set mIOU: 84.71073475085574
INFO:root:Epoch: 92, Iteration: 185, Loss: 0.07442504167556763
INFO:root:Epoch: 92, Iteration: 186, Loss: 0.06938248872756958
INFO:root:Validation set mIOU: 84.80061729339515
INFO:root:Epoch: 93, Iteration: 187, Loss: 0.0466662272810936
INFO:root:Epoch: 93, Iteration: 188, Loss: 0.05662240460515022
INFO:root:Validation set mIOU: 84.8118080088606
INFO:root:Epoch: 94, Iteration: 189, Loss: 0.0525076687335968
INFO:root:Epoch: 94, Iteration: 190, Loss: 0.06144288554787636
INFO:root:Validation set mIOU: 84.64488808790136
INFO:root:Epoch: 95, Iteration: 191, Loss: 0.07020193338394165
INFO:root:Epoch: 95, Iteration: 192, Loss: 0.06563050299882889
INFO:root:Validation set mIOU: 84.53356643482768
INFO:root:Epoch: 96, Iteration: 193, Loss: 0.05412328988313675
INFO:root:Epoch: 96, Iteration: 194, Loss: 0.06962596625089645
INFO:root:Validation set mIOU: 84.42836401731951
INFO:root:Epoch: 97, Iteration: 195, Loss: 0.079774871468544
INFO:root:Epoch: 97, Iteration: 196, Loss: 0.05032103508710861
INFO:root:Validation set mIOU: 84.38190780781643
INFO:root:Epoch: 98, Iteration: 197, Loss: 0.061377644538879395
INFO:root:Epoch: 98, Iteration: 198, Loss: 0.046854615211486816
INFO:root:Validation set mIOU: 84.40430981520146
INFO:root:Epoch: 99, Iteration: 199, Loss: 0.06132316589355469
INFO:root:Epoch: 99, Iteration: 200, Loss: 0.059747930616140366
INFO:root:Validation set mIOU: 84.32053321697764
INFO:root:Semi-training
INFO:root:Epoch: 0, Iteration: 1, Loss: 1.0272663831710815
INFO:root:Epoch: 0, Iteration: 2, Loss: 0.9160345196723938
INFO:root:Epoch: 0, Iteration: 3, Loss: 0.8334291577339172
INFO:root:Epoch: 0, Iteration: 4, Loss: 0.7744598388671875
INFO:root:Epoch: 0, Iteration: 5, Loss: 0.70488440990448
INFO:root:Epoch: 0, Iteration: 6, Loss: 0.6378279328346252
INFO:root:Epoch: 0, Iteration: 7, Loss: 0.5502065420150757
INFO:root:Validation set mIOU: 27.90408264317495
INFO:root:Epoch: 1, Iteration: 8, Loss: 0.46381309628486633
INFO:root:Epoch: 1, Iteration: 9, Loss: 0.43856337666511536
INFO:root:Epoch: 1, Iteration: 10, Loss: 0.47233617305755615
INFO:root:Epoch: 1, Iteration: 11, Loss: 0.35866159200668335
INFO:root:Epoch: 1, Iteration: 12, Loss: 0.5043531060218811
INFO:root:Epoch: 1, Iteration: 13, Loss: 0.4552931785583496
INFO:root:Epoch: 1, Iteration: 14, Loss: 0.32274937629699707
INFO:root:Validation set mIOU: 55.713097152733184
INFO:root:Epoch: 2, Iteration: 15, Loss: 0.3194878399372101
INFO:root:Epoch: 2, Iteration: 16, Loss: 0.25725483894348145
INFO:root:Epoch: 2, Iteration: 17, Loss: 0.2869536876678467
INFO:root:Epoch: 2, Iteration: 18, Loss: 0.24041703343391418
INFO:root:Epoch: 2, Iteration: 19, Loss: 0.2833801209926605
INFO:root:Epoch: 2, Iteration: 20, Loss: 0.22976411879062653
INFO:root:Epoch: 2, Iteration: 21, Loss: 0.28997382521629333
INFO:root:Validation set mIOU: 61.78766695273562
INFO:root:Epoch: 3, Iteration: 22, Loss: 0.2174273580312729
INFO:root:Epoch: 3, Iteration: 23, Loss: 0.22168737649917603
INFO:root:Epoch: 3, Iteration: 24, Loss: 0.25309470295906067
INFO:root:Epoch: 3, Iteration: 25, Loss: 0.23378707468509674
INFO:root:Epoch: 3, Iteration: 26, Loss: 0.21398726105690002
INFO:root:Epoch: 3, Iteration: 27, Loss: 0.22429773211479187
INFO:root:Epoch: 3, Iteration: 28, Loss: 0.16200979053974152
INFO:root:Validation set mIOU: 70.15512198008341
INFO:root:Epoch: 4, Iteration: 29, Loss: 0.24616676568984985
INFO:root:Epoch: 4, Iteration: 30, Loss: 0.19662858545780182
INFO:root:Epoch: 4, Iteration: 31, Loss: 0.22781871259212494
INFO:root:Epoch: 4, Iteration: 32, Loss: 0.1682506799697876
INFO:root:Epoch: 4, Iteration: 33, Loss: 0.2000768631696701
INFO:root:Epoch: 4, Iteration: 34, Loss: 0.33681216835975647
INFO:root:Epoch: 4, Iteration: 35, Loss: 0.14690832793712616
INFO:root:Validation set mIOU: 75.92888778048791
INFO:root:Epoch: 5, Iteration: 36, Loss: 0.15614989399909973
INFO:root:Epoch: 5, Iteration: 37, Loss: 0.21992327272891998
INFO:root:Epoch: 5, Iteration: 38, Loss: 0.17954443395137787
INFO:root:Epoch: 5, Iteration: 39, Loss: 0.13702265918254852
INFO:root:Epoch: 5, Iteration: 40, Loss: 0.15457430481910706
INFO:root:Epoch: 5, Iteration: 41, Loss: 0.12461411207914352
INFO:root:Epoch: 5, Iteration: 42, Loss: 0.19792170822620392
INFO:root:Validation set mIOU: 72.1554872482451
INFO:root:Epoch: 6, Iteration: 43, Loss: 0.1998411864042282
INFO:root:Epoch: 6, Iteration: 44, Loss: 0.16890472173690796
INFO:root:Epoch: 6, Iteration: 45, Loss: 0.2793618440628052
INFO:root:Epoch: 6, Iteration: 46, Loss: 0.11892621219158173
INFO:root:Epoch: 6, Iteration: 47, Loss: 0.1430264264345169
INFO:root:Epoch: 6, Iteration: 48, Loss: 0.12604676187038422
INFO:root:Epoch: 6, Iteration: 49, Loss: 0.15995551645755768
INFO:root:Validation set mIOU: 79.82027432140514
INFO:root:Epoch: 7, Iteration: 50, Loss: 0.12548430263996124
INFO:root:Epoch: 7, Iteration: 51, Loss: 0.17056123912334442
INFO:root:Epoch: 7, Iteration: 52, Loss: 0.15546779334545135
INFO:root:Epoch: 7, Iteration: 53, Loss: 0.13751789927482605
INFO:root:Epoch: 7, Iteration: 54, Loss: 0.15762068331241608
INFO:root:Epoch: 7, Iteration: 55, Loss: 0.14799433946609497
INFO:root:Epoch: 7, Iteration: 56, Loss: 0.14484474062919617
INFO:root:Validation set mIOU: 82.90709818601533
INFO:root:Epoch: 8, Iteration: 57, Loss: 0.23266258835792542
INFO:root:Epoch: 8, Iteration: 58, Loss: 0.11680642515420914
INFO:root:Epoch: 8, Iteration: 59, Loss: 0.16104024648666382
INFO:root:Epoch: 8, Iteration: 60, Loss: 0.21524402499198914
INFO:root:Epoch: 8, Iteration: 61, Loss: 0.1548031121492386
INFO:root:Epoch: 8, Iteration: 62, Loss: 0.23959828913211823
INFO:root:Epoch: 8, Iteration: 63, Loss: 0.16313773393630981
INFO:root:Validation set mIOU: 83.29818588027491
INFO:root:Epoch: 9, Iteration: 64, Loss: 0.18095965683460236
INFO:root:Epoch: 9, Iteration: 65, Loss: 0.1044098287820816
INFO:root:Epoch: 9, Iteration: 66, Loss: 0.1669521927833557
INFO:root:Epoch: 9, Iteration: 67, Loss: 0.15430399775505066
INFO:root:Epoch: 9, Iteration: 68, Loss: 0.15822920203208923
INFO:root:Epoch: 9, Iteration: 69, Loss: 0.13856413960456848
INFO:root:Epoch: 9, Iteration: 70, Loss: 0.120366171002388
INFO:root:Validation set mIOU: 79.54800494138775
INFO:root:Epoch: 10, Iteration: 71, Loss: 0.2920804023742676
INFO:root:Epoch: 10, Iteration: 72, Loss: 0.133164182305336
INFO:root:Epoch: 10, Iteration: 73, Loss: 0.17583367228507996
INFO:root:Epoch: 10, Iteration: 74, Loss: 0.14212171733379364
INFO:root:Epoch: 10, Iteration: 75, Loss: 0.12827461957931519
INFO:root:Epoch: 10, Iteration: 76, Loss: 0.12948016822338104
INFO:root:Epoch: 10, Iteration: 77, Loss: 0.1729457527399063
INFO:root:Validation set mIOU: 82.6967066276766
INFO:root:Epoch: 11, Iteration: 78, Loss: 0.13952384889125824
INFO:root:Epoch: 11, Iteration: 79, Loss: 0.3004387319087982
INFO:root:Epoch: 11, Iteration: 80, Loss: 0.1235840916633606
INFO:root:Epoch: 11, Iteration: 81, Loss: 0.1416185051202774
INFO:root:Epoch: 11, Iteration: 82, Loss: 0.12485864758491516
INFO:root:Epoch: 11, Iteration: 83, Loss: 0.1767994910478592
INFO:root:Epoch: 11, Iteration: 84, Loss: 0.09324242919683456
INFO:root:Validation set mIOU: 84.36264822998106
INFO:root:Epoch: 12, Iteration: 85, Loss: 0.14271710813045502
INFO:root:Epoch: 12, Iteration: 86, Loss: 0.1387360692024231
INFO:root:Epoch: 12, Iteration: 87, Loss: 0.11918377876281738
INFO:root:Epoch: 12, Iteration: 88, Loss: 0.13546453416347504
INFO:root:Epoch: 12, Iteration: 89, Loss: 0.12324680387973785
INFO:root:Epoch: 12, Iteration: 90, Loss: 0.11139719188213348
INFO:root:Epoch: 12, Iteration: 91, Loss: 0.17065255343914032
INFO:root:Validation set mIOU: 83.99119112387243
INFO:root:Epoch: 13, Iteration: 92, Loss: 0.14452147483825684
INFO:root:Epoch: 13, Iteration: 93, Loss: 0.17104730010032654
INFO:root:Epoch: 13, Iteration: 94, Loss: 0.21062761545181274
INFO:root:Epoch: 13, Iteration: 95, Loss: 0.09123072028160095
INFO:root:Epoch: 13, Iteration: 96, Loss: 0.11789688467979431
INFO:root:Epoch: 13, Iteration: 97, Loss: 0.19817465543746948
INFO:root:Epoch: 13, Iteration: 98, Loss: 0.12811161577701569
INFO:root:Validation set mIOU: 82.34887278347254
INFO:root:Epoch: 14, Iteration: 99, Loss: 0.17261171340942383
INFO:root:Epoch: 14, Iteration: 100, Loss: 0.17377008497714996
INFO:root:Epoch: 14, Iteration: 101, Loss: 0.16756288707256317
INFO:root:Epoch: 14, Iteration: 102, Loss: 0.10261053591966629
INFO:root:Epoch: 14, Iteration: 103, Loss: 0.13293366134166718
INFO:root:Epoch: 14, Iteration: 104, Loss: 0.15365363657474518
INFO:root:Epoch: 14, Iteration: 105, Loss: 0.2309219241142273
INFO:root:Validation set mIOU: 82.85373135964177
INFO:root:Epoch: 15, Iteration: 106, Loss: 0.16755567491054535
INFO:root:Epoch: 15, Iteration: 107, Loss: 0.09414956718683243
INFO:root:Epoch: 15, Iteration: 108, Loss: 0.13169874250888824
INFO:root:Epoch: 15, Iteration: 109, Loss: 0.1193772703409195
INFO:root:Epoch: 15, Iteration: 110, Loss: 0.140609472990036
INFO:root:Epoch: 15, Iteration: 111, Loss: 0.14524860680103302
INFO:root:Epoch: 15, Iteration: 112, Loss: 0.21461959183216095
INFO:root:Validation set mIOU: 81.79711921715463
INFO:root:Epoch: 16, Iteration: 113, Loss: 0.16306215524673462
INFO:root:Epoch: 16, Iteration: 114, Loss: 0.1073184385895729
INFO:root:Epoch: 16, Iteration: 115, Loss: 0.10810881108045578
INFO:root:Epoch: 16, Iteration: 116, Loss: 0.10332806408405304
INFO:root:Epoch: 16, Iteration: 117, Loss: 0.12787216901779175
INFO:root:Epoch: 16, Iteration: 118, Loss: 0.1132529079914093
INFO:root:Epoch: 16, Iteration: 119, Loss: 0.14788617193698883
INFO:root:Validation set mIOU: 81.9590038990405
INFO:root:Epoch: 17, Iteration: 120, Loss: 0.15437544882297516
INFO:root:Epoch: 17, Iteration: 121, Loss: 0.09741794317960739
INFO:root:Epoch: 17, Iteration: 122, Loss: 0.12664496898651123
INFO:root:Epoch: 17, Iteration: 123, Loss: 0.10012838244438171
INFO:root:Epoch: 17, Iteration: 124, Loss: 0.17651353776454926
INFO:root:Epoch: 17, Iteration: 125, Loss: 0.1251094788312912
INFO:root:Epoch: 17, Iteration: 126, Loss: 0.10445990413427353
INFO:root:Validation set mIOU: 83.1452727468656
INFO:root:Epoch: 18, Iteration: 127, Loss: 0.10105612128973007
INFO:root:Epoch: 18, Iteration: 128, Loss: 0.15788988769054413
INFO:root:Epoch: 18, Iteration: 129, Loss: 0.11773235350847244
INFO:root:Epoch: 18, Iteration: 130, Loss: 0.14964176714420319
INFO:root:Epoch: 18, Iteration: 131, Loss: 0.11002697050571442
INFO:root:Epoch: 18, Iteration: 132, Loss: 0.11989594995975494
INFO:root:Epoch: 18, Iteration: 133, Loss: 0.09621802717447281
INFO:root:Validation set mIOU: 83.89212901652205
INFO:root:Epoch: 19, Iteration: 134, Loss: 0.08680589497089386
INFO:root:Epoch: 19, Iteration: 135, Loss: 0.11050543934106827
INFO:root:Epoch: 19, Iteration: 136, Loss: 0.11115331202745438
INFO:root:Epoch: 19, Iteration: 137, Loss: 0.1348433494567871
INFO:root:Epoch: 19, Iteration: 138, Loss: 0.09351802617311478
INFO:root:Epoch: 19, Iteration: 139, Loss: 0.08708176016807556
INFO:root:Epoch: 19, Iteration: 140, Loss: 0.17998215556144714
INFO:root:Validation set mIOU: 84.20196302535233
INFO:root:Epoch: 20, Iteration: 141, Loss: 0.1366722285747528
INFO:root:Epoch: 20, Iteration: 142, Loss: 0.12017473578453064
INFO:root:Epoch: 20, Iteration: 143, Loss: 0.10782510787248611
INFO:root:Epoch: 20, Iteration: 144, Loss: 0.18685562908649445
INFO:root:Epoch: 20, Iteration: 145, Loss: 0.09808587282896042
INFO:root:Epoch: 20, Iteration: 146, Loss: 0.11377959698438644
INFO:root:Epoch: 20, Iteration: 147, Loss: 0.1286805421113968
INFO:root:Validation set mIOU: 84.39459287718032
INFO:root:Epoch: 21, Iteration: 148, Loss: 0.09474053978919983
INFO:root:Epoch: 21, Iteration: 149, Loss: 0.16410617530345917
INFO:root:Epoch: 21, Iteration: 150, Loss: 0.08036957681179047
INFO:root:Epoch: 21, Iteration: 151, Loss: 0.12733851373195648
INFO:root:Epoch: 21, Iteration: 152, Loss: 0.13675855100154877
INFO:root:Epoch: 21, Iteration: 153, Loss: 0.13708125054836273
INFO:root:Epoch: 21, Iteration: 154, Loss: 0.08808942884206772
INFO:root:Validation set mIOU: 84.39858258449499
INFO:root:Epoch: 22, Iteration: 155, Loss: 0.1016460657119751
INFO:root:Epoch: 22, Iteration: 156, Loss: 0.09957198798656464
INFO:root:Epoch: 22, Iteration: 157, Loss: 0.11764546483755112
INFO:root:Epoch: 22, Iteration: 158, Loss: 0.08827102929353714
INFO:root:Epoch: 22, Iteration: 159, Loss: 0.11826790124177933
INFO:root:Epoch: 22, Iteration: 160, Loss: 0.0954553484916687
INFO:root:Epoch: 22, Iteration: 161, Loss: 0.09272634238004684
INFO:root:Validation set mIOU: 84.41875445622985
INFO:root:Epoch: 23, Iteration: 162, Loss: 0.08531148731708527
INFO:root:Epoch: 23, Iteration: 163, Loss: 0.12351183593273163
INFO:root:Epoch: 23, Iteration: 164, Loss: 0.10290191322565079
INFO:root:Epoch: 23, Iteration: 165, Loss: 0.11132025718688965
INFO:root:Epoch: 23, Iteration: 166, Loss: 0.13202522695064545
INFO:root:Epoch: 23, Iteration: 167, Loss: 0.11723113059997559
INFO:root:Epoch: 23, Iteration: 168, Loss: 0.08705202490091324
INFO:root:Validation set mIOU: 84.90031087856687
INFO:root:Epoch: 24, Iteration: 169, Loss: 0.08830229192972183
INFO:root:Epoch: 24, Iteration: 170, Loss: 0.06910379976034164
INFO:root:Epoch: 24, Iteration: 171, Loss: 0.12997058033943176
INFO:root:Epoch: 24, Iteration: 172, Loss: 0.12411677092313766
INFO:root:Epoch: 24, Iteration: 173, Loss: 0.12440355867147446
INFO:root:Epoch: 24, Iteration: 174, Loss: 0.14282341301441193
INFO:root:Epoch: 24, Iteration: 175, Loss: 0.1183004081249237
INFO:root:Validation set mIOU: 85.38834745795253
INFO:root:Epoch: 25, Iteration: 176, Loss: 0.11447102576494217
INFO:root:Epoch: 25, Iteration: 177, Loss: 0.12439154088497162
INFO:root:Epoch: 25, Iteration: 178, Loss: 0.11332360655069351
INFO:root:Epoch: 25, Iteration: 179, Loss: 0.10651054978370667
INFO:root:Epoch: 25, Iteration: 180, Loss: 0.08555632084608078
INFO:root:Epoch: 25, Iteration: 181, Loss: 0.09915505349636078
INFO:root:Epoch: 25, Iteration: 182, Loss: 0.13719560205936432
INFO:root:Validation set mIOU: 85.20514449451241
INFO:root:Epoch: 26, Iteration: 183, Loss: 0.14986786246299744
INFO:root:Epoch: 26, Iteration: 184, Loss: 0.10051124542951584
INFO:root:Epoch: 26, Iteration: 185, Loss: 0.12119762599468231
INFO:root:Epoch: 26, Iteration: 186, Loss: 0.0912349745631218
INFO:root:Epoch: 26, Iteration: 187, Loss: 0.13321556150913239
INFO:root:Epoch: 26, Iteration: 188, Loss: 0.09744517505168915
INFO:root:Epoch: 26, Iteration: 189, Loss: 0.08747580647468567
INFO:root:Validation set mIOU: 85.11284363050568
INFO:root:Epoch: 27, Iteration: 190, Loss: 0.1386881321668625
INFO:root:Epoch: 27, Iteration: 191, Loss: 0.09073061496019363
INFO:root:Epoch: 27, Iteration: 192, Loss: 0.1148049458861351
INFO:root:Epoch: 27, Iteration: 193, Loss: 0.08907154202461243
INFO:root:Epoch: 27, Iteration: 194, Loss: 0.09682058542966843
INFO:root:Epoch: 27, Iteration: 195, Loss: 0.12174656242132187
INFO:root:Epoch: 27, Iteration: 196, Loss: 0.12077989429235458
INFO:root:Validation set mIOU: 84.82418255191999
INFO:root:Epoch: 28, Iteration: 197, Loss: 0.11527381092309952
INFO:root:Epoch: 28, Iteration: 198, Loss: 0.0865647941827774
INFO:root:Epoch: 28, Iteration: 199, Loss: 0.09680051356554031
INFO:root:Epoch: 28, Iteration: 200, Loss: 0.15405020117759705
INFO:root:Epoch: 28, Iteration: 201, Loss: 0.09377265721559525
INFO:root:Epoch: 28, Iteration: 202, Loss: 0.09228929877281189
INFO:root:Epoch: 28, Iteration: 203, Loss: 0.11015122383832932
INFO:root:Validation set mIOU: 84.68178394353187
INFO:root:Epoch: 29, Iteration: 204, Loss: 0.0843716412782669
INFO:root:Epoch: 29, Iteration: 205, Loss: 0.09558025002479553
INFO:root:Epoch: 29, Iteration: 206, Loss: 0.10881192982196808
INFO:root:Epoch: 29, Iteration: 207, Loss: 0.08608020097017288
INFO:root:Epoch: 29, Iteration: 208, Loss: 0.1244504451751709
INFO:root:Epoch: 29, Iteration: 209, Loss: 0.10860767215490341
INFO:root:Epoch: 29, Iteration: 210, Loss: 0.07081760466098785
INFO:root:Validation set mIOU: 84.45589788732933
INFO:root:Epoch: 30, Iteration: 211, Loss: 0.09869906306266785
INFO:root:Epoch: 30, Iteration: 212, Loss: 0.07558953016996384
INFO:root:Epoch: 30, Iteration: 213, Loss: 0.11254552006721497
INFO:root:Epoch: 30, Iteration: 214, Loss: 0.08409751206636429
INFO:root:Epoch: 30, Iteration: 215, Loss: 0.1002688780426979
INFO:root:Epoch: 30, Iteration: 216, Loss: 0.07370434701442719
INFO:root:Epoch: 30, Iteration: 217, Loss: 0.14151817560195923
INFO:root:Validation set mIOU: 84.06949902744479
INFO:root:Epoch: 31, Iteration: 218, Loss: 0.1469060629606247
INFO:root:Epoch: 31, Iteration: 219, Loss: 0.0745970606803894
INFO:root:Epoch: 31, Iteration: 220, Loss: 0.09447406977415085
INFO:root:Epoch: 31, Iteration: 221, Loss: 0.08221595734357834
INFO:root:Epoch: 31, Iteration: 222, Loss: 0.08189216256141663
INFO:root:Epoch: 31, Iteration: 223, Loss: 0.12585242092609406
INFO:root:Epoch: 31, Iteration: 224, Loss: 0.07966673374176025
INFO:root:Validation set mIOU: 84.85676967888823
INFO:root:Epoch: 32, Iteration: 225, Loss: 0.12045915424823761
INFO:root:Epoch: 32, Iteration: 226, Loss: 0.07347594201564789
INFO:root:Epoch: 32, Iteration: 227, Loss: 0.09729225188493729
INFO:root:Epoch: 32, Iteration: 228, Loss: 0.08751878887414932
INFO:root:Epoch: 32, Iteration: 229, Loss: 0.07432498037815094
INFO:root:Epoch: 32, Iteration: 230, Loss: 0.1394432932138443
INFO:root:Epoch: 32, Iteration: 231, Loss: 0.06834255158901215
INFO:root:Validation set mIOU: 84.23923272807023
INFO:root:Epoch: 33, Iteration: 232, Loss: 0.08579499274492264
INFO:root:Epoch: 33, Iteration: 233, Loss: 0.12899689376354218
INFO:root:Epoch: 33, Iteration: 234, Loss: 0.09610959142446518
INFO:root:Epoch: 33, Iteration: 235, Loss: 0.0942365899682045
INFO:root:Epoch: 33, Iteration: 236, Loss: 0.08525363355875015
INFO:root:Epoch: 33, Iteration: 237, Loss: 0.07831865549087524
INFO:root:Epoch: 33, Iteration: 238, Loss: 0.13590383529663086
INFO:root:Validation set mIOU: 83.67787947130961
INFO:root:Epoch: 34, Iteration: 239, Loss: 0.08557788282632828
INFO:root:Epoch: 34, Iteration: 240, Loss: 0.11645863950252533
INFO:root:Epoch: 34, Iteration: 241, Loss: 0.10499023646116257
INFO:root:Epoch: 34, Iteration: 242, Loss: 0.07706582546234131
INFO:root:Epoch: 34, Iteration: 243, Loss: 0.11099573224782944
INFO:root:Epoch: 34, Iteration: 244, Loss: 0.07508402317762375
INFO:root:Epoch: 34, Iteration: 245, Loss: 0.10262354463338852
INFO:root:Validation set mIOU: 84.69017197169458
INFO:root:Epoch: 35, Iteration: 246, Loss: 0.09608568996191025
INFO:root:Epoch: 35, Iteration: 247, Loss: 0.11612070351839066
INFO:root:Epoch: 35, Iteration: 248, Loss: 0.08578350394964218
INFO:root:Epoch: 35, Iteration: 249, Loss: 0.06388580799102783
INFO:root:Epoch: 35, Iteration: 250, Loss: 0.11089152842760086
INFO:root:Epoch: 35, Iteration: 251, Loss: 0.11963320523500443
INFO:root:Epoch: 35, Iteration: 252, Loss: 0.09330743551254272
INFO:root:Validation set mIOU: 84.61506513898233
INFO:root:Epoch: 36, Iteration: 253, Loss: 0.128792405128479
INFO:root:Epoch: 36, Iteration: 254, Loss: 0.10424061119556427
INFO:root:Epoch: 36, Iteration: 255, Loss: 0.1107659712433815
INFO:root:Epoch: 36, Iteration: 256, Loss: 0.08536393195390701
INFO:root:Epoch: 36, Iteration: 257, Loss: 0.08302778750658035
INFO:root:Epoch: 36, Iteration: 258, Loss: 0.0702754557132721
INFO:root:Epoch: 36, Iteration: 259, Loss: 0.08990868926048279
INFO:root:Validation set mIOU: 84.905158989724
INFO:root:Epoch: 37, Iteration: 260, Loss: 0.1684175580739975
INFO:root:Epoch: 37, Iteration: 261, Loss: 0.10964404046535492
INFO:root:Epoch: 37, Iteration: 262, Loss: 0.08595193177461624
INFO:root:Epoch: 37, Iteration: 263, Loss: 0.1464827060699463
INFO:root:Epoch: 37, Iteration: 264, Loss: 0.10776172578334808
INFO:root:Epoch: 37, Iteration: 265, Loss: 0.1450888216495514
INFO:root:Epoch: 37, Iteration: 266, Loss: 0.10282698273658752
INFO:root:Validation set mIOU: 85.12563891130279
INFO:root:Epoch: 38, Iteration: 267, Loss: 0.08510450273752213
INFO:root:Epoch: 38, Iteration: 268, Loss: 0.07782876491546631
INFO:root:Epoch: 38, Iteration: 269, Loss: 0.1096281111240387
INFO:root:Epoch: 38, Iteration: 270, Loss: 0.09133946150541306
INFO:root:Epoch: 38, Iteration: 271, Loss: 0.08172108232975006
INFO:root:Epoch: 38, Iteration: 272, Loss: 0.09911767393350601
INFO:root:Epoch: 38, Iteration: 273, Loss: 0.106424480676651
INFO:root:Validation set mIOU: 85.27976679865115
INFO:root:Epoch: 39, Iteration: 274, Loss: 0.07325901091098785
INFO:root:Epoch: 39, Iteration: 275, Loss: 0.08912128955125809
INFO:root:Epoch: 39, Iteration: 276, Loss: 0.09655635058879852
INFO:root:Epoch: 39, Iteration: 277, Loss: 0.09345672279596329
INFO:root:Epoch: 39, Iteration: 278, Loss: 0.0816541463136673
INFO:root:Epoch: 39, Iteration: 279, Loss: 0.07451770454645157
INFO:root:Epoch: 39, Iteration: 280, Loss: 0.08551368862390518
INFO:root:Validation set mIOU: 85.61860217836119
INFO:root:Epoch: 40, Iteration: 281, Loss: 0.0789068266749382
INFO:root:Epoch: 40, Iteration: 282, Loss: 0.13955721259117126
INFO:root:Epoch: 40, Iteration: 283, Loss: 0.13561101257801056
INFO:root:Epoch: 40, Iteration: 284, Loss: 0.05889295041561127
INFO:root:Epoch: 40, Iteration: 285, Loss: 0.1107652336359024
INFO:root:Epoch: 40, Iteration: 286, Loss: 0.06931410729885101
INFO:root:Epoch: 40, Iteration: 287, Loss: 0.07157132029533386
INFO:root:Validation set mIOU: 85.74250788167816
INFO:root:Epoch: 41, Iteration: 288, Loss: 0.0976104661822319
INFO:root:Epoch: 41, Iteration: 289, Loss: 0.0901261419057846
INFO:root:Epoch: 41, Iteration: 290, Loss: 0.07267263531684875
INFO:root:Epoch: 41, Iteration: 291, Loss: 0.1376688927412033
INFO:root:Epoch: 41, Iteration: 292, Loss: 0.08958344161510468
INFO:root:Epoch: 41, Iteration: 293, Loss: 0.1234143003821373
INFO:root:Epoch: 41, Iteration: 294, Loss: 0.08873224258422852
INFO:root:Validation set mIOU: 85.23668739704067
INFO:root:Epoch: 42, Iteration: 295, Loss: 0.11506519466638565
INFO:root:Epoch: 42, Iteration: 296, Loss: 0.09714815765619278
INFO:root:Epoch: 42, Iteration: 297, Loss: 0.07477949559688568
INFO:root:Epoch: 42, Iteration: 298, Loss: 0.07789971679449081
INFO:root:Epoch: 42, Iteration: 299, Loss: 0.07989313453435898
INFO:root:Epoch: 42, Iteration: 300, Loss: 0.07208430022001266
INFO:root:Epoch: 42, Iteration: 301, Loss: 0.12105289846658707
INFO:root:Validation set mIOU: 84.82593415704541
INFO:root:Epoch: 43, Iteration: 302, Loss: 0.09253282099962234
INFO:root:Epoch: 43, Iteration: 303, Loss: 0.14127610623836517
INFO:root:Epoch: 43, Iteration: 304, Loss: 0.09017857909202576
INFO:root:Epoch: 43, Iteration: 305, Loss: 0.07576075196266174
INFO:root:Epoch: 43, Iteration: 306, Loss: 0.08775368332862854
INFO:root:Epoch: 43, Iteration: 307, Loss: 0.0788210928440094
INFO:root:Epoch: 43, Iteration: 308, Loss: 0.08453364670276642
INFO:root:Validation set mIOU: 85.36698996190854
INFO:root:Epoch: 44, Iteration: 309, Loss: 0.10210574418306351
INFO:root:Epoch: 44, Iteration: 310, Loss: 0.10052363574504852
INFO:root:Epoch: 44, Iteration: 311, Loss: 0.12748566269874573
INFO:root:Epoch: 44, Iteration: 312, Loss: 0.08154156059026718
INFO:root:Epoch: 44, Iteration: 313, Loss: 0.08322125673294067
INFO:root:Epoch: 44, Iteration: 314, Loss: 0.09414547681808472
INFO:root:Epoch: 44, Iteration: 315, Loss: 0.0813111662864685
INFO:root:Validation set mIOU: 85.8530075804202
INFO:root:Epoch: 45, Iteration: 316, Loss: 0.08420778065919876
INFO:root:Epoch: 45, Iteration: 317, Loss: 0.12024331837892532
INFO:root:Epoch: 45, Iteration: 318, Loss: 0.07945035398006439
INFO:root:Epoch: 45, Iteration: 319, Loss: 0.09201628714799881
INFO:root:Epoch: 45, Iteration: 320, Loss: 0.10102363675832748
INFO:root:Epoch: 45, Iteration: 321, Loss: 0.08519337326288223
INFO:root:Epoch: 45, Iteration: 322, Loss: 0.07511006295681
INFO:root:Validation set mIOU: 85.42347079977866
INFO:root:Epoch: 46, Iteration: 323, Loss: 0.10514508187770844
INFO:root:Epoch: 46, Iteration: 324, Loss: 0.07109519839286804
INFO:root:Epoch: 46, Iteration: 325, Loss: 0.07841049134731293
INFO:root:Epoch: 46, Iteration: 326, Loss: 0.08671995252370834
INFO:root:Epoch: 46, Iteration: 327, Loss: 0.07009299099445343
INFO:root:Epoch: 46, Iteration: 328, Loss: 0.09647578746080399
INFO:root:Epoch: 46, Iteration: 329, Loss: 0.09660503268241882
INFO:root:Validation set mIOU: 85.4247139677352
INFO:root:Epoch: 47, Iteration: 330, Loss: 0.07460477203130722
INFO:root:Epoch: 47, Iteration: 331, Loss: 0.11870662122964859
INFO:root:Epoch: 47, Iteration: 332, Loss: 0.09258230030536652
INFO:root:Epoch: 47, Iteration: 333, Loss: 0.08764050155878067
INFO:root:Epoch: 47, Iteration: 334, Loss: 0.07650374621152878
INFO:root:Epoch: 47, Iteration: 335, Loss: 0.05873600393533707
INFO:root:Epoch: 47, Iteration: 336, Loss: 0.06762310862541199
INFO:root:Validation set mIOU: 86.09737766306638
INFO:root:Epoch: 48, Iteration: 337, Loss: 0.07719075679779053
INFO:root:Epoch: 48, Iteration: 338, Loss: 0.08158169686794281
INFO:root:Epoch: 48, Iteration: 339, Loss: 0.09714795649051666
INFO:root:Epoch: 48, Iteration: 340, Loss: 0.09923817962408066
INFO:root:Epoch: 48, Iteration: 341, Loss: 0.09710554778575897
INFO:root:Epoch: 48, Iteration: 342, Loss: 0.09988358616828918
INFO:root:Epoch: 48, Iteration: 343, Loss: 0.08839479833841324
INFO:root:Validation set mIOU: 86.00741683916941
INFO:root:Epoch: 49, Iteration: 344, Loss: 0.07742909342050552
INFO:root:Epoch: 49, Iteration: 345, Loss: 0.07319286465644836
INFO:root:Epoch: 49, Iteration: 346, Loss: 0.08263679593801498
INFO:root:Epoch: 49, Iteration: 347, Loss: 0.13469953835010529
INFO:root:Epoch: 49, Iteration: 348, Loss: 0.10016760230064392
INFO:root:Epoch: 49, Iteration: 349, Loss: 0.11745283007621765
INFO:root:Epoch: 49, Iteration: 350, Loss: 0.07449830323457718
INFO:root:Validation set mIOU: 86.08784854081182
INFO:root:Epoch: 50, Iteration: 351, Loss: 0.09727797657251358
INFO:root:Epoch: 50, Iteration: 352, Loss: 0.07038920372724533
INFO:root:Epoch: 50, Iteration: 353, Loss: 0.09428134560585022
INFO:root:Epoch: 50, Iteration: 354, Loss: 0.07598242908716202
INFO:root:Epoch: 50, Iteration: 355, Loss: 0.10207262635231018
INFO:root:Epoch: 50, Iteration: 356, Loss: 0.07076022028923035
INFO:root:Epoch: 50, Iteration: 357, Loss: 0.07657404243946075
INFO:root:Validation set mIOU: 86.1227969702772
INFO:root:Epoch: 51, Iteration: 358, Loss: 0.08214595913887024
INFO:root:Epoch: 51, Iteration: 359, Loss: 0.07191522419452667
INFO:root:Epoch: 51, Iteration: 360, Loss: 0.06604788452386856
INFO:root:Epoch: 51, Iteration: 361, Loss: 0.12771056592464447
INFO:root:Epoch: 51, Iteration: 362, Loss: 0.11050216108560562
INFO:root:Epoch: 51, Iteration: 363, Loss: 0.06532887369394302
INFO:root:Epoch: 51, Iteration: 364, Loss: 0.14280186593532562
INFO:root:Validation set mIOU: 86.2346277874478
INFO:root:Epoch: 52, Iteration: 365, Loss: 0.08024593442678452
INFO:root:Epoch: 52, Iteration: 366, Loss: 0.08218718320131302
INFO:root:Epoch: 52, Iteration: 367, Loss: 0.07885788381099701
INFO:root:Epoch: 52, Iteration: 368, Loss: 0.08096588402986526
INFO:root:Epoch: 52, Iteration: 369, Loss: 0.07455430179834366
INFO:root:Epoch: 52, Iteration: 370, Loss: 0.09703467041254044
INFO:root:Epoch: 52, Iteration: 371, Loss: 0.09019149839878082
INFO:root:Validation set mIOU: 86.0837567201749
INFO:root:Epoch: 53, Iteration: 372, Loss: 0.09793021529912949
INFO:root:Epoch: 53, Iteration: 373, Loss: 0.08499348163604736
INFO:root:Epoch: 53, Iteration: 374, Loss: 0.09222602844238281
INFO:root:Epoch: 53, Iteration: 375, Loss: 0.0853562280535698
INFO:root:Epoch: 53, Iteration: 376, Loss: 0.08408999443054199
INFO:root:Epoch: 53, Iteration: 377, Loss: 0.07040673494338989
INFO:root:Epoch: 53, Iteration: 378, Loss: 0.07092063128948212
INFO:root:Validation set mIOU: 85.60968069137678
INFO:root:Epoch: 54, Iteration: 379, Loss: 0.08106228709220886
INFO:root:Epoch: 54, Iteration: 380, Loss: 0.0654057189822197
INFO:root:Epoch: 54, Iteration: 381, Loss: 0.10122475028038025
INFO:root:Epoch: 54, Iteration: 382, Loss: 0.0724920779466629
INFO:root:Epoch: 54, Iteration: 383, Loss: 0.09593071043491364
INFO:root:Epoch: 54, Iteration: 384, Loss: 0.11956650763750076
INFO:root:Epoch: 54, Iteration: 385, Loss: 0.07841480523347855
INFO:root:Validation set mIOU: 85.50093470379583
INFO:root:Epoch: 55, Iteration: 386, Loss: 0.0722741186618805
INFO:root:Epoch: 55, Iteration: 387, Loss: 0.08672580868005753
INFO:root:Epoch: 55, Iteration: 388, Loss: 0.07956888526678085
INFO:root:Epoch: 55, Iteration: 389, Loss: 0.06864111125469208
INFO:root:Epoch: 55, Iteration: 390, Loss: 0.09304289519786835
INFO:root:Epoch: 55, Iteration: 391, Loss: 0.08885524421930313
INFO:root:Epoch: 55, Iteration: 392, Loss: 0.06958611309528351
INFO:root:Validation set mIOU: 85.68171041220293
INFO:root:Epoch: 56, Iteration: 393, Loss: 0.0924440547823906
INFO:root:Epoch: 56, Iteration: 394, Loss: 0.08228558301925659
INFO:root:Epoch: 56, Iteration: 395, Loss: 0.06665577739477158
INFO:root:Epoch: 56, Iteration: 396, Loss: 0.10298864543437958
INFO:root:Epoch: 56, Iteration: 397, Loss: 0.09696578979492188
INFO:root:Epoch: 56, Iteration: 398, Loss: 0.07829754799604416
INFO:root:Epoch: 56, Iteration: 399, Loss: 0.06667499989271164
INFO:root:Validation set mIOU: 86.24271217667078
INFO:root:Epoch: 57, Iteration: 400, Loss: 0.11785751581192017
INFO:root:Epoch: 57, Iteration: 401, Loss: 0.07839132845401764
INFO:root:Epoch: 57, Iteration: 402, Loss: 0.08643346279859543
INFO:root:Epoch: 57, Iteration: 403, Loss: 0.05351661890745163
INFO:root:Epoch: 57, Iteration: 404, Loss: 0.0776817724108696
INFO:root:Epoch: 57, Iteration: 405, Loss: 0.0917760580778122
INFO:root:Epoch: 57, Iteration: 406, Loss: 0.10124926269054413
INFO:root:Validation set mIOU: 86.59721164866781
INFO:root:Epoch: 58, Iteration: 407, Loss: 0.07281430810689926
INFO:root:Epoch: 58, Iteration: 408, Loss: 0.07385760545730591
INFO:root:Epoch: 58, Iteration: 409, Loss: 0.0730016678571701
INFO:root:Epoch: 58, Iteration: 410, Loss: 0.08516624569892883
INFO:root:Epoch: 58, Iteration: 411, Loss: 0.08887701481580734
INFO:root:Epoch: 58, Iteration: 412, Loss: 0.09646281599998474
INFO:root:Epoch: 58, Iteration: 413, Loss: 0.12192539870738983
INFO:root:Validation set mIOU: 86.69396876476762
INFO:root:Epoch: 59, Iteration: 414, Loss: 0.07808367162942886
INFO:root:Epoch: 59, Iteration: 415, Loss: 0.05538507550954819
INFO:root:Epoch: 59, Iteration: 416, Loss: 0.0872277021408081
INFO:root:Epoch: 59, Iteration: 417, Loss: 0.10250493139028549
INFO:root:Epoch: 59, Iteration: 418, Loss: 0.1062849909067154
INFO:root:Epoch: 59, Iteration: 419, Loss: 0.19484786689281464
INFO:root:Epoch: 59, Iteration: 420, Loss: 0.07531656324863434
INFO:root:Validation set mIOU: 85.98076315886284
INFO:root:Epoch: 60, Iteration: 421, Loss: 0.07689168304204941
INFO:root:Epoch: 60, Iteration: 422, Loss: 0.1215314269065857
INFO:root:Epoch: 60, Iteration: 423, Loss: 0.07084908336400986
INFO:root:Epoch: 60, Iteration: 424, Loss: 0.0868595764040947
INFO:root:Epoch: 60, Iteration: 425, Loss: 0.06385926902294159
INFO:root:Epoch: 60, Iteration: 426, Loss: 0.10414302349090576
INFO:root:Epoch: 60, Iteration: 427, Loss: 0.08796697109937668
INFO:root:Validation set mIOU: 86.3674506934275
INFO:root:Epoch: 61, Iteration: 428, Loss: 0.07561105489730835
INFO:root:Epoch: 61, Iteration: 429, Loss: 0.10341006517410278
INFO:root:Epoch: 61, Iteration: 430, Loss: 0.08291156589984894
INFO:root:Epoch: 61, Iteration: 431, Loss: 0.08078082650899887
INFO:root:Epoch: 61, Iteration: 432, Loss: 0.09299618750810623
INFO:root:Epoch: 61, Iteration: 433, Loss: 0.07445977628231049
INFO:root:Epoch: 61, Iteration: 434, Loss: 0.1269380897283554
INFO:root:Validation set mIOU: 85.82821485691588
INFO:root:Epoch: 62, Iteration: 435, Loss: 0.07708260416984558
INFO:root:Epoch: 62, Iteration: 436, Loss: 0.10482974350452423
INFO:root:Epoch: 62, Iteration: 437, Loss: 0.08663035184144974
INFO:root:Epoch: 62, Iteration: 438, Loss: 0.06613409519195557
INFO:root:Epoch: 62, Iteration: 439, Loss: 0.08559054881334305
INFO:root:Epoch: 62, Iteration: 440, Loss: 0.08310486376285553
INFO:root:Epoch: 62, Iteration: 441, Loss: 0.10813514143228531
INFO:root:Validation set mIOU: 86.07112208482549
INFO:root:Epoch: 63, Iteration: 442, Loss: 0.1155288890004158
INFO:root:Epoch: 63, Iteration: 443, Loss: 0.08719605207443237
INFO:root:Epoch: 63, Iteration: 444, Loss: 0.09599101543426514
INFO:root:Epoch: 63, Iteration: 445, Loss: 0.08076309412717819
INFO:root:Epoch: 63, Iteration: 446, Loss: 0.08985263854265213
INFO:root:Epoch: 63, Iteration: 447, Loss: 0.06802279502153397
INFO:root:Epoch: 63, Iteration: 448, Loss: 0.09097348898649216
INFO:root:Validation set mIOU: 86.20799399531292
INFO:root:Epoch: 64, Iteration: 449, Loss: 0.07131131738424301
INFO:root:Epoch: 64, Iteration: 450, Loss: 0.09846483916044235
INFO:root:Epoch: 64, Iteration: 451, Loss: 0.07995913922786713
INFO:root:Epoch: 64, Iteration: 452, Loss: 0.09613644331693649
INFO:root:Epoch: 64, Iteration: 453, Loss: 0.09831628203392029
INFO:root:Epoch: 64, Iteration: 454, Loss: 0.07030884176492691
INFO:root:Epoch: 64, Iteration: 455, Loss: 0.10752339661121368
INFO:root:Validation set mIOU: 86.68538701898291
INFO:root:Epoch: 65, Iteration: 456, Loss: 0.07457383722066879
INFO:root:Epoch: 65, Iteration: 457, Loss: 0.11019284278154373
INFO:root:Epoch: 65, Iteration: 458, Loss: 0.12251265347003937
INFO:root:Epoch: 65, Iteration: 459, Loss: 0.10273401439189911
INFO:root:Epoch: 65, Iteration: 460, Loss: 0.07831326872110367
INFO:root:Epoch: 65, Iteration: 461, Loss: 0.12750552594661713
INFO:root:Epoch: 65, Iteration: 462, Loss: 0.0719185322523117
INFO:root:Validation set mIOU: 86.28092293598343
INFO:root:Epoch: 66, Iteration: 463, Loss: 0.07766499370336533
INFO:root:Epoch: 66, Iteration: 464, Loss: 0.08243512362241745
INFO:root:Epoch: 66, Iteration: 465, Loss: 0.08703573048114777
INFO:root:Epoch: 66, Iteration: 466, Loss: 0.09786612540483475
INFO:root:Epoch: 66, Iteration: 467, Loss: 0.08747611939907074
INFO:root:Epoch: 66, Iteration: 468, Loss: 0.06935381144285202
INFO:root:Epoch: 66, Iteration: 469, Loss: 0.07214955985546112
INFO:root:Validation set mIOU: 86.28767646333934
INFO:root:Epoch: 67, Iteration: 470, Loss: 0.10779654234647751
INFO:root:Epoch: 67, Iteration: 471, Loss: 0.06280486285686493
INFO:root:Epoch: 67, Iteration: 472, Loss: 0.06965015828609467
INFO:root:Epoch: 67, Iteration: 473, Loss: 0.05760316550731659
INFO:root:Epoch: 67, Iteration: 474, Loss: 0.07477529346942902
INFO:root:Epoch: 67, Iteration: 475, Loss: 0.10185624659061432
INFO:root:Epoch: 67, Iteration: 476, Loss: 0.06973253935575485
INFO:root:Validation set mIOU: 86.42011965704776
INFO:root:Epoch: 68, Iteration: 477, Loss: 0.07951352745294571
INFO:root:Epoch: 68, Iteration: 478, Loss: 0.09830998629331589
INFO:root:Epoch: 68, Iteration: 479, Loss: 0.07114508002996445
INFO:root:Epoch: 68, Iteration: 480, Loss: 0.0979369729757309
INFO:root:Epoch: 68, Iteration: 481, Loss: 0.10754527896642685
INFO:root:Epoch: 68, Iteration: 482, Loss: 0.11431911587715149
INFO:root:Epoch: 68, Iteration: 483, Loss: 0.10433997958898544
INFO:root:Validation set mIOU: 86.75052534776144
INFO:root:Epoch: 69, Iteration: 484, Loss: 0.08255165070295334
INFO:root:Epoch: 69, Iteration: 485, Loss: 0.0687420517206192
INFO:root:Epoch: 69, Iteration: 486, Loss: 0.08673793077468872
INFO:root:Epoch: 69, Iteration: 487, Loss: 0.0809965580701828
INFO:root:Epoch: 69, Iteration: 488, Loss: 0.08168267458677292
INFO:root:Epoch: 69, Iteration: 489, Loss: 0.07496028393507004
INFO:root:Epoch: 69, Iteration: 490, Loss: 0.09463416039943695
INFO:root:Validation set mIOU: 86.71566268947296
INFO:root:Epoch: 70, Iteration: 491, Loss: 0.08735670894384384
INFO:root:Epoch: 70, Iteration: 492, Loss: 0.07858064025640488
INFO:root:Epoch: 70, Iteration: 493, Loss: 0.08614853769540787
INFO:root:Epoch: 70, Iteration: 494, Loss: 0.08607522398233414
INFO:root:Epoch: 70, Iteration: 495, Loss: 0.07501154392957687
INFO:root:Epoch: 70, Iteration: 496, Loss: 0.053839683532714844
INFO:root:Epoch: 70, Iteration: 497, Loss: 0.08788871765136719
INFO:root:Validation set mIOU: 86.12414515783684
INFO:root:Epoch: 71, Iteration: 498, Loss: 0.07918296754360199
INFO:root:Epoch: 71, Iteration: 499, Loss: 0.08390012383460999
INFO:root:Epoch: 71, Iteration: 500, Loss: 0.06893227994441986
INFO:root:Epoch: 71, Iteration: 501, Loss: 0.06824008375406265
INFO:root:Epoch: 71, Iteration: 502, Loss: 0.08493568003177643
INFO:root:Epoch: 71, Iteration: 503, Loss: 0.08686750382184982
INFO:root:Epoch: 71, Iteration: 504, Loss: 0.07632695883512497
INFO:root:Validation set mIOU: 86.36488967885273
INFO:root:Epoch: 72, Iteration: 505, Loss: 0.09177551418542862
INFO:root:Epoch: 72, Iteration: 506, Loss: 0.08851054310798645
INFO:root:Epoch: 72, Iteration: 507, Loss: 0.07414928823709488
INFO:root:Epoch: 72, Iteration: 508, Loss: 0.06974420696496964
INFO:root:Epoch: 72, Iteration: 509, Loss: 0.06581077724695206
INFO:root:Epoch: 72, Iteration: 510, Loss: 0.07507723569869995
INFO:root:Epoch: 72, Iteration: 511, Loss: 0.11351599544286728
INFO:root:Validation set mIOU: 86.39345559374672
INFO:root:Epoch: 73, Iteration: 512, Loss: 0.07846150547266006
INFO:root:Epoch: 73, Iteration: 513, Loss: 0.112515889108181
INFO:root:Epoch: 73, Iteration: 514, Loss: 0.055680811405181885
INFO:root:Epoch: 73, Iteration: 515, Loss: 0.07807141542434692
INFO:root:Epoch: 73, Iteration: 516, Loss: 0.07425016164779663
INFO:root:Epoch: 73, Iteration: 517, Loss: 0.056202635169029236
INFO:root:Epoch: 73, Iteration: 518, Loss: 0.07224392145872116
INFO:root:Validation set mIOU: 86.63928927834486
INFO:root:Epoch: 74, Iteration: 519, Loss: 0.06971916556358337
INFO:root:Epoch: 74, Iteration: 520, Loss: 0.05875137820839882
INFO:root:Epoch: 74, Iteration: 521, Loss: 0.07434113323688507
INFO:root:Epoch: 74, Iteration: 522, Loss: 0.06615134328603745
INFO:root:Epoch: 74, Iteration: 523, Loss: 0.07984300702810287
INFO:root:Epoch: 74, Iteration: 524, Loss: 0.09901478886604309
INFO:root:Epoch: 74, Iteration: 525, Loss: 0.10223957896232605
INFO:root:Validation set mIOU: 86.61307414560233
INFO:root:Epoch: 75, Iteration: 526, Loss: 0.06409140676259995
INFO:root:Epoch: 75, Iteration: 527, Loss: 0.07629607617855072
INFO:root:Epoch: 75, Iteration: 528, Loss: 0.1451324224472046
INFO:root:Epoch: 75, Iteration: 529, Loss: 0.08105877786874771
INFO:root:Epoch: 75, Iteration: 530, Loss: 0.07101044058799744
INFO:root:Epoch: 75, Iteration: 531, Loss: 0.10193206369876862
INFO:root:Epoch: 75, Iteration: 532, Loss: 0.07542101293802261
INFO:root:Validation set mIOU: 86.15014632714546
INFO:root:Epoch: 76, Iteration: 533, Loss: 0.05848205089569092
INFO:root:Epoch: 76, Iteration: 534, Loss: 0.12305258214473724
INFO:root:Epoch: 76, Iteration: 535, Loss: 0.12810689210891724
INFO:root:Epoch: 76, Iteration: 536, Loss: 0.08463264256715775
INFO:root:Epoch: 76, Iteration: 537, Loss: 0.10122887045145035
INFO:root:Epoch: 76, Iteration: 538, Loss: 0.1183416098356247
INFO:root:Epoch: 76, Iteration: 539, Loss: 0.09112709015607834
INFO:root:Validation set mIOU: 86.29708721459833
INFO:root:Epoch: 77, Iteration: 540, Loss: 0.07582094520330429
INFO:root:Epoch: 77, Iteration: 541, Loss: 0.07766833156347275
INFO:root:Epoch: 77, Iteration: 542, Loss: 0.10020628571510315
INFO:root:Epoch: 77, Iteration: 543, Loss: 0.07308749854564667
INFO:root:Epoch: 77, Iteration: 544, Loss: 0.06528905779123306
INFO:root:Epoch: 77, Iteration: 545, Loss: 0.06759127229452133
INFO:root:Epoch: 77, Iteration: 546, Loss: 0.07902169227600098
INFO:root:Validation set mIOU: 86.36927340646032
INFO:root:Epoch: 78, Iteration: 547, Loss: 0.07754049450159073
INFO:root:Epoch: 78, Iteration: 548, Loss: 0.06623287498950958
INFO:root:Epoch: 78, Iteration: 549, Loss: 0.08214244991540909
INFO:root:Epoch: 78, Iteration: 550, Loss: 0.07086092233657837
INFO:root:Epoch: 78, Iteration: 551, Loss: 0.08887650817632675
INFO:root:Epoch: 78, Iteration: 552, Loss: 0.09051991999149323
INFO:root:Epoch: 78, Iteration: 553, Loss: 0.05805863067507744
INFO:root:Validation set mIOU: 86.528183527869
INFO:root:Epoch: 79, Iteration: 554, Loss: 0.08909794688224792
INFO:root:Epoch: 79, Iteration: 555, Loss: 0.06577317416667938
INFO:root:Epoch: 79, Iteration: 556, Loss: 0.07690160721540451
INFO:root:Epoch: 79, Iteration: 557, Loss: 0.10825880616903305
INFO:root:Epoch: 79, Iteration: 558, Loss: 0.08148045837879181
INFO:root:Epoch: 79, Iteration: 559, Loss: 0.08067597448825836
INFO:root:Epoch: 79, Iteration: 560, Loss: 0.049419138580560684
INFO:root:Validation set mIOU: 86.21898895223222
INFO:root:Epoch: 80, Iteration: 561, Loss: 0.09094452857971191
INFO:root:Epoch: 80, Iteration: 562, Loss: 0.068289615213871
INFO:root:Epoch: 80, Iteration: 563, Loss: 0.1116708442568779
INFO:root:Epoch: 80, Iteration: 564, Loss: 0.05319645255804062
INFO:root:Epoch: 80, Iteration: 565, Loss: 0.0715130865573883
INFO:root:Epoch: 80, Iteration: 566, Loss: 0.06608281284570694
INFO:root:Epoch: 80, Iteration: 567, Loss: 0.10423289239406586
INFO:root:Validation set mIOU: 86.15811894917542
INFO:root:Epoch: 81, Iteration: 568, Loss: 0.0829199030995369
INFO:root:Epoch: 81, Iteration: 569, Loss: 0.0631861612200737
INFO:root:Epoch: 81, Iteration: 570, Loss: 0.0564529225230217
INFO:root:Epoch: 81, Iteration: 571, Loss: 0.09990958124399185
INFO:root:Epoch: 81, Iteration: 572, Loss: 0.07961306720972061
INFO:root:Epoch: 81, Iteration: 573, Loss: 0.06776425242424011
INFO:root:Epoch: 81, Iteration: 574, Loss: 0.09225272387266159
INFO:root:Validation set mIOU: 86.07796828128805
INFO:root:Epoch: 82, Iteration: 575, Loss: 0.07756280153989792
INFO:root:Epoch: 82, Iteration: 576, Loss: 0.07949645817279816
INFO:root:Epoch: 82, Iteration: 577, Loss: 0.09246762841939926
INFO:root:Epoch: 82, Iteration: 578, Loss: 0.164687842130661
INFO:root:Epoch: 82, Iteration: 579, Loss: 0.06699414551258087
INFO:root:Epoch: 82, Iteration: 580, Loss: 0.06451065093278885
INFO:root:Epoch: 82, Iteration: 581, Loss: 0.09377571195363998
INFO:root:Validation set mIOU: 86.2444945962241
INFO:root:Epoch: 83, Iteration: 582, Loss: 0.06885243952274323
INFO:root:Epoch: 83, Iteration: 583, Loss: 0.07221858948469162
INFO:root:Epoch: 83, Iteration: 584, Loss: 0.15178461372852325
INFO:root:Epoch: 83, Iteration: 585, Loss: 0.07485539466142654
INFO:root:Epoch: 83, Iteration: 586, Loss: 0.10374756902456284
INFO:root:Epoch: 83, Iteration: 587, Loss: 0.06142425164580345
INFO:root:Epoch: 83, Iteration: 588, Loss: 0.10175321251153946
INFO:root:Validation set mIOU: 86.22146384031844
INFO:root:Epoch: 84, Iteration: 589, Loss: 0.07128125429153442
INFO:root:Epoch: 84, Iteration: 590, Loss: 0.07854710519313812
INFO:root:Epoch: 84, Iteration: 591, Loss: 0.07510076463222504
INFO:root:Epoch: 84, Iteration: 592, Loss: 0.07062363624572754
INFO:root:Epoch: 84, Iteration: 593, Loss: 0.09210773557424545
INFO:root:Epoch: 84, Iteration: 594, Loss: 0.0854671373963356
INFO:root:Epoch: 84, Iteration: 595, Loss: 0.057739194482564926
INFO:root:Validation set mIOU: 86.36167338778654
INFO:root:Epoch: 85, Iteration: 596, Loss: 0.09084029495716095
INFO:root:Epoch: 85, Iteration: 597, Loss: 0.06807563453912735
INFO:root:Epoch: 85, Iteration: 598, Loss: 0.07486838847398758
INFO:root:Epoch: 85, Iteration: 599, Loss: 0.07677233964204788
INFO:root:Epoch: 85, Iteration: 600, Loss: 0.0857962816953659
INFO:root:Epoch: 85, Iteration: 601, Loss: 0.06690260022878647
INFO:root:Epoch: 85, Iteration: 602, Loss: 0.11281080543994904
INFO:root:Validation set mIOU: 86.01261845494808
INFO:root:Epoch: 86, Iteration: 603, Loss: 0.08699928969144821
INFO:root:Epoch: 86, Iteration: 604, Loss: 0.05651969462633133
INFO:root:Epoch: 86, Iteration: 605, Loss: 0.06000690162181854
INFO:root:Epoch: 86, Iteration: 606, Loss: 0.08640386909246445
INFO:root:Epoch: 86, Iteration: 607, Loss: 0.0618462935090065
INFO:root:Epoch: 86, Iteration: 608, Loss: 0.06686320900917053
INFO:root:Epoch: 86, Iteration: 609, Loss: 0.07692955434322357
INFO:root:Validation set mIOU: 86.29248530522067
INFO:root:Epoch: 87, Iteration: 610, Loss: 0.06337393820285797
INFO:root:Epoch: 87, Iteration: 611, Loss: 0.09471059590578079
INFO:root:Epoch: 87, Iteration: 612, Loss: 0.08247718960046768
INFO:root:Epoch: 87, Iteration: 613, Loss: 0.06735510379076004
INFO:root:Epoch: 87, Iteration: 614, Loss: 0.09791537374258041
INFO:root:Epoch: 87, Iteration: 615, Loss: 0.06912485510110855
INFO:root:Epoch: 87, Iteration: 616, Loss: 0.0995856523513794
INFO:root:Validation set mIOU: 86.3547102
INFO:root:Epoch: 88, Iteration: 617, Loss: 0.10814039409160614
INFO:root:Epoch: 88, Iteration: 618, Loss: 0.08242793381214142
INFO:root:Epoch: 88, Iteration: 619, Loss: 0.06655392795801163
INFO:root:Epoch: 88, Iteration: 620, Loss: 0.0917714536190033
INFO:root:Epoch: 88, Iteration: 621, Loss: 0.10354606807231903
INFO:root:Epoch: 88, Iteration: 622, Loss: 0.09850472956895828
INFO:root:Epoch: 88, Iteration: 623, Loss: 0.06928818672895432
INFO:root:Validation set mIOU: 86.46721235970348
INFO:root:Epoch: 89, Iteration: 624, Loss: 0.06794345378875732
INFO:root:Epoch: 89, Iteration: 625, Loss: 0.07117465138435364
INFO:root:Epoch: 89, Iteration: 626, Loss: 0.06986553966999054
INFO:root:Epoch: 89, Iteration: 627, Loss: 0.10250306129455566
INFO:root:Epoch: 89, Iteration: 628, Loss: 0.07774731516838074
INFO:root:Epoch: 89, Iteration: 629, Loss: 0.10172774642705917
INFO:root:Epoch: 89, Iteration: 630, Loss: 0.06469418853521347
INFO:root:Validation set mIOU: 86.11233904822375
INFO:root:Epoch: 90, Iteration: 631, Loss: 0.06552553921937943
INFO:root:Epoch: 90, Iteration: 632, Loss: 0.060073960572481155
INFO:root:Epoch: 90, Iteration: 633, Loss: 0.06834568083286285
INFO:root:Epoch: 90, Iteration: 634, Loss: 0.07763092964887619
INFO:root:Epoch: 90, Iteration: 635, Loss: 0.06246185302734375
INFO:root:Epoch: 90, Iteration: 636, Loss: 0.10757379978895187
INFO:root:Epoch: 90, Iteration: 637, Loss: 0.09771572798490524
INFO:root:Validation set mIOU: 86.2392395704033
INFO:root:Epoch: 91, Iteration: 638, Loss: 0.0633344054222107
INFO:root:Epoch: 91, Iteration: 639, Loss: 0.08948580175638199
INFO:root:Epoch: 91, Iteration: 640, Loss: 0.07242444902658463
INFO:root:Epoch: 91, Iteration: 641, Loss: 0.11131152510643005
INFO:root:Epoch: 91, Iteration: 642, Loss: 0.08501442521810532
INFO:root:Epoch: 91, Iteration: 643, Loss: 0.07002788037061691
INFO:root:Epoch: 91, Iteration: 644, Loss: 0.06612265110015869
INFO:root:Validation set mIOU: 86.2983476494688
INFO:root:Epoch: 92, Iteration: 645, Loss: 0.06576277315616608
INFO:root:Epoch: 92, Iteration: 646, Loss: 0.07814114540815353
INFO:root:Epoch: 92, Iteration: 647, Loss: 0.0996658131480217
INFO:root:Epoch: 92, Iteration: 648, Loss: 0.09275763481855392
INFO:root:Epoch: 92, Iteration: 649, Loss: 0.06205538660287857
INFO:root:Epoch: 92, Iteration: 650, Loss: 0.10465960204601288
INFO:root:Epoch: 92, Iteration: 651, Loss: 0.08425133675336838
INFO:root:Validation set mIOU: 86.09196472940569
INFO:root:Epoch: 93, Iteration: 652, Loss: 0.07959271967411041
INFO:root:Epoch: 93, Iteration: 653, Loss: 0.06874705106019974
INFO:root:Epoch: 93, Iteration: 654, Loss: 0.06565848737955093
INFO:root:Epoch: 93, Iteration: 655, Loss: 0.09720373153686523
INFO:root:Epoch: 93, Iteration: 656, Loss: 0.08672934770584106
INFO:root:Epoch: 93, Iteration: 657, Loss: 0.06356862932443619
INFO:root:Epoch: 93, Iteration: 658, Loss: 0.07775207608938217
INFO:root:Validation set mIOU: 86.39120682694032
INFO:root:Epoch: 94, Iteration: 659, Loss: 0.10550030320882797
INFO:root:Epoch: 94, Iteration: 660, Loss: 0.0936521664261818
INFO:root:Epoch: 94, Iteration: 661, Loss: 0.06086853891611099
INFO:root:Epoch: 94, Iteration: 662, Loss: 0.06555849313735962
INFO:root:Epoch: 94, Iteration: 663, Loss: 0.0780254527926445
INFO:root:Epoch: 94, Iteration: 664, Loss: 0.11393070966005325
INFO:root:Epoch: 94, Iteration: 665, Loss: 0.09340847283601761
INFO:root:Validation set mIOU: 86.13626026390527
INFO:root:Epoch: 95, Iteration: 666, Loss: 0.07998248189687729
INFO:root:Epoch: 95, Iteration: 667, Loss: 0.09289422631263733
INFO:root:Epoch: 95, Iteration: 668, Loss: 0.06380721181631088
INFO:root:Epoch: 95, Iteration: 669, Loss: 0.09265708923339844
INFO:root:Epoch: 95, Iteration: 670, Loss: 0.05699459835886955
INFO:root:Epoch: 95, Iteration: 671, Loss: 0.07752834260463715
INFO:root:Epoch: 95, Iteration: 672, Loss: 0.06715991348028183
INFO:root:Validation set mIOU: 86.46818689998449
INFO:root:Epoch: 96, Iteration: 673, Loss: 0.04835761338472366
INFO:root:Epoch: 96, Iteration: 674, Loss: 0.06735991686582565
INFO:root:Epoch: 96, Iteration: 675, Loss: 0.08038013428449631
INFO:root:Epoch: 96, Iteration: 676, Loss: 0.059490807354450226
INFO:root:Epoch: 96, Iteration: 677, Loss: 0.0709800198674202
INFO:root:Epoch: 96, Iteration: 678, Loss: 0.09214916825294495
INFO:root:Epoch: 96, Iteration: 679, Loss: 0.09339699894189835
INFO:root:Validation set mIOU: 86.32664364558873
INFO:root:Epoch: 97, Iteration: 680, Loss: 0.10200732946395874
INFO:root:Epoch: 97, Iteration: 681, Loss: 0.06255832314491272
INFO:root:Epoch: 97, Iteration: 682, Loss: 0.08050049096345901
INFO:root:Epoch: 97, Iteration: 683, Loss: 0.07291152328252792
INFO:root:Epoch: 97, Iteration: 684, Loss: 0.06088562309741974
INFO:root:Epoch: 97, Iteration: 685, Loss: 0.06124522536993027
INFO:root:Epoch: 97, Iteration: 686, Loss: 0.06453388184309006
INFO:root:Validation set mIOU: 86.2871299997572
INFO:root:Epoch: 98, Iteration: 687, Loss: 0.06495879590511322
INFO:root:Epoch: 98, Iteration: 688, Loss: 0.09171503782272339
INFO:root:Epoch: 98, Iteration: 689, Loss: 0.09708519279956818
INFO:root:Epoch: 98, Iteration: 690, Loss: 0.05063248425722122
INFO:root:Epoch: 98, Iteration: 691, Loss: 0.06826607882976532
INFO:root:Epoch: 98, Iteration: 692, Loss: 0.06535179167985916
INFO:root:Epoch: 98, Iteration: 693, Loss: 0.08270223438739777
INFO:root:Validation set mIOU: 86.40917912799148
INFO:root:Epoch: 99, Iteration: 694, Loss: 0.058108165860176086
INFO:root:Epoch: 99, Iteration: 695, Loss: 0.11162210255861282
INFO:root:Epoch: 99, Iteration: 696, Loss: 0.06800074130296707
INFO:root:Epoch: 99, Iteration: 697, Loss: 0.10287974029779434
INFO:root:Epoch: 99, Iteration: 698, Loss: 0.0678524300456047
INFO:root:Epoch: 99, Iteration: 699, Loss: 0.05621888116002083
INFO:root:Epoch: 99, Iteration: 700, Loss: 0.06316747516393661
INFO:root:Validation set mIOU: 86.35414455457443
