INFO:root:{'addition': 'nothing',
 'backbone': 'resnet50',
 'batch_size': 16,
 'batch_size_consistency': 16,
 'conf_thres': 0.95,
 'config': 'configs/dataset2.yaml',
 'consistency_training': False,
 'crop_size': 320,
 'data_root': './',
 'dataset': 'dataset2',
 'epochs': 100,
 'labeled_id_path': 'dataset/splits/dataset2/1_4/split_random/labeled.txt',
 'lr': 0.0009,
 'model': 'unet',
 'ngpus': 1,
 'plus': False,
 'pseudo_consistency_mask_path': None,
 'pseudo_mask_path': 'outdir/pseudo_masks/dataset2/1_4/split_random/unet/resnet50/self_training/non_consistency_training/first_time',
 'rand_thres': 0.8,
 'reliable_id_path': None,
 'save_path': 'outdir/models/dataset2/1_4/split_random/unet/resnet50/self_training/non_consistency_training/first_time',
 'time': 1,
 'unlabeled_id_path': 'dataset/splits/dataset2/1_4/split_random/unlabeled.txt',
 'warm_up': 30}

INFO:root:Training supervised with consistency on unlabeled images
INFO:root:Epoch: 0, Iteration: 1, Loss: 1.196028709411621
INFO:root:Epoch: 0, Iteration: 2, Loss: 1.204801082611084
INFO:root:Validation set mIOU: 5.173413309139888
INFO:root:Epoch: 1, Iteration: 3, Loss: 1.0906273126602173
INFO:root:Epoch: 1, Iteration: 4, Loss: 1.0219097137451172
INFO:root:Validation set mIOU: 4.829134116288434
INFO:root:Epoch: 2, Iteration: 5, Loss: 0.948424220085144
INFO:root:Epoch: 2, Iteration: 6, Loss: 0.904280424118042
INFO:root:Validation set mIOU: 11.781778808964892
INFO:root:Epoch: 3, Iteration: 7, Loss: 0.8710001707077026
INFO:root:Epoch: 3, Iteration: 8, Loss: 0.8163450360298157
INFO:root:Validation set mIOU: 26.366265950191753
INFO:root:Epoch: 4, Iteration: 9, Loss: 0.8197572827339172
INFO:root:Epoch: 4, Iteration: 10, Loss: 0.8166568279266357
INFO:root:Validation set mIOU: 38.000415779776056
INFO:root:Epoch: 5, Iteration: 11, Loss: 0.7738074064254761
INFO:root:Epoch: 5, Iteration: 12, Loss: 0.7557879686355591
INFO:root:Validation set mIOU: 46.69513967327535
INFO:root:Epoch: 6, Iteration: 13, Loss: 0.7294922471046448
INFO:root:Epoch: 6, Iteration: 14, Loss: 0.7460049390792847
INFO:root:Validation set mIOU: 57.22496976745216
INFO:root:Epoch: 7, Iteration: 15, Loss: 0.7176809310913086
INFO:root:Epoch: 7, Iteration: 16, Loss: 0.7094164490699768
INFO:root:Validation set mIOU: 66.57602757891343
INFO:root:Epoch: 8, Iteration: 17, Loss: 0.7065342664718628
INFO:root:Epoch: 8, Iteration: 18, Loss: 0.6863835453987122
INFO:root:Validation set mIOU: 67.09492978856369
INFO:root:Epoch: 9, Iteration: 19, Loss: 0.6711596846580505
INFO:root:Epoch: 9, Iteration: 20, Loss: 0.6880307793617249
INFO:root:Validation set mIOU: 72.19138065632818
INFO:root:Epoch: 10, Iteration: 21, Loss: 0.6867843270301819
INFO:root:Epoch: 10, Iteration: 22, Loss: 0.6493068337440491
INFO:root:Validation set mIOU: 75.18093435544756
INFO:root:Epoch: 11, Iteration: 23, Loss: 0.6585586667060852
INFO:root:Epoch: 11, Iteration: 24, Loss: 0.6549347043037415
INFO:root:Validation set mIOU: 75.58685411809405
INFO:root:Epoch: 12, Iteration: 25, Loss: 0.6305829882621765
INFO:root:Epoch: 12, Iteration: 26, Loss: 0.6634987592697144
INFO:root:Validation set mIOU: 74.20341327254212
INFO:root:Epoch: 13, Iteration: 27, Loss: 0.6427660584449768
INFO:root:Epoch: 13, Iteration: 28, Loss: 0.6521545648574829
INFO:root:Validation set mIOU: 75.63103996791925
INFO:root:Epoch: 14, Iteration: 29, Loss: 0.6296888589859009
INFO:root:Epoch: 14, Iteration: 30, Loss: 0.6341069340705872
INFO:root:Validation set mIOU: 76.18117712427227
INFO:root:Epoch: 15, Iteration: 31, Loss: 0.6291150450706482
INFO:root:Epoch: 15, Iteration: 32, Loss: 0.627212643623352
INFO:root:Validation set mIOU: 75.05389247691026
INFO:root:Epoch: 16, Iteration: 33, Loss: 0.6299307942390442
INFO:root:Epoch: 16, Iteration: 34, Loss: 0.6416015625
INFO:root:Validation set mIOU: 74.27867133617481
INFO:root:Epoch: 17, Iteration: 35, Loss: 0.6169036030769348
INFO:root:Epoch: 17, Iteration: 36, Loss: 0.6233869194984436
INFO:root:Validation set mIOU: 67.03948175695659
INFO:root:Epoch: 18, Iteration: 37, Loss: 0.6332311630249023
INFO:root:Epoch: 18, Iteration: 38, Loss: 0.6053481101989746
INFO:root:Validation set mIOU: 74.79016743170993
INFO:root:Epoch: 19, Iteration: 39, Loss: 0.6078065633773804
INFO:root:Epoch: 19, Iteration: 40, Loss: 0.6134679317474365
INFO:root:Validation set mIOU: 68.60490724991233
INFO:root:Epoch: 20, Iteration: 41, Loss: 0.624968945980072
INFO:root:Epoch: 20, Iteration: 42, Loss: 0.6058400869369507
INFO:root:Validation set mIOU: 64.20900850275079
INFO:root:Epoch: 21, Iteration: 43, Loss: 0.6009355783462524
INFO:root:Epoch: 21, Iteration: 44, Loss: 0.6086480617523193
INFO:root:Validation set mIOU: 69.13295642837575
INFO:root:Epoch: 22, Iteration: 45, Loss: 0.593513548374176
INFO:root:Epoch: 22, Iteration: 46, Loss: 0.6029674410820007
INFO:root:Validation set mIOU: 70.63037184065118
INFO:root:Epoch: 23, Iteration: 47, Loss: 0.6122653484344482
INFO:root:Epoch: 23, Iteration: 48, Loss: 0.6040524840354919
INFO:root:Validation set mIOU: 58.3180868254029
INFO:root:Epoch: 24, Iteration: 49, Loss: 0.6271386742591858
INFO:root:Epoch: 24, Iteration: 50, Loss: 0.6009292006492615
INFO:root:Validation set mIOU: 78.66723267130587
INFO:root:Epoch: 25, Iteration: 51, Loss: 0.5966306328773499
INFO:root:Epoch: 25, Iteration: 52, Loss: 0.6004192233085632
INFO:root:Validation set mIOU: 82.53096546772224
INFO:root:Epoch: 26, Iteration: 53, Loss: 0.5919678807258606
INFO:root:Epoch: 26, Iteration: 54, Loss: 0.6082344055175781
INFO:root:Validation set mIOU: 78.9098114819231
INFO:root:Epoch: 27, Iteration: 55, Loss: 0.5908200740814209
INFO:root:Epoch: 27, Iteration: 56, Loss: 0.6101363301277161
INFO:root:Validation set mIOU: 77.51428148497372
INFO:root:Epoch: 28, Iteration: 57, Loss: 0.6045827269554138
INFO:root:Epoch: 28, Iteration: 58, Loss: 0.5898465514183044
INFO:root:Validation set mIOU: 82.23955665255592
INFO:root:Epoch: 29, Iteration: 59, Loss: 0.5975390076637268
INFO:root:Epoch: 29, Iteration: 60, Loss: 0.6175513863563538
INFO:root:Validation set mIOU: 81.19270025707283
INFO:root:Epoch: 30, Iteration: 61, Loss: 0.602308452129364
INFO:root:Epoch: 30, Iteration: 62, Loss: 0.617590606212616
INFO:root:Validation set mIOU: 71.6257772431418
INFO:root:Epoch: 31, Iteration: 63, Loss: 0.5962157845497131
INFO:root:Epoch: 31, Iteration: 64, Loss: 0.6613205671310425
INFO:root:Validation set mIOU: 76.25087764818724
INFO:root:Epoch: 32, Iteration: 65, Loss: 0.5956721901893616
INFO:root:Epoch: 32, Iteration: 66, Loss: 0.6205431222915649
INFO:root:Validation set mIOU: 81.73140825532846
INFO:root:Epoch: 33, Iteration: 67, Loss: 0.598418653011322
INFO:root:Epoch: 33, Iteration: 68, Loss: 0.5986113548278809
INFO:root:Validation set mIOU: 82.08034162647913
INFO:root:Epoch: 34, Iteration: 69, Loss: 0.5960686206817627
INFO:root:Epoch: 34, Iteration: 70, Loss: 0.5935481786727905
INFO:root:Validation set mIOU: 82.27606453186014
INFO:root:Epoch: 35, Iteration: 71, Loss: 0.5950895547866821
INFO:root:Epoch: 35, Iteration: 72, Loss: 0.5853084325790405
INFO:root:Validation set mIOU: 82.02434742338318
INFO:root:Epoch: 36, Iteration: 73, Loss: 0.5906937122344971
INFO:root:Epoch: 36, Iteration: 74, Loss: 0.5919643044471741
INFO:root:Validation set mIOU: 81.5989111314135
INFO:root:Epoch: 37, Iteration: 75, Loss: 0.5920137763023376
INFO:root:Epoch: 37, Iteration: 76, Loss: 0.5890547037124634
INFO:root:Validation set mIOU: 81.28887321632389
INFO:root:Epoch: 38, Iteration: 77, Loss: 0.591895341873169
INFO:root:Epoch: 38, Iteration: 78, Loss: 0.5905061960220337
INFO:root:Validation set mIOU: 79.73705072565556
INFO:root:Epoch: 39, Iteration: 79, Loss: 0.5913885831832886
INFO:root:Epoch: 39, Iteration: 80, Loss: 0.5852410197257996
INFO:root:Validation set mIOU: 80.65167742834936
INFO:root:Epoch: 40, Iteration: 81, Loss: 0.5845596194267273
INFO:root:Epoch: 40, Iteration: 82, Loss: 0.5855861902236938
INFO:root:Validation set mIOU: 84.66163033986706
INFO:root:Epoch: 41, Iteration: 83, Loss: 0.596782386302948
INFO:root:Epoch: 41, Iteration: 84, Loss: 0.5923890471458435
INFO:root:Validation set mIOU: 78.62209669525285
INFO:root:Epoch: 42, Iteration: 85, Loss: 0.5884898900985718
INFO:root:Epoch: 42, Iteration: 86, Loss: 0.5812838673591614
INFO:root:Validation set mIOU: 78.38857963186663
INFO:root:Epoch: 43, Iteration: 87, Loss: 0.5913284420967102
INFO:root:Epoch: 43, Iteration: 88, Loss: 0.6126466393470764
INFO:root:Validation set mIOU: 81.10812141078988
INFO:root:Epoch: 44, Iteration: 89, Loss: 0.5858743786811829
INFO:root:Epoch: 44, Iteration: 90, Loss: 0.5856626629829407
INFO:root:Validation set mIOU: 80.24773013418346
INFO:root:Epoch: 45, Iteration: 91, Loss: 0.6073046922683716
INFO:root:Epoch: 45, Iteration: 92, Loss: 0.5969598889350891
INFO:root:Validation set mIOU: 80.01846575050399
INFO:root:Epoch: 46, Iteration: 93, Loss: 0.5948798060417175
INFO:root:Epoch: 46, Iteration: 94, Loss: 0.5873460173606873
INFO:root:Validation set mIOU: 79.77458963482108
INFO:root:Epoch: 47, Iteration: 95, Loss: 0.6031167507171631
INFO:root:Epoch: 47, Iteration: 96, Loss: 0.5997276902198792
INFO:root:Validation set mIOU: 77.22384328395736
INFO:root:Epoch: 48, Iteration: 97, Loss: 0.5822421908378601
INFO:root:Epoch: 48, Iteration: 98, Loss: 0.5893589854240417
INFO:root:Validation set mIOU: 80.42065460667787
INFO:root:Epoch: 49, Iteration: 99, Loss: 0.5928286910057068
INFO:root:Epoch: 49, Iteration: 100, Loss: 0.5957356095314026
INFO:root:Validation set mIOU: 80.02650634115197
INFO:root:Epoch: 50, Iteration: 101, Loss: 0.5883094072341919
INFO:root:Epoch: 50, Iteration: 102, Loss: 0.585953414440155
INFO:root:Validation set mIOU: 78.73456346832283
INFO:root:Epoch: 51, Iteration: 103, Loss: 0.5819445848464966
INFO:root:Epoch: 51, Iteration: 104, Loss: 0.6060502529144287
INFO:root:Validation set mIOU: 84.04482899469375
INFO:root:Epoch: 52, Iteration: 105, Loss: 0.5804765820503235
INFO:root:Epoch: 52, Iteration: 106, Loss: 0.6301397681236267
INFO:root:Validation set mIOU: 85.14442655529626
INFO:root:Epoch: 53, Iteration: 107, Loss: 0.5811594128608704
INFO:root:Epoch: 53, Iteration: 108, Loss: 0.5990235209465027
INFO:root:Validation set mIOU: 82.19877318511148
INFO:root:Epoch: 54, Iteration: 109, Loss: 0.5920314192771912
INFO:root:Epoch: 54, Iteration: 110, Loss: 0.5818288326263428
INFO:root:Validation set mIOU: 80.53213970256232
INFO:root:Epoch: 55, Iteration: 111, Loss: 0.6085697412490845
INFO:root:Epoch: 55, Iteration: 112, Loss: 0.5817264318466187
INFO:root:Validation set mIOU: 84.44553322597275
INFO:root:Epoch: 56, Iteration: 113, Loss: 0.5804809927940369
INFO:root:Epoch: 56, Iteration: 114, Loss: 0.6244105696678162
INFO:root:Validation set mIOU: 86.44128185854065
INFO:root:Epoch: 57, Iteration: 115, Loss: 0.5856491327285767
INFO:root:Epoch: 57, Iteration: 116, Loss: 0.5859178900718689
INFO:root:Validation set mIOU: 81.33708172674403
INFO:root:Epoch: 58, Iteration: 117, Loss: 0.5790160894393921
INFO:root:Epoch: 58, Iteration: 118, Loss: 0.6140986084938049
INFO:root:Validation set mIOU: 78.72710903176416
INFO:root:Epoch: 59, Iteration: 119, Loss: 0.6070457100868225
INFO:root:Epoch: 59, Iteration: 120, Loss: 0.5896435379981995
INFO:root:Validation set mIOU: 81.77384308282166
INFO:root:Epoch: 60, Iteration: 121, Loss: 0.5864357948303223
INFO:root:Epoch: 60, Iteration: 122, Loss: 0.5839887261390686
INFO:root:Validation set mIOU: 81.30174451978084
INFO:root:Epoch: 61, Iteration: 123, Loss: 0.5795690417289734
INFO:root:Epoch: 61, Iteration: 124, Loss: 0.6004884839057922
INFO:root:Validation set mIOU: 79.87676556686667
INFO:root:Epoch: 62, Iteration: 125, Loss: 0.5852472186088562
INFO:root:Epoch: 62, Iteration: 126, Loss: 0.589629054069519
INFO:root:Validation set mIOU: 79.85683459867046
INFO:root:Epoch: 63, Iteration: 127, Loss: 0.5829176902770996
INFO:root:Epoch: 63, Iteration: 128, Loss: 0.5821962356567383
INFO:root:Validation set mIOU: 80.06199556148653
INFO:root:Epoch: 64, Iteration: 129, Loss: 0.5807530283927917
INFO:root:Epoch: 64, Iteration: 130, Loss: 0.5790692567825317
INFO:root:Validation set mIOU: 80.87884645992291
INFO:root:Epoch: 65, Iteration: 131, Loss: 0.575239896774292
INFO:root:Epoch: 65, Iteration: 132, Loss: 0.5763095021247864
INFO:root:Validation set mIOU: 82.66306457857767
INFO:root:Epoch: 66, Iteration: 133, Loss: 0.5862807035446167
INFO:root:Epoch: 66, Iteration: 134, Loss: 0.5789318680763245
INFO:root:Validation set mIOU: 83.58504182351018
INFO:root:Epoch: 67, Iteration: 135, Loss: 0.5802966952323914
INFO:root:Epoch: 67, Iteration: 136, Loss: 0.5860684514045715
INFO:root:Validation set mIOU: 78.48358759379857
INFO:root:Epoch: 68, Iteration: 137, Loss: 0.573497474193573
INFO:root:Epoch: 68, Iteration: 138, Loss: 0.5832108855247498
INFO:root:Validation set mIOU: 82.21184665557676
INFO:root:Epoch: 69, Iteration: 139, Loss: 0.5816731452941895
INFO:root:Epoch: 69, Iteration: 140, Loss: 0.5875535607337952
INFO:root:Validation set mIOU: 87.7690757433199
INFO:root:Epoch: 70, Iteration: 141, Loss: 0.5951296091079712
INFO:root:Epoch: 70, Iteration: 142, Loss: 0.5769261717796326
INFO:root:Validation set mIOU: 87.9705652745972
INFO:root:Epoch: 71, Iteration: 143, Loss: 0.5923585295677185
INFO:root:Epoch: 71, Iteration: 144, Loss: 0.586657702922821
INFO:root:Validation set mIOU: 88.42886016895724
INFO:root:Epoch: 72, Iteration: 145, Loss: 0.589525043964386
INFO:root:Epoch: 72, Iteration: 146, Loss: 0.6000515818595886
INFO:root:Validation set mIOU: 82.65282588310609
INFO:root:Epoch: 73, Iteration: 147, Loss: 0.5789059400558472
INFO:root:Epoch: 73, Iteration: 148, Loss: 0.5763802528381348
INFO:root:Validation set mIOU: 65.84064611128883
INFO:root:Epoch: 74, Iteration: 149, Loss: 0.6069630980491638
INFO:root:Epoch: 74, Iteration: 150, Loss: 0.5777750015258789
INFO:root:Validation set mIOU: 81.91499491301015
INFO:root:Epoch: 75, Iteration: 151, Loss: 0.586082398891449
INFO:root:Epoch: 75, Iteration: 152, Loss: 0.576472282409668
INFO:root:Validation set mIOU: 86.73080214139955
INFO:root:Epoch: 76, Iteration: 153, Loss: 0.5824359655380249
INFO:root:Epoch: 76, Iteration: 154, Loss: 0.5821492671966553
INFO:root:Validation set mIOU: 88.08702123471262
INFO:root:Epoch: 77, Iteration: 155, Loss: 0.5755534768104553
INFO:root:Epoch: 77, Iteration: 156, Loss: 0.5916734933853149
INFO:root:Validation set mIOU: 88.14476747171344
INFO:root:Epoch: 78, Iteration: 157, Loss: 0.5851545929908752
INFO:root:Epoch: 78, Iteration: 158, Loss: 0.573198676109314
INFO:root:Validation set mIOU: 86.6537023361797
INFO:root:Epoch: 79, Iteration: 159, Loss: 0.573801577091217
INFO:root:Epoch: 79, Iteration: 160, Loss: 0.5776441097259521
INFO:root:Validation set mIOU: 85.98334331618395
INFO:root:Epoch: 80, Iteration: 161, Loss: 0.576606810092926
INFO:root:Epoch: 80, Iteration: 162, Loss: 0.578028678894043
INFO:root:Validation set mIOU: 87.72551563238996
INFO:root:Epoch: 81, Iteration: 163, Loss: 0.5937350988388062
INFO:root:Epoch: 81, Iteration: 164, Loss: 0.5850462317466736
INFO:root:Validation set mIOU: 88.56719391887971
INFO:root:Epoch: 82, Iteration: 165, Loss: 0.574933648109436
INFO:root:Epoch: 82, Iteration: 166, Loss: 0.5791233777999878
INFO:root:Validation set mIOU: 88.57461055911027
INFO:root:Epoch: 83, Iteration: 167, Loss: 0.5710055232048035
INFO:root:Epoch: 83, Iteration: 168, Loss: 0.5784485936164856
INFO:root:Validation set mIOU: 88.51696534017978
INFO:root:Epoch: 84, Iteration: 169, Loss: 0.57427579164505
INFO:root:Epoch: 84, Iteration: 170, Loss: 0.5733198523521423
INFO:root:Validation set mIOU: 88.35186846264071
INFO:root:Epoch: 85, Iteration: 171, Loss: 0.5761547088623047
INFO:root:Epoch: 85, Iteration: 172, Loss: 0.5749731659889221
INFO:root:Validation set mIOU: 88.25592450802212
INFO:root:Epoch: 86, Iteration: 173, Loss: 0.5743141174316406
INFO:root:Epoch: 86, Iteration: 174, Loss: 0.5748844146728516
INFO:root:Validation set mIOU: 88.76056914263745
INFO:root:Epoch: 87, Iteration: 175, Loss: 0.5741275548934937
INFO:root:Epoch: 87, Iteration: 176, Loss: 0.5785441994667053
INFO:root:Validation set mIOU: 88.7351675946323
INFO:root:Epoch: 88, Iteration: 177, Loss: 0.5689266324043274
INFO:root:Epoch: 88, Iteration: 178, Loss: 0.581924557685852
INFO:root:Validation set mIOU: 87.86307607481031
INFO:root:Epoch: 89, Iteration: 179, Loss: 0.5734326839447021
INFO:root:Epoch: 89, Iteration: 180, Loss: 0.5709682106971741
INFO:root:Validation set mIOU: 86.91628403579466
INFO:root:Epoch: 90, Iteration: 181, Loss: 0.5758179426193237
INFO:root:Epoch: 90, Iteration: 182, Loss: 0.5706720948219299
INFO:root:Validation set mIOU: 86.61409680681226
INFO:root:Epoch: 91, Iteration: 183, Loss: 0.5707260966300964
INFO:root:Epoch: 91, Iteration: 184, Loss: 0.5725869536399841
INFO:root:Validation set mIOU: 86.35412770647594
INFO:root:Epoch: 92, Iteration: 185, Loss: 0.573607325553894
INFO:root:Epoch: 92, Iteration: 186, Loss: 0.574266254901886
INFO:root:Validation set mIOU: 86.7695036660106
INFO:root:Epoch: 93, Iteration: 187, Loss: 0.5728373527526855
INFO:root:Epoch: 93, Iteration: 188, Loss: 0.5693556070327759
INFO:root:Validation set mIOU: 87.00481324086942
INFO:root:Epoch: 94, Iteration: 189, Loss: 0.5727083683013916
INFO:root:Epoch: 94, Iteration: 190, Loss: 0.5737603902816772
INFO:root:Validation set mIOU: 87.31582497446682
INFO:root:Epoch: 95, Iteration: 191, Loss: 0.5766345262527466
INFO:root:Epoch: 95, Iteration: 192, Loss: 0.5710875988006592
INFO:root:Validation set mIOU: 87.50383070846827
INFO:root:Epoch: 96, Iteration: 193, Loss: 0.5699693560600281
INFO:root:Epoch: 96, Iteration: 194, Loss: 0.5714884996414185
INFO:root:Validation set mIOU: 87.64827158707061
INFO:root:Epoch: 97, Iteration: 195, Loss: 0.5723828077316284
INFO:root:Epoch: 97, Iteration: 196, Loss: 0.5731594562530518
INFO:root:Validation set mIOU: 87.76147326699646
INFO:root:Epoch: 98, Iteration: 197, Loss: 0.5764662623405457
INFO:root:Epoch: 98, Iteration: 198, Loss: 0.5757808089256287
INFO:root:Validation set mIOU: 88.00405232564117
INFO:root:Epoch: 99, Iteration: 199, Loss: 0.578423798084259
INFO:root:Epoch: 99, Iteration: 200, Loss: 0.5707912445068359
INFO:root:Validation set mIOU: 88.03139022106899
INFO:root:Semi-training
INFO:root:Epoch: 0, Iteration: 1, Loss: 1.0673401355743408
INFO:root:Epoch: 0, Iteration: 2, Loss: 1.0301668643951416
INFO:root:Epoch: 0, Iteration: 3, Loss: 0.9913206100463867
INFO:root:Epoch: 0, Iteration: 4, Loss: 0.9225634932518005
INFO:root:Epoch: 0, Iteration: 5, Loss: 0.8582271337509155
INFO:root:Epoch: 0, Iteration: 6, Loss: 0.8696988224983215
INFO:root:Epoch: 0, Iteration: 7, Loss: 0.8159556984901428
INFO:root:Validation set mIOU: 45.68095155930668
INFO:root:Epoch: 1, Iteration: 8, Loss: 0.776195764541626
INFO:root:Epoch: 1, Iteration: 9, Loss: 0.7434649467468262
INFO:root:Epoch: 1, Iteration: 10, Loss: 0.7519890666007996
INFO:root:Epoch: 1, Iteration: 11, Loss: 0.70928955078125
INFO:root:Epoch: 1, Iteration: 12, Loss: 0.6766690611839294
INFO:root:Epoch: 1, Iteration: 13, Loss: 0.7083640694618225
INFO:root:Epoch: 1, Iteration: 14, Loss: 0.6882055401802063
INFO:root:Validation set mIOU: 69.31412873305072
INFO:root:Epoch: 2, Iteration: 15, Loss: 0.6511245965957642
INFO:root:Epoch: 2, Iteration: 16, Loss: 0.6614590883255005
INFO:root:Epoch: 2, Iteration: 17, Loss: 0.6672129034996033
INFO:root:Epoch: 2, Iteration: 18, Loss: 0.672055184841156
INFO:root:Epoch: 2, Iteration: 19, Loss: 0.7531715631484985
INFO:root:Epoch: 2, Iteration: 20, Loss: 0.7024211287498474
INFO:root:Epoch: 2, Iteration: 21, Loss: 0.6521754264831543
INFO:root:Validation set mIOU: 63.01601587785414
INFO:root:Epoch: 3, Iteration: 22, Loss: 0.6569215059280396
INFO:root:Epoch: 3, Iteration: 23, Loss: 0.6467729210853577
INFO:root:Epoch: 3, Iteration: 24, Loss: 0.6466367244720459
INFO:root:Epoch: 3, Iteration: 25, Loss: 0.6838537454605103
INFO:root:Epoch: 3, Iteration: 26, Loss: 0.6599186062812805
INFO:root:Epoch: 3, Iteration: 27, Loss: 0.670730710029602
INFO:root:Epoch: 3, Iteration: 28, Loss: 0.7049493193626404
INFO:root:Validation set mIOU: 75.65082403610191
INFO:root:Epoch: 4, Iteration: 29, Loss: 0.6406530141830444
INFO:root:Epoch: 4, Iteration: 30, Loss: 0.6347193121910095
INFO:root:Epoch: 4, Iteration: 31, Loss: 0.6254011988639832
INFO:root:Epoch: 4, Iteration: 32, Loss: 0.6474111080169678
INFO:root:Epoch: 4, Iteration: 33, Loss: 0.6702163815498352
INFO:root:Epoch: 4, Iteration: 34, Loss: 0.6298137903213501
INFO:root:Epoch: 4, Iteration: 35, Loss: 0.6327243447303772
INFO:root:Validation set mIOU: 56.391812351790826
INFO:root:Epoch: 5, Iteration: 36, Loss: 0.6702361702919006
INFO:root:Epoch: 5, Iteration: 37, Loss: 0.6657553315162659
INFO:root:Epoch: 5, Iteration: 38, Loss: 0.6616756319999695
INFO:root:Epoch: 5, Iteration: 39, Loss: 0.6510301828384399
INFO:root:Epoch: 5, Iteration: 40, Loss: 0.6905081272125244
INFO:root:Epoch: 5, Iteration: 41, Loss: 0.6779399514198303
INFO:root:Epoch: 5, Iteration: 42, Loss: 0.6624232530593872
INFO:root:Validation set mIOU: 78.97921796057872
INFO:root:Epoch: 6, Iteration: 43, Loss: 0.6691992282867432
INFO:root:Epoch: 6, Iteration: 44, Loss: 0.6805071234703064
INFO:root:Epoch: 6, Iteration: 45, Loss: 0.6517309546470642
INFO:root:Epoch: 6, Iteration: 46, Loss: 0.6866242289543152
INFO:root:Epoch: 6, Iteration: 47, Loss: 0.719046950340271
INFO:root:Epoch: 6, Iteration: 48, Loss: 0.6326240301132202
INFO:root:Epoch: 6, Iteration: 49, Loss: 0.6366813778877258
INFO:root:Validation set mIOU: 80.18546999347609
INFO:root:Epoch: 7, Iteration: 50, Loss: 0.6476022005081177
INFO:root:Epoch: 7, Iteration: 51, Loss: 0.651716947555542
INFO:root:Epoch: 7, Iteration: 52, Loss: 0.671362578868866
INFO:root:Epoch: 7, Iteration: 53, Loss: 0.6282538771629333
INFO:root:Epoch: 7, Iteration: 54, Loss: 0.6060578227043152
INFO:root:Epoch: 7, Iteration: 55, Loss: 0.627569854259491
INFO:root:Epoch: 7, Iteration: 56, Loss: 0.6306318640708923
INFO:root:Validation set mIOU: 78.70976804965964
INFO:root:Epoch: 8, Iteration: 57, Loss: 0.6556106805801392
INFO:root:Epoch: 8, Iteration: 58, Loss: 0.6602944135665894
INFO:root:Epoch: 8, Iteration: 59, Loss: 0.6960188150405884
INFO:root:Epoch: 8, Iteration: 60, Loss: 0.6710124611854553
INFO:root:Epoch: 8, Iteration: 61, Loss: 0.6276568174362183
INFO:root:Epoch: 8, Iteration: 62, Loss: 0.7071417570114136
INFO:root:Epoch: 8, Iteration: 63, Loss: 0.6858919262886047
INFO:root:Validation set mIOU: 67.81363028215743
INFO:root:Epoch: 9, Iteration: 64, Loss: 0.7223141193389893
INFO:root:Epoch: 9, Iteration: 65, Loss: 0.619210958480835
INFO:root:Epoch: 9, Iteration: 66, Loss: 0.6475153565406799
INFO:root:Epoch: 9, Iteration: 67, Loss: 0.6791102886199951
INFO:root:Epoch: 9, Iteration: 68, Loss: 0.6889911890029907
INFO:root:Epoch: 9, Iteration: 69, Loss: 0.6659055352210999
INFO:root:Epoch: 9, Iteration: 70, Loss: 0.6371870040893555
INFO:root:Validation set mIOU: 68.2987174984285
INFO:root:Epoch: 10, Iteration: 71, Loss: 0.6594435572624207
INFO:root:Epoch: 10, Iteration: 72, Loss: 0.6454999446868896
INFO:root:Epoch: 10, Iteration: 73, Loss: 0.6770556569099426
INFO:root:Epoch: 10, Iteration: 74, Loss: 0.5992115139961243
INFO:root:Epoch: 10, Iteration: 75, Loss: 0.6397885084152222
INFO:root:Epoch: 10, Iteration: 76, Loss: 0.6215200424194336
INFO:root:Epoch: 10, Iteration: 77, Loss: 0.650732159614563
INFO:root:Validation set mIOU: 77.5434621886133
INFO:root:Epoch: 11, Iteration: 78, Loss: 0.6318219900131226
INFO:root:Epoch: 11, Iteration: 79, Loss: 0.6291524767875671
INFO:root:Epoch: 11, Iteration: 80, Loss: 0.6517413854598999
INFO:root:Epoch: 11, Iteration: 81, Loss: 0.6322360038757324
INFO:root:Epoch: 11, Iteration: 82, Loss: 0.6136836409568787
INFO:root:Epoch: 11, Iteration: 83, Loss: 0.6655385494232178
INFO:root:Epoch: 11, Iteration: 84, Loss: 0.6091507077217102
INFO:root:Validation set mIOU: 77.65261135959001
INFO:root:Epoch: 12, Iteration: 85, Loss: 0.6249087452888489
INFO:root:Epoch: 12, Iteration: 86, Loss: 0.6202713847160339
INFO:root:Epoch: 12, Iteration: 87, Loss: 0.6738715171813965
INFO:root:Epoch: 12, Iteration: 88, Loss: 0.6598397493362427
INFO:root:Epoch: 12, Iteration: 89, Loss: 0.6219946146011353
INFO:root:Epoch: 12, Iteration: 90, Loss: 0.6300553679466248
INFO:root:Epoch: 12, Iteration: 91, Loss: 0.6599171161651611
INFO:root:Validation set mIOU: 78.09149881597902
INFO:root:Epoch: 13, Iteration: 92, Loss: 0.7027890086174011
INFO:root:Epoch: 13, Iteration: 93, Loss: 0.6800341606140137
INFO:root:Epoch: 13, Iteration: 94, Loss: 0.635663628578186
INFO:root:Epoch: 13, Iteration: 95, Loss: 0.6884436011314392
INFO:root:Epoch: 13, Iteration: 96, Loss: 0.6371265649795532
INFO:root:Epoch: 13, Iteration: 97, Loss: 0.6355694532394409
INFO:root:Epoch: 13, Iteration: 98, Loss: 0.6069221496582031
INFO:root:Validation set mIOU: 68.07221223673156
INFO:root:Epoch: 14, Iteration: 99, Loss: 0.6004358530044556
INFO:root:Epoch: 14, Iteration: 100, Loss: 0.6541629433631897
INFO:root:Epoch: 14, Iteration: 101, Loss: 0.6455670595169067
INFO:root:Epoch: 14, Iteration: 102, Loss: 0.6143487691879272
INFO:root:Epoch: 14, Iteration: 103, Loss: 0.6295827627182007
INFO:root:Epoch: 14, Iteration: 104, Loss: 0.6300356388092041
INFO:root:Epoch: 14, Iteration: 105, Loss: 0.6556660532951355
INFO:root:Validation set mIOU: 67.25297184869366
INFO:root:Epoch: 15, Iteration: 106, Loss: 0.6214055418968201
INFO:root:Epoch: 15, Iteration: 107, Loss: 0.6880786418914795
INFO:root:Epoch: 15, Iteration: 108, Loss: 0.6616324186325073
INFO:root:Epoch: 15, Iteration: 109, Loss: 0.6385082006454468
INFO:root:Epoch: 15, Iteration: 110, Loss: 0.6311766505241394
INFO:root:Epoch: 15, Iteration: 111, Loss: 0.639366090297699
INFO:root:Epoch: 15, Iteration: 112, Loss: 0.5995858311653137
INFO:root:Validation set mIOU: 64.60743888745198
INFO:root:Epoch: 16, Iteration: 113, Loss: 0.622386634349823
INFO:root:Epoch: 16, Iteration: 114, Loss: 0.6629811525344849
INFO:root:Epoch: 16, Iteration: 115, Loss: 0.6474553942680359
INFO:root:Epoch: 16, Iteration: 116, Loss: 0.6670108437538147
INFO:root:Epoch: 16, Iteration: 117, Loss: 0.6403177976608276
INFO:root:Epoch: 16, Iteration: 118, Loss: 0.6493305563926697
INFO:root:Epoch: 16, Iteration: 119, Loss: 0.6163461208343506
INFO:root:Validation set mIOU: 74.87912881268866
INFO:root:Epoch: 17, Iteration: 120, Loss: 0.6369703412055969
INFO:root:Epoch: 17, Iteration: 121, Loss: 0.6021407246589661
INFO:root:Epoch: 17, Iteration: 122, Loss: 0.6517406105995178
INFO:root:Epoch: 17, Iteration: 123, Loss: 0.672260046005249
INFO:root:Epoch: 17, Iteration: 124, Loss: 0.6206149458885193
INFO:root:Epoch: 17, Iteration: 125, Loss: 0.6303454041481018
INFO:root:Epoch: 17, Iteration: 126, Loss: 0.6475688219070435
INFO:root:Validation set mIOU: 84.19067487351455
INFO:root:Epoch: 18, Iteration: 127, Loss: 0.5987173318862915
INFO:root:Epoch: 18, Iteration: 128, Loss: 0.6159107089042664
INFO:root:Epoch: 18, Iteration: 129, Loss: 0.6229552626609802
INFO:root:Epoch: 18, Iteration: 130, Loss: 0.6182345747947693
INFO:root:Epoch: 18, Iteration: 131, Loss: 0.6710712313652039
INFO:root:Epoch: 18, Iteration: 132, Loss: 0.7003498673439026
INFO:root:Epoch: 18, Iteration: 133, Loss: 0.6173136234283447
INFO:root:Validation set mIOU: 83.85088757426124
INFO:root:Epoch: 19, Iteration: 134, Loss: 0.6231949329376221
INFO:root:Epoch: 19, Iteration: 135, Loss: 0.6266797184944153
INFO:root:Epoch: 19, Iteration: 136, Loss: 0.6813062429428101
INFO:root:Epoch: 19, Iteration: 137, Loss: 0.6722669005393982
INFO:root:Epoch: 19, Iteration: 138, Loss: 0.655878484249115
INFO:root:Epoch: 19, Iteration: 139, Loss: 0.6439571380615234
INFO:root:Epoch: 19, Iteration: 140, Loss: 0.6433618664741516
INFO:root:Validation set mIOU: 81.5553607744786
INFO:root:Epoch: 20, Iteration: 141, Loss: 0.6794953942298889
INFO:root:Epoch: 20, Iteration: 142, Loss: 0.643036425113678
INFO:root:Epoch: 20, Iteration: 143, Loss: 0.6295516490936279
INFO:root:Epoch: 20, Iteration: 144, Loss: 0.6146441698074341
INFO:root:Epoch: 20, Iteration: 145, Loss: 0.669003427028656
INFO:root:Epoch: 20, Iteration: 146, Loss: 0.6353819370269775
INFO:root:Epoch: 20, Iteration: 147, Loss: 0.6500728130340576
INFO:root:Validation set mIOU: 70.73931844420201
INFO:root:Epoch: 21, Iteration: 148, Loss: 0.7159387469291687
INFO:root:Epoch: 21, Iteration: 149, Loss: 0.6323845386505127
INFO:root:Epoch: 21, Iteration: 150, Loss: 0.6705344915390015
INFO:root:Epoch: 21, Iteration: 151, Loss: 0.6315574645996094
INFO:root:Epoch: 21, Iteration: 152, Loss: 0.6650252342224121
INFO:root:Epoch: 21, Iteration: 153, Loss: 0.6941444873809814
INFO:root:Epoch: 21, Iteration: 154, Loss: 0.6178119778633118
INFO:root:Validation set mIOU: 72.83422438968012
INFO:root:Epoch: 22, Iteration: 155, Loss: 0.624918520450592
INFO:root:Epoch: 22, Iteration: 156, Loss: 0.6164460778236389
INFO:root:Epoch: 22, Iteration: 157, Loss: 0.6301567554473877
INFO:root:Epoch: 22, Iteration: 158, Loss: 0.6437427997589111
INFO:root:Epoch: 22, Iteration: 159, Loss: 0.642973005771637
INFO:root:Epoch: 22, Iteration: 160, Loss: 0.6374607086181641
INFO:root:Epoch: 22, Iteration: 161, Loss: 0.6260429620742798
INFO:root:Validation set mIOU: 80.4371945564518
INFO:root:Epoch: 23, Iteration: 162, Loss: 0.654288113117218
INFO:root:Epoch: 23, Iteration: 163, Loss: 0.6174181699752808
INFO:root:Epoch: 23, Iteration: 164, Loss: 0.6330506801605225
INFO:root:Epoch: 23, Iteration: 165, Loss: 0.6359954476356506
INFO:root:Epoch: 23, Iteration: 166, Loss: 0.6429724097251892
INFO:root:Epoch: 23, Iteration: 167, Loss: 0.6224275827407837
INFO:root:Epoch: 23, Iteration: 168, Loss: 0.682047426700592
INFO:root:Validation set mIOU: 75.8580713303324
INFO:root:Epoch: 24, Iteration: 169, Loss: 0.6546065211296082
INFO:root:Epoch: 24, Iteration: 170, Loss: 0.6606869101524353
INFO:root:Epoch: 24, Iteration: 171, Loss: 0.6182429790496826
INFO:root:Epoch: 24, Iteration: 172, Loss: 0.6487559676170349
INFO:root:Epoch: 24, Iteration: 173, Loss: 0.633699893951416
INFO:root:Epoch: 24, Iteration: 174, Loss: 0.6065628528594971
INFO:root:Epoch: 24, Iteration: 175, Loss: 0.6346349716186523
INFO:root:Validation set mIOU: 76.73106824841355
INFO:root:Epoch: 25, Iteration: 176, Loss: 0.6572665572166443
INFO:root:Epoch: 25, Iteration: 177, Loss: 0.651922881603241
INFO:root:Epoch: 25, Iteration: 178, Loss: 0.6086329221725464
INFO:root:Epoch: 25, Iteration: 179, Loss: 0.6273112893104553
INFO:root:Epoch: 25, Iteration: 180, Loss: 0.6512349247932434
INFO:root:Epoch: 25, Iteration: 181, Loss: 0.6560757160186768
INFO:root:Epoch: 25, Iteration: 182, Loss: 0.6169530153274536
INFO:root:Validation set mIOU: 82.01789021832978
INFO:root:Epoch: 26, Iteration: 183, Loss: 0.6700442433357239
INFO:root:Epoch: 26, Iteration: 184, Loss: 0.6544704437255859
INFO:root:Epoch: 26, Iteration: 185, Loss: 0.6389861106872559
INFO:root:Epoch: 26, Iteration: 186, Loss: 0.6348854303359985
INFO:root:Epoch: 26, Iteration: 187, Loss: 0.6210400462150574
INFO:root:Epoch: 26, Iteration: 188, Loss: 0.6604547500610352
INFO:root:Epoch: 26, Iteration: 189, Loss: 0.6274381279945374
INFO:root:Validation set mIOU: 80.08275881399169
INFO:root:Epoch: 27, Iteration: 190, Loss: 0.6359770894050598
INFO:root:Epoch: 27, Iteration: 191, Loss: 0.6339731812477112
INFO:root:Epoch: 27, Iteration: 192, Loss: 0.6033720374107361
INFO:root:Epoch: 27, Iteration: 193, Loss: 0.6674726009368896
INFO:root:Epoch: 27, Iteration: 194, Loss: 0.6157575249671936
INFO:root:Epoch: 27, Iteration: 195, Loss: 0.6233117580413818
INFO:root:Epoch: 27, Iteration: 196, Loss: 0.6141871213912964
INFO:root:Validation set mIOU: 72.3526035391275
INFO:root:Epoch: 28, Iteration: 197, Loss: 0.5932349562644958
INFO:root:Epoch: 28, Iteration: 198, Loss: 0.6071175932884216
INFO:root:Epoch: 28, Iteration: 199, Loss: 0.6433718204498291
INFO:root:Epoch: 28, Iteration: 200, Loss: 0.6212106347084045
INFO:root:Epoch: 28, Iteration: 201, Loss: 0.6026725769042969
INFO:root:Epoch: 28, Iteration: 202, Loss: 0.634407639503479
INFO:root:Epoch: 28, Iteration: 203, Loss: 0.6750279068946838
INFO:root:Validation set mIOU: 73.00600304323316
INFO:root:Epoch: 29, Iteration: 204, Loss: 0.6409733295440674
INFO:root:Epoch: 29, Iteration: 205, Loss: 0.6316490769386292
INFO:root:Epoch: 29, Iteration: 206, Loss: 0.6366159915924072
INFO:root:Epoch: 29, Iteration: 207, Loss: 0.6822943091392517
INFO:root:Epoch: 29, Iteration: 208, Loss: 0.6281639337539673
INFO:root:Epoch: 29, Iteration: 209, Loss: 0.628207802772522
INFO:root:Epoch: 29, Iteration: 210, Loss: 0.6438485980033875
INFO:root:Validation set mIOU: 84.13718857370144
INFO:root:Epoch: 30, Iteration: 211, Loss: 0.6043594479560852
INFO:root:Epoch: 30, Iteration: 212, Loss: 0.6176114678382874
INFO:root:Epoch: 30, Iteration: 213, Loss: 0.6903964877128601
INFO:root:Epoch: 30, Iteration: 214, Loss: 0.6280615925788879
INFO:root:Epoch: 30, Iteration: 215, Loss: 0.6284587383270264
INFO:root:Epoch: 30, Iteration: 216, Loss: 0.6248257160186768
INFO:root:Epoch: 30, Iteration: 217, Loss: 0.6320127844810486
INFO:root:Validation set mIOU: 84.6827081331424
INFO:root:Epoch: 31, Iteration: 218, Loss: 0.619333028793335
INFO:root:Epoch: 31, Iteration: 219, Loss: 0.6017400026321411
INFO:root:Epoch: 31, Iteration: 220, Loss: 0.6212940216064453
INFO:root:Epoch: 31, Iteration: 221, Loss: 0.6053246855735779
INFO:root:Epoch: 31, Iteration: 222, Loss: 0.6149905323982239
INFO:root:Epoch: 31, Iteration: 223, Loss: 0.6018639206886292
INFO:root:Epoch: 31, Iteration: 224, Loss: 0.5987439155578613
INFO:root:Validation set mIOU: 80.52892250799025
INFO:root:Epoch: 32, Iteration: 225, Loss: 0.59378582239151
INFO:root:Epoch: 32, Iteration: 226, Loss: 0.6350900530815125
INFO:root:Epoch: 32, Iteration: 227, Loss: 0.6407522559165955
INFO:root:Epoch: 32, Iteration: 228, Loss: 0.6250293254852295
INFO:root:Epoch: 32, Iteration: 229, Loss: 0.6240619421005249
INFO:root:Epoch: 32, Iteration: 230, Loss: 0.6103569269180298
INFO:root:Epoch: 32, Iteration: 231, Loss: 0.6508157253265381
INFO:root:Validation set mIOU: 63.988342612758366
INFO:root:Epoch: 33, Iteration: 232, Loss: 0.6131370067596436
INFO:root:Epoch: 33, Iteration: 233, Loss: 0.6072381138801575
INFO:root:Epoch: 33, Iteration: 234, Loss: 0.5986837148666382
INFO:root:Epoch: 33, Iteration: 235, Loss: 0.6158118844032288
INFO:root:Epoch: 33, Iteration: 236, Loss: 0.6802061200141907
INFO:root:Epoch: 33, Iteration: 237, Loss: 0.6242852210998535
INFO:root:Epoch: 33, Iteration: 238, Loss: 0.6730378270149231
INFO:root:Validation set mIOU: 83.60817137866957
INFO:root:Epoch: 34, Iteration: 239, Loss: 0.5962355136871338
INFO:root:Epoch: 34, Iteration: 240, Loss: 0.6324476599693298
INFO:root:Epoch: 34, Iteration: 241, Loss: 0.6525993347167969
INFO:root:Epoch: 34, Iteration: 242, Loss: 0.6245988011360168
INFO:root:Epoch: 34, Iteration: 243, Loss: 0.6150424480438232
INFO:root:Epoch: 34, Iteration: 244, Loss: 0.6423681974411011
INFO:root:Epoch: 34, Iteration: 245, Loss: 0.6445828080177307
INFO:root:Validation set mIOU: 83.4454396123859
INFO:root:Epoch: 35, Iteration: 246, Loss: 0.6076344847679138
INFO:root:Epoch: 35, Iteration: 247, Loss: 0.6207460761070251
INFO:root:Epoch: 35, Iteration: 248, Loss: 0.6696746945381165
INFO:root:Epoch: 35, Iteration: 249, Loss: 0.637731671333313
INFO:root:Epoch: 35, Iteration: 250, Loss: 0.6618282198905945
INFO:root:Epoch: 35, Iteration: 251, Loss: 0.6651526689529419
INFO:root:Epoch: 35, Iteration: 252, Loss: 0.6300241947174072
INFO:root:Validation set mIOU: 85.02729327008508
INFO:root:Epoch: 36, Iteration: 253, Loss: 0.6061352491378784
INFO:root:Epoch: 36, Iteration: 254, Loss: 0.6051872968673706
INFO:root:Epoch: 36, Iteration: 255, Loss: 0.6074022054672241
INFO:root:Epoch: 36, Iteration: 256, Loss: 0.6412097215652466
INFO:root:Epoch: 36, Iteration: 257, Loss: 0.6466100811958313
INFO:root:Epoch: 36, Iteration: 258, Loss: 0.6086918711662292
INFO:root:Epoch: 36, Iteration: 259, Loss: 0.6658869981765747
INFO:root:Validation set mIOU: 80.28897314207225
INFO:root:Epoch: 37, Iteration: 260, Loss: 0.6030884385108948
INFO:root:Epoch: 37, Iteration: 261, Loss: 0.6430427432060242
INFO:root:Epoch: 37, Iteration: 262, Loss: 0.6565619707107544
INFO:root:Epoch: 37, Iteration: 263, Loss: 0.5996304750442505
INFO:root:Epoch: 37, Iteration: 264, Loss: 0.6279892325401306
INFO:root:Epoch: 37, Iteration: 265, Loss: 0.6384219527244568
INFO:root:Epoch: 37, Iteration: 266, Loss: 0.6177096962928772
INFO:root:Validation set mIOU: 80.6140311543214
INFO:root:Epoch: 38, Iteration: 267, Loss: 0.6713164448738098
INFO:root:Epoch: 38, Iteration: 268, Loss: 0.6001682877540588
INFO:root:Epoch: 38, Iteration: 269, Loss: 0.6217760443687439
INFO:root:Epoch: 38, Iteration: 270, Loss: 0.6031789779663086
INFO:root:Epoch: 38, Iteration: 271, Loss: 0.6272972822189331
INFO:root:Epoch: 38, Iteration: 272, Loss: 0.6096180081367493
INFO:root:Epoch: 38, Iteration: 273, Loss: 0.6225667595863342
INFO:root:Validation set mIOU: 81.82526951050335
INFO:root:Epoch: 39, Iteration: 274, Loss: 0.631994903087616
INFO:root:Epoch: 39, Iteration: 275, Loss: 0.625257134437561
INFO:root:Epoch: 39, Iteration: 276, Loss: 0.6035842895507812
INFO:root:Epoch: 39, Iteration: 277, Loss: 0.6659306883811951
INFO:root:Epoch: 39, Iteration: 278, Loss: 0.6290305256843567
INFO:root:Epoch: 39, Iteration: 279, Loss: 0.6524607539176941
INFO:root:Epoch: 39, Iteration: 280, Loss: 0.609396755695343
INFO:root:Validation set mIOU: 74.29325326369921
INFO:root:Epoch: 40, Iteration: 281, Loss: 0.6380272507667542
INFO:root:Epoch: 40, Iteration: 282, Loss: 0.6122136116027832
INFO:root:Epoch: 40, Iteration: 283, Loss: 0.6890904307365417
INFO:root:Epoch: 40, Iteration: 284, Loss: 0.6641778945922852
INFO:root:Epoch: 40, Iteration: 285, Loss: 0.6164717674255371
INFO:root:Epoch: 40, Iteration: 286, Loss: 0.6668952107429504
INFO:root:Epoch: 40, Iteration: 287, Loss: 0.6761131286621094
INFO:root:Validation set mIOU: 25.273767771765364
INFO:root:Epoch: 41, Iteration: 288, Loss: 0.6412907838821411
INFO:root:Epoch: 41, Iteration: 289, Loss: 0.6026491522789001
INFO:root:Epoch: 41, Iteration: 290, Loss: 0.6253060102462769
INFO:root:Epoch: 41, Iteration: 291, Loss: 0.646230161190033
INFO:root:Epoch: 41, Iteration: 292, Loss: 0.6085543632507324
INFO:root:Epoch: 41, Iteration: 293, Loss: 0.6090534329414368
INFO:root:Epoch: 41, Iteration: 294, Loss: 0.6171607375144958
INFO:root:Validation set mIOU: 66.90037594383091
INFO:root:Epoch: 42, Iteration: 295, Loss: 0.629510760307312
INFO:root:Epoch: 42, Iteration: 296, Loss: 0.6040573120117188
INFO:root:Epoch: 42, Iteration: 297, Loss: 0.6188762784004211
INFO:root:Epoch: 42, Iteration: 298, Loss: 0.6297295093536377
INFO:root:Epoch: 42, Iteration: 299, Loss: 0.6426566243171692
INFO:root:Epoch: 42, Iteration: 300, Loss: 0.6142527461051941
INFO:root:Epoch: 42, Iteration: 301, Loss: 0.6154550313949585
INFO:root:Validation set mIOU: 84.3308389328817
INFO:root:Epoch: 43, Iteration: 302, Loss: 0.6045397520065308
INFO:root:Epoch: 43, Iteration: 303, Loss: 0.6004599332809448
INFO:root:Epoch: 43, Iteration: 304, Loss: 0.6283026933670044
INFO:root:Epoch: 43, Iteration: 305, Loss: 0.6170940399169922
INFO:root:Epoch: 43, Iteration: 306, Loss: 0.6104520559310913
INFO:root:Epoch: 43, Iteration: 307, Loss: 0.6475095748901367
INFO:root:Epoch: 43, Iteration: 308, Loss: 0.6530539989471436
INFO:root:Validation set mIOU: 51.91086283111627
INFO:root:Epoch: 44, Iteration: 309, Loss: 0.6211920976638794
INFO:root:Epoch: 44, Iteration: 310, Loss: 0.6017112731933594
INFO:root:Epoch: 44, Iteration: 311, Loss: 0.6303339600563049
INFO:root:Epoch: 44, Iteration: 312, Loss: 0.6221107244491577
INFO:root:Epoch: 44, Iteration: 313, Loss: 0.6544015407562256
INFO:root:Epoch: 44, Iteration: 314, Loss: 0.6046590805053711
INFO:root:Epoch: 44, Iteration: 315, Loss: 0.6306012272834778
INFO:root:Validation set mIOU: 54.93017633104177
INFO:root:Epoch: 45, Iteration: 316, Loss: 0.6393278241157532
INFO:root:Epoch: 45, Iteration: 317, Loss: 0.6330414414405823
INFO:root:Epoch: 45, Iteration: 318, Loss: 0.6371075510978699
INFO:root:Epoch: 45, Iteration: 319, Loss: 0.6295731067657471
INFO:root:Epoch: 45, Iteration: 320, Loss: 0.607265293598175
INFO:root:Epoch: 45, Iteration: 321, Loss: 0.6609960198402405
INFO:root:Epoch: 45, Iteration: 322, Loss: 0.6245542168617249
INFO:root:Validation set mIOU: 80.763400281069
INFO:root:Epoch: 46, Iteration: 323, Loss: 0.6390827894210815
INFO:root:Epoch: 46, Iteration: 324, Loss: 0.6218289732933044
INFO:root:Epoch: 46, Iteration: 325, Loss: 0.6237556338310242
INFO:root:Epoch: 46, Iteration: 326, Loss: 0.6410741209983826
INFO:root:Epoch: 46, Iteration: 327, Loss: 0.5965824127197266
INFO:root:Epoch: 46, Iteration: 328, Loss: 0.6204160451889038
INFO:root:Epoch: 46, Iteration: 329, Loss: 0.5908610224723816
INFO:root:Validation set mIOU: 74.68564380861365
INFO:root:Epoch: 47, Iteration: 330, Loss: 0.6185405254364014
INFO:root:Epoch: 47, Iteration: 331, Loss: 0.6413143873214722
INFO:root:Epoch: 47, Iteration: 332, Loss: 0.6244569420814514
INFO:root:Epoch: 47, Iteration: 333, Loss: 0.6065260171890259
INFO:root:Epoch: 47, Iteration: 334, Loss: 0.6007024645805359
INFO:root:Epoch: 47, Iteration: 335, Loss: 0.6136228442192078
INFO:root:Epoch: 47, Iteration: 336, Loss: 0.6098102927207947
INFO:root:Validation set mIOU: 85.24229766327323
INFO:root:Epoch: 48, Iteration: 337, Loss: 0.6031376719474792
INFO:root:Epoch: 48, Iteration: 338, Loss: 0.6209225058555603
INFO:root:Epoch: 48, Iteration: 339, Loss: 0.6026155352592468
INFO:root:Epoch: 48, Iteration: 340, Loss: 0.6061928272247314
INFO:root:Epoch: 48, Iteration: 341, Loss: 0.6338472962379456
INFO:root:Epoch: 48, Iteration: 342, Loss: 0.632797122001648
INFO:root:Epoch: 48, Iteration: 343, Loss: 0.6076706647872925
INFO:root:Validation set mIOU: 85.97217443076332
INFO:root:Epoch: 49, Iteration: 344, Loss: 0.6458072066307068
INFO:root:Epoch: 49, Iteration: 345, Loss: 0.602414608001709
INFO:root:Epoch: 49, Iteration: 346, Loss: 0.6123953461647034
INFO:root:Epoch: 49, Iteration: 347, Loss: 0.6376017928123474
INFO:root:Epoch: 49, Iteration: 348, Loss: 0.6093353629112244
INFO:root:Epoch: 49, Iteration: 349, Loss: 0.6099202632904053
INFO:root:Epoch: 49, Iteration: 350, Loss: 0.6065071821212769
INFO:root:Validation set mIOU: 86.0779224085286
INFO:root:Epoch: 50, Iteration: 351, Loss: 0.5862377285957336
INFO:root:Epoch: 50, Iteration: 352, Loss: 0.6038511991500854
INFO:root:Epoch: 50, Iteration: 353, Loss: 0.6152591705322266
INFO:root:Epoch: 50, Iteration: 354, Loss: 0.6457764506340027
INFO:root:Epoch: 50, Iteration: 355, Loss: 0.6288514733314514
INFO:root:Epoch: 50, Iteration: 356, Loss: 0.6319974064826965
INFO:root:Epoch: 50, Iteration: 357, Loss: 0.6629050374031067
INFO:root:Validation set mIOU: 82.769334588924
INFO:root:Epoch: 51, Iteration: 358, Loss: 0.6407882571220398
INFO:root:Epoch: 51, Iteration: 359, Loss: 0.6286249756813049
INFO:root:Epoch: 51, Iteration: 360, Loss: 0.6429147124290466
INFO:root:Epoch: 51, Iteration: 361, Loss: 0.6127339601516724
INFO:root:Epoch: 51, Iteration: 362, Loss: 0.6490000486373901
INFO:root:Epoch: 51, Iteration: 363, Loss: 0.60268235206604
INFO:root:Epoch: 51, Iteration: 364, Loss: 0.6488574147224426
INFO:root:Validation set mIOU: 81.72620370016833
INFO:root:Epoch: 52, Iteration: 365, Loss: 0.6176902055740356
INFO:root:Epoch: 52, Iteration: 366, Loss: 0.6143189072608948
INFO:root:Epoch: 52, Iteration: 367, Loss: 0.6573848128318787
INFO:root:Epoch: 52, Iteration: 368, Loss: 0.5912473201751709
INFO:root:Epoch: 52, Iteration: 369, Loss: 0.6346564292907715
INFO:root:Epoch: 52, Iteration: 370, Loss: 0.6261132955551147
INFO:root:Epoch: 52, Iteration: 371, Loss: 0.6157510876655579
INFO:root:Validation set mIOU: 74.27896944197198
INFO:root:Epoch: 53, Iteration: 372, Loss: 0.624355137348175
INFO:root:Epoch: 53, Iteration: 373, Loss: 0.6008037328720093
INFO:root:Epoch: 53, Iteration: 374, Loss: 0.6599649786949158
INFO:root:Epoch: 53, Iteration: 375, Loss: 0.6222906708717346
INFO:root:Epoch: 53, Iteration: 376, Loss: 0.6157840490341187
INFO:root:Epoch: 53, Iteration: 377, Loss: 0.6329731345176697
INFO:root:Epoch: 53, Iteration: 378, Loss: 0.624033510684967
INFO:root:Validation set mIOU: 68.19552266678608
INFO:root:Epoch: 54, Iteration: 379, Loss: 0.6720700860023499
INFO:root:Epoch: 54, Iteration: 380, Loss: 0.6069748401641846
INFO:root:Epoch: 54, Iteration: 381, Loss: 0.6059382557868958
INFO:root:Epoch: 54, Iteration: 382, Loss: 0.5970357656478882
INFO:root:Epoch: 54, Iteration: 383, Loss: 0.6197066903114319
INFO:root:Epoch: 54, Iteration: 384, Loss: 0.6469460725784302
INFO:root:Epoch: 54, Iteration: 385, Loss: 0.5916978716850281
INFO:root:Validation set mIOU: 82.75199621647899
INFO:root:Epoch: 55, Iteration: 386, Loss: 0.6407052278518677
INFO:root:Epoch: 55, Iteration: 387, Loss: 0.631528377532959
INFO:root:Epoch: 55, Iteration: 388, Loss: 0.6254433989524841
INFO:root:Epoch: 55, Iteration: 389, Loss: 0.6070835590362549
INFO:root:Epoch: 55, Iteration: 390, Loss: 0.6145117282867432
INFO:root:Epoch: 55, Iteration: 391, Loss: 0.6131559014320374
INFO:root:Epoch: 55, Iteration: 392, Loss: 0.6205910444259644
INFO:root:Validation set mIOU: 85.15895943414434
INFO:root:Epoch: 56, Iteration: 393, Loss: 0.6473031640052795
INFO:root:Epoch: 56, Iteration: 394, Loss: 0.6170631647109985
INFO:root:Epoch: 56, Iteration: 395, Loss: 0.6279585361480713
INFO:root:Epoch: 56, Iteration: 396, Loss: 0.6891578435897827
INFO:root:Epoch: 56, Iteration: 397, Loss: 0.592781662940979
INFO:root:Epoch: 56, Iteration: 398, Loss: 0.6388946771621704
INFO:root:Epoch: 56, Iteration: 399, Loss: 0.6063905954360962
INFO:root:Validation set mIOU: 74.3959709775504
INFO:root:Epoch: 57, Iteration: 400, Loss: 0.6027809381484985
INFO:root:Epoch: 57, Iteration: 401, Loss: 0.6632564663887024
INFO:root:Epoch: 57, Iteration: 402, Loss: 0.6123255491256714
INFO:root:Epoch: 57, Iteration: 403, Loss: 0.5979323387145996
INFO:root:Epoch: 57, Iteration: 404, Loss: 0.6217818856239319
INFO:root:Epoch: 57, Iteration: 405, Loss: 0.6415064334869385
INFO:root:Epoch: 57, Iteration: 406, Loss: 0.6235822439193726
INFO:root:Validation set mIOU: 80.35205059185708
INFO:root:Epoch: 58, Iteration: 407, Loss: 0.644364595413208
INFO:root:Epoch: 58, Iteration: 408, Loss: 0.5912116765975952
INFO:root:Epoch: 58, Iteration: 409, Loss: 0.6293371915817261
INFO:root:Epoch: 58, Iteration: 410, Loss: 0.6169999837875366
INFO:root:Epoch: 58, Iteration: 411, Loss: 0.6021828055381775
INFO:root:Epoch: 58, Iteration: 412, Loss: 0.6386120915412903
INFO:root:Epoch: 58, Iteration: 413, Loss: 0.6069014072418213
INFO:root:Validation set mIOU: 80.1791180654695
INFO:root:Epoch: 59, Iteration: 414, Loss: 0.6178044676780701
INFO:root:Epoch: 59, Iteration: 415, Loss: 0.6230783462524414
INFO:root:Epoch: 59, Iteration: 416, Loss: 0.6255633234977722
INFO:root:Epoch: 59, Iteration: 417, Loss: 0.6158458590507507
INFO:root:Epoch: 59, Iteration: 418, Loss: 0.6000857353210449
INFO:root:Epoch: 59, Iteration: 419, Loss: 0.5891151428222656
INFO:root:Epoch: 59, Iteration: 420, Loss: 0.6457683444023132
INFO:root:Validation set mIOU: 80.49228118668132
INFO:root:Epoch: 60, Iteration: 421, Loss: 0.6112436056137085
INFO:root:Epoch: 60, Iteration: 422, Loss: 0.6058506369590759
INFO:root:Epoch: 60, Iteration: 423, Loss: 0.5882666707038879
INFO:root:Epoch: 60, Iteration: 424, Loss: 0.6149412989616394
INFO:root:Epoch: 60, Iteration: 425, Loss: 0.6326138973236084
INFO:root:Epoch: 60, Iteration: 426, Loss: 0.5856061577796936
INFO:root:Epoch: 60, Iteration: 427, Loss: 0.6139111518859863
INFO:root:Validation set mIOU: 77.25142523125439
INFO:root:Epoch: 61, Iteration: 428, Loss: 0.5925612449645996
INFO:root:Epoch: 61, Iteration: 429, Loss: 0.6229591965675354
INFO:root:Epoch: 61, Iteration: 430, Loss: 0.5972888469696045
INFO:root:Epoch: 61, Iteration: 431, Loss: 0.6386038661003113
INFO:root:Epoch: 61, Iteration: 432, Loss: 0.6052163243293762
INFO:root:Epoch: 61, Iteration: 433, Loss: 0.616820216178894
INFO:root:Epoch: 61, Iteration: 434, Loss: 0.5929514765739441
INFO:root:Validation set mIOU: 84.67788797893064
INFO:root:Epoch: 62, Iteration: 435, Loss: 0.6313278675079346
INFO:root:Epoch: 62, Iteration: 436, Loss: 0.6203916072845459
INFO:root:Epoch: 62, Iteration: 437, Loss: 0.601567268371582
INFO:root:Epoch: 62, Iteration: 438, Loss: 0.6457318067550659
INFO:root:Epoch: 62, Iteration: 439, Loss: 0.6231551766395569
INFO:root:Epoch: 62, Iteration: 440, Loss: 0.6077871322631836
INFO:root:Epoch: 62, Iteration: 441, Loss: 0.6258022785186768
INFO:root:Validation set mIOU: 77.28295961186316
INFO:root:Epoch: 63, Iteration: 442, Loss: 0.5994407534599304
INFO:root:Epoch: 63, Iteration: 443, Loss: 0.5969647169113159
INFO:root:Epoch: 63, Iteration: 444, Loss: 0.622019350528717
INFO:root:Epoch: 63, Iteration: 445, Loss: 0.6357741355895996
INFO:root:Epoch: 63, Iteration: 446, Loss: 0.6041129231452942
INFO:root:Epoch: 63, Iteration: 447, Loss: 0.6156119108200073
INFO:root:Epoch: 63, Iteration: 448, Loss: 0.6062138676643372
INFO:root:Validation set mIOU: 83.95913063868784
INFO:root:Epoch: 64, Iteration: 449, Loss: 0.6595106720924377
INFO:root:Epoch: 64, Iteration: 450, Loss: 0.6121524572372437
INFO:root:Epoch: 64, Iteration: 451, Loss: 0.6171436905860901
INFO:root:Epoch: 64, Iteration: 452, Loss: 0.5968194007873535
INFO:root:Epoch: 64, Iteration: 453, Loss: 0.5946384072303772
INFO:root:Epoch: 64, Iteration: 454, Loss: 0.6827672123908997
INFO:root:Epoch: 64, Iteration: 455, Loss: 0.5962938666343689
INFO:root:Validation set mIOU: 83.94706152522319
INFO:root:Epoch: 65, Iteration: 456, Loss: 0.6067366003990173
INFO:root:Epoch: 65, Iteration: 457, Loss: 0.6277201175689697
INFO:root:Epoch: 65, Iteration: 458, Loss: 0.6327622532844543
INFO:root:Epoch: 65, Iteration: 459, Loss: 0.6437171101570129
INFO:root:Epoch: 65, Iteration: 460, Loss: 0.6293312907218933
INFO:root:Epoch: 65, Iteration: 461, Loss: 0.599094033241272
INFO:root:Epoch: 65, Iteration: 462, Loss: 0.6217055320739746
INFO:root:Validation set mIOU: 85.95495483048725
INFO:root:Epoch: 66, Iteration: 463, Loss: 0.6326432228088379
INFO:root:Epoch: 66, Iteration: 464, Loss: 0.6003963947296143
INFO:root:Epoch: 66, Iteration: 465, Loss: 0.5910247564315796
INFO:root:Epoch: 66, Iteration: 466, Loss: 0.6000697016716003
INFO:root:Epoch: 66, Iteration: 467, Loss: 0.636416494846344
INFO:root:Epoch: 66, Iteration: 468, Loss: 0.6656444668769836
INFO:root:Epoch: 66, Iteration: 469, Loss: 0.6214985251426697
INFO:root:Validation set mIOU: 78.81785769204112
INFO:root:Epoch: 67, Iteration: 470, Loss: 0.6455977559089661
INFO:root:Epoch: 67, Iteration: 471, Loss: 0.6574739813804626
INFO:root:Epoch: 67, Iteration: 472, Loss: 0.6364262104034424
INFO:root:Epoch: 67, Iteration: 473, Loss: 0.6220541000366211
INFO:root:Epoch: 67, Iteration: 474, Loss: 0.6046085357666016
INFO:root:Epoch: 67, Iteration: 475, Loss: 0.6126198768615723
INFO:root:Epoch: 67, Iteration: 476, Loss: 0.6613378524780273
INFO:root:Validation set mIOU: 66.04682814047005
INFO:root:Epoch: 68, Iteration: 477, Loss: 0.6039958000183105
INFO:root:Epoch: 68, Iteration: 478, Loss: 0.6020750999450684
INFO:root:Epoch: 68, Iteration: 479, Loss: 0.6148626208305359
INFO:root:Epoch: 68, Iteration: 480, Loss: 0.6117454171180725
INFO:root:Epoch: 68, Iteration: 481, Loss: 0.6639817357063293
INFO:root:Epoch: 68, Iteration: 482, Loss: 0.6347446441650391
INFO:root:Epoch: 68, Iteration: 483, Loss: 0.5942394137382507
INFO:root:Validation set mIOU: 80.93072213221652
INFO:root:Epoch: 69, Iteration: 484, Loss: 0.6422892212867737
INFO:root:Epoch: 69, Iteration: 485, Loss: 0.6142618656158447
INFO:root:Epoch: 69, Iteration: 486, Loss: 0.6131165027618408
INFO:root:Epoch: 69, Iteration: 487, Loss: 0.6058886051177979
INFO:root:Epoch: 69, Iteration: 488, Loss: 0.6166766285896301
INFO:root:Epoch: 69, Iteration: 489, Loss: 0.6288158297538757
INFO:root:Epoch: 69, Iteration: 490, Loss: 0.6160247325897217
INFO:root:Validation set mIOU: 81.04254391201948
INFO:root:Epoch: 70, Iteration: 491, Loss: 0.5855435729026794
INFO:root:Epoch: 70, Iteration: 492, Loss: 0.6486251950263977
INFO:root:Epoch: 70, Iteration: 493, Loss: 0.6060084104537964
INFO:root:Epoch: 70, Iteration: 494, Loss: 0.6105259656906128
INFO:root:Epoch: 70, Iteration: 495, Loss: 0.6053448915481567
INFO:root:Epoch: 70, Iteration: 496, Loss: 0.6213352084159851
INFO:root:Epoch: 70, Iteration: 497, Loss: 0.610485315322876
INFO:root:Validation set mIOU: 79.96187592866399
INFO:root:Epoch: 71, Iteration: 498, Loss: 0.6090123057365417
INFO:root:Epoch: 71, Iteration: 499, Loss: 0.6341660618782043
INFO:root:Epoch: 71, Iteration: 500, Loss: 0.5902897119522095
INFO:root:Epoch: 71, Iteration: 501, Loss: 0.6133773922920227
INFO:root:Epoch: 71, Iteration: 502, Loss: 0.6095702052116394
INFO:root:Epoch: 71, Iteration: 503, Loss: 0.5947368741035461
INFO:root:Epoch: 71, Iteration: 504, Loss: 0.6065799593925476
INFO:root:Validation set mIOU: 84.60740302847594
INFO:root:Epoch: 72, Iteration: 505, Loss: 0.5876259207725525
INFO:root:Epoch: 72, Iteration: 506, Loss: 0.6205514669418335
INFO:root:Epoch: 72, Iteration: 507, Loss: 0.6626778244972229
INFO:root:Epoch: 72, Iteration: 508, Loss: 0.5840630531311035
INFO:root:Epoch: 72, Iteration: 509, Loss: 0.6071683764457703
INFO:root:Epoch: 72, Iteration: 510, Loss: 0.5965621471405029
INFO:root:Epoch: 72, Iteration: 511, Loss: 0.6233741044998169
INFO:root:Validation set mIOU: 84.78072754272475
INFO:root:Epoch: 73, Iteration: 512, Loss: 0.5927556753158569
INFO:root:Epoch: 73, Iteration: 513, Loss: 0.6192562580108643
INFO:root:Epoch: 73, Iteration: 514, Loss: 0.6114341020584106
INFO:root:Epoch: 73, Iteration: 515, Loss: 0.643602728843689
INFO:root:Epoch: 73, Iteration: 516, Loss: 0.6040042638778687
INFO:root:Epoch: 73, Iteration: 517, Loss: 0.622654914855957
INFO:root:Epoch: 73, Iteration: 518, Loss: 0.6194974780082703
INFO:root:Validation set mIOU: 86.51152219205379
INFO:root:Epoch: 74, Iteration: 519, Loss: 0.5891103148460388
INFO:root:Epoch: 74, Iteration: 520, Loss: 0.6049334406852722
INFO:root:Epoch: 74, Iteration: 521, Loss: 0.6084542274475098
INFO:root:Epoch: 74, Iteration: 522, Loss: 0.6074376106262207
INFO:root:Epoch: 74, Iteration: 523, Loss: 0.6270006895065308
INFO:root:Epoch: 74, Iteration: 524, Loss: 0.6176044940948486
INFO:root:Epoch: 74, Iteration: 525, Loss: 0.6280340552330017
INFO:root:Validation set mIOU: 85.76502651045011
INFO:root:Epoch: 75, Iteration: 526, Loss: 0.6017943024635315
INFO:root:Epoch: 75, Iteration: 527, Loss: 0.6283685564994812
INFO:root:Epoch: 75, Iteration: 528, Loss: 0.6216338276863098
INFO:root:Epoch: 75, Iteration: 529, Loss: 0.6070275902748108
INFO:root:Epoch: 75, Iteration: 530, Loss: 0.5977042317390442
INFO:root:Epoch: 75, Iteration: 531, Loss: 0.618502140045166
INFO:root:Epoch: 75, Iteration: 532, Loss: 0.6063514947891235
INFO:root:Validation set mIOU: 86.80974348873711
INFO:root:Epoch: 76, Iteration: 533, Loss: 0.6227222084999084
INFO:root:Epoch: 76, Iteration: 534, Loss: 0.5991984605789185
INFO:root:Epoch: 76, Iteration: 535, Loss: 0.6283491849899292
INFO:root:Epoch: 76, Iteration: 536, Loss: 0.5942670106887817
INFO:root:Epoch: 76, Iteration: 537, Loss: 0.5826020836830139
INFO:root:Epoch: 76, Iteration: 538, Loss: 0.60863196849823
INFO:root:Epoch: 76, Iteration: 539, Loss: 0.6496202945709229
INFO:root:Validation set mIOU: 84.41749358199787
INFO:root:Epoch: 77, Iteration: 540, Loss: 0.5959327816963196
INFO:root:Epoch: 77, Iteration: 541, Loss: 0.6276904344558716
INFO:root:Epoch: 77, Iteration: 542, Loss: 0.6013952493667603
INFO:root:Epoch: 77, Iteration: 543, Loss: 0.6010303497314453
INFO:root:Epoch: 77, Iteration: 544, Loss: 0.5903207659721375
INFO:root:Epoch: 77, Iteration: 545, Loss: 0.6069933772087097
INFO:root:Epoch: 77, Iteration: 546, Loss: 0.6097560524940491
INFO:root:Validation set mIOU: 86.0798889695971
INFO:root:Epoch: 78, Iteration: 547, Loss: 0.5941815376281738
INFO:root:Epoch: 78, Iteration: 548, Loss: 0.6181944012641907
INFO:root:Epoch: 78, Iteration: 549, Loss: 0.6228273510932922
INFO:root:Epoch: 78, Iteration: 550, Loss: 0.5979397892951965
INFO:root:Epoch: 78, Iteration: 551, Loss: 0.5976242423057556
INFO:root:Epoch: 78, Iteration: 552, Loss: 0.6045181751251221
INFO:root:Epoch: 78, Iteration: 553, Loss: 0.6301934719085693
INFO:root:Validation set mIOU: 82.77524142317945
INFO:root:Epoch: 79, Iteration: 554, Loss: 0.6043177843093872
INFO:root:Epoch: 79, Iteration: 555, Loss: 0.6003651022911072
INFO:root:Epoch: 79, Iteration: 556, Loss: 0.6000441312789917
INFO:root:Epoch: 79, Iteration: 557, Loss: 0.6281923055648804
INFO:root:Epoch: 79, Iteration: 558, Loss: 0.592283308506012
INFO:root:Epoch: 79, Iteration: 559, Loss: 0.6132069230079651
INFO:root:Epoch: 79, Iteration: 560, Loss: 0.5831267237663269
INFO:root:Validation set mIOU: 83.18517214219781
INFO:root:Epoch: 80, Iteration: 561, Loss: 0.6260936260223389
INFO:root:Epoch: 80, Iteration: 562, Loss: 0.5849310755729675
INFO:root:Epoch: 80, Iteration: 563, Loss: 0.583147406578064
INFO:root:Epoch: 80, Iteration: 564, Loss: 0.5943976044654846
INFO:root:Epoch: 80, Iteration: 565, Loss: 0.5938344597816467
INFO:root:Epoch: 80, Iteration: 566, Loss: 0.6137174367904663
INFO:root:Epoch: 80, Iteration: 567, Loss: 0.6117544770240784
INFO:root:Validation set mIOU: 88.35083753485226
INFO:root:Epoch: 81, Iteration: 568, Loss: 0.6055541038513184
INFO:root:Epoch: 81, Iteration: 569, Loss: 0.6209037899971008
INFO:root:Epoch: 81, Iteration: 570, Loss: 0.6247836947441101
INFO:root:Epoch: 81, Iteration: 571, Loss: 0.6007043123245239
INFO:root:Epoch: 81, Iteration: 572, Loss: 0.585412859916687
INFO:root:Epoch: 81, Iteration: 573, Loss: 0.5900895595550537
INFO:root:Epoch: 81, Iteration: 574, Loss: 0.672339141368866
INFO:root:Validation set mIOU: 82.11515031710913
INFO:root:Epoch: 82, Iteration: 575, Loss: 0.6197828650474548
INFO:root:Epoch: 82, Iteration: 576, Loss: 0.589400053024292
INFO:root:Epoch: 82, Iteration: 577, Loss: 0.6110267639160156
INFO:root:Epoch: 82, Iteration: 578, Loss: 0.5942514538764954
INFO:root:Epoch: 82, Iteration: 579, Loss: 0.6089267730712891
INFO:root:Epoch: 82, Iteration: 580, Loss: 0.5929414629936218
INFO:root:Epoch: 82, Iteration: 581, Loss: 0.5982939600944519
INFO:root:Validation set mIOU: 84.9884254620748
INFO:root:Epoch: 83, Iteration: 582, Loss: 0.6118185520172119
INFO:root:Epoch: 83, Iteration: 583, Loss: 0.635644793510437
INFO:root:Epoch: 83, Iteration: 584, Loss: 0.6181602478027344
INFO:root:Epoch: 83, Iteration: 585, Loss: 0.5918514132499695
INFO:root:Epoch: 83, Iteration: 586, Loss: 0.6038110256195068
INFO:root:Epoch: 83, Iteration: 587, Loss: 0.5929882526397705
INFO:root:Epoch: 83, Iteration: 588, Loss: 0.5929409861564636
INFO:root:Validation set mIOU: 83.85792248664906
INFO:root:Epoch: 84, Iteration: 589, Loss: 0.5913398861885071
INFO:root:Epoch: 84, Iteration: 590, Loss: 0.5959276556968689
INFO:root:Epoch: 84, Iteration: 591, Loss: 0.65840744972229
INFO:root:Epoch: 84, Iteration: 592, Loss: 0.5867166519165039
INFO:root:Epoch: 84, Iteration: 593, Loss: 0.5882521271705627
INFO:root:Epoch: 84, Iteration: 594, Loss: 0.6193084716796875
INFO:root:Epoch: 84, Iteration: 595, Loss: 0.5959107279777527
INFO:root:Validation set mIOU: 84.37930968647012
INFO:root:Epoch: 85, Iteration: 596, Loss: 0.595162034034729
INFO:root:Epoch: 85, Iteration: 597, Loss: 0.6468237638473511
INFO:root:Epoch: 85, Iteration: 598, Loss: 0.5918511152267456
INFO:root:Epoch: 85, Iteration: 599, Loss: 0.5948872566223145
INFO:root:Epoch: 85, Iteration: 600, Loss: 0.5894461274147034
INFO:root:Epoch: 85, Iteration: 601, Loss: 0.6026135683059692
INFO:root:Epoch: 85, Iteration: 602, Loss: 0.6114116311073303
INFO:root:Validation set mIOU: 84.82991694468338
INFO:root:Epoch: 86, Iteration: 603, Loss: 0.6045995354652405
INFO:root:Epoch: 86, Iteration: 604, Loss: 0.6238396167755127
INFO:root:Epoch: 86, Iteration: 605, Loss: 0.6339395046234131
INFO:root:Epoch: 86, Iteration: 606, Loss: 0.5910438895225525
INFO:root:Epoch: 86, Iteration: 607, Loss: 0.5916115045547485
INFO:root:Epoch: 86, Iteration: 608, Loss: 0.59954833984375
INFO:root:Epoch: 86, Iteration: 609, Loss: 0.5902367234230042
INFO:root:Validation set mIOU: 85.52608934530332
INFO:root:Epoch: 87, Iteration: 610, Loss: 0.6348311901092529
INFO:root:Epoch: 87, Iteration: 611, Loss: 0.5976885557174683
INFO:root:Epoch: 87, Iteration: 612, Loss: 0.5910460352897644
INFO:root:Epoch: 87, Iteration: 613, Loss: 0.5912872552871704
INFO:root:Epoch: 87, Iteration: 614, Loss: 0.5901557803153992
INFO:root:Epoch: 87, Iteration: 615, Loss: 0.6023523807525635
INFO:root:Epoch: 87, Iteration: 616, Loss: 0.5910642743110657
INFO:root:Validation set mIOU: 88.20401917429298
INFO:root:Epoch: 88, Iteration: 617, Loss: 0.5885695815086365
INFO:root:Epoch: 88, Iteration: 618, Loss: 0.6124178171157837
INFO:root:Epoch: 88, Iteration: 619, Loss: 0.597092866897583
INFO:root:Epoch: 88, Iteration: 620, Loss: 0.5990754961967468
INFO:root:Epoch: 88, Iteration: 621, Loss: 0.6036970019340515
INFO:root:Epoch: 88, Iteration: 622, Loss: 0.5845931172370911
INFO:root:Epoch: 88, Iteration: 623, Loss: 0.6092883944511414
INFO:root:Validation set mIOU: 86.20959464073911
INFO:root:Epoch: 89, Iteration: 624, Loss: 0.6261868476867676
INFO:root:Epoch: 89, Iteration: 625, Loss: 0.601436972618103
INFO:root:Epoch: 89, Iteration: 626, Loss: 0.6071830987930298
INFO:root:Epoch: 89, Iteration: 627, Loss: 0.6283904910087585
INFO:root:Epoch: 89, Iteration: 628, Loss: 0.6109468936920166
INFO:root:Epoch: 89, Iteration: 629, Loss: 0.6112579703330994
INFO:root:Epoch: 89, Iteration: 630, Loss: 0.5893411040306091
INFO:root:Validation set mIOU: 87.59525001586232
INFO:root:Epoch: 90, Iteration: 631, Loss: 0.5973262786865234
INFO:root:Epoch: 90, Iteration: 632, Loss: 0.595831036567688
INFO:root:Epoch: 90, Iteration: 633, Loss: 0.5930156707763672
INFO:root:Epoch: 90, Iteration: 634, Loss: 0.6101594567298889
INFO:root:Epoch: 90, Iteration: 635, Loss: 0.5941454768180847
INFO:root:Epoch: 90, Iteration: 636, Loss: 0.6058201789855957
INFO:root:Epoch: 90, Iteration: 637, Loss: 0.6159113049507141
INFO:root:Validation set mIOU: 88.31936156133283
INFO:root:Epoch: 91, Iteration: 638, Loss: 0.603610098361969
INFO:root:Epoch: 91, Iteration: 639, Loss: 0.6211115121841431
INFO:root:Epoch: 91, Iteration: 640, Loss: 0.6098743677139282
INFO:root:Epoch: 91, Iteration: 641, Loss: 0.6137542724609375
INFO:root:Epoch: 91, Iteration: 642, Loss: 0.5820273160934448
INFO:root:Epoch: 91, Iteration: 643, Loss: 0.5874233841896057
INFO:root:Epoch: 91, Iteration: 644, Loss: 0.5984310507774353
INFO:root:Validation set mIOU: 87.82768210597621
INFO:root:Epoch: 92, Iteration: 645, Loss: 0.5806114673614502
INFO:root:Epoch: 92, Iteration: 646, Loss: 0.5913767218589783
INFO:root:Epoch: 92, Iteration: 647, Loss: 0.5832604169845581
INFO:root:Epoch: 92, Iteration: 648, Loss: 0.5819324254989624
INFO:root:Epoch: 92, Iteration: 649, Loss: 0.6098227500915527
INFO:root:Epoch: 92, Iteration: 650, Loss: 0.5840399265289307
INFO:root:Epoch: 92, Iteration: 651, Loss: 0.6076642274856567
INFO:root:Validation set mIOU: 87.57581242995958
INFO:root:Epoch: 93, Iteration: 652, Loss: 0.6161047220230103
INFO:root:Epoch: 93, Iteration: 653, Loss: 0.5743005871772766
INFO:root:Epoch: 93, Iteration: 654, Loss: 0.626336395740509
INFO:root:Epoch: 93, Iteration: 655, Loss: 0.5991867780685425
INFO:root:Epoch: 93, Iteration: 656, Loss: 0.5880033373832703
INFO:root:Epoch: 93, Iteration: 657, Loss: 0.6132261753082275
INFO:root:Epoch: 93, Iteration: 658, Loss: 0.5917489528656006
INFO:root:Validation set mIOU: 88.08281769845267
INFO:root:Epoch: 94, Iteration: 659, Loss: 0.5899077653884888
INFO:root:Epoch: 94, Iteration: 660, Loss: 0.5803384780883789
INFO:root:Epoch: 94, Iteration: 661, Loss: 0.642076313495636
INFO:root:Epoch: 94, Iteration: 662, Loss: 0.5889918208122253
INFO:root:Epoch: 94, Iteration: 663, Loss: 0.5987058281898499
INFO:root:Epoch: 94, Iteration: 664, Loss: 0.5854516625404358
INFO:root:Epoch: 94, Iteration: 665, Loss: 0.6024688482284546
INFO:root:Validation set mIOU: 88.287329875887
INFO:root:Epoch: 95, Iteration: 666, Loss: 0.5861375331878662
INFO:root:Epoch: 95, Iteration: 667, Loss: 0.5901941657066345
INFO:root:Epoch: 95, Iteration: 668, Loss: 0.6038913726806641
INFO:root:Epoch: 95, Iteration: 669, Loss: 0.5955355763435364
INFO:root:Epoch: 95, Iteration: 670, Loss: 0.5994634032249451
INFO:root:Epoch: 95, Iteration: 671, Loss: 0.5833597779273987
INFO:root:Epoch: 95, Iteration: 672, Loss: 0.5906501412391663
INFO:root:Validation set mIOU: 88.61486018586876
INFO:root:Epoch: 96, Iteration: 673, Loss: 0.5929366946220398
INFO:root:Epoch: 96, Iteration: 674, Loss: 0.5933985114097595
INFO:root:Epoch: 96, Iteration: 675, Loss: 0.6126058101654053
INFO:root:Epoch: 96, Iteration: 676, Loss: 0.5852826237678528
INFO:root:Epoch: 96, Iteration: 677, Loss: 0.58878493309021
INFO:root:Epoch: 96, Iteration: 678, Loss: 0.6133089661598206
INFO:root:Epoch: 96, Iteration: 679, Loss: 0.609393298625946
INFO:root:Validation set mIOU: 89.09182173653801
INFO:root:Epoch: 97, Iteration: 680, Loss: 0.6007484197616577
INFO:root:Epoch: 97, Iteration: 681, Loss: 0.5848581790924072
INFO:root:Epoch: 97, Iteration: 682, Loss: 0.5863893628120422
INFO:root:Epoch: 97, Iteration: 683, Loss: 0.590908408164978
INFO:root:Epoch: 97, Iteration: 684, Loss: 0.5871847867965698
INFO:root:Epoch: 97, Iteration: 685, Loss: 0.6058631539344788
INFO:root:Epoch: 97, Iteration: 686, Loss: 0.5957298278808594
INFO:root:Validation set mIOU: 89.12003238012211
INFO:root:Epoch: 98, Iteration: 687, Loss: 0.6094459295272827
INFO:root:Epoch: 98, Iteration: 688, Loss: 0.5908835530281067
INFO:root:Epoch: 98, Iteration: 689, Loss: 0.6011185646057129
INFO:root:Epoch: 98, Iteration: 690, Loss: 0.5837568640708923
INFO:root:Epoch: 98, Iteration: 691, Loss: 0.595086932182312
INFO:root:Epoch: 98, Iteration: 692, Loss: 0.582047164440155
INFO:root:Epoch: 98, Iteration: 693, Loss: 0.5800654888153076
INFO:root:Validation set mIOU: 89.09912978308762
INFO:root:Epoch: 99, Iteration: 694, Loss: 0.63413006067276
INFO:root:Epoch: 99, Iteration: 695, Loss: 0.5917245149612427
INFO:root:Epoch: 99, Iteration: 696, Loss: 0.5994144678115845
INFO:root:Epoch: 99, Iteration: 697, Loss: 0.5865576267242432
INFO:root:Epoch: 99, Iteration: 698, Loss: 0.5936620235443115
INFO:root:Epoch: 99, Iteration: 699, Loss: 0.5786131024360657
INFO:root:Epoch: 99, Iteration: 700, Loss: 0.6237174868583679
INFO:root:Validation set mIOU: 88.7214905477561
