INFO:root:{'addition': 'nothing',
 'backbone': 'resnet50',
 'batch_size': 16,
 'batch_size_consistency': 16,
 'conf_thres': 0.95,
 'config': 'configs/dataset2.yaml',
 'consistency_training': True,
 'crop_size': 320,
 'data_root': './',
 'dataset': 'dataset2',
 'epochs': 100,
 'labeled_id_path': 'dataset/splits/dataset2/1_4/split_random/labeled.txt',
 'lr': 0.0009,
 'model': 'unet',
 'ngpus': 1,
 'plus': False,
 'pseudo_consistency_mask_path': None,
 'pseudo_mask_path': 'outdir/pseudo_masks/dataset2/1_4/split_random/unet/resnet50/self_training/consistency_training/first_time',
 'rand_thres': 0.8,
 'reliable_id_path': None,
 'save_path': 'outdir/models/dataset2/1_4/split_random/unet/resnet50/self_training/consistency_training/first_time',
 'time': 1,
 'unlabeled_id_path': 'dataset/splits/dataset2/1_4/split_random/unlabeled.txt',
 'warm_up': 30}

INFO:root:Training supervised with consistency on unlabeled images
INFO:root:Epoch: 0, Iteration: 1, Loss: 0.5795110464096069, Loss_s: 1.1590220928192139, Loss_u: 0.0
INFO:root:Epoch: 0, Iteration: 2, Loss: 0.5578880906105042, Loss_s: 1.1157761812210083, Loss_u: 0.0
INFO:root:Epoch: 0, Iteration: 3, Loss: 0.4948883354663849, Loss_s: 0.9897766709327698, Loss_u: 0.0
INFO:root:Validation set mIOU: 22.311076120947103
INFO:root:Epoch: 1, Iteration: 4, Loss: 0.45282256603240967, Loss_s: 0.9056451320648193, Loss_u: 0.0
INFO:root:Epoch: 1, Iteration: 5, Loss: 0.4250127673149109, Loss_s: 0.8500255346298218, Loss_u: 0.0
INFO:root:Epoch: 1, Iteration: 6, Loss: 0.4124531149864197, Loss_s: 0.8249062299728394, Loss_u: 0.0
INFO:root:Validation set mIOU: 39.57252004062161
INFO:root:Epoch: 2, Iteration: 7, Loss: 0.4040689468383789, Loss_s: 0.8081378936767578, Loss_u: 0.0
INFO:root:Epoch: 2, Iteration: 8, Loss: 0.3729855716228485, Loss_s: 0.745971143245697, Loss_u: 0.0
INFO:root:Epoch: 2, Iteration: 9, Loss: 0.3679570257663727, Loss_s: 0.7359140515327454, Loss_u: 0.0
INFO:root:Validation set mIOU: 51.90895530433958
INFO:root:Epoch: 3, Iteration: 10, Loss: 0.35850366950035095, Loss_s: 0.7170073390007019, Loss_u: 0.0
INFO:root:Epoch: 3, Iteration: 11, Loss: 0.35399287939071655, Loss_s: 0.7079857587814331, Loss_u: 0.0
INFO:root:Epoch: 3, Iteration: 12, Loss: 0.3415871858596802, Loss_s: 0.6831743717193604, Loss_u: 0.0
INFO:root:Validation set mIOU: 67.21646918364206
INFO:root:Epoch: 4, Iteration: 13, Loss: 0.33878713846206665, Loss_s: 0.6775742769241333, Loss_u: 0.0
INFO:root:Epoch: 4, Iteration: 14, Loss: 0.34156334400177, Loss_s: 0.68312668800354, Loss_u: 0.0
INFO:root:Epoch: 4, Iteration: 15, Loss: 0.33181869983673096, Loss_s: 0.6636373996734619, Loss_u: 0.0
INFO:root:Validation set mIOU: 64.89081254685487
INFO:root:Epoch: 5, Iteration: 16, Loss: 0.3215944170951843, Loss_s: 0.6431888341903687, Loss_u: 0.0
INFO:root:Epoch: 5, Iteration: 17, Loss: 0.3217949867248535, Loss_s: 0.643589973449707, Loss_u: 0.0
INFO:root:Epoch: 5, Iteration: 18, Loss: 0.325551301240921, Loss_s: 0.651102602481842, Loss_u: 0.0
INFO:root:Validation set mIOU: 64.61876892818808
INFO:root:Epoch: 6, Iteration: 19, Loss: 0.3183835744857788, Loss_s: 0.6367671489715576, Loss_u: 0.0
INFO:root:Epoch: 6, Iteration: 20, Loss: 0.3081800043582916, Loss_s: 0.6163600087165833, Loss_u: 0.0
INFO:root:Epoch: 6, Iteration: 21, Loss: 0.30912986397743225, Loss_s: 0.6182597279548645, Loss_u: 0.0
INFO:root:Validation set mIOU: 72.58001968016691
INFO:root:Epoch: 7, Iteration: 22, Loss: 0.3033082187175751, Loss_s: 0.6066164374351501, Loss_u: 0.0
INFO:root:Epoch: 7, Iteration: 23, Loss: 0.3068605959415436, Loss_s: 0.6137211918830872, Loss_u: 0.0
INFO:root:Epoch: 7, Iteration: 24, Loss: 0.30823245644569397, Loss_s: 0.6164649128913879, Loss_u: 0.0
INFO:root:Validation set mIOU: 76.92445773427745
INFO:root:Epoch: 8, Iteration: 25, Loss: 0.30770009756088257, Loss_s: 0.6154001951217651, Loss_u: 0.0
INFO:root:Epoch: 8, Iteration: 26, Loss: 0.3139527440071106, Loss_s: 0.6279054880142212, Loss_u: 0.0
INFO:root:Epoch: 8, Iteration: 27, Loss: 0.3307064175605774, Loss_s: 0.6614128351211548, Loss_u: 0.0
INFO:root:Validation set mIOU: 69.32824995244658
INFO:root:Epoch: 9, Iteration: 28, Loss: 0.3068179190158844, Loss_s: 0.6136358380317688, Loss_u: 0.0
INFO:root:Epoch: 9, Iteration: 29, Loss: 0.3161769211292267, Loss_s: 0.6323538422584534, Loss_u: 0.0
INFO:root:Epoch: 9, Iteration: 30, Loss: 0.3021232783794403, Loss_s: 0.6042465567588806, Loss_u: 0.0
INFO:root:Validation set mIOU: 73.60910191957191
INFO:root:Epoch: 10, Iteration: 31, Loss: 0.30257871747016907, Loss_s: 0.6051574349403381, Loss_u: 0.0
INFO:root:Epoch: 10, Iteration: 32, Loss: 0.30254194140434265, Loss_s: 0.6050838828086853, Loss_u: 0.0
INFO:root:Epoch: 10, Iteration: 33, Loss: 0.3053274154663086, Loss_s: 0.6106548309326172, Loss_u: 0.0
INFO:root:Validation set mIOU: 74.75320971412246
INFO:root:Epoch: 11, Iteration: 34, Loss: 0.3014099597930908, Loss_s: 0.6028199195861816, Loss_u: 0.0
INFO:root:Epoch: 11, Iteration: 35, Loss: 0.2976177930831909, Loss_s: 0.5952355861663818, Loss_u: 0.0
INFO:root:Epoch: 11, Iteration: 36, Loss: 0.3010866940021515, Loss_s: 0.602173388004303, Loss_u: 0.0
INFO:root:Validation set mIOU: 74.0540881097211
INFO:root:Epoch: 12, Iteration: 37, Loss: 0.30068331956863403, Loss_s: 0.6013666391372681, Loss_u: 0.0
INFO:root:Epoch: 12, Iteration: 38, Loss: 0.3011030852794647, Loss_s: 0.6022061705589294, Loss_u: 0.0
INFO:root:Epoch: 12, Iteration: 39, Loss: 0.2976161539554596, Loss_s: 0.5952323079109192, Loss_u: 0.0
INFO:root:Validation set mIOU: 77.80873224870287
INFO:root:Epoch: 13, Iteration: 40, Loss: 0.2954331338405609, Loss_s: 0.5908662676811218, Loss_u: 0.0
INFO:root:Epoch: 13, Iteration: 41, Loss: 0.29852157831192017, Loss_s: 0.5970431566238403, Loss_u: 0.0
INFO:root:Epoch: 13, Iteration: 42, Loss: 0.2990458905696869, Loss_s: 0.5980917811393738, Loss_u: 0.0
INFO:root:Validation set mIOU: 80.60283183161326
INFO:root:Epoch: 14, Iteration: 43, Loss: 0.2996821701526642, Loss_s: 0.5993643403053284, Loss_u: 0.0
INFO:root:Epoch: 14, Iteration: 44, Loss: 0.29676830768585205, Loss_s: 0.5935366153717041, Loss_u: 0.0
INFO:root:Epoch: 14, Iteration: 45, Loss: 0.29203200340270996, Loss_s: 0.5840640068054199, Loss_u: 0.0
INFO:root:Validation set mIOU: 67.62549434986242
INFO:root:Epoch: 15, Iteration: 46, Loss: 0.30289706587791443, Loss_s: 0.6057941317558289, Loss_u: 0.0
INFO:root:Epoch: 15, Iteration: 47, Loss: 0.2976912260055542, Loss_s: 0.5953824520111084, Loss_u: 0.0
INFO:root:Epoch: 15, Iteration: 48, Loss: 0.2963118553161621, Loss_s: 0.5926237106323242, Loss_u: 0.0
INFO:root:Validation set mIOU: 74.85670813304979
INFO:root:Epoch: 16, Iteration: 49, Loss: 0.2970883548259735, Loss_s: 0.594176709651947, Loss_u: 0.0
INFO:root:Epoch: 16, Iteration: 50, Loss: 0.29795798659324646, Loss_s: 0.5959159731864929, Loss_u: 0.0
INFO:root:Epoch: 16, Iteration: 51, Loss: 0.2906496822834015, Loss_s: 0.581299364566803, Loss_u: 0.0
INFO:root:Validation set mIOU: 77.9346492348335
INFO:root:Epoch: 17, Iteration: 52, Loss: 0.2970901429653168, Loss_s: 0.5941802859306335, Loss_u: 0.0
INFO:root:Epoch: 17, Iteration: 53, Loss: 0.29640424251556396, Loss_s: 0.5928084850311279, Loss_u: 0.0
INFO:root:Epoch: 17, Iteration: 54, Loss: 0.29605135321617126, Loss_s: 0.5921027064323425, Loss_u: 0.0
INFO:root:Validation set mIOU: 75.89687922196383
INFO:root:Epoch: 18, Iteration: 55, Loss: 0.292247474193573, Loss_s: 0.584494948387146, Loss_u: 0.0
INFO:root:Epoch: 18, Iteration: 56, Loss: 0.2947404384613037, Loss_s: 0.5894808769226074, Loss_u: 0.0
INFO:root:Epoch: 18, Iteration: 57, Loss: 0.2995108366012573, Loss_s: 0.5990216732025146, Loss_u: 0.0
INFO:root:Validation set mIOU: 79.12081838002294
INFO:root:Epoch: 19, Iteration: 58, Loss: 0.31002211570739746, Loss_s: 0.6200442314147949, Loss_u: 0.0
INFO:root:Epoch: 19, Iteration: 59, Loss: 0.29170534014701843, Loss_s: 0.5834106802940369, Loss_u: 0.0
INFO:root:Epoch: 19, Iteration: 60, Loss: 0.2958097457885742, Loss_s: 0.5916194915771484, Loss_u: 0.0
INFO:root:Validation set mIOU: 84.07601152388938
INFO:root:Epoch: 20, Iteration: 61, Loss: 0.30397096276283264, Loss_s: 0.6079419255256653, Loss_u: 0.0
INFO:root:Epoch: 20, Iteration: 62, Loss: 0.2970692813396454, Loss_s: 0.5941385626792908, Loss_u: 0.0
INFO:root:Epoch: 20, Iteration: 63, Loss: 0.29502660036087036, Loss_s: 0.5900532007217407, Loss_u: 0.0
INFO:root:Validation set mIOU: 82.92498349682603
INFO:root:Epoch: 21, Iteration: 64, Loss: 0.29233285784721375, Loss_s: 0.5846657156944275, Loss_u: 0.0
INFO:root:Epoch: 21, Iteration: 65, Loss: 0.3103846609592438, Loss_s: 0.6207693219184875, Loss_u: 0.0
INFO:root:Epoch: 21, Iteration: 66, Loss: 0.3086007535457611, Loss_s: 0.6172015070915222, Loss_u: 0.0
INFO:root:Validation set mIOU: 83.33158495813174
INFO:root:Epoch: 22, Iteration: 67, Loss: 0.2968290448188782, Loss_s: 0.5936580896377563, Loss_u: 0.0
INFO:root:Epoch: 22, Iteration: 68, Loss: 0.30565309524536133, Loss_s: 0.6113061904907227, Loss_u: 0.0
INFO:root:Epoch: 22, Iteration: 69, Loss: 0.29345425963401794, Loss_s: 0.5869085192680359, Loss_u: 0.0
INFO:root:Validation set mIOU: 79.26016223097994
INFO:root:Epoch: 23, Iteration: 70, Loss: 0.2967914938926697, Loss_s: 0.5935829877853394, Loss_u: 0.0
INFO:root:Epoch: 23, Iteration: 71, Loss: 0.29399025440216064, Loss_s: 0.5879805088043213, Loss_u: 0.0
INFO:root:Epoch: 23, Iteration: 72, Loss: 0.2920130789279938, Loss_s: 0.5840261578559875, Loss_u: 0.0
INFO:root:Validation set mIOU: 79.27089583308839
INFO:root:Epoch: 24, Iteration: 73, Loss: 0.2931972146034241, Loss_s: 0.5863944292068481, Loss_u: 0.0
INFO:root:Epoch: 24, Iteration: 74, Loss: 0.29750487208366394, Loss_s: 0.5950097441673279, Loss_u: 0.0
INFO:root:Epoch: 24, Iteration: 75, Loss: 0.29017290472984314, Loss_s: 0.5803458094596863, Loss_u: 0.0
INFO:root:Validation set mIOU: 79.38087609438708
INFO:root:Epoch: 25, Iteration: 76, Loss: 0.29640915989875793, Loss_s: 0.5928183197975159, Loss_u: 0.0
INFO:root:Epoch: 25, Iteration: 77, Loss: 0.2934072017669678, Loss_s: 0.5868144035339355, Loss_u: 0.0
INFO:root:Epoch: 25, Iteration: 78, Loss: 0.2915116846561432, Loss_s: 0.5830233693122864, Loss_u: 0.0
INFO:root:Validation set mIOU: 80.22171285633655
INFO:root:Epoch: 26, Iteration: 79, Loss: 0.2985794246196747, Loss_s: 0.5971588492393494, Loss_u: 0.0
INFO:root:Epoch: 26, Iteration: 80, Loss: 0.29118797183036804, Loss_s: 0.5823759436607361, Loss_u: 0.0
INFO:root:Epoch: 26, Iteration: 81, Loss: 0.29090794920921326, Loss_s: 0.5818158984184265, Loss_u: 0.0
INFO:root:Validation set mIOU: 79.01553776596371
INFO:root:Epoch: 27, Iteration: 82, Loss: 0.29132556915283203, Loss_s: 0.5826511383056641, Loss_u: 0.0
INFO:root:Epoch: 27, Iteration: 83, Loss: 0.2980715334415436, Loss_s: 0.5961430668830872, Loss_u: 0.0
INFO:root:Epoch: 27, Iteration: 84, Loss: 0.29454129934310913, Loss_s: 0.5890825986862183, Loss_u: 0.0
INFO:root:Validation set mIOU: 81.11672952267219
INFO:root:Epoch: 28, Iteration: 85, Loss: 0.2919626235961914, Loss_s: 0.5839252471923828, Loss_u: 0.0
INFO:root:Epoch: 28, Iteration: 86, Loss: 0.29333770275115967, Loss_s: 0.5866754055023193, Loss_u: 0.0
INFO:root:Epoch: 28, Iteration: 87, Loss: 0.29286086559295654, Loss_s: 0.5857217311859131, Loss_u: 0.0
INFO:root:Validation set mIOU: 81.49672801474154
INFO:root:Epoch: 29, Iteration: 88, Loss: 0.2898864448070526, Loss_s: 0.5797728896141052, Loss_u: 0.0
INFO:root:Epoch: 29, Iteration: 89, Loss: 0.29028573632240295, Loss_s: 0.5805714726448059, Loss_u: 0.0
INFO:root:Epoch: 29, Iteration: 90, Loss: 0.2935436964035034, Loss_s: 0.5870873928070068, Loss_u: 0.0
INFO:root:Validation set mIOU: 81.11883452969707
INFO:root:Epoch: 30, Iteration: 91, Loss: 0.29239964485168457, Loss_s: 0.5847992897033691, Loss_u: 0.0
INFO:root:Epoch: 30, Iteration: 92, Loss: 0.29606887698173523, Loss_s: 0.5921377539634705, Loss_u: 0.0
INFO:root:Epoch: 30, Iteration: 93, Loss: 0.2899805009365082, Loss_s: 0.5799610018730164, Loss_u: 0.0
INFO:root:Validation set mIOU: 82.87485263537985
INFO:root:Epoch: 31, Iteration: 94, Loss: 0.2979242205619812, Loss_s: 0.5958484411239624, Loss_u: 0.0
INFO:root:Epoch: 31, Iteration: 95, Loss: 0.2982850670814514, Loss_s: 0.5965701341629028, Loss_u: 0.0
INFO:root:Epoch: 31, Iteration: 96, Loss: 0.3103943467140198, Loss_s: 0.6207886934280396, Loss_u: 0.0
INFO:root:Validation set mIOU: 73.44483718138774
INFO:root:Epoch: 32, Iteration: 97, Loss: 0.30403536558151245, Loss_s: 0.6080707311630249, Loss_u: 0.0
INFO:root:Epoch: 32, Iteration: 98, Loss: 0.2924187481403351, Loss_s: 0.5848374962806702, Loss_u: 0.0
INFO:root:Epoch: 32, Iteration: 99, Loss: 0.2955244183540344, Loss_s: 0.5910488367080688, Loss_u: 0.0
INFO:root:Validation set mIOU: 73.81254671042092
INFO:root:Epoch: 33, Iteration: 100, Loss: 0.2920095920562744, Loss_s: 0.5840191841125488, Loss_u: 0.0
INFO:root:Epoch: 33, Iteration: 101, Loss: 0.2996807098388672, Loss_s: 0.5993614196777344, Loss_u: 0.0
INFO:root:Epoch: 33, Iteration: 102, Loss: 0.30222490429878235, Loss_s: 0.6044498085975647, Loss_u: 0.0
INFO:root:Validation set mIOU: 75.67831490528373
INFO:root:Epoch: 34, Iteration: 103, Loss: 0.29776719212532043, Loss_s: 0.5955343842506409, Loss_u: 0.0
INFO:root:Epoch: 34, Iteration: 104, Loss: 0.3000962734222412, Loss_s: 0.6001925468444824, Loss_u: 0.0
INFO:root:Epoch: 34, Iteration: 105, Loss: 0.2950344979763031, Loss_s: 0.5900689959526062, Loss_u: 0.0
INFO:root:Validation set mIOU: 81.52658510154588
INFO:root:Epoch: 35, Iteration: 106, Loss: 0.2890171408653259, Loss_s: 0.5780342817306519, Loss_u: 0.0
INFO:root:Epoch: 35, Iteration: 107, Loss: 0.29756975173950195, Loss_s: 0.5951395034790039, Loss_u: 0.0
INFO:root:Epoch: 35, Iteration: 108, Loss: 0.2987744212150574, Loss_s: 0.5975488424301147, Loss_u: 0.0
INFO:root:Validation set mIOU: 77.90012528308186
INFO:root:Epoch: 36, Iteration: 109, Loss: 0.3024757504463196, Loss_s: 0.6049515008926392, Loss_u: 0.0
INFO:root:Epoch: 36, Iteration: 110, Loss: 0.3149801194667816, Loss_s: 0.6299602389335632, Loss_u: 0.0
INFO:root:Epoch: 36, Iteration: 111, Loss: 0.2908492386341095, Loss_s: 0.581698477268219, Loss_u: 0.0
INFO:root:Validation set mIOU: 77.99184330488339
INFO:root:Epoch: 37, Iteration: 112, Loss: 0.3047894537448883, Loss_s: 0.6095789074897766, Loss_u: 0.0
INFO:root:Epoch: 37, Iteration: 113, Loss: 0.29120567440986633, Loss_s: 0.5824113488197327, Loss_u: 0.0
INFO:root:Epoch: 37, Iteration: 114, Loss: 0.2925112247467041, Loss_s: 0.5850224494934082, Loss_u: 0.0
INFO:root:Validation set mIOU: 79.00136860442186
INFO:root:Epoch: 38, Iteration: 115, Loss: 0.2929290235042572, Loss_s: 0.5858580470085144, Loss_u: 0.0
INFO:root:Epoch: 38, Iteration: 116, Loss: 0.2968832552433014, Loss_s: 0.5937665104866028, Loss_u: 0.0
INFO:root:Epoch: 38, Iteration: 117, Loss: 0.2921788990497589, Loss_s: 0.5843577980995178, Loss_u: 0.0
INFO:root:Validation set mIOU: 80.00991321194267
INFO:root:Epoch: 39, Iteration: 118, Loss: 0.2959301173686981, Loss_s: 0.5918602347373962, Loss_u: 0.0
INFO:root:Epoch: 39, Iteration: 119, Loss: 0.2916516065597534, Loss_s: 0.5833032131195068, Loss_u: 0.0
INFO:root:Epoch: 39, Iteration: 120, Loss: 0.2977810204029083, Loss_s: 0.5955620408058167, Loss_u: 0.0
INFO:root:Validation set mIOU: 79.11578483853147
INFO:root:Epoch: 40, Iteration: 121, Loss: 0.29493317008018494, Loss_s: 0.5898663401603699, Loss_u: 0.0
INFO:root:Epoch: 40, Iteration: 122, Loss: 0.30301839113235474, Loss_s: 0.6060367822647095, Loss_u: 0.0
INFO:root:Epoch: 40, Iteration: 123, Loss: 0.295588880777359, Loss_s: 0.591177761554718, Loss_u: 0.0
INFO:root:Validation set mIOU: 81.61339564098976
INFO:root:Epoch: 41, Iteration: 124, Loss: 0.30410027503967285, Loss_s: 0.6082005500793457, Loss_u: 0.0
INFO:root:Epoch: 41, Iteration: 125, Loss: 0.2884938418865204, Loss_s: 0.5769876837730408, Loss_u: 0.0
INFO:root:Epoch: 41, Iteration: 126, Loss: 0.29246026277542114, Loss_s: 0.5849205255508423, Loss_u: 0.0
INFO:root:Validation set mIOU: 75.73530400920492
INFO:root:Epoch: 42, Iteration: 127, Loss: 0.2972543239593506, Loss_s: 0.5945086479187012, Loss_u: 0.0
INFO:root:Epoch: 42, Iteration: 128, Loss: 0.2982431948184967, Loss_s: 0.5964863896369934, Loss_u: 0.0
INFO:root:Epoch: 42, Iteration: 129, Loss: 0.29342207312583923, Loss_s: 0.5868441462516785, Loss_u: 0.0
INFO:root:Validation set mIOU: 81.50457134454398
INFO:root:Epoch: 43, Iteration: 130, Loss: 0.29032012820243835, Loss_s: 0.5806402564048767, Loss_u: 0.0
INFO:root:Epoch: 43, Iteration: 131, Loss: 0.29239609837532043, Loss_s: 0.5847921967506409, Loss_u: 0.0
INFO:root:Epoch: 43, Iteration: 132, Loss: 0.2961863875389099, Loss_s: 0.5923727750778198, Loss_u: 0.0
INFO:root:Validation set mIOU: 81.58820887145936
INFO:root:Epoch: 44, Iteration: 133, Loss: 0.28871285915374756, Loss_s: 0.5774257183074951, Loss_u: 0.0
INFO:root:Epoch: 44, Iteration: 134, Loss: 0.2969176173210144, Loss_s: 0.5938352346420288, Loss_u: 0.0
INFO:root:Epoch: 44, Iteration: 135, Loss: 0.2958311438560486, Loss_s: 0.5916622877120972, Loss_u: 0.0
INFO:root:Validation set mIOU: 55.241573682903486
INFO:root:Epoch: 45, Iteration: 136, Loss: 0.29271239042282104, Loss_s: 0.5854247808456421, Loss_u: 0.0
INFO:root:Epoch: 45, Iteration: 137, Loss: 0.2953132688999176, Loss_s: 0.5906265377998352, Loss_u: 0.0
INFO:root:Epoch: 45, Iteration: 138, Loss: 0.29051247239112854, Loss_s: 0.5810249447822571, Loss_u: 0.0
INFO:root:Validation set mIOU: 80.05802800929574
INFO:root:Epoch: 46, Iteration: 139, Loss: 0.2880244255065918, Loss_s: 0.5760488510131836, Loss_u: 0.0
INFO:root:Epoch: 46, Iteration: 140, Loss: 0.29086101055145264, Loss_s: 0.5817220211029053, Loss_u: 0.0
INFO:root:Epoch: 46, Iteration: 141, Loss: 0.29100966453552246, Loss_s: 0.5820193290710449, Loss_u: 0.0
INFO:root:Validation set mIOU: 79.6882870566239
INFO:root:Epoch: 47, Iteration: 142, Loss: 0.2903902232646942, Loss_s: 0.5807804465293884, Loss_u: 0.0
INFO:root:Epoch: 47, Iteration: 143, Loss: 0.29037877917289734, Loss_s: 0.5807575583457947, Loss_u: 0.0
INFO:root:Epoch: 47, Iteration: 144, Loss: 0.29159384965896606, Loss_s: 0.5831876993179321, Loss_u: 0.0
INFO:root:Validation set mIOU: 81.41448865117059
INFO:root:Epoch: 48, Iteration: 145, Loss: 0.2887580394744873, Loss_s: 0.5775160789489746, Loss_u: 0.0
INFO:root:Epoch: 48, Iteration: 146, Loss: 0.28963929414749146, Loss_s: 0.5792785882949829, Loss_u: 0.0
INFO:root:Epoch: 48, Iteration: 147, Loss: 0.28900498151779175, Loss_s: 0.5780099630355835, Loss_u: 0.0
INFO:root:Validation set mIOU: 82.84223474276953
INFO:root:Epoch: 49, Iteration: 148, Loss: 0.28882813453674316, Loss_s: 0.5776562690734863, Loss_u: 0.0
INFO:root:Epoch: 49, Iteration: 149, Loss: 0.2884007692337036, Loss_s: 0.5768015384674072, Loss_u: 0.0
INFO:root:Epoch: 49, Iteration: 150, Loss: 0.28882744908332825, Loss_s: 0.5776548981666565, Loss_u: 0.0
INFO:root:Validation set mIOU: 82.01844373997257
INFO:root:Epoch: 50, Iteration: 151, Loss: 0.2894703149795532, Loss_s: 0.5789406299591064, Loss_u: 0.0
INFO:root:Epoch: 50, Iteration: 152, Loss: 0.2917728126049042, Loss_s: 0.5835456252098083, Loss_u: 0.0
INFO:root:Epoch: 50, Iteration: 153, Loss: 0.28980278968811035, Loss_s: 0.5796055793762207, Loss_u: 0.0
INFO:root:Validation set mIOU: 83.14653118634308
INFO:root:Epoch: 51, Iteration: 154, Loss: 0.2918703258037567, Loss_s: 0.5837406516075134, Loss_u: 0.0
INFO:root:Epoch: 51, Iteration: 155, Loss: 0.29259562492370605, Loss_s: 0.5851912498474121, Loss_u: 0.0
INFO:root:Epoch: 51, Iteration: 156, Loss: 0.28984540700912476, Loss_s: 0.5796908140182495, Loss_u: 0.0
INFO:root:Validation set mIOU: 83.91673574014322
INFO:root:Epoch: 52, Iteration: 157, Loss: 0.2913617193698883, Loss_s: 0.5827234387397766, Loss_u: 0.0
INFO:root:Epoch: 52, Iteration: 158, Loss: 0.2916266620159149, Loss_s: 0.5832533240318298, Loss_u: 0.0
INFO:root:Epoch: 52, Iteration: 159, Loss: 0.2887219190597534, Loss_s: 0.5774438381195068, Loss_u: 0.0
INFO:root:Validation set mIOU: 81.64447830005797
INFO:root:Epoch: 53, Iteration: 160, Loss: 0.29452383518218994, Loss_s: 0.5890476703643799, Loss_u: 0.0
INFO:root:Epoch: 53, Iteration: 161, Loss: 0.294241726398468, Loss_s: 0.588483452796936, Loss_u: 0.0
INFO:root:Epoch: 53, Iteration: 162, Loss: 0.29227402806282043, Loss_s: 0.5845480561256409, Loss_u: 0.0
INFO:root:Validation set mIOU: 83.08674783778494
INFO:root:Epoch: 54, Iteration: 163, Loss: 0.32730376720428467, Loss_s: 0.6546075344085693, Loss_u: 0.0
INFO:root:Epoch: 54, Iteration: 164, Loss: 0.2919347286224365, Loss_s: 0.583869457244873, Loss_u: 0.0
INFO:root:Epoch: 54, Iteration: 165, Loss: 0.29491016268730164, Loss_s: 0.5898203253746033, Loss_u: 0.0
INFO:root:Validation set mIOU: 77.58693648574294
INFO:root:Epoch: 55, Iteration: 166, Loss: 0.2957824170589447, Loss_s: 0.5915648341178894, Loss_u: 0.0
INFO:root:Epoch: 55, Iteration: 167, Loss: 0.2896454930305481, Loss_s: 0.5792909860610962, Loss_u: 0.0
INFO:root:Epoch: 55, Iteration: 168, Loss: 0.2890484631061554, Loss_s: 0.5780969262123108, Loss_u: 0.0
INFO:root:Validation set mIOU: 81.67347673256288
INFO:root:Epoch: 56, Iteration: 169, Loss: 0.2901753783226013, Loss_s: 0.5803507566452026, Loss_u: 0.0
INFO:root:Epoch: 56, Iteration: 170, Loss: 0.29342302680015564, Loss_s: 0.5868460536003113, Loss_u: 0.0
INFO:root:Epoch: 56, Iteration: 171, Loss: 0.2879737913608551, Loss_s: 0.5759475827217102, Loss_u: 0.0
INFO:root:Validation set mIOU: 79.75515716092994
INFO:root:Epoch: 57, Iteration: 172, Loss: 0.2936338484287262, Loss_s: 0.5872676968574524, Loss_u: 0.0
INFO:root:Epoch: 57, Iteration: 173, Loss: 0.2959877848625183, Loss_s: 0.5919755697250366, Loss_u: 0.0
INFO:root:Epoch: 57, Iteration: 174, Loss: 0.3024193346500397, Loss_s: 0.6048386693000793, Loss_u: 0.0
INFO:root:Validation set mIOU: 80.8168051826585
INFO:root:Epoch: 58, Iteration: 175, Loss: 0.300393283367157, Loss_s: 0.600786566734314, Loss_u: 0.0
INFO:root:Epoch: 58, Iteration: 176, Loss: 0.29982051253318787, Loss_s: 0.5996410250663757, Loss_u: 0.0
INFO:root:Epoch: 58, Iteration: 177, Loss: 0.2901540994644165, Loss_s: 0.580308198928833, Loss_u: 0.0
INFO:root:Validation set mIOU: 79.23594600909469
INFO:root:Epoch: 59, Iteration: 178, Loss: 0.2890127897262573, Loss_s: 0.5780255794525146, Loss_u: 0.0
INFO:root:Epoch: 59, Iteration: 179, Loss: 0.29211246967315674, Loss_s: 0.5842249393463135, Loss_u: 0.0
INFO:root:Epoch: 59, Iteration: 180, Loss: 0.2922101318836212, Loss_s: 0.5844202637672424, Loss_u: 0.0
INFO:root:Validation set mIOU: 79.18230746347031
INFO:root:Epoch: 60, Iteration: 181, Loss: 0.2883944809436798, Loss_s: 0.5767889618873596, Loss_u: 0.0
INFO:root:Epoch: 60, Iteration: 182, Loss: 0.29127681255340576, Loss_s: 0.5825536251068115, Loss_u: 0.0
INFO:root:Epoch: 60, Iteration: 183, Loss: 0.2924434244632721, Loss_s: 0.5848868489265442, Loss_u: 0.0
INFO:root:Validation set mIOU: 82.8447979665723
INFO:root:Epoch: 61, Iteration: 184, Loss: 0.29166287183761597, Loss_s: 0.5833257436752319, Loss_u: 0.0
INFO:root:Epoch: 61, Iteration: 185, Loss: 0.28852710127830505, Loss_s: 0.5770542025566101, Loss_u: 0.0
INFO:root:Epoch: 61, Iteration: 186, Loss: 0.2890908122062683, Loss_s: 0.5781816244125366, Loss_u: 0.0
INFO:root:Validation set mIOU: 81.58660214697954
INFO:root:Epoch: 62, Iteration: 187, Loss: 0.2965119481086731, Loss_s: 0.5930238962173462, Loss_u: 0.0
INFO:root:Epoch: 62, Iteration: 188, Loss: 0.2929333746433258, Loss_s: 0.5858667492866516, Loss_u: 0.0
INFO:root:Epoch: 62, Iteration: 189, Loss: 0.28885918855667114, Loss_s: 0.5777183771133423, Loss_u: 0.0
INFO:root:Validation set mIOU: 80.86631042019606
INFO:root:Epoch: 63, Iteration: 190, Loss: 0.28837552666664124, Loss_s: 0.5767510533332825, Loss_u: 0.0
INFO:root:Epoch: 63, Iteration: 191, Loss: 0.2949441373348236, Loss_s: 0.5898882746696472, Loss_u: 0.0
INFO:root:Epoch: 63, Iteration: 192, Loss: 0.2909603714942932, Loss_s: 0.5819207429885864, Loss_u: 0.0
INFO:root:Validation set mIOU: 82.67936577767716
INFO:root:Epoch: 64, Iteration: 193, Loss: 0.29377761483192444, Loss_s: 0.5875552296638489, Loss_u: 0.0
INFO:root:Epoch: 64, Iteration: 194, Loss: 0.29206177592277527, Loss_s: 0.5841235518455505, Loss_u: 0.0
INFO:root:Epoch: 64, Iteration: 195, Loss: 0.2877975404262543, Loss_s: 0.5755950808525085, Loss_u: 0.0
INFO:root:Validation set mIOU: 83.00796150576198
INFO:root:Epoch: 65, Iteration: 196, Loss: 0.29247984290122986, Loss_s: 0.5849596858024597, Loss_u: 0.0
INFO:root:Epoch: 65, Iteration: 197, Loss: 0.29029324650764465, Loss_s: 0.5805864930152893, Loss_u: 0.0
INFO:root:Epoch: 65, Iteration: 198, Loss: 0.2903194725513458, Loss_s: 0.5806389451026917, Loss_u: 0.0
INFO:root:Validation set mIOU: 82.02293962124513
INFO:root:Epoch: 66, Iteration: 199, Loss: 0.29031509160995483, Loss_s: 0.5806301832199097, Loss_u: 0.0
INFO:root:Epoch: 66, Iteration: 200, Loss: 0.28912580013275146, Loss_s: 0.5782516002655029, Loss_u: 0.0
INFO:root:Epoch: 66, Iteration: 201, Loss: 0.2897634208202362, Loss_s: 0.5795268416404724, Loss_u: 0.0
INFO:root:Validation set mIOU: 80.91831521452258
INFO:root:Epoch: 67, Iteration: 202, Loss: 0.29160764813423157, Loss_s: 0.5832152962684631, Loss_u: 0.0
INFO:root:Epoch: 67, Iteration: 203, Loss: 0.28880828619003296, Loss_s: 0.5776165723800659, Loss_u: 0.0
INFO:root:Epoch: 67, Iteration: 204, Loss: 0.28728947043418884, Loss_s: 0.5745789408683777, Loss_u: 0.0
INFO:root:Validation set mIOU: 82.91200382123924
INFO:root:Epoch: 68, Iteration: 205, Loss: 0.2891400456428528, Loss_s: 0.5782800912857056, Loss_u: 0.0
INFO:root:Epoch: 68, Iteration: 206, Loss: 0.28898513317108154, Loss_s: 0.5779702663421631, Loss_u: 0.0
INFO:root:Epoch: 68, Iteration: 207, Loss: 0.2889877259731293, Loss_s: 0.5779754519462585, Loss_u: 0.0
INFO:root:Validation set mIOU: 83.04065534564229
INFO:root:Epoch: 69, Iteration: 208, Loss: 0.29146382212638855, Loss_s: 0.5829276442527771, Loss_u: 0.0
INFO:root:Epoch: 69, Iteration: 209, Loss: 0.2899843454360962, Loss_s: 0.5799686908721924, Loss_u: 0.0
INFO:root:Epoch: 69, Iteration: 210, Loss: 0.28906160593032837, Loss_s: 0.5781232118606567, Loss_u: 0.0
INFO:root:Validation set mIOU: 82.34926053550645
INFO:root:Epoch: 70, Iteration: 211, Loss: 0.28890201449394226, Loss_s: 0.5778040289878845, Loss_u: 0.0
INFO:root:Epoch: 70, Iteration: 212, Loss: 0.28983256220817566, Loss_s: 0.5796651244163513, Loss_u: 0.0
INFO:root:Epoch: 70, Iteration: 213, Loss: 0.2871047556400299, Loss_s: 0.5742095112800598, Loss_u: 0.0
INFO:root:Validation set mIOU: 80.96665022096686
INFO:root:Epoch: 71, Iteration: 214, Loss: 0.2883121967315674, Loss_s: 0.5766243934631348, Loss_u: 0.0
INFO:root:Epoch: 71, Iteration: 215, Loss: 0.2887422740459442, Loss_s: 0.5774845480918884, Loss_u: 0.0
INFO:root:Epoch: 71, Iteration: 216, Loss: 0.2898862063884735, Loss_s: 0.579772412776947, Loss_u: 0.0
INFO:root:Validation set mIOU: 81.6331460194439
INFO:root:Epoch: 72, Iteration: 217, Loss: 0.2878912091255188, Loss_s: 0.5757824182510376, Loss_u: 0.0
INFO:root:Epoch: 72, Iteration: 218, Loss: 0.288455069065094, Loss_s: 0.576910138130188, Loss_u: 0.0
INFO:root:Epoch: 72, Iteration: 219, Loss: 0.28701040148735046, Loss_s: 0.5740208029747009, Loss_u: 0.0
INFO:root:Validation set mIOU: 83.90140106088806
INFO:root:Epoch: 73, Iteration: 220, Loss: 0.28897932171821594, Loss_s: 0.5779586434364319, Loss_u: 0.0
INFO:root:Epoch: 73, Iteration: 221, Loss: 0.28948625922203064, Loss_s: 0.5789725184440613, Loss_u: 0.0
INFO:root:Epoch: 73, Iteration: 222, Loss: 0.2879875898361206, Loss_s: 0.5759751796722412, Loss_u: 0.0
INFO:root:Validation set mIOU: 83.37265961317331
INFO:root:Epoch: 74, Iteration: 223, Loss: 0.29060477018356323, Loss_s: 0.5812095403671265, Loss_u: 0.0
INFO:root:Epoch: 74, Iteration: 224, Loss: 0.28953689336776733, Loss_s: 0.5790737867355347, Loss_u: 0.0
INFO:root:Epoch: 74, Iteration: 225, Loss: 0.2864767611026764, Loss_s: 0.5729535222053528, Loss_u: 0.0
INFO:root:Validation set mIOU: 79.98883428679058
INFO:root:Epoch: 75, Iteration: 226, Loss: 0.2915700078010559, Loss_s: 0.5831400156021118, Loss_u: 0.0
INFO:root:Epoch: 75, Iteration: 227, Loss: 0.2919352650642395, Loss_s: 0.583870530128479, Loss_u: 0.0
INFO:root:Epoch: 75, Iteration: 228, Loss: 0.2943377196788788, Loss_s: 0.5886754393577576, Loss_u: 0.0
INFO:root:Validation set mIOU: 81.05419265882755
INFO:root:Epoch: 76, Iteration: 229, Loss: 0.28811681270599365, Loss_s: 0.5762336254119873, Loss_u: 0.0
INFO:root:Epoch: 76, Iteration: 230, Loss: 0.2900797128677368, Loss_s: 0.5801594257354736, Loss_u: 0.0
INFO:root:Epoch: 76, Iteration: 231, Loss: 0.29059791564941406, Loss_s: 0.5811958312988281, Loss_u: 0.0
INFO:root:Validation set mIOU: 82.63698511928078
INFO:root:Epoch: 77, Iteration: 232, Loss: 0.29318299889564514, Loss_s: 0.5863659977912903, Loss_u: 0.0
INFO:root:Epoch: 77, Iteration: 233, Loss: 0.29135745763778687, Loss_s: 0.5827149152755737, Loss_u: 0.0
INFO:root:Epoch: 77, Iteration: 234, Loss: 0.29035884141921997, Loss_s: 0.5807176828384399, Loss_u: 0.0
INFO:root:Validation set mIOU: 83.15796036731125
INFO:root:Epoch: 78, Iteration: 235, Loss: 0.28897660970687866, Loss_s: 0.5779532194137573, Loss_u: 0.0
INFO:root:Epoch: 78, Iteration: 236, Loss: 0.28870877623558044, Loss_s: 0.5774175524711609, Loss_u: 0.0
INFO:root:Epoch: 78, Iteration: 237, Loss: 0.28923457860946655, Loss_s: 0.5784691572189331, Loss_u: 0.0
INFO:root:Validation set mIOU: 81.00926832986352
INFO:root:Epoch: 79, Iteration: 238, Loss: 0.289449542760849, Loss_s: 0.578899085521698, Loss_u: 0.0
INFO:root:Epoch: 79, Iteration: 239, Loss: 0.287597119808197, Loss_s: 0.575194239616394, Loss_u: 0.0
INFO:root:Epoch: 79, Iteration: 240, Loss: 0.2884293496608734, Loss_s: 0.5768586993217468, Loss_u: 0.0
INFO:root:Validation set mIOU: 80.01316545991385
INFO:root:Epoch: 80, Iteration: 241, Loss: 0.2924056649208069, Loss_s: 0.5848113298416138, Loss_u: 0.0
INFO:root:Epoch: 80, Iteration: 242, Loss: 0.29570329189300537, Loss_s: 0.5914065837860107, Loss_u: 0.0
INFO:root:Epoch: 80, Iteration: 243, Loss: 0.2878672778606415, Loss_s: 0.575734555721283, Loss_u: 0.0
INFO:root:Validation set mIOU: 81.71394066405716
INFO:root:Epoch: 81, Iteration: 244, Loss: 0.2883108854293823, Loss_s: 0.5766217708587646, Loss_u: 0.0
INFO:root:Epoch: 81, Iteration: 245, Loss: 0.28683942556381226, Loss_s: 0.5736788511276245, Loss_u: 0.0
INFO:root:Epoch: 81, Iteration: 246, Loss: 0.2870156168937683, Loss_s: 0.5740312337875366, Loss_u: 0.0
INFO:root:Validation set mIOU: 83.43348079614869
INFO:root:Epoch: 82, Iteration: 247, Loss: 0.28991883993148804, Loss_s: 0.5798376798629761, Loss_u: 0.0
INFO:root:Epoch: 82, Iteration: 248, Loss: 0.2889919877052307, Loss_s: 0.5779839754104614, Loss_u: 0.0
INFO:root:Epoch: 82, Iteration: 249, Loss: 0.28647729754447937, Loss_s: 0.5729545950889587, Loss_u: 0.0
INFO:root:Validation set mIOU: 82.74972683350671
INFO:root:Epoch: 83, Iteration: 250, Loss: 0.29186052083969116, Loss_s: 0.5837210416793823, Loss_u: 0.0
INFO:root:Epoch: 83, Iteration: 251, Loss: 0.2901621460914612, Loss_s: 0.5803242921829224, Loss_u: 0.0
INFO:root:Epoch: 83, Iteration: 252, Loss: 0.2849111557006836, Loss_s: 0.5698223114013672, Loss_u: 0.0
INFO:root:Validation set mIOU: 82.67927783454665
INFO:root:Epoch: 84, Iteration: 253, Loss: 0.2857566475868225, Loss_s: 0.571513295173645, Loss_u: 0.0
INFO:root:Epoch: 84, Iteration: 254, Loss: 0.28741660714149475, Loss_s: 0.5748332142829895, Loss_u: 0.0
INFO:root:Epoch: 84, Iteration: 255, Loss: 0.2908751666545868, Loss_s: 0.5817503333091736, Loss_u: 0.0
INFO:root:Validation set mIOU: 84.05383494837766
INFO:root:Epoch: 85, Iteration: 256, Loss: 0.2875725030899048, Loss_s: 0.5751450061798096, Loss_u: 0.0
INFO:root:Epoch: 85, Iteration: 257, Loss: 0.2901085317134857, Loss_s: 0.5802170634269714, Loss_u: 0.0
INFO:root:Epoch: 85, Iteration: 258, Loss: 0.2885671854019165, Loss_s: 0.577134370803833, Loss_u: 0.0
INFO:root:Validation set mIOU: 84.55785213679142
INFO:root:Epoch: 86, Iteration: 259, Loss: 0.28683146834373474, Loss_s: 0.5736629366874695, Loss_u: 0.0
INFO:root:Epoch: 86, Iteration: 260, Loss: 0.28847622871398926, Loss_s: 0.5769524574279785, Loss_u: 0.0
INFO:root:Epoch: 86, Iteration: 261, Loss: 0.287823349237442, Loss_s: 0.575646698474884, Loss_u: 0.0
INFO:root:Validation set mIOU: 84.38270496012788
INFO:root:Epoch: 87, Iteration: 262, Loss: 0.2859049141407013, Loss_s: 0.5718098282814026, Loss_u: 0.0
INFO:root:Epoch: 87, Iteration: 263, Loss: 0.2885906398296356, Loss_s: 0.5771812796592712, Loss_u: 0.0
INFO:root:Epoch: 87, Iteration: 264, Loss: 0.29117706418037415, Loss_s: 0.5823541283607483, Loss_u: 0.0
INFO:root:Validation set mIOU: 83.07275930176297
INFO:root:Epoch: 88, Iteration: 265, Loss: 0.28946438431739807, Loss_s: 0.5789287686347961, Loss_u: 0.0
INFO:root:Epoch: 88, Iteration: 266, Loss: 0.2863908112049103, Loss_s: 0.5727816224098206, Loss_u: 0.0
INFO:root:Epoch: 88, Iteration: 267, Loss: 0.2848665416240692, Loss_s: 0.5697330832481384, Loss_u: 0.0
INFO:root:Validation set mIOU: 82.85695391893158
INFO:root:Epoch: 89, Iteration: 268, Loss: 0.2906019985675812, Loss_s: 0.5812039971351624, Loss_u: 0.0
INFO:root:Epoch: 89, Iteration: 269, Loss: 0.28685203194618225, Loss_s: 0.5737040638923645, Loss_u: 0.0
INFO:root:Epoch: 89, Iteration: 270, Loss: 0.2862109839916229, Loss_s: 0.5724219679832458, Loss_u: 0.0
INFO:root:Validation set mIOU: 84.29467019954603
INFO:root:Epoch: 90, Iteration: 271, Loss: 0.2876415550708771, Loss_s: 0.5752831101417542, Loss_u: 0.0
INFO:root:Epoch: 90, Iteration: 272, Loss: 0.2880392074584961, Loss_s: 0.5760784149169922, Loss_u: 0.0
INFO:root:Epoch: 90, Iteration: 273, Loss: 0.28563541173934937, Loss_s: 0.5712708234786987, Loss_u: 0.0
INFO:root:Validation set mIOU: 85.1846071858433
INFO:root:Epoch: 91, Iteration: 274, Loss: 0.2860196828842163, Loss_s: 0.5720393657684326, Loss_u: 0.0
INFO:root:Epoch: 91, Iteration: 275, Loss: 0.2874539792537689, Loss_s: 0.5749079585075378, Loss_u: 0.0
INFO:root:Epoch: 91, Iteration: 276, Loss: 0.2869936525821686, Loss_s: 0.5739873051643372, Loss_u: 0.0
INFO:root:Validation set mIOU: 84.68821831352571
INFO:root:Epoch: 92, Iteration: 277, Loss: 0.28495267033576965, Loss_s: 0.5699053406715393, Loss_u: 0.0
INFO:root:Epoch: 92, Iteration: 278, Loss: 0.2870297431945801, Loss_s: 0.5740594863891602, Loss_u: 0.0
INFO:root:Epoch: 92, Iteration: 279, Loss: 0.28597962856292725, Loss_s: 0.5719592571258545, Loss_u: 0.0
INFO:root:Validation set mIOU: 82.94239904874378
INFO:root:Epoch: 93, Iteration: 280, Loss: 0.2861940860748291, Loss_s: 0.5723881721496582, Loss_u: 0.0
INFO:root:Epoch: 93, Iteration: 281, Loss: 0.28755730390548706, Loss_s: 0.5751146078109741, Loss_u: 0.0
INFO:root:Epoch: 93, Iteration: 282, Loss: 0.28576627373695374, Loss_s: 0.5715325474739075, Loss_u: 0.0
INFO:root:Validation set mIOU: 83.2697471161733
INFO:root:Epoch: 94, Iteration: 283, Loss: 0.285800963640213, Loss_s: 0.571601927280426, Loss_u: 0.0
INFO:root:Epoch: 94, Iteration: 284, Loss: 0.2854277491569519, Loss_s: 0.5708554983139038, Loss_u: 0.0
INFO:root:Epoch: 94, Iteration: 285, Loss: 0.29043495655059814, Loss_s: 0.5808699131011963, Loss_u: 0.0
INFO:root:Validation set mIOU: 84.06772933329503
INFO:root:Epoch: 95, Iteration: 286, Loss: 0.2847011387348175, Loss_s: 0.569402277469635, Loss_u: 0.0
INFO:root:Epoch: 95, Iteration: 287, Loss: 0.2868746519088745, Loss_s: 0.573749303817749, Loss_u: 0.0
INFO:root:Epoch: 95, Iteration: 288, Loss: 0.28527912497520447, Loss_s: 0.5705582499504089, Loss_u: 0.0
INFO:root:Validation set mIOU: 85.18912562905633
INFO:root:Epoch: 96, Iteration: 289, Loss: 0.2860625088214874, Loss_s: 0.5721250176429749, Loss_u: 0.0
INFO:root:Epoch: 96, Iteration: 290, Loss: 0.2856236696243286, Loss_s: 0.5712473392486572, Loss_u: 0.0
INFO:root:Epoch: 96, Iteration: 291, Loss: 0.28683534264564514, Loss_s: 0.5736706852912903, Loss_u: 0.0
INFO:root:Validation set mIOU: 85.74338326336992
INFO:root:Epoch: 97, Iteration: 292, Loss: 0.28458651900291443, Loss_s: 0.5691730380058289, Loss_u: 0.0
INFO:root:Epoch: 97, Iteration: 293, Loss: 0.2868468463420868, Loss_s: 0.5736936926841736, Loss_u: 0.0
INFO:root:Epoch: 97, Iteration: 294, Loss: 0.2866399884223938, Loss_s: 0.5732799768447876, Loss_u: 0.0
INFO:root:Validation set mIOU: 85.3578033340232
INFO:root:Epoch: 98, Iteration: 295, Loss: 0.28626126050949097, Loss_s: 0.5725225210189819, Loss_u: 0.0
INFO:root:Epoch: 98, Iteration: 296, Loss: 0.2854524850845337, Loss_s: 0.5709049701690674, Loss_u: 0.0
INFO:root:Epoch: 98, Iteration: 297, Loss: 0.2834315598011017, Loss_s: 0.5668631196022034, Loss_u: 0.0
INFO:root:Validation set mIOU: 84.34826733136505
INFO:root:Epoch: 99, Iteration: 298, Loss: 0.2845844626426697, Loss_s: 0.5691689252853394, Loss_u: 0.0
INFO:root:Epoch: 99, Iteration: 299, Loss: 0.28630441427230835, Loss_s: 0.5726088285446167, Loss_u: 0.0
INFO:root:Epoch: 99, Iteration: 300, Loss: 0.28467029333114624, Loss_s: 0.5693405866622925, Loss_u: 0.0
INFO:root:Validation set mIOU: 83.98228097691933
INFO:root:Semi-training
INFO:root:Epoch: 0, Iteration: 1, Loss: 1.14210844039917
INFO:root:Epoch: 0, Iteration: 2, Loss: 1.1213645935058594
INFO:root:Epoch: 0, Iteration: 3, Loss: 1.0198769569396973
INFO:root:Epoch: 0, Iteration: 4, Loss: 0.923191487789154
INFO:root:Epoch: 0, Iteration: 5, Loss: 0.8597023487091064
INFO:root:Epoch: 0, Iteration: 6, Loss: 0.8425863981246948
INFO:root:Epoch: 0, Iteration: 7, Loss: 0.772351861000061
INFO:root:Validation set mIOU: 49.172814992309206
INFO:root:Epoch: 1, Iteration: 8, Loss: 0.7709190249443054
INFO:root:Epoch: 1, Iteration: 9, Loss: 0.7860512733459473
INFO:root:Epoch: 1, Iteration: 10, Loss: 0.7454332113265991
INFO:root:Epoch: 1, Iteration: 11, Loss: 0.740509569644928
INFO:root:Epoch: 1, Iteration: 12, Loss: 0.701323926448822
INFO:root:Epoch: 1, Iteration: 13, Loss: 0.7223458886146545
INFO:root:Epoch: 1, Iteration: 14, Loss: 0.7189892530441284
INFO:root:Validation set mIOU: 72.10288439015909
INFO:root:Epoch: 2, Iteration: 15, Loss: 0.7642701864242554
INFO:root:Epoch: 2, Iteration: 16, Loss: 0.7342520356178284
INFO:root:Epoch: 2, Iteration: 17, Loss: 0.76014244556427
INFO:root:Epoch: 2, Iteration: 18, Loss: 0.6892433762550354
INFO:root:Epoch: 2, Iteration: 19, Loss: 0.6879034638404846
INFO:root:Epoch: 2, Iteration: 20, Loss: 0.6978377103805542
INFO:root:Epoch: 2, Iteration: 21, Loss: 0.651735246181488
INFO:root:Validation set mIOU: 60.46641426769366
INFO:root:Epoch: 3, Iteration: 22, Loss: 0.6658347845077515
INFO:root:Epoch: 3, Iteration: 23, Loss: 0.7129960656166077
INFO:root:Epoch: 3, Iteration: 24, Loss: 0.6335787773132324
INFO:root:Epoch: 3, Iteration: 25, Loss: 0.6947469115257263
INFO:root:Epoch: 3, Iteration: 26, Loss: 0.7356089353561401
INFO:root:Epoch: 3, Iteration: 27, Loss: 0.6765130758285522
INFO:root:Epoch: 3, Iteration: 28, Loss: 0.6507192254066467
INFO:root:Validation set mIOU: 58.87847105063535
INFO:root:Epoch: 4, Iteration: 29, Loss: 0.6447516083717346
INFO:root:Epoch: 4, Iteration: 30, Loss: 0.6799028515815735
INFO:root:Epoch: 4, Iteration: 31, Loss: 0.650387704372406
INFO:root:Epoch: 4, Iteration: 32, Loss: 0.6816529035568237
INFO:root:Epoch: 4, Iteration: 33, Loss: 0.6776079535484314
INFO:root:Epoch: 4, Iteration: 34, Loss: 0.6443992853164673
INFO:root:Epoch: 4, Iteration: 35, Loss: 0.6898993253707886
INFO:root:Validation set mIOU: 65.45985440239954
INFO:root:Epoch: 5, Iteration: 36, Loss: 0.7023904323577881
INFO:root:Epoch: 5, Iteration: 37, Loss: 0.6354154348373413
INFO:root:Epoch: 5, Iteration: 38, Loss: 0.6547943353652954
INFO:root:Epoch: 5, Iteration: 39, Loss: 0.6383761167526245
INFO:root:Epoch: 5, Iteration: 40, Loss: 0.6722701787948608
INFO:root:Epoch: 5, Iteration: 41, Loss: 0.6290181279182434
INFO:root:Epoch: 5, Iteration: 42, Loss: 0.6682398319244385
INFO:root:Validation set mIOU: 69.65736765458348
INFO:root:Epoch: 6, Iteration: 43, Loss: 0.6351936459541321
INFO:root:Epoch: 6, Iteration: 44, Loss: 0.6405666470527649
INFO:root:Epoch: 6, Iteration: 45, Loss: 0.711415708065033
INFO:root:Epoch: 6, Iteration: 46, Loss: 0.6172837018966675
INFO:root:Epoch: 6, Iteration: 47, Loss: 0.6268029808998108
INFO:root:Epoch: 6, Iteration: 48, Loss: 0.6586510539054871
INFO:root:Epoch: 6, Iteration: 49, Loss: 0.6349772810935974
INFO:root:Validation set mIOU: 63.7339810520703
INFO:root:Epoch: 7, Iteration: 50, Loss: 0.6621574759483337
INFO:root:Epoch: 7, Iteration: 51, Loss: 0.651008129119873
INFO:root:Epoch: 7, Iteration: 52, Loss: 0.6492266654968262
INFO:root:Epoch: 7, Iteration: 53, Loss: 0.6414249539375305
INFO:root:Epoch: 7, Iteration: 54, Loss: 0.6202319264411926
INFO:root:Epoch: 7, Iteration: 55, Loss: 0.6323328018188477
INFO:root:Epoch: 7, Iteration: 56, Loss: 0.6628455519676208
INFO:root:Validation set mIOU: 72.84293270768899
INFO:root:Epoch: 8, Iteration: 57, Loss: 0.6340344548225403
INFO:root:Epoch: 8, Iteration: 58, Loss: 0.6367701292037964
INFO:root:Epoch: 8, Iteration: 59, Loss: 0.6974828839302063
INFO:root:Epoch: 8, Iteration: 60, Loss: 0.6318477392196655
INFO:root:Epoch: 8, Iteration: 61, Loss: 0.6274774670600891
INFO:root:Epoch: 8, Iteration: 62, Loss: 0.6546648740768433
INFO:root:Epoch: 8, Iteration: 63, Loss: 0.6741349697113037
INFO:root:Validation set mIOU: 60.46819972377501
INFO:root:Epoch: 9, Iteration: 64, Loss: 0.6629608869552612
INFO:root:Epoch: 9, Iteration: 65, Loss: 0.6363029479980469
INFO:root:Epoch: 9, Iteration: 66, Loss: 0.6273080110549927
INFO:root:Epoch: 9, Iteration: 67, Loss: 0.6830885410308838
INFO:root:Epoch: 9, Iteration: 68, Loss: 0.648862898349762
INFO:root:Epoch: 9, Iteration: 69, Loss: 0.6587677001953125
INFO:root:Epoch: 9, Iteration: 70, Loss: 0.6416912078857422
INFO:root:Validation set mIOU: 71.13887296897666
INFO:root:Epoch: 10, Iteration: 71, Loss: 0.6644998788833618
INFO:root:Epoch: 10, Iteration: 72, Loss: 0.6641032695770264
INFO:root:Epoch: 10, Iteration: 73, Loss: 0.6497092247009277
INFO:root:Epoch: 10, Iteration: 74, Loss: 0.6188809275627136
INFO:root:Epoch: 10, Iteration: 75, Loss: 0.6494482159614563
INFO:root:Epoch: 10, Iteration: 76, Loss: 0.6507650017738342
INFO:root:Epoch: 10, Iteration: 77, Loss: 0.6586248874664307
INFO:root:Validation set mIOU: 69.26067257236785
INFO:root:Epoch: 11, Iteration: 78, Loss: 0.6140050888061523
INFO:root:Epoch: 11, Iteration: 79, Loss: 0.6303626894950867
INFO:root:Epoch: 11, Iteration: 80, Loss: 0.6682660579681396
INFO:root:Epoch: 11, Iteration: 81, Loss: 0.6659923195838928
INFO:root:Epoch: 11, Iteration: 82, Loss: 0.6370511054992676
INFO:root:Epoch: 11, Iteration: 83, Loss: 0.6507716178894043
INFO:root:Epoch: 11, Iteration: 84, Loss: 0.6656297445297241
INFO:root:Validation set mIOU: 74.08735029745581
INFO:root:Epoch: 12, Iteration: 85, Loss: 0.6248688101768494
INFO:root:Epoch: 12, Iteration: 86, Loss: 0.600512683391571
INFO:root:Epoch: 12, Iteration: 87, Loss: 0.6373001933097839
INFO:root:Epoch: 12, Iteration: 88, Loss: 0.6112409830093384
INFO:root:Epoch: 12, Iteration: 89, Loss: 0.69591224193573
INFO:root:Epoch: 12, Iteration: 90, Loss: 0.6472009420394897
INFO:root:Epoch: 12, Iteration: 91, Loss: 0.6132555603981018
INFO:root:Validation set mIOU: 68.96705655882161
INFO:root:Epoch: 13, Iteration: 92, Loss: 0.6174293756484985
INFO:root:Epoch: 13, Iteration: 93, Loss: 0.6271542310714722
INFO:root:Epoch: 13, Iteration: 94, Loss: 0.6971158981323242
INFO:root:Epoch: 13, Iteration: 95, Loss: 0.6092476844787598
INFO:root:Epoch: 13, Iteration: 96, Loss: 0.6247535943984985
INFO:root:Epoch: 13, Iteration: 97, Loss: 0.6602833867073059
INFO:root:Epoch: 13, Iteration: 98, Loss: 0.6439515948295593
INFO:root:Validation set mIOU: 74.74453818621947
INFO:root:Epoch: 14, Iteration: 99, Loss: 0.6187530755996704
INFO:root:Epoch: 14, Iteration: 100, Loss: 0.6356187462806702
INFO:root:Epoch: 14, Iteration: 101, Loss: 0.6036392450332642
INFO:root:Epoch: 14, Iteration: 102, Loss: 0.6024805903434753
INFO:root:Epoch: 14, Iteration: 103, Loss: 0.6641409993171692
INFO:root:Epoch: 14, Iteration: 104, Loss: 0.6270493865013123
INFO:root:Epoch: 14, Iteration: 105, Loss: 0.6480024456977844
INFO:root:Validation set mIOU: 80.91720363523224
INFO:root:Epoch: 15, Iteration: 106, Loss: 0.6044935584068298
INFO:root:Epoch: 15, Iteration: 107, Loss: 0.606424868106842
INFO:root:Epoch: 15, Iteration: 108, Loss: 0.6230384111404419
INFO:root:Epoch: 15, Iteration: 109, Loss: 0.636189341545105
INFO:root:Epoch: 15, Iteration: 110, Loss: 0.6637783646583557
INFO:root:Epoch: 15, Iteration: 111, Loss: 0.6311355233192444
INFO:root:Epoch: 15, Iteration: 112, Loss: 0.7064666152000427
INFO:root:Validation set mIOU: 73.64709922289276
INFO:root:Epoch: 16, Iteration: 113, Loss: 0.6529517769813538
INFO:root:Epoch: 16, Iteration: 114, Loss: 0.6220119595527649
INFO:root:Epoch: 16, Iteration: 115, Loss: 0.6308848261833191
INFO:root:Epoch: 16, Iteration: 116, Loss: 0.6573359966278076
INFO:root:Epoch: 16, Iteration: 117, Loss: 0.7013825178146362
INFO:root:Epoch: 16, Iteration: 118, Loss: 0.6862659454345703
INFO:root:Epoch: 16, Iteration: 119, Loss: 0.6189722418785095
INFO:root:Validation set mIOU: 54.950253982598184
INFO:root:Epoch: 17, Iteration: 120, Loss: 0.6488355398178101
INFO:root:Epoch: 17, Iteration: 121, Loss: 0.6601526141166687
INFO:root:Epoch: 17, Iteration: 122, Loss: 0.6076608896255493
INFO:root:Epoch: 17, Iteration: 123, Loss: 0.6536006927490234
INFO:root:Epoch: 17, Iteration: 124, Loss: 0.6186079978942871
INFO:root:Epoch: 17, Iteration: 125, Loss: 0.6466706991195679
INFO:root:Epoch: 17, Iteration: 126, Loss: 0.670937180519104
INFO:root:Validation set mIOU: 51.5299513952207
INFO:root:Epoch: 18, Iteration: 127, Loss: 0.6230303645133972
INFO:root:Epoch: 18, Iteration: 128, Loss: 0.6627512574195862
INFO:root:Epoch: 18, Iteration: 129, Loss: 0.6734573841094971
INFO:root:Epoch: 18, Iteration: 130, Loss: 0.6269038915634155
INFO:root:Epoch: 18, Iteration: 131, Loss: 0.6327837109565735
INFO:root:Epoch: 18, Iteration: 132, Loss: 0.6443069577217102
INFO:root:Epoch: 18, Iteration: 133, Loss: 0.6572668552398682
INFO:root:Validation set mIOU: 80.52158797154235
INFO:root:Epoch: 19, Iteration: 134, Loss: 0.6513717174530029
INFO:root:Epoch: 19, Iteration: 135, Loss: 0.6437097191810608
INFO:root:Epoch: 19, Iteration: 136, Loss: 0.62386155128479
INFO:root:Epoch: 19, Iteration: 137, Loss: 0.6516680717468262
INFO:root:Epoch: 19, Iteration: 138, Loss: 0.6441549062728882
INFO:root:Epoch: 19, Iteration: 139, Loss: 0.6365736126899719
INFO:root:Epoch: 19, Iteration: 140, Loss: 0.6596386432647705
INFO:root:Validation set mIOU: 82.49860059983666
INFO:root:Epoch: 20, Iteration: 141, Loss: 0.6380084156990051
INFO:root:Epoch: 20, Iteration: 142, Loss: 0.6422767639160156
INFO:root:Epoch: 20, Iteration: 143, Loss: 0.6115900874137878
INFO:root:Epoch: 20, Iteration: 144, Loss: 0.6154121160507202
INFO:root:Epoch: 20, Iteration: 145, Loss: 0.6187286972999573
INFO:root:Epoch: 20, Iteration: 146, Loss: 0.6240819692611694
INFO:root:Epoch: 20, Iteration: 147, Loss: 0.6413953900337219
INFO:root:Validation set mIOU: 74.71530600462613
INFO:root:Epoch: 21, Iteration: 148, Loss: 0.6288698315620422
INFO:root:Epoch: 21, Iteration: 149, Loss: 0.5893537402153015
INFO:root:Epoch: 21, Iteration: 150, Loss: 0.6612920165061951
INFO:root:Epoch: 21, Iteration: 151, Loss: 0.6486296057701111
INFO:root:Epoch: 21, Iteration: 152, Loss: 0.7133550047874451
INFO:root:Epoch: 21, Iteration: 153, Loss: 0.6441196799278259
INFO:root:Epoch: 21, Iteration: 154, Loss: 0.6422724723815918
INFO:root:Validation set mIOU: 73.72870002125958
INFO:root:Epoch: 22, Iteration: 155, Loss: 0.6036020517349243
INFO:root:Epoch: 22, Iteration: 156, Loss: 0.6698567867279053
INFO:root:Epoch: 22, Iteration: 157, Loss: 0.6104470491409302
INFO:root:Epoch: 22, Iteration: 158, Loss: 0.6245541572570801
INFO:root:Epoch: 22, Iteration: 159, Loss: 0.6437426805496216
INFO:root:Epoch: 22, Iteration: 160, Loss: 0.6458562612533569
INFO:root:Epoch: 22, Iteration: 161, Loss: 0.7061573266983032
INFO:root:Validation set mIOU: 76.58186011522447
INFO:root:Epoch: 23, Iteration: 162, Loss: 0.6353021264076233
INFO:root:Epoch: 23, Iteration: 163, Loss: 0.6678094267845154
INFO:root:Epoch: 23, Iteration: 164, Loss: 0.7237849235534668
INFO:root:Epoch: 23, Iteration: 165, Loss: 0.6633065938949585
INFO:root:Epoch: 23, Iteration: 166, Loss: 0.6800234913825989
INFO:root:Epoch: 23, Iteration: 167, Loss: 0.6764639616012573
INFO:root:Epoch: 23, Iteration: 168, Loss: 0.6374652981758118
INFO:root:Validation set mIOU: 68.75090211482761
INFO:root:Epoch: 24, Iteration: 169, Loss: 0.667356014251709
INFO:root:Epoch: 24, Iteration: 170, Loss: 0.6110498905181885
INFO:root:Epoch: 24, Iteration: 171, Loss: 0.6394341588020325
INFO:root:Epoch: 24, Iteration: 172, Loss: 0.6310940384864807
INFO:root:Epoch: 24, Iteration: 173, Loss: 0.6182242631912231
INFO:root:Epoch: 24, Iteration: 174, Loss: 0.6459453105926514
INFO:root:Epoch: 24, Iteration: 175, Loss: 0.6515527367591858
INFO:root:Validation set mIOU: 85.34212631064685
INFO:root:Epoch: 25, Iteration: 176, Loss: 0.6768975257873535
INFO:root:Epoch: 25, Iteration: 177, Loss: 0.6190189123153687
INFO:root:Epoch: 25, Iteration: 178, Loss: 0.6676840782165527
INFO:root:Epoch: 25, Iteration: 179, Loss: 0.6242052912712097
INFO:root:Epoch: 25, Iteration: 180, Loss: 0.6917592883110046
INFO:root:Epoch: 25, Iteration: 181, Loss: 0.6256939172744751
INFO:root:Epoch: 25, Iteration: 182, Loss: 0.608975887298584
INFO:root:Validation set mIOU: 65.62302521816976
INFO:root:Epoch: 26, Iteration: 183, Loss: 0.6412095427513123
INFO:root:Epoch: 26, Iteration: 184, Loss: 0.662761926651001
INFO:root:Epoch: 26, Iteration: 185, Loss: 0.6098490953445435
INFO:root:Epoch: 26, Iteration: 186, Loss: 0.6304275989532471
INFO:root:Epoch: 26, Iteration: 187, Loss: 0.6245755553245544
INFO:root:Epoch: 26, Iteration: 188, Loss: 0.673210859298706
INFO:root:Epoch: 26, Iteration: 189, Loss: 0.6448313593864441
INFO:root:Validation set mIOU: 69.13827067112983
INFO:root:Epoch: 27, Iteration: 190, Loss: 0.6228288412094116
INFO:root:Epoch: 27, Iteration: 191, Loss: 0.6127625107765198
INFO:root:Epoch: 27, Iteration: 192, Loss: 0.6133792996406555
INFO:root:Epoch: 27, Iteration: 193, Loss: 0.6213358044624329
INFO:root:Epoch: 27, Iteration: 194, Loss: 0.6597754955291748
INFO:root:Epoch: 27, Iteration: 195, Loss: 0.6007286906242371
INFO:root:Epoch: 27, Iteration: 196, Loss: 0.6739488244056702
INFO:root:Validation set mIOU: 43.48578140257926
INFO:root:Epoch: 28, Iteration: 197, Loss: 0.621270477771759
INFO:root:Epoch: 28, Iteration: 198, Loss: 0.6270339488983154
INFO:root:Epoch: 28, Iteration: 199, Loss: 0.6107995510101318
INFO:root:Epoch: 28, Iteration: 200, Loss: 0.6175569295883179
INFO:root:Epoch: 28, Iteration: 201, Loss: 0.6598051190376282
INFO:root:Epoch: 28, Iteration: 202, Loss: 0.6213439702987671
INFO:root:Epoch: 28, Iteration: 203, Loss: 0.688132107257843
INFO:root:Validation set mIOU: 84.31017960070439
INFO:root:Epoch: 29, Iteration: 204, Loss: 0.6696592569351196
INFO:root:Epoch: 29, Iteration: 205, Loss: 0.6215204000473022
INFO:root:Epoch: 29, Iteration: 206, Loss: 0.6075819134712219
INFO:root:Epoch: 29, Iteration: 207, Loss: 0.6204479932785034
INFO:root:Epoch: 29, Iteration: 208, Loss: 0.6443508267402649
INFO:root:Epoch: 29, Iteration: 209, Loss: 0.6196860671043396
INFO:root:Epoch: 29, Iteration: 210, Loss: 0.6073994040489197
INFO:root:Validation set mIOU: 79.05627224035456
INFO:root:Epoch: 30, Iteration: 211, Loss: 0.6172724366188049
INFO:root:Epoch: 30, Iteration: 212, Loss: 0.6188399791717529
INFO:root:Epoch: 30, Iteration: 213, Loss: 0.615114152431488
INFO:root:Epoch: 30, Iteration: 214, Loss: 0.6442071795463562
INFO:root:Epoch: 30, Iteration: 215, Loss: 0.6191133260726929
INFO:root:Epoch: 30, Iteration: 216, Loss: 0.6435374021530151
INFO:root:Epoch: 30, Iteration: 217, Loss: 0.603137731552124
INFO:root:Validation set mIOU: 75.62795521476514
INFO:root:Epoch: 31, Iteration: 218, Loss: 0.62836092710495
INFO:root:Epoch: 31, Iteration: 219, Loss: 0.6018713116645813
INFO:root:Epoch: 31, Iteration: 220, Loss: 0.5949182510375977
INFO:root:Epoch: 31, Iteration: 221, Loss: 0.6210631728172302
INFO:root:Epoch: 31, Iteration: 222, Loss: 0.6601812839508057
INFO:root:Epoch: 31, Iteration: 223, Loss: 0.6126546859741211
INFO:root:Epoch: 31, Iteration: 224, Loss: 0.6233637928962708
INFO:root:Validation set mIOU: 78.86980762916077
INFO:root:Epoch: 32, Iteration: 225, Loss: 0.6293193697929382
INFO:root:Epoch: 32, Iteration: 226, Loss: 0.6874077916145325
INFO:root:Epoch: 32, Iteration: 227, Loss: 0.6303251385688782
INFO:root:Epoch: 32, Iteration: 228, Loss: 0.6253519058227539
INFO:root:Epoch: 32, Iteration: 229, Loss: 0.6325114965438843
INFO:root:Epoch: 32, Iteration: 230, Loss: 0.6680972576141357
INFO:root:Epoch: 32, Iteration: 231, Loss: 0.6307023763656616
INFO:root:Validation set mIOU: 81.08684743474277
INFO:root:Epoch: 33, Iteration: 232, Loss: 0.6446977853775024
INFO:root:Epoch: 33, Iteration: 233, Loss: 0.6073622703552246
INFO:root:Epoch: 33, Iteration: 234, Loss: 0.633987545967102
INFO:root:Epoch: 33, Iteration: 235, Loss: 0.6381469368934631
INFO:root:Epoch: 33, Iteration: 236, Loss: 0.6352755427360535
INFO:root:Epoch: 33, Iteration: 237, Loss: 0.6513373851776123
INFO:root:Epoch: 33, Iteration: 238, Loss: 0.609400749206543
INFO:root:Validation set mIOU: 82.19840370262125
INFO:root:Epoch: 34, Iteration: 239, Loss: 0.6168903112411499
INFO:root:Epoch: 34, Iteration: 240, Loss: 0.6655591130256653
INFO:root:Epoch: 34, Iteration: 241, Loss: 0.6296508312225342
INFO:root:Epoch: 34, Iteration: 242, Loss: 0.617737352848053
INFO:root:Epoch: 34, Iteration: 243, Loss: 0.657412588596344
INFO:root:Epoch: 34, Iteration: 244, Loss: 0.637972891330719
INFO:root:Epoch: 34, Iteration: 245, Loss: 0.6743555665016174
INFO:root:Validation set mIOU: 26.219713961532555
INFO:root:Epoch: 35, Iteration: 246, Loss: 0.6933858394622803
INFO:root:Epoch: 35, Iteration: 247, Loss: 0.6872919201850891
INFO:root:Epoch: 35, Iteration: 248, Loss: 0.6366750001907349
INFO:root:Epoch: 35, Iteration: 249, Loss: 0.6698826551437378
INFO:root:Epoch: 35, Iteration: 250, Loss: 0.6149227619171143
INFO:root:Epoch: 35, Iteration: 251, Loss: 0.6165342330932617
INFO:root:Epoch: 35, Iteration: 252, Loss: 0.6347246766090393
INFO:root:Validation set mIOU: 22.476560381453524
INFO:root:Epoch: 36, Iteration: 253, Loss: 0.6319387555122375
INFO:root:Epoch: 36, Iteration: 254, Loss: 0.6643497347831726
INFO:root:Epoch: 36, Iteration: 255, Loss: 0.6672763228416443
INFO:root:Epoch: 36, Iteration: 256, Loss: 0.6514784693717957
INFO:root:Epoch: 36, Iteration: 257, Loss: 0.6371708512306213
INFO:root:Epoch: 36, Iteration: 258, Loss: 0.6176342964172363
INFO:root:Epoch: 36, Iteration: 259, Loss: 0.6852790713310242
INFO:root:Validation set mIOU: 44.53278243059026
INFO:root:Epoch: 37, Iteration: 260, Loss: 0.6187042593955994
INFO:root:Epoch: 37, Iteration: 261, Loss: 0.6282904148101807
INFO:root:Epoch: 37, Iteration: 262, Loss: 0.6707030534744263
INFO:root:Epoch: 37, Iteration: 263, Loss: 0.6570259928703308
INFO:root:Epoch: 37, Iteration: 264, Loss: 0.6689192056655884
INFO:root:Epoch: 37, Iteration: 265, Loss: 0.6437969207763672
INFO:root:Epoch: 37, Iteration: 266, Loss: 0.6126552820205688
INFO:root:Validation set mIOU: 73.69472877737357
INFO:root:Epoch: 38, Iteration: 267, Loss: 0.6480420231819153
INFO:root:Epoch: 38, Iteration: 268, Loss: 0.6437404155731201
INFO:root:Epoch: 38, Iteration: 269, Loss: 0.6472053527832031
INFO:root:Epoch: 38, Iteration: 270, Loss: 0.65791255235672
INFO:root:Epoch: 38, Iteration: 271, Loss: 0.6044854521751404
INFO:root:Epoch: 38, Iteration: 272, Loss: 0.6699678897857666
INFO:root:Epoch: 38, Iteration: 273, Loss: 0.681851327419281
INFO:root:Validation set mIOU: 78.69491287984268
INFO:root:Epoch: 39, Iteration: 274, Loss: 0.6846981048583984
INFO:root:Epoch: 39, Iteration: 275, Loss: 0.6316063404083252
INFO:root:Epoch: 39, Iteration: 276, Loss: 0.6392627358436584
INFO:root:Epoch: 39, Iteration: 277, Loss: 0.6260084509849548
INFO:root:Epoch: 39, Iteration: 278, Loss: 0.6077859401702881
INFO:root:Epoch: 39, Iteration: 279, Loss: 0.6503563523292542
INFO:root:Epoch: 39, Iteration: 280, Loss: 0.6289194822311401
INFO:root:Validation set mIOU: 84.88129641254636
INFO:root:Epoch: 40, Iteration: 281, Loss: 0.6425085067749023
INFO:root:Epoch: 40, Iteration: 282, Loss: 0.618707537651062
INFO:root:Epoch: 40, Iteration: 283, Loss: 0.6097473502159119
INFO:root:Epoch: 40, Iteration: 284, Loss: 0.640721321105957
INFO:root:Epoch: 40, Iteration: 285, Loss: 0.6325960159301758
INFO:root:Epoch: 40, Iteration: 286, Loss: 0.651900589466095
INFO:root:Epoch: 40, Iteration: 287, Loss: 0.6274087429046631
INFO:root:Validation set mIOU: 82.83563950598989
INFO:root:Epoch: 41, Iteration: 288, Loss: 0.6730395555496216
INFO:root:Epoch: 41, Iteration: 289, Loss: 0.6080859899520874
INFO:root:Epoch: 41, Iteration: 290, Loss: 0.5927834510803223
INFO:root:Epoch: 41, Iteration: 291, Loss: 0.6198439598083496
INFO:root:Epoch: 41, Iteration: 292, Loss: 0.6482433080673218
INFO:root:Epoch: 41, Iteration: 293, Loss: 0.6123251914978027
INFO:root:Epoch: 41, Iteration: 294, Loss: 0.6049188375473022
INFO:root:Validation set mIOU: 75.09108246229013
INFO:root:Epoch: 42, Iteration: 295, Loss: 0.6021086573600769
INFO:root:Epoch: 42, Iteration: 296, Loss: 0.6236656904220581
INFO:root:Epoch: 42, Iteration: 297, Loss: 0.6191986799240112
INFO:root:Epoch: 42, Iteration: 298, Loss: 0.6329963803291321
INFO:root:Epoch: 42, Iteration: 299, Loss: 0.5985720157623291
INFO:root:Epoch: 42, Iteration: 300, Loss: 0.6764670014381409
INFO:root:Epoch: 42, Iteration: 301, Loss: 0.6738587617874146
INFO:root:Validation set mIOU: 76.86991553517909
INFO:root:Epoch: 43, Iteration: 302, Loss: 0.6177870035171509
INFO:root:Epoch: 43, Iteration: 303, Loss: 0.6107147932052612
INFO:root:Epoch: 43, Iteration: 304, Loss: 0.6044872999191284
INFO:root:Epoch: 43, Iteration: 305, Loss: 0.6811597943305969
INFO:root:Epoch: 43, Iteration: 306, Loss: 0.6467775106430054
INFO:root:Epoch: 43, Iteration: 307, Loss: 0.6121978759765625
INFO:root:Epoch: 43, Iteration: 308, Loss: 0.6472370028495789
INFO:root:Validation set mIOU: 54.844464569384634
INFO:root:Epoch: 44, Iteration: 309, Loss: 0.6379708051681519
INFO:root:Epoch: 44, Iteration: 310, Loss: 0.608069896697998
INFO:root:Epoch: 44, Iteration: 311, Loss: 0.6129856109619141
INFO:root:Epoch: 44, Iteration: 312, Loss: 0.6233909130096436
INFO:root:Epoch: 44, Iteration: 313, Loss: 0.6282273530960083
INFO:root:Epoch: 44, Iteration: 314, Loss: 0.6291334629058838
INFO:root:Epoch: 44, Iteration: 315, Loss: 0.6416769027709961
INFO:root:Validation set mIOU: 84.9736863482096
INFO:root:Epoch: 45, Iteration: 316, Loss: 0.6318016052246094
INFO:root:Epoch: 45, Iteration: 317, Loss: 0.5877177119255066
INFO:root:Epoch: 45, Iteration: 318, Loss: 0.6260313987731934
INFO:root:Epoch: 45, Iteration: 319, Loss: 0.6278877854347229
INFO:root:Epoch: 45, Iteration: 320, Loss: 0.651707112789154
INFO:root:Epoch: 45, Iteration: 321, Loss: 0.6108946204185486
INFO:root:Epoch: 45, Iteration: 322, Loss: 0.6291025280952454
INFO:root:Validation set mIOU: 85.10665867397647
INFO:root:Epoch: 46, Iteration: 323, Loss: 0.6595754623413086
INFO:root:Epoch: 46, Iteration: 324, Loss: 0.6142122745513916
INFO:root:Epoch: 46, Iteration: 325, Loss: 0.6496317982673645
INFO:root:Epoch: 46, Iteration: 326, Loss: 0.6392682790756226
INFO:root:Epoch: 46, Iteration: 327, Loss: 0.6267787218093872
INFO:root:Epoch: 46, Iteration: 328, Loss: 0.6593053936958313
INFO:root:Epoch: 46, Iteration: 329, Loss: 0.6705792546272278
INFO:root:Validation set mIOU: 81.22597327571917
INFO:root:Epoch: 47, Iteration: 330, Loss: 0.6293951272964478
INFO:root:Epoch: 47, Iteration: 331, Loss: 0.6727855205535889
INFO:root:Epoch: 47, Iteration: 332, Loss: 0.6117309927940369
INFO:root:Epoch: 47, Iteration: 333, Loss: 0.6113831400871277
INFO:root:Epoch: 47, Iteration: 334, Loss: 0.6188547015190125
INFO:root:Epoch: 47, Iteration: 335, Loss: 0.6185607314109802
INFO:root:Epoch: 47, Iteration: 336, Loss: 0.592160165309906
INFO:root:Validation set mIOU: 77.64788828924446
INFO:root:Epoch: 48, Iteration: 337, Loss: 0.6371344923973083
INFO:root:Epoch: 48, Iteration: 338, Loss: 0.6226319074630737
INFO:root:Epoch: 48, Iteration: 339, Loss: 0.6203513741493225
INFO:root:Epoch: 48, Iteration: 340, Loss: 0.6124058365821838
INFO:root:Epoch: 48, Iteration: 341, Loss: 0.6570768356323242
INFO:root:Epoch: 48, Iteration: 342, Loss: 0.6143781542778015
INFO:root:Epoch: 48, Iteration: 343, Loss: 0.6260494589805603
INFO:root:Validation set mIOU: 76.32080671281206
INFO:root:Epoch: 49, Iteration: 344, Loss: 0.6285979151725769
INFO:root:Epoch: 49, Iteration: 345, Loss: 0.653632640838623
INFO:root:Epoch: 49, Iteration: 346, Loss: 0.6430820822715759
INFO:root:Epoch: 49, Iteration: 347, Loss: 0.6837426424026489
INFO:root:Epoch: 49, Iteration: 348, Loss: 0.5941411852836609
INFO:root:Epoch: 49, Iteration: 349, Loss: 0.6642206907272339
INFO:root:Epoch: 49, Iteration: 350, Loss: 0.6192891001701355
INFO:root:Validation set mIOU: 82.6312283313956
INFO:root:Epoch: 50, Iteration: 351, Loss: 0.665001630783081
INFO:root:Epoch: 50, Iteration: 352, Loss: 0.6119081974029541
INFO:root:Epoch: 50, Iteration: 353, Loss: 0.6127547025680542
INFO:root:Epoch: 50, Iteration: 354, Loss: 0.6359109282493591
INFO:root:Epoch: 50, Iteration: 355, Loss: 0.6253563761711121
INFO:root:Epoch: 50, Iteration: 356, Loss: 0.6227614283561707
INFO:root:Epoch: 50, Iteration: 357, Loss: 0.6306795477867126
INFO:root:Validation set mIOU: 82.70050225820906
INFO:root:Epoch: 51, Iteration: 358, Loss: 0.6310757398605347
INFO:root:Epoch: 51, Iteration: 359, Loss: 0.6189423203468323
INFO:root:Epoch: 51, Iteration: 360, Loss: 0.5993311405181885
INFO:root:Epoch: 51, Iteration: 361, Loss: 0.6046173572540283
INFO:root:Epoch: 51, Iteration: 362, Loss: 0.5982052683830261
INFO:root:Epoch: 51, Iteration: 363, Loss: 0.6164807677268982
INFO:root:Epoch: 51, Iteration: 364, Loss: 0.6208074688911438
INFO:root:Validation set mIOU: 85.02345322965455
INFO:root:Epoch: 52, Iteration: 365, Loss: 0.6354220509529114
INFO:root:Epoch: 52, Iteration: 366, Loss: 0.6389132142066956
INFO:root:Epoch: 52, Iteration: 367, Loss: 0.6331184506416321
INFO:root:Epoch: 52, Iteration: 368, Loss: 0.6203906536102295
INFO:root:Epoch: 52, Iteration: 369, Loss: 0.6259203553199768
INFO:root:Epoch: 52, Iteration: 370, Loss: 0.6108214855194092
INFO:root:Epoch: 52, Iteration: 371, Loss: 0.6148368120193481
INFO:root:Validation set mIOU: 83.80289760002766
INFO:root:Epoch: 53, Iteration: 372, Loss: 0.61074298620224
INFO:root:Epoch: 53, Iteration: 373, Loss: 0.6554276943206787
INFO:root:Epoch: 53, Iteration: 374, Loss: 0.6071447730064392
INFO:root:Epoch: 53, Iteration: 375, Loss: 0.6170434951782227
INFO:root:Epoch: 53, Iteration: 376, Loss: 0.6295083165168762
INFO:root:Epoch: 53, Iteration: 377, Loss: 0.5904552936553955
INFO:root:Epoch: 53, Iteration: 378, Loss: 0.6259931325912476
INFO:root:Validation set mIOU: 83.95114686627339
INFO:root:Epoch: 54, Iteration: 379, Loss: 0.6091882586479187
INFO:root:Epoch: 54, Iteration: 380, Loss: 0.6143147349357605
INFO:root:Epoch: 54, Iteration: 381, Loss: 0.6087371706962585
INFO:root:Epoch: 54, Iteration: 382, Loss: 0.6127871870994568
INFO:root:Epoch: 54, Iteration: 383, Loss: 0.6051290035247803
INFO:root:Epoch: 54, Iteration: 384, Loss: 0.6166667938232422
INFO:root:Epoch: 54, Iteration: 385, Loss: 0.6161534786224365
INFO:root:Validation set mIOU: 79.66631643270019
INFO:root:Epoch: 55, Iteration: 386, Loss: 0.6125501394271851
INFO:root:Epoch: 55, Iteration: 387, Loss: 0.622439444065094
INFO:root:Epoch: 55, Iteration: 388, Loss: 0.6084505319595337
INFO:root:Epoch: 55, Iteration: 389, Loss: 0.6258342266082764
INFO:root:Epoch: 55, Iteration: 390, Loss: 0.6153774261474609
INFO:root:Epoch: 55, Iteration: 391, Loss: 0.6464688181877136
INFO:root:Epoch: 55, Iteration: 392, Loss: 0.6062648296356201
INFO:root:Validation set mIOU: 71.50735738538306
INFO:root:Epoch: 56, Iteration: 393, Loss: 0.6352909207344055
INFO:root:Epoch: 56, Iteration: 394, Loss: 0.614160418510437
INFO:root:Epoch: 56, Iteration: 395, Loss: 0.6042833924293518
INFO:root:Epoch: 56, Iteration: 396, Loss: 0.6166887283325195
INFO:root:Epoch: 56, Iteration: 397, Loss: 0.6155094504356384
INFO:root:Epoch: 56, Iteration: 398, Loss: 0.6749259829521179
INFO:root:Epoch: 56, Iteration: 399, Loss: 0.6100210547447205
INFO:root:Validation set mIOU: 80.26176198475208
INFO:root:Epoch: 57, Iteration: 400, Loss: 0.6042213439941406
INFO:root:Epoch: 57, Iteration: 401, Loss: 0.6270231604576111
INFO:root:Epoch: 57, Iteration: 402, Loss: 0.6217219233512878
INFO:root:Epoch: 57, Iteration: 403, Loss: 0.5992465019226074
INFO:root:Epoch: 57, Iteration: 404, Loss: 0.6386476755142212
INFO:root:Epoch: 57, Iteration: 405, Loss: 0.6218889951705933
INFO:root:Epoch: 57, Iteration: 406, Loss: 0.6158320903778076
INFO:root:Validation set mIOU: 84.19088676814191
INFO:root:Epoch: 58, Iteration: 407, Loss: 0.6488227248191833
INFO:root:Epoch: 58, Iteration: 408, Loss: 0.6693034172058105
INFO:root:Epoch: 58, Iteration: 409, Loss: 0.6391056776046753
INFO:root:Epoch: 58, Iteration: 410, Loss: 0.6024190783500671
INFO:root:Epoch: 58, Iteration: 411, Loss: 0.6243884563446045
INFO:root:Epoch: 58, Iteration: 412, Loss: 0.5972126126289368
INFO:root:Epoch: 58, Iteration: 413, Loss: 0.6016527414321899
INFO:root:Validation set mIOU: 85.55208352408798
INFO:root:Epoch: 59, Iteration: 414, Loss: 0.6302313208580017
INFO:root:Epoch: 59, Iteration: 415, Loss: 0.6037985682487488
INFO:root:Epoch: 59, Iteration: 416, Loss: 0.6257739663124084
INFO:root:Epoch: 59, Iteration: 417, Loss: 0.6061030030250549
INFO:root:Epoch: 59, Iteration: 418, Loss: 0.6603316068649292
INFO:root:Epoch: 59, Iteration: 419, Loss: 0.5936481356620789
INFO:root:Epoch: 59, Iteration: 420, Loss: 0.6157315969467163
INFO:root:Validation set mIOU: 82.37854534278871
INFO:root:Epoch: 60, Iteration: 421, Loss: 0.6145822405815125
INFO:root:Epoch: 60, Iteration: 422, Loss: 0.6352860927581787
INFO:root:Epoch: 60, Iteration: 423, Loss: 0.5887221693992615
INFO:root:Epoch: 60, Iteration: 424, Loss: 0.6266805529594421
INFO:root:Epoch: 60, Iteration: 425, Loss: 0.6139453053474426
INFO:root:Epoch: 60, Iteration: 426, Loss: 0.6049758791923523
INFO:root:Epoch: 60, Iteration: 427, Loss: 0.6161072850227356
INFO:root:Validation set mIOU: 80.61205075540032
INFO:root:Epoch: 61, Iteration: 428, Loss: 0.591669499874115
INFO:root:Epoch: 61, Iteration: 429, Loss: 0.6177957653999329
INFO:root:Epoch: 61, Iteration: 430, Loss: 0.5978211164474487
INFO:root:Epoch: 61, Iteration: 431, Loss: 0.6293234825134277
INFO:root:Epoch: 61, Iteration: 432, Loss: 0.6077041625976562
INFO:root:Epoch: 61, Iteration: 433, Loss: 0.5938924551010132
INFO:root:Epoch: 61, Iteration: 434, Loss: 0.6473186016082764
INFO:root:Validation set mIOU: 78.59019078535492
INFO:root:Epoch: 62, Iteration: 435, Loss: 0.5995643138885498
INFO:root:Epoch: 62, Iteration: 436, Loss: 0.6027629375457764
INFO:root:Epoch: 62, Iteration: 437, Loss: 0.6023406386375427
INFO:root:Epoch: 62, Iteration: 438, Loss: 0.6297978162765503
INFO:root:Epoch: 62, Iteration: 439, Loss: 0.6297293305397034
INFO:root:Epoch: 62, Iteration: 440, Loss: 0.6220581531524658
INFO:root:Epoch: 62, Iteration: 441, Loss: 0.6457462310791016
INFO:root:Validation set mIOU: 83.30371720416804
INFO:root:Epoch: 63, Iteration: 442, Loss: 0.6340001225471497
INFO:root:Epoch: 63, Iteration: 443, Loss: 0.6312077641487122
INFO:root:Epoch: 63, Iteration: 444, Loss: 0.6009995341300964
INFO:root:Epoch: 63, Iteration: 445, Loss: 0.6131404638290405
INFO:root:Epoch: 63, Iteration: 446, Loss: 0.5968427658081055
INFO:root:Epoch: 63, Iteration: 447, Loss: 0.6334973573684692
INFO:root:Epoch: 63, Iteration: 448, Loss: 0.6158030033111572
INFO:root:Validation set mIOU: 84.08746759706696
INFO:root:Epoch: 64, Iteration: 449, Loss: 0.5963216423988342
INFO:root:Epoch: 64, Iteration: 450, Loss: 0.6703190207481384
INFO:root:Epoch: 64, Iteration: 451, Loss: 0.6223907470703125
INFO:root:Epoch: 64, Iteration: 452, Loss: 0.617412269115448
INFO:root:Epoch: 64, Iteration: 453, Loss: 0.6170048713684082
INFO:root:Epoch: 64, Iteration: 454, Loss: 0.6221215128898621
INFO:root:Epoch: 64, Iteration: 455, Loss: 0.5847261548042297
INFO:root:Validation set mIOU: 80.20584625543684
INFO:root:Epoch: 65, Iteration: 456, Loss: 0.6162790656089783
INFO:root:Epoch: 65, Iteration: 457, Loss: 0.6229803562164307
INFO:root:Epoch: 65, Iteration: 458, Loss: 0.6253772377967834
INFO:root:Epoch: 65, Iteration: 459, Loss: 0.6096252202987671
INFO:root:Epoch: 65, Iteration: 460, Loss: 0.6105800867080688
INFO:root:Epoch: 65, Iteration: 461, Loss: 0.6119973063468933
INFO:root:Epoch: 65, Iteration: 462, Loss: 0.6400186419487
INFO:root:Validation set mIOU: 83.09759247266358
INFO:root:Epoch: 66, Iteration: 463, Loss: 0.6009582877159119
INFO:root:Epoch: 66, Iteration: 464, Loss: 0.6213068962097168
INFO:root:Epoch: 66, Iteration: 465, Loss: 0.6349803805351257
INFO:root:Epoch: 66, Iteration: 466, Loss: 0.6016862392425537
INFO:root:Epoch: 66, Iteration: 467, Loss: 0.6612308025360107
INFO:root:Epoch: 66, Iteration: 468, Loss: 0.6287189722061157
INFO:root:Epoch: 66, Iteration: 469, Loss: 0.6060175895690918
INFO:root:Validation set mIOU: 80.8915576189206
INFO:root:Epoch: 67, Iteration: 470, Loss: 0.6051799058914185
INFO:root:Epoch: 67, Iteration: 471, Loss: 0.5931766033172607
INFO:root:Epoch: 67, Iteration: 472, Loss: 0.6276655197143555
INFO:root:Epoch: 67, Iteration: 473, Loss: 0.6062409281730652
INFO:root:Epoch: 67, Iteration: 474, Loss: 0.6085351705551147
INFO:root:Epoch: 67, Iteration: 475, Loss: 0.650623619556427
INFO:root:Epoch: 67, Iteration: 476, Loss: 0.5965660214424133
INFO:root:Validation set mIOU: 84.480746055092
INFO:root:Epoch: 68, Iteration: 477, Loss: 0.5927196145057678
INFO:root:Epoch: 68, Iteration: 478, Loss: 0.6309490203857422
INFO:root:Epoch: 68, Iteration: 479, Loss: 0.6130287647247314
INFO:root:Epoch: 68, Iteration: 480, Loss: 0.602405846118927
INFO:root:Epoch: 68, Iteration: 481, Loss: 0.6598794460296631
INFO:root:Epoch: 68, Iteration: 482, Loss: 0.59555584192276
INFO:root:Epoch: 68, Iteration: 483, Loss: 0.5930022597312927
INFO:root:Validation set mIOU: 83.27522811542289
INFO:root:Epoch: 69, Iteration: 484, Loss: 0.6058192849159241
INFO:root:Epoch: 69, Iteration: 485, Loss: 0.6008759140968323
INFO:root:Epoch: 69, Iteration: 486, Loss: 0.5996068716049194
INFO:root:Epoch: 69, Iteration: 487, Loss: 0.6145671010017395
INFO:root:Epoch: 69, Iteration: 488, Loss: 0.5840927958488464
INFO:root:Epoch: 69, Iteration: 489, Loss: 0.6115196943283081
INFO:root:Epoch: 69, Iteration: 490, Loss: 0.6688617467880249
INFO:root:Validation set mIOU: 82.65236280714298
INFO:root:Epoch: 70, Iteration: 491, Loss: 0.6012476086616516
INFO:root:Epoch: 70, Iteration: 492, Loss: 0.6418235301971436
INFO:root:Epoch: 70, Iteration: 493, Loss: 0.6273090243339539
INFO:root:Epoch: 70, Iteration: 494, Loss: 0.6050404906272888
INFO:root:Epoch: 70, Iteration: 495, Loss: 0.6088647842407227
INFO:root:Epoch: 70, Iteration: 496, Loss: 0.6297623515129089
INFO:root:Epoch: 70, Iteration: 497, Loss: 0.5992839336395264
INFO:root:Validation set mIOU: 85.36884830395158
INFO:root:Epoch: 71, Iteration: 498, Loss: 0.5900620222091675
INFO:root:Epoch: 71, Iteration: 499, Loss: 0.6231345534324646
INFO:root:Epoch: 71, Iteration: 500, Loss: 0.6386464238166809
INFO:root:Epoch: 71, Iteration: 501, Loss: 0.6214036345481873
INFO:root:Epoch: 71, Iteration: 502, Loss: 0.5850625038146973
INFO:root:Epoch: 71, Iteration: 503, Loss: 0.6202191114425659
INFO:root:Epoch: 71, Iteration: 504, Loss: 0.6320860385894775
INFO:root:Validation set mIOU: 84.66263419336913
INFO:root:Epoch: 72, Iteration: 505, Loss: 0.6308566927909851
INFO:root:Epoch: 72, Iteration: 506, Loss: 0.6010634899139404
INFO:root:Epoch: 72, Iteration: 507, Loss: 0.6196045279502869
INFO:root:Epoch: 72, Iteration: 508, Loss: 0.59300297498703
INFO:root:Epoch: 72, Iteration: 509, Loss: 0.6101164221763611
INFO:root:Epoch: 72, Iteration: 510, Loss: 0.5820081233978271
INFO:root:Epoch: 72, Iteration: 511, Loss: 0.5992052555084229
INFO:root:Validation set mIOU: 83.80629508776907
INFO:root:Epoch: 73, Iteration: 512, Loss: 0.5986611843109131
INFO:root:Epoch: 73, Iteration: 513, Loss: 0.6082836389541626
INFO:root:Epoch: 73, Iteration: 514, Loss: 0.5940019488334656
INFO:root:Epoch: 73, Iteration: 515, Loss: 0.5941608548164368
INFO:root:Epoch: 73, Iteration: 516, Loss: 0.608441174030304
INFO:root:Epoch: 73, Iteration: 517, Loss: 0.6268720626831055
INFO:root:Epoch: 73, Iteration: 518, Loss: 0.6215073466300964
INFO:root:Validation set mIOU: 83.15728784114246
INFO:root:Epoch: 74, Iteration: 519, Loss: 0.6290024518966675
INFO:root:Epoch: 74, Iteration: 520, Loss: 0.6042531132698059
INFO:root:Epoch: 74, Iteration: 521, Loss: 0.6064833402633667
INFO:root:Epoch: 74, Iteration: 522, Loss: 0.6361361742019653
INFO:root:Epoch: 74, Iteration: 523, Loss: 0.6299750208854675
INFO:root:Epoch: 74, Iteration: 524, Loss: 0.6106178760528564
INFO:root:Epoch: 74, Iteration: 525, Loss: 0.5861748456954956
INFO:root:Validation set mIOU: 86.82461771774847
INFO:root:Epoch: 75, Iteration: 526, Loss: 0.6166837215423584
INFO:root:Epoch: 75, Iteration: 527, Loss: 0.6106637716293335
INFO:root:Epoch: 75, Iteration: 528, Loss: 0.6524469256401062
INFO:root:Epoch: 75, Iteration: 529, Loss: 0.6253405213356018
INFO:root:Epoch: 75, Iteration: 530, Loss: 0.6291034817695618
INFO:root:Epoch: 75, Iteration: 531, Loss: 0.6141800880432129
INFO:root:Epoch: 75, Iteration: 532, Loss: 0.5997999310493469
INFO:root:Validation set mIOU: 85.74541793490984
INFO:root:Epoch: 76, Iteration: 533, Loss: 0.5880193710327148
INFO:root:Epoch: 76, Iteration: 534, Loss: 0.6141414642333984
INFO:root:Epoch: 76, Iteration: 535, Loss: 0.6611682176589966
INFO:root:Epoch: 76, Iteration: 536, Loss: 0.6271249055862427
INFO:root:Epoch: 76, Iteration: 537, Loss: 0.6001060605049133
INFO:root:Epoch: 76, Iteration: 538, Loss: 0.6097452640533447
INFO:root:Epoch: 76, Iteration: 539, Loss: 0.5995417237281799
INFO:root:Validation set mIOU: 86.72843970975842
INFO:root:Epoch: 77, Iteration: 540, Loss: 0.6302775144577026
INFO:root:Epoch: 77, Iteration: 541, Loss: 0.6033884286880493
INFO:root:Epoch: 77, Iteration: 542, Loss: 0.5966246724128723
INFO:root:Epoch: 77, Iteration: 543, Loss: 0.6204155683517456
INFO:root:Epoch: 77, Iteration: 544, Loss: 0.6068717241287231
INFO:root:Epoch: 77, Iteration: 545, Loss: 0.5890353322029114
INFO:root:Epoch: 77, Iteration: 546, Loss: 0.5930577516555786
INFO:root:Validation set mIOU: 87.44527256680793
INFO:root:Epoch: 78, Iteration: 547, Loss: 0.6001163125038147
INFO:root:Epoch: 78, Iteration: 548, Loss: 0.5961973667144775
INFO:root:Epoch: 78, Iteration: 549, Loss: 0.5927212834358215
INFO:root:Epoch: 78, Iteration: 550, Loss: 0.6122314929962158
INFO:root:Epoch: 78, Iteration: 551, Loss: 0.6432952284812927
INFO:root:Epoch: 78, Iteration: 552, Loss: 0.618553102016449
INFO:root:Epoch: 78, Iteration: 553, Loss: 0.6116599440574646
INFO:root:Validation set mIOU: 82.16367987672731
INFO:root:Epoch: 79, Iteration: 554, Loss: 0.6034219861030579
INFO:root:Epoch: 79, Iteration: 555, Loss: 0.5839709043502808
INFO:root:Epoch: 79, Iteration: 556, Loss: 0.5880367755889893
INFO:root:Epoch: 79, Iteration: 557, Loss: 0.5912314057350159
INFO:root:Epoch: 79, Iteration: 558, Loss: 0.5979086756706238
INFO:root:Epoch: 79, Iteration: 559, Loss: 0.5952612161636353
INFO:root:Epoch: 79, Iteration: 560, Loss: 0.6847972273826599
INFO:root:Validation set mIOU: 85.79549589223751
INFO:root:Epoch: 80, Iteration: 561, Loss: 0.6073811054229736
INFO:root:Epoch: 80, Iteration: 562, Loss: 0.5873599648475647
INFO:root:Epoch: 80, Iteration: 563, Loss: 0.6114665269851685
INFO:root:Epoch: 80, Iteration: 564, Loss: 0.6244964599609375
INFO:root:Epoch: 80, Iteration: 565, Loss: 0.6073120832443237
INFO:root:Epoch: 80, Iteration: 566, Loss: 0.5973157286643982
INFO:root:Epoch: 80, Iteration: 567, Loss: 0.5952380299568176
INFO:root:Validation set mIOU: 87.83618594981957
INFO:root:Epoch: 81, Iteration: 568, Loss: 0.5997557640075684
INFO:root:Epoch: 81, Iteration: 569, Loss: 0.6065265536308289
INFO:root:Epoch: 81, Iteration: 570, Loss: 0.6044811606407166
INFO:root:Epoch: 81, Iteration: 571, Loss: 0.5830467939376831
INFO:root:Epoch: 81, Iteration: 572, Loss: 0.5894290208816528
INFO:root:Epoch: 81, Iteration: 573, Loss: 0.6290163397789001
INFO:root:Epoch: 81, Iteration: 574, Loss: 0.6145470142364502
INFO:root:Validation set mIOU: 81.82912129536822
INFO:root:Epoch: 82, Iteration: 575, Loss: 0.5986409783363342
INFO:root:Epoch: 82, Iteration: 576, Loss: 0.6180186867713928
INFO:root:Epoch: 82, Iteration: 577, Loss: 0.6116268634796143
INFO:root:Epoch: 82, Iteration: 578, Loss: 0.5936211347579956
INFO:root:Epoch: 82, Iteration: 579, Loss: 0.6153711080551147
INFO:root:Epoch: 82, Iteration: 580, Loss: 0.6225764751434326
INFO:root:Epoch: 82, Iteration: 581, Loss: 0.6094997525215149
INFO:root:Validation set mIOU: 84.74531621263492
INFO:root:Epoch: 83, Iteration: 582, Loss: 0.6150761246681213
INFO:root:Epoch: 83, Iteration: 583, Loss: 0.6169169545173645
INFO:root:Epoch: 83, Iteration: 584, Loss: 0.6109539866447449
INFO:root:Epoch: 83, Iteration: 585, Loss: 0.5957461595535278
INFO:root:Epoch: 83, Iteration: 586, Loss: 0.60548996925354
INFO:root:Epoch: 83, Iteration: 587, Loss: 0.5955520868301392
INFO:root:Epoch: 83, Iteration: 588, Loss: 0.5879925489425659
INFO:root:Validation set mIOU: 87.07375446423062
INFO:root:Epoch: 84, Iteration: 589, Loss: 0.5864983797073364
INFO:root:Epoch: 84, Iteration: 590, Loss: 0.5908262133598328
INFO:root:Epoch: 84, Iteration: 591, Loss: 0.6198683977127075
INFO:root:Epoch: 84, Iteration: 592, Loss: 0.6017633676528931
INFO:root:Epoch: 84, Iteration: 593, Loss: 0.6059480309486389
INFO:root:Epoch: 84, Iteration: 594, Loss: 0.5972467064857483
INFO:root:Epoch: 84, Iteration: 595, Loss: 0.6121569275856018
INFO:root:Validation set mIOU: 87.0502675394271
INFO:root:Epoch: 85, Iteration: 596, Loss: 0.582692563533783
INFO:root:Epoch: 85, Iteration: 597, Loss: 0.6379973292350769
INFO:root:Epoch: 85, Iteration: 598, Loss: 0.6311523914337158
INFO:root:Epoch: 85, Iteration: 599, Loss: 0.6127232909202576
INFO:root:Epoch: 85, Iteration: 600, Loss: 0.6137564778327942
INFO:root:Epoch: 85, Iteration: 601, Loss: 0.5879606604576111
INFO:root:Epoch: 85, Iteration: 602, Loss: 0.5846131443977356
INFO:root:Validation set mIOU: 87.16209007514291
INFO:root:Epoch: 86, Iteration: 603, Loss: 0.6056433320045471
INFO:root:Epoch: 86, Iteration: 604, Loss: 0.606111466884613
INFO:root:Epoch: 86, Iteration: 605, Loss: 0.615976095199585
INFO:root:Epoch: 86, Iteration: 606, Loss: 0.5850722789764404
INFO:root:Epoch: 86, Iteration: 607, Loss: 0.5985473990440369
INFO:root:Epoch: 86, Iteration: 608, Loss: 0.5997985005378723
INFO:root:Epoch: 86, Iteration: 609, Loss: 0.5939244031906128
INFO:root:Validation set mIOU: 85.96217334624684
INFO:root:Epoch: 87, Iteration: 610, Loss: 0.588823676109314
INFO:root:Epoch: 87, Iteration: 611, Loss: 0.6127102971076965
INFO:root:Epoch: 87, Iteration: 612, Loss: 0.6075620055198669
INFO:root:Epoch: 87, Iteration: 613, Loss: 0.6176236867904663
INFO:root:Epoch: 87, Iteration: 614, Loss: 0.5919998288154602
INFO:root:Epoch: 87, Iteration: 615, Loss: 0.6052678823471069
INFO:root:Epoch: 87, Iteration: 616, Loss: 0.5933998823165894
INFO:root:Validation set mIOU: 86.02158632822415
INFO:root:Epoch: 88, Iteration: 617, Loss: 0.6073712110519409
INFO:root:Epoch: 88, Iteration: 618, Loss: 0.6141068935394287
INFO:root:Epoch: 88, Iteration: 619, Loss: 0.5992794632911682
INFO:root:Epoch: 88, Iteration: 620, Loss: 0.6222838163375854
INFO:root:Epoch: 88, Iteration: 621, Loss: 0.6040682792663574
INFO:root:Epoch: 88, Iteration: 622, Loss: 0.5895009636878967
INFO:root:Epoch: 88, Iteration: 623, Loss: 0.6014809012413025
INFO:root:Validation set mIOU: 86.26400301033189
INFO:root:Epoch: 89, Iteration: 624, Loss: 0.6026793122291565
INFO:root:Epoch: 89, Iteration: 625, Loss: 0.6233169436454773
INFO:root:Epoch: 89, Iteration: 626, Loss: 0.6047966480255127
INFO:root:Epoch: 89, Iteration: 627, Loss: 0.59144127368927
INFO:root:Epoch: 89, Iteration: 628, Loss: 0.5919681191444397
INFO:root:Epoch: 89, Iteration: 629, Loss: 0.5900796055793762
INFO:root:Epoch: 89, Iteration: 630, Loss: 0.5859241485595703
INFO:root:Validation set mIOU: 87.18919611745112
INFO:root:Epoch: 90, Iteration: 631, Loss: 0.6098929047584534
INFO:root:Epoch: 90, Iteration: 632, Loss: 0.6139794588088989
INFO:root:Epoch: 90, Iteration: 633, Loss: 0.5772299766540527
INFO:root:Epoch: 90, Iteration: 634, Loss: 0.5891736745834351
INFO:root:Epoch: 90, Iteration: 635, Loss: 0.5941845178604126
INFO:root:Epoch: 90, Iteration: 636, Loss: 0.6742502450942993
INFO:root:Epoch: 90, Iteration: 637, Loss: 0.5951204895973206
INFO:root:Validation set mIOU: 87.62807407229405
INFO:root:Epoch: 91, Iteration: 638, Loss: 0.5824871063232422
INFO:root:Epoch: 91, Iteration: 639, Loss: 0.5920273661613464
INFO:root:Epoch: 91, Iteration: 640, Loss: 0.6112569570541382
INFO:root:Epoch: 91, Iteration: 641, Loss: 0.6171615123748779
INFO:root:Epoch: 91, Iteration: 642, Loss: 0.6056007742881775
INFO:root:Epoch: 91, Iteration: 643, Loss: 0.6085001230239868
INFO:root:Epoch: 91, Iteration: 644, Loss: 0.6049155592918396
INFO:root:Validation set mIOU: 87.37077741141758
INFO:root:Epoch: 92, Iteration: 645, Loss: 0.6050823330879211
INFO:root:Epoch: 92, Iteration: 646, Loss: 0.593193769454956
INFO:root:Epoch: 92, Iteration: 647, Loss: 0.5892651677131653
INFO:root:Epoch: 92, Iteration: 648, Loss: 0.5820766091346741
INFO:root:Epoch: 92, Iteration: 649, Loss: 0.6008081436157227
INFO:root:Epoch: 92, Iteration: 650, Loss: 0.5864149928092957
INFO:root:Epoch: 92, Iteration: 651, Loss: 0.5843344926834106
INFO:root:Validation set mIOU: 85.42476827685186
INFO:root:Epoch: 93, Iteration: 652, Loss: 0.6020806431770325
INFO:root:Epoch: 93, Iteration: 653, Loss: 0.6225714087486267
INFO:root:Epoch: 93, Iteration: 654, Loss: 0.5874141454696655
INFO:root:Epoch: 93, Iteration: 655, Loss: 0.5995708107948303
INFO:root:Epoch: 93, Iteration: 656, Loss: 0.6082087159156799
INFO:root:Epoch: 93, Iteration: 657, Loss: 0.6042203307151794
INFO:root:Epoch: 93, Iteration: 658, Loss: 0.6410990953445435
INFO:root:Validation set mIOU: 85.90406906374838
INFO:root:Epoch: 94, Iteration: 659, Loss: 0.6342507004737854
INFO:root:Epoch: 94, Iteration: 660, Loss: 0.5898475646972656
INFO:root:Epoch: 94, Iteration: 661, Loss: 0.609233021736145
INFO:root:Epoch: 94, Iteration: 662, Loss: 0.5945477485656738
INFO:root:Epoch: 94, Iteration: 663, Loss: 0.6475470066070557
INFO:root:Epoch: 94, Iteration: 664, Loss: 0.6029611825942993
INFO:root:Epoch: 94, Iteration: 665, Loss: 0.5932366847991943
INFO:root:Validation set mIOU: 87.96572383918654
INFO:root:Epoch: 95, Iteration: 666, Loss: 0.5828598737716675
INFO:root:Epoch: 95, Iteration: 667, Loss: 0.6012006402015686
INFO:root:Epoch: 95, Iteration: 668, Loss: 0.6237033009529114
INFO:root:Epoch: 95, Iteration: 669, Loss: 0.5915499925613403
INFO:root:Epoch: 95, Iteration: 670, Loss: 0.5821022987365723
INFO:root:Epoch: 95, Iteration: 671, Loss: 0.617563009262085
INFO:root:Epoch: 95, Iteration: 672, Loss: 0.5734797120094299
INFO:root:Validation set mIOU: 88.32292711568712
INFO:root:Epoch: 96, Iteration: 673, Loss: 0.5967423319816589
INFO:root:Epoch: 96, Iteration: 674, Loss: 0.6108267903327942
INFO:root:Epoch: 96, Iteration: 675, Loss: 0.6152514815330505
INFO:root:Epoch: 96, Iteration: 676, Loss: 0.5794897079467773
INFO:root:Epoch: 96, Iteration: 677, Loss: 0.588769793510437
INFO:root:Epoch: 96, Iteration: 678, Loss: 0.6010217666625977
INFO:root:Epoch: 96, Iteration: 679, Loss: 0.5900553464889526
INFO:root:Validation set mIOU: 87.34398501876028
INFO:root:Epoch: 97, Iteration: 680, Loss: 0.643783450126648
INFO:root:Epoch: 97, Iteration: 681, Loss: 0.5921704769134521
INFO:root:Epoch: 97, Iteration: 682, Loss: 0.582430899143219
INFO:root:Epoch: 97, Iteration: 683, Loss: 0.6065361499786377
INFO:root:Epoch: 97, Iteration: 684, Loss: 0.6010386347770691
INFO:root:Epoch: 97, Iteration: 685, Loss: 0.5847498178482056
INFO:root:Epoch: 97, Iteration: 686, Loss: 0.6053970456123352
INFO:root:Validation set mIOU: 87.16726435429791
INFO:root:Epoch: 98, Iteration: 687, Loss: 0.5962378978729248
INFO:root:Epoch: 98, Iteration: 688, Loss: 0.5913023948669434
INFO:root:Epoch: 98, Iteration: 689, Loss: 0.6000890731811523
INFO:root:Epoch: 98, Iteration: 690, Loss: 0.5961278080940247
INFO:root:Epoch: 98, Iteration: 691, Loss: 0.623155415058136
INFO:root:Epoch: 98, Iteration: 692, Loss: 0.5774924755096436
INFO:root:Epoch: 98, Iteration: 693, Loss: 0.5895889401435852
INFO:root:Validation set mIOU: 87.65127802874161
INFO:root:Epoch: 99, Iteration: 694, Loss: 0.5884893536567688
INFO:root:Epoch: 99, Iteration: 695, Loss: 0.5891532301902771
INFO:root:Epoch: 99, Iteration: 696, Loss: 0.6031948924064636
INFO:root:Epoch: 99, Iteration: 697, Loss: 0.5793104767799377
INFO:root:Epoch: 99, Iteration: 698, Loss: 0.5953989028930664
INFO:root:Epoch: 99, Iteration: 699, Loss: 0.6229208111763
INFO:root:Epoch: 99, Iteration: 700, Loss: 0.6051350831985474
INFO:root:Validation set mIOU: 87.61541268774934
INFO:root:{'addition': 'nothing',
 'backbone': 'resnet50',
 'batch_size': 16,
 'batch_size_consistency': 16,
 'conf_thres': 0.95,
 'config': 'configs/dataset2.yaml',
 'consistency_training': True,
 'crop_size': 320,
 'data_root': './',
 'dataset': 'dataset2',
 'epochs': 100,
 'labeled_id_path': 'dataset/splits/dataset2/1_4/split_no_noisy/labeled.txt',
 'lr': 0.0009,
 'model': 'unet',
 'ngpus': 1,
 'plus': False,
 'pseudo_consistency_mask_path': None,
 'pseudo_mask_path': 'outdir/pseudo_masks/dataset2/1_4/split_no_noisy/unet/resnet50/self_training/consistency_training/first_time',
 'rand_thres': 0.8,
 'reliable_id_path': None,
 'save_path': 'outdir/models/dataset2/1_4/split_no_noisy/unet/resnet50/self_training/consistency_training/first_time',
 'time': 1,
 'unlabeled_id_path': 'dataset/splits/dataset2/1_4/split_no_noisy/unlabeled.txt',
 'warm_up': 30}

INFO:root:Training supervised with consistency on unlabeled images
INFO:root:Epoch: 0, Iteration: 1, Loss: 0.5070160031318665, Loss_s: 1.014032006263733, Loss_u: 0.0
INFO:root:Epoch: 0, Iteration: 2, Loss: 0.49888986349105835, Loss_s: 0.9977797269821167, Loss_u: 0.0
INFO:root:Epoch: 0, Iteration: 3, Loss: 0.47658318281173706, Loss_s: 0.9531663656234741, Loss_u: 0.0
INFO:root:Validation set mIOU: 26.45409092016845
