INFO:root:{'addition': 'circular_cutout',
 'backbone': 'resnet101',
 'batch_size': 16,
 'batch_size_consistency': 16,
 'conf_thres': 0.95,
 'config': 'configs/dataset2.yaml',
 'consistency_training': False,
 'crop_size': 320,
 'data_root': './',
 'dataset': 'dataset2',
 'epochs': 100,
 'labeled_id_path': 'dataset/splits/dataset2/1_4/split_random/labeled.txt',
 'lr': 0.0009,
 'model': 'deeplabv3plus',
 'ngpus': 1,
 'plus': False,
 'pseudo_consistency_mask_path': None,
 'pseudo_mask_path': 'outdir/pseudo_masks/dataset2/1_4/split_random/deeplabv3plus/resnet101/circular_cutout/self_training/non_consistency_training/second_time',
 'rand_thres': 0.8,
 'reliable_id_path': None,
 'save_path': 'outdir/models/dataset2/1_4/split_random/deeplabv3plus/resnet101/circular_cutout/self_training/non_consistency_training/second_time',
 'time': 2,
 'unlabeled_id_path': 'dataset/splits/dataset2/1_4/split_random/unlabeled.txt',
 'warm_up': 30}

INFO:root:Training supervised with consistency on unlabeled images
INFO:root:Epoch: 0, Iteration: 1, Loss: 1.1213616132736206
INFO:root:Epoch: 0, Iteration: 2, Loss: 1.043866515159607
INFO:root:Validation set mIOU: 5.349958880556413
INFO:root:Epoch: 1, Iteration: 3, Loss: 0.8990431427955627
INFO:root:Epoch: 1, Iteration: 4, Loss: 0.7017113566398621
INFO:root:Validation set mIOU: 27.428905760778832
INFO:root:Epoch: 2, Iteration: 5, Loss: 0.6014527082443237
INFO:root:Epoch: 2, Iteration: 6, Loss: 0.5881681442260742
INFO:root:Validation set mIOU: 42.186239517346664
INFO:root:Epoch: 3, Iteration: 7, Loss: 0.44938352704048157
INFO:root:Epoch: 3, Iteration: 8, Loss: 0.3429497182369232
INFO:root:Validation set mIOU: 58.38482417111669
INFO:root:Epoch: 4, Iteration: 9, Loss: 0.3372994661331177
INFO:root:Epoch: 4, Iteration: 10, Loss: 0.2876075506210327
INFO:root:Validation set mIOU: 68.71222659083182
INFO:root:Epoch: 5, Iteration: 11, Loss: 0.29229074716567993
INFO:root:Epoch: 5, Iteration: 12, Loss: 0.24198348820209503
INFO:root:Validation set mIOU: 73.35590187288562
INFO:root:Epoch: 6, Iteration: 13, Loss: 0.227467879652977
INFO:root:Epoch: 6, Iteration: 14, Loss: 0.19307009875774384
INFO:root:Validation set mIOU: 76.66731467435017
INFO:root:Epoch: 7, Iteration: 15, Loss: 0.2037213295698166
INFO:root:Epoch: 7, Iteration: 16, Loss: 0.16006353497505188
INFO:root:Validation set mIOU: 79.14349695862263
INFO:root:Epoch: 8, Iteration: 17, Loss: 0.14618872106075287
INFO:root:Epoch: 8, Iteration: 18, Loss: 0.16338612139225006
INFO:root:Validation set mIOU: 77.50218969059918
INFO:root:Epoch: 9, Iteration: 19, Loss: 0.1512410193681717
INFO:root:Epoch: 9, Iteration: 20, Loss: 0.1458706557750702
INFO:root:Validation set mIOU: 74.65829628487364
INFO:root:Epoch: 10, Iteration: 21, Loss: 0.13337062299251556
INFO:root:Epoch: 10, Iteration: 22, Loss: 0.13950733840465546
INFO:root:Validation set mIOU: 73.42018885587328
INFO:root:Epoch: 11, Iteration: 23, Loss: 0.1305299699306488
INFO:root:Epoch: 11, Iteration: 24, Loss: 0.1092541292309761
INFO:root:Validation set mIOU: 76.37229827076165
INFO:root:Epoch: 12, Iteration: 25, Loss: 0.11225926876068115
INFO:root:Epoch: 12, Iteration: 26, Loss: 0.1357404589653015
INFO:root:Validation set mIOU: 77.7052537582533
INFO:root:Epoch: 13, Iteration: 27, Loss: 0.10692298412322998
INFO:root:Epoch: 13, Iteration: 28, Loss: 0.09978313744068146
INFO:root:Validation set mIOU: 79.45842794229422
INFO:root:Epoch: 14, Iteration: 29, Loss: 0.12116412818431854
INFO:root:Epoch: 14, Iteration: 30, Loss: 0.10797984898090363
INFO:root:Validation set mIOU: 80.95432015325305
INFO:root:Epoch: 15, Iteration: 31, Loss: 0.13075630366802216
INFO:root:Epoch: 15, Iteration: 32, Loss: 0.16497839987277985
INFO:root:Validation set mIOU: 82.25912037850001
INFO:root:Epoch: 16, Iteration: 33, Loss: 0.11197526752948761
INFO:root:Epoch: 16, Iteration: 34, Loss: 0.12936432659626007
INFO:root:Validation set mIOU: 81.8712339226981
INFO:root:Epoch: 17, Iteration: 35, Loss: 0.1120162084698677
INFO:root:Epoch: 17, Iteration: 36, Loss: 0.13611873984336853
INFO:root:Validation set mIOU: 82.10255732096576
INFO:root:Epoch: 18, Iteration: 37, Loss: 0.09736950695514679
INFO:root:Epoch: 18, Iteration: 38, Loss: 0.09879574924707413
INFO:root:Validation set mIOU: 83.01172285930957
INFO:root:Epoch: 19, Iteration: 39, Loss: 0.09714873880147934
INFO:root:Epoch: 19, Iteration: 40, Loss: 0.0855373963713646
INFO:root:Validation set mIOU: 83.31812890722196
INFO:root:Epoch: 20, Iteration: 41, Loss: 0.09137038141489029
INFO:root:Epoch: 20, Iteration: 42, Loss: 0.09693843871355057
INFO:root:Validation set mIOU: 83.31030804027742
INFO:root:Epoch: 21, Iteration: 43, Loss: 0.08475935459136963
INFO:root:Epoch: 21, Iteration: 44, Loss: 0.0927330031991005
INFO:root:Validation set mIOU: 83.64513685806334
INFO:root:Epoch: 22, Iteration: 45, Loss: 0.10354173928499222
INFO:root:Epoch: 22, Iteration: 46, Loss: 0.08160705864429474
INFO:root:Validation set mIOU: 83.86004705063917
INFO:root:Epoch: 23, Iteration: 47, Loss: 0.07196187227964401
INFO:root:Epoch: 23, Iteration: 48, Loss: 0.0824139341711998
INFO:root:Validation set mIOU: 84.1534083146938
INFO:root:Epoch: 24, Iteration: 49, Loss: 0.06814160197973251
INFO:root:Epoch: 24, Iteration: 50, Loss: 0.08420103788375854
INFO:root:Validation set mIOU: 84.62064116439953
INFO:root:Epoch: 25, Iteration: 51, Loss: 0.07766997814178467
INFO:root:Epoch: 25, Iteration: 52, Loss: 0.08583396673202515
INFO:root:Validation set mIOU: 85.0735336967378
INFO:root:Epoch: 26, Iteration: 53, Loss: 0.06687537580728531
INFO:root:Epoch: 26, Iteration: 54, Loss: 0.09443988651037216
INFO:root:Validation set mIOU: 85.67638320333799
INFO:root:Epoch: 27, Iteration: 55, Loss: 0.07459316402673721
INFO:root:Epoch: 27, Iteration: 56, Loss: 0.08107192069292068
INFO:root:Validation set mIOU: 86.05764235496665
INFO:root:Epoch: 28, Iteration: 57, Loss: 0.07092059403657913
INFO:root:Epoch: 28, Iteration: 58, Loss: 0.07062607258558273
INFO:root:Validation set mIOU: 86.07885230627842
INFO:root:Epoch: 29, Iteration: 59, Loss: 0.0883750319480896
INFO:root:Epoch: 29, Iteration: 60, Loss: 0.07733273506164551
INFO:root:Validation set mIOU: 85.71969186373374
INFO:root:Epoch: 30, Iteration: 61, Loss: 0.06852727383375168
INFO:root:Epoch: 30, Iteration: 62, Loss: 0.06874881684780121
INFO:root:Validation set mIOU: 86.0187307263518
INFO:root:Epoch: 31, Iteration: 63, Loss: 0.07682719081640244
INFO:root:Epoch: 31, Iteration: 64, Loss: 0.06345153599977493
INFO:root:Validation set mIOU: 86.31168574260046
INFO:root:Epoch: 32, Iteration: 65, Loss: 0.07592087984085083
INFO:root:Epoch: 32, Iteration: 66, Loss: 0.09771653264760971
INFO:root:Validation set mIOU: 86.41812852433323
INFO:root:Epoch: 33, Iteration: 67, Loss: 0.0776372104883194
INFO:root:Epoch: 33, Iteration: 68, Loss: 0.07711093127727509
INFO:root:Validation set mIOU: 86.57464695092621
INFO:root:Epoch: 34, Iteration: 69, Loss: 0.06303025782108307
INFO:root:Epoch: 34, Iteration: 70, Loss: 0.0639142319560051
INFO:root:Validation set mIOU: 86.47762275993297
INFO:root:Epoch: 35, Iteration: 71, Loss: 0.05524749681353569
INFO:root:Epoch: 35, Iteration: 72, Loss: 0.06933751702308655
INFO:root:Validation set mIOU: 86.36505092179715
INFO:root:Epoch: 36, Iteration: 73, Loss: 0.07034456729888916
INFO:root:Epoch: 36, Iteration: 74, Loss: 0.0696348026394844
INFO:root:Validation set mIOU: 86.32498818647568
INFO:root:Epoch: 37, Iteration: 75, Loss: 0.06380961835384369
INFO:root:Epoch: 37, Iteration: 76, Loss: 0.12343323975801468
INFO:root:Validation set mIOU: 86.29991280961707
INFO:root:Epoch: 38, Iteration: 77, Loss: 0.06857264041900635
INFO:root:Epoch: 38, Iteration: 78, Loss: 0.07386621087789536
INFO:root:Validation set mIOU: 86.60155576604606
INFO:root:Epoch: 39, Iteration: 79, Loss: 0.05630926415324211
INFO:root:Epoch: 39, Iteration: 80, Loss: 0.06704563647508621
INFO:root:Validation set mIOU: 86.51593996019754
INFO:root:Epoch: 40, Iteration: 81, Loss: 0.05906454473733902
INFO:root:Epoch: 40, Iteration: 82, Loss: 0.07922911643981934
INFO:root:Validation set mIOU: 86.31991821168855
INFO:root:Epoch: 41, Iteration: 83, Loss: 0.07584525644779205
INFO:root:Epoch: 41, Iteration: 84, Loss: 0.07345430552959442
INFO:root:Validation set mIOU: 85.99026305324044
INFO:root:Epoch: 42, Iteration: 85, Loss: 0.05883197858929634
INFO:root:Epoch: 42, Iteration: 86, Loss: 0.08593108505010605
INFO:root:Validation set mIOU: 85.90531589410524
INFO:root:Epoch: 43, Iteration: 87, Loss: 0.05569230392575264
INFO:root:Epoch: 43, Iteration: 88, Loss: 0.050878796726465225
INFO:root:Validation set mIOU: 86.09216914557123
INFO:root:Epoch: 44, Iteration: 89, Loss: 0.054447855800390244
INFO:root:Epoch: 44, Iteration: 90, Loss: 0.06904435157775879
INFO:root:Validation set mIOU: 86.00889861208294
INFO:root:Epoch: 45, Iteration: 91, Loss: 0.07986431568861008
INFO:root:Epoch: 45, Iteration: 92, Loss: 0.057212647050619125
INFO:root:Validation set mIOU: 86.08607086797328
INFO:root:Epoch: 46, Iteration: 93, Loss: 0.09938783198595047
INFO:root:Epoch: 46, Iteration: 94, Loss: 0.055210500955581665
INFO:root:Validation set mIOU: 86.08813761667403
INFO:root:Epoch: 47, Iteration: 95, Loss: 0.07120159268379211
INFO:root:Epoch: 47, Iteration: 96, Loss: 0.06035942584276199
INFO:root:Validation set mIOU: 86.18117793463874
INFO:root:Epoch: 48, Iteration: 97, Loss: 0.06517142802476883
INFO:root:Epoch: 48, Iteration: 98, Loss: 0.06002406030893326
INFO:root:Validation set mIOU: 86.22356812484185
INFO:root:Epoch: 49, Iteration: 99, Loss: 0.0662204772233963
INFO:root:Epoch: 49, Iteration: 100, Loss: 0.062326110899448395
INFO:root:Validation set mIOU: 86.14681960281135
INFO:root:Epoch: 50, Iteration: 101, Loss: 0.06645824760198593
INFO:root:Epoch: 50, Iteration: 102, Loss: 0.05875504016876221
INFO:root:Validation set mIOU: 86.21075451965034
INFO:root:Epoch: 51, Iteration: 103, Loss: 0.06738629192113876
INFO:root:Epoch: 51, Iteration: 104, Loss: 0.05797664821147919
INFO:root:Validation set mIOU: 86.19074442566985
INFO:root:Epoch: 52, Iteration: 105, Loss: 0.0644749253988266
INFO:root:Epoch: 52, Iteration: 106, Loss: 0.06000715494155884
INFO:root:Validation set mIOU: 86.37298302665066
INFO:root:Epoch: 53, Iteration: 107, Loss: 0.0688977912068367
INFO:root:Epoch: 53, Iteration: 108, Loss: 0.05267823114991188
INFO:root:Validation set mIOU: 86.39842860957084
INFO:root:Epoch: 54, Iteration: 109, Loss: 0.055754221975803375
INFO:root:Epoch: 54, Iteration: 110, Loss: 0.08236265182495117
INFO:root:Validation set mIOU: 86.20220682372603
INFO:root:Epoch: 55, Iteration: 111, Loss: 0.10193450003862381
INFO:root:Epoch: 55, Iteration: 112, Loss: 0.05214579775929451
INFO:root:Validation set mIOU: 86.16825930161829
INFO:root:Epoch: 56, Iteration: 113, Loss: 0.06544386595487595
INFO:root:Epoch: 56, Iteration: 114, Loss: 0.05888499692082405
INFO:root:Validation set mIOU: 86.1848643749342
INFO:root:Epoch: 57, Iteration: 115, Loss: 0.0638326108455658
INFO:root:Epoch: 57, Iteration: 116, Loss: 0.05698266252875328
INFO:root:Validation set mIOU: 85.97080280273953
INFO:root:Epoch: 58, Iteration: 117, Loss: 0.05863368511199951
INFO:root:Epoch: 58, Iteration: 118, Loss: 0.0806247740983963
INFO:root:Validation set mIOU: 85.77377223615194
INFO:root:Epoch: 59, Iteration: 119, Loss: 0.05032888427376747
INFO:root:Epoch: 59, Iteration: 120, Loss: 0.07410573214292526
INFO:root:Validation set mIOU: 85.58688493851396
INFO:root:Epoch: 60, Iteration: 121, Loss: 0.08393848687410355
INFO:root:Epoch: 60, Iteration: 122, Loss: 0.06304701417684555
INFO:root:Validation set mIOU: 85.42618261382735
INFO:root:Epoch: 61, Iteration: 123, Loss: 0.04925912991166115
INFO:root:Epoch: 61, Iteration: 124, Loss: 0.05898887291550636
INFO:root:Validation set mIOU: 85.4270417441047
INFO:root:Epoch: 62, Iteration: 125, Loss: 0.06345945596694946
INFO:root:Epoch: 62, Iteration: 126, Loss: 0.08110396564006805
INFO:root:Validation set mIOU: 85.46116997536384
INFO:root:Epoch: 63, Iteration: 127, Loss: 0.04689723253250122
INFO:root:Epoch: 63, Iteration: 128, Loss: 0.06129349768161774
INFO:root:Validation set mIOU: 85.66048988786092
INFO:root:Epoch: 64, Iteration: 129, Loss: 0.05831940099596977
INFO:root:Epoch: 64, Iteration: 130, Loss: 0.05744502320885658
INFO:root:Validation set mIOU: 85.80562091528047
INFO:root:Epoch: 65, Iteration: 131, Loss: 0.0768371969461441
INFO:root:Epoch: 65, Iteration: 132, Loss: 0.0644477903842926
INFO:root:Validation set mIOU: 85.6978383618256
INFO:root:Epoch: 66, Iteration: 133, Loss: 0.06300042569637299
INFO:root:Epoch: 66, Iteration: 134, Loss: 0.0496838241815567
INFO:root:Validation set mIOU: 85.88324478398273
INFO:root:Epoch: 67, Iteration: 135, Loss: 0.07852563261985779
INFO:root:Epoch: 67, Iteration: 136, Loss: 0.0577213428914547
INFO:root:Validation set mIOU: 85.95266078199445
INFO:root:Epoch: 68, Iteration: 137, Loss: 0.06135779246687889
INFO:root:Epoch: 68, Iteration: 138, Loss: 0.052449386566877365
INFO:root:Validation set mIOU: 86.21350457732146
INFO:root:Epoch: 69, Iteration: 139, Loss: 0.05464506894350052
INFO:root:Epoch: 69, Iteration: 140, Loss: 0.0661206915974617
INFO:root:Validation set mIOU: 86.42962513551899
INFO:root:Epoch: 70, Iteration: 141, Loss: 0.05716770142316818
INFO:root:Epoch: 70, Iteration: 142, Loss: 0.04724403843283653
INFO:root:Validation set mIOU: 86.34708163568133
INFO:root:Epoch: 71, Iteration: 143, Loss: 0.055801451206207275
INFO:root:Epoch: 71, Iteration: 144, Loss: 0.06154198572039604
INFO:root:Validation set mIOU: 86.42089962479632
INFO:root:Epoch: 72, Iteration: 145, Loss: 0.059285275638103485
INFO:root:Epoch: 72, Iteration: 146, Loss: 0.04164401441812515
INFO:root:Validation set mIOU: 86.41382533266481
INFO:root:Epoch: 73, Iteration: 147, Loss: 0.0536697693169117
INFO:root:Epoch: 73, Iteration: 148, Loss: 0.067594975233078
INFO:root:Validation set mIOU: 86.41450973798442
INFO:root:Epoch: 74, Iteration: 149, Loss: 0.053820062428712845
INFO:root:Epoch: 74, Iteration: 150, Loss: 0.04942421615123749
INFO:root:Validation set mIOU: 86.38671368125995
INFO:root:Epoch: 75, Iteration: 151, Loss: 0.06850403547286987
INFO:root:Epoch: 75, Iteration: 152, Loss: 0.0473933219909668
INFO:root:Validation set mIOU: 86.37663684266492
INFO:root:Epoch: 76, Iteration: 153, Loss: 0.06238901987671852
INFO:root:Epoch: 76, Iteration: 154, Loss: 0.053675875067710876
INFO:root:Validation set mIOU: 86.41809692743041
INFO:root:Epoch: 77, Iteration: 155, Loss: 0.06557280570268631
INFO:root:Epoch: 77, Iteration: 156, Loss: 0.08065228909254074
INFO:root:Validation set mIOU: 86.21265396592118
INFO:root:Epoch: 78, Iteration: 157, Loss: 0.067460797727108
INFO:root:Epoch: 78, Iteration: 158, Loss: 0.04503335431218147
INFO:root:Validation set mIOU: 86.26043597130479
INFO:root:Epoch: 79, Iteration: 159, Loss: 0.050795286893844604
INFO:root:Epoch: 79, Iteration: 160, Loss: 0.07302838563919067
INFO:root:Validation set mIOU: 86.33212777798396
INFO:root:Epoch: 80, Iteration: 161, Loss: 0.059647027403116226
INFO:root:Epoch: 80, Iteration: 162, Loss: 0.057956513017416
INFO:root:Validation set mIOU: 86.19516382002433
INFO:root:Epoch: 81, Iteration: 163, Loss: 0.060729023069143295
INFO:root:Epoch: 81, Iteration: 164, Loss: 0.05061638727784157
INFO:root:Validation set mIOU: 86.11845303576949
INFO:root:Epoch: 82, Iteration: 165, Loss: 0.04911109060049057
INFO:root:Epoch: 82, Iteration: 166, Loss: 0.06435367465019226
INFO:root:Validation set mIOU: 86.2675336327761
INFO:root:Epoch: 83, Iteration: 167, Loss: 0.06631780415773392
INFO:root:Epoch: 83, Iteration: 168, Loss: 0.05291120707988739
INFO:root:Validation set mIOU: 86.28057792286586
INFO:root:Epoch: 84, Iteration: 169, Loss: 0.05054711923003197
INFO:root:Epoch: 84, Iteration: 170, Loss: 0.05950555577874184
INFO:root:Validation set mIOU: 86.19935772937944
INFO:root:Epoch: 85, Iteration: 171, Loss: 0.05677706375718117
INFO:root:Epoch: 85, Iteration: 172, Loss: 0.0571199469268322
INFO:root:Validation set mIOU: 85.98883483930936
INFO:root:Epoch: 86, Iteration: 173, Loss: 0.059878572821617126
INFO:root:Epoch: 86, Iteration: 174, Loss: 0.049433931708335876
INFO:root:Validation set mIOU: 86.26434993998028
INFO:root:Epoch: 87, Iteration: 175, Loss: 0.06059585139155388
INFO:root:Epoch: 87, Iteration: 176, Loss: 0.05878683179616928
INFO:root:Validation set mIOU: 86.25340408560666
INFO:root:Epoch: 88, Iteration: 177, Loss: 0.046706732362508774
INFO:root:Epoch: 88, Iteration: 178, Loss: 0.05881240591406822
INFO:root:Validation set mIOU: 86.34511710662255
INFO:root:Epoch: 89, Iteration: 179, Loss: 0.07126794755458832
INFO:root:Epoch: 89, Iteration: 180, Loss: 0.04671098664402962
INFO:root:Validation set mIOU: 86.18502511484613
INFO:root:Epoch: 90, Iteration: 181, Loss: 0.05622616037726402
INFO:root:Epoch: 90, Iteration: 182, Loss: 0.05926080793142319
INFO:root:Validation set mIOU: 86.16792528575313
INFO:root:Epoch: 91, Iteration: 183, Loss: 0.05451945960521698
INFO:root:Epoch: 91, Iteration: 184, Loss: 0.05365004763007164
INFO:root:Validation set mIOU: 86.41912521320798
INFO:root:Epoch: 92, Iteration: 185, Loss: 0.043961212038993835
INFO:root:Epoch: 92, Iteration: 186, Loss: 0.04976505786180496
INFO:root:Validation set mIOU: 86.43255564716874
INFO:root:Epoch: 93, Iteration: 187, Loss: 0.05552346259355545
INFO:root:Epoch: 93, Iteration: 188, Loss: 0.05506065487861633
INFO:root:Validation set mIOU: 86.40755919885682
INFO:root:Epoch: 94, Iteration: 189, Loss: 0.05002212151885033
INFO:root:Epoch: 94, Iteration: 190, Loss: 0.08139247447252274
INFO:root:Validation set mIOU: 86.31460471340095
INFO:root:Epoch: 95, Iteration: 191, Loss: 0.05559361353516579
INFO:root:Epoch: 95, Iteration: 192, Loss: 0.05141117051243782
INFO:root:Validation set mIOU: 86.33105176392132
INFO:root:Epoch: 96, Iteration: 193, Loss: 0.05673797428607941
INFO:root:Epoch: 96, Iteration: 194, Loss: 0.06624767929315567
INFO:root:Validation set mIOU: 86.30943099070069
INFO:root:Epoch: 97, Iteration: 195, Loss: 0.04927287623286247
INFO:root:Epoch: 97, Iteration: 196, Loss: 0.06599990278482437
INFO:root:Validation set mIOU: 86.20578815393507
INFO:root:Epoch: 98, Iteration: 197, Loss: 0.05386173352599144
INFO:root:Epoch: 98, Iteration: 198, Loss: 0.048997655510902405
INFO:root:Validation set mIOU: 86.06051842330992
INFO:root:Epoch: 99, Iteration: 199, Loss: 0.05137838050723076
INFO:root:Epoch: 99, Iteration: 200, Loss: 0.06773128360509872
INFO:root:Validation set mIOU: 86.01002248699355
INFO:root:Semi-training
INFO:root:Epoch: 0, Iteration: 1, Loss: 1.2376171350479126
INFO:root:Epoch: 0, Iteration: 2, Loss: 1.1417858600616455
INFO:root:Epoch: 0, Iteration: 3, Loss: 0.9783667922019958
INFO:root:Epoch: 0, Iteration: 4, Loss: 0.7739301323890686
INFO:root:Epoch: 0, Iteration: 5, Loss: 0.6350151896476746
INFO:root:Epoch: 0, Iteration: 6, Loss: 0.6158848404884338
INFO:root:Epoch: 0, Iteration: 7, Loss: 0.6024518013000488
INFO:root:Validation set mIOU: 50.57490055489183
INFO:root:Epoch: 1, Iteration: 8, Loss: 0.5036081671714783
INFO:root:Epoch: 1, Iteration: 9, Loss: 0.5848345160484314
INFO:root:Epoch: 1, Iteration: 10, Loss: 0.5108557343482971
INFO:root:Epoch: 1, Iteration: 11, Loss: 0.4128773510456085
INFO:root:Epoch: 1, Iteration: 12, Loss: 0.3818957209587097
INFO:root:Epoch: 1, Iteration: 13, Loss: 0.372695654630661
INFO:root:Epoch: 1, Iteration: 14, Loss: 0.358511358499527
INFO:root:Validation set mIOU: 62.644365976268276
INFO:root:Epoch: 2, Iteration: 15, Loss: 0.34730103611946106
INFO:root:Epoch: 2, Iteration: 16, Loss: 0.3459199070930481
INFO:root:Epoch: 2, Iteration: 17, Loss: 0.2921156585216522
INFO:root:Epoch: 2, Iteration: 18, Loss: 0.28524109721183777
INFO:root:Epoch: 2, Iteration: 19, Loss: 0.28051450848579407
INFO:root:Epoch: 2, Iteration: 20, Loss: 0.25251972675323486
INFO:root:Epoch: 2, Iteration: 21, Loss: 0.3327710032463074
INFO:root:Validation set mIOU: 74.43139076280457
INFO:root:Epoch: 3, Iteration: 22, Loss: 0.2176213413476944
INFO:root:Epoch: 3, Iteration: 23, Loss: 0.2312067747116089
INFO:root:Epoch: 3, Iteration: 24, Loss: 0.3029177486896515
INFO:root:Epoch: 3, Iteration: 25, Loss: 0.21490712463855743
INFO:root:Epoch: 3, Iteration: 26, Loss: 0.24753035604953766
INFO:root:Epoch: 3, Iteration: 27, Loss: 0.2598556578159332
INFO:root:Epoch: 3, Iteration: 28, Loss: 0.2152099758386612
INFO:root:Validation set mIOU: 75.48970648342006
INFO:root:Epoch: 4, Iteration: 29, Loss: 0.19741122424602509
INFO:root:Epoch: 4, Iteration: 30, Loss: 0.18596260249614716
INFO:root:Epoch: 4, Iteration: 31, Loss: 0.22026701271533966
INFO:root:Epoch: 4, Iteration: 32, Loss: 0.20382916927337646
INFO:root:Epoch: 4, Iteration: 33, Loss: 0.22105830907821655
INFO:root:Epoch: 4, Iteration: 34, Loss: 0.20458291471004486
INFO:root:Epoch: 4, Iteration: 35, Loss: 0.129396453499794
INFO:root:Validation set mIOU: 77.65217749018372
INFO:root:Epoch: 5, Iteration: 36, Loss: 0.19605843722820282
INFO:root:Epoch: 5, Iteration: 37, Loss: 0.1740783452987671
INFO:root:Epoch: 5, Iteration: 38, Loss: 0.18047219514846802
INFO:root:Epoch: 5, Iteration: 39, Loss: 0.19397331774234772
INFO:root:Epoch: 5, Iteration: 40, Loss: 0.1732608526945114
INFO:root:Epoch: 5, Iteration: 41, Loss: 0.1906716227531433
INFO:root:Epoch: 5, Iteration: 42, Loss: 0.16100798547267914
INFO:root:Validation set mIOU: 78.75960436170438
INFO:root:Epoch: 6, Iteration: 43, Loss: 0.1657293140888214
INFO:root:Epoch: 6, Iteration: 44, Loss: 0.1624165028333664
INFO:root:Epoch: 6, Iteration: 45, Loss: 0.17043164372444153
INFO:root:Epoch: 6, Iteration: 46, Loss: 0.19287477433681488
INFO:root:Epoch: 6, Iteration: 47, Loss: 0.20673879981040955
INFO:root:Epoch: 6, Iteration: 48, Loss: 0.18296290934085846
INFO:root:Epoch: 6, Iteration: 49, Loss: 0.1307159662246704
INFO:root:Validation set mIOU: 81.95468623405596
INFO:root:Epoch: 7, Iteration: 50, Loss: 0.1366281509399414
INFO:root:Epoch: 7, Iteration: 51, Loss: 0.15039362013339996
INFO:root:Epoch: 7, Iteration: 52, Loss: 0.12535957992076874
INFO:root:Epoch: 7, Iteration: 53, Loss: 0.16623789072036743
INFO:root:Epoch: 7, Iteration: 54, Loss: 0.18458959460258484
INFO:root:Epoch: 7, Iteration: 55, Loss: 0.15018929541110992
INFO:root:Epoch: 7, Iteration: 56, Loss: 0.1088390052318573
INFO:root:Validation set mIOU: 82.11411916728682
INFO:root:Epoch: 8, Iteration: 57, Loss: 0.1727062165737152
INFO:root:Epoch: 8, Iteration: 58, Loss: 0.17014138400554657
INFO:root:Epoch: 8, Iteration: 59, Loss: 0.12962360680103302
INFO:root:Epoch: 8, Iteration: 60, Loss: 0.1478087455034256
INFO:root:Epoch: 8, Iteration: 61, Loss: 0.12775395810604095
INFO:root:Epoch: 8, Iteration: 62, Loss: 0.1588534563779831
INFO:root:Epoch: 8, Iteration: 63, Loss: 0.223660409450531
INFO:root:Validation set mIOU: 83.20189743882062
INFO:root:Epoch: 9, Iteration: 64, Loss: 0.15818747878074646
INFO:root:Epoch: 9, Iteration: 65, Loss: 0.15755438804626465
INFO:root:Epoch: 9, Iteration: 66, Loss: 0.17327792942523956
INFO:root:Epoch: 9, Iteration: 67, Loss: 0.10757849365472794
INFO:root:Epoch: 9, Iteration: 68, Loss: 0.1268046647310257
INFO:root:Epoch: 9, Iteration: 69, Loss: 0.14587628841400146
INFO:root:Epoch: 9, Iteration: 70, Loss: 0.18660034239292145
INFO:root:Validation set mIOU: 83.11181353228883
INFO:root:Epoch: 10, Iteration: 71, Loss: 0.16977140307426453
INFO:root:Epoch: 10, Iteration: 72, Loss: 0.15917633473873138
INFO:root:Epoch: 10, Iteration: 73, Loss: 0.16125616431236267
INFO:root:Epoch: 10, Iteration: 74, Loss: 0.14143919944763184
INFO:root:Epoch: 10, Iteration: 75, Loss: 0.16186492145061493
INFO:root:Epoch: 10, Iteration: 76, Loss: 0.1874823123216629
INFO:root:Epoch: 10, Iteration: 77, Loss: 0.14960630238056183
INFO:root:Validation set mIOU: 83.5430520525155
INFO:root:Epoch: 11, Iteration: 78, Loss: 0.1506049931049347
INFO:root:Epoch: 11, Iteration: 79, Loss: 0.11822535842657089
INFO:root:Epoch: 11, Iteration: 80, Loss: 0.1259952336549759
INFO:root:Epoch: 11, Iteration: 81, Loss: 0.12659145891666412
INFO:root:Epoch: 11, Iteration: 82, Loss: 0.13696306943893433
INFO:root:Epoch: 11, Iteration: 83, Loss: 0.13753332197666168
INFO:root:Epoch: 11, Iteration: 84, Loss: 0.09076148271560669
INFO:root:Validation set mIOU: 84.15732595057291
INFO:root:Epoch: 12, Iteration: 85, Loss: 0.11038230359554291
INFO:root:Epoch: 12, Iteration: 86, Loss: 0.10789336264133453
INFO:root:Epoch: 12, Iteration: 87, Loss: 0.10461563616991043
INFO:root:Epoch: 12, Iteration: 88, Loss: 0.1022249162197113
INFO:root:Epoch: 12, Iteration: 89, Loss: 0.10489241778850555
INFO:root:Epoch: 12, Iteration: 90, Loss: 0.1298481673002243
INFO:root:Epoch: 12, Iteration: 91, Loss: 0.13702493906021118
INFO:root:Validation set mIOU: 84.90753238965043
INFO:root:Epoch: 13, Iteration: 92, Loss: 0.10241726785898209
INFO:root:Epoch: 13, Iteration: 93, Loss: 0.15728887915611267
INFO:root:Epoch: 13, Iteration: 94, Loss: 0.1446230113506317
INFO:root:Epoch: 13, Iteration: 95, Loss: 0.09341137111186981
INFO:root:Epoch: 13, Iteration: 96, Loss: 0.10938619077205658
INFO:root:Epoch: 13, Iteration: 97, Loss: 0.19358539581298828
INFO:root:Epoch: 13, Iteration: 98, Loss: 0.0886659100651741
INFO:root:Validation set mIOU: 84.71309285885641
INFO:root:Epoch: 14, Iteration: 99, Loss: 0.14314262568950653
INFO:root:Epoch: 14, Iteration: 100, Loss: 0.13687503337860107
INFO:root:Epoch: 14, Iteration: 101, Loss: 0.11156537383794785
INFO:root:Epoch: 14, Iteration: 102, Loss: 0.0928669348359108
INFO:root:Epoch: 14, Iteration: 103, Loss: 0.11222383379936218
INFO:root:Epoch: 14, Iteration: 104, Loss: 0.10039880126714706
INFO:root:Epoch: 14, Iteration: 105, Loss: 0.15211190283298492
INFO:root:Validation set mIOU: 84.49789977388656
INFO:root:Epoch: 15, Iteration: 106, Loss: 0.17428937554359436
INFO:root:Epoch: 15, Iteration: 107, Loss: 0.13738669455051422
INFO:root:Epoch: 15, Iteration: 108, Loss: 0.11058966815471649
INFO:root:Epoch: 15, Iteration: 109, Loss: 0.1094960942864418
INFO:root:Epoch: 15, Iteration: 110, Loss: 0.10044881701469421
INFO:root:Epoch: 15, Iteration: 111, Loss: 0.1371925324201584
INFO:root:Epoch: 15, Iteration: 112, Loss: 0.10345545411109924
INFO:root:Validation set mIOU: 83.23069104326783
INFO:root:Epoch: 16, Iteration: 113, Loss: 0.15661154687404633
INFO:root:Epoch: 16, Iteration: 114, Loss: 0.12661245465278625
INFO:root:Epoch: 16, Iteration: 115, Loss: 0.13016372919082642
INFO:root:Epoch: 16, Iteration: 116, Loss: 0.12831056118011475
INFO:root:Epoch: 16, Iteration: 117, Loss: 0.12340348958969116
INFO:root:Epoch: 16, Iteration: 118, Loss: 0.11034377664327621
INFO:root:Epoch: 16, Iteration: 119, Loss: 0.1275113821029663
INFO:root:Validation set mIOU: 83.27234213516087
INFO:root:Epoch: 17, Iteration: 120, Loss: 0.126739501953125
INFO:root:Epoch: 17, Iteration: 121, Loss: 0.18091711401939392
INFO:root:Epoch: 17, Iteration: 122, Loss: 0.1115715429186821
INFO:root:Epoch: 17, Iteration: 123, Loss: 0.1353386640548706
INFO:root:Epoch: 17, Iteration: 124, Loss: 0.15243463218212128
INFO:root:Epoch: 17, Iteration: 125, Loss: 0.10760673135519028
INFO:root:Epoch: 17, Iteration: 126, Loss: 0.1731879562139511
INFO:root:Validation set mIOU: 84.31344422439119
INFO:root:Epoch: 18, Iteration: 127, Loss: 0.11430316418409348
INFO:root:Epoch: 18, Iteration: 128, Loss: 0.11656102538108826
INFO:root:Epoch: 18, Iteration: 129, Loss: 0.11098507791757584
INFO:root:Epoch: 18, Iteration: 130, Loss: 0.11142998933792114
INFO:root:Epoch: 18, Iteration: 131, Loss: 0.09555381536483765
INFO:root:Epoch: 18, Iteration: 132, Loss: 0.11424259841442108
INFO:root:Epoch: 18, Iteration: 133, Loss: 0.10949838161468506
INFO:root:Validation set mIOU: 84.58299019972496
INFO:root:Epoch: 19, Iteration: 134, Loss: 0.10733738541603088
INFO:root:Epoch: 19, Iteration: 135, Loss: 0.16556762158870697
INFO:root:Epoch: 19, Iteration: 136, Loss: 0.12298204749822617
INFO:root:Epoch: 19, Iteration: 137, Loss: 0.0981389582157135
INFO:root:Epoch: 19, Iteration: 138, Loss: 0.19559283554553986
INFO:root:Epoch: 19, Iteration: 139, Loss: 0.14252391457557678
INFO:root:Epoch: 19, Iteration: 140, Loss: 0.10569276660680771
INFO:root:Validation set mIOU: 84.55195571841637
INFO:root:Epoch: 20, Iteration: 141, Loss: 0.12645487487316132
INFO:root:Epoch: 20, Iteration: 142, Loss: 0.11680055409669876
INFO:root:Epoch: 20, Iteration: 143, Loss: 0.09199488908052444
INFO:root:Epoch: 20, Iteration: 144, Loss: 0.12788920104503632
INFO:root:Epoch: 20, Iteration: 145, Loss: 0.1387408822774887
INFO:root:Epoch: 20, Iteration: 146, Loss: 0.0998072624206543
INFO:root:Epoch: 20, Iteration: 147, Loss: 0.09131961315870285
INFO:root:Validation set mIOU: 84.31410922615322
INFO:root:Epoch: 21, Iteration: 148, Loss: 0.13619115948677063
INFO:root:Epoch: 21, Iteration: 149, Loss: 0.0801517516374588
INFO:root:Epoch: 21, Iteration: 150, Loss: 0.175743967294693
INFO:root:Epoch: 21, Iteration: 151, Loss: 0.15572156012058258
INFO:root:Epoch: 21, Iteration: 152, Loss: 0.12467467039823532
INFO:root:Epoch: 21, Iteration: 153, Loss: 0.11681332439184189
INFO:root:Epoch: 21, Iteration: 154, Loss: 0.11629879474639893
INFO:root:Validation set mIOU: 84.17754794213396
INFO:root:Epoch: 22, Iteration: 155, Loss: 0.11620600521564484
INFO:root:Epoch: 22, Iteration: 156, Loss: 0.11076273769140244
INFO:root:Epoch: 22, Iteration: 157, Loss: 0.11094464361667633
INFO:root:Epoch: 22, Iteration: 158, Loss: 0.11243608593940735
INFO:root:Epoch: 22, Iteration: 159, Loss: 0.115493044257164
INFO:root:Epoch: 22, Iteration: 160, Loss: 0.11540457606315613
INFO:root:Epoch: 22, Iteration: 161, Loss: 0.09096957743167877
INFO:root:Validation set mIOU: 85.19214539000188
INFO:root:Epoch: 23, Iteration: 162, Loss: 0.09643345326185226
INFO:root:Epoch: 23, Iteration: 163, Loss: 0.09505921602249146
INFO:root:Epoch: 23, Iteration: 164, Loss: 0.1176082119345665
INFO:root:Epoch: 23, Iteration: 165, Loss: 0.10140275210142136
INFO:root:Epoch: 23, Iteration: 166, Loss: 0.1010497510433197
INFO:root:Epoch: 23, Iteration: 167, Loss: 0.10805881768465042
INFO:root:Epoch: 23, Iteration: 168, Loss: 0.1291740983724594
INFO:root:Validation set mIOU: 85.07380040801978
INFO:root:Epoch: 24, Iteration: 169, Loss: 0.10843651741743088
INFO:root:Epoch: 24, Iteration: 170, Loss: 0.1403946727514267
INFO:root:Epoch: 24, Iteration: 171, Loss: 0.1308591663837433
INFO:root:Epoch: 24, Iteration: 172, Loss: 0.09257306903600693
INFO:root:Epoch: 24, Iteration: 173, Loss: 0.08314260840415955
INFO:root:Epoch: 24, Iteration: 174, Loss: 0.08843789249658585
INFO:root:Epoch: 24, Iteration: 175, Loss: 0.09260985255241394
INFO:root:Validation set mIOU: 84.65763574595404
INFO:root:Epoch: 25, Iteration: 176, Loss: 0.10354894399642944
INFO:root:Epoch: 25, Iteration: 177, Loss: 0.0840565413236618
INFO:root:Epoch: 25, Iteration: 178, Loss: 0.16112551093101501
INFO:root:Epoch: 25, Iteration: 179, Loss: 0.09814121574163437
INFO:root:Epoch: 25, Iteration: 180, Loss: 0.08378718048334122
INFO:root:Epoch: 25, Iteration: 181, Loss: 0.11660632491111755
INFO:root:Epoch: 25, Iteration: 182, Loss: 0.09506018459796906
INFO:root:Validation set mIOU: 85.05988835749099
INFO:root:Epoch: 26, Iteration: 183, Loss: 0.0957091823220253
INFO:root:Epoch: 26, Iteration: 184, Loss: 0.09016314148902893
INFO:root:Epoch: 26, Iteration: 185, Loss: 0.10371655225753784
INFO:root:Epoch: 26, Iteration: 186, Loss: 0.09862076491117477
INFO:root:Epoch: 26, Iteration: 187, Loss: 0.0964737981557846
INFO:root:Epoch: 26, Iteration: 188, Loss: 0.10262490063905716
INFO:root:Epoch: 26, Iteration: 189, Loss: 0.08365554362535477
INFO:root:Validation set mIOU: 84.6197039686406
INFO:root:Epoch: 27, Iteration: 190, Loss: 0.0833107978105545
INFO:root:Epoch: 27, Iteration: 191, Loss: 0.09756755083799362
INFO:root:Epoch: 27, Iteration: 192, Loss: 0.1126812994480133
INFO:root:Epoch: 27, Iteration: 193, Loss: 0.07175716757774353
INFO:root:Epoch: 27, Iteration: 194, Loss: 0.1251956671476364
INFO:root:Epoch: 27, Iteration: 195, Loss: 0.11312386393547058
INFO:root:Epoch: 27, Iteration: 196, Loss: 0.0901447981595993
INFO:root:Validation set mIOU: 85.17084610742907
INFO:root:Epoch: 28, Iteration: 197, Loss: 0.09466088563203812
INFO:root:Epoch: 28, Iteration: 198, Loss: 0.09738580137491226
INFO:root:Epoch: 28, Iteration: 199, Loss: 0.10266042500734329
INFO:root:Epoch: 28, Iteration: 200, Loss: 0.07191137969493866
INFO:root:Epoch: 28, Iteration: 201, Loss: 0.18090860545635223
INFO:root:Epoch: 28, Iteration: 202, Loss: 0.09652151167392731
INFO:root:Epoch: 28, Iteration: 203, Loss: 0.20653937757015228
INFO:root:Validation set mIOU: 85.13444073570314
INFO:root:Epoch: 29, Iteration: 204, Loss: 0.08316433429718018
INFO:root:Epoch: 29, Iteration: 205, Loss: 0.11956232041120529
INFO:root:Epoch: 29, Iteration: 206, Loss: 0.09799212962388992
INFO:root:Epoch: 29, Iteration: 207, Loss: 0.1011982411146164
INFO:root:Epoch: 29, Iteration: 208, Loss: 0.11717992275953293
INFO:root:Epoch: 29, Iteration: 209, Loss: 0.14204612374305725
INFO:root:Epoch: 29, Iteration: 210, Loss: 0.09799306839704514
INFO:root:Validation set mIOU: 85.60625917244037
INFO:root:Epoch: 30, Iteration: 211, Loss: 0.09157166630029678
INFO:root:Epoch: 30, Iteration: 212, Loss: 0.10240353643894196
INFO:root:Epoch: 30, Iteration: 213, Loss: 0.0984732136130333
INFO:root:Epoch: 30, Iteration: 214, Loss: 0.13944201171398163
INFO:root:Epoch: 30, Iteration: 215, Loss: 0.12590660154819489
INFO:root:Epoch: 30, Iteration: 216, Loss: 0.09646356850862503
INFO:root:Epoch: 30, Iteration: 217, Loss: 0.10858271270990372
INFO:root:Validation set mIOU: 85.10380455666686
INFO:root:Epoch: 31, Iteration: 218, Loss: 0.09532897174358368
INFO:root:Epoch: 31, Iteration: 219, Loss: 0.0655224397778511
INFO:root:Epoch: 31, Iteration: 220, Loss: 0.09827271848917007
INFO:root:Epoch: 31, Iteration: 221, Loss: 0.10814046859741211
INFO:root:Epoch: 31, Iteration: 222, Loss: 0.09040791541337967
INFO:root:Epoch: 31, Iteration: 223, Loss: 0.2023676186800003
INFO:root:Epoch: 31, Iteration: 224, Loss: 0.10740943998098373
INFO:root:Validation set mIOU: 84.90499776696969
INFO:root:Epoch: 32, Iteration: 225, Loss: 0.10806368291378021
INFO:root:Epoch: 32, Iteration: 226, Loss: 0.08754683285951614
INFO:root:Epoch: 32, Iteration: 227, Loss: 0.08658010512590408
INFO:root:Epoch: 32, Iteration: 228, Loss: 0.0670662447810173
INFO:root:Epoch: 32, Iteration: 229, Loss: 0.10464215278625488
INFO:root:Epoch: 32, Iteration: 230, Loss: 0.09334135055541992
INFO:root:Epoch: 32, Iteration: 231, Loss: 0.08085830509662628
INFO:root:Validation set mIOU: 85.26586996394943
INFO:root:Epoch: 33, Iteration: 232, Loss: 0.0872042253613472
INFO:root:Epoch: 33, Iteration: 233, Loss: 0.09109031409025192
INFO:root:Epoch: 33, Iteration: 234, Loss: 0.10291817784309387
INFO:root:Epoch: 33, Iteration: 235, Loss: 0.09253909438848495
INFO:root:Epoch: 33, Iteration: 236, Loss: 0.10228680074214935
INFO:root:Epoch: 33, Iteration: 237, Loss: 0.10119897872209549
INFO:root:Epoch: 33, Iteration: 238, Loss: 0.10742411017417908
INFO:root:Validation set mIOU: 85.53518724887877
INFO:root:Epoch: 34, Iteration: 239, Loss: 0.08869580179452896
INFO:root:Epoch: 34, Iteration: 240, Loss: 0.08486294746398926
INFO:root:Epoch: 34, Iteration: 241, Loss: 0.08394066244363785
INFO:root:Epoch: 34, Iteration: 242, Loss: 0.1056903749704361
INFO:root:Epoch: 34, Iteration: 243, Loss: 0.08199424296617508
INFO:root:Epoch: 34, Iteration: 244, Loss: 0.0952463448047638
INFO:root:Epoch: 34, Iteration: 245, Loss: 0.11196327209472656
INFO:root:Validation set mIOU: 85.19149868993544
INFO:root:Epoch: 35, Iteration: 246, Loss: 0.11842430382966995
INFO:root:Epoch: 35, Iteration: 247, Loss: 0.09859488159418106
INFO:root:Epoch: 35, Iteration: 248, Loss: 0.09813668578863144
INFO:root:Epoch: 35, Iteration: 249, Loss: 0.10190730541944504
INFO:root:Epoch: 35, Iteration: 250, Loss: 0.09718766808509827
INFO:root:Epoch: 35, Iteration: 251, Loss: 0.10157797485589981
INFO:root:Epoch: 35, Iteration: 252, Loss: 0.14142431318759918
INFO:root:Validation set mIOU: 85.06013176663915
INFO:root:Epoch: 36, Iteration: 253, Loss: 0.08486892282962799
INFO:root:Epoch: 36, Iteration: 254, Loss: 0.08987735211849213
INFO:root:Epoch: 36, Iteration: 255, Loss: 0.06757399439811707
INFO:root:Epoch: 36, Iteration: 256, Loss: 0.09059662371873856
INFO:root:Epoch: 36, Iteration: 257, Loss: 0.127660870552063
INFO:root:Epoch: 36, Iteration: 258, Loss: 0.09408926963806152
INFO:root:Epoch: 36, Iteration: 259, Loss: 0.07728210836648941
INFO:root:Validation set mIOU: 85.69015711877086
INFO:root:Epoch: 37, Iteration: 260, Loss: 0.06959643214941025
INFO:root:Epoch: 37, Iteration: 261, Loss: 0.08906786143779755
INFO:root:Epoch: 37, Iteration: 262, Loss: 0.10039892047643661
INFO:root:Epoch: 37, Iteration: 263, Loss: 0.08582310378551483
INFO:root:Epoch: 37, Iteration: 264, Loss: 0.07313412427902222
INFO:root:Epoch: 37, Iteration: 265, Loss: 0.09610173106193542
INFO:root:Epoch: 37, Iteration: 266, Loss: 0.08694596588611603
INFO:root:Validation set mIOU: 85.8318539742411
INFO:root:Epoch: 38, Iteration: 267, Loss: 0.09435306489467621
INFO:root:Epoch: 38, Iteration: 268, Loss: 0.06717921048402786
INFO:root:Epoch: 38, Iteration: 269, Loss: 0.09467996656894684
INFO:root:Epoch: 38, Iteration: 270, Loss: 0.12099608033895493
INFO:root:Epoch: 38, Iteration: 271, Loss: 0.09121295064687729
INFO:root:Epoch: 38, Iteration: 272, Loss: 0.11342508345842361
INFO:root:Epoch: 38, Iteration: 273, Loss: 0.09042912721633911
INFO:root:Validation set mIOU: 85.40007243172919
INFO:root:Epoch: 39, Iteration: 274, Loss: 0.1265646070241928
INFO:root:Epoch: 39, Iteration: 275, Loss: 0.08748513460159302
INFO:root:Epoch: 39, Iteration: 276, Loss: 0.11956676095724106
INFO:root:Epoch: 39, Iteration: 277, Loss: 0.119361013174057
INFO:root:Epoch: 39, Iteration: 278, Loss: 0.07490914314985275
INFO:root:Epoch: 39, Iteration: 279, Loss: 0.09704193472862244
INFO:root:Epoch: 39, Iteration: 280, Loss: 0.08306758105754852
INFO:root:Validation set mIOU: 83.98838439252975
INFO:root:Epoch: 40, Iteration: 281, Loss: 0.10507330298423767
INFO:root:Epoch: 40, Iteration: 282, Loss: 0.1369689553976059
INFO:root:Epoch: 40, Iteration: 283, Loss: 0.08324255049228668
INFO:root:Epoch: 40, Iteration: 284, Loss: 0.10328712314367294
INFO:root:Epoch: 40, Iteration: 285, Loss: 0.09018635004758835
INFO:root:Epoch: 40, Iteration: 286, Loss: 0.09476763010025024
INFO:root:Epoch: 40, Iteration: 287, Loss: 0.10414620488882065
INFO:root:Validation set mIOU: 85.4097233202747
INFO:root:Epoch: 41, Iteration: 288, Loss: 0.08936647325754166
INFO:root:Epoch: 41, Iteration: 289, Loss: 0.07828830927610397
INFO:root:Epoch: 41, Iteration: 290, Loss: 0.08217185735702515
INFO:root:Epoch: 41, Iteration: 291, Loss: 0.13919726014137268
INFO:root:Epoch: 41, Iteration: 292, Loss: 0.10149011015892029
INFO:root:Epoch: 41, Iteration: 293, Loss: 0.07776312530040741
INFO:root:Epoch: 41, Iteration: 294, Loss: 0.08196625858545303
INFO:root:Validation set mIOU: 85.54743589317853
INFO:root:Epoch: 42, Iteration: 295, Loss: 0.09586063772439957
INFO:root:Epoch: 42, Iteration: 296, Loss: 0.10696952044963837
INFO:root:Epoch: 42, Iteration: 297, Loss: 0.08599230647087097
INFO:root:Epoch: 42, Iteration: 298, Loss: 0.08148933202028275
INFO:root:Epoch: 42, Iteration: 299, Loss: 0.07330761849880219
INFO:root:Epoch: 42, Iteration: 300, Loss: 0.12382872402667999
INFO:root:Epoch: 42, Iteration: 301, Loss: 0.10406170040369034
INFO:root:Validation set mIOU: 85.64996278653226
INFO:root:Epoch: 43, Iteration: 302, Loss: 0.09804996103048325
INFO:root:Epoch: 43, Iteration: 303, Loss: 0.0878872200846672
INFO:root:Epoch: 43, Iteration: 304, Loss: 0.07437057048082352
INFO:root:Epoch: 43, Iteration: 305, Loss: 0.10570022463798523
INFO:root:Epoch: 43, Iteration: 306, Loss: 0.11198242753744125
INFO:root:Epoch: 43, Iteration: 307, Loss: 0.100926473736763
INFO:root:Epoch: 43, Iteration: 308, Loss: 0.08194424211978912
INFO:root:Validation set mIOU: 86.21767882252692
INFO:root:Epoch: 44, Iteration: 309, Loss: 0.10213907808065414
INFO:root:Epoch: 44, Iteration: 310, Loss: 0.13380871713161469
INFO:root:Epoch: 44, Iteration: 311, Loss: 0.07278497517108917
INFO:root:Epoch: 44, Iteration: 312, Loss: 0.08178756386041641
INFO:root:Epoch: 44, Iteration: 313, Loss: 0.08431306481361389
INFO:root:Epoch: 44, Iteration: 314, Loss: 0.1113339364528656
INFO:root:Epoch: 44, Iteration: 315, Loss: 0.07222534716129303
INFO:root:Validation set mIOU: 86.93314973458769
INFO:root:Epoch: 45, Iteration: 316, Loss: 0.10397166758775711
INFO:root:Epoch: 45, Iteration: 317, Loss: 0.11231228709220886
INFO:root:Epoch: 45, Iteration: 318, Loss: 0.07877954095602036
INFO:root:Epoch: 45, Iteration: 319, Loss: 0.11252731829881668
INFO:root:Epoch: 45, Iteration: 320, Loss: 0.07759281992912292
INFO:root:Epoch: 45, Iteration: 321, Loss: 0.10514470189809799
INFO:root:Epoch: 45, Iteration: 322, Loss: 0.07543999701738358
INFO:root:Validation set mIOU: 87.27377875213128
INFO:root:Epoch: 46, Iteration: 323, Loss: 0.1368514597415924
INFO:root:Epoch: 46, Iteration: 324, Loss: 0.07296177744865417
INFO:root:Epoch: 46, Iteration: 325, Loss: 0.09815683960914612
INFO:root:Epoch: 46, Iteration: 326, Loss: 0.06987173110246658
INFO:root:Epoch: 46, Iteration: 327, Loss: 0.08617846667766571
INFO:root:Epoch: 46, Iteration: 328, Loss: 0.08737453073263168
INFO:root:Epoch: 46, Iteration: 329, Loss: 0.07714606076478958
INFO:root:Validation set mIOU: 86.49176791368454
INFO:root:Epoch: 47, Iteration: 330, Loss: 0.07194209098815918
INFO:root:Epoch: 47, Iteration: 331, Loss: 0.0930202454328537
INFO:root:Epoch: 47, Iteration: 332, Loss: 0.0869012251496315
INFO:root:Epoch: 47, Iteration: 333, Loss: 0.07791246473789215
INFO:root:Epoch: 47, Iteration: 334, Loss: 0.1546681672334671
INFO:root:Epoch: 47, Iteration: 335, Loss: 0.058078017085790634
INFO:root:Epoch: 47, Iteration: 336, Loss: 0.10563719272613525
INFO:root:Validation set mIOU: 86.12580991217177
INFO:root:Epoch: 48, Iteration: 337, Loss: 0.09913104772567749
INFO:root:Epoch: 48, Iteration: 338, Loss: 0.07511607557535172
INFO:root:Epoch: 48, Iteration: 339, Loss: 0.07879125326871872
INFO:root:Epoch: 48, Iteration: 340, Loss: 0.1040615439414978
INFO:root:Epoch: 48, Iteration: 341, Loss: 0.08504462242126465
INFO:root:Epoch: 48, Iteration: 342, Loss: 0.10994282364845276
INFO:root:Epoch: 48, Iteration: 343, Loss: 0.0773857906460762
INFO:root:Validation set mIOU: 85.41189143809956
INFO:root:Epoch: 49, Iteration: 344, Loss: 0.08802557736635208
INFO:root:Epoch: 49, Iteration: 345, Loss: 0.09377846866846085
INFO:root:Epoch: 49, Iteration: 346, Loss: 0.06314721703529358
INFO:root:Epoch: 49, Iteration: 347, Loss: 0.09298856556415558
INFO:root:Epoch: 49, Iteration: 348, Loss: 0.08279407769441605
INFO:root:Epoch: 49, Iteration: 349, Loss: 0.1103823333978653
INFO:root:Epoch: 49, Iteration: 350, Loss: 0.08739195019006729
INFO:root:Validation set mIOU: 85.570712654519
INFO:root:Epoch: 50, Iteration: 351, Loss: 0.06318311393260956
INFO:root:Epoch: 50, Iteration: 352, Loss: 0.1151658147573471
INFO:root:Epoch: 50, Iteration: 353, Loss: 0.09330916404724121
INFO:root:Epoch: 50, Iteration: 354, Loss: 0.056342948228120804
INFO:root:Epoch: 50, Iteration: 355, Loss: 0.09365218877792358
INFO:root:Epoch: 50, Iteration: 356, Loss: 0.07862823456525803
INFO:root:Epoch: 50, Iteration: 357, Loss: 0.09473372250795364
INFO:root:Validation set mIOU: 86.03220041855735
INFO:root:Epoch: 51, Iteration: 358, Loss: 0.09047485142946243
INFO:root:Epoch: 51, Iteration: 359, Loss: 0.06470207870006561
INFO:root:Epoch: 51, Iteration: 360, Loss: 0.06995828449726105
INFO:root:Epoch: 51, Iteration: 361, Loss: 0.08988121151924133
INFO:root:Epoch: 51, Iteration: 362, Loss: 0.1144028753042221
INFO:root:Epoch: 51, Iteration: 363, Loss: 0.07619727402925491
INFO:root:Epoch: 51, Iteration: 364, Loss: 0.07969494163990021
INFO:root:Validation set mIOU: 86.38600160973438
INFO:root:Epoch: 52, Iteration: 365, Loss: 0.07825145125389099
INFO:root:Epoch: 52, Iteration: 366, Loss: 0.08118033409118652
INFO:root:Epoch: 52, Iteration: 367, Loss: 0.10272505134344101
INFO:root:Epoch: 52, Iteration: 368, Loss: 0.07905091345310211
INFO:root:Epoch: 52, Iteration: 369, Loss: 0.07529846578836441
INFO:root:Epoch: 52, Iteration: 370, Loss: 0.08254602551460266
INFO:root:Epoch: 52, Iteration: 371, Loss: 0.06539107114076614
INFO:root:Validation set mIOU: 85.73485738621169
INFO:root:Epoch: 53, Iteration: 372, Loss: 0.07130298018455505
INFO:root:Epoch: 53, Iteration: 373, Loss: 0.08821695297956467
INFO:root:Epoch: 53, Iteration: 374, Loss: 0.09815668314695358
INFO:root:Epoch: 53, Iteration: 375, Loss: 0.08114729076623917
INFO:root:Epoch: 53, Iteration: 376, Loss: 0.1076345220208168
INFO:root:Epoch: 53, Iteration: 377, Loss: 0.11687541007995605
INFO:root:Epoch: 53, Iteration: 378, Loss: 0.08715829998254776
INFO:root:Validation set mIOU: 85.46791005655662
INFO:root:Epoch: 54, Iteration: 379, Loss: 0.07714351266622543
INFO:root:Epoch: 54, Iteration: 380, Loss: 0.07801234722137451
INFO:root:Epoch: 54, Iteration: 381, Loss: 0.09399159997701645
INFO:root:Epoch: 54, Iteration: 382, Loss: 0.08156021684408188
INFO:root:Epoch: 54, Iteration: 383, Loss: 0.12851180136203766
INFO:root:Epoch: 54, Iteration: 384, Loss: 0.09977145493030548
INFO:root:Epoch: 54, Iteration: 385, Loss: 0.09521310031414032
INFO:root:Validation set mIOU: 86.27560803455096
INFO:root:Epoch: 55, Iteration: 386, Loss: 0.143697589635849
INFO:root:Epoch: 55, Iteration: 387, Loss: 0.08476117998361588
INFO:root:Epoch: 55, Iteration: 388, Loss: 0.08311253041028976
INFO:root:Epoch: 55, Iteration: 389, Loss: 0.119011789560318
INFO:root:Epoch: 55, Iteration: 390, Loss: 0.07190709561109543
INFO:root:Epoch: 55, Iteration: 391, Loss: 0.06444085389375687
INFO:root:Epoch: 55, Iteration: 392, Loss: 0.06934743374586105
INFO:root:Validation set mIOU: 85.90473996289326
INFO:root:Epoch: 56, Iteration: 393, Loss: 0.07991594821214676
INFO:root:Epoch: 56, Iteration: 394, Loss: 0.09629669040441513
INFO:root:Epoch: 56, Iteration: 395, Loss: 0.10069822520017624
INFO:root:Epoch: 56, Iteration: 396, Loss: 0.16050755977630615
INFO:root:Epoch: 56, Iteration: 397, Loss: 0.07850369811058044
INFO:root:Epoch: 56, Iteration: 398, Loss: 0.06085996702313423
INFO:root:Epoch: 56, Iteration: 399, Loss: 0.07813692837953568
INFO:root:Validation set mIOU: 86.29285723028352
INFO:root:Epoch: 57, Iteration: 400, Loss: 0.06471418589353561
INFO:root:Epoch: 57, Iteration: 401, Loss: 0.0904967188835144
INFO:root:Epoch: 57, Iteration: 402, Loss: 0.07138782739639282
INFO:root:Epoch: 57, Iteration: 403, Loss: 0.07395611703395844
INFO:root:Epoch: 57, Iteration: 404, Loss: 0.11248737573623657
INFO:root:Epoch: 57, Iteration: 405, Loss: 0.11476577818393707
INFO:root:Epoch: 57, Iteration: 406, Loss: 0.12918469309806824
INFO:root:Validation set mIOU: 86.05607877823176
INFO:root:Epoch: 58, Iteration: 407, Loss: 0.08323299884796143
INFO:root:Epoch: 58, Iteration: 408, Loss: 0.08839502185583115
INFO:root:Epoch: 58, Iteration: 409, Loss: 0.10652398318052292
INFO:root:Epoch: 58, Iteration: 410, Loss: 0.08326632529497147
INFO:root:Epoch: 58, Iteration: 411, Loss: 0.059666167944669724
INFO:root:Epoch: 58, Iteration: 412, Loss: 0.08823242783546448
INFO:root:Epoch: 58, Iteration: 413, Loss: 0.0802982896566391
INFO:root:Validation set mIOU: 85.95180864347576
INFO:root:Epoch: 59, Iteration: 414, Loss: 0.11080984026193619
INFO:root:Epoch: 59, Iteration: 415, Loss: 0.09946395456790924
INFO:root:Epoch: 59, Iteration: 416, Loss: 0.06865283101797104
INFO:root:Epoch: 59, Iteration: 417, Loss: 0.1611761450767517
INFO:root:Epoch: 59, Iteration: 418, Loss: 0.06580037623643875
INFO:root:Epoch: 59, Iteration: 419, Loss: 0.05962638184428215
INFO:root:Epoch: 59, Iteration: 420, Loss: 0.07726848870515823
INFO:root:Validation set mIOU: 86.34836899595926
INFO:root:Epoch: 60, Iteration: 421, Loss: 0.09475207328796387
INFO:root:Epoch: 60, Iteration: 422, Loss: 0.11725503206253052
INFO:root:Epoch: 60, Iteration: 423, Loss: 0.06057073920965195
INFO:root:Epoch: 60, Iteration: 424, Loss: 0.07992744445800781
INFO:root:Epoch: 60, Iteration: 425, Loss: 0.06184539943933487
INFO:root:Epoch: 60, Iteration: 426, Loss: 0.10425999760627747
INFO:root:Epoch: 60, Iteration: 427, Loss: 0.07481030374765396
INFO:root:Validation set mIOU: 86.30900059530441
INFO:root:Epoch: 61, Iteration: 428, Loss: 0.08144410699605942
INFO:root:Epoch: 61, Iteration: 429, Loss: 0.05886710435152054
INFO:root:Epoch: 61, Iteration: 430, Loss: 0.07552792876958847
INFO:root:Epoch: 61, Iteration: 431, Loss: 0.06389891356229782
INFO:root:Epoch: 61, Iteration: 432, Loss: 0.10382293909788132
INFO:root:Epoch: 61, Iteration: 433, Loss: 0.09349829703569412
INFO:root:Epoch: 61, Iteration: 434, Loss: 0.07452263683080673
INFO:root:Validation set mIOU: 85.779571377247
INFO:root:Epoch: 62, Iteration: 435, Loss: 0.0945901870727539
INFO:root:Epoch: 62, Iteration: 436, Loss: 0.09345917403697968
INFO:root:Epoch: 62, Iteration: 437, Loss: 0.09087809920310974
INFO:root:Epoch: 62, Iteration: 438, Loss: 0.0745769515633583
INFO:root:Epoch: 62, Iteration: 439, Loss: 0.06879343837499619
INFO:root:Epoch: 62, Iteration: 440, Loss: 0.09077458828687668
INFO:root:Epoch: 62, Iteration: 441, Loss: 0.10527440905570984
INFO:root:Validation set mIOU: 85.68203178144711
INFO:root:Epoch: 63, Iteration: 442, Loss: 0.07433819770812988
INFO:root:Epoch: 63, Iteration: 443, Loss: 0.053045082837343216
INFO:root:Epoch: 63, Iteration: 444, Loss: 0.07006337493658066
INFO:root:Epoch: 63, Iteration: 445, Loss: 0.07123926281929016
INFO:root:Epoch: 63, Iteration: 446, Loss: 0.10915952920913696
INFO:root:Epoch: 63, Iteration: 447, Loss: 0.10890710353851318
INFO:root:Epoch: 63, Iteration: 448, Loss: 0.07762010395526886
INFO:root:Validation set mIOU: 86.28999819991337
INFO:root:Epoch: 64, Iteration: 449, Loss: 0.06653529405593872
INFO:root:Epoch: 64, Iteration: 450, Loss: 0.07697446644306183
INFO:root:Epoch: 64, Iteration: 451, Loss: 0.0916922390460968
INFO:root:Epoch: 64, Iteration: 452, Loss: 0.07105949521064758
INFO:root:Epoch: 64, Iteration: 453, Loss: 0.09222592413425446
INFO:root:Epoch: 64, Iteration: 454, Loss: 0.06712701171636581
INFO:root:Epoch: 64, Iteration: 455, Loss: 0.08486036956310272
INFO:root:Validation set mIOU: 86.24853962043265
INFO:root:Epoch: 65, Iteration: 456, Loss: 0.07626497745513916
INFO:root:Epoch: 65, Iteration: 457, Loss: 0.06922489404678345
INFO:root:Epoch: 65, Iteration: 458, Loss: 0.0659402459859848
INFO:root:Epoch: 65, Iteration: 459, Loss: 0.09027951210737228
INFO:root:Epoch: 65, Iteration: 460, Loss: 0.058885086327791214
INFO:root:Epoch: 65, Iteration: 461, Loss: 0.0780615508556366
INFO:root:Epoch: 65, Iteration: 462, Loss: 0.10909663885831833
INFO:root:Validation set mIOU: 86.4645601899117
INFO:root:Epoch: 66, Iteration: 463, Loss: 0.08925546705722809
INFO:root:Epoch: 66, Iteration: 464, Loss: 0.0781804770231247
INFO:root:Epoch: 66, Iteration: 465, Loss: 0.0917397290468216
INFO:root:Epoch: 66, Iteration: 466, Loss: 0.06805495917797089
INFO:root:Epoch: 66, Iteration: 467, Loss: 0.0665493905544281
INFO:root:Epoch: 66, Iteration: 468, Loss: 0.13179266452789307
INFO:root:Epoch: 66, Iteration: 469, Loss: 0.07050580531358719
INFO:root:Validation set mIOU: 85.97163701797416
INFO:root:Epoch: 67, Iteration: 470, Loss: 0.09469400346279144
INFO:root:Epoch: 67, Iteration: 471, Loss: 0.06692150980234146
INFO:root:Epoch: 67, Iteration: 472, Loss: 0.0940428078174591
INFO:root:Epoch: 67, Iteration: 473, Loss: 0.06494438648223877
INFO:root:Epoch: 67, Iteration: 474, Loss: 0.10267829149961472
INFO:root:Epoch: 67, Iteration: 475, Loss: 0.07957509160041809
INFO:root:Epoch: 67, Iteration: 476, Loss: 0.06790289282798767
INFO:root:Validation set mIOU: 86.42734980476418
INFO:root:Epoch: 68, Iteration: 477, Loss: 0.08493318408727646
INFO:root:Epoch: 68, Iteration: 478, Loss: 0.09055372327566147
INFO:root:Epoch: 68, Iteration: 479, Loss: 0.08363661170005798
INFO:root:Epoch: 68, Iteration: 480, Loss: 0.07709356397390366
INFO:root:Epoch: 68, Iteration: 481, Loss: 0.09324011206626892
INFO:root:Epoch: 68, Iteration: 482, Loss: 0.09789135307073593
INFO:root:Epoch: 68, Iteration: 483, Loss: 0.06377628445625305
INFO:root:Validation set mIOU: 86.55066802313259
INFO:root:Epoch: 69, Iteration: 484, Loss: 0.06202587112784386
INFO:root:Epoch: 69, Iteration: 485, Loss: 0.07824182510375977
INFO:root:Epoch: 69, Iteration: 486, Loss: 0.08280272781848907
INFO:root:Epoch: 69, Iteration: 487, Loss: 0.0533929280936718
INFO:root:Epoch: 69, Iteration: 488, Loss: 0.09137815982103348
INFO:root:Epoch: 69, Iteration: 489, Loss: 0.08557520061731339
INFO:root:Epoch: 69, Iteration: 490, Loss: 0.08488611876964569
INFO:root:Validation set mIOU: 86.69789538695878
INFO:root:Epoch: 70, Iteration: 491, Loss: 0.06265012174844742
INFO:root:Epoch: 70, Iteration: 492, Loss: 0.07888229936361313
INFO:root:Epoch: 70, Iteration: 493, Loss: 0.07752163708209991
INFO:root:Epoch: 70, Iteration: 494, Loss: 0.08534682542085648
INFO:root:Epoch: 70, Iteration: 495, Loss: 0.08185472339391708
INFO:root:Epoch: 70, Iteration: 496, Loss: 0.11514435708522797
INFO:root:Epoch: 70, Iteration: 497, Loss: 0.07012387365102768
INFO:root:Validation set mIOU: 86.69393064291792
INFO:root:Epoch: 71, Iteration: 498, Loss: 0.07484347373247147
INFO:root:Epoch: 71, Iteration: 499, Loss: 0.08310717344284058
INFO:root:Epoch: 71, Iteration: 500, Loss: 0.08205340802669525
INFO:root:Epoch: 71, Iteration: 501, Loss: 0.07006336003541946
INFO:root:Epoch: 71, Iteration: 502, Loss: 0.10658673942089081
INFO:root:Epoch: 71, Iteration: 503, Loss: 0.08029494434595108
INFO:root:Epoch: 71, Iteration: 504, Loss: 0.0755942314863205
INFO:root:Validation set mIOU: 86.67908834890774
INFO:root:Epoch: 72, Iteration: 505, Loss: 0.07871565967798233
INFO:root:Epoch: 72, Iteration: 506, Loss: 0.07497745007276535
INFO:root:Epoch: 72, Iteration: 507, Loss: 0.09018053114414215
INFO:root:Epoch: 72, Iteration: 508, Loss: 0.05652512609958649
INFO:root:Epoch: 72, Iteration: 509, Loss: 0.09511417150497437
INFO:root:Epoch: 72, Iteration: 510, Loss: 0.061783552169799805
INFO:root:Epoch: 72, Iteration: 511, Loss: 0.08147211372852325
INFO:root:Validation set mIOU: 86.43263991743969
INFO:root:Epoch: 73, Iteration: 512, Loss: 0.058983057737350464
INFO:root:Epoch: 73, Iteration: 513, Loss: 0.09198591858148575
INFO:root:Epoch: 73, Iteration: 514, Loss: 0.07799869775772095
INFO:root:Epoch: 73, Iteration: 515, Loss: 0.0496366061270237
INFO:root:Epoch: 73, Iteration: 516, Loss: 0.08134834468364716
INFO:root:Epoch: 73, Iteration: 517, Loss: 0.08536402136087418
INFO:root:Epoch: 73, Iteration: 518, Loss: 0.09045393019914627
INFO:root:Validation set mIOU: 86.42929541203056
INFO:root:Epoch: 74, Iteration: 519, Loss: 0.07211263477802277
INFO:root:Epoch: 74, Iteration: 520, Loss: 0.0679720789194107
INFO:root:Epoch: 74, Iteration: 521, Loss: 0.0818164125084877
INFO:root:Epoch: 74, Iteration: 522, Loss: 0.05383747071027756
INFO:root:Epoch: 74, Iteration: 523, Loss: 0.068837009370327
INFO:root:Epoch: 74, Iteration: 524, Loss: 0.08084745705127716
INFO:root:Epoch: 74, Iteration: 525, Loss: 0.06848625093698502
INFO:root:Validation set mIOU: 86.76205579664612
INFO:root:Epoch: 75, Iteration: 526, Loss: 0.08004112541675568
INFO:root:Epoch: 75, Iteration: 527, Loss: 0.07704941928386688
INFO:root:Epoch: 75, Iteration: 528, Loss: 0.0774402767419815
INFO:root:Epoch: 75, Iteration: 529, Loss: 0.05774194002151489
INFO:root:Epoch: 75, Iteration: 530, Loss: 0.061403851956129074
INFO:root:Epoch: 75, Iteration: 531, Loss: 0.11690814048051834
INFO:root:Epoch: 75, Iteration: 532, Loss: 0.07708374410867691
INFO:root:Validation set mIOU: 86.93843016313015
INFO:root:Epoch: 76, Iteration: 533, Loss: 0.07284029573202133
INFO:root:Epoch: 76, Iteration: 534, Loss: 0.09100790321826935
INFO:root:Epoch: 76, Iteration: 535, Loss: 0.08084501326084137
INFO:root:Epoch: 76, Iteration: 536, Loss: 0.10231763869524002
INFO:root:Epoch: 76, Iteration: 537, Loss: 0.068257175385952
INFO:root:Epoch: 76, Iteration: 538, Loss: 0.06203680485486984
INFO:root:Epoch: 76, Iteration: 539, Loss: 0.07822632789611816
INFO:root:Validation set mIOU: 86.88988585978495
INFO:root:Epoch: 77, Iteration: 540, Loss: 0.06726936250925064
INFO:root:Epoch: 77, Iteration: 541, Loss: 0.13278058171272278
INFO:root:Epoch: 77, Iteration: 542, Loss: 0.10834107547998428
INFO:root:Epoch: 77, Iteration: 543, Loss: 0.06561116874217987
INFO:root:Epoch: 77, Iteration: 544, Loss: 0.08884244412183762
INFO:root:Epoch: 77, Iteration: 545, Loss: 0.07371409982442856
INFO:root:Epoch: 77, Iteration: 546, Loss: 0.06043049693107605
INFO:root:Validation set mIOU: 86.82816040531435
INFO:root:Epoch: 78, Iteration: 547, Loss: 0.1038234680891037
INFO:root:Epoch: 78, Iteration: 548, Loss: 0.08966635167598724
INFO:root:Epoch: 78, Iteration: 549, Loss: 0.07500924915075302
INFO:root:Epoch: 78, Iteration: 550, Loss: 0.06882965564727783
INFO:root:Epoch: 78, Iteration: 551, Loss: 0.06185751035809517
INFO:root:Epoch: 78, Iteration: 552, Loss: 0.11995081603527069
INFO:root:Epoch: 78, Iteration: 553, Loss: 0.0617847815155983
INFO:root:Validation set mIOU: 87.12351314729658
INFO:root:Epoch: 79, Iteration: 554, Loss: 0.10341892391443253
INFO:root:Epoch: 79, Iteration: 555, Loss: 0.09309153258800507
INFO:root:Epoch: 79, Iteration: 556, Loss: 0.07697445899248123
INFO:root:Epoch: 79, Iteration: 557, Loss: 0.09886103123426437
INFO:root:Epoch: 79, Iteration: 558, Loss: 0.10967889428138733
INFO:root:Epoch: 79, Iteration: 559, Loss: 0.0744548961520195
INFO:root:Epoch: 79, Iteration: 560, Loss: 0.06923646479845047
INFO:root:Validation set mIOU: 87.3454593389528
INFO:root:Epoch: 80, Iteration: 561, Loss: 0.07659859210252762
INFO:root:Epoch: 80, Iteration: 562, Loss: 0.05477775260806084
INFO:root:Epoch: 80, Iteration: 563, Loss: 0.08474110811948776
INFO:root:Epoch: 80, Iteration: 564, Loss: 0.0821956992149353
INFO:root:Epoch: 80, Iteration: 565, Loss: 0.0819924995303154
INFO:root:Epoch: 80, Iteration: 566, Loss: 0.06906890869140625
INFO:root:Epoch: 80, Iteration: 567, Loss: 0.09285923093557358
INFO:root:Validation set mIOU: 87.0650172424336
INFO:root:Epoch: 81, Iteration: 568, Loss: 0.0699634701013565
INFO:root:Epoch: 81, Iteration: 569, Loss: 0.06672973185777664
INFO:root:Epoch: 81, Iteration: 570, Loss: 0.06634865701198578
INFO:root:Epoch: 81, Iteration: 571, Loss: 0.06053275614976883
INFO:root:Epoch: 81, Iteration: 572, Loss: 0.07013769447803497
INFO:root:Epoch: 81, Iteration: 573, Loss: 0.11779625713825226
INFO:root:Epoch: 81, Iteration: 574, Loss: 0.07744190841913223
INFO:root:Validation set mIOU: 86.56395461220076
INFO:root:Epoch: 82, Iteration: 575, Loss: 0.06206634268164635
INFO:root:Epoch: 82, Iteration: 576, Loss: 0.08297640085220337
INFO:root:Epoch: 82, Iteration: 577, Loss: 0.07053834199905396
INFO:root:Epoch: 82, Iteration: 578, Loss: 0.056975360959768295
INFO:root:Epoch: 82, Iteration: 579, Loss: 0.08481523394584656
INFO:root:Epoch: 82, Iteration: 580, Loss: 0.0732235386967659
INFO:root:Epoch: 82, Iteration: 581, Loss: 0.06983933597803116
INFO:root:Validation set mIOU: 86.43327335633829
INFO:root:Epoch: 83, Iteration: 582, Loss: 0.0840548500418663
INFO:root:Epoch: 83, Iteration: 583, Loss: 0.07187914848327637
INFO:root:Epoch: 83, Iteration: 584, Loss: 0.10422521084547043
INFO:root:Epoch: 83, Iteration: 585, Loss: 0.06152790039777756
INFO:root:Epoch: 83, Iteration: 586, Loss: 0.06555105000734329
INFO:root:Epoch: 83, Iteration: 587, Loss: 0.07899263501167297
INFO:root:Epoch: 83, Iteration: 588, Loss: 0.11860572546720505
INFO:root:Validation set mIOU: 86.26627319037655
INFO:root:Epoch: 84, Iteration: 589, Loss: 0.0643179640173912
INFO:root:Epoch: 84, Iteration: 590, Loss: 0.07002544403076172
INFO:root:Epoch: 84, Iteration: 591, Loss: 0.0937100201845169
INFO:root:Epoch: 84, Iteration: 592, Loss: 0.060305554419755936
INFO:root:Epoch: 84, Iteration: 593, Loss: 0.06315047293901443
INFO:root:Epoch: 84, Iteration: 594, Loss: 0.06716200709342957
INFO:root:Epoch: 84, Iteration: 595, Loss: 0.09015730768442154
INFO:root:Validation set mIOU: 86.42068961315911
INFO:root:Epoch: 85, Iteration: 596, Loss: 0.07118085026741028
INFO:root:Epoch: 85, Iteration: 597, Loss: 0.0982603132724762
INFO:root:Epoch: 85, Iteration: 598, Loss: 0.07568325102329254
INFO:root:Epoch: 85, Iteration: 599, Loss: 0.0607331320643425
INFO:root:Epoch: 85, Iteration: 600, Loss: 0.14410124719142914
INFO:root:Epoch: 85, Iteration: 601, Loss: 0.05541343614459038
INFO:root:Epoch: 85, Iteration: 602, Loss: 0.09288209676742554
INFO:root:Validation set mIOU: 86.50188022200744
INFO:root:Epoch: 86, Iteration: 603, Loss: 0.07985547184944153
INFO:root:Epoch: 86, Iteration: 604, Loss: 0.06689272075891495
INFO:root:Epoch: 86, Iteration: 605, Loss: 0.08562426269054413
INFO:root:Epoch: 86, Iteration: 606, Loss: 0.0673515573143959
INFO:root:Epoch: 86, Iteration: 607, Loss: 0.07868645340204239
INFO:root:Epoch: 86, Iteration: 608, Loss: 0.07927481830120087
INFO:root:Epoch: 86, Iteration: 609, Loss: 0.08646354079246521
INFO:root:Validation set mIOU: 86.85258866250828
INFO:root:Epoch: 87, Iteration: 610, Loss: 0.06902804225683212
INFO:root:Epoch: 87, Iteration: 611, Loss: 0.0799977257847786
INFO:root:Epoch: 87, Iteration: 612, Loss: 0.08696812391281128
INFO:root:Epoch: 87, Iteration: 613, Loss: 0.11400113254785538
INFO:root:Epoch: 87, Iteration: 614, Loss: 0.06300699710845947
INFO:root:Epoch: 87, Iteration: 615, Loss: 0.07417090982198715
INFO:root:Epoch: 87, Iteration: 616, Loss: 0.09586168080568314
INFO:root:Validation set mIOU: 86.61553897295352
INFO:root:Epoch: 88, Iteration: 617, Loss: 0.06906794756650925
INFO:root:Epoch: 88, Iteration: 618, Loss: 0.06928373128175735
INFO:root:Epoch: 88, Iteration: 619, Loss: 0.09886478632688522
INFO:root:Epoch: 88, Iteration: 620, Loss: 0.07284127920866013
INFO:root:Epoch: 88, Iteration: 621, Loss: 0.08946380764245987
INFO:root:Epoch: 88, Iteration: 622, Loss: 0.07266592979431152
INFO:root:Epoch: 88, Iteration: 623, Loss: 0.07763082534074783
INFO:root:Validation set mIOU: 86.5849772852552
INFO:root:Epoch: 89, Iteration: 624, Loss: 0.06726420670747757
INFO:root:Epoch: 89, Iteration: 625, Loss: 0.06189943104982376
INFO:root:Epoch: 89, Iteration: 626, Loss: 0.060691967606544495
INFO:root:Epoch: 89, Iteration: 627, Loss: 0.06400323659181595
INFO:root:Epoch: 89, Iteration: 628, Loss: 0.07463492453098297
INFO:root:Epoch: 89, Iteration: 629, Loss: 0.08659806847572327
INFO:root:Epoch: 89, Iteration: 630, Loss: 0.07734811305999756
INFO:root:Validation set mIOU: 86.49388474917426
INFO:root:Epoch: 90, Iteration: 631, Loss: 0.08006484806537628
INFO:root:Epoch: 90, Iteration: 632, Loss: 0.07275828719139099
INFO:root:Epoch: 90, Iteration: 633, Loss: 0.06746122986078262
INFO:root:Epoch: 90, Iteration: 634, Loss: 0.07649136334657669
INFO:root:Epoch: 90, Iteration: 635, Loss: 0.054500188678503036
INFO:root:Epoch: 90, Iteration: 636, Loss: 0.0755915567278862
INFO:root:Epoch: 90, Iteration: 637, Loss: 0.06384310871362686
INFO:root:Validation set mIOU: 86.28609640578397
INFO:root:Epoch: 91, Iteration: 638, Loss: 0.05725483596324921
INFO:root:Epoch: 91, Iteration: 639, Loss: 0.0792364701628685
INFO:root:Epoch: 91, Iteration: 640, Loss: 0.0646897554397583
INFO:root:Epoch: 91, Iteration: 641, Loss: 0.07617810368537903
INFO:root:Epoch: 91, Iteration: 642, Loss: 0.05687825009226799
INFO:root:Epoch: 91, Iteration: 643, Loss: 0.13380470871925354
INFO:root:Epoch: 91, Iteration: 644, Loss: 0.08939020335674286
INFO:root:Validation set mIOU: 85.94325499220909
INFO:root:Epoch: 92, Iteration: 645, Loss: 0.06644073128700256
INFO:root:Epoch: 92, Iteration: 646, Loss: 0.07069247961044312
INFO:root:Epoch: 92, Iteration: 647, Loss: 0.05882546305656433
INFO:root:Epoch: 92, Iteration: 648, Loss: 0.06315410137176514
INFO:root:Epoch: 92, Iteration: 649, Loss: 0.09486520290374756
INFO:root:Epoch: 92, Iteration: 650, Loss: 0.08860752731561661
INFO:root:Epoch: 92, Iteration: 651, Loss: 0.0679653063416481
INFO:root:Validation set mIOU: 85.93386578533938
INFO:root:Epoch: 93, Iteration: 652, Loss: 0.07054924219846725
INFO:root:Epoch: 93, Iteration: 653, Loss: 0.09757395833730698
INFO:root:Epoch: 93, Iteration: 654, Loss: 0.06795289367437363
INFO:root:Epoch: 93, Iteration: 655, Loss: 0.06487587094306946
INFO:root:Epoch: 93, Iteration: 656, Loss: 0.06386096030473709
INFO:root:Epoch: 93, Iteration: 657, Loss: 0.07528264075517654
INFO:root:Epoch: 93, Iteration: 658, Loss: 0.07083123922348022
INFO:root:Validation set mIOU: 86.05791405041046
INFO:root:Epoch: 94, Iteration: 659, Loss: 0.06879489868879318
INFO:root:Epoch: 94, Iteration: 660, Loss: 0.0907258614897728
INFO:root:Epoch: 94, Iteration: 661, Loss: 0.09352320432662964
INFO:root:Epoch: 94, Iteration: 662, Loss: 0.06775389611721039
INFO:root:Epoch: 94, Iteration: 663, Loss: 0.12661275267601013
INFO:root:Epoch: 94, Iteration: 664, Loss: 0.05588855966925621
INFO:root:Epoch: 94, Iteration: 665, Loss: 0.07887151092290878
INFO:root:Validation set mIOU: 85.67681334838126
INFO:root:Epoch: 95, Iteration: 666, Loss: 0.07149893790483475
INFO:root:Epoch: 95, Iteration: 667, Loss: 0.09589094668626785
INFO:root:Epoch: 95, Iteration: 668, Loss: 0.06043785437941551
INFO:root:Epoch: 95, Iteration: 669, Loss: 0.078351691365242
INFO:root:Epoch: 95, Iteration: 670, Loss: 0.05122173950076103
INFO:root:Epoch: 95, Iteration: 671, Loss: 0.06567752361297607
INFO:root:Epoch: 95, Iteration: 672, Loss: 0.10386282205581665
INFO:root:Validation set mIOU: 86.20069823837667
INFO:root:Epoch: 96, Iteration: 673, Loss: 0.06583550572395325
INFO:root:Epoch: 96, Iteration: 674, Loss: 0.07418697327375412
INFO:root:Epoch: 96, Iteration: 675, Loss: 0.0717359259724617
INFO:root:Epoch: 96, Iteration: 676, Loss: 0.12512129545211792
INFO:root:Epoch: 96, Iteration: 677, Loss: 0.08546700328588486
INFO:root:Epoch: 96, Iteration: 678, Loss: 0.05747657269239426
INFO:root:Epoch: 96, Iteration: 679, Loss: 0.057918958365917206
INFO:root:Validation set mIOU: 86.45110897805122
INFO:root:Epoch: 97, Iteration: 680, Loss: 0.08047367632389069
INFO:root:Epoch: 97, Iteration: 681, Loss: 0.08522019535303116
INFO:root:Epoch: 97, Iteration: 682, Loss: 0.06379976868629456
INFO:root:Epoch: 97, Iteration: 683, Loss: 0.06116529554128647
INFO:root:Epoch: 97, Iteration: 684, Loss: 0.06391587853431702
INFO:root:Epoch: 97, Iteration: 685, Loss: 0.1111409068107605
INFO:root:Epoch: 97, Iteration: 686, Loss: 0.11562639474868774
INFO:root:Validation set mIOU: 86.4915458692532
INFO:root:Epoch: 98, Iteration: 687, Loss: 0.058030735701322556
INFO:root:Epoch: 98, Iteration: 688, Loss: 0.1007414385676384
INFO:root:Epoch: 98, Iteration: 689, Loss: 0.08223972469568253
INFO:root:Epoch: 98, Iteration: 690, Loss: 0.08031819760799408
INFO:root:Epoch: 98, Iteration: 691, Loss: 0.04815960302948952
INFO:root:Epoch: 98, Iteration: 692, Loss: 0.07466121017932892
INFO:root:Epoch: 98, Iteration: 693, Loss: 0.1284158080816269
INFO:root:Validation set mIOU: 86.63600963803256
INFO:root:Epoch: 99, Iteration: 694, Loss: 0.074304960668087
INFO:root:Epoch: 99, Iteration: 695, Loss: 0.07055534422397614
INFO:root:Epoch: 99, Iteration: 696, Loss: 0.06287933140993118
INFO:root:Epoch: 99, Iteration: 697, Loss: 0.07733999937772751
INFO:root:Epoch: 99, Iteration: 698, Loss: 0.10250140726566315
INFO:root:Epoch: 99, Iteration: 699, Loss: 0.06489357352256775
INFO:root:Epoch: 99, Iteration: 700, Loss: 0.07322738319635391
INFO:root:Validation set mIOU: 86.61967261074892
